[2025-04-01T08:48:51.058+0000] {local_task_job_runner.py:123} INFO - ::group::Pre task execution logs
[2025-04-01T08:48:51.338+0000] {taskinstance.py:2613} INFO - Dependencies all met for dep_context=non-requeueable deps ti=<TaskInstance: fist_dag_v5.first_task scheduled__2025-03-31T00:00:00+00:00 [queued]>
[2025-04-01T08:48:51.482+0000] {taskinstance.py:2613} INFO - Dependencies all met for dep_context=requeueable deps ti=<TaskInstance: fist_dag_v5.first_task scheduled__2025-03-31T00:00:00+00:00 [queued]>
[2025-04-01T08:48:51.487+0000] {taskinstance.py:2866} INFO - Starting attempt 1 of 6
[2025-04-01T08:48:51.633+0000] {taskinstance.py:2889} INFO - Executing <Task(BashOperator): first_task> on 2025-03-31 00:00:00+00:00
[2025-04-01T08:48:51.700+0000] {logging_mixin.py:190} WARNING - /home/***/.local/lib/python3.12/site-packages/***/task/task_runner/standard_task_runner.py:70 DeprecationWarning: This process (pid=202) is multi-threaded, use of fork() may lead to deadlocks in the child.
[2025-04-01T08:48:51.705+0000] {standard_task_runner.py:104} INFO - Running: ['***', 'tasks', 'run', 'fist_dag_v5', 'first_task', 'scheduled__2025-03-31T00:00:00+00:00', '--job-id', '755', '--raw', '--subdir', 'DAGS_FOLDER/first_dag.py', '--cfg-path', '/tmp/tmpdbls776w']
[2025-04-01T08:48:51.714+0000] {standard_task_runner.py:105} INFO - Job 755: Subtask first_task
[2025-04-01T08:48:51.713+0000] {standard_task_runner.py:72} INFO - Started process 222 to run task
[2025-04-01T08:48:51.977+0000] {task_command.py:467} INFO - Running <TaskInstance: fist_dag_v5.first_task scheduled__2025-03-31T00:00:00+00:00 [running]> on host ba06481f48a9
[2025-04-01T08:48:52.495+0000] {taskinstance.py:3132} INFO - Exporting env vars: AIRFLOW_CTX_DAG_OWNER='coder2j' AIRFLOW_CTX_DAG_ID='fist_dag_v5' AIRFLOW_CTX_TASK_ID='first_task' AIRFLOW_CTX_EXECUTION_DATE='2025-03-31T00:00:00+00:00' AIRFLOW_CTX_TRY_NUMBER='1' AIRFLOW_CTX_DAG_RUN_ID='scheduled__2025-03-31T00:00:00+00:00'
[2025-04-01T08:48:52.501+0000] {taskinstance.py:731} INFO - ::endgroup::
[2025-04-01T08:48:52.599+0000] {subprocess.py:78} INFO - Tmp dir root location: /tmp
[2025-04-01T08:48:52.605+0000] {subprocess.py:88} INFO - Running command: ['/usr/bin/bash', '-c', 'echo hello world, this is the first task!']
[2025-04-01T08:48:52.705+0000] {subprocess.py:99} INFO - Output:
[2025-04-01T08:48:52.729+0000] {subprocess.py:106} INFO - hello world, this is the first task!
[2025-04-01T08:48:52.744+0000] {subprocess.py:110} INFO - Command exited with return code 0
[2025-04-01T08:48:52.892+0000] {taskinstance.py:340} INFO - ::group::Post task execution logs
[2025-04-01T08:48:52.917+0000] {taskinstance.py:352} INFO - Marking task as SUCCESS. dag_id=fist_dag_v5, task_id=first_task, run_id=scheduled__2025-03-31T00:00:00+00:00, execution_date=20250331T000000, start_date=20250401T084851, end_date=20250401T084852
[2025-04-01T08:48:53.060+0000] {local_task_job_runner.py:266} INFO - Task exited with return code 0
[2025-04-01T08:48:53.191+0000] {taskinstance.py:3895} INFO - 2 downstream tasks scheduled from follow-on schedule check
[2025-04-01T08:48:53.226+0000] {local_task_job_runner.py:245} INFO - ::endgroup::
