[2025-03-29T14:58:57.274+0000] {local_task_job_runner.py:123} INFO - ::group::Pre task execution logs
[2025-03-29T14:58:57.379+0000] {taskinstance.py:2613} INFO - Dependencies all met for dep_context=non-requeueable deps ti=<TaskInstance: fist_dag_v5.second_task scheduled__2025-03-23T00:00:00+00:00 [queued]>
[2025-03-29T14:58:57.421+0000] {taskinstance.py:2613} INFO - Dependencies all met for dep_context=requeueable deps ti=<TaskInstance: fist_dag_v5.second_task scheduled__2025-03-23T00:00:00+00:00 [queued]>
[2025-03-29T14:58:57.435+0000] {taskinstance.py:2866} INFO - Starting attempt 1 of 6
[2025-03-29T14:58:57.677+0000] {taskinstance.py:2889} INFO - Executing <Task(BashOperator): second_task> on 2025-03-23 00:00:00+00:00
[2025-03-29T14:58:57.718+0000] {standard_task_runner.py:104} INFO - Running: ['***', 'tasks', 'run', 'fist_dag_v5', 'second_task', 'scheduled__2025-03-23T00:00:00+00:00', '--job-id', '708', '--raw', '--subdir', 'DAGS_FOLDER/first_dag.py', '--cfg-path', '/tmp/tmpsfiu8y84']
[2025-03-29T14:58:57.729+0000] {standard_task_runner.py:105} INFO - Job 708: Subtask second_task
[2025-03-29T14:58:57.746+0000] {logging_mixin.py:190} WARNING - /home/***/.local/lib/python3.12/site-packages/***/task/task_runner/standard_task_runner.py:70 DeprecationWarning: This process (pid=2284) is multi-threaded, use of fork() may lead to deadlocks in the child.
[2025-03-29T14:58:57.776+0000] {standard_task_runner.py:72} INFO - Started process 2291 to run task
[2025-03-29T14:58:58.086+0000] {task_command.py:467} INFO - Running <TaskInstance: fist_dag_v5.second_task scheduled__2025-03-23T00:00:00+00:00 [running]> on host ba06481f48a9
[2025-03-29T14:58:58.614+0000] {taskinstance.py:3132} INFO - Exporting env vars: AIRFLOW_CTX_DAG_OWNER='coder2j' AIRFLOW_CTX_DAG_ID='fist_dag_v5' AIRFLOW_CTX_TASK_ID='second_task' AIRFLOW_CTX_EXECUTION_DATE='2025-03-23T00:00:00+00:00' AIRFLOW_CTX_TRY_NUMBER='1' AIRFLOW_CTX_DAG_RUN_ID='scheduled__2025-03-23T00:00:00+00:00'
[2025-03-29T14:58:58.622+0000] {taskinstance.py:731} INFO - ::endgroup::
[2025-03-29T14:58:58.850+0000] {subprocess.py:78} INFO - Tmp dir root location: /tmp
[2025-03-29T14:58:58.865+0000] {subprocess.py:88} INFO - Running command: ['/usr/bin/bash', '-c', 'echo hey, i am task2 and will be running after task1!']
[2025-03-29T14:58:58.955+0000] {subprocess.py:99} INFO - Output:
[2025-03-29T14:58:58.959+0000] {subprocess.py:106} INFO - hey, i am task2 and will be running after task1!
[2025-03-29T14:58:58.962+0000] {subprocess.py:110} INFO - Command exited with return code 0
[2025-03-29T14:58:59.300+0000] {taskinstance.py:340} INFO - ::group::Post task execution logs
[2025-03-29T14:58:59.317+0000] {taskinstance.py:352} INFO - Marking task as SUCCESS. dag_id=fist_dag_v5, task_id=second_task, run_id=scheduled__2025-03-23T00:00:00+00:00, execution_date=20250323T000000, start_date=20250329T145857, end_date=20250329T145859
[2025-03-29T14:58:59.492+0000] {local_task_job_runner.py:266} INFO - Task exited with return code 0
[2025-03-29T14:58:59.611+0000] {taskinstance.py:3895} INFO - 0 downstream tasks scheduled from follow-on schedule check
[2025-03-29T14:58:59.636+0000] {local_task_job_runner.py:245} INFO - ::endgroup::
