[2025-03-29T14:57:04.780+0000] {local_task_job_runner.py:123} INFO - ::group::Pre task execution logs
[2025-03-29T14:57:05.051+0000] {taskinstance.py:2613} INFO - Dependencies all met for dep_context=non-requeueable deps ti=<TaskInstance: fist_dag_v5.first_task scheduled__2025-01-27T00:00:00+00:00 [queued]>
[2025-03-29T14:57:05.088+0000] {taskinstance.py:2613} INFO - Dependencies all met for dep_context=requeueable deps ti=<TaskInstance: fist_dag_v5.first_task scheduled__2025-01-27T00:00:00+00:00 [queued]>
[2025-03-29T14:57:05.090+0000] {taskinstance.py:2866} INFO - Starting attempt 1 of 6
[2025-03-29T14:57:05.219+0000] {taskinstance.py:2889} INFO - Executing <Task(BashOperator): first_task> on 2025-01-27 00:00:00+00:00
[2025-03-29T14:57:05.239+0000] {logging_mixin.py:190} WARNING - /home/***/.local/lib/python3.12/site-packages/***/task/task_runner/standard_task_runner.py:70 DeprecationWarning: This process (pid=995) is multi-threaded, use of fork() may lead to deadlocks in the child.
[2025-03-29T14:57:05.241+0000] {standard_task_runner.py:72} INFO - Started process 1009 to run task
[2025-03-29T14:57:05.249+0000] {standard_task_runner.py:104} INFO - Running: ['***', 'tasks', 'run', 'fist_dag_v5', 'first_task', 'scheduled__2025-01-27T00:00:00+00:00', '--job-id', '359', '--raw', '--subdir', 'DAGS_FOLDER/first_dag.py', '--cfg-path', '/tmp/tmpf513iwc4']
[2025-03-29T14:57:05.256+0000] {standard_task_runner.py:105} INFO - Job 359: Subtask first_task
[2025-03-29T14:57:05.767+0000] {task_command.py:467} INFO - Running <TaskInstance: fist_dag_v5.first_task scheduled__2025-01-27T00:00:00+00:00 [running]> on host ba06481f48a9
[2025-03-29T14:57:06.673+0000] {taskinstance.py:3132} INFO - Exporting env vars: AIRFLOW_CTX_DAG_OWNER='coder2j' AIRFLOW_CTX_DAG_ID='fist_dag_v5' AIRFLOW_CTX_TASK_ID='first_task' AIRFLOW_CTX_EXECUTION_DATE='2025-01-27T00:00:00+00:00' AIRFLOW_CTX_TRY_NUMBER='1' AIRFLOW_CTX_DAG_RUN_ID='scheduled__2025-01-27T00:00:00+00:00'
[2025-03-29T14:57:06.690+0000] {taskinstance.py:731} INFO - ::endgroup::
[2025-03-29T14:57:06.810+0000] {subprocess.py:78} INFO - Tmp dir root location: /tmp
[2025-03-29T14:57:06.829+0000] {subprocess.py:88} INFO - Running command: ['/usr/bin/bash', '-c', 'echo hello world, this is the first task!']
[2025-03-29T14:57:06.899+0000] {subprocess.py:99} INFO - Output:
[2025-03-29T14:57:06.914+0000] {subprocess.py:106} INFO - hello world, this is the first task!
[2025-03-29T14:57:06.933+0000] {subprocess.py:110} INFO - Command exited with return code 0
[2025-03-29T14:57:07.213+0000] {taskinstance.py:340} INFO - ::group::Post task execution logs
[2025-03-29T14:57:07.241+0000] {taskinstance.py:352} INFO - Marking task as SUCCESS. dag_id=fist_dag_v5, task_id=first_task, run_id=scheduled__2025-01-27T00:00:00+00:00, execution_date=20250127T000000, start_date=20250329T145705, end_date=20250329T145707
[2025-03-29T14:57:07.590+0000] {local_task_job_runner.py:266} INFO - Task exited with return code 0
[2025-03-29T14:57:07.683+0000] {local_task_job_runner.py:245} INFO - ::endgroup::
