[2025-03-29T14:55:56.801+0000] {local_task_job_runner.py:123} INFO - ::group::Pre task execution logs
[2025-03-29T14:55:56.990+0000] {taskinstance.py:2613} INFO - Dependencies all met for dep_context=non-requeueable deps ti=<TaskInstance: fist_dag_v5.third_task scheduled__2024-12-22T00:00:00+00:00 [queued]>
[2025-03-29T14:55:57.071+0000] {taskinstance.py:2613} INFO - Dependencies all met for dep_context=requeueable deps ti=<TaskInstance: fist_dag_v5.third_task scheduled__2024-12-22T00:00:00+00:00 [queued]>
[2025-03-29T14:55:57.089+0000] {taskinstance.py:2866} INFO - Starting attempt 1 of 6
[2025-03-29T14:55:57.254+0000] {taskinstance.py:2889} INFO - Executing <Task(BashOperator): third_task> on 2024-12-22 00:00:00+00:00
[2025-03-29T14:55:57.368+0000] {logging_mixin.py:190} WARNING - /home/***/.local/lib/python3.12/site-packages/***/task/task_runner/standard_task_runner.py:70 DeprecationWarning: This process (pid=298) is multi-threaded, use of fork() may lead to deadlocks in the child.
[2025-03-29T14:55:57.388+0000] {standard_task_runner.py:72} INFO - Started process 323 to run task
[2025-03-29T14:55:57.338+0000] {standard_task_runner.py:104} INFO - Running: ['***', 'tasks', 'run', 'fist_dag_v5', 'third_task', 'scheduled__2024-12-22T00:00:00+00:00', '--job-id', '173', '--raw', '--subdir', 'DAGS_FOLDER/first_dag.py', '--cfg-path', '/tmp/tmper8h7kri']
[2025-03-29T14:55:57.446+0000] {standard_task_runner.py:105} INFO - Job 173: Subtask third_task
[2025-03-29T14:55:57.931+0000] {task_command.py:467} INFO - Running <TaskInstance: fist_dag_v5.third_task scheduled__2024-12-22T00:00:00+00:00 [running]> on host ba06481f48a9
[2025-03-29T14:55:58.706+0000] {taskinstance.py:3132} INFO - Exporting env vars: AIRFLOW_CTX_DAG_OWNER='coder2j' AIRFLOW_CTX_DAG_ID='fist_dag_v5' AIRFLOW_CTX_TASK_ID='third_task' AIRFLOW_CTX_EXECUTION_DATE='2024-12-22T00:00:00+00:00' AIRFLOW_CTX_TRY_NUMBER='1' AIRFLOW_CTX_DAG_RUN_ID='scheduled__2024-12-22T00:00:00+00:00'
[2025-03-29T14:55:58.711+0000] {taskinstance.py:731} INFO - ::endgroup::
[2025-03-29T14:55:58.942+0000] {subprocess.py:78} INFO - Tmp dir root location: /tmp
[2025-03-29T14:55:58.953+0000] {subprocess.py:88} INFO - Running command: ['/usr/bin/bash', '-c', 'echo hello, i am task3 and will be running after task1!']
[2025-03-29T14:55:59.053+0000] {subprocess.py:99} INFO - Output:
[2025-03-29T14:55:59.062+0000] {subprocess.py:106} INFO - hello, i am task3 and will be running after task1!
[2025-03-29T14:55:59.085+0000] {subprocess.py:110} INFO - Command exited with return code 0
[2025-03-29T14:55:59.313+0000] {taskinstance.py:340} INFO - ::group::Post task execution logs
[2025-03-29T14:55:59.316+0000] {taskinstance.py:352} INFO - Marking task as SUCCESS. dag_id=fist_dag_v5, task_id=third_task, run_id=scheduled__2024-12-22T00:00:00+00:00, execution_date=20241222T000000, start_date=20250329T145557, end_date=20250329T145559
[2025-03-29T14:55:59.580+0000] {local_task_job_runner.py:266} INFO - Task exited with return code 0
[2025-03-29T14:55:59.674+0000] {local_task_job_runner.py:245} INFO - ::endgroup::
