[2025-04-04T23:19:41.145+0000] {local_task_job_runner.py:123} INFO - ::group::Pre task execution logs
[2025-04-04T23:19:41.187+0000] {taskinstance.py:2613} INFO - Dependencies all met for dep_context=non-requeueable deps ti=<TaskInstance: dag_with_postgres_operator_v04.insert_into_table scheduled__2025-04-02T00:00:00+00:00 [queued]>
[2025-04-04T23:19:41.206+0000] {taskinstance.py:2613} INFO - Dependencies all met for dep_context=requeueable deps ti=<TaskInstance: dag_with_postgres_operator_v04.insert_into_table scheduled__2025-04-02T00:00:00+00:00 [queued]>
[2025-04-04T23:19:41.207+0000] {taskinstance.py:2866} INFO - Starting attempt 1 of 6
[2025-04-04T23:19:41.233+0000] {taskinstance.py:2889} INFO - Executing <Task(PostgresOperator): insert_into_table> on 2025-04-02 00:00:00+00:00
[2025-04-04T23:19:41.246+0000] {standard_task_runner.py:104} INFO - Running: ['***', 'tasks', 'run', 'dag_with_postgres_operator_v04', 'insert_into_table', 'scheduled__2025-04-02T00:00:00+00:00', '--job-id', '870', '--raw', '--subdir', 'DAGS_FOLDER/dag_with_postgres_operator.py', '--cfg-path', '/tmp/tmpgkmfl1y2']
[2025-04-04T23:19:41.250+0000] {standard_task_runner.py:105} INFO - Job 870: Subtask insert_into_table
[2025-04-04T23:19:41.248+0000] {logging_mixin.py:190} WARNING - /home/***/.local/lib/python3.12/site-packages/***/task/task_runner/standard_task_runner.py:70 DeprecationWarning: This process (pid=1786) is multi-threaded, use of fork() may lead to deadlocks in the child.
[2025-04-04T23:19:41.252+0000] {standard_task_runner.py:72} INFO - Started process 1788 to run task
[2025-04-04T23:19:41.338+0000] {task_command.py:467} INFO - Running <TaskInstance: dag_with_postgres_operator_v04.insert_into_table scheduled__2025-04-02T00:00:00+00:00 [running]> on host ba06481f48a9
[2025-04-04T23:19:41.523+0000] {taskinstance.py:3132} INFO - Exporting env vars: AIRFLOW_CTX_DAG_OWNER='acilrestu12' AIRFLOW_CTX_DAG_ID='dag_with_postgres_operator_v04' AIRFLOW_CTX_TASK_ID='insert_into_table' AIRFLOW_CTX_EXECUTION_DATE='2025-04-02T00:00:00+00:00' AIRFLOW_CTX_TRY_NUMBER='1' AIRFLOW_CTX_DAG_RUN_ID='scheduled__2025-04-02T00:00:00+00:00'
[2025-04-04T23:19:41.525+0000] {taskinstance.py:731} INFO - ::endgroup::
[2025-04-04T23:19:41.553+0000] {sql.py:278} INFO - Executing: 
            INSERT INTO dag_runs (dt, dag_id, run_id)
            VALUES ('2025-04-02', 'dag_with_postgres_operator_v04', 'scheduled__2025-04-02T00:00:00+00:00');
        
[2025-04-04T23:19:41.568+0000] {base.py:84} INFO - Retrieving connection 'postgres_localhost'
[2025-04-04T23:19:41.583+0000] {base.py:84} INFO - Retrieving connection 'postgres_localhost'
[2025-04-04T23:19:41.601+0000] {sql.py:544} INFO - Running statement: 
            INSERT INTO dag_runs (dt, dag_id, run_id)
            VALUES ('2025-04-02', 'dag_with_postgres_operator_v04', 'scheduled__2025-04-02T00:00:00+00:00');
        , parameters: None
[2025-04-04T23:19:41.607+0000] {sql.py:553} INFO - Rows affected: 1
[2025-04-04T23:19:41.628+0000] {taskinstance.py:340} INFO - ::group::Post task execution logs
[2025-04-04T23:19:41.629+0000] {taskinstance.py:352} INFO - Marking task as SUCCESS. dag_id=dag_with_postgres_operator_v04, task_id=insert_into_table, run_id=scheduled__2025-04-02T00:00:00+00:00, execution_date=20250402T000000, start_date=20250404T231941, end_date=20250404T231941
[2025-04-04T23:19:41.671+0000] {local_task_job_runner.py:266} INFO - Task exited with return code 0
[2025-04-04T23:19:41.703+0000] {taskinstance.py:3895} INFO - 0 downstream tasks scheduled from follow-on schedule check
[2025-04-04T23:19:41.707+0000] {local_task_job_runner.py:245} INFO - ::endgroup::
