[2024-11-25T06:16:17.302+0000] {processor.py:186} INFO - Started process (PID=434) to work on /home/airflow/.local/lib/python3.12/site-packages/airflow/example_dags/example_bash_decorator.py
[2024-11-25T06:16:17.304+0000] {processor.py:914} INFO - Processing file /home/airflow/.local/lib/python3.12/site-packages/airflow/example_dags/example_bash_decorator.py for tasks to queue
[2024-11-25T06:16:17.309+0000] {logging_mixin.py:190} INFO - [2024-11-25T06:16:17.309+0000] {dagbag.py:588} INFO - Filling up the DagBag from /home/airflow/.local/lib/python3.12/site-packages/airflow/example_dags/example_bash_decorator.py
[2024-11-25T06:16:17.359+0000] {processor.py:925} INFO - DAG(s) 'example_bash_decorator' retrieved from /home/airflow/.local/lib/python3.12/site-packages/airflow/example_dags/example_bash_decorator.py
[2024-11-25T06:16:17.605+0000] {logging_mixin.py:190} INFO - [2024-11-25T06:16:17.604+0000] {override.py:1911} INFO - Created Permission View: can read on DAG:example_bash_decorator
[2024-11-25T06:16:17.631+0000] {logging_mixin.py:190} INFO - [2024-11-25T06:16:17.630+0000] {override.py:1911} INFO - Created Permission View: can delete on DAG:example_bash_decorator
[2024-11-25T06:16:17.653+0000] {logging_mixin.py:190} INFO - [2024-11-25T06:16:17.652+0000] {override.py:1911} INFO - Created Permission View: can edit on DAG:example_bash_decorator
[2024-11-25T06:16:17.681+0000] {logging_mixin.py:190} INFO - [2024-11-25T06:16:17.680+0000] {override.py:1911} INFO - Created Permission View: menu access on DAG Run:example_bash_decorator
[2024-11-25T06:16:17.703+0000] {logging_mixin.py:190} INFO - [2024-11-25T06:16:17.703+0000] {override.py:1911} INFO - Created Permission View: can read on DAG Run:example_bash_decorator
[2024-11-25T06:16:17.720+0000] {logging_mixin.py:190} INFO - [2024-11-25T06:16:17.720+0000] {override.py:1911} INFO - Created Permission View: can create on DAG Run:example_bash_decorator
[2024-11-25T06:16:17.741+0000] {logging_mixin.py:190} INFO - [2024-11-25T06:16:17.740+0000] {override.py:1911} INFO - Created Permission View: can delete on DAG Run:example_bash_decorator
[2024-11-25T06:16:17.743+0000] {logging_mixin.py:190} INFO - [2024-11-25T06:16:17.742+0000] {dag.py:3239} INFO - Sync 1 DAGs
[2024-11-25T06:16:17.781+0000] {logging_mixin.py:190} INFO - [2024-11-25T06:16:17.780+0000] {dag.py:3262} INFO - Creating ORM DAG for example_bash_decorator
[2024-11-25T06:16:17.784+0000] {logging_mixin.py:190} INFO - [2024-11-25T06:16:17.784+0000] {dag.py:4180} INFO - Setting next_dagrun for example_bash_decorator to None, run_after=None
[2024-11-25T06:16:17.827+0000] {processor.py:208} INFO - Processing /home/airflow/.local/lib/python3.12/site-packages/airflow/example_dags/example_bash_decorator.py took 0.534 seconds
[2024-11-25T06:16:49.032+0000] {processor.py:186} INFO - Started process (PID=725) to work on /home/airflow/.local/lib/python3.12/site-packages/airflow/example_dags/example_bash_decorator.py
[2024-11-25T06:16:49.034+0000] {processor.py:914} INFO - Processing file /home/airflow/.local/lib/python3.12/site-packages/airflow/example_dags/example_bash_decorator.py for tasks to queue
[2024-11-25T06:16:49.037+0000] {logging_mixin.py:190} INFO - [2024-11-25T06:16:49.037+0000] {dagbag.py:588} INFO - Filling up the DagBag from /home/airflow/.local/lib/python3.12/site-packages/airflow/example_dags/example_bash_decorator.py
[2024-11-25T06:16:49.066+0000] {processor.py:925} INFO - DAG(s) 'example_bash_decorator' retrieved from /home/airflow/.local/lib/python3.12/site-packages/airflow/example_dags/example_bash_decorator.py
[2024-11-25T06:16:49.106+0000] {logging_mixin.py:190} INFO - [2024-11-25T06:16:49.106+0000] {dag.py:3239} INFO - Sync 1 DAGs
[2024-11-25T06:16:49.135+0000] {logging_mixin.py:190} INFO - [2024-11-25T06:16:49.134+0000] {dag.py:4180} INFO - Setting next_dagrun for example_bash_decorator to None, run_after=None
[2024-11-25T06:16:49.180+0000] {processor.py:208} INFO - Processing /home/airflow/.local/lib/python3.12/site-packages/airflow/example_dags/example_bash_decorator.py took 0.154 seconds
[2024-11-25T06:17:19.987+0000] {processor.py:186} INFO - Started process (PID=1016) to work on /home/airflow/.local/lib/python3.12/site-packages/airflow/example_dags/example_bash_decorator.py
[2024-11-25T06:17:19.989+0000] {processor.py:914} INFO - Processing file /home/airflow/.local/lib/python3.12/site-packages/airflow/example_dags/example_bash_decorator.py for tasks to queue
[2024-11-25T06:17:19.993+0000] {logging_mixin.py:190} INFO - [2024-11-25T06:17:19.992+0000] {dagbag.py:588} INFO - Filling up the DagBag from /home/airflow/.local/lib/python3.12/site-packages/airflow/example_dags/example_bash_decorator.py
[2024-11-25T06:17:20.022+0000] {processor.py:925} INFO - DAG(s) 'example_bash_decorator' retrieved from /home/airflow/.local/lib/python3.12/site-packages/airflow/example_dags/example_bash_decorator.py
[2024-11-25T06:17:20.071+0000] {logging_mixin.py:190} INFO - [2024-11-25T06:17:20.070+0000] {dag.py:3239} INFO - Sync 1 DAGs
[2024-11-25T06:17:20.095+0000] {logging_mixin.py:190} INFO - [2024-11-25T06:17:20.095+0000] {dag.py:4180} INFO - Setting next_dagrun for example_bash_decorator to None, run_after=None
[2024-11-25T06:17:20.138+0000] {processor.py:208} INFO - Processing /home/airflow/.local/lib/python3.12/site-packages/airflow/example_dags/example_bash_decorator.py took 0.162 seconds
[2024-11-25T06:19:51.522+0000] {processor.py:186} INFO - Started process (PID=456) to work on /home/airflow/.local/lib/python3.12/site-packages/airflow/example_dags/example_bash_decorator.py
[2024-11-25T06:19:51.523+0000] {processor.py:914} INFO - Processing file /home/airflow/.local/lib/python3.12/site-packages/airflow/example_dags/example_bash_decorator.py for tasks to queue
[2024-11-25T06:19:51.527+0000] {logging_mixin.py:190} INFO - [2024-11-25T06:19:51.526+0000] {dagbag.py:588} INFO - Filling up the DagBag from /home/airflow/.local/lib/python3.12/site-packages/airflow/example_dags/example_bash_decorator.py
[2024-11-25T06:19:51.544+0000] {processor.py:925} INFO - DAG(s) 'example_bash_decorator' retrieved from /home/airflow/.local/lib/python3.12/site-packages/airflow/example_dags/example_bash_decorator.py
[2024-11-25T06:19:51.716+0000] {logging_mixin.py:190} INFO - [2024-11-25T06:19:51.716+0000] {dag.py:3239} INFO - Sync 1 DAGs
[2024-11-25T06:19:51.747+0000] {logging_mixin.py:190} INFO - [2024-11-25T06:19:51.745+0000] {dag.py:4180} INFO - Setting next_dagrun for example_bash_decorator to None, run_after=None
[2024-11-25T06:19:51.804+0000] {processor.py:208} INFO - Processing /home/airflow/.local/lib/python3.12/site-packages/airflow/example_dags/example_bash_decorator.py took 0.290 seconds
[2024-11-25T06:20:22.593+0000] {processor.py:186} INFO - Started process (PID=747) to work on /home/airflow/.local/lib/python3.12/site-packages/airflow/example_dags/example_bash_decorator.py
[2024-11-25T06:20:22.595+0000] {processor.py:914} INFO - Processing file /home/airflow/.local/lib/python3.12/site-packages/airflow/example_dags/example_bash_decorator.py for tasks to queue
[2024-11-25T06:20:22.599+0000] {logging_mixin.py:190} INFO - [2024-11-25T06:20:22.599+0000] {dagbag.py:588} INFO - Filling up the DagBag from /home/airflow/.local/lib/python3.12/site-packages/airflow/example_dags/example_bash_decorator.py
[2024-11-25T06:20:22.616+0000] {processor.py:925} INFO - DAG(s) 'example_bash_decorator' retrieved from /home/airflow/.local/lib/python3.12/site-packages/airflow/example_dags/example_bash_decorator.py
[2024-11-25T06:20:22.646+0000] {logging_mixin.py:190} INFO - [2024-11-25T06:20:22.646+0000] {dag.py:3239} INFO - Sync 1 DAGs
[2024-11-25T06:20:22.665+0000] {logging_mixin.py:190} INFO - [2024-11-25T06:20:22.664+0000] {dag.py:4180} INFO - Setting next_dagrun for example_bash_decorator to None, run_after=None
[2024-11-25T06:20:22.693+0000] {processor.py:208} INFO - Processing /home/airflow/.local/lib/python3.12/site-packages/airflow/example_dags/example_bash_decorator.py took 0.106 seconds
[2024-11-25T06:20:53.364+0000] {processor.py:186} INFO - Started process (PID=1035) to work on /home/airflow/.local/lib/python3.12/site-packages/airflow/example_dags/example_bash_decorator.py
[2024-11-25T06:20:53.366+0000] {processor.py:914} INFO - Processing file /home/airflow/.local/lib/python3.12/site-packages/airflow/example_dags/example_bash_decorator.py for tasks to queue
[2024-11-25T06:20:53.370+0000] {logging_mixin.py:190} INFO - [2024-11-25T06:20:53.369+0000] {dagbag.py:588} INFO - Filling up the DagBag from /home/airflow/.local/lib/python3.12/site-packages/airflow/example_dags/example_bash_decorator.py
[2024-11-25T06:20:53.393+0000] {processor.py:925} INFO - DAG(s) 'example_bash_decorator' retrieved from /home/airflow/.local/lib/python3.12/site-packages/airflow/example_dags/example_bash_decorator.py
[2024-11-25T06:20:53.436+0000] {logging_mixin.py:190} INFO - [2024-11-25T06:20:53.436+0000] {dag.py:3239} INFO - Sync 1 DAGs
[2024-11-25T06:20:53.459+0000] {logging_mixin.py:190} INFO - [2024-11-25T06:20:53.458+0000] {dag.py:4180} INFO - Setting next_dagrun for example_bash_decorator to None, run_after=None
[2024-11-25T06:20:53.495+0000] {processor.py:208} INFO - Processing /home/airflow/.local/lib/python3.12/site-packages/airflow/example_dags/example_bash_decorator.py took 0.139 seconds
[2024-11-25T06:21:25.222+0000] {processor.py:186} INFO - Started process (PID=1324) to work on /home/airflow/.local/lib/python3.12/site-packages/airflow/example_dags/example_bash_decorator.py
[2024-11-25T06:21:25.223+0000] {processor.py:914} INFO - Processing file /home/airflow/.local/lib/python3.12/site-packages/airflow/example_dags/example_bash_decorator.py for tasks to queue
[2024-11-25T06:21:25.227+0000] {logging_mixin.py:190} INFO - [2024-11-25T06:21:25.226+0000] {dagbag.py:588} INFO - Filling up the DagBag from /home/airflow/.local/lib/python3.12/site-packages/airflow/example_dags/example_bash_decorator.py
[2024-11-25T06:21:25.247+0000] {processor.py:925} INFO - DAG(s) 'example_bash_decorator' retrieved from /home/airflow/.local/lib/python3.12/site-packages/airflow/example_dags/example_bash_decorator.py
[2024-11-25T06:21:25.284+0000] {logging_mixin.py:190} INFO - [2024-11-25T06:21:25.284+0000] {dag.py:3239} INFO - Sync 1 DAGs
[2024-11-25T06:21:25.311+0000] {logging_mixin.py:190} INFO - [2024-11-25T06:21:25.311+0000] {dag.py:4180} INFO - Setting next_dagrun for example_bash_decorator to None, run_after=None
[2024-11-25T06:21:25.359+0000] {processor.py:208} INFO - Processing /home/airflow/.local/lib/python3.12/site-packages/airflow/example_dags/example_bash_decorator.py took 0.145 seconds
[2024-11-25T06:21:56.745+0000] {processor.py:186} INFO - Started process (PID=1617) to work on /home/airflow/.local/lib/python3.12/site-packages/airflow/example_dags/example_bash_decorator.py
[2024-11-25T06:21:56.746+0000] {processor.py:914} INFO - Processing file /home/airflow/.local/lib/python3.12/site-packages/airflow/example_dags/example_bash_decorator.py for tasks to queue
[2024-11-25T06:21:56.750+0000] {logging_mixin.py:190} INFO - [2024-11-25T06:21:56.749+0000] {dagbag.py:588} INFO - Filling up the DagBag from /home/airflow/.local/lib/python3.12/site-packages/airflow/example_dags/example_bash_decorator.py
[2024-11-25T06:21:56.768+0000] {processor.py:925} INFO - DAG(s) 'example_bash_decorator' retrieved from /home/airflow/.local/lib/python3.12/site-packages/airflow/example_dags/example_bash_decorator.py
[2024-11-25T06:21:56.805+0000] {logging_mixin.py:190} INFO - [2024-11-25T06:21:56.805+0000] {dag.py:3239} INFO - Sync 1 DAGs
[2024-11-25T06:21:56.826+0000] {logging_mixin.py:190} INFO - [2024-11-25T06:21:56.825+0000] {dag.py:4180} INFO - Setting next_dagrun for example_bash_decorator to None, run_after=None
[2024-11-25T06:21:56.857+0000] {processor.py:208} INFO - Processing /home/airflow/.local/lib/python3.12/site-packages/airflow/example_dags/example_bash_decorator.py took 0.121 seconds
[2024-11-25T06:22:27.444+0000] {processor.py:186} INFO - Started process (PID=1911) to work on /home/airflow/.local/lib/python3.12/site-packages/airflow/example_dags/example_bash_decorator.py
[2024-11-25T06:22:27.445+0000] {processor.py:914} INFO - Processing file /home/airflow/.local/lib/python3.12/site-packages/airflow/example_dags/example_bash_decorator.py for tasks to queue
[2024-11-25T06:22:27.448+0000] {logging_mixin.py:190} INFO - [2024-11-25T06:22:27.448+0000] {dagbag.py:588} INFO - Filling up the DagBag from /home/airflow/.local/lib/python3.12/site-packages/airflow/example_dags/example_bash_decorator.py
[2024-11-25T06:22:27.466+0000] {processor.py:925} INFO - DAG(s) 'example_bash_decorator' retrieved from /home/airflow/.local/lib/python3.12/site-packages/airflow/example_dags/example_bash_decorator.py
[2024-11-25T06:22:27.494+0000] {logging_mixin.py:190} INFO - [2024-11-25T06:22:27.494+0000] {dag.py:3239} INFO - Sync 1 DAGs
[2024-11-25T06:22:27.512+0000] {logging_mixin.py:190} INFO - [2024-11-25T06:22:27.512+0000] {dag.py:4180} INFO - Setting next_dagrun for example_bash_decorator to None, run_after=None
[2024-11-25T06:22:27.541+0000] {processor.py:208} INFO - Processing /home/airflow/.local/lib/python3.12/site-packages/airflow/example_dags/example_bash_decorator.py took 0.104 seconds
[2024-11-25T06:22:58.626+0000] {processor.py:186} INFO - Started process (PID=2198) to work on /home/airflow/.local/lib/python3.12/site-packages/airflow/example_dags/example_bash_decorator.py
[2024-11-25T06:22:58.627+0000] {processor.py:914} INFO - Processing file /home/airflow/.local/lib/python3.12/site-packages/airflow/example_dags/example_bash_decorator.py for tasks to queue
[2024-11-25T06:22:58.630+0000] {logging_mixin.py:190} INFO - [2024-11-25T06:22:58.630+0000] {dagbag.py:588} INFO - Filling up the DagBag from /home/airflow/.local/lib/python3.12/site-packages/airflow/example_dags/example_bash_decorator.py
[2024-11-25T06:22:58.647+0000] {processor.py:925} INFO - DAG(s) 'example_bash_decorator' retrieved from /home/airflow/.local/lib/python3.12/site-packages/airflow/example_dags/example_bash_decorator.py
[2024-11-25T06:22:58.682+0000] {logging_mixin.py:190} INFO - [2024-11-25T06:22:58.682+0000] {dag.py:3239} INFO - Sync 1 DAGs
[2024-11-25T06:22:58.710+0000] {logging_mixin.py:190} INFO - [2024-11-25T06:22:58.710+0000] {dag.py:4180} INFO - Setting next_dagrun for example_bash_decorator to None, run_after=None
[2024-11-25T06:22:58.742+0000] {processor.py:208} INFO - Processing /home/airflow/.local/lib/python3.12/site-packages/airflow/example_dags/example_bash_decorator.py took 0.123 seconds
[2024-11-25T06:23:30.660+0000] {processor.py:186} INFO - Started process (PID=2489) to work on /home/airflow/.local/lib/python3.12/site-packages/airflow/example_dags/example_bash_decorator.py
[2024-11-25T06:23:30.662+0000] {processor.py:914} INFO - Processing file /home/airflow/.local/lib/python3.12/site-packages/airflow/example_dags/example_bash_decorator.py for tasks to queue
[2024-11-25T06:23:30.665+0000] {logging_mixin.py:190} INFO - [2024-11-25T06:23:30.665+0000] {dagbag.py:588} INFO - Filling up the DagBag from /home/airflow/.local/lib/python3.12/site-packages/airflow/example_dags/example_bash_decorator.py
[2024-11-25T06:23:30.691+0000] {processor.py:925} INFO - DAG(s) 'example_bash_decorator' retrieved from /home/airflow/.local/lib/python3.12/site-packages/airflow/example_dags/example_bash_decorator.py
[2024-11-25T06:23:30.741+0000] {logging_mixin.py:190} INFO - [2024-11-25T06:23:30.740+0000] {dag.py:3239} INFO - Sync 1 DAGs
[2024-11-25T06:23:30.765+0000] {logging_mixin.py:190} INFO - [2024-11-25T06:23:30.765+0000] {dag.py:4180} INFO - Setting next_dagrun for example_bash_decorator to None, run_after=None
[2024-11-25T06:23:30.801+0000] {processor.py:208} INFO - Processing /home/airflow/.local/lib/python3.12/site-packages/airflow/example_dags/example_bash_decorator.py took 0.150 seconds
[2024-11-25T06:24:03.644+0000] {processor.py:186} INFO - Started process (PID=2780) to work on /home/airflow/.local/lib/python3.12/site-packages/airflow/example_dags/example_bash_decorator.py
[2024-11-25T06:24:03.646+0000] {processor.py:914} INFO - Processing file /home/airflow/.local/lib/python3.12/site-packages/airflow/example_dags/example_bash_decorator.py for tasks to queue
[2024-11-25T06:24:03.649+0000] {logging_mixin.py:190} INFO - [2024-11-25T06:24:03.648+0000] {dagbag.py:588} INFO - Filling up the DagBag from /home/airflow/.local/lib/python3.12/site-packages/airflow/example_dags/example_bash_decorator.py
[2024-11-25T06:24:03.666+0000] {processor.py:925} INFO - DAG(s) 'example_bash_decorator' retrieved from /home/airflow/.local/lib/python3.12/site-packages/airflow/example_dags/example_bash_decorator.py
[2024-11-25T06:24:03.695+0000] {logging_mixin.py:190} INFO - [2024-11-25T06:24:03.695+0000] {dag.py:3239} INFO - Sync 1 DAGs
[2024-11-25T06:24:03.713+0000] {logging_mixin.py:190} INFO - [2024-11-25T06:24:03.713+0000] {dag.py:4180} INFO - Setting next_dagrun for example_bash_decorator to None, run_after=None
[2024-11-25T06:24:03.745+0000] {processor.py:208} INFO - Processing /home/airflow/.local/lib/python3.12/site-packages/airflow/example_dags/example_bash_decorator.py took 0.107 seconds
[2024-11-25T06:24:35.651+0000] {processor.py:186} INFO - Started process (PID=3070) to work on /home/airflow/.local/lib/python3.12/site-packages/airflow/example_dags/example_bash_decorator.py
[2024-11-25T06:24:35.652+0000] {processor.py:914} INFO - Processing file /home/airflow/.local/lib/python3.12/site-packages/airflow/example_dags/example_bash_decorator.py for tasks to queue
[2024-11-25T06:24:35.655+0000] {logging_mixin.py:190} INFO - [2024-11-25T06:24:35.655+0000] {dagbag.py:588} INFO - Filling up the DagBag from /home/airflow/.local/lib/python3.12/site-packages/airflow/example_dags/example_bash_decorator.py
[2024-11-25T06:24:35.682+0000] {processor.py:925} INFO - DAG(s) 'example_bash_decorator' retrieved from /home/airflow/.local/lib/python3.12/site-packages/airflow/example_dags/example_bash_decorator.py
[2024-11-25T06:24:35.714+0000] {logging_mixin.py:190} INFO - [2024-11-25T06:24:35.714+0000] {dag.py:3239} INFO - Sync 1 DAGs
[2024-11-25T06:24:35.733+0000] {logging_mixin.py:190} INFO - [2024-11-25T06:24:35.733+0000] {dag.py:4180} INFO - Setting next_dagrun for example_bash_decorator to None, run_after=None
[2024-11-25T06:24:35.771+0000] {processor.py:208} INFO - Processing /home/airflow/.local/lib/python3.12/site-packages/airflow/example_dags/example_bash_decorator.py took 0.127 seconds
[2024-11-25T06:25:06.287+0000] {processor.py:186} INFO - Started process (PID=3361) to work on /home/airflow/.local/lib/python3.12/site-packages/airflow/example_dags/example_bash_decorator.py
[2024-11-25T06:25:06.288+0000] {processor.py:914} INFO - Processing file /home/airflow/.local/lib/python3.12/site-packages/airflow/example_dags/example_bash_decorator.py for tasks to queue
[2024-11-25T06:25:06.291+0000] {logging_mixin.py:190} INFO - [2024-11-25T06:25:06.290+0000] {dagbag.py:588} INFO - Filling up the DagBag from /home/airflow/.local/lib/python3.12/site-packages/airflow/example_dags/example_bash_decorator.py
[2024-11-25T06:25:06.318+0000] {processor.py:925} INFO - DAG(s) 'example_bash_decorator' retrieved from /home/airflow/.local/lib/python3.12/site-packages/airflow/example_dags/example_bash_decorator.py
[2024-11-25T06:25:06.364+0000] {logging_mixin.py:190} INFO - [2024-11-25T06:25:06.363+0000] {dag.py:3239} INFO - Sync 1 DAGs
[2024-11-25T06:25:06.389+0000] {logging_mixin.py:190} INFO - [2024-11-25T06:25:06.388+0000] {dag.py:4180} INFO - Setting next_dagrun for example_bash_decorator to None, run_after=None
[2024-11-25T06:25:06.423+0000] {processor.py:208} INFO - Processing /home/airflow/.local/lib/python3.12/site-packages/airflow/example_dags/example_bash_decorator.py took 0.143 seconds
[2024-11-25T06:25:43.036+0000] {processor.py:186} INFO - Started process (PID=3659) to work on /home/airflow/.local/lib/python3.12/site-packages/airflow/example_dags/example_bash_decorator.py
[2024-11-25T06:25:43.037+0000] {processor.py:914} INFO - Processing file /home/airflow/.local/lib/python3.12/site-packages/airflow/example_dags/example_bash_decorator.py for tasks to queue
[2024-11-25T06:25:43.040+0000] {logging_mixin.py:190} INFO - [2024-11-25T06:25:43.040+0000] {dagbag.py:588} INFO - Filling up the DagBag from /home/airflow/.local/lib/python3.12/site-packages/airflow/example_dags/example_bash_decorator.py
[2024-11-25T06:25:43.063+0000] {processor.py:925} INFO - DAG(s) 'example_bash_decorator' retrieved from /home/airflow/.local/lib/python3.12/site-packages/airflow/example_dags/example_bash_decorator.py
[2024-11-25T06:25:43.119+0000] {logging_mixin.py:190} INFO - [2024-11-25T06:25:43.118+0000] {dag.py:3239} INFO - Sync 1 DAGs
[2024-11-25T06:25:43.148+0000] {logging_mixin.py:190} INFO - [2024-11-25T06:25:43.148+0000] {dag.py:4180} INFO - Setting next_dagrun for example_bash_decorator to None, run_after=None
[2024-11-25T06:25:43.193+0000] {processor.py:208} INFO - Processing /home/airflow/.local/lib/python3.12/site-packages/airflow/example_dags/example_bash_decorator.py took 0.166 seconds
[2024-11-25T06:26:17.414+0000] {processor.py:186} INFO - Started process (PID=3947) to work on /home/airflow/.local/lib/python3.12/site-packages/airflow/example_dags/example_bash_decorator.py
[2024-11-25T06:26:17.418+0000] {processor.py:914} INFO - Processing file /home/airflow/.local/lib/python3.12/site-packages/airflow/example_dags/example_bash_decorator.py for tasks to queue
[2024-11-25T06:26:17.423+0000] {logging_mixin.py:190} INFO - [2024-11-25T06:26:17.422+0000] {dagbag.py:588} INFO - Filling up the DagBag from /home/airflow/.local/lib/python3.12/site-packages/airflow/example_dags/example_bash_decorator.py
[2024-11-25T06:26:17.469+0000] {processor.py:925} INFO - DAG(s) 'example_bash_decorator' retrieved from /home/airflow/.local/lib/python3.12/site-packages/airflow/example_dags/example_bash_decorator.py
[2024-11-25T06:26:17.526+0000] {logging_mixin.py:190} INFO - [2024-11-25T06:26:17.525+0000] {dag.py:3239} INFO - Sync 1 DAGs
[2024-11-25T06:26:17.573+0000] {logging_mixin.py:190} INFO - [2024-11-25T06:26:17.572+0000] {dag.py:4180} INFO - Setting next_dagrun for example_bash_decorator to None, run_after=None
[2024-11-25T06:26:17.615+0000] {processor.py:208} INFO - Processing /home/airflow/.local/lib/python3.12/site-packages/airflow/example_dags/example_bash_decorator.py took 0.218 seconds
[2024-11-25T06:26:51.587+0000] {processor.py:186} INFO - Started process (PID=4245) to work on /home/airflow/.local/lib/python3.12/site-packages/airflow/example_dags/example_bash_decorator.py
[2024-11-25T06:26:51.595+0000] {processor.py:914} INFO - Processing file /home/airflow/.local/lib/python3.12/site-packages/airflow/example_dags/example_bash_decorator.py for tasks to queue
[2024-11-25T06:26:51.601+0000] {logging_mixin.py:190} INFO - [2024-11-25T06:26:51.600+0000] {dagbag.py:588} INFO - Filling up the DagBag from /home/airflow/.local/lib/python3.12/site-packages/airflow/example_dags/example_bash_decorator.py
[2024-11-25T06:26:51.638+0000] {processor.py:925} INFO - DAG(s) 'example_bash_decorator' retrieved from /home/airflow/.local/lib/python3.12/site-packages/airflow/example_dags/example_bash_decorator.py
[2024-11-25T06:26:51.695+0000] {logging_mixin.py:190} INFO - [2024-11-25T06:26:51.694+0000] {dag.py:3239} INFO - Sync 1 DAGs
[2024-11-25T06:26:51.743+0000] {logging_mixin.py:190} INFO - [2024-11-25T06:26:51.743+0000] {dag.py:4180} INFO - Setting next_dagrun for example_bash_decorator to None, run_after=None
[2024-11-25T06:26:51.790+0000] {processor.py:208} INFO - Processing /home/airflow/.local/lib/python3.12/site-packages/airflow/example_dags/example_bash_decorator.py took 0.219 seconds
[2024-11-25T06:27:22.135+0000] {processor.py:186} INFO - Started process (PID=4531) to work on /home/airflow/.local/lib/python3.12/site-packages/airflow/example_dags/example_bash_decorator.py
[2024-11-25T06:27:22.136+0000] {processor.py:914} INFO - Processing file /home/airflow/.local/lib/python3.12/site-packages/airflow/example_dags/example_bash_decorator.py for tasks to queue
[2024-11-25T06:27:22.139+0000] {logging_mixin.py:190} INFO - [2024-11-25T06:27:22.138+0000] {dagbag.py:588} INFO - Filling up the DagBag from /home/airflow/.local/lib/python3.12/site-packages/airflow/example_dags/example_bash_decorator.py
[2024-11-25T06:27:22.164+0000] {processor.py:925} INFO - DAG(s) 'example_bash_decorator' retrieved from /home/airflow/.local/lib/python3.12/site-packages/airflow/example_dags/example_bash_decorator.py
[2024-11-25T06:27:22.207+0000] {logging_mixin.py:190} INFO - [2024-11-25T06:27:22.206+0000] {dag.py:3239} INFO - Sync 1 DAGs
[2024-11-25T06:27:22.231+0000] {logging_mixin.py:190} INFO - [2024-11-25T06:27:22.231+0000] {dag.py:4180} INFO - Setting next_dagrun for example_bash_decorator to None, run_after=None
[2024-11-25T06:27:22.267+0000] {processor.py:208} INFO - Processing /home/airflow/.local/lib/python3.12/site-packages/airflow/example_dags/example_bash_decorator.py took 0.139 seconds
[2024-11-25T06:27:52.498+0000] {processor.py:186} INFO - Started process (PID=4822) to work on /home/airflow/.local/lib/python3.12/site-packages/airflow/example_dags/example_bash_decorator.py
[2024-11-25T06:27:52.500+0000] {processor.py:914} INFO - Processing file /home/airflow/.local/lib/python3.12/site-packages/airflow/example_dags/example_bash_decorator.py for tasks to queue
[2024-11-25T06:27:52.504+0000] {logging_mixin.py:190} INFO - [2024-11-25T06:27:52.504+0000] {dagbag.py:588} INFO - Filling up the DagBag from /home/airflow/.local/lib/python3.12/site-packages/airflow/example_dags/example_bash_decorator.py
[2024-11-25T06:27:52.530+0000] {processor.py:925} INFO - DAG(s) 'example_bash_decorator' retrieved from /home/airflow/.local/lib/python3.12/site-packages/airflow/example_dags/example_bash_decorator.py
[2024-11-25T06:27:52.567+0000] {logging_mixin.py:190} INFO - [2024-11-25T06:27:52.566+0000] {dag.py:3239} INFO - Sync 1 DAGs
[2024-11-25T06:27:52.592+0000] {logging_mixin.py:190} INFO - [2024-11-25T06:27:52.592+0000] {dag.py:4180} INFO - Setting next_dagrun for example_bash_decorator to None, run_after=None
[2024-11-25T06:27:52.622+0000] {processor.py:208} INFO - Processing /home/airflow/.local/lib/python3.12/site-packages/airflow/example_dags/example_bash_decorator.py took 0.133 seconds
[2024-11-25T06:28:23.470+0000] {processor.py:186} INFO - Started process (PID=5113) to work on /home/airflow/.local/lib/python3.12/site-packages/airflow/example_dags/example_bash_decorator.py
[2024-11-25T06:28:23.471+0000] {processor.py:914} INFO - Processing file /home/airflow/.local/lib/python3.12/site-packages/airflow/example_dags/example_bash_decorator.py for tasks to queue
[2024-11-25T06:28:23.474+0000] {logging_mixin.py:190} INFO - [2024-11-25T06:28:23.474+0000] {dagbag.py:588} INFO - Filling up the DagBag from /home/airflow/.local/lib/python3.12/site-packages/airflow/example_dags/example_bash_decorator.py
[2024-11-25T06:28:23.501+0000] {processor.py:925} INFO - DAG(s) 'example_bash_decorator' retrieved from /home/airflow/.local/lib/python3.12/site-packages/airflow/example_dags/example_bash_decorator.py
[2024-11-25T06:28:23.542+0000] {logging_mixin.py:190} INFO - [2024-11-25T06:28:23.541+0000] {dag.py:3239} INFO - Sync 1 DAGs
[2024-11-25T06:28:23.561+0000] {logging_mixin.py:190} INFO - [2024-11-25T06:28:23.560+0000] {dag.py:4180} INFO - Setting next_dagrun for example_bash_decorator to None, run_after=None
[2024-11-25T06:28:23.596+0000] {processor.py:208} INFO - Processing /home/airflow/.local/lib/python3.12/site-packages/airflow/example_dags/example_bash_decorator.py took 0.134 seconds
[2024-11-25T06:28:53.729+0000] {processor.py:186} INFO - Started process (PID=5401) to work on /home/airflow/.local/lib/python3.12/site-packages/airflow/example_dags/example_bash_decorator.py
[2024-11-25T06:28:53.733+0000] {processor.py:914} INFO - Processing file /home/airflow/.local/lib/python3.12/site-packages/airflow/example_dags/example_bash_decorator.py for tasks to queue
[2024-11-25T06:28:53.770+0000] {logging_mixin.py:190} INFO - [2024-11-25T06:28:53.770+0000] {dagbag.py:588} INFO - Filling up the DagBag from /home/airflow/.local/lib/python3.12/site-packages/airflow/example_dags/example_bash_decorator.py
[2024-11-25T06:28:53.839+0000] {processor.py:925} INFO - DAG(s) 'example_bash_decorator' retrieved from /home/airflow/.local/lib/python3.12/site-packages/airflow/example_dags/example_bash_decorator.py
[2024-11-25T06:28:53.888+0000] {logging_mixin.py:190} INFO - [2024-11-25T06:28:53.887+0000] {dag.py:3239} INFO - Sync 1 DAGs
[2024-11-25T06:28:53.910+0000] {logging_mixin.py:190} INFO - [2024-11-25T06:28:53.910+0000] {dag.py:4180} INFO - Setting next_dagrun for example_bash_decorator to None, run_after=None
[2024-11-25T06:28:53.961+0000] {processor.py:208} INFO - Processing /home/airflow/.local/lib/python3.12/site-packages/airflow/example_dags/example_bash_decorator.py took 0.241 seconds
[2024-11-25T06:29:24.206+0000] {processor.py:186} INFO - Started process (PID=5691) to work on /home/airflow/.local/lib/python3.12/site-packages/airflow/example_dags/example_bash_decorator.py
[2024-11-25T06:29:24.208+0000] {processor.py:914} INFO - Processing file /home/airflow/.local/lib/python3.12/site-packages/airflow/example_dags/example_bash_decorator.py for tasks to queue
[2024-11-25T06:29:24.211+0000] {logging_mixin.py:190} INFO - [2024-11-25T06:29:24.210+0000] {dagbag.py:588} INFO - Filling up the DagBag from /home/airflow/.local/lib/python3.12/site-packages/airflow/example_dags/example_bash_decorator.py
[2024-11-25T06:29:24.232+0000] {processor.py:925} INFO - DAG(s) 'example_bash_decorator' retrieved from /home/airflow/.local/lib/python3.12/site-packages/airflow/example_dags/example_bash_decorator.py
[2024-11-25T06:29:24.282+0000] {logging_mixin.py:190} INFO - [2024-11-25T06:29:24.281+0000] {dag.py:3239} INFO - Sync 1 DAGs
[2024-11-25T06:29:24.304+0000] {logging_mixin.py:190} INFO - [2024-11-25T06:29:24.303+0000] {dag.py:4180} INFO - Setting next_dagrun for example_bash_decorator to None, run_after=None
[2024-11-25T06:29:24.336+0000] {processor.py:208} INFO - Processing /home/airflow/.local/lib/python3.12/site-packages/airflow/example_dags/example_bash_decorator.py took 0.139 seconds
[2024-11-25T06:29:56.320+0000] {processor.py:186} INFO - Started process (PID=5982) to work on /home/airflow/.local/lib/python3.12/site-packages/airflow/example_dags/example_bash_decorator.py
[2024-11-25T06:29:56.322+0000] {processor.py:914} INFO - Processing file /home/airflow/.local/lib/python3.12/site-packages/airflow/example_dags/example_bash_decorator.py for tasks to queue
[2024-11-25T06:29:56.326+0000] {logging_mixin.py:190} INFO - [2024-11-25T06:29:56.325+0000] {dagbag.py:588} INFO - Filling up the DagBag from /home/airflow/.local/lib/python3.12/site-packages/airflow/example_dags/example_bash_decorator.py
[2024-11-25T06:29:56.374+0000] {processor.py:925} INFO - DAG(s) 'example_bash_decorator' retrieved from /home/airflow/.local/lib/python3.12/site-packages/airflow/example_dags/example_bash_decorator.py
[2024-11-25T06:29:56.423+0000] {logging_mixin.py:190} INFO - [2024-11-25T06:29:56.423+0000] {dag.py:3239} INFO - Sync 1 DAGs
[2024-11-25T06:29:56.451+0000] {logging_mixin.py:190} INFO - [2024-11-25T06:29:56.450+0000] {dag.py:4180} INFO - Setting next_dagrun for example_bash_decorator to None, run_after=None
[2024-11-25T06:29:56.484+0000] {processor.py:208} INFO - Processing /home/airflow/.local/lib/python3.12/site-packages/airflow/example_dags/example_bash_decorator.py took 0.177 seconds
[2024-11-25T06:30:30.221+0000] {processor.py:186} INFO - Started process (PID=6308) to work on /home/airflow/.local/lib/python3.12/site-packages/airflow/example_dags/example_bash_decorator.py
[2024-11-25T06:30:30.224+0000] {processor.py:914} INFO - Processing file /home/airflow/.local/lib/python3.12/site-packages/airflow/example_dags/example_bash_decorator.py for tasks to queue
[2024-11-25T06:30:30.228+0000] {logging_mixin.py:190} INFO - [2024-11-25T06:30:30.227+0000] {dagbag.py:588} INFO - Filling up the DagBag from /home/airflow/.local/lib/python3.12/site-packages/airflow/example_dags/example_bash_decorator.py
[2024-11-25T06:30:30.255+0000] {processor.py:925} INFO - DAG(s) 'example_bash_decorator' retrieved from /home/airflow/.local/lib/python3.12/site-packages/airflow/example_dags/example_bash_decorator.py
[2024-11-25T06:30:30.310+0000] {logging_mixin.py:190} INFO - [2024-11-25T06:30:30.310+0000] {dag.py:3239} INFO - Sync 1 DAGs
[2024-11-25T06:30:30.341+0000] {logging_mixin.py:190} INFO - [2024-11-25T06:30:30.340+0000] {dag.py:4180} INFO - Setting next_dagrun for example_bash_decorator to None, run_after=None
[2024-11-25T06:30:30.410+0000] {processor.py:208} INFO - Processing /home/airflow/.local/lib/python3.12/site-packages/airflow/example_dags/example_bash_decorator.py took 0.203 seconds
[2024-11-25T06:31:01.198+0000] {processor.py:186} INFO - Started process (PID=6596) to work on /home/airflow/.local/lib/python3.12/site-packages/airflow/example_dags/example_bash_decorator.py
[2024-11-25T06:31:01.200+0000] {processor.py:914} INFO - Processing file /home/airflow/.local/lib/python3.12/site-packages/airflow/example_dags/example_bash_decorator.py for tasks to queue
[2024-11-25T06:31:01.203+0000] {logging_mixin.py:190} INFO - [2024-11-25T06:31:01.203+0000] {dagbag.py:588} INFO - Filling up the DagBag from /home/airflow/.local/lib/python3.12/site-packages/airflow/example_dags/example_bash_decorator.py
[2024-11-25T06:31:01.228+0000] {processor.py:925} INFO - DAG(s) 'example_bash_decorator' retrieved from /home/airflow/.local/lib/python3.12/site-packages/airflow/example_dags/example_bash_decorator.py
[2024-11-25T06:31:01.279+0000] {logging_mixin.py:190} INFO - [2024-11-25T06:31:01.279+0000] {dag.py:3239} INFO - Sync 1 DAGs
[2024-11-25T06:31:01.314+0000] {logging_mixin.py:190} INFO - [2024-11-25T06:31:01.313+0000] {dag.py:4180} INFO - Setting next_dagrun for example_bash_decorator to None, run_after=None
[2024-11-25T06:31:01.372+0000] {processor.py:208} INFO - Processing /home/airflow/.local/lib/python3.12/site-packages/airflow/example_dags/example_bash_decorator.py took 0.184 seconds
[2024-11-25T06:31:33.939+0000] {processor.py:186} INFO - Started process (PID=6902) to work on /home/airflow/.local/lib/python3.12/site-packages/airflow/example_dags/example_bash_decorator.py
[2024-11-25T06:31:33.940+0000] {processor.py:914} INFO - Processing file /home/airflow/.local/lib/python3.12/site-packages/airflow/example_dags/example_bash_decorator.py for tasks to queue
[2024-11-25T06:31:33.946+0000] {logging_mixin.py:190} INFO - [2024-11-25T06:31:33.945+0000] {dagbag.py:588} INFO - Filling up the DagBag from /home/airflow/.local/lib/python3.12/site-packages/airflow/example_dags/example_bash_decorator.py
[2024-11-25T06:31:33.976+0000] {processor.py:925} INFO - DAG(s) 'example_bash_decorator' retrieved from /home/airflow/.local/lib/python3.12/site-packages/airflow/example_dags/example_bash_decorator.py
[2024-11-25T06:31:34.065+0000] {logging_mixin.py:190} INFO - [2024-11-25T06:31:34.063+0000] {dag.py:3239} INFO - Sync 1 DAGs
[2024-11-25T06:31:34.148+0000] {logging_mixin.py:190} INFO - [2024-11-25T06:31:34.148+0000] {dag.py:4180} INFO - Setting next_dagrun for example_bash_decorator to None, run_after=None
[2024-11-25T06:31:34.241+0000] {processor.py:208} INFO - Processing /home/airflow/.local/lib/python3.12/site-packages/airflow/example_dags/example_bash_decorator.py took 0.310 seconds
[2024-11-25T06:32:05.184+0000] {processor.py:186} INFO - Started process (PID=7201) to work on /home/airflow/.local/lib/python3.12/site-packages/airflow/example_dags/example_bash_decorator.py
[2024-11-25T06:32:05.185+0000] {processor.py:914} INFO - Processing file /home/airflow/.local/lib/python3.12/site-packages/airflow/example_dags/example_bash_decorator.py for tasks to queue
[2024-11-25T06:32:05.189+0000] {logging_mixin.py:190} INFO - [2024-11-25T06:32:05.189+0000] {dagbag.py:588} INFO - Filling up the DagBag from /home/airflow/.local/lib/python3.12/site-packages/airflow/example_dags/example_bash_decorator.py
[2024-11-25T06:32:05.213+0000] {processor.py:925} INFO - DAG(s) 'example_bash_decorator' retrieved from /home/airflow/.local/lib/python3.12/site-packages/airflow/example_dags/example_bash_decorator.py
[2024-11-25T06:32:05.260+0000] {logging_mixin.py:190} INFO - [2024-11-25T06:32:05.260+0000] {dag.py:3239} INFO - Sync 1 DAGs
[2024-11-25T06:32:05.295+0000] {logging_mixin.py:190} INFO - [2024-11-25T06:32:05.294+0000] {dag.py:4180} INFO - Setting next_dagrun for example_bash_decorator to None, run_after=None
[2024-11-25T06:32:05.331+0000] {processor.py:208} INFO - Processing /home/airflow/.local/lib/python3.12/site-packages/airflow/example_dags/example_bash_decorator.py took 0.155 seconds
[2024-11-25T06:32:37.035+0000] {processor.py:186} INFO - Started process (PID=7492) to work on /home/airflow/.local/lib/python3.12/site-packages/airflow/example_dags/example_bash_decorator.py
[2024-11-25T06:32:37.037+0000] {processor.py:914} INFO - Processing file /home/airflow/.local/lib/python3.12/site-packages/airflow/example_dags/example_bash_decorator.py for tasks to queue
[2024-11-25T06:32:37.041+0000] {logging_mixin.py:190} INFO - [2024-11-25T06:32:37.040+0000] {dagbag.py:588} INFO - Filling up the DagBag from /home/airflow/.local/lib/python3.12/site-packages/airflow/example_dags/example_bash_decorator.py
[2024-11-25T06:32:37.060+0000] {processor.py:925} INFO - DAG(s) 'example_bash_decorator' retrieved from /home/airflow/.local/lib/python3.12/site-packages/airflow/example_dags/example_bash_decorator.py
[2024-11-25T06:32:37.099+0000] {logging_mixin.py:190} INFO - [2024-11-25T06:32:37.099+0000] {dag.py:3239} INFO - Sync 1 DAGs
[2024-11-25T06:32:37.125+0000] {logging_mixin.py:190} INFO - [2024-11-25T06:32:37.124+0000] {dag.py:4180} INFO - Setting next_dagrun for example_bash_decorator to None, run_after=None
[2024-11-25T06:32:37.157+0000] {processor.py:208} INFO - Processing /home/airflow/.local/lib/python3.12/site-packages/airflow/example_dags/example_bash_decorator.py took 0.128 seconds
[2024-11-25T06:33:07.527+0000] {processor.py:186} INFO - Started process (PID=7783) to work on /home/airflow/.local/lib/python3.12/site-packages/airflow/example_dags/example_bash_decorator.py
[2024-11-25T06:33:07.529+0000] {processor.py:914} INFO - Processing file /home/airflow/.local/lib/python3.12/site-packages/airflow/example_dags/example_bash_decorator.py for tasks to queue
[2024-11-25T06:33:07.536+0000] {logging_mixin.py:190} INFO - [2024-11-25T06:33:07.535+0000] {dagbag.py:588} INFO - Filling up the DagBag from /home/airflow/.local/lib/python3.12/site-packages/airflow/example_dags/example_bash_decorator.py
[2024-11-25T06:33:07.581+0000] {processor.py:925} INFO - DAG(s) 'example_bash_decorator' retrieved from /home/airflow/.local/lib/python3.12/site-packages/airflow/example_dags/example_bash_decorator.py
[2024-11-25T06:33:07.641+0000] {logging_mixin.py:190} INFO - [2024-11-25T06:33:07.640+0000] {dag.py:3239} INFO - Sync 1 DAGs
[2024-11-25T06:33:07.667+0000] {logging_mixin.py:190} INFO - [2024-11-25T06:33:07.666+0000] {dag.py:4180} INFO - Setting next_dagrun for example_bash_decorator to None, run_after=None
[2024-11-25T06:33:07.711+0000] {processor.py:208} INFO - Processing /home/airflow/.local/lib/python3.12/site-packages/airflow/example_dags/example_bash_decorator.py took 0.197 seconds
[2024-11-25T06:33:37.832+0000] {processor.py:186} INFO - Started process (PID=8071) to work on /home/airflow/.local/lib/python3.12/site-packages/airflow/example_dags/example_bash_decorator.py
[2024-11-25T06:33:37.834+0000] {processor.py:914} INFO - Processing file /home/airflow/.local/lib/python3.12/site-packages/airflow/example_dags/example_bash_decorator.py for tasks to queue
[2024-11-25T06:33:37.836+0000] {logging_mixin.py:190} INFO - [2024-11-25T06:33:37.836+0000] {dagbag.py:588} INFO - Filling up the DagBag from /home/airflow/.local/lib/python3.12/site-packages/airflow/example_dags/example_bash_decorator.py
[2024-11-25T06:33:37.853+0000] {processor.py:925} INFO - DAG(s) 'example_bash_decorator' retrieved from /home/airflow/.local/lib/python3.12/site-packages/airflow/example_dags/example_bash_decorator.py
[2024-11-25T06:33:37.883+0000] {logging_mixin.py:190} INFO - [2024-11-25T06:33:37.882+0000] {dag.py:3239} INFO - Sync 1 DAGs
[2024-11-25T06:33:37.904+0000] {logging_mixin.py:190} INFO - [2024-11-25T06:33:37.903+0000] {dag.py:4180} INFO - Setting next_dagrun for example_bash_decorator to None, run_after=None
[2024-11-25T06:33:37.934+0000] {processor.py:208} INFO - Processing /home/airflow/.local/lib/python3.12/site-packages/airflow/example_dags/example_bash_decorator.py took 0.110 seconds
[2024-11-25T06:34:08.890+0000] {processor.py:186} INFO - Started process (PID=8360) to work on /home/airflow/.local/lib/python3.12/site-packages/airflow/example_dags/example_bash_decorator.py
[2024-11-25T06:34:08.892+0000] {processor.py:914} INFO - Processing file /home/airflow/.local/lib/python3.12/site-packages/airflow/example_dags/example_bash_decorator.py for tasks to queue
[2024-11-25T06:34:08.898+0000] {logging_mixin.py:190} INFO - [2024-11-25T06:34:08.897+0000] {dagbag.py:588} INFO - Filling up the DagBag from /home/airflow/.local/lib/python3.12/site-packages/airflow/example_dags/example_bash_decorator.py
[2024-11-25T06:34:08.946+0000] {processor.py:925} INFO - DAG(s) 'example_bash_decorator' retrieved from /home/airflow/.local/lib/python3.12/site-packages/airflow/example_dags/example_bash_decorator.py
[2024-11-25T06:34:09.033+0000] {logging_mixin.py:190} INFO - [2024-11-25T06:34:09.032+0000] {dag.py:3239} INFO - Sync 1 DAGs
[2024-11-25T06:34:09.075+0000] {logging_mixin.py:190} INFO - [2024-11-25T06:34:09.074+0000] {dag.py:4180} INFO - Setting next_dagrun for example_bash_decorator to None, run_after=None
[2024-11-25T06:34:09.151+0000] {processor.py:208} INFO - Processing /home/airflow/.local/lib/python3.12/site-packages/airflow/example_dags/example_bash_decorator.py took 0.280 seconds
[2024-11-25T06:34:39.364+0000] {processor.py:186} INFO - Started process (PID=8646) to work on /home/airflow/.local/lib/python3.12/site-packages/airflow/example_dags/example_bash_decorator.py
[2024-11-25T06:34:39.366+0000] {processor.py:914} INFO - Processing file /home/airflow/.local/lib/python3.12/site-packages/airflow/example_dags/example_bash_decorator.py for tasks to queue
[2024-11-25T06:34:39.368+0000] {logging_mixin.py:190} INFO - [2024-11-25T06:34:39.368+0000] {dagbag.py:588} INFO - Filling up the DagBag from /home/airflow/.local/lib/python3.12/site-packages/airflow/example_dags/example_bash_decorator.py
[2024-11-25T06:34:39.388+0000] {processor.py:925} INFO - DAG(s) 'example_bash_decorator' retrieved from /home/airflow/.local/lib/python3.12/site-packages/airflow/example_dags/example_bash_decorator.py
[2024-11-25T06:34:39.443+0000] {logging_mixin.py:190} INFO - [2024-11-25T06:34:39.442+0000] {dag.py:3239} INFO - Sync 1 DAGs
[2024-11-25T06:34:39.469+0000] {logging_mixin.py:190} INFO - [2024-11-25T06:34:39.468+0000] {dag.py:4180} INFO - Setting next_dagrun for example_bash_decorator to None, run_after=None
[2024-11-25T06:34:39.501+0000] {processor.py:208} INFO - Processing /home/airflow/.local/lib/python3.12/site-packages/airflow/example_dags/example_bash_decorator.py took 0.142 seconds
[2024-11-25T06:35:09.642+0000] {processor.py:186} INFO - Started process (PID=8937) to work on /home/airflow/.local/lib/python3.12/site-packages/airflow/example_dags/example_bash_decorator.py
[2024-11-25T06:35:09.643+0000] {processor.py:914} INFO - Processing file /home/airflow/.local/lib/python3.12/site-packages/airflow/example_dags/example_bash_decorator.py for tasks to queue
[2024-11-25T06:35:09.646+0000] {logging_mixin.py:190} INFO - [2024-11-25T06:35:09.646+0000] {dagbag.py:588} INFO - Filling up the DagBag from /home/airflow/.local/lib/python3.12/site-packages/airflow/example_dags/example_bash_decorator.py
[2024-11-25T06:35:09.662+0000] {processor.py:925} INFO - DAG(s) 'example_bash_decorator' retrieved from /home/airflow/.local/lib/python3.12/site-packages/airflow/example_dags/example_bash_decorator.py
[2024-11-25T06:35:09.690+0000] {logging_mixin.py:190} INFO - [2024-11-25T06:35:09.690+0000] {dag.py:3239} INFO - Sync 1 DAGs
[2024-11-25T06:35:09.707+0000] {logging_mixin.py:190} INFO - [2024-11-25T06:35:09.707+0000] {dag.py:4180} INFO - Setting next_dagrun for example_bash_decorator to None, run_after=None
[2024-11-25T06:35:09.737+0000] {processor.py:208} INFO - Processing /home/airflow/.local/lib/python3.12/site-packages/airflow/example_dags/example_bash_decorator.py took 0.101 seconds
[2024-11-25T06:35:40.486+0000] {processor.py:186} INFO - Started process (PID=9228) to work on /home/airflow/.local/lib/python3.12/site-packages/airflow/example_dags/example_bash_decorator.py
[2024-11-25T06:35:40.488+0000] {processor.py:914} INFO - Processing file /home/airflow/.local/lib/python3.12/site-packages/airflow/example_dags/example_bash_decorator.py for tasks to queue
[2024-11-25T06:35:40.492+0000] {logging_mixin.py:190} INFO - [2024-11-25T06:35:40.491+0000] {dagbag.py:588} INFO - Filling up the DagBag from /home/airflow/.local/lib/python3.12/site-packages/airflow/example_dags/example_bash_decorator.py
[2024-11-25T06:35:40.525+0000] {processor.py:925} INFO - DAG(s) 'example_bash_decorator' retrieved from /home/airflow/.local/lib/python3.12/site-packages/airflow/example_dags/example_bash_decorator.py
[2024-11-25T06:35:40.566+0000] {logging_mixin.py:190} INFO - [2024-11-25T06:35:40.566+0000] {dag.py:3239} INFO - Sync 1 DAGs
[2024-11-25T06:35:40.598+0000] {logging_mixin.py:190} INFO - [2024-11-25T06:35:40.598+0000] {dag.py:4180} INFO - Setting next_dagrun for example_bash_decorator to None, run_after=None
[2024-11-25T06:35:40.635+0000] {processor.py:208} INFO - Processing /home/airflow/.local/lib/python3.12/site-packages/airflow/example_dags/example_bash_decorator.py took 0.158 seconds
[2024-11-25T06:36:11.287+0000] {processor.py:186} INFO - Started process (PID=9519) to work on /home/airflow/.local/lib/python3.12/site-packages/airflow/example_dags/example_bash_decorator.py
[2024-11-25T06:36:11.288+0000] {processor.py:914} INFO - Processing file /home/airflow/.local/lib/python3.12/site-packages/airflow/example_dags/example_bash_decorator.py for tasks to queue
[2024-11-25T06:36:11.292+0000] {logging_mixin.py:190} INFO - [2024-11-25T06:36:11.291+0000] {dagbag.py:588} INFO - Filling up the DagBag from /home/airflow/.local/lib/python3.12/site-packages/airflow/example_dags/example_bash_decorator.py
[2024-11-25T06:36:11.314+0000] {processor.py:925} INFO - DAG(s) 'example_bash_decorator' retrieved from /home/airflow/.local/lib/python3.12/site-packages/airflow/example_dags/example_bash_decorator.py
[2024-11-25T06:36:11.348+0000] {logging_mixin.py:190} INFO - [2024-11-25T06:36:11.348+0000] {dag.py:3239} INFO - Sync 1 DAGs
[2024-11-25T06:36:11.378+0000] {logging_mixin.py:190} INFO - [2024-11-25T06:36:11.377+0000] {dag.py:4180} INFO - Setting next_dagrun for example_bash_decorator to None, run_after=None
[2024-11-25T06:36:11.423+0000] {processor.py:208} INFO - Processing /home/airflow/.local/lib/python3.12/site-packages/airflow/example_dags/example_bash_decorator.py took 0.144 seconds
[2024-11-25T06:36:41.565+0000] {processor.py:186} INFO - Started process (PID=9810) to work on /home/airflow/.local/lib/python3.12/site-packages/airflow/example_dags/example_bash_decorator.py
[2024-11-25T06:36:41.567+0000] {processor.py:914} INFO - Processing file /home/airflow/.local/lib/python3.12/site-packages/airflow/example_dags/example_bash_decorator.py for tasks to queue
[2024-11-25T06:36:41.570+0000] {logging_mixin.py:190} INFO - [2024-11-25T06:36:41.570+0000] {dagbag.py:588} INFO - Filling up the DagBag from /home/airflow/.local/lib/python3.12/site-packages/airflow/example_dags/example_bash_decorator.py
[2024-11-25T06:36:41.596+0000] {processor.py:925} INFO - DAG(s) 'example_bash_decorator' retrieved from /home/airflow/.local/lib/python3.12/site-packages/airflow/example_dags/example_bash_decorator.py
[2024-11-25T06:36:41.644+0000] {logging_mixin.py:190} INFO - [2024-11-25T06:36:41.644+0000] {dag.py:3239} INFO - Sync 1 DAGs
[2024-11-25T06:36:41.670+0000] {logging_mixin.py:190} INFO - [2024-11-25T06:36:41.670+0000] {dag.py:4180} INFO - Setting next_dagrun for example_bash_decorator to None, run_after=None
[2024-11-25T06:36:41.704+0000] {processor.py:208} INFO - Processing /home/airflow/.local/lib/python3.12/site-packages/airflow/example_dags/example_bash_decorator.py took 0.147 seconds
[2024-11-25T06:37:11.945+0000] {processor.py:186} INFO - Started process (PID=10101) to work on /home/airflow/.local/lib/python3.12/site-packages/airflow/example_dags/example_bash_decorator.py
[2024-11-25T06:37:11.946+0000] {processor.py:914} INFO - Processing file /home/airflow/.local/lib/python3.12/site-packages/airflow/example_dags/example_bash_decorator.py for tasks to queue
[2024-11-25T06:37:11.949+0000] {logging_mixin.py:190} INFO - [2024-11-25T06:37:11.949+0000] {dagbag.py:588} INFO - Filling up the DagBag from /home/airflow/.local/lib/python3.12/site-packages/airflow/example_dags/example_bash_decorator.py
[2024-11-25T06:37:11.969+0000] {processor.py:925} INFO - DAG(s) 'example_bash_decorator' retrieved from /home/airflow/.local/lib/python3.12/site-packages/airflow/example_dags/example_bash_decorator.py
[2024-11-25T06:37:12.010+0000] {logging_mixin.py:190} INFO - [2024-11-25T06:37:12.010+0000] {dag.py:3239} INFO - Sync 1 DAGs
[2024-11-25T06:37:12.033+0000] {logging_mixin.py:190} INFO - [2024-11-25T06:37:12.033+0000] {dag.py:4180} INFO - Setting next_dagrun for example_bash_decorator to None, run_after=None
[2024-11-25T06:37:12.066+0000] {processor.py:208} INFO - Processing /home/airflow/.local/lib/python3.12/site-packages/airflow/example_dags/example_bash_decorator.py took 0.128 seconds
[2024-11-25T06:37:42.592+0000] {processor.py:186} INFO - Started process (PID=10392) to work on /home/airflow/.local/lib/python3.12/site-packages/airflow/example_dags/example_bash_decorator.py
[2024-11-25T06:37:42.594+0000] {processor.py:914} INFO - Processing file /home/airflow/.local/lib/python3.12/site-packages/airflow/example_dags/example_bash_decorator.py for tasks to queue
[2024-11-25T06:37:42.597+0000] {logging_mixin.py:190} INFO - [2024-11-25T06:37:42.596+0000] {dagbag.py:588} INFO - Filling up the DagBag from /home/airflow/.local/lib/python3.12/site-packages/airflow/example_dags/example_bash_decorator.py
[2024-11-25T06:37:42.615+0000] {processor.py:925} INFO - DAG(s) 'example_bash_decorator' retrieved from /home/airflow/.local/lib/python3.12/site-packages/airflow/example_dags/example_bash_decorator.py
[2024-11-25T06:37:42.650+0000] {logging_mixin.py:190} INFO - [2024-11-25T06:37:42.650+0000] {dag.py:3239} INFO - Sync 1 DAGs
[2024-11-25T06:37:42.668+0000] {logging_mixin.py:190} INFO - [2024-11-25T06:37:42.668+0000] {dag.py:4180} INFO - Setting next_dagrun for example_bash_decorator to None, run_after=None
[2024-11-25T06:37:42.695+0000] {processor.py:208} INFO - Processing /home/airflow/.local/lib/python3.12/site-packages/airflow/example_dags/example_bash_decorator.py took 0.108 seconds
[2024-11-25T06:38:13.502+0000] {processor.py:186} INFO - Started process (PID=10683) to work on /home/airflow/.local/lib/python3.12/site-packages/airflow/example_dags/example_bash_decorator.py
[2024-11-25T06:38:13.504+0000] {processor.py:914} INFO - Processing file /home/airflow/.local/lib/python3.12/site-packages/airflow/example_dags/example_bash_decorator.py for tasks to queue
[2024-11-25T06:38:13.510+0000] {logging_mixin.py:190} INFO - [2024-11-25T06:38:13.509+0000] {dagbag.py:588} INFO - Filling up the DagBag from /home/airflow/.local/lib/python3.12/site-packages/airflow/example_dags/example_bash_decorator.py
[2024-11-25T06:38:13.566+0000] {processor.py:925} INFO - DAG(s) 'example_bash_decorator' retrieved from /home/airflow/.local/lib/python3.12/site-packages/airflow/example_dags/example_bash_decorator.py
[2024-11-25T06:38:13.619+0000] {logging_mixin.py:190} INFO - [2024-11-25T06:38:13.618+0000] {dag.py:3239} INFO - Sync 1 DAGs
[2024-11-25T06:38:13.667+0000] {logging_mixin.py:190} INFO - [2024-11-25T06:38:13.666+0000] {dag.py:4180} INFO - Setting next_dagrun for example_bash_decorator to None, run_after=None
[2024-11-25T06:38:13.739+0000] {processor.py:208} INFO - Processing /home/airflow/.local/lib/python3.12/site-packages/airflow/example_dags/example_bash_decorator.py took 0.255 seconds
[2024-11-25T06:38:44.496+0000] {processor.py:186} INFO - Started process (PID=10974) to work on /home/airflow/.local/lib/python3.12/site-packages/airflow/example_dags/example_bash_decorator.py
[2024-11-25T06:38:44.498+0000] {processor.py:914} INFO - Processing file /home/airflow/.local/lib/python3.12/site-packages/airflow/example_dags/example_bash_decorator.py for tasks to queue
[2024-11-25T06:38:44.500+0000] {logging_mixin.py:190} INFO - [2024-11-25T06:38:44.500+0000] {dagbag.py:588} INFO - Filling up the DagBag from /home/airflow/.local/lib/python3.12/site-packages/airflow/example_dags/example_bash_decorator.py
[2024-11-25T06:38:44.518+0000] {processor.py:925} INFO - DAG(s) 'example_bash_decorator' retrieved from /home/airflow/.local/lib/python3.12/site-packages/airflow/example_dags/example_bash_decorator.py
[2024-11-25T06:38:44.549+0000] {logging_mixin.py:190} INFO - [2024-11-25T06:38:44.549+0000] {dag.py:3239} INFO - Sync 1 DAGs
[2024-11-25T06:38:44.567+0000] {logging_mixin.py:190} INFO - [2024-11-25T06:38:44.566+0000] {dag.py:4180} INFO - Setting next_dagrun for example_bash_decorator to None, run_after=None
[2024-11-25T06:38:44.596+0000] {processor.py:208} INFO - Processing /home/airflow/.local/lib/python3.12/site-packages/airflow/example_dags/example_bash_decorator.py took 0.106 seconds
[2024-11-25T06:39:15.067+0000] {processor.py:186} INFO - Started process (PID=11265) to work on /home/airflow/.local/lib/python3.12/site-packages/airflow/example_dags/example_bash_decorator.py
[2024-11-25T06:39:15.086+0000] {processor.py:914} INFO - Processing file /home/airflow/.local/lib/python3.12/site-packages/airflow/example_dags/example_bash_decorator.py for tasks to queue
[2024-11-25T06:39:15.091+0000] {logging_mixin.py:190} INFO - [2024-11-25T06:39:15.090+0000] {dagbag.py:588} INFO - Filling up the DagBag from /home/airflow/.local/lib/python3.12/site-packages/airflow/example_dags/example_bash_decorator.py
[2024-11-25T06:39:15.125+0000] {processor.py:925} INFO - DAG(s) 'example_bash_decorator' retrieved from /home/airflow/.local/lib/python3.12/site-packages/airflow/example_dags/example_bash_decorator.py
[2024-11-25T06:39:15.209+0000] {logging_mixin.py:190} INFO - [2024-11-25T06:39:15.209+0000] {dag.py:3239} INFO - Sync 1 DAGs
[2024-11-25T06:39:15.270+0000] {logging_mixin.py:190} INFO - [2024-11-25T06:39:15.269+0000] {dag.py:4180} INFO - Setting next_dagrun for example_bash_decorator to None, run_after=None
[2024-11-25T06:39:15.331+0000] {processor.py:208} INFO - Processing /home/airflow/.local/lib/python3.12/site-packages/airflow/example_dags/example_bash_decorator.py took 0.286 seconds
[2024-11-25T06:39:45.501+0000] {processor.py:186} INFO - Started process (PID=11556) to work on /home/airflow/.local/lib/python3.12/site-packages/airflow/example_dags/example_bash_decorator.py
[2024-11-25T06:39:45.503+0000] {processor.py:914} INFO - Processing file /home/airflow/.local/lib/python3.12/site-packages/airflow/example_dags/example_bash_decorator.py for tasks to queue
[2024-11-25T06:39:45.508+0000] {logging_mixin.py:190} INFO - [2024-11-25T06:39:45.507+0000] {dagbag.py:588} INFO - Filling up the DagBag from /home/airflow/.local/lib/python3.12/site-packages/airflow/example_dags/example_bash_decorator.py
[2024-11-25T06:39:45.545+0000] {processor.py:925} INFO - DAG(s) 'example_bash_decorator' retrieved from /home/airflow/.local/lib/python3.12/site-packages/airflow/example_dags/example_bash_decorator.py
[2024-11-25T06:39:45.600+0000] {logging_mixin.py:190} INFO - [2024-11-25T06:39:45.599+0000] {dag.py:3239} INFO - Sync 1 DAGs
[2024-11-25T06:39:45.631+0000] {logging_mixin.py:190} INFO - [2024-11-25T06:39:45.630+0000] {dag.py:4180} INFO - Setting next_dagrun for example_bash_decorator to None, run_after=None
[2024-11-25T06:39:45.688+0000] {processor.py:208} INFO - Processing /home/airflow/.local/lib/python3.12/site-packages/airflow/example_dags/example_bash_decorator.py took 0.200 seconds
[2024-11-25T06:40:16.497+0000] {processor.py:186} INFO - Started process (PID=11847) to work on /home/airflow/.local/lib/python3.12/site-packages/airflow/example_dags/example_bash_decorator.py
[2024-11-25T06:40:16.499+0000] {processor.py:914} INFO - Processing file /home/airflow/.local/lib/python3.12/site-packages/airflow/example_dags/example_bash_decorator.py for tasks to queue
[2024-11-25T06:40:16.503+0000] {logging_mixin.py:190} INFO - [2024-11-25T06:40:16.502+0000] {dagbag.py:588} INFO - Filling up the DagBag from /home/airflow/.local/lib/python3.12/site-packages/airflow/example_dags/example_bash_decorator.py
[2024-11-25T06:40:16.526+0000] {processor.py:925} INFO - DAG(s) 'example_bash_decorator' retrieved from /home/airflow/.local/lib/python3.12/site-packages/airflow/example_dags/example_bash_decorator.py
[2024-11-25T06:40:16.592+0000] {logging_mixin.py:190} INFO - [2024-11-25T06:40:16.591+0000] {dag.py:3239} INFO - Sync 1 DAGs
[2024-11-25T06:40:16.630+0000] {logging_mixin.py:190} INFO - [2024-11-25T06:40:16.629+0000] {dag.py:4180} INFO - Setting next_dagrun for example_bash_decorator to None, run_after=None
[2024-11-25T06:40:16.699+0000] {processor.py:208} INFO - Processing /home/airflow/.local/lib/python3.12/site-packages/airflow/example_dags/example_bash_decorator.py took 0.212 seconds
[2024-11-25T06:40:46.812+0000] {processor.py:186} INFO - Started process (PID=12138) to work on /home/airflow/.local/lib/python3.12/site-packages/airflow/example_dags/example_bash_decorator.py
[2024-11-25T06:40:46.813+0000] {processor.py:914} INFO - Processing file /home/airflow/.local/lib/python3.12/site-packages/airflow/example_dags/example_bash_decorator.py for tasks to queue
[2024-11-25T06:40:46.816+0000] {logging_mixin.py:190} INFO - [2024-11-25T06:40:46.816+0000] {dagbag.py:588} INFO - Filling up the DagBag from /home/airflow/.local/lib/python3.12/site-packages/airflow/example_dags/example_bash_decorator.py
[2024-11-25T06:40:46.836+0000] {processor.py:925} INFO - DAG(s) 'example_bash_decorator' retrieved from /home/airflow/.local/lib/python3.12/site-packages/airflow/example_dags/example_bash_decorator.py
[2024-11-25T06:40:46.864+0000] {logging_mixin.py:190} INFO - [2024-11-25T06:40:46.864+0000] {dag.py:3239} INFO - Sync 1 DAGs
[2024-11-25T06:40:46.882+0000] {logging_mixin.py:190} INFO - [2024-11-25T06:40:46.882+0000] {dag.py:4180} INFO - Setting next_dagrun for example_bash_decorator to None, run_after=None
[2024-11-25T06:40:46.908+0000] {processor.py:208} INFO - Processing /home/airflow/.local/lib/python3.12/site-packages/airflow/example_dags/example_bash_decorator.py took 0.103 seconds
[2024-11-25T06:41:17.247+0000] {processor.py:186} INFO - Started process (PID=12429) to work on /home/airflow/.local/lib/python3.12/site-packages/airflow/example_dags/example_bash_decorator.py
[2024-11-25T06:41:17.249+0000] {processor.py:914} INFO - Processing file /home/airflow/.local/lib/python3.12/site-packages/airflow/example_dags/example_bash_decorator.py for tasks to queue
[2024-11-25T06:41:17.254+0000] {logging_mixin.py:190} INFO - [2024-11-25T06:41:17.253+0000] {dagbag.py:588} INFO - Filling up the DagBag from /home/airflow/.local/lib/python3.12/site-packages/airflow/example_dags/example_bash_decorator.py
[2024-11-25T06:41:17.278+0000] {processor.py:925} INFO - DAG(s) 'example_bash_decorator' retrieved from /home/airflow/.local/lib/python3.12/site-packages/airflow/example_dags/example_bash_decorator.py
[2024-11-25T06:41:17.321+0000] {logging_mixin.py:190} INFO - [2024-11-25T06:41:17.321+0000] {dag.py:3239} INFO - Sync 1 DAGs
[2024-11-25T06:41:17.344+0000] {logging_mixin.py:190} INFO - [2024-11-25T06:41:17.344+0000] {dag.py:4180} INFO - Setting next_dagrun for example_bash_decorator to None, run_after=None
[2024-11-25T06:41:17.379+0000] {processor.py:208} INFO - Processing /home/airflow/.local/lib/python3.12/site-packages/airflow/example_dags/example_bash_decorator.py took 0.139 seconds
[2024-11-25T06:41:47.567+0000] {processor.py:186} INFO - Started process (PID=12720) to work on /home/airflow/.local/lib/python3.12/site-packages/airflow/example_dags/example_bash_decorator.py
[2024-11-25T06:41:47.568+0000] {processor.py:914} INFO - Processing file /home/airflow/.local/lib/python3.12/site-packages/airflow/example_dags/example_bash_decorator.py for tasks to queue
[2024-11-25T06:41:47.572+0000] {logging_mixin.py:190} INFO - [2024-11-25T06:41:47.572+0000] {dagbag.py:588} INFO - Filling up the DagBag from /home/airflow/.local/lib/python3.12/site-packages/airflow/example_dags/example_bash_decorator.py
[2024-11-25T06:41:47.590+0000] {processor.py:925} INFO - DAG(s) 'example_bash_decorator' retrieved from /home/airflow/.local/lib/python3.12/site-packages/airflow/example_dags/example_bash_decorator.py
[2024-11-25T06:41:47.621+0000] {logging_mixin.py:190} INFO - [2024-11-25T06:41:47.621+0000] {dag.py:3239} INFO - Sync 1 DAGs
[2024-11-25T06:41:47.639+0000] {logging_mixin.py:190} INFO - [2024-11-25T06:41:47.639+0000] {dag.py:4180} INFO - Setting next_dagrun for example_bash_decorator to None, run_after=None
[2024-11-25T06:41:47.667+0000] {processor.py:208} INFO - Processing /home/airflow/.local/lib/python3.12/site-packages/airflow/example_dags/example_bash_decorator.py took 0.107 seconds
[2024-11-25T06:42:20.066+0000] {processor.py:186} INFO - Started process (PID=13011) to work on /home/airflow/.local/lib/python3.12/site-packages/airflow/example_dags/example_bash_decorator.py
[2024-11-25T06:42:20.068+0000] {processor.py:914} INFO - Processing file /home/airflow/.local/lib/python3.12/site-packages/airflow/example_dags/example_bash_decorator.py for tasks to queue
[2024-11-25T06:42:20.071+0000] {logging_mixin.py:190} INFO - [2024-11-25T06:42:20.071+0000] {dagbag.py:588} INFO - Filling up the DagBag from /home/airflow/.local/lib/python3.12/site-packages/airflow/example_dags/example_bash_decorator.py
[2024-11-25T06:42:20.102+0000] {processor.py:925} INFO - DAG(s) 'example_bash_decorator' retrieved from /home/airflow/.local/lib/python3.12/site-packages/airflow/example_dags/example_bash_decorator.py
[2024-11-25T06:42:20.158+0000] {logging_mixin.py:190} INFO - [2024-11-25T06:42:20.158+0000] {dag.py:3239} INFO - Sync 1 DAGs
[2024-11-25T06:42:20.203+0000] {logging_mixin.py:190} INFO - [2024-11-25T06:42:20.203+0000] {dag.py:4180} INFO - Setting next_dagrun for example_bash_decorator to None, run_after=None
[2024-11-25T06:42:20.250+0000] {processor.py:208} INFO - Processing /home/airflow/.local/lib/python3.12/site-packages/airflow/example_dags/example_bash_decorator.py took 0.193 seconds
[2024-11-25T06:42:51.087+0000] {processor.py:186} INFO - Started process (PID=13307) to work on /home/airflow/.local/lib/python3.12/site-packages/airflow/example_dags/example_bash_decorator.py
[2024-11-25T06:42:51.090+0000] {processor.py:914} INFO - Processing file /home/airflow/.local/lib/python3.12/site-packages/airflow/example_dags/example_bash_decorator.py for tasks to queue
[2024-11-25T06:42:51.096+0000] {logging_mixin.py:190} INFO - [2024-11-25T06:42:51.095+0000] {dagbag.py:588} INFO - Filling up the DagBag from /home/airflow/.local/lib/python3.12/site-packages/airflow/example_dags/example_bash_decorator.py
[2024-11-25T06:42:51.135+0000] {processor.py:925} INFO - DAG(s) 'example_bash_decorator' retrieved from /home/airflow/.local/lib/python3.12/site-packages/airflow/example_dags/example_bash_decorator.py
[2024-11-25T06:42:51.203+0000] {logging_mixin.py:190} INFO - [2024-11-25T06:42:51.202+0000] {dag.py:3239} INFO - Sync 1 DAGs
[2024-11-25T06:42:51.240+0000] {logging_mixin.py:190} INFO - [2024-11-25T06:42:51.239+0000] {dag.py:4180} INFO - Setting next_dagrun for example_bash_decorator to None, run_after=None
[2024-11-25T06:42:51.304+0000] {processor.py:208} INFO - Processing /home/airflow/.local/lib/python3.12/site-packages/airflow/example_dags/example_bash_decorator.py took 0.231 seconds
[2024-11-25T06:43:23.619+0000] {processor.py:186} INFO - Started process (PID=13626) to work on /home/airflow/.local/lib/python3.12/site-packages/airflow/example_dags/example_bash_decorator.py
[2024-11-25T06:43:23.621+0000] {processor.py:914} INFO - Processing file /home/airflow/.local/lib/python3.12/site-packages/airflow/example_dags/example_bash_decorator.py for tasks to queue
[2024-11-25T06:43:23.625+0000] {logging_mixin.py:190} INFO - [2024-11-25T06:43:23.624+0000] {dagbag.py:588} INFO - Filling up the DagBag from /home/airflow/.local/lib/python3.12/site-packages/airflow/example_dags/example_bash_decorator.py
[2024-11-25T06:43:23.646+0000] {processor.py:925} INFO - DAG(s) 'example_bash_decorator' retrieved from /home/airflow/.local/lib/python3.12/site-packages/airflow/example_dags/example_bash_decorator.py
[2024-11-25T06:43:23.676+0000] {logging_mixin.py:190} INFO - [2024-11-25T06:43:23.675+0000] {dag.py:3239} INFO - Sync 1 DAGs
[2024-11-25T06:43:23.700+0000] {logging_mixin.py:190} INFO - [2024-11-25T06:43:23.700+0000] {dag.py:4180} INFO - Setting next_dagrun for example_bash_decorator to None, run_after=None
[2024-11-25T06:43:23.732+0000] {processor.py:208} INFO - Processing /home/airflow/.local/lib/python3.12/site-packages/airflow/example_dags/example_bash_decorator.py took 0.120 seconds
