[2024-11-25T06:15:52.040+0000] {processor.py:186} INFO - Started process (PID=213) to work on /home/airflow/.local/lib/python3.12/site-packages/airflow/example_dags/example_xcomargs.py
[2024-11-25T06:15:52.042+0000] {processor.py:914} INFO - Processing file /home/airflow/.local/lib/python3.12/site-packages/airflow/example_dags/example_xcomargs.py for tasks to queue
[2024-11-25T06:15:52.048+0000] {logging_mixin.py:190} INFO - [2024-11-25T06:15:52.047+0000] {dagbag.py:588} INFO - Filling up the DagBag from /home/airflow/.local/lib/python3.12/site-packages/airflow/example_dags/example_xcomargs.py
[2024-11-25T06:15:52.071+0000] {processor.py:925} INFO - DAG(s) 'example_xcom_args', 'example_xcom_args_with_operators' retrieved from /home/airflow/.local/lib/python3.12/site-packages/airflow/example_dags/example_xcomargs.py
[2024-11-25T06:15:52.367+0000] {logging_mixin.py:190} INFO - [2024-11-25T06:15:52.360+0000] {override.py:1911} INFO - Created Permission View: can read on DAG:example_xcom_args
[2024-11-25T06:15:52.395+0000] {logging_mixin.py:190} INFO - [2024-11-25T06:15:52.394+0000] {override.py:1911} INFO - Created Permission View: can delete on DAG:example_xcom_args
[2024-11-25T06:15:52.414+0000] {logging_mixin.py:190} INFO - [2024-11-25T06:15:52.413+0000] {override.py:1911} INFO - Created Permission View: can edit on DAG:example_xcom_args
[2024-11-25T06:15:52.436+0000] {logging_mixin.py:190} INFO - [2024-11-25T06:15:52.435+0000] {override.py:1911} INFO - Created Permission View: menu access on DAG Run:example_xcom_args
[2024-11-25T06:15:52.454+0000] {logging_mixin.py:190} INFO - [2024-11-25T06:15:52.454+0000] {override.py:1911} INFO - Created Permission View: can read on DAG Run:example_xcom_args
[2024-11-25T06:15:52.471+0000] {logging_mixin.py:190} INFO - [2024-11-25T06:15:52.470+0000] {override.py:1911} INFO - Created Permission View: can create on DAG Run:example_xcom_args
[2024-11-25T06:15:52.491+0000] {logging_mixin.py:190} INFO - [2024-11-25T06:15:52.490+0000] {override.py:1911} INFO - Created Permission View: can delete on DAG Run:example_xcom_args
[2024-11-25T06:15:52.536+0000] {logging_mixin.py:190} INFO - [2024-11-25T06:15:52.535+0000] {override.py:1911} INFO - Created Permission View: can read on DAG:example_xcom_args_with_operators
[2024-11-25T06:15:52.552+0000] {logging_mixin.py:190} INFO - [2024-11-25T06:15:52.552+0000] {override.py:1911} INFO - Created Permission View: can delete on DAG:example_xcom_args_with_operators
[2024-11-25T06:15:52.569+0000] {logging_mixin.py:190} INFO - [2024-11-25T06:15:52.568+0000] {override.py:1911} INFO - Created Permission View: can edit on DAG:example_xcom_args_with_operators
[2024-11-25T06:15:52.590+0000] {logging_mixin.py:190} INFO - [2024-11-25T06:15:52.590+0000] {override.py:1911} INFO - Created Permission View: menu access on DAG Run:example_xcom_args_with_operators
[2024-11-25T06:15:52.608+0000] {logging_mixin.py:190} INFO - [2024-11-25T06:15:52.608+0000] {override.py:1911} INFO - Created Permission View: can read on DAG Run:example_xcom_args_with_operators
[2024-11-25T06:15:52.625+0000] {logging_mixin.py:190} INFO - [2024-11-25T06:15:52.624+0000] {override.py:1911} INFO - Created Permission View: can create on DAG Run:example_xcom_args_with_operators
[2024-11-25T06:15:52.640+0000] {logging_mixin.py:190} INFO - [2024-11-25T06:15:52.640+0000] {override.py:1911} INFO - Created Permission View: can delete on DAG Run:example_xcom_args_with_operators
[2024-11-25T06:15:52.642+0000] {logging_mixin.py:190} INFO - [2024-11-25T06:15:52.641+0000] {dag.py:3239} INFO - Sync 2 DAGs
[2024-11-25T06:15:52.669+0000] {logging_mixin.py:190} INFO - [2024-11-25T06:15:52.669+0000] {dag.py:3262} INFO - Creating ORM DAG for example_xcom_args
[2024-11-25T06:15:52.672+0000] {logging_mixin.py:190} INFO - [2024-11-25T06:15:52.672+0000] {dag.py:3262} INFO - Creating ORM DAG for example_xcom_args_with_operators
[2024-11-25T06:15:52.675+0000] {logging_mixin.py:190} INFO - [2024-11-25T06:15:52.674+0000] {dag.py:4180} INFO - Setting next_dagrun for example_xcom_args to None, run_after=None
[2024-11-25T06:15:52.677+0000] {logging_mixin.py:190} INFO - [2024-11-25T06:15:52.677+0000] {dag.py:4180} INFO - Setting next_dagrun for example_xcom_args_with_operators to None, run_after=None
[2024-11-25T06:15:52.740+0000] {processor.py:208} INFO - Processing /home/airflow/.local/lib/python3.12/site-packages/airflow/example_dags/example_xcomargs.py took 0.710 seconds
[2024-11-25T06:16:22.921+0000] {processor.py:186} INFO - Started process (PID=506) to work on /home/airflow/.local/lib/python3.12/site-packages/airflow/example_dags/example_xcomargs.py
[2024-11-25T06:16:22.923+0000] {processor.py:914} INFO - Processing file /home/airflow/.local/lib/python3.12/site-packages/airflow/example_dags/example_xcomargs.py for tasks to queue
[2024-11-25T06:16:22.926+0000] {logging_mixin.py:190} INFO - [2024-11-25T06:16:22.926+0000] {dagbag.py:588} INFO - Filling up the DagBag from /home/airflow/.local/lib/python3.12/site-packages/airflow/example_dags/example_xcomargs.py
[2024-11-25T06:16:22.943+0000] {processor.py:925} INFO - DAG(s) 'example_xcom_args_with_operators', 'example_xcom_args' retrieved from /home/airflow/.local/lib/python3.12/site-packages/airflow/example_dags/example_xcomargs.py
[2024-11-25T06:16:22.985+0000] {logging_mixin.py:190} INFO - [2024-11-25T06:16:22.984+0000] {dag.py:3239} INFO - Sync 2 DAGs
[2024-11-25T06:16:23.020+0000] {logging_mixin.py:190} INFO - [2024-11-25T06:16:23.020+0000] {dag.py:4180} INFO - Setting next_dagrun for example_xcom_args to None, run_after=None
[2024-11-25T06:16:23.028+0000] {logging_mixin.py:190} INFO - [2024-11-25T06:16:23.027+0000] {dag.py:4180} INFO - Setting next_dagrun for example_xcom_args_with_operators to None, run_after=None
[2024-11-25T06:16:23.058+0000] {processor.py:208} INFO - Processing /home/airflow/.local/lib/python3.12/site-packages/airflow/example_dags/example_xcomargs.py took 0.147 seconds
[2024-11-25T06:16:53.453+0000] {processor.py:186} INFO - Started process (PID=795) to work on /home/airflow/.local/lib/python3.12/site-packages/airflow/example_dags/example_xcomargs.py
[2024-11-25T06:16:53.456+0000] {processor.py:914} INFO - Processing file /home/airflow/.local/lib/python3.12/site-packages/airflow/example_dags/example_xcomargs.py for tasks to queue
[2024-11-25T06:16:53.460+0000] {logging_mixin.py:190} INFO - [2024-11-25T06:16:53.460+0000] {dagbag.py:588} INFO - Filling up the DagBag from /home/airflow/.local/lib/python3.12/site-packages/airflow/example_dags/example_xcomargs.py
[2024-11-25T06:16:53.491+0000] {processor.py:925} INFO - DAG(s) 'example_xcom_args_with_operators', 'example_xcom_args' retrieved from /home/airflow/.local/lib/python3.12/site-packages/airflow/example_dags/example_xcomargs.py
[2024-11-25T06:16:53.539+0000] {logging_mixin.py:190} INFO - [2024-11-25T06:16:53.539+0000] {dag.py:3239} INFO - Sync 2 DAGs
[2024-11-25T06:16:53.563+0000] {logging_mixin.py:190} INFO - [2024-11-25T06:16:53.563+0000] {dag.py:4180} INFO - Setting next_dagrun for example_xcom_args to None, run_after=None
[2024-11-25T06:16:53.570+0000] {logging_mixin.py:190} INFO - [2024-11-25T06:16:53.570+0000] {dag.py:4180} INFO - Setting next_dagrun for example_xcom_args_with_operators to None, run_after=None
[2024-11-25T06:16:53.615+0000] {processor.py:208} INFO - Processing /home/airflow/.local/lib/python3.12/site-packages/airflow/example_dags/example_xcomargs.py took 0.177 seconds
[2024-11-25T06:17:23.842+0000] {processor.py:186} INFO - Started process (PID=1088) to work on /home/airflow/.local/lib/python3.12/site-packages/airflow/example_dags/example_xcomargs.py
[2024-11-25T06:17:23.843+0000] {processor.py:914} INFO - Processing file /home/airflow/.local/lib/python3.12/site-packages/airflow/example_dags/example_xcomargs.py for tasks to queue
[2024-11-25T06:17:23.847+0000] {logging_mixin.py:190} INFO - [2024-11-25T06:17:23.846+0000] {dagbag.py:588} INFO - Filling up the DagBag from /home/airflow/.local/lib/python3.12/site-packages/airflow/example_dags/example_xcomargs.py
[2024-11-25T06:17:23.865+0000] {processor.py:925} INFO - DAG(s) 'example_xcom_args', 'example_xcom_args_with_operators' retrieved from /home/airflow/.local/lib/python3.12/site-packages/airflow/example_dags/example_xcomargs.py
[2024-11-25T06:17:23.904+0000] {logging_mixin.py:190} INFO - [2024-11-25T06:17:23.903+0000] {dag.py:3239} INFO - Sync 2 DAGs
[2024-11-25T06:17:23.929+0000] {logging_mixin.py:190} INFO - [2024-11-25T06:17:23.929+0000] {dag.py:4180} INFO - Setting next_dagrun for example_xcom_args to None, run_after=None
[2024-11-25T06:17:23.935+0000] {logging_mixin.py:190} INFO - [2024-11-25T06:17:23.934+0000] {dag.py:4180} INFO - Setting next_dagrun for example_xcom_args_with_operators to None, run_after=None
[2024-11-25T06:17:23.965+0000] {processor.py:208} INFO - Processing /home/airflow/.local/lib/python3.12/site-packages/airflow/example_dags/example_xcomargs.py took 0.137 seconds
[2024-11-25T06:19:43.482+0000] {processor.py:186} INFO - Started process (PID=235) to work on /home/airflow/.local/lib/python3.12/site-packages/airflow/example_dags/example_xcomargs.py
[2024-11-25T06:19:43.488+0000] {processor.py:914} INFO - Processing file /home/airflow/.local/lib/python3.12/site-packages/airflow/example_dags/example_xcomargs.py for tasks to queue
[2024-11-25T06:19:43.493+0000] {logging_mixin.py:190} INFO - [2024-11-25T06:19:43.492+0000] {dagbag.py:588} INFO - Filling up the DagBag from /home/airflow/.local/lib/python3.12/site-packages/airflow/example_dags/example_xcomargs.py
[2024-11-25T06:19:43.531+0000] {processor.py:925} INFO - DAG(s) 'example_xcom_args_with_operators', 'example_xcom_args' retrieved from /home/airflow/.local/lib/python3.12/site-packages/airflow/example_dags/example_xcomargs.py
[2024-11-25T06:19:43.618+0000] {logging_mixin.py:190} INFO - [2024-11-25T06:19:43.617+0000] {dag.py:3239} INFO - Sync 2 DAGs
[2024-11-25T06:19:43.657+0000] {logging_mixin.py:190} INFO - [2024-11-25T06:19:43.656+0000] {dag.py:4180} INFO - Setting next_dagrun for example_xcom_args to None, run_after=None
[2024-11-25T06:19:43.669+0000] {logging_mixin.py:190} INFO - [2024-11-25T06:19:43.667+0000] {dag.py:4180} INFO - Setting next_dagrun for example_xcom_args_with_operators to None, run_after=None
[2024-11-25T06:19:43.715+0000] {processor.py:208} INFO - Processing /home/airflow/.local/lib/python3.12/site-packages/airflow/example_dags/example_xcomargs.py took 0.246 seconds
[2024-11-25T06:20:13.872+0000] {processor.py:186} INFO - Started process (PID=521) to work on /home/airflow/.local/lib/python3.12/site-packages/airflow/example_dags/example_xcomargs.py
[2024-11-25T06:20:13.874+0000] {processor.py:914} INFO - Processing file /home/airflow/.local/lib/python3.12/site-packages/airflow/example_dags/example_xcomargs.py for tasks to queue
[2024-11-25T06:20:13.877+0000] {logging_mixin.py:190} INFO - [2024-11-25T06:20:13.876+0000] {dagbag.py:588} INFO - Filling up the DagBag from /home/airflow/.local/lib/python3.12/site-packages/airflow/example_dags/example_xcomargs.py
[2024-11-25T06:20:13.891+0000] {processor.py:925} INFO - DAG(s) 'example_xcom_args', 'example_xcom_args_with_operators' retrieved from /home/airflow/.local/lib/python3.12/site-packages/airflow/example_dags/example_xcomargs.py
[2024-11-25T06:20:13.931+0000] {logging_mixin.py:190} INFO - [2024-11-25T06:20:13.931+0000] {dag.py:3239} INFO - Sync 2 DAGs
[2024-11-25T06:20:13.963+0000] {logging_mixin.py:190} INFO - [2024-11-25T06:20:13.962+0000] {dag.py:4180} INFO - Setting next_dagrun for example_xcom_args to None, run_after=None
[2024-11-25T06:20:13.971+0000] {logging_mixin.py:190} INFO - [2024-11-25T06:20:13.971+0000] {dag.py:4180} INFO - Setting next_dagrun for example_xcom_args_with_operators to None, run_after=None
[2024-11-25T06:20:14.009+0000] {processor.py:208} INFO - Processing /home/airflow/.local/lib/python3.12/site-packages/airflow/example_dags/example_xcomargs.py took 0.143 seconds
[2024-11-25T06:20:45.317+0000] {processor.py:186} INFO - Started process (PID=819) to work on /home/airflow/.local/lib/python3.12/site-packages/airflow/example_dags/example_xcomargs.py
[2024-11-25T06:20:45.319+0000] {processor.py:914} INFO - Processing file /home/airflow/.local/lib/python3.12/site-packages/airflow/example_dags/example_xcomargs.py for tasks to queue
[2024-11-25T06:20:45.323+0000] {logging_mixin.py:190} INFO - [2024-11-25T06:20:45.323+0000] {dagbag.py:588} INFO - Filling up the DagBag from /home/airflow/.local/lib/python3.12/site-packages/airflow/example_dags/example_xcomargs.py
[2024-11-25T06:20:45.346+0000] {processor.py:925} INFO - DAG(s) 'example_xcom_args', 'example_xcom_args_with_operators' retrieved from /home/airflow/.local/lib/python3.12/site-packages/airflow/example_dags/example_xcomargs.py
[2024-11-25T06:20:45.395+0000] {logging_mixin.py:190} INFO - [2024-11-25T06:20:45.395+0000] {dag.py:3239} INFO - Sync 2 DAGs
[2024-11-25T06:20:45.425+0000] {logging_mixin.py:190} INFO - [2024-11-25T06:20:45.425+0000] {dag.py:4180} INFO - Setting next_dagrun for example_xcom_args to None, run_after=None
[2024-11-25T06:20:45.432+0000] {logging_mixin.py:190} INFO - [2024-11-25T06:20:45.432+0000] {dag.py:4180} INFO - Setting next_dagrun for example_xcom_args_with_operators to None, run_after=None
[2024-11-25T06:20:45.463+0000] {processor.py:208} INFO - Processing /home/airflow/.local/lib/python3.12/site-packages/airflow/example_dags/example_xcomargs.py took 0.154 seconds
[2024-11-25T06:21:15.927+0000] {processor.py:186} INFO - Started process (PID=1110) to work on /home/airflow/.local/lib/python3.12/site-packages/airflow/example_dags/example_xcomargs.py
[2024-11-25T06:21:15.928+0000] {processor.py:914} INFO - Processing file /home/airflow/.local/lib/python3.12/site-packages/airflow/example_dags/example_xcomargs.py for tasks to queue
[2024-11-25T06:21:15.931+0000] {logging_mixin.py:190} INFO - [2024-11-25T06:21:15.931+0000] {dagbag.py:588} INFO - Filling up the DagBag from /home/airflow/.local/lib/python3.12/site-packages/airflow/example_dags/example_xcomargs.py
[2024-11-25T06:21:15.945+0000] {processor.py:925} INFO - DAG(s) 'example_xcom_args', 'example_xcom_args_with_operators' retrieved from /home/airflow/.local/lib/python3.12/site-packages/airflow/example_dags/example_xcomargs.py
[2024-11-25T06:21:15.987+0000] {logging_mixin.py:190} INFO - [2024-11-25T06:21:15.987+0000] {dag.py:3239} INFO - Sync 2 DAGs
[2024-11-25T06:21:16.011+0000] {logging_mixin.py:190} INFO - [2024-11-25T06:21:16.010+0000] {dag.py:4180} INFO - Setting next_dagrun for example_xcom_args to None, run_after=None
[2024-11-25T06:21:16.017+0000] {logging_mixin.py:190} INFO - [2024-11-25T06:21:16.017+0000] {dag.py:4180} INFO - Setting next_dagrun for example_xcom_args_with_operators to None, run_after=None
[2024-11-25T06:21:16.047+0000] {processor.py:208} INFO - Processing /home/airflow/.local/lib/python3.12/site-packages/airflow/example_dags/example_xcomargs.py took 0.128 seconds
[2024-11-25T06:21:46.204+0000] {processor.py:186} INFO - Started process (PID=1399) to work on /home/airflow/.local/lib/python3.12/site-packages/airflow/example_dags/example_xcomargs.py
[2024-11-25T06:21:46.206+0000] {processor.py:914} INFO - Processing file /home/airflow/.local/lib/python3.12/site-packages/airflow/example_dags/example_xcomargs.py for tasks to queue
[2024-11-25T06:21:46.210+0000] {logging_mixin.py:190} INFO - [2024-11-25T06:21:46.209+0000] {dagbag.py:588} INFO - Filling up the DagBag from /home/airflow/.local/lib/python3.12/site-packages/airflow/example_dags/example_xcomargs.py
[2024-11-25T06:21:46.224+0000] {processor.py:925} INFO - DAG(s) 'example_xcom_args_with_operators', 'example_xcom_args' retrieved from /home/airflow/.local/lib/python3.12/site-packages/airflow/example_dags/example_xcomargs.py
[2024-11-25T06:21:46.266+0000] {logging_mixin.py:190} INFO - [2024-11-25T06:21:46.265+0000] {dag.py:3239} INFO - Sync 2 DAGs
[2024-11-25T06:21:46.287+0000] {logging_mixin.py:190} INFO - [2024-11-25T06:21:46.286+0000] {dag.py:4180} INFO - Setting next_dagrun for example_xcom_args to None, run_after=None
[2024-11-25T06:21:46.294+0000] {logging_mixin.py:190} INFO - [2024-11-25T06:21:46.293+0000] {dag.py:4180} INFO - Setting next_dagrun for example_xcom_args_with_operators to None, run_after=None
[2024-11-25T06:21:46.324+0000] {processor.py:208} INFO - Processing /home/airflow/.local/lib/python3.12/site-packages/airflow/example_dags/example_xcomargs.py took 0.126 seconds
[2024-11-25T06:22:17.015+0000] {processor.py:186} INFO - Started process (PID=1690) to work on /home/airflow/.local/lib/python3.12/site-packages/airflow/example_dags/example_xcomargs.py
[2024-11-25T06:22:17.016+0000] {processor.py:914} INFO - Processing file /home/airflow/.local/lib/python3.12/site-packages/airflow/example_dags/example_xcomargs.py for tasks to queue
[2024-11-25T06:22:17.020+0000] {logging_mixin.py:190} INFO - [2024-11-25T06:22:17.020+0000] {dagbag.py:588} INFO - Filling up the DagBag from /home/airflow/.local/lib/python3.12/site-packages/airflow/example_dags/example_xcomargs.py
[2024-11-25T06:22:17.034+0000] {processor.py:925} INFO - DAG(s) 'example_xcom_args_with_operators', 'example_xcom_args' retrieved from /home/airflow/.local/lib/python3.12/site-packages/airflow/example_dags/example_xcomargs.py
[2024-11-25T06:22:17.072+0000] {logging_mixin.py:190} INFO - [2024-11-25T06:22:17.072+0000] {dag.py:3239} INFO - Sync 2 DAGs
[2024-11-25T06:22:17.101+0000] {logging_mixin.py:190} INFO - [2024-11-25T06:22:17.100+0000] {dag.py:4180} INFO - Setting next_dagrun for example_xcom_args to None, run_after=None
[2024-11-25T06:22:17.109+0000] {logging_mixin.py:190} INFO - [2024-11-25T06:22:17.109+0000] {dag.py:4180} INFO - Setting next_dagrun for example_xcom_args_with_operators to None, run_after=None
[2024-11-25T06:22:17.140+0000] {processor.py:208} INFO - Processing /home/airflow/.local/lib/python3.12/site-packages/airflow/example_dags/example_xcomargs.py took 0.134 seconds
[2024-11-25T06:22:47.675+0000] {processor.py:186} INFO - Started process (PID=1981) to work on /home/airflow/.local/lib/python3.12/site-packages/airflow/example_dags/example_xcomargs.py
[2024-11-25T06:22:47.676+0000] {processor.py:914} INFO - Processing file /home/airflow/.local/lib/python3.12/site-packages/airflow/example_dags/example_xcomargs.py for tasks to queue
[2024-11-25T06:22:47.679+0000] {logging_mixin.py:190} INFO - [2024-11-25T06:22:47.679+0000] {dagbag.py:588} INFO - Filling up the DagBag from /home/airflow/.local/lib/python3.12/site-packages/airflow/example_dags/example_xcomargs.py
[2024-11-25T06:22:47.691+0000] {processor.py:925} INFO - DAG(s) 'example_xcom_args_with_operators', 'example_xcom_args' retrieved from /home/airflow/.local/lib/python3.12/site-packages/airflow/example_dags/example_xcomargs.py
[2024-11-25T06:22:47.734+0000] {logging_mixin.py:190} INFO - [2024-11-25T06:22:47.734+0000] {dag.py:3239} INFO - Sync 2 DAGs
[2024-11-25T06:22:47.757+0000] {logging_mixin.py:190} INFO - [2024-11-25T06:22:47.757+0000] {dag.py:4180} INFO - Setting next_dagrun for example_xcom_args to None, run_after=None
[2024-11-25T06:22:47.762+0000] {logging_mixin.py:190} INFO - [2024-11-25T06:22:47.762+0000] {dag.py:4180} INFO - Setting next_dagrun for example_xcom_args_with_operators to None, run_after=None
[2024-11-25T06:22:47.790+0000] {processor.py:208} INFO - Processing /home/airflow/.local/lib/python3.12/site-packages/airflow/example_dags/example_xcomargs.py took 0.121 seconds
[2024-11-25T06:23:17.933+0000] {processor.py:186} INFO - Started process (PID=2273) to work on /home/airflow/.local/lib/python3.12/site-packages/airflow/example_dags/example_xcomargs.py
[2024-11-25T06:23:17.936+0000] {processor.py:914} INFO - Processing file /home/airflow/.local/lib/python3.12/site-packages/airflow/example_dags/example_xcomargs.py for tasks to queue
[2024-11-25T06:23:17.939+0000] {logging_mixin.py:190} INFO - [2024-11-25T06:23:17.938+0000] {dagbag.py:588} INFO - Filling up the DagBag from /home/airflow/.local/lib/python3.12/site-packages/airflow/example_dags/example_xcomargs.py
[2024-11-25T06:23:17.956+0000] {processor.py:925} INFO - DAG(s) 'example_xcom_args', 'example_xcom_args_with_operators' retrieved from /home/airflow/.local/lib/python3.12/site-packages/airflow/example_dags/example_xcomargs.py
[2024-11-25T06:23:18.029+0000] {logging_mixin.py:190} INFO - [2024-11-25T06:23:18.019+0000] {dag.py:3239} INFO - Sync 2 DAGs
[2024-11-25T06:23:18.076+0000] {logging_mixin.py:190} INFO - [2024-11-25T06:23:18.076+0000] {dag.py:4180} INFO - Setting next_dagrun for example_xcom_args to None, run_after=None
[2024-11-25T06:23:18.110+0000] {logging_mixin.py:190} INFO - [2024-11-25T06:23:18.110+0000] {dag.py:4180} INFO - Setting next_dagrun for example_xcom_args_with_operators to None, run_after=None
[2024-11-25T06:23:18.166+0000] {processor.py:208} INFO - Processing /home/airflow/.local/lib/python3.12/site-packages/airflow/example_dags/example_xcomargs.py took 0.242 seconds
[2024-11-25T06:23:49.027+0000] {processor.py:186} INFO - Started process (PID=2570) to work on /home/airflow/.local/lib/python3.12/site-packages/airflow/example_dags/example_xcomargs.py
[2024-11-25T06:23:49.029+0000] {processor.py:914} INFO - Processing file /home/airflow/.local/lib/python3.12/site-packages/airflow/example_dags/example_xcomargs.py for tasks to queue
[2024-11-25T06:23:49.034+0000] {logging_mixin.py:190} INFO - [2024-11-25T06:23:49.034+0000] {dagbag.py:588} INFO - Filling up the DagBag from /home/airflow/.local/lib/python3.12/site-packages/airflow/example_dags/example_xcomargs.py
[2024-11-25T06:23:49.050+0000] {processor.py:925} INFO - DAG(s) 'example_xcom_args_with_operators', 'example_xcom_args' retrieved from /home/airflow/.local/lib/python3.12/site-packages/airflow/example_dags/example_xcomargs.py
[2024-11-25T06:23:49.083+0000] {logging_mixin.py:190} INFO - [2024-11-25T06:23:49.083+0000] {dag.py:3239} INFO - Sync 2 DAGs
[2024-11-25T06:23:49.101+0000] {logging_mixin.py:190} INFO - [2024-11-25T06:23:49.101+0000] {dag.py:4180} INFO - Setting next_dagrun for example_xcom_args to None, run_after=None
[2024-11-25T06:23:49.107+0000] {logging_mixin.py:190} INFO - [2024-11-25T06:23:49.106+0000] {dag.py:4180} INFO - Setting next_dagrun for example_xcom_args_with_operators to None, run_after=None
[2024-11-25T06:23:49.132+0000] {processor.py:208} INFO - Processing /home/airflow/.local/lib/python3.12/site-packages/airflow/example_dags/example_xcomargs.py took 0.116 seconds
[2024-11-25T06:24:19.966+0000] {processor.py:186} INFO - Started process (PID=2860) to work on /home/airflow/.local/lib/python3.12/site-packages/airflow/example_dags/example_xcomargs.py
[2024-11-25T06:24:19.967+0000] {processor.py:914} INFO - Processing file /home/airflow/.local/lib/python3.12/site-packages/airflow/example_dags/example_xcomargs.py for tasks to queue
[2024-11-25T06:24:19.971+0000] {logging_mixin.py:190} INFO - [2024-11-25T06:24:19.970+0000] {dagbag.py:588} INFO - Filling up the DagBag from /home/airflow/.local/lib/python3.12/site-packages/airflow/example_dags/example_xcomargs.py
[2024-11-25T06:24:19.983+0000] {processor.py:925} INFO - DAG(s) 'example_xcom_args', 'example_xcom_args_with_operators' retrieved from /home/airflow/.local/lib/python3.12/site-packages/airflow/example_dags/example_xcomargs.py
[2024-11-25T06:24:20.022+0000] {logging_mixin.py:190} INFO - [2024-11-25T06:24:20.022+0000] {dag.py:3239} INFO - Sync 2 DAGs
[2024-11-25T06:24:20.046+0000] {logging_mixin.py:190} INFO - [2024-11-25T06:24:20.045+0000] {dag.py:4180} INFO - Setting next_dagrun for example_xcom_args to None, run_after=None
[2024-11-25T06:24:20.053+0000] {logging_mixin.py:190} INFO - [2024-11-25T06:24:20.052+0000] {dag.py:4180} INFO - Setting next_dagrun for example_xcom_args_with_operators to None, run_after=None
[2024-11-25T06:24:20.080+0000] {processor.py:208} INFO - Processing /home/airflow/.local/lib/python3.12/site-packages/airflow/example_dags/example_xcomargs.py took 0.121 seconds
[2024-11-25T06:24:50.223+0000] {processor.py:186} INFO - Started process (PID=3151) to work on /home/airflow/.local/lib/python3.12/site-packages/airflow/example_dags/example_xcomargs.py
[2024-11-25T06:24:50.225+0000] {processor.py:914} INFO - Processing file /home/airflow/.local/lib/python3.12/site-packages/airflow/example_dags/example_xcomargs.py for tasks to queue
[2024-11-25T06:24:50.228+0000] {logging_mixin.py:190} INFO - [2024-11-25T06:24:50.227+0000] {dagbag.py:588} INFO - Filling up the DagBag from /home/airflow/.local/lib/python3.12/site-packages/airflow/example_dags/example_xcomargs.py
[2024-11-25T06:24:50.249+0000] {processor.py:925} INFO - DAG(s) 'example_xcom_args', 'example_xcom_args_with_operators' retrieved from /home/airflow/.local/lib/python3.12/site-packages/airflow/example_dags/example_xcomargs.py
[2024-11-25T06:24:50.293+0000] {logging_mixin.py:190} INFO - [2024-11-25T06:24:50.293+0000] {dag.py:3239} INFO - Sync 2 DAGs
[2024-11-25T06:24:50.335+0000] {logging_mixin.py:190} INFO - [2024-11-25T06:24:50.334+0000] {dag.py:4180} INFO - Setting next_dagrun for example_xcom_args to None, run_after=None
[2024-11-25T06:24:50.351+0000] {logging_mixin.py:190} INFO - [2024-11-25T06:24:50.351+0000] {dag.py:4180} INFO - Setting next_dagrun for example_xcom_args_with_operators to None, run_after=None
[2024-11-25T06:24:50.389+0000] {processor.py:208} INFO - Processing /home/airflow/.local/lib/python3.12/site-packages/airflow/example_dags/example_xcomargs.py took 0.175 seconds
[2024-11-25T06:25:20.555+0000] {processor.py:186} INFO - Started process (PID=3442) to work on /home/airflow/.local/lib/python3.12/site-packages/airflow/example_dags/example_xcomargs.py
[2024-11-25T06:25:20.556+0000] {processor.py:914} INFO - Processing file /home/airflow/.local/lib/python3.12/site-packages/airflow/example_dags/example_xcomargs.py for tasks to queue
[2024-11-25T06:25:20.561+0000] {logging_mixin.py:190} INFO - [2024-11-25T06:25:20.560+0000] {dagbag.py:588} INFO - Filling up the DagBag from /home/airflow/.local/lib/python3.12/site-packages/airflow/example_dags/example_xcomargs.py
[2024-11-25T06:25:20.577+0000] {processor.py:925} INFO - DAG(s) 'example_xcom_args', 'example_xcom_args_with_operators' retrieved from /home/airflow/.local/lib/python3.12/site-packages/airflow/example_dags/example_xcomargs.py
[2024-11-25T06:25:20.616+0000] {logging_mixin.py:190} INFO - [2024-11-25T06:25:20.615+0000] {dag.py:3239} INFO - Sync 2 DAGs
[2024-11-25T06:25:20.641+0000] {logging_mixin.py:190} INFO - [2024-11-25T06:25:20.641+0000] {dag.py:4180} INFO - Setting next_dagrun for example_xcom_args to None, run_after=None
[2024-11-25T06:25:20.647+0000] {logging_mixin.py:190} INFO - [2024-11-25T06:25:20.647+0000] {dag.py:4180} INFO - Setting next_dagrun for example_xcom_args_with_operators to None, run_after=None
[2024-11-25T06:25:20.683+0000] {processor.py:208} INFO - Processing /home/airflow/.local/lib/python3.12/site-packages/airflow/example_dags/example_xcomargs.py took 0.135 seconds
[2024-11-25T06:25:51.818+0000] {processor.py:186} INFO - Started process (PID=3729) to work on /home/airflow/.local/lib/python3.12/site-packages/airflow/example_dags/example_xcomargs.py
[2024-11-25T06:25:51.820+0000] {processor.py:914} INFO - Processing file /home/airflow/.local/lib/python3.12/site-packages/airflow/example_dags/example_xcomargs.py for tasks to queue
[2024-11-25T06:25:51.825+0000] {logging_mixin.py:190} INFO - [2024-11-25T06:25:51.824+0000] {dagbag.py:588} INFO - Filling up the DagBag from /home/airflow/.local/lib/python3.12/site-packages/airflow/example_dags/example_xcomargs.py
[2024-11-25T06:25:51.849+0000] {processor.py:925} INFO - DAG(s) 'example_xcom_args', 'example_xcom_args_with_operators' retrieved from /home/airflow/.local/lib/python3.12/site-packages/airflow/example_dags/example_xcomargs.py
[2024-11-25T06:25:51.900+0000] {logging_mixin.py:190} INFO - [2024-11-25T06:25:51.899+0000] {dag.py:3239} INFO - Sync 2 DAGs
[2024-11-25T06:25:51.927+0000] {logging_mixin.py:190} INFO - [2024-11-25T06:25:51.926+0000] {dag.py:4180} INFO - Setting next_dagrun for example_xcom_args to None, run_after=None
[2024-11-25T06:25:51.935+0000] {logging_mixin.py:190} INFO - [2024-11-25T06:25:51.935+0000] {dag.py:4180} INFO - Setting next_dagrun for example_xcom_args_with_operators to None, run_after=None
[2024-11-25T06:25:51.972+0000] {processor.py:208} INFO - Processing /home/airflow/.local/lib/python3.12/site-packages/airflow/example_dags/example_xcomargs.py took 0.167 seconds
[2024-11-25T06:26:22.699+0000] {processor.py:186} INFO - Started process (PID=4020) to work on /home/airflow/.local/lib/python3.12/site-packages/airflow/example_dags/example_xcomargs.py
[2024-11-25T06:26:22.704+0000] {processor.py:914} INFO - Processing file /home/airflow/.local/lib/python3.12/site-packages/airflow/example_dags/example_xcomargs.py for tasks to queue
[2024-11-25T06:26:22.712+0000] {logging_mixin.py:190} INFO - [2024-11-25T06:26:22.711+0000] {dagbag.py:588} INFO - Filling up the DagBag from /home/airflow/.local/lib/python3.12/site-packages/airflow/example_dags/example_xcomargs.py
[2024-11-25T06:26:22.748+0000] {processor.py:925} INFO - DAG(s) 'example_xcom_args_with_operators', 'example_xcom_args' retrieved from /home/airflow/.local/lib/python3.12/site-packages/airflow/example_dags/example_xcomargs.py
[2024-11-25T06:26:22.807+0000] {logging_mixin.py:190} INFO - [2024-11-25T06:26:22.807+0000] {dag.py:3239} INFO - Sync 2 DAGs
[2024-11-25T06:26:22.859+0000] {logging_mixin.py:190} INFO - [2024-11-25T06:26:22.858+0000] {dag.py:4180} INFO - Setting next_dagrun for example_xcom_args to None, run_after=None
[2024-11-25T06:26:22.868+0000] {logging_mixin.py:190} INFO - [2024-11-25T06:26:22.867+0000] {dag.py:4180} INFO - Setting next_dagrun for example_xcom_args_with_operators to None, run_after=None
[2024-11-25T06:26:22.921+0000] {processor.py:208} INFO - Processing /home/airflow/.local/lib/python3.12/site-packages/airflow/example_dags/example_xcomargs.py took 0.244 seconds
[2024-11-25T06:26:53.799+0000] {processor.py:186} INFO - Started process (PID=4315) to work on /home/airflow/.local/lib/python3.12/site-packages/airflow/example_dags/example_xcomargs.py
[2024-11-25T06:26:53.802+0000] {processor.py:914} INFO - Processing file /home/airflow/.local/lib/python3.12/site-packages/airflow/example_dags/example_xcomargs.py for tasks to queue
[2024-11-25T06:26:53.806+0000] {logging_mixin.py:190} INFO - [2024-11-25T06:26:53.805+0000] {dagbag.py:588} INFO - Filling up the DagBag from /home/airflow/.local/lib/python3.12/site-packages/airflow/example_dags/example_xcomargs.py
[2024-11-25T06:26:53.833+0000] {processor.py:925} INFO - DAG(s) 'example_xcom_args_with_operators', 'example_xcom_args' retrieved from /home/airflow/.local/lib/python3.12/site-packages/airflow/example_dags/example_xcomargs.py
[2024-11-25T06:26:53.890+0000] {logging_mixin.py:190} INFO - [2024-11-25T06:26:53.890+0000] {dag.py:3239} INFO - Sync 2 DAGs
[2024-11-25T06:26:53.926+0000] {logging_mixin.py:190} INFO - [2024-11-25T06:26:53.925+0000] {dag.py:4180} INFO - Setting next_dagrun for example_xcom_args to None, run_after=None
[2024-11-25T06:26:53.933+0000] {logging_mixin.py:190} INFO - [2024-11-25T06:26:53.932+0000] {dag.py:4180} INFO - Setting next_dagrun for example_xcom_args_with_operators to None, run_after=None
[2024-11-25T06:26:53.972+0000] {processor.py:208} INFO - Processing /home/airflow/.local/lib/python3.12/site-packages/airflow/example_dags/example_xcomargs.py took 0.182 seconds
[2024-11-25T06:27:24.732+0000] {processor.py:186} INFO - Started process (PID=4608) to work on /home/airflow/.local/lib/python3.12/site-packages/airflow/example_dags/example_xcomargs.py
[2024-11-25T06:27:24.734+0000] {processor.py:914} INFO - Processing file /home/airflow/.local/lib/python3.12/site-packages/airflow/example_dags/example_xcomargs.py for tasks to queue
[2024-11-25T06:27:24.737+0000] {logging_mixin.py:190} INFO - [2024-11-25T06:27:24.737+0000] {dagbag.py:588} INFO - Filling up the DagBag from /home/airflow/.local/lib/python3.12/site-packages/airflow/example_dags/example_xcomargs.py
[2024-11-25T06:27:24.751+0000] {processor.py:925} INFO - DAG(s) 'example_xcom_args', 'example_xcom_args_with_operators' retrieved from /home/airflow/.local/lib/python3.12/site-packages/airflow/example_dags/example_xcomargs.py
[2024-11-25T06:27:24.778+0000] {logging_mixin.py:190} INFO - [2024-11-25T06:27:24.778+0000] {dag.py:3239} INFO - Sync 2 DAGs
[2024-11-25T06:27:24.795+0000] {logging_mixin.py:190} INFO - [2024-11-25T06:27:24.795+0000] {dag.py:4180} INFO - Setting next_dagrun for example_xcom_args to None, run_after=None
[2024-11-25T06:27:24.800+0000] {logging_mixin.py:190} INFO - [2024-11-25T06:27:24.799+0000] {dag.py:4180} INFO - Setting next_dagrun for example_xcom_args_with_operators to None, run_after=None
[2024-11-25T06:27:24.823+0000] {processor.py:208} INFO - Processing /home/airflow/.local/lib/python3.12/site-packages/airflow/example_dags/example_xcomargs.py took 0.099 seconds
[2024-11-25T06:27:55.872+0000] {processor.py:186} INFO - Started process (PID=4897) to work on /home/airflow/.local/lib/python3.12/site-packages/airflow/example_dags/example_xcomargs.py
[2024-11-25T06:27:55.875+0000] {processor.py:914} INFO - Processing file /home/airflow/.local/lib/python3.12/site-packages/airflow/example_dags/example_xcomargs.py for tasks to queue
[2024-11-25T06:27:55.879+0000] {logging_mixin.py:190} INFO - [2024-11-25T06:27:55.878+0000] {dagbag.py:588} INFO - Filling up the DagBag from /home/airflow/.local/lib/python3.12/site-packages/airflow/example_dags/example_xcomargs.py
[2024-11-25T06:27:55.900+0000] {processor.py:925} INFO - DAG(s) 'example_xcom_args', 'example_xcom_args_with_operators' retrieved from /home/airflow/.local/lib/python3.12/site-packages/airflow/example_dags/example_xcomargs.py
[2024-11-25T06:27:55.941+0000] {logging_mixin.py:190} INFO - [2024-11-25T06:27:55.940+0000] {dag.py:3239} INFO - Sync 2 DAGs
[2024-11-25T06:27:55.971+0000] {logging_mixin.py:190} INFO - [2024-11-25T06:27:55.970+0000] {dag.py:4180} INFO - Setting next_dagrun for example_xcom_args to None, run_after=None
[2024-11-25T06:27:55.980+0000] {logging_mixin.py:190} INFO - [2024-11-25T06:27:55.979+0000] {dag.py:4180} INFO - Setting next_dagrun for example_xcom_args_with_operators to None, run_after=None
[2024-11-25T06:27:56.019+0000] {processor.py:208} INFO - Processing /home/airflow/.local/lib/python3.12/site-packages/airflow/example_dags/example_xcomargs.py took 0.155 seconds
[2024-11-25T06:28:26.981+0000] {processor.py:186} INFO - Started process (PID=5188) to work on /home/airflow/.local/lib/python3.12/site-packages/airflow/example_dags/example_xcomargs.py
[2024-11-25T06:28:26.982+0000] {processor.py:914} INFO - Processing file /home/airflow/.local/lib/python3.12/site-packages/airflow/example_dags/example_xcomargs.py for tasks to queue
[2024-11-25T06:28:26.988+0000] {logging_mixin.py:190} INFO - [2024-11-25T06:28:26.987+0000] {dagbag.py:588} INFO - Filling up the DagBag from /home/airflow/.local/lib/python3.12/site-packages/airflow/example_dags/example_xcomargs.py
[2024-11-25T06:28:27.021+0000] {processor.py:925} INFO - DAG(s) 'example_xcom_args_with_operators', 'example_xcom_args' retrieved from /home/airflow/.local/lib/python3.12/site-packages/airflow/example_dags/example_xcomargs.py
[2024-11-25T06:28:27.078+0000] {logging_mixin.py:190} INFO - [2024-11-25T06:28:27.077+0000] {dag.py:3239} INFO - Sync 2 DAGs
[2024-11-25T06:28:27.104+0000] {logging_mixin.py:190} INFO - [2024-11-25T06:28:27.104+0000] {dag.py:4180} INFO - Setting next_dagrun for example_xcom_args to None, run_after=None
[2024-11-25T06:28:27.112+0000] {logging_mixin.py:190} INFO - [2024-11-25T06:28:27.112+0000] {dag.py:4180} INFO - Setting next_dagrun for example_xcom_args_with_operators to None, run_after=None
[2024-11-25T06:28:27.146+0000] {processor.py:208} INFO - Processing /home/airflow/.local/lib/python3.12/site-packages/airflow/example_dags/example_xcomargs.py took 0.174 seconds
[2024-11-25T06:28:57.361+0000] {processor.py:186} INFO - Started process (PID=5476) to work on /home/airflow/.local/lib/python3.12/site-packages/airflow/example_dags/example_xcomargs.py
[2024-11-25T06:28:57.363+0000] {processor.py:914} INFO - Processing file /home/airflow/.local/lib/python3.12/site-packages/airflow/example_dags/example_xcomargs.py for tasks to queue
[2024-11-25T06:28:57.367+0000] {logging_mixin.py:190} INFO - [2024-11-25T06:28:57.367+0000] {dagbag.py:588} INFO - Filling up the DagBag from /home/airflow/.local/lib/python3.12/site-packages/airflow/example_dags/example_xcomargs.py
[2024-11-25T06:28:57.380+0000] {processor.py:925} INFO - DAG(s) 'example_xcom_args', 'example_xcom_args_with_operators' retrieved from /home/airflow/.local/lib/python3.12/site-packages/airflow/example_dags/example_xcomargs.py
[2024-11-25T06:28:57.420+0000] {logging_mixin.py:190} INFO - [2024-11-25T06:28:57.419+0000] {dag.py:3239} INFO - Sync 2 DAGs
[2024-11-25T06:28:57.443+0000] {logging_mixin.py:190} INFO - [2024-11-25T06:28:57.443+0000] {dag.py:4180} INFO - Setting next_dagrun for example_xcom_args to None, run_after=None
[2024-11-25T06:28:57.450+0000] {logging_mixin.py:190} INFO - [2024-11-25T06:28:57.449+0000] {dag.py:4180} INFO - Setting next_dagrun for example_xcom_args_with_operators to None, run_after=None
[2024-11-25T06:28:57.476+0000] {processor.py:208} INFO - Processing /home/airflow/.local/lib/python3.12/site-packages/airflow/example_dags/example_xcomargs.py took 0.124 seconds
[2024-11-25T06:29:27.936+0000] {processor.py:186} INFO - Started process (PID=5761) to work on /home/airflow/.local/lib/python3.12/site-packages/airflow/example_dags/example_xcomargs.py
[2024-11-25T06:29:27.939+0000] {processor.py:914} INFO - Processing file /home/airflow/.local/lib/python3.12/site-packages/airflow/example_dags/example_xcomargs.py for tasks to queue
[2024-11-25T06:29:27.943+0000] {logging_mixin.py:190} INFO - [2024-11-25T06:29:27.943+0000] {dagbag.py:588} INFO - Filling up the DagBag from /home/airflow/.local/lib/python3.12/site-packages/airflow/example_dags/example_xcomargs.py
[2024-11-25T06:29:27.961+0000] {processor.py:925} INFO - DAG(s) 'example_xcom_args_with_operators', 'example_xcom_args' retrieved from /home/airflow/.local/lib/python3.12/site-packages/airflow/example_dags/example_xcomargs.py
[2024-11-25T06:29:28.012+0000] {logging_mixin.py:190} INFO - [2024-11-25T06:29:28.011+0000] {dag.py:3239} INFO - Sync 2 DAGs
[2024-11-25T06:29:28.046+0000] {logging_mixin.py:190} INFO - [2024-11-25T06:29:28.046+0000] {dag.py:4180} INFO - Setting next_dagrun for example_xcom_args to None, run_after=None
[2024-11-25T06:29:28.061+0000] {logging_mixin.py:190} INFO - [2024-11-25T06:29:28.061+0000] {dag.py:4180} INFO - Setting next_dagrun for example_xcom_args_with_operators to None, run_after=None
[2024-11-25T06:29:28.098+0000] {processor.py:208} INFO - Processing /home/airflow/.local/lib/python3.12/site-packages/airflow/example_dags/example_xcomargs.py took 0.175 seconds
[2024-11-25T06:29:58.866+0000] {processor.py:186} INFO - Started process (PID=6047) to work on /home/airflow/.local/lib/python3.12/site-packages/airflow/example_dags/example_xcomargs.py
[2024-11-25T06:29:58.868+0000] {processor.py:914} INFO - Processing file /home/airflow/.local/lib/python3.12/site-packages/airflow/example_dags/example_xcomargs.py for tasks to queue
[2024-11-25T06:29:58.874+0000] {logging_mixin.py:190} INFO - [2024-11-25T06:29:58.873+0000] {dagbag.py:588} INFO - Filling up the DagBag from /home/airflow/.local/lib/python3.12/site-packages/airflow/example_dags/example_xcomargs.py
[2024-11-25T06:29:58.903+0000] {processor.py:925} INFO - DAG(s) 'example_xcom_args', 'example_xcom_args_with_operators' retrieved from /home/airflow/.local/lib/python3.12/site-packages/airflow/example_dags/example_xcomargs.py
[2024-11-25T06:29:58.982+0000] {logging_mixin.py:190} INFO - [2024-11-25T06:29:58.980+0000] {dag.py:3239} INFO - Sync 2 DAGs
[2024-11-25T06:29:59.047+0000] {logging_mixin.py:190} INFO - [2024-11-25T06:29:59.046+0000] {dag.py:4180} INFO - Setting next_dagrun for example_xcom_args to None, run_after=None
[2024-11-25T06:29:59.056+0000] {logging_mixin.py:190} INFO - [2024-11-25T06:29:59.055+0000] {dag.py:4180} INFO - Setting next_dagrun for example_xcom_args_with_operators to None, run_after=None
[2024-11-25T06:29:59.088+0000] {processor.py:208} INFO - Processing /home/airflow/.local/lib/python3.12/site-packages/airflow/example_dags/example_xcomargs.py took 0.251 seconds
[2024-11-25T06:30:31.700+0000] {processor.py:186} INFO - Started process (PID=6338) to work on /home/airflow/.local/lib/python3.12/site-packages/airflow/example_dags/example_xcomargs.py
[2024-11-25T06:30:31.702+0000] {processor.py:914} INFO - Processing file /home/airflow/.local/lib/python3.12/site-packages/airflow/example_dags/example_xcomargs.py for tasks to queue
[2024-11-25T06:30:31.706+0000] {logging_mixin.py:190} INFO - [2024-11-25T06:30:31.705+0000] {dagbag.py:588} INFO - Filling up the DagBag from /home/airflow/.local/lib/python3.12/site-packages/airflow/example_dags/example_xcomargs.py
[2024-11-25T06:30:31.733+0000] {processor.py:925} INFO - DAG(s) 'example_xcom_args_with_operators', 'example_xcom_args' retrieved from /home/airflow/.local/lib/python3.12/site-packages/airflow/example_dags/example_xcomargs.py
[2024-11-25T06:30:31.853+0000] {logging_mixin.py:190} INFO - [2024-11-25T06:30:31.852+0000] {dag.py:3239} INFO - Sync 2 DAGs
[2024-11-25T06:30:31.914+0000] {logging_mixin.py:190} INFO - [2024-11-25T06:30:31.914+0000] {dag.py:4180} INFO - Setting next_dagrun for example_xcom_args to None, run_after=None
[2024-11-25T06:30:31.924+0000] {logging_mixin.py:190} INFO - [2024-11-25T06:30:31.924+0000] {dag.py:4180} INFO - Setting next_dagrun for example_xcom_args_with_operators to None, run_after=None
[2024-11-25T06:30:31.969+0000] {processor.py:208} INFO - Processing /home/airflow/.local/lib/python3.12/site-packages/airflow/example_dags/example_xcomargs.py took 0.283 seconds
[2024-11-25T06:31:02.164+0000] {processor.py:186} INFO - Started process (PID=6626) to work on /home/airflow/.local/lib/python3.12/site-packages/airflow/example_dags/example_xcomargs.py
[2024-11-25T06:31:02.167+0000] {processor.py:914} INFO - Processing file /home/airflow/.local/lib/python3.12/site-packages/airflow/example_dags/example_xcomargs.py for tasks to queue
[2024-11-25T06:31:02.171+0000] {logging_mixin.py:190} INFO - [2024-11-25T06:31:02.170+0000] {dagbag.py:588} INFO - Filling up the DagBag from /home/airflow/.local/lib/python3.12/site-packages/airflow/example_dags/example_xcomargs.py
[2024-11-25T06:31:02.191+0000] {processor.py:925} INFO - DAG(s) 'example_xcom_args', 'example_xcom_args_with_operators' retrieved from /home/airflow/.local/lib/python3.12/site-packages/airflow/example_dags/example_xcomargs.py
[2024-11-25T06:31:02.239+0000] {logging_mixin.py:190} INFO - [2024-11-25T06:31:02.238+0000] {dag.py:3239} INFO - Sync 2 DAGs
[2024-11-25T06:31:02.265+0000] {logging_mixin.py:190} INFO - [2024-11-25T06:31:02.264+0000] {dag.py:4180} INFO - Setting next_dagrun for example_xcom_args to None, run_after=None
[2024-11-25T06:31:02.272+0000] {logging_mixin.py:190} INFO - [2024-11-25T06:31:02.272+0000] {dag.py:4180} INFO - Setting next_dagrun for example_xcom_args_with_operators to None, run_after=None
[2024-11-25T06:31:02.310+0000] {processor.py:208} INFO - Processing /home/airflow/.local/lib/python3.12/site-packages/airflow/example_dags/example_xcomargs.py took 0.155 seconds
[2024-11-25T06:31:33.028+0000] {processor.py:186} INFO - Started process (PID=6885) to work on /home/airflow/.local/lib/python3.12/site-packages/airflow/example_dags/example_xcomargs.py
[2024-11-25T06:31:33.030+0000] {processor.py:914} INFO - Processing file /home/airflow/.local/lib/python3.12/site-packages/airflow/example_dags/example_xcomargs.py for tasks to queue
[2024-11-25T06:31:33.034+0000] {logging_mixin.py:190} INFO - [2024-11-25T06:31:33.033+0000] {dagbag.py:588} INFO - Filling up the DagBag from /home/airflow/.local/lib/python3.12/site-packages/airflow/example_dags/example_xcomargs.py
[2024-11-25T06:31:33.060+0000] {processor.py:925} INFO - DAG(s) 'example_xcom_args_with_operators', 'example_xcom_args' retrieved from /home/airflow/.local/lib/python3.12/site-packages/airflow/example_dags/example_xcomargs.py
[2024-11-25T06:31:33.127+0000] {logging_mixin.py:190} INFO - [2024-11-25T06:31:33.127+0000] {dag.py:3239} INFO - Sync 2 DAGs
[2024-11-25T06:31:33.163+0000] {logging_mixin.py:190} INFO - [2024-11-25T06:31:33.162+0000] {dag.py:4180} INFO - Setting next_dagrun for example_xcom_args to None, run_after=None
[2024-11-25T06:31:33.172+0000] {logging_mixin.py:190} INFO - [2024-11-25T06:31:33.172+0000] {dag.py:4180} INFO - Setting next_dagrun for example_xcom_args_with_operators to None, run_after=None
[2024-11-25T06:31:33.208+0000] {processor.py:208} INFO - Processing /home/airflow/.local/lib/python3.12/site-packages/airflow/example_dags/example_xcomargs.py took 0.187 seconds
[2024-11-25T06:32:03.506+0000] {processor.py:186} INFO - Started process (PID=7171) to work on /home/airflow/.local/lib/python3.12/site-packages/airflow/example_dags/example_xcomargs.py
[2024-11-25T06:32:03.508+0000] {processor.py:914} INFO - Processing file /home/airflow/.local/lib/python3.12/site-packages/airflow/example_dags/example_xcomargs.py for tasks to queue
[2024-11-25T06:32:03.514+0000] {logging_mixin.py:190} INFO - [2024-11-25T06:32:03.513+0000] {dagbag.py:588} INFO - Filling up the DagBag from /home/airflow/.local/lib/python3.12/site-packages/airflow/example_dags/example_xcomargs.py
[2024-11-25T06:32:03.533+0000] {processor.py:925} INFO - DAG(s) 'example_xcom_args_with_operators', 'example_xcom_args' retrieved from /home/airflow/.local/lib/python3.12/site-packages/airflow/example_dags/example_xcomargs.py
[2024-11-25T06:32:03.573+0000] {logging_mixin.py:190} INFO - [2024-11-25T06:32:03.573+0000] {dag.py:3239} INFO - Sync 2 DAGs
[2024-11-25T06:32:03.600+0000] {logging_mixin.py:190} INFO - [2024-11-25T06:32:03.599+0000] {dag.py:4180} INFO - Setting next_dagrun for example_xcom_args to None, run_after=None
[2024-11-25T06:32:03.606+0000] {logging_mixin.py:190} INFO - [2024-11-25T06:32:03.605+0000] {dag.py:4180} INFO - Setting next_dagrun for example_xcom_args_with_operators to None, run_after=None
[2024-11-25T06:32:03.646+0000] {processor.py:208} INFO - Processing /home/airflow/.local/lib/python3.12/site-packages/airflow/example_dags/example_xcomargs.py took 0.153 seconds
[2024-11-25T06:32:34.598+0000] {processor.py:186} INFO - Started process (PID=7462) to work on /home/airflow/.local/lib/python3.12/site-packages/airflow/example_dags/example_xcomargs.py
[2024-11-25T06:32:34.600+0000] {processor.py:914} INFO - Processing file /home/airflow/.local/lib/python3.12/site-packages/airflow/example_dags/example_xcomargs.py for tasks to queue
[2024-11-25T06:32:34.605+0000] {logging_mixin.py:190} INFO - [2024-11-25T06:32:34.604+0000] {dagbag.py:588} INFO - Filling up the DagBag from /home/airflow/.local/lib/python3.12/site-packages/airflow/example_dags/example_xcomargs.py
[2024-11-25T06:32:34.642+0000] {processor.py:925} INFO - DAG(s) 'example_xcom_args_with_operators', 'example_xcom_args' retrieved from /home/airflow/.local/lib/python3.12/site-packages/airflow/example_dags/example_xcomargs.py
[2024-11-25T06:32:34.681+0000] {logging_mixin.py:190} INFO - [2024-11-25T06:32:34.680+0000] {dag.py:3239} INFO - Sync 2 DAGs
[2024-11-25T06:32:34.713+0000] {logging_mixin.py:190} INFO - [2024-11-25T06:32:34.713+0000] {dag.py:4180} INFO - Setting next_dagrun for example_xcom_args to None, run_after=None
[2024-11-25T06:32:34.722+0000] {logging_mixin.py:190} INFO - [2024-11-25T06:32:34.721+0000] {dag.py:4180} INFO - Setting next_dagrun for example_xcom_args_with_operators to None, run_after=None
[2024-11-25T06:32:34.754+0000] {processor.py:208} INFO - Processing /home/airflow/.local/lib/python3.12/site-packages/airflow/example_dags/example_xcomargs.py took 0.171 seconds
[2024-11-25T06:33:05.021+0000] {processor.py:186} INFO - Started process (PID=7753) to work on /home/airflow/.local/lib/python3.12/site-packages/airflow/example_dags/example_xcomargs.py
[2024-11-25T06:33:05.023+0000] {processor.py:914} INFO - Processing file /home/airflow/.local/lib/python3.12/site-packages/airflow/example_dags/example_xcomargs.py for tasks to queue
[2024-11-25T06:33:05.027+0000] {logging_mixin.py:190} INFO - [2024-11-25T06:33:05.027+0000] {dagbag.py:588} INFO - Filling up the DagBag from /home/airflow/.local/lib/python3.12/site-packages/airflow/example_dags/example_xcomargs.py
[2024-11-25T06:33:05.044+0000] {processor.py:925} INFO - DAG(s) 'example_xcom_args', 'example_xcom_args_with_operators' retrieved from /home/airflow/.local/lib/python3.12/site-packages/airflow/example_dags/example_xcomargs.py
[2024-11-25T06:33:05.086+0000] {logging_mixin.py:190} INFO - [2024-11-25T06:33:05.085+0000] {dag.py:3239} INFO - Sync 2 DAGs
[2024-11-25T06:33:05.111+0000] {logging_mixin.py:190} INFO - [2024-11-25T06:33:05.111+0000] {dag.py:4180} INFO - Setting next_dagrun for example_xcom_args to None, run_after=None
[2024-11-25T06:33:05.119+0000] {logging_mixin.py:190} INFO - [2024-11-25T06:33:05.117+0000] {dag.py:4180} INFO - Setting next_dagrun for example_xcom_args_with_operators to None, run_after=None
[2024-11-25T06:33:05.150+0000] {processor.py:208} INFO - Processing /home/airflow/.local/lib/python3.12/site-packages/airflow/example_dags/example_xcomargs.py took 0.137 seconds
[2024-11-25T06:33:35.270+0000] {processor.py:186} INFO - Started process (PID=8039) to work on /home/airflow/.local/lib/python3.12/site-packages/airflow/example_dags/example_xcomargs.py
[2024-11-25T06:33:35.271+0000] {processor.py:914} INFO - Processing file /home/airflow/.local/lib/python3.12/site-packages/airflow/example_dags/example_xcomargs.py for tasks to queue
[2024-11-25T06:33:35.274+0000] {logging_mixin.py:190} INFO - [2024-11-25T06:33:35.273+0000] {dagbag.py:588} INFO - Filling up the DagBag from /home/airflow/.local/lib/python3.12/site-packages/airflow/example_dags/example_xcomargs.py
[2024-11-25T06:33:35.285+0000] {processor.py:925} INFO - DAG(s) 'example_xcom_args_with_operators', 'example_xcom_args' retrieved from /home/airflow/.local/lib/python3.12/site-packages/airflow/example_dags/example_xcomargs.py
[2024-11-25T06:33:35.319+0000] {logging_mixin.py:190} INFO - [2024-11-25T06:33:35.319+0000] {dag.py:3239} INFO - Sync 2 DAGs
[2024-11-25T06:33:35.338+0000] {logging_mixin.py:190} INFO - [2024-11-25T06:33:35.338+0000] {dag.py:4180} INFO - Setting next_dagrun for example_xcom_args to None, run_after=None
[2024-11-25T06:33:35.345+0000] {logging_mixin.py:190} INFO - [2024-11-25T06:33:35.344+0000] {dag.py:4180} INFO - Setting next_dagrun for example_xcom_args_with_operators to None, run_after=None
[2024-11-25T06:33:35.371+0000] {processor.py:208} INFO - Processing /home/airflow/.local/lib/python3.12/site-packages/airflow/example_dags/example_xcomargs.py took 0.108 seconds
[2024-11-25T06:34:05.645+0000] {processor.py:186} INFO - Started process (PID=8330) to work on /home/airflow/.local/lib/python3.12/site-packages/airflow/example_dags/example_xcomargs.py
[2024-11-25T06:34:05.648+0000] {processor.py:914} INFO - Processing file /home/airflow/.local/lib/python3.12/site-packages/airflow/example_dags/example_xcomargs.py for tasks to queue
[2024-11-25T06:34:05.653+0000] {logging_mixin.py:190} INFO - [2024-11-25T06:34:05.652+0000] {dagbag.py:588} INFO - Filling up the DagBag from /home/airflow/.local/lib/python3.12/site-packages/airflow/example_dags/example_xcomargs.py
[2024-11-25T06:34:05.682+0000] {processor.py:925} INFO - DAG(s) 'example_xcom_args', 'example_xcom_args_with_operators' retrieved from /home/airflow/.local/lib/python3.12/site-packages/airflow/example_dags/example_xcomargs.py
[2024-11-25T06:34:05.734+0000] {logging_mixin.py:190} INFO - [2024-11-25T06:34:05.733+0000] {dag.py:3239} INFO - Sync 2 DAGs
[2024-11-25T06:34:05.773+0000] {logging_mixin.py:190} INFO - [2024-11-25T06:34:05.772+0000] {dag.py:4180} INFO - Setting next_dagrun for example_xcom_args to None, run_after=None
[2024-11-25T06:34:05.781+0000] {logging_mixin.py:190} INFO - [2024-11-25T06:34:05.781+0000] {dag.py:4180} INFO - Setting next_dagrun for example_xcom_args_with_operators to None, run_after=None
[2024-11-25T06:34:05.820+0000] {processor.py:208} INFO - Processing /home/airflow/.local/lib/python3.12/site-packages/airflow/example_dags/example_xcomargs.py took 0.186 seconds
[2024-11-25T06:34:35.968+0000] {processor.py:186} INFO - Started process (PID=8618) to work on /home/airflow/.local/lib/python3.12/site-packages/airflow/example_dags/example_xcomargs.py
[2024-11-25T06:34:35.969+0000] {processor.py:914} INFO - Processing file /home/airflow/.local/lib/python3.12/site-packages/airflow/example_dags/example_xcomargs.py for tasks to queue
[2024-11-25T06:34:35.972+0000] {logging_mixin.py:190} INFO - [2024-11-25T06:34:35.972+0000] {dagbag.py:588} INFO - Filling up the DagBag from /home/airflow/.local/lib/python3.12/site-packages/airflow/example_dags/example_xcomargs.py
[2024-11-25T06:34:35.987+0000] {processor.py:925} INFO - DAG(s) 'example_xcom_args_with_operators', 'example_xcom_args' retrieved from /home/airflow/.local/lib/python3.12/site-packages/airflow/example_dags/example_xcomargs.py
[2024-11-25T06:34:36.028+0000] {logging_mixin.py:190} INFO - [2024-11-25T06:34:36.027+0000] {dag.py:3239} INFO - Sync 2 DAGs
[2024-11-25T06:34:36.049+0000] {logging_mixin.py:190} INFO - [2024-11-25T06:34:36.048+0000] {dag.py:4180} INFO - Setting next_dagrun for example_xcom_args to None, run_after=None
[2024-11-25T06:34:36.054+0000] {logging_mixin.py:190} INFO - [2024-11-25T06:34:36.054+0000] {dag.py:4180} INFO - Setting next_dagrun for example_xcom_args_with_operators to None, run_after=None
[2024-11-25T06:34:36.079+0000] {processor.py:208} INFO - Processing /home/airflow/.local/lib/python3.12/site-packages/airflow/example_dags/example_xcomargs.py took 0.119 seconds
[2024-11-25T06:35:06.250+0000] {processor.py:186} INFO - Started process (PID=8907) to work on /home/airflow/.local/lib/python3.12/site-packages/airflow/example_dags/example_xcomargs.py
[2024-11-25T06:35:06.251+0000] {processor.py:914} INFO - Processing file /home/airflow/.local/lib/python3.12/site-packages/airflow/example_dags/example_xcomargs.py for tasks to queue
[2024-11-25T06:35:06.255+0000] {logging_mixin.py:190} INFO - [2024-11-25T06:35:06.254+0000] {dagbag.py:588} INFO - Filling up the DagBag from /home/airflow/.local/lib/python3.12/site-packages/airflow/example_dags/example_xcomargs.py
[2024-11-25T06:35:06.267+0000] {processor.py:925} INFO - DAG(s) 'example_xcom_args', 'example_xcom_args_with_operators' retrieved from /home/airflow/.local/lib/python3.12/site-packages/airflow/example_dags/example_xcomargs.py
[2024-11-25T06:35:06.299+0000] {logging_mixin.py:190} INFO - [2024-11-25T06:35:06.299+0000] {dag.py:3239} INFO - Sync 2 DAGs
[2024-11-25T06:35:06.323+0000] {logging_mixin.py:190} INFO - [2024-11-25T06:35:06.322+0000] {dag.py:4180} INFO - Setting next_dagrun for example_xcom_args to None, run_after=None
[2024-11-25T06:35:06.329+0000] {logging_mixin.py:190} INFO - [2024-11-25T06:35:06.328+0000] {dag.py:4180} INFO - Setting next_dagrun for example_xcom_args_with_operators to None, run_after=None
[2024-11-25T06:35:06.355+0000] {processor.py:208} INFO - Processing /home/airflow/.local/lib/python3.12/site-packages/airflow/example_dags/example_xcomargs.py took 0.111 seconds
[2024-11-25T06:35:36.877+0000] {processor.py:186} INFO - Started process (PID=9183) to work on /home/airflow/.local/lib/python3.12/site-packages/airflow/example_dags/example_xcomargs.py
[2024-11-25T06:35:36.879+0000] {processor.py:914} INFO - Processing file /home/airflow/.local/lib/python3.12/site-packages/airflow/example_dags/example_xcomargs.py for tasks to queue
[2024-11-25T06:35:36.883+0000] {logging_mixin.py:190} INFO - [2024-11-25T06:35:36.882+0000] {dagbag.py:588} INFO - Filling up the DagBag from /home/airflow/.local/lib/python3.12/site-packages/airflow/example_dags/example_xcomargs.py
[2024-11-25T06:35:36.907+0000] {processor.py:925} INFO - DAG(s) 'example_xcom_args', 'example_xcom_args_with_operators' retrieved from /home/airflow/.local/lib/python3.12/site-packages/airflow/example_dags/example_xcomargs.py
[2024-11-25T06:35:36.951+0000] {logging_mixin.py:190} INFO - [2024-11-25T06:35:36.951+0000] {dag.py:3239} INFO - Sync 2 DAGs
[2024-11-25T06:35:36.987+0000] {logging_mixin.py:190} INFO - [2024-11-25T06:35:36.986+0000] {dag.py:4180} INFO - Setting next_dagrun for example_xcom_args to None, run_after=None
[2024-11-25T06:35:37.000+0000] {logging_mixin.py:190} INFO - [2024-11-25T06:35:36.999+0000] {dag.py:4180} INFO - Setting next_dagrun for example_xcom_args_with_operators to None, run_after=None
[2024-11-25T06:35:37.050+0000] {processor.py:208} INFO - Processing /home/airflow/.local/lib/python3.12/site-packages/airflow/example_dags/example_xcomargs.py took 0.187 seconds
[2024-11-25T06:36:07.986+0000] {processor.py:186} INFO - Started process (PID=9476) to work on /home/airflow/.local/lib/python3.12/site-packages/airflow/example_dags/example_xcomargs.py
[2024-11-25T06:36:07.988+0000] {processor.py:914} INFO - Processing file /home/airflow/.local/lib/python3.12/site-packages/airflow/example_dags/example_xcomargs.py for tasks to queue
[2024-11-25T06:36:07.991+0000] {logging_mixin.py:190} INFO - [2024-11-25T06:36:07.990+0000] {dagbag.py:588} INFO - Filling up the DagBag from /home/airflow/.local/lib/python3.12/site-packages/airflow/example_dags/example_xcomargs.py
[2024-11-25T06:36:08.008+0000] {processor.py:925} INFO - DAG(s) 'example_xcom_args_with_operators', 'example_xcom_args' retrieved from /home/airflow/.local/lib/python3.12/site-packages/airflow/example_dags/example_xcomargs.py
[2024-11-25T06:36:08.058+0000] {logging_mixin.py:190} INFO - [2024-11-25T06:36:08.058+0000] {dag.py:3239} INFO - Sync 2 DAGs
[2024-11-25T06:36:08.085+0000] {logging_mixin.py:190} INFO - [2024-11-25T06:36:08.085+0000] {dag.py:4180} INFO - Setting next_dagrun for example_xcom_args to None, run_after=None
[2024-11-25T06:36:08.097+0000] {logging_mixin.py:190} INFO - [2024-11-25T06:36:08.096+0000] {dag.py:4180} INFO - Setting next_dagrun for example_xcom_args_with_operators to None, run_after=None
[2024-11-25T06:36:08.145+0000] {processor.py:208} INFO - Processing /home/airflow/.local/lib/python3.12/site-packages/airflow/example_dags/example_xcomargs.py took 0.165 seconds
[2024-11-25T06:36:38.481+0000] {processor.py:186} INFO - Started process (PID=9767) to work on /home/airflow/.local/lib/python3.12/site-packages/airflow/example_dags/example_xcomargs.py
[2024-11-25T06:36:38.482+0000] {processor.py:914} INFO - Processing file /home/airflow/.local/lib/python3.12/site-packages/airflow/example_dags/example_xcomargs.py for tasks to queue
[2024-11-25T06:36:38.486+0000] {logging_mixin.py:190} INFO - [2024-11-25T06:36:38.485+0000] {dagbag.py:588} INFO - Filling up the DagBag from /home/airflow/.local/lib/python3.12/site-packages/airflow/example_dags/example_xcomargs.py
[2024-11-25T06:36:38.499+0000] {processor.py:925} INFO - DAG(s) 'example_xcom_args', 'example_xcom_args_with_operators' retrieved from /home/airflow/.local/lib/python3.12/site-packages/airflow/example_dags/example_xcomargs.py
[2024-11-25T06:36:38.534+0000] {logging_mixin.py:190} INFO - [2024-11-25T06:36:38.534+0000] {dag.py:3239} INFO - Sync 2 DAGs
[2024-11-25T06:36:38.554+0000] {logging_mixin.py:190} INFO - [2024-11-25T06:36:38.553+0000] {dag.py:4180} INFO - Setting next_dagrun for example_xcom_args to None, run_after=None
[2024-11-25T06:36:38.560+0000] {logging_mixin.py:190} INFO - [2024-11-25T06:36:38.560+0000] {dag.py:4180} INFO - Setting next_dagrun for example_xcom_args_with_operators to None, run_after=None
[2024-11-25T06:36:38.584+0000] {processor.py:208} INFO - Processing /home/airflow/.local/lib/python3.12/site-packages/airflow/example_dags/example_xcomargs.py took 0.111 seconds
[2024-11-25T06:37:08.999+0000] {processor.py:186} INFO - Started process (PID=10058) to work on /home/airflow/.local/lib/python3.12/site-packages/airflow/example_dags/example_xcomargs.py
[2024-11-25T06:37:09.001+0000] {processor.py:914} INFO - Processing file /home/airflow/.local/lib/python3.12/site-packages/airflow/example_dags/example_xcomargs.py for tasks to queue
[2024-11-25T06:37:09.007+0000] {logging_mixin.py:190} INFO - [2024-11-25T06:37:09.006+0000] {dagbag.py:588} INFO - Filling up the DagBag from /home/airflow/.local/lib/python3.12/site-packages/airflow/example_dags/example_xcomargs.py
[2024-11-25T06:37:09.023+0000] {processor.py:925} INFO - DAG(s) 'example_xcom_args_with_operators', 'example_xcom_args' retrieved from /home/airflow/.local/lib/python3.12/site-packages/airflow/example_dags/example_xcomargs.py
[2024-11-25T06:37:09.058+0000] {logging_mixin.py:190} INFO - [2024-11-25T06:37:09.057+0000] {dag.py:3239} INFO - Sync 2 DAGs
[2024-11-25T06:37:09.084+0000] {logging_mixin.py:190} INFO - [2024-11-25T06:37:09.084+0000] {dag.py:4180} INFO - Setting next_dagrun for example_xcom_args to None, run_after=None
[2024-11-25T06:37:09.089+0000] {logging_mixin.py:190} INFO - [2024-11-25T06:37:09.089+0000] {dag.py:4180} INFO - Setting next_dagrun for example_xcom_args_with_operators to None, run_after=None
[2024-11-25T06:37:09.113+0000] {processor.py:208} INFO - Processing /home/airflow/.local/lib/python3.12/site-packages/airflow/example_dags/example_xcomargs.py took 0.124 seconds
[2024-11-25T06:37:39.795+0000] {processor.py:186} INFO - Started process (PID=10349) to work on /home/airflow/.local/lib/python3.12/site-packages/airflow/example_dags/example_xcomargs.py
[2024-11-25T06:37:39.796+0000] {processor.py:914} INFO - Processing file /home/airflow/.local/lib/python3.12/site-packages/airflow/example_dags/example_xcomargs.py for tasks to queue
[2024-11-25T06:37:39.800+0000] {logging_mixin.py:190} INFO - [2024-11-25T06:37:39.799+0000] {dagbag.py:588} INFO - Filling up the DagBag from /home/airflow/.local/lib/python3.12/site-packages/airflow/example_dags/example_xcomargs.py
[2024-11-25T06:37:39.814+0000] {processor.py:925} INFO - DAG(s) 'example_xcom_args', 'example_xcom_args_with_operators' retrieved from /home/airflow/.local/lib/python3.12/site-packages/airflow/example_dags/example_xcomargs.py
[2024-11-25T06:37:39.850+0000] {logging_mixin.py:190} INFO - [2024-11-25T06:37:39.850+0000] {dag.py:3239} INFO - Sync 2 DAGs
[2024-11-25T06:37:39.871+0000] {logging_mixin.py:190} INFO - [2024-11-25T06:37:39.870+0000] {dag.py:4180} INFO - Setting next_dagrun for example_xcom_args to None, run_after=None
[2024-11-25T06:37:39.877+0000] {logging_mixin.py:190} INFO - [2024-11-25T06:37:39.877+0000] {dag.py:4180} INFO - Setting next_dagrun for example_xcom_args_with_operators to None, run_after=None
[2024-11-25T06:37:39.909+0000] {processor.py:208} INFO - Processing /home/airflow/.local/lib/python3.12/site-packages/airflow/example_dags/example_xcomargs.py took 0.122 seconds
[2024-11-25T06:38:11.245+0000] {processor.py:186} INFO - Started process (PID=10643) to work on /home/airflow/.local/lib/python3.12/site-packages/airflow/example_dags/example_xcomargs.py
[2024-11-25T06:38:11.246+0000] {processor.py:914} INFO - Processing file /home/airflow/.local/lib/python3.12/site-packages/airflow/example_dags/example_xcomargs.py for tasks to queue
[2024-11-25T06:38:11.253+0000] {logging_mixin.py:190} INFO - [2024-11-25T06:38:11.252+0000] {dagbag.py:588} INFO - Filling up the DagBag from /home/airflow/.local/lib/python3.12/site-packages/airflow/example_dags/example_xcomargs.py
[2024-11-25T06:38:11.287+0000] {processor.py:925} INFO - DAG(s) 'example_xcom_args', 'example_xcom_args_with_operators' retrieved from /home/airflow/.local/lib/python3.12/site-packages/airflow/example_dags/example_xcomargs.py
[2024-11-25T06:38:11.386+0000] {logging_mixin.py:190} INFO - [2024-11-25T06:38:11.385+0000] {dag.py:3239} INFO - Sync 2 DAGs
[2024-11-25T06:38:11.419+0000] {logging_mixin.py:190} INFO - [2024-11-25T06:38:11.419+0000] {dag.py:4180} INFO - Setting next_dagrun for example_xcom_args to None, run_after=None
[2024-11-25T06:38:11.439+0000] {logging_mixin.py:190} INFO - [2024-11-25T06:38:11.437+0000] {dag.py:4180} INFO - Setting next_dagrun for example_xcom_args_with_operators to None, run_after=None
[2024-11-25T06:38:11.496+0000] {processor.py:208} INFO - Processing /home/airflow/.local/lib/python3.12/site-packages/airflow/example_dags/example_xcomargs.py took 0.265 seconds
[2024-11-25T06:38:41.705+0000] {processor.py:186} INFO - Started process (PID=10936) to work on /home/airflow/.local/lib/python3.12/site-packages/airflow/example_dags/example_xcomargs.py
[2024-11-25T06:38:41.707+0000] {processor.py:914} INFO - Processing file /home/airflow/.local/lib/python3.12/site-packages/airflow/example_dags/example_xcomargs.py for tasks to queue
[2024-11-25T06:38:41.710+0000] {logging_mixin.py:190} INFO - [2024-11-25T06:38:41.709+0000] {dagbag.py:588} INFO - Filling up the DagBag from /home/airflow/.local/lib/python3.12/site-packages/airflow/example_dags/example_xcomargs.py
[2024-11-25T06:38:41.725+0000] {processor.py:925} INFO - DAG(s) 'example_xcom_args_with_operators', 'example_xcom_args' retrieved from /home/airflow/.local/lib/python3.12/site-packages/airflow/example_dags/example_xcomargs.py
[2024-11-25T06:38:41.769+0000] {logging_mixin.py:190} INFO - [2024-11-25T06:38:41.768+0000] {dag.py:3239} INFO - Sync 2 DAGs
[2024-11-25T06:38:41.800+0000] {logging_mixin.py:190} INFO - [2024-11-25T06:38:41.799+0000] {dag.py:4180} INFO - Setting next_dagrun for example_xcom_args to None, run_after=None
[2024-11-25T06:38:41.807+0000] {logging_mixin.py:190} INFO - [2024-11-25T06:38:41.806+0000] {dag.py:4180} INFO - Setting next_dagrun for example_xcom_args_with_operators to None, run_after=None
[2024-11-25T06:38:41.837+0000] {processor.py:208} INFO - Processing /home/airflow/.local/lib/python3.12/site-packages/airflow/example_dags/example_xcomargs.py took 0.139 seconds
[2024-11-25T06:39:12.581+0000] {processor.py:186} INFO - Started process (PID=11227) to work on /home/airflow/.local/lib/python3.12/site-packages/airflow/example_dags/example_xcomargs.py
[2024-11-25T06:39:12.582+0000] {processor.py:914} INFO - Processing file /home/airflow/.local/lib/python3.12/site-packages/airflow/example_dags/example_xcomargs.py for tasks to queue
[2024-11-25T06:39:12.589+0000] {logging_mixin.py:190} INFO - [2024-11-25T06:39:12.587+0000] {dagbag.py:588} INFO - Filling up the DagBag from /home/airflow/.local/lib/python3.12/site-packages/airflow/example_dags/example_xcomargs.py
[2024-11-25T06:39:12.608+0000] {processor.py:925} INFO - DAG(s) 'example_xcom_args_with_operators', 'example_xcom_args' retrieved from /home/airflow/.local/lib/python3.12/site-packages/airflow/example_dags/example_xcomargs.py
[2024-11-25T06:39:12.665+0000] {logging_mixin.py:190} INFO - [2024-11-25T06:39:12.665+0000] {dag.py:3239} INFO - Sync 2 DAGs
[2024-11-25T06:39:12.702+0000] {logging_mixin.py:190} INFO - [2024-11-25T06:39:12.702+0000] {dag.py:4180} INFO - Setting next_dagrun for example_xcom_args to None, run_after=None
[2024-11-25T06:39:12.711+0000] {logging_mixin.py:190} INFO - [2024-11-25T06:39:12.711+0000] {dag.py:4180} INFO - Setting next_dagrun for example_xcom_args_with_operators to None, run_after=None
[2024-11-25T06:39:12.758+0000] {processor.py:208} INFO - Processing /home/airflow/.local/lib/python3.12/site-packages/airflow/example_dags/example_xcomargs.py took 0.186 seconds
[2024-11-25T06:39:42.823+0000] {processor.py:186} INFO - Started process (PID=11508) to work on /home/airflow/.local/lib/python3.12/site-packages/airflow/example_dags/example_xcomargs.py
[2024-11-25T06:39:42.824+0000] {processor.py:914} INFO - Processing file /home/airflow/.local/lib/python3.12/site-packages/airflow/example_dags/example_xcomargs.py for tasks to queue
[2024-11-25T06:39:42.827+0000] {logging_mixin.py:190} INFO - [2024-11-25T06:39:42.827+0000] {dagbag.py:588} INFO - Filling up the DagBag from /home/airflow/.local/lib/python3.12/site-packages/airflow/example_dags/example_xcomargs.py
[2024-11-25T06:39:42.839+0000] {processor.py:925} INFO - DAG(s) 'example_xcom_args_with_operators', 'example_xcom_args' retrieved from /home/airflow/.local/lib/python3.12/site-packages/airflow/example_dags/example_xcomargs.py
[2024-11-25T06:39:42.871+0000] {logging_mixin.py:190} INFO - [2024-11-25T06:39:42.871+0000] {dag.py:3239} INFO - Sync 2 DAGs
[2024-11-25T06:39:42.897+0000] {logging_mixin.py:190} INFO - [2024-11-25T06:39:42.897+0000] {dag.py:4180} INFO - Setting next_dagrun for example_xcom_args to None, run_after=None
[2024-11-25T06:39:42.908+0000] {logging_mixin.py:190} INFO - [2024-11-25T06:39:42.907+0000] {dag.py:4180} INFO - Setting next_dagrun for example_xcom_args_with_operators to None, run_after=None
[2024-11-25T06:39:42.950+0000] {processor.py:208} INFO - Processing /home/airflow/.local/lib/python3.12/site-packages/airflow/example_dags/example_xcomargs.py took 0.135 seconds
[2024-11-25T06:40:14.010+0000] {processor.py:186} INFO - Started process (PID=11799) to work on /home/airflow/.local/lib/python3.12/site-packages/airflow/example_dags/example_xcomargs.py
[2024-11-25T06:40:14.018+0000] {processor.py:914} INFO - Processing file /home/airflow/.local/lib/python3.12/site-packages/airflow/example_dags/example_xcomargs.py for tasks to queue
[2024-11-25T06:40:14.024+0000] {logging_mixin.py:190} INFO - [2024-11-25T06:40:14.023+0000] {dagbag.py:588} INFO - Filling up the DagBag from /home/airflow/.local/lib/python3.12/site-packages/airflow/example_dags/example_xcomargs.py
[2024-11-25T06:40:14.062+0000] {processor.py:925} INFO - DAG(s) 'example_xcom_args', 'example_xcom_args_with_operators' retrieved from /home/airflow/.local/lib/python3.12/site-packages/airflow/example_dags/example_xcomargs.py
[2024-11-25T06:40:14.151+0000] {logging_mixin.py:190} INFO - [2024-11-25T06:40:14.151+0000] {dag.py:3239} INFO - Sync 2 DAGs
[2024-11-25T06:40:14.208+0000] {logging_mixin.py:190} INFO - [2024-11-25T06:40:14.208+0000] {dag.py:4180} INFO - Setting next_dagrun for example_xcom_args to None, run_after=None
[2024-11-25T06:40:14.235+0000] {logging_mixin.py:190} INFO - [2024-11-25T06:40:14.235+0000] {dag.py:4180} INFO - Setting next_dagrun for example_xcom_args_with_operators to None, run_after=None
[2024-11-25T06:40:14.368+0000] {processor.py:208} INFO - Processing /home/airflow/.local/lib/python3.12/site-packages/airflow/example_dags/example_xcomargs.py took 0.375 seconds
[2024-11-25T06:40:44.649+0000] {processor.py:186} INFO - Started process (PID=12090) to work on /home/airflow/.local/lib/python3.12/site-packages/airflow/example_dags/example_xcomargs.py
[2024-11-25T06:40:44.651+0000] {processor.py:914} INFO - Processing file /home/airflow/.local/lib/python3.12/site-packages/airflow/example_dags/example_xcomargs.py for tasks to queue
[2024-11-25T06:40:44.654+0000] {logging_mixin.py:190} INFO - [2024-11-25T06:40:44.653+0000] {dagbag.py:588} INFO - Filling up the DagBag from /home/airflow/.local/lib/python3.12/site-packages/airflow/example_dags/example_xcomargs.py
[2024-11-25T06:40:44.668+0000] {processor.py:925} INFO - DAG(s) 'example_xcom_args', 'example_xcom_args_with_operators' retrieved from /home/airflow/.local/lib/python3.12/site-packages/airflow/example_dags/example_xcomargs.py
[2024-11-25T06:40:44.701+0000] {logging_mixin.py:190} INFO - [2024-11-25T06:40:44.701+0000] {dag.py:3239} INFO - Sync 2 DAGs
[2024-11-25T06:40:44.722+0000] {logging_mixin.py:190} INFO - [2024-11-25T06:40:44.721+0000] {dag.py:4180} INFO - Setting next_dagrun for example_xcom_args to None, run_after=None
[2024-11-25T06:40:44.727+0000] {logging_mixin.py:190} INFO - [2024-11-25T06:40:44.726+0000] {dag.py:4180} INFO - Setting next_dagrun for example_xcom_args_with_operators to None, run_after=None
[2024-11-25T06:40:44.750+0000] {processor.py:208} INFO - Processing /home/airflow/.local/lib/python3.12/site-packages/airflow/example_dags/example_xcomargs.py took 0.109 seconds
[2024-11-25T06:41:15.487+0000] {processor.py:186} INFO - Started process (PID=12374) to work on /home/airflow/.local/lib/python3.12/site-packages/airflow/example_dags/example_xcomargs.py
[2024-11-25T06:41:15.490+0000] {processor.py:914} INFO - Processing file /home/airflow/.local/lib/python3.12/site-packages/airflow/example_dags/example_xcomargs.py for tasks to queue
[2024-11-25T06:41:15.496+0000] {logging_mixin.py:190} INFO - [2024-11-25T06:41:15.494+0000] {dagbag.py:588} INFO - Filling up the DagBag from /home/airflow/.local/lib/python3.12/site-packages/airflow/example_dags/example_xcomargs.py
[2024-11-25T06:41:15.520+0000] {processor.py:925} INFO - DAG(s) 'example_xcom_args', 'example_xcom_args_with_operators' retrieved from /home/airflow/.local/lib/python3.12/site-packages/airflow/example_dags/example_xcomargs.py
[2024-11-25T06:41:15.574+0000] {logging_mixin.py:190} INFO - [2024-11-25T06:41:15.573+0000] {dag.py:3239} INFO - Sync 2 DAGs
[2024-11-25T06:41:15.603+0000] {logging_mixin.py:190} INFO - [2024-11-25T06:41:15.603+0000] {dag.py:4180} INFO - Setting next_dagrun for example_xcom_args to None, run_after=None
[2024-11-25T06:41:15.610+0000] {logging_mixin.py:190} INFO - [2024-11-25T06:41:15.610+0000] {dag.py:4180} INFO - Setting next_dagrun for example_xcom_args_with_operators to None, run_after=None
[2024-11-25T06:41:15.648+0000] {processor.py:208} INFO - Processing /home/airflow/.local/lib/python3.12/site-packages/airflow/example_dags/example_xcomargs.py took 0.174 seconds
[2024-11-25T06:41:46.438+0000] {processor.py:186} INFO - Started process (PID=12665) to work on /home/airflow/.local/lib/python3.12/site-packages/airflow/example_dags/example_xcomargs.py
[2024-11-25T06:41:46.441+0000] {processor.py:914} INFO - Processing file /home/airflow/.local/lib/python3.12/site-packages/airflow/example_dags/example_xcomargs.py for tasks to queue
[2024-11-25T06:41:46.444+0000] {logging_mixin.py:190} INFO - [2024-11-25T06:41:46.444+0000] {dagbag.py:588} INFO - Filling up the DagBag from /home/airflow/.local/lib/python3.12/site-packages/airflow/example_dags/example_xcomargs.py
[2024-11-25T06:41:46.461+0000] {processor.py:925} INFO - DAG(s) 'example_xcom_args_with_operators', 'example_xcom_args' retrieved from /home/airflow/.local/lib/python3.12/site-packages/airflow/example_dags/example_xcomargs.py
[2024-11-25T06:41:46.495+0000] {logging_mixin.py:190} INFO - [2024-11-25T06:41:46.495+0000] {dag.py:3239} INFO - Sync 2 DAGs
[2024-11-25T06:41:46.523+0000] {logging_mixin.py:190} INFO - [2024-11-25T06:41:46.523+0000] {dag.py:4180} INFO - Setting next_dagrun for example_xcom_args to None, run_after=None
[2024-11-25T06:41:46.529+0000] {logging_mixin.py:190} INFO - [2024-11-25T06:41:46.529+0000] {dag.py:4180} INFO - Setting next_dagrun for example_xcom_args_with_operators to None, run_after=None
[2024-11-25T06:41:46.559+0000] {processor.py:208} INFO - Processing /home/airflow/.local/lib/python3.12/site-packages/airflow/example_dags/example_xcomargs.py took 0.130 seconds
[2024-11-25T06:42:17.533+0000] {processor.py:186} INFO - Started process (PID=12956) to work on /home/airflow/.local/lib/python3.12/site-packages/airflow/example_dags/example_xcomargs.py
[2024-11-25T06:42:17.535+0000] {processor.py:914} INFO - Processing file /home/airflow/.local/lib/python3.12/site-packages/airflow/example_dags/example_xcomargs.py for tasks to queue
[2024-11-25T06:42:17.539+0000] {logging_mixin.py:190} INFO - [2024-11-25T06:42:17.539+0000] {dagbag.py:588} INFO - Filling up the DagBag from /home/airflow/.local/lib/python3.12/site-packages/airflow/example_dags/example_xcomargs.py
[2024-11-25T06:42:17.557+0000] {processor.py:925} INFO - DAG(s) 'example_xcom_args_with_operators', 'example_xcom_args' retrieved from /home/airflow/.local/lib/python3.12/site-packages/airflow/example_dags/example_xcomargs.py
[2024-11-25T06:42:17.627+0000] {logging_mixin.py:190} INFO - [2024-11-25T06:42:17.626+0000] {dag.py:3239} INFO - Sync 2 DAGs
[2024-11-25T06:42:17.670+0000] {logging_mixin.py:190} INFO - [2024-11-25T06:42:17.669+0000] {dag.py:4180} INFO - Setting next_dagrun for example_xcom_args to None, run_after=None
[2024-11-25T06:42:17.679+0000] {logging_mixin.py:190} INFO - [2024-11-25T06:42:17.678+0000] {dag.py:4180} INFO - Setting next_dagrun for example_xcom_args_with_operators to None, run_after=None
[2024-11-25T06:42:17.726+0000] {processor.py:208} INFO - Processing /home/airflow/.local/lib/python3.12/site-packages/airflow/example_dags/example_xcomargs.py took 0.208 seconds
[2024-11-25T06:42:48.150+0000] {processor.py:186} INFO - Started process (PID=13242) to work on /home/airflow/.local/lib/python3.12/site-packages/airflow/example_dags/example_xcomargs.py
[2024-11-25T06:42:48.151+0000] {processor.py:914} INFO - Processing file /home/airflow/.local/lib/python3.12/site-packages/airflow/example_dags/example_xcomargs.py for tasks to queue
[2024-11-25T06:42:48.154+0000] {logging_mixin.py:190} INFO - [2024-11-25T06:42:48.154+0000] {dagbag.py:588} INFO - Filling up the DagBag from /home/airflow/.local/lib/python3.12/site-packages/airflow/example_dags/example_xcomargs.py
[2024-11-25T06:42:48.172+0000] {processor.py:925} INFO - DAG(s) 'example_xcom_args_with_operators', 'example_xcom_args' retrieved from /home/airflow/.local/lib/python3.12/site-packages/airflow/example_dags/example_xcomargs.py
[2024-11-25T06:42:48.207+0000] {logging_mixin.py:190} INFO - [2024-11-25T06:42:48.206+0000] {dag.py:3239} INFO - Sync 2 DAGs
[2024-11-25T06:42:48.229+0000] {logging_mixin.py:190} INFO - [2024-11-25T06:42:48.229+0000] {dag.py:4180} INFO - Setting next_dagrun for example_xcom_args to None, run_after=None
[2024-11-25T06:42:48.235+0000] {logging_mixin.py:190} INFO - [2024-11-25T06:42:48.234+0000] {dag.py:4180} INFO - Setting next_dagrun for example_xcom_args_with_operators to None, run_after=None
[2024-11-25T06:42:48.263+0000] {processor.py:208} INFO - Processing /home/airflow/.local/lib/python3.12/site-packages/airflow/example_dags/example_xcomargs.py took 0.121 seconds
[2024-11-25T06:43:18.724+0000] {processor.py:186} INFO - Started process (PID=13530) to work on /home/airflow/.local/lib/python3.12/site-packages/airflow/example_dags/example_xcomargs.py
[2024-11-25T06:43:18.726+0000] {processor.py:914} INFO - Processing file /home/airflow/.local/lib/python3.12/site-packages/airflow/example_dags/example_xcomargs.py for tasks to queue
[2024-11-25T06:43:18.729+0000] {logging_mixin.py:190} INFO - [2024-11-25T06:43:18.729+0000] {dagbag.py:588} INFO - Filling up the DagBag from /home/airflow/.local/lib/python3.12/site-packages/airflow/example_dags/example_xcomargs.py
[2024-11-25T06:43:18.744+0000] {processor.py:925} INFO - DAG(s) 'example_xcom_args_with_operators', 'example_xcom_args' retrieved from /home/airflow/.local/lib/python3.12/site-packages/airflow/example_dags/example_xcomargs.py
[2024-11-25T06:43:18.794+0000] {logging_mixin.py:190} INFO - [2024-11-25T06:43:18.793+0000] {dag.py:3239} INFO - Sync 2 DAGs
[2024-11-25T06:43:18.826+0000] {logging_mixin.py:190} INFO - [2024-11-25T06:43:18.826+0000] {dag.py:4180} INFO - Setting next_dagrun for example_xcom_args to None, run_after=None
[2024-11-25T06:43:18.834+0000] {logging_mixin.py:190} INFO - [2024-11-25T06:43:18.833+0000] {dag.py:4180} INFO - Setting next_dagrun for example_xcom_args_with_operators to None, run_after=None
[2024-11-25T06:43:18.867+0000] {processor.py:208} INFO - Processing /home/airflow/.local/lib/python3.12/site-packages/airflow/example_dags/example_xcomargs.py took 0.151 seconds
[2024-11-25T06:43:49.059+0000] {processor.py:186} INFO - Started process (PID=13819) to work on /home/airflow/.local/lib/python3.12/site-packages/airflow/example_dags/example_xcomargs.py
[2024-11-25T06:43:49.061+0000] {processor.py:914} INFO - Processing file /home/airflow/.local/lib/python3.12/site-packages/airflow/example_dags/example_xcomargs.py for tasks to queue
[2024-11-25T06:43:49.064+0000] {logging_mixin.py:190} INFO - [2024-11-25T06:43:49.063+0000] {dagbag.py:588} INFO - Filling up the DagBag from /home/airflow/.local/lib/python3.12/site-packages/airflow/example_dags/example_xcomargs.py
[2024-11-25T06:43:49.083+0000] {processor.py:925} INFO - DAG(s) 'example_xcom_args', 'example_xcom_args_with_operators' retrieved from /home/airflow/.local/lib/python3.12/site-packages/airflow/example_dags/example_xcomargs.py
[2024-11-25T06:43:49.125+0000] {logging_mixin.py:190} INFO - [2024-11-25T06:43:49.125+0000] {dag.py:3239} INFO - Sync 2 DAGs
[2024-11-25T06:43:49.155+0000] {logging_mixin.py:190} INFO - [2024-11-25T06:43:49.155+0000] {dag.py:4180} INFO - Setting next_dagrun for example_xcom_args to None, run_after=None
[2024-11-25T06:43:49.162+0000] {logging_mixin.py:190} INFO - [2024-11-25T06:43:49.162+0000] {dag.py:4180} INFO - Setting next_dagrun for example_xcom_args_with_operators to None, run_after=None
[2024-11-25T06:43:49.194+0000] {processor.py:208} INFO - Processing /home/airflow/.local/lib/python3.12/site-packages/airflow/example_dags/example_xcomargs.py took 0.143 seconds
