[2024-11-25T06:16:07.937+0000] {processor.py:186} INFO - Started process (PID=319) to work on /home/airflow/.local/lib/python3.12/site-packages/airflow/example_dags/example_python_decorator.py
[2024-11-25T06:16:07.938+0000] {processor.py:914} INFO - Processing file /home/airflow/.local/lib/python3.12/site-packages/airflow/example_dags/example_python_decorator.py for tasks to queue
[2024-11-25T06:16:07.942+0000] {logging_mixin.py:190} INFO - [2024-11-25T06:16:07.941+0000] {dagbag.py:588} INFO - Filling up the DagBag from /home/airflow/.local/lib/python3.12/site-packages/airflow/example_dags/example_python_decorator.py
[2024-11-25T06:16:07.978+0000] {processor.py:925} INFO - DAG(s) 'example_python_decorator' retrieved from /home/airflow/.local/lib/python3.12/site-packages/airflow/example_dags/example_python_decorator.py
[2024-11-25T06:16:08.185+0000] {logging_mixin.py:190} INFO - [2024-11-25T06:16:08.184+0000] {override.py:1911} INFO - Created Permission View: can read on DAG:example_python_decorator
[2024-11-25T06:16:08.213+0000] {logging_mixin.py:190} INFO - [2024-11-25T06:16:08.212+0000] {override.py:1911} INFO - Created Permission View: can delete on DAG:example_python_decorator
[2024-11-25T06:16:08.234+0000] {logging_mixin.py:190} INFO - [2024-11-25T06:16:08.233+0000] {override.py:1911} INFO - Created Permission View: can edit on DAG:example_python_decorator
[2024-11-25T06:16:08.257+0000] {logging_mixin.py:190} INFO - [2024-11-25T06:16:08.257+0000] {override.py:1911} INFO - Created Permission View: menu access on DAG Run:example_python_decorator
[2024-11-25T06:16:08.276+0000] {logging_mixin.py:190} INFO - [2024-11-25T06:16:08.275+0000] {override.py:1911} INFO - Created Permission View: can read on DAG Run:example_python_decorator
[2024-11-25T06:16:08.299+0000] {logging_mixin.py:190} INFO - [2024-11-25T06:16:08.298+0000] {override.py:1911} INFO - Created Permission View: can create on DAG Run:example_python_decorator
[2024-11-25T06:16:08.322+0000] {logging_mixin.py:190} INFO - [2024-11-25T06:16:08.321+0000] {override.py:1911} INFO - Created Permission View: can delete on DAG Run:example_python_decorator
[2024-11-25T06:16:08.324+0000] {logging_mixin.py:190} INFO - [2024-11-25T06:16:08.323+0000] {dag.py:3239} INFO - Sync 1 DAGs
[2024-11-25T06:16:08.358+0000] {logging_mixin.py:190} INFO - [2024-11-25T06:16:08.358+0000] {dag.py:3262} INFO - Creating ORM DAG for example_python_decorator
[2024-11-25T06:16:08.362+0000] {logging_mixin.py:190} INFO - [2024-11-25T06:16:08.361+0000] {dag.py:4180} INFO - Setting next_dagrun for example_python_decorator to None, run_after=None
[2024-11-25T06:16:08.404+0000] {processor.py:208} INFO - Processing /home/airflow/.local/lib/python3.12/site-packages/airflow/example_dags/example_python_decorator.py took 0.476 seconds
[2024-11-25T06:16:39.211+0000] {processor.py:186} INFO - Started process (PID=610) to work on /home/airflow/.local/lib/python3.12/site-packages/airflow/example_dags/example_python_decorator.py
[2024-11-25T06:16:39.213+0000] {processor.py:914} INFO - Processing file /home/airflow/.local/lib/python3.12/site-packages/airflow/example_dags/example_python_decorator.py for tasks to queue
[2024-11-25T06:16:39.216+0000] {logging_mixin.py:190} INFO - [2024-11-25T06:16:39.215+0000] {dagbag.py:588} INFO - Filling up the DagBag from /home/airflow/.local/lib/python3.12/site-packages/airflow/example_dags/example_python_decorator.py
[2024-11-25T06:16:39.250+0000] {processor.py:925} INFO - DAG(s) 'example_python_decorator' retrieved from /home/airflow/.local/lib/python3.12/site-packages/airflow/example_dags/example_python_decorator.py
[2024-11-25T06:16:39.291+0000] {logging_mixin.py:190} INFO - [2024-11-25T06:16:39.291+0000] {dag.py:3239} INFO - Sync 1 DAGs
[2024-11-25T06:16:39.337+0000] {logging_mixin.py:190} INFO - [2024-11-25T06:16:39.336+0000] {dag.py:4180} INFO - Setting next_dagrun for example_python_decorator to None, run_after=None
[2024-11-25T06:16:39.401+0000] {processor.py:208} INFO - Processing /home/airflow/.local/lib/python3.12/site-packages/airflow/example_dags/example_python_decorator.py took 0.197 seconds
[2024-11-25T06:17:09.843+0000] {processor.py:186} INFO - Started process (PID=898) to work on /home/airflow/.local/lib/python3.12/site-packages/airflow/example_dags/example_python_decorator.py
[2024-11-25T06:17:09.845+0000] {processor.py:914} INFO - Processing file /home/airflow/.local/lib/python3.12/site-packages/airflow/example_dags/example_python_decorator.py for tasks to queue
[2024-11-25T06:17:09.848+0000] {logging_mixin.py:190} INFO - [2024-11-25T06:17:09.848+0000] {dagbag.py:588} INFO - Filling up the DagBag from /home/airflow/.local/lib/python3.12/site-packages/airflow/example_dags/example_python_decorator.py
[2024-11-25T06:17:09.868+0000] {processor.py:925} INFO - DAG(s) 'example_python_decorator' retrieved from /home/airflow/.local/lib/python3.12/site-packages/airflow/example_dags/example_python_decorator.py
[2024-11-25T06:17:09.901+0000] {logging_mixin.py:190} INFO - [2024-11-25T06:17:09.900+0000] {dag.py:3239} INFO - Sync 1 DAGs
[2024-11-25T06:17:09.950+0000] {logging_mixin.py:190} INFO - [2024-11-25T06:17:09.950+0000] {dag.py:4180} INFO - Setting next_dagrun for example_python_decorator to None, run_after=None
[2024-11-25T06:17:09.992+0000] {processor.py:208} INFO - Processing /home/airflow/.local/lib/python3.12/site-packages/airflow/example_dags/example_python_decorator.py took 0.156 seconds
[2024-11-25T06:19:48.405+0000] {processor.py:186} INFO - Started process (PID=341) to work on /home/airflow/.local/lib/python3.12/site-packages/airflow/example_dags/example_python_decorator.py
[2024-11-25T06:19:48.406+0000] {processor.py:914} INFO - Processing file /home/airflow/.local/lib/python3.12/site-packages/airflow/example_dags/example_python_decorator.py for tasks to queue
[2024-11-25T06:19:48.410+0000] {logging_mixin.py:190} INFO - [2024-11-25T06:19:48.410+0000] {dagbag.py:588} INFO - Filling up the DagBag from /home/airflow/.local/lib/python3.12/site-packages/airflow/example_dags/example_python_decorator.py
[2024-11-25T06:19:48.430+0000] {processor.py:925} INFO - DAG(s) 'example_python_decorator' retrieved from /home/airflow/.local/lib/python3.12/site-packages/airflow/example_dags/example_python_decorator.py
[2024-11-25T06:19:48.627+0000] {logging_mixin.py:190} INFO - [2024-11-25T06:19:48.626+0000] {dag.py:3239} INFO - Sync 1 DAGs
[2024-11-25T06:19:48.643+0000] {logging_mixin.py:190} INFO - [2024-11-25T06:19:48.642+0000] {dag.py:4180} INFO - Setting next_dagrun for example_python_decorator to None, run_after=None
[2024-11-25T06:19:48.674+0000] {processor.py:208} INFO - Processing /home/airflow/.local/lib/python3.12/site-packages/airflow/example_dags/example_python_decorator.py took 0.277 seconds
[2024-11-25T06:20:19.011+0000] {processor.py:186} INFO - Started process (PID=632) to work on /home/airflow/.local/lib/python3.12/site-packages/airflow/example_dags/example_python_decorator.py
[2024-11-25T06:20:19.012+0000] {processor.py:914} INFO - Processing file /home/airflow/.local/lib/python3.12/site-packages/airflow/example_dags/example_python_decorator.py for tasks to queue
[2024-11-25T06:20:19.015+0000] {logging_mixin.py:190} INFO - [2024-11-25T06:20:19.015+0000] {dagbag.py:588} INFO - Filling up the DagBag from /home/airflow/.local/lib/python3.12/site-packages/airflow/example_dags/example_python_decorator.py
[2024-11-25T06:20:19.037+0000] {processor.py:925} INFO - DAG(s) 'example_python_decorator' retrieved from /home/airflow/.local/lib/python3.12/site-packages/airflow/example_dags/example_python_decorator.py
[2024-11-25T06:20:19.075+0000] {logging_mixin.py:190} INFO - [2024-11-25T06:20:19.074+0000] {dag.py:3239} INFO - Sync 1 DAGs
[2024-11-25T06:20:19.108+0000] {logging_mixin.py:190} INFO - [2024-11-25T06:20:19.108+0000] {dag.py:4180} INFO - Setting next_dagrun for example_python_decorator to None, run_after=None
[2024-11-25T06:20:19.145+0000] {processor.py:208} INFO - Processing /home/airflow/.local/lib/python3.12/site-packages/airflow/example_dags/example_python_decorator.py took 0.144 seconds
[2024-11-25T06:20:49.971+0000] {processor.py:186} INFO - Started process (PID=918) to work on /home/airflow/.local/lib/python3.12/site-packages/airflow/example_dags/example_python_decorator.py
[2024-11-25T06:20:49.973+0000] {processor.py:914} INFO - Processing file /home/airflow/.local/lib/python3.12/site-packages/airflow/example_dags/example_python_decorator.py for tasks to queue
[2024-11-25T06:20:49.977+0000] {logging_mixin.py:190} INFO - [2024-11-25T06:20:49.976+0000] {dagbag.py:588} INFO - Filling up the DagBag from /home/airflow/.local/lib/python3.12/site-packages/airflow/example_dags/example_python_decorator.py
[2024-11-25T06:20:50.004+0000] {processor.py:925} INFO - DAG(s) 'example_python_decorator' retrieved from /home/airflow/.local/lib/python3.12/site-packages/airflow/example_dags/example_python_decorator.py
[2024-11-25T06:20:50.041+0000] {logging_mixin.py:190} INFO - [2024-11-25T06:20:50.040+0000] {dag.py:3239} INFO - Sync 1 DAGs
[2024-11-25T06:20:50.067+0000] {logging_mixin.py:190} INFO - [2024-11-25T06:20:50.067+0000] {dag.py:4180} INFO - Setting next_dagrun for example_python_decorator to None, run_after=None
[2024-11-25T06:20:50.100+0000] {processor.py:208} INFO - Processing /home/airflow/.local/lib/python3.12/site-packages/airflow/example_dags/example_python_decorator.py took 0.136 seconds
[2024-11-25T06:21:21.737+0000] {processor.py:186} INFO - Started process (PID=1209) to work on /home/airflow/.local/lib/python3.12/site-packages/airflow/example_dags/example_python_decorator.py
[2024-11-25T06:21:21.740+0000] {processor.py:914} INFO - Processing file /home/airflow/.local/lib/python3.12/site-packages/airflow/example_dags/example_python_decorator.py for tasks to queue
[2024-11-25T06:21:21.744+0000] {logging_mixin.py:190} INFO - [2024-11-25T06:21:21.743+0000] {dagbag.py:588} INFO - Filling up the DagBag from /home/airflow/.local/lib/python3.12/site-packages/airflow/example_dags/example_python_decorator.py
[2024-11-25T06:21:21.774+0000] {processor.py:925} INFO - DAG(s) 'example_python_decorator' retrieved from /home/airflow/.local/lib/python3.12/site-packages/airflow/example_dags/example_python_decorator.py
[2024-11-25T06:21:21.822+0000] {logging_mixin.py:190} INFO - [2024-11-25T06:21:21.822+0000] {dag.py:3239} INFO - Sync 1 DAGs
[2024-11-25T06:21:21.850+0000] {logging_mixin.py:190} INFO - [2024-11-25T06:21:21.849+0000] {dag.py:4180} INFO - Setting next_dagrun for example_python_decorator to None, run_after=None
[2024-11-25T06:21:21.888+0000] {processor.py:208} INFO - Processing /home/airflow/.local/lib/python3.12/site-packages/airflow/example_dags/example_python_decorator.py took 0.164 seconds
[2024-11-25T06:21:52.997+0000] {processor.py:186} INFO - Started process (PID=1495) to work on /home/airflow/.local/lib/python3.12/site-packages/airflow/example_dags/example_python_decorator.py
[2024-11-25T06:21:52.999+0000] {processor.py:914} INFO - Processing file /home/airflow/.local/lib/python3.12/site-packages/airflow/example_dags/example_python_decorator.py for tasks to queue
[2024-11-25T06:21:53.003+0000] {logging_mixin.py:190} INFO - [2024-11-25T06:21:53.003+0000] {dagbag.py:588} INFO - Filling up the DagBag from /home/airflow/.local/lib/python3.12/site-packages/airflow/example_dags/example_python_decorator.py
[2024-11-25T06:21:53.031+0000] {processor.py:925} INFO - DAG(s) 'example_python_decorator' retrieved from /home/airflow/.local/lib/python3.12/site-packages/airflow/example_dags/example_python_decorator.py
[2024-11-25T06:21:53.079+0000] {logging_mixin.py:190} INFO - [2024-11-25T06:21:53.078+0000] {dag.py:3239} INFO - Sync 1 DAGs
[2024-11-25T06:21:53.104+0000] {logging_mixin.py:190} INFO - [2024-11-25T06:21:53.104+0000] {dag.py:4180} INFO - Setting next_dagrun for example_python_decorator to None, run_after=None
[2024-11-25T06:21:53.146+0000] {processor.py:208} INFO - Processing /home/airflow/.local/lib/python3.12/site-packages/airflow/example_dags/example_python_decorator.py took 0.162 seconds
[2024-11-25T06:22:24.461+0000] {processor.py:186} INFO - Started process (PID=1786) to work on /home/airflow/.local/lib/python3.12/site-packages/airflow/example_dags/example_python_decorator.py
[2024-11-25T06:22:24.462+0000] {processor.py:914} INFO - Processing file /home/airflow/.local/lib/python3.12/site-packages/airflow/example_dags/example_python_decorator.py for tasks to queue
[2024-11-25T06:22:24.465+0000] {logging_mixin.py:190} INFO - [2024-11-25T06:22:24.465+0000] {dagbag.py:588} INFO - Filling up the DagBag from /home/airflow/.local/lib/python3.12/site-packages/airflow/example_dags/example_python_decorator.py
[2024-11-25T06:22:24.481+0000] {processor.py:925} INFO - DAG(s) 'example_python_decorator' retrieved from /home/airflow/.local/lib/python3.12/site-packages/airflow/example_dags/example_python_decorator.py
[2024-11-25T06:22:24.506+0000] {logging_mixin.py:190} INFO - [2024-11-25T06:22:24.506+0000] {dag.py:3239} INFO - Sync 1 DAGs
[2024-11-25T06:22:24.525+0000] {logging_mixin.py:190} INFO - [2024-11-25T06:22:24.525+0000] {dag.py:4180} INFO - Setting next_dagrun for example_python_decorator to None, run_after=None
[2024-11-25T06:22:24.551+0000] {processor.py:208} INFO - Processing /home/airflow/.local/lib/python3.12/site-packages/airflow/example_dags/example_python_decorator.py took 0.097 seconds
[2024-11-25T06:22:55.493+0000] {processor.py:186} INFO - Started process (PID=2078) to work on /home/airflow/.local/lib/python3.12/site-packages/airflow/example_dags/example_python_decorator.py
[2024-11-25T06:22:55.494+0000] {processor.py:914} INFO - Processing file /home/airflow/.local/lib/python3.12/site-packages/airflow/example_dags/example_python_decorator.py for tasks to queue
[2024-11-25T06:22:55.497+0000] {logging_mixin.py:190} INFO - [2024-11-25T06:22:55.496+0000] {dagbag.py:588} INFO - Filling up the DagBag from /home/airflow/.local/lib/python3.12/site-packages/airflow/example_dags/example_python_decorator.py
[2024-11-25T06:22:55.513+0000] {processor.py:925} INFO - DAG(s) 'example_python_decorator' retrieved from /home/airflow/.local/lib/python3.12/site-packages/airflow/example_dags/example_python_decorator.py
[2024-11-25T06:22:55.540+0000] {logging_mixin.py:190} INFO - [2024-11-25T06:22:55.540+0000] {dag.py:3239} INFO - Sync 1 DAGs
[2024-11-25T06:22:55.559+0000] {logging_mixin.py:190} INFO - [2024-11-25T06:22:55.558+0000] {dag.py:4180} INFO - Setting next_dagrun for example_python_decorator to None, run_after=None
[2024-11-25T06:22:55.586+0000] {processor.py:208} INFO - Processing /home/airflow/.local/lib/python3.12/site-packages/airflow/example_dags/example_python_decorator.py took 0.100 seconds
[2024-11-25T06:23:27.188+0000] {processor.py:186} INFO - Started process (PID=2369) to work on /home/airflow/.local/lib/python3.12/site-packages/airflow/example_dags/example_python_decorator.py
[2024-11-25T06:23:27.189+0000] {processor.py:914} INFO - Processing file /home/airflow/.local/lib/python3.12/site-packages/airflow/example_dags/example_python_decorator.py for tasks to queue
[2024-11-25T06:23:27.193+0000] {logging_mixin.py:190} INFO - [2024-11-25T06:23:27.192+0000] {dagbag.py:588} INFO - Filling up the DagBag from /home/airflow/.local/lib/python3.12/site-packages/airflow/example_dags/example_python_decorator.py
[2024-11-25T06:23:27.224+0000] {processor.py:925} INFO - DAG(s) 'example_python_decorator' retrieved from /home/airflow/.local/lib/python3.12/site-packages/airflow/example_dags/example_python_decorator.py
[2024-11-25T06:23:27.274+0000] {logging_mixin.py:190} INFO - [2024-11-25T06:23:27.273+0000] {dag.py:3239} INFO - Sync 1 DAGs
[2024-11-25T06:23:27.313+0000] {logging_mixin.py:190} INFO - [2024-11-25T06:23:27.312+0000] {dag.py:4180} INFO - Setting next_dagrun for example_python_decorator to None, run_after=None
[2024-11-25T06:23:27.374+0000] {processor.py:208} INFO - Processing /home/airflow/.local/lib/python3.12/site-packages/airflow/example_dags/example_python_decorator.py took 0.196 seconds
[2024-11-25T06:23:59.328+0000] {processor.py:186} INFO - Started process (PID=2662) to work on /home/airflow/.local/lib/python3.12/site-packages/airflow/example_dags/example_python_decorator.py
[2024-11-25T06:23:59.330+0000] {processor.py:914} INFO - Processing file /home/airflow/.local/lib/python3.12/site-packages/airflow/example_dags/example_python_decorator.py for tasks to queue
[2024-11-25T06:23:59.333+0000] {logging_mixin.py:190} INFO - [2024-11-25T06:23:59.333+0000] {dagbag.py:588} INFO - Filling up the DagBag from /home/airflow/.local/lib/python3.12/site-packages/airflow/example_dags/example_python_decorator.py
[2024-11-25T06:23:59.360+0000] {processor.py:925} INFO - DAG(s) 'example_python_decorator' retrieved from /home/airflow/.local/lib/python3.12/site-packages/airflow/example_dags/example_python_decorator.py
[2024-11-25T06:23:59.392+0000] {logging_mixin.py:190} INFO - [2024-11-25T06:23:59.392+0000] {dag.py:3239} INFO - Sync 1 DAGs
[2024-11-25T06:23:59.410+0000] {logging_mixin.py:190} INFO - [2024-11-25T06:23:59.409+0000] {dag.py:4180} INFO - Setting next_dagrun for example_python_decorator to None, run_after=None
[2024-11-25T06:23:59.441+0000] {processor.py:208} INFO - Processing /home/airflow/.local/lib/python3.12/site-packages/airflow/example_dags/example_python_decorator.py took 0.120 seconds
[2024-11-25T06:24:31.842+0000] {processor.py:186} INFO - Started process (PID=2955) to work on /home/airflow/.local/lib/python3.12/site-packages/airflow/example_dags/example_python_decorator.py
[2024-11-25T06:24:31.843+0000] {processor.py:914} INFO - Processing file /home/airflow/.local/lib/python3.12/site-packages/airflow/example_dags/example_python_decorator.py for tasks to queue
[2024-11-25T06:24:31.848+0000] {logging_mixin.py:190} INFO - [2024-11-25T06:24:31.847+0000] {dagbag.py:588} INFO - Filling up the DagBag from /home/airflow/.local/lib/python3.12/site-packages/airflow/example_dags/example_python_decorator.py
[2024-11-25T06:24:31.875+0000] {processor.py:925} INFO - DAG(s) 'example_python_decorator' retrieved from /home/airflow/.local/lib/python3.12/site-packages/airflow/example_dags/example_python_decorator.py
[2024-11-25T06:24:31.914+0000] {logging_mixin.py:190} INFO - [2024-11-25T06:24:31.913+0000] {dag.py:3239} INFO - Sync 1 DAGs
[2024-11-25T06:24:31.942+0000] {logging_mixin.py:190} INFO - [2024-11-25T06:24:31.941+0000] {dag.py:4180} INFO - Setting next_dagrun for example_python_decorator to None, run_after=None
[2024-11-25T06:24:31.989+0000] {processor.py:208} INFO - Processing /home/airflow/.local/lib/python3.12/site-packages/airflow/example_dags/example_python_decorator.py took 0.156 seconds
[2024-11-25T06:25:02.547+0000] {processor.py:186} INFO - Started process (PID=3241) to work on /home/airflow/.local/lib/python3.12/site-packages/airflow/example_dags/example_python_decorator.py
[2024-11-25T06:25:02.548+0000] {processor.py:914} INFO - Processing file /home/airflow/.local/lib/python3.12/site-packages/airflow/example_dags/example_python_decorator.py for tasks to queue
[2024-11-25T06:25:02.551+0000] {logging_mixin.py:190} INFO - [2024-11-25T06:25:02.551+0000] {dagbag.py:588} INFO - Filling up the DagBag from /home/airflow/.local/lib/python3.12/site-packages/airflow/example_dags/example_python_decorator.py
[2024-11-25T06:25:02.575+0000] {processor.py:925} INFO - DAG(s) 'example_python_decorator' retrieved from /home/airflow/.local/lib/python3.12/site-packages/airflow/example_dags/example_python_decorator.py
[2024-11-25T06:25:02.612+0000] {logging_mixin.py:190} INFO - [2024-11-25T06:25:02.612+0000] {dag.py:3239} INFO - Sync 1 DAGs
[2024-11-25T06:25:02.638+0000] {logging_mixin.py:190} INFO - [2024-11-25T06:25:02.637+0000] {dag.py:4180} INFO - Setting next_dagrun for example_python_decorator to None, run_after=None
[2024-11-25T06:25:02.669+0000] {processor.py:208} INFO - Processing /home/airflow/.local/lib/python3.12/site-packages/airflow/example_dags/example_python_decorator.py took 0.130 seconds
[2024-11-25T06:25:36.603+0000] {processor.py:186} INFO - Started process (PID=3537) to work on /home/airflow/.local/lib/python3.12/site-packages/airflow/example_dags/example_python_decorator.py
[2024-11-25T06:25:36.607+0000] {processor.py:914} INFO - Processing file /home/airflow/.local/lib/python3.12/site-packages/airflow/example_dags/example_python_decorator.py for tasks to queue
[2024-11-25T06:25:36.612+0000] {logging_mixin.py:190} INFO - [2024-11-25T06:25:36.611+0000] {dagbag.py:588} INFO - Filling up the DagBag from /home/airflow/.local/lib/python3.12/site-packages/airflow/example_dags/example_python_decorator.py
[2024-11-25T06:25:36.650+0000] {processor.py:925} INFO - DAG(s) 'example_python_decorator' retrieved from /home/airflow/.local/lib/python3.12/site-packages/airflow/example_dags/example_python_decorator.py
[2024-11-25T06:25:36.701+0000] {logging_mixin.py:190} INFO - [2024-11-25T06:25:36.701+0000] {dag.py:3239} INFO - Sync 1 DAGs
[2024-11-25T06:25:36.745+0000] {logging_mixin.py:190} INFO - [2024-11-25T06:25:36.745+0000] {dag.py:4180} INFO - Setting next_dagrun for example_python_decorator to None, run_after=None
[2024-11-25T06:25:36.785+0000] {processor.py:208} INFO - Processing /home/airflow/.local/lib/python3.12/site-packages/airflow/example_dags/example_python_decorator.py took 0.199 seconds
[2024-11-25T06:26:09.908+0000] {processor.py:186} INFO - Started process (PID=3827) to work on /home/airflow/.local/lib/python3.12/site-packages/airflow/example_dags/example_python_decorator.py
[2024-11-25T06:26:09.910+0000] {processor.py:914} INFO - Processing file /home/airflow/.local/lib/python3.12/site-packages/airflow/example_dags/example_python_decorator.py for tasks to queue
[2024-11-25T06:26:09.914+0000] {logging_mixin.py:190} INFO - [2024-11-25T06:26:09.913+0000] {dagbag.py:588} INFO - Filling up the DagBag from /home/airflow/.local/lib/python3.12/site-packages/airflow/example_dags/example_python_decorator.py
[2024-11-25T06:26:09.942+0000] {processor.py:925} INFO - DAG(s) 'example_python_decorator' retrieved from /home/airflow/.local/lib/python3.12/site-packages/airflow/example_dags/example_python_decorator.py
[2024-11-25T06:26:10.034+0000] {logging_mixin.py:190} INFO - [2024-11-25T06:26:10.032+0000] {dag.py:3239} INFO - Sync 1 DAGs
[2024-11-25T06:26:10.114+0000] {logging_mixin.py:190} INFO - [2024-11-25T06:26:10.114+0000] {dag.py:4180} INFO - Setting next_dagrun for example_python_decorator to None, run_after=None
[2024-11-25T06:26:10.200+0000] {processor.py:208} INFO - Processing /home/airflow/.local/lib/python3.12/site-packages/airflow/example_dags/example_python_decorator.py took 0.301 seconds
[2024-11-25T06:26:44.358+0000] {processor.py:186} INFO - Started process (PID=4118) to work on /home/airflow/.local/lib/python3.12/site-packages/airflow/example_dags/example_python_decorator.py
[2024-11-25T06:26:44.410+0000] {processor.py:914} INFO - Processing file /home/airflow/.local/lib/python3.12/site-packages/airflow/example_dags/example_python_decorator.py for tasks to queue
[2024-11-25T06:26:44.435+0000] {logging_mixin.py:190} INFO - [2024-11-25T06:26:44.434+0000] {dagbag.py:588} INFO - Filling up the DagBag from /home/airflow/.local/lib/python3.12/site-packages/airflow/example_dags/example_python_decorator.py
[2024-11-25T06:26:44.508+0000] {processor.py:925} INFO - DAG(s) 'example_python_decorator' retrieved from /home/airflow/.local/lib/python3.12/site-packages/airflow/example_dags/example_python_decorator.py
[2024-11-25T06:26:44.627+0000] {logging_mixin.py:190} INFO - [2024-11-25T06:26:44.627+0000] {dag.py:3239} INFO - Sync 1 DAGs
[2024-11-25T06:26:44.687+0000] {logging_mixin.py:190} INFO - [2024-11-25T06:26:44.687+0000] {dag.py:4180} INFO - Setting next_dagrun for example_python_decorator to None, run_after=None
[2024-11-25T06:26:44.755+0000] {processor.py:208} INFO - Processing /home/airflow/.local/lib/python3.12/site-packages/airflow/example_dags/example_python_decorator.py took 0.417 seconds
[2024-11-25T06:27:15.545+0000] {processor.py:186} INFO - Started process (PID=4407) to work on /home/airflow/.local/lib/python3.12/site-packages/airflow/example_dags/example_python_decorator.py
[2024-11-25T06:27:15.547+0000] {processor.py:914} INFO - Processing file /home/airflow/.local/lib/python3.12/site-packages/airflow/example_dags/example_python_decorator.py for tasks to queue
[2024-11-25T06:27:15.551+0000] {logging_mixin.py:190} INFO - [2024-11-25T06:27:15.550+0000] {dagbag.py:588} INFO - Filling up the DagBag from /home/airflow/.local/lib/python3.12/site-packages/airflow/example_dags/example_python_decorator.py
[2024-11-25T06:27:15.587+0000] {processor.py:925} INFO - DAG(s) 'example_python_decorator' retrieved from /home/airflow/.local/lib/python3.12/site-packages/airflow/example_dags/example_python_decorator.py
[2024-11-25T06:27:15.623+0000] {logging_mixin.py:190} INFO - [2024-11-25T06:27:15.623+0000] {dag.py:3239} INFO - Sync 1 DAGs
[2024-11-25T06:27:15.644+0000] {logging_mixin.py:190} INFO - [2024-11-25T06:27:15.644+0000] {dag.py:4180} INFO - Setting next_dagrun for example_python_decorator to None, run_after=None
[2024-11-25T06:27:15.675+0000] {processor.py:208} INFO - Processing /home/airflow/.local/lib/python3.12/site-packages/airflow/example_dags/example_python_decorator.py took 0.139 seconds
[2024-11-25T06:27:45.948+0000] {processor.py:186} INFO - Started process (PID=4696) to work on /home/airflow/.local/lib/python3.12/site-packages/airflow/example_dags/example_python_decorator.py
[2024-11-25T06:27:45.950+0000] {processor.py:914} INFO - Processing file /home/airflow/.local/lib/python3.12/site-packages/airflow/example_dags/example_python_decorator.py for tasks to queue
[2024-11-25T06:27:45.956+0000] {logging_mixin.py:190} INFO - [2024-11-25T06:27:45.955+0000] {dagbag.py:588} INFO - Filling up the DagBag from /home/airflow/.local/lib/python3.12/site-packages/airflow/example_dags/example_python_decorator.py
[2024-11-25T06:27:45.993+0000] {processor.py:925} INFO - DAG(s) 'example_python_decorator' retrieved from /home/airflow/.local/lib/python3.12/site-packages/airflow/example_dags/example_python_decorator.py
[2024-11-25T06:27:46.049+0000] {logging_mixin.py:190} INFO - [2024-11-25T06:27:46.048+0000] {dag.py:3239} INFO - Sync 1 DAGs
[2024-11-25T06:27:46.083+0000] {logging_mixin.py:190} INFO - [2024-11-25T06:27:46.083+0000] {dag.py:4180} INFO - Setting next_dagrun for example_python_decorator to None, run_after=None
[2024-11-25T06:27:46.128+0000] {processor.py:208} INFO - Processing /home/airflow/.local/lib/python3.12/site-packages/airflow/example_dags/example_python_decorator.py took 0.189 seconds
[2024-11-25T06:28:16.435+0000] {processor.py:186} INFO - Started process (PID=4982) to work on /home/airflow/.local/lib/python3.12/site-packages/airflow/example_dags/example_python_decorator.py
[2024-11-25T06:28:16.436+0000] {processor.py:914} INFO - Processing file /home/airflow/.local/lib/python3.12/site-packages/airflow/example_dags/example_python_decorator.py for tasks to queue
[2024-11-25T06:28:16.440+0000] {logging_mixin.py:190} INFO - [2024-11-25T06:28:16.439+0000] {dagbag.py:588} INFO - Filling up the DagBag from /home/airflow/.local/lib/python3.12/site-packages/airflow/example_dags/example_python_decorator.py
[2024-11-25T06:28:16.463+0000] {processor.py:925} INFO - DAG(s) 'example_python_decorator' retrieved from /home/airflow/.local/lib/python3.12/site-packages/airflow/example_dags/example_python_decorator.py
[2024-11-25T06:28:16.498+0000] {logging_mixin.py:190} INFO - [2024-11-25T06:28:16.497+0000] {dag.py:3239} INFO - Sync 1 DAGs
[2024-11-25T06:28:16.521+0000] {logging_mixin.py:190} INFO - [2024-11-25T06:28:16.521+0000] {dag.py:4180} INFO - Setting next_dagrun for example_python_decorator to None, run_after=None
[2024-11-25T06:28:16.556+0000] {processor.py:208} INFO - Processing /home/airflow/.local/lib/python3.12/site-packages/airflow/example_dags/example_python_decorator.py took 0.129 seconds
[2024-11-25T06:28:46.876+0000] {processor.py:186} INFO - Started process (PID=5270) to work on /home/airflow/.local/lib/python3.12/site-packages/airflow/example_dags/example_python_decorator.py
[2024-11-25T06:28:46.878+0000] {processor.py:914} INFO - Processing file /home/airflow/.local/lib/python3.12/site-packages/airflow/example_dags/example_python_decorator.py for tasks to queue
[2024-11-25T06:28:46.880+0000] {logging_mixin.py:190} INFO - [2024-11-25T06:28:46.880+0000] {dagbag.py:588} INFO - Filling up the DagBag from /home/airflow/.local/lib/python3.12/site-packages/airflow/example_dags/example_python_decorator.py
[2024-11-25T06:28:46.904+0000] {processor.py:925} INFO - DAG(s) 'example_python_decorator' retrieved from /home/airflow/.local/lib/python3.12/site-packages/airflow/example_dags/example_python_decorator.py
[2024-11-25T06:28:46.941+0000] {logging_mixin.py:190} INFO - [2024-11-25T06:28:46.941+0000] {dag.py:3239} INFO - Sync 1 DAGs
[2024-11-25T06:28:46.963+0000] {logging_mixin.py:190} INFO - [2024-11-25T06:28:46.963+0000] {dag.py:4180} INFO - Setting next_dagrun for example_python_decorator to None, run_after=None
[2024-11-25T06:28:46.997+0000] {processor.py:208} INFO - Processing /home/airflow/.local/lib/python3.12/site-packages/airflow/example_dags/example_python_decorator.py took 0.128 seconds
[2024-11-25T06:29:17.172+0000] {processor.py:186} INFO - Started process (PID=5559) to work on /home/airflow/.local/lib/python3.12/site-packages/airflow/example_dags/example_python_decorator.py
[2024-11-25T06:29:17.174+0000] {processor.py:914} INFO - Processing file /home/airflow/.local/lib/python3.12/site-packages/airflow/example_dags/example_python_decorator.py for tasks to queue
[2024-11-25T06:29:17.176+0000] {logging_mixin.py:190} INFO - [2024-11-25T06:29:17.176+0000] {dagbag.py:588} INFO - Filling up the DagBag from /home/airflow/.local/lib/python3.12/site-packages/airflow/example_dags/example_python_decorator.py
[2024-11-25T06:29:17.197+0000] {processor.py:925} INFO - DAG(s) 'example_python_decorator' retrieved from /home/airflow/.local/lib/python3.12/site-packages/airflow/example_dags/example_python_decorator.py
[2024-11-25T06:29:17.230+0000] {logging_mixin.py:190} INFO - [2024-11-25T06:29:17.230+0000] {dag.py:3239} INFO - Sync 1 DAGs
[2024-11-25T06:29:17.266+0000] {logging_mixin.py:190} INFO - [2024-11-25T06:29:17.265+0000] {dag.py:4180} INFO - Setting next_dagrun for example_python_decorator to None, run_after=None
[2024-11-25T06:29:17.299+0000] {processor.py:208} INFO - Processing /home/airflow/.local/lib/python3.12/site-packages/airflow/example_dags/example_python_decorator.py took 0.135 seconds
[2024-11-25T06:29:47.518+0000] {processor.py:186} INFO - Started process (PID=5848) to work on /home/airflow/.local/lib/python3.12/site-packages/airflow/example_dags/example_python_decorator.py
[2024-11-25T06:29:47.520+0000] {processor.py:914} INFO - Processing file /home/airflow/.local/lib/python3.12/site-packages/airflow/example_dags/example_python_decorator.py for tasks to queue
[2024-11-25T06:29:47.523+0000] {logging_mixin.py:190} INFO - [2024-11-25T06:29:47.522+0000] {dagbag.py:588} INFO - Filling up the DagBag from /home/airflow/.local/lib/python3.12/site-packages/airflow/example_dags/example_python_decorator.py
[2024-11-25T06:29:47.545+0000] {processor.py:925} INFO - DAG(s) 'example_python_decorator' retrieved from /home/airflow/.local/lib/python3.12/site-packages/airflow/example_dags/example_python_decorator.py
[2024-11-25T06:29:47.579+0000] {logging_mixin.py:190} INFO - [2024-11-25T06:29:47.578+0000] {dag.py:3239} INFO - Sync 1 DAGs
[2024-11-25T06:29:47.603+0000] {logging_mixin.py:190} INFO - [2024-11-25T06:29:47.602+0000] {dag.py:4180} INFO - Setting next_dagrun for example_python_decorator to None, run_after=None
[2024-11-25T06:29:47.635+0000] {processor.py:208} INFO - Processing /home/airflow/.local/lib/python3.12/site-packages/airflow/example_dags/example_python_decorator.py took 0.129 seconds
[2024-11-25T06:30:17.825+0000] {processor.py:186} INFO - Started process (PID=6139) to work on /home/airflow/.local/lib/python3.12/site-packages/airflow/example_dags/example_python_decorator.py
[2024-11-25T06:30:17.826+0000] {processor.py:914} INFO - Processing file /home/airflow/.local/lib/python3.12/site-packages/airflow/example_dags/example_python_decorator.py for tasks to queue
[2024-11-25T06:30:17.830+0000] {logging_mixin.py:190} INFO - [2024-11-25T06:30:17.829+0000] {dagbag.py:588} INFO - Filling up the DagBag from /home/airflow/.local/lib/python3.12/site-packages/airflow/example_dags/example_python_decorator.py
[2024-11-25T06:30:17.850+0000] {processor.py:925} INFO - DAG(s) 'example_python_decorator' retrieved from /home/airflow/.local/lib/python3.12/site-packages/airflow/example_dags/example_python_decorator.py
[2024-11-25T06:30:17.883+0000] {logging_mixin.py:190} INFO - [2024-11-25T06:30:17.883+0000] {dag.py:3239} INFO - Sync 1 DAGs
[2024-11-25T06:30:17.903+0000] {logging_mixin.py:190} INFO - [2024-11-25T06:30:17.903+0000] {dag.py:4180} INFO - Setting next_dagrun for example_python_decorator to None, run_after=None
[2024-11-25T06:30:17.934+0000] {processor.py:208} INFO - Processing /home/airflow/.local/lib/python3.12/site-packages/airflow/example_dags/example_python_decorator.py took 0.117 seconds
[2024-11-25T06:30:48.303+0000] {processor.py:186} INFO - Started process (PID=6430) to work on /home/airflow/.local/lib/python3.12/site-packages/airflow/example_dags/example_python_decorator.py
[2024-11-25T06:30:48.305+0000] {processor.py:914} INFO - Processing file /home/airflow/.local/lib/python3.12/site-packages/airflow/example_dags/example_python_decorator.py for tasks to queue
[2024-11-25T06:30:48.308+0000] {logging_mixin.py:190} INFO - [2024-11-25T06:30:48.307+0000] {dagbag.py:588} INFO - Filling up the DagBag from /home/airflow/.local/lib/python3.12/site-packages/airflow/example_dags/example_python_decorator.py
[2024-11-25T06:30:48.329+0000] {processor.py:925} INFO - DAG(s) 'example_python_decorator' retrieved from /home/airflow/.local/lib/python3.12/site-packages/airflow/example_dags/example_python_decorator.py
[2024-11-25T06:30:48.378+0000] {logging_mixin.py:190} INFO - [2024-11-25T06:30:48.377+0000] {dag.py:3239} INFO - Sync 1 DAGs
[2024-11-25T06:30:48.420+0000] {logging_mixin.py:190} INFO - [2024-11-25T06:30:48.420+0000] {dag.py:4180} INFO - Setting next_dagrun for example_python_decorator to None, run_after=None
[2024-11-25T06:30:48.501+0000] {processor.py:208} INFO - Processing /home/airflow/.local/lib/python3.12/site-packages/airflow/example_dags/example_python_decorator.py took 0.206 seconds
[2024-11-25T06:31:19.150+0000] {processor.py:186} INFO - Started process (PID=6721) to work on /home/airflow/.local/lib/python3.12/site-packages/airflow/example_dags/example_python_decorator.py
[2024-11-25T06:31:19.152+0000] {processor.py:914} INFO - Processing file /home/airflow/.local/lib/python3.12/site-packages/airflow/example_dags/example_python_decorator.py for tasks to queue
[2024-11-25T06:31:19.155+0000] {logging_mixin.py:190} INFO - [2024-11-25T06:31:19.154+0000] {dagbag.py:588} INFO - Filling up the DagBag from /home/airflow/.local/lib/python3.12/site-packages/airflow/example_dags/example_python_decorator.py
[2024-11-25T06:31:19.180+0000] {processor.py:925} INFO - DAG(s) 'example_python_decorator' retrieved from /home/airflow/.local/lib/python3.12/site-packages/airflow/example_dags/example_python_decorator.py
[2024-11-25T06:31:19.220+0000] {logging_mixin.py:190} INFO - [2024-11-25T06:31:19.220+0000] {dag.py:3239} INFO - Sync 1 DAGs
[2024-11-25T06:31:19.270+0000] {logging_mixin.py:190} INFO - [2024-11-25T06:31:19.269+0000] {dag.py:4180} INFO - Setting next_dagrun for example_python_decorator to None, run_after=None
[2024-11-25T06:31:19.313+0000] {processor.py:208} INFO - Processing /home/airflow/.local/lib/python3.12/site-packages/airflow/example_dags/example_python_decorator.py took 0.171 seconds
[2024-11-25T06:31:49.561+0000] {processor.py:186} INFO - Started process (PID=7012) to work on /home/airflow/.local/lib/python3.12/site-packages/airflow/example_dags/example_python_decorator.py
[2024-11-25T06:31:49.562+0000] {processor.py:914} INFO - Processing file /home/airflow/.local/lib/python3.12/site-packages/airflow/example_dags/example_python_decorator.py for tasks to queue
[2024-11-25T06:31:49.566+0000] {logging_mixin.py:190} INFO - [2024-11-25T06:31:49.565+0000] {dagbag.py:588} INFO - Filling up the DagBag from /home/airflow/.local/lib/python3.12/site-packages/airflow/example_dags/example_python_decorator.py
[2024-11-25T06:31:49.593+0000] {processor.py:925} INFO - DAG(s) 'example_python_decorator' retrieved from /home/airflow/.local/lib/python3.12/site-packages/airflow/example_dags/example_python_decorator.py
[2024-11-25T06:31:49.627+0000] {logging_mixin.py:190} INFO - [2024-11-25T06:31:49.627+0000] {dag.py:3239} INFO - Sync 1 DAGs
[2024-11-25T06:31:49.647+0000] {logging_mixin.py:190} INFO - [2024-11-25T06:31:49.646+0000] {dag.py:4180} INFO - Setting next_dagrun for example_python_decorator to None, run_after=None
[2024-11-25T06:31:49.680+0000] {processor.py:208} INFO - Processing /home/airflow/.local/lib/python3.12/site-packages/airflow/example_dags/example_python_decorator.py took 0.127 seconds
[2024-11-25T06:32:19.887+0000] {processor.py:186} INFO - Started process (PID=7303) to work on /home/airflow/.local/lib/python3.12/site-packages/airflow/example_dags/example_python_decorator.py
[2024-11-25T06:32:19.889+0000] {processor.py:914} INFO - Processing file /home/airflow/.local/lib/python3.12/site-packages/airflow/example_dags/example_python_decorator.py for tasks to queue
[2024-11-25T06:32:19.894+0000] {logging_mixin.py:190} INFO - [2024-11-25T06:32:19.893+0000] {dagbag.py:588} INFO - Filling up the DagBag from /home/airflow/.local/lib/python3.12/site-packages/airflow/example_dags/example_python_decorator.py
[2024-11-25T06:32:19.912+0000] {processor.py:925} INFO - DAG(s) 'example_python_decorator' retrieved from /home/airflow/.local/lib/python3.12/site-packages/airflow/example_dags/example_python_decorator.py
[2024-11-25T06:32:19.944+0000] {logging_mixin.py:190} INFO - [2024-11-25T06:32:19.944+0000] {dag.py:3239} INFO - Sync 1 DAGs
[2024-11-25T06:32:19.971+0000] {logging_mixin.py:190} INFO - [2024-11-25T06:32:19.971+0000] {dag.py:4180} INFO - Setting next_dagrun for example_python_decorator to None, run_after=None
[2024-11-25T06:32:19.999+0000] {processor.py:208} INFO - Processing /home/airflow/.local/lib/python3.12/site-packages/airflow/example_dags/example_python_decorator.py took 0.124 seconds
[2024-11-25T06:32:50.646+0000] {processor.py:186} INFO - Started process (PID=7600) to work on /home/airflow/.local/lib/python3.12/site-packages/airflow/example_dags/example_python_decorator.py
[2024-11-25T06:32:50.648+0000] {processor.py:914} INFO - Processing file /home/airflow/.local/lib/python3.12/site-packages/airflow/example_dags/example_python_decorator.py for tasks to queue
[2024-11-25T06:32:50.651+0000] {logging_mixin.py:190} INFO - [2024-11-25T06:32:50.651+0000] {dagbag.py:588} INFO - Filling up the DagBag from /home/airflow/.local/lib/python3.12/site-packages/airflow/example_dags/example_python_decorator.py
[2024-11-25T06:32:50.682+0000] {processor.py:925} INFO - DAG(s) 'example_python_decorator' retrieved from /home/airflow/.local/lib/python3.12/site-packages/airflow/example_dags/example_python_decorator.py
[2024-11-25T06:32:50.725+0000] {logging_mixin.py:190} INFO - [2024-11-25T06:32:50.724+0000] {dag.py:3239} INFO - Sync 1 DAGs
[2024-11-25T06:32:50.761+0000] {logging_mixin.py:190} INFO - [2024-11-25T06:32:50.761+0000] {dag.py:4180} INFO - Setting next_dagrun for example_python_decorator to None, run_after=None
[2024-11-25T06:32:50.819+0000] {processor.py:208} INFO - Processing /home/airflow/.local/lib/python3.12/site-packages/airflow/example_dags/example_python_decorator.py took 0.184 seconds
[2024-11-25T06:33:21.475+0000] {processor.py:186} INFO - Started process (PID=7891) to work on /home/airflow/.local/lib/python3.12/site-packages/airflow/example_dags/example_python_decorator.py
[2024-11-25T06:33:21.476+0000] {processor.py:914} INFO - Processing file /home/airflow/.local/lib/python3.12/site-packages/airflow/example_dags/example_python_decorator.py for tasks to queue
[2024-11-25T06:33:21.479+0000] {logging_mixin.py:190} INFO - [2024-11-25T06:33:21.478+0000] {dagbag.py:588} INFO - Filling up the DagBag from /home/airflow/.local/lib/python3.12/site-packages/airflow/example_dags/example_python_decorator.py
[2024-11-25T06:33:21.497+0000] {processor.py:925} INFO - DAG(s) 'example_python_decorator' retrieved from /home/airflow/.local/lib/python3.12/site-packages/airflow/example_dags/example_python_decorator.py
[2024-11-25T06:33:21.541+0000] {logging_mixin.py:190} INFO - [2024-11-25T06:33:21.540+0000] {dag.py:3239} INFO - Sync 1 DAGs
[2024-11-25T06:33:21.566+0000] {logging_mixin.py:190} INFO - [2024-11-25T06:33:21.566+0000] {dag.py:4180} INFO - Setting next_dagrun for example_python_decorator to None, run_after=None
[2024-11-25T06:33:21.597+0000] {processor.py:208} INFO - Processing /home/airflow/.local/lib/python3.12/site-packages/airflow/example_dags/example_python_decorator.py took 0.130 seconds
[2024-11-25T06:33:52.309+0000] {processor.py:186} INFO - Started process (PID=8182) to work on /home/airflow/.local/lib/python3.12/site-packages/airflow/example_dags/example_python_decorator.py
[2024-11-25T06:33:52.310+0000] {processor.py:914} INFO - Processing file /home/airflow/.local/lib/python3.12/site-packages/airflow/example_dags/example_python_decorator.py for tasks to queue
[2024-11-25T06:33:52.313+0000] {logging_mixin.py:190} INFO - [2024-11-25T06:33:52.312+0000] {dagbag.py:588} INFO - Filling up the DagBag from /home/airflow/.local/lib/python3.12/site-packages/airflow/example_dags/example_python_decorator.py
[2024-11-25T06:33:52.328+0000] {processor.py:925} INFO - DAG(s) 'example_python_decorator' retrieved from /home/airflow/.local/lib/python3.12/site-packages/airflow/example_dags/example_python_decorator.py
[2024-11-25T06:33:52.353+0000] {logging_mixin.py:190} INFO - [2024-11-25T06:33:52.352+0000] {dag.py:3239} INFO - Sync 1 DAGs
[2024-11-25T06:33:52.371+0000] {logging_mixin.py:190} INFO - [2024-11-25T06:33:52.371+0000] {dag.py:4180} INFO - Setting next_dagrun for example_python_decorator to None, run_after=None
[2024-11-25T06:33:52.419+0000] {processor.py:208} INFO - Processing /home/airflow/.local/lib/python3.12/site-packages/airflow/example_dags/example_python_decorator.py took 0.117 seconds
[2024-11-25T06:34:23.280+0000] {processor.py:186} INFO - Started process (PID=8473) to work on /home/airflow/.local/lib/python3.12/site-packages/airflow/example_dags/example_python_decorator.py
[2024-11-25T06:34:23.282+0000] {processor.py:914} INFO - Processing file /home/airflow/.local/lib/python3.12/site-packages/airflow/example_dags/example_python_decorator.py for tasks to queue
[2024-11-25T06:34:23.284+0000] {logging_mixin.py:190} INFO - [2024-11-25T06:34:23.284+0000] {dagbag.py:588} INFO - Filling up the DagBag from /home/airflow/.local/lib/python3.12/site-packages/airflow/example_dags/example_python_decorator.py
[2024-11-25T06:34:23.300+0000] {processor.py:925} INFO - DAG(s) 'example_python_decorator' retrieved from /home/airflow/.local/lib/python3.12/site-packages/airflow/example_dags/example_python_decorator.py
[2024-11-25T06:34:23.329+0000] {logging_mixin.py:190} INFO - [2024-11-25T06:34:23.329+0000] {dag.py:3239} INFO - Sync 1 DAGs
[2024-11-25T06:34:23.352+0000] {logging_mixin.py:190} INFO - [2024-11-25T06:34:23.352+0000] {dag.py:4180} INFO - Setting next_dagrun for example_python_decorator to None, run_after=None
[2024-11-25T06:34:23.389+0000] {processor.py:208} INFO - Processing /home/airflow/.local/lib/python3.12/site-packages/airflow/example_dags/example_python_decorator.py took 0.115 seconds
[2024-11-25T06:34:53.649+0000] {processor.py:186} INFO - Started process (PID=8764) to work on /home/airflow/.local/lib/python3.12/site-packages/airflow/example_dags/example_python_decorator.py
[2024-11-25T06:34:53.650+0000] {processor.py:914} INFO - Processing file /home/airflow/.local/lib/python3.12/site-packages/airflow/example_dags/example_python_decorator.py for tasks to queue
[2024-11-25T06:34:53.653+0000] {logging_mixin.py:190} INFO - [2024-11-25T06:34:53.653+0000] {dagbag.py:588} INFO - Filling up the DagBag from /home/airflow/.local/lib/python3.12/site-packages/airflow/example_dags/example_python_decorator.py
[2024-11-25T06:34:53.674+0000] {processor.py:925} INFO - DAG(s) 'example_python_decorator' retrieved from /home/airflow/.local/lib/python3.12/site-packages/airflow/example_dags/example_python_decorator.py
[2024-11-25T06:34:53.704+0000] {logging_mixin.py:190} INFO - [2024-11-25T06:34:53.704+0000] {dag.py:3239} INFO - Sync 1 DAGs
[2024-11-25T06:34:53.724+0000] {logging_mixin.py:190} INFO - [2024-11-25T06:34:53.724+0000] {dag.py:4180} INFO - Setting next_dagrun for example_python_decorator to None, run_after=None
[2024-11-25T06:34:53.755+0000] {processor.py:208} INFO - Processing /home/airflow/.local/lib/python3.12/site-packages/airflow/example_dags/example_python_decorator.py took 0.112 seconds
[2024-11-25T06:35:24.102+0000] {processor.py:186} INFO - Started process (PID=9055) to work on /home/airflow/.local/lib/python3.12/site-packages/airflow/example_dags/example_python_decorator.py
[2024-11-25T06:35:24.104+0000] {processor.py:914} INFO - Processing file /home/airflow/.local/lib/python3.12/site-packages/airflow/example_dags/example_python_decorator.py for tasks to queue
[2024-11-25T06:35:24.107+0000] {logging_mixin.py:190} INFO - [2024-11-25T06:35:24.107+0000] {dagbag.py:588} INFO - Filling up the DagBag from /home/airflow/.local/lib/python3.12/site-packages/airflow/example_dags/example_python_decorator.py
[2024-11-25T06:35:24.124+0000] {processor.py:925} INFO - DAG(s) 'example_python_decorator' retrieved from /home/airflow/.local/lib/python3.12/site-packages/airflow/example_dags/example_python_decorator.py
[2024-11-25T06:35:24.153+0000] {logging_mixin.py:190} INFO - [2024-11-25T06:35:24.153+0000] {dag.py:3239} INFO - Sync 1 DAGs
[2024-11-25T06:35:24.174+0000] {logging_mixin.py:190} INFO - [2024-11-25T06:35:24.173+0000] {dag.py:4180} INFO - Setting next_dagrun for example_python_decorator to None, run_after=None
[2024-11-25T06:35:24.207+0000] {processor.py:208} INFO - Processing /home/airflow/.local/lib/python3.12/site-packages/airflow/example_dags/example_python_decorator.py took 0.112 seconds
[2024-11-25T06:35:54.432+0000] {processor.py:186} INFO - Started process (PID=9341) to work on /home/airflow/.local/lib/python3.12/site-packages/airflow/example_dags/example_python_decorator.py
[2024-11-25T06:35:54.434+0000] {processor.py:914} INFO - Processing file /home/airflow/.local/lib/python3.12/site-packages/airflow/example_dags/example_python_decorator.py for tasks to queue
[2024-11-25T06:35:54.439+0000] {logging_mixin.py:190} INFO - [2024-11-25T06:35:54.439+0000] {dagbag.py:588} INFO - Filling up the DagBag from /home/airflow/.local/lib/python3.12/site-packages/airflow/example_dags/example_python_decorator.py
[2024-11-25T06:35:54.473+0000] {processor.py:925} INFO - DAG(s) 'example_python_decorator' retrieved from /home/airflow/.local/lib/python3.12/site-packages/airflow/example_dags/example_python_decorator.py
[2024-11-25T06:35:54.539+0000] {logging_mixin.py:190} INFO - [2024-11-25T06:35:54.539+0000] {dag.py:3239} INFO - Sync 1 DAGs
[2024-11-25T06:35:54.567+0000] {logging_mixin.py:190} INFO - [2024-11-25T06:35:54.567+0000] {dag.py:4180} INFO - Setting next_dagrun for example_python_decorator to None, run_after=None
[2024-11-25T06:35:54.613+0000] {processor.py:208} INFO - Processing /home/airflow/.local/lib/python3.12/site-packages/airflow/example_dags/example_python_decorator.py took 0.192 seconds
[2024-11-25T06:36:25.289+0000] {processor.py:186} INFO - Started process (PID=9630) to work on /home/airflow/.local/lib/python3.12/site-packages/airflow/example_dags/example_python_decorator.py
[2024-11-25T06:36:25.291+0000] {processor.py:914} INFO - Processing file /home/airflow/.local/lib/python3.12/site-packages/airflow/example_dags/example_python_decorator.py for tasks to queue
[2024-11-25T06:36:25.294+0000] {logging_mixin.py:190} INFO - [2024-11-25T06:36:25.294+0000] {dagbag.py:588} INFO - Filling up the DagBag from /home/airflow/.local/lib/python3.12/site-packages/airflow/example_dags/example_python_decorator.py
[2024-11-25T06:36:25.328+0000] {processor.py:925} INFO - DAG(s) 'example_python_decorator' retrieved from /home/airflow/.local/lib/python3.12/site-packages/airflow/example_dags/example_python_decorator.py
[2024-11-25T06:36:25.383+0000] {logging_mixin.py:190} INFO - [2024-11-25T06:36:25.382+0000] {dag.py:3239} INFO - Sync 1 DAGs
[2024-11-25T06:36:25.426+0000] {logging_mixin.py:190} INFO - [2024-11-25T06:36:25.425+0000] {dag.py:4180} INFO - Setting next_dagrun for example_python_decorator to None, run_after=None
[2024-11-25T06:36:25.470+0000] {processor.py:208} INFO - Processing /home/airflow/.local/lib/python3.12/site-packages/airflow/example_dags/example_python_decorator.py took 0.193 seconds
[2024-11-25T06:36:56.513+0000] {processor.py:186} INFO - Started process (PID=9921) to work on /home/airflow/.local/lib/python3.12/site-packages/airflow/example_dags/example_python_decorator.py
[2024-11-25T06:36:56.515+0000] {processor.py:914} INFO - Processing file /home/airflow/.local/lib/python3.12/site-packages/airflow/example_dags/example_python_decorator.py for tasks to queue
[2024-11-25T06:36:56.518+0000] {logging_mixin.py:190} INFO - [2024-11-25T06:36:56.517+0000] {dagbag.py:588} INFO - Filling up the DagBag from /home/airflow/.local/lib/python3.12/site-packages/airflow/example_dags/example_python_decorator.py
[2024-11-25T06:36:56.540+0000] {processor.py:925} INFO - DAG(s) 'example_python_decorator' retrieved from /home/airflow/.local/lib/python3.12/site-packages/airflow/example_dags/example_python_decorator.py
[2024-11-25T06:36:56.577+0000] {logging_mixin.py:190} INFO - [2024-11-25T06:36:56.576+0000] {dag.py:3239} INFO - Sync 1 DAGs
[2024-11-25T06:36:56.609+0000] {logging_mixin.py:190} INFO - [2024-11-25T06:36:56.608+0000] {dag.py:4180} INFO - Setting next_dagrun for example_python_decorator to None, run_after=None
[2024-11-25T06:36:56.649+0000] {processor.py:208} INFO - Processing /home/airflow/.local/lib/python3.12/site-packages/airflow/example_dags/example_python_decorator.py took 0.144 seconds
[2024-11-25T06:37:27.328+0000] {processor.py:186} INFO - Started process (PID=10209) to work on /home/airflow/.local/lib/python3.12/site-packages/airflow/example_dags/example_python_decorator.py
[2024-11-25T06:37:27.329+0000] {processor.py:914} INFO - Processing file /home/airflow/.local/lib/python3.12/site-packages/airflow/example_dags/example_python_decorator.py for tasks to queue
[2024-11-25T06:37:27.332+0000] {logging_mixin.py:190} INFO - [2024-11-25T06:37:27.332+0000] {dagbag.py:588} INFO - Filling up the DagBag from /home/airflow/.local/lib/python3.12/site-packages/airflow/example_dags/example_python_decorator.py
[2024-11-25T06:37:27.350+0000] {processor.py:925} INFO - DAG(s) 'example_python_decorator' retrieved from /home/airflow/.local/lib/python3.12/site-packages/airflow/example_dags/example_python_decorator.py
[2024-11-25T06:37:27.380+0000] {logging_mixin.py:190} INFO - [2024-11-25T06:37:27.379+0000] {dag.py:3239} INFO - Sync 1 DAGs
[2024-11-25T06:37:27.399+0000] {logging_mixin.py:190} INFO - [2024-11-25T06:37:27.398+0000] {dag.py:4180} INFO - Setting next_dagrun for example_python_decorator to None, run_after=None
[2024-11-25T06:37:27.440+0000] {processor.py:208} INFO - Processing /home/airflow/.local/lib/python3.12/site-packages/airflow/example_dags/example_python_decorator.py took 0.119 seconds
[2024-11-25T06:37:57.832+0000] {processor.py:186} INFO - Started process (PID=10498) to work on /home/airflow/.local/lib/python3.12/site-packages/airflow/example_dags/example_python_decorator.py
[2024-11-25T06:37:57.833+0000] {processor.py:914} INFO - Processing file /home/airflow/.local/lib/python3.12/site-packages/airflow/example_dags/example_python_decorator.py for tasks to queue
[2024-11-25T06:37:57.837+0000] {logging_mixin.py:190} INFO - [2024-11-25T06:37:57.836+0000] {dagbag.py:588} INFO - Filling up the DagBag from /home/airflow/.local/lib/python3.12/site-packages/airflow/example_dags/example_python_decorator.py
[2024-11-25T06:37:57.865+0000] {processor.py:925} INFO - DAG(s) 'example_python_decorator' retrieved from /home/airflow/.local/lib/python3.12/site-packages/airflow/example_dags/example_python_decorator.py
[2024-11-25T06:37:57.902+0000] {logging_mixin.py:190} INFO - [2024-11-25T06:37:57.902+0000] {dag.py:3239} INFO - Sync 1 DAGs
[2024-11-25T06:37:57.929+0000] {logging_mixin.py:190} INFO - [2024-11-25T06:37:57.928+0000] {dag.py:4180} INFO - Setting next_dagrun for example_python_decorator to None, run_after=None
[2024-11-25T06:37:57.966+0000] {processor.py:208} INFO - Processing /home/airflow/.local/lib/python3.12/site-packages/airflow/example_dags/example_python_decorator.py took 0.143 seconds
[2024-11-25T06:38:28.205+0000] {processor.py:186} INFO - Started process (PID=10786) to work on /home/airflow/.local/lib/python3.12/site-packages/airflow/example_dags/example_python_decorator.py
[2024-11-25T06:38:28.206+0000] {processor.py:914} INFO - Processing file /home/airflow/.local/lib/python3.12/site-packages/airflow/example_dags/example_python_decorator.py for tasks to queue
[2024-11-25T06:38:28.209+0000] {logging_mixin.py:190} INFO - [2024-11-25T06:38:28.209+0000] {dagbag.py:588} INFO - Filling up the DagBag from /home/airflow/.local/lib/python3.12/site-packages/airflow/example_dags/example_python_decorator.py
[2024-11-25T06:38:28.226+0000] {processor.py:925} INFO - DAG(s) 'example_python_decorator' retrieved from /home/airflow/.local/lib/python3.12/site-packages/airflow/example_dags/example_python_decorator.py
[2024-11-25T06:38:28.255+0000] {logging_mixin.py:190} INFO - [2024-11-25T06:38:28.254+0000] {dag.py:3239} INFO - Sync 1 DAGs
[2024-11-25T06:38:28.273+0000] {logging_mixin.py:190} INFO - [2024-11-25T06:38:28.273+0000] {dag.py:4180} INFO - Setting next_dagrun for example_python_decorator to None, run_after=None
[2024-11-25T06:38:28.300+0000] {processor.py:208} INFO - Processing /home/airflow/.local/lib/python3.12/site-packages/airflow/example_dags/example_python_decorator.py took 0.102 seconds
[2024-11-25T06:38:58.552+0000] {processor.py:186} INFO - Started process (PID=11077) to work on /home/airflow/.local/lib/python3.12/site-packages/airflow/example_dags/example_python_decorator.py
[2024-11-25T06:38:58.553+0000] {processor.py:914} INFO - Processing file /home/airflow/.local/lib/python3.12/site-packages/airflow/example_dags/example_python_decorator.py for tasks to queue
[2024-11-25T06:38:58.557+0000] {logging_mixin.py:190} INFO - [2024-11-25T06:38:58.556+0000] {dagbag.py:588} INFO - Filling up the DagBag from /home/airflow/.local/lib/python3.12/site-packages/airflow/example_dags/example_python_decorator.py
[2024-11-25T06:38:58.578+0000] {processor.py:925} INFO - DAG(s) 'example_python_decorator' retrieved from /home/airflow/.local/lib/python3.12/site-packages/airflow/example_dags/example_python_decorator.py
[2024-11-25T06:38:58.608+0000] {logging_mixin.py:190} INFO - [2024-11-25T06:38:58.607+0000] {dag.py:3239} INFO - Sync 1 DAGs
[2024-11-25T06:38:58.626+0000] {logging_mixin.py:190} INFO - [2024-11-25T06:38:58.626+0000] {dag.py:4180} INFO - Setting next_dagrun for example_python_decorator to None, run_after=None
[2024-11-25T06:38:58.654+0000] {processor.py:208} INFO - Processing /home/airflow/.local/lib/python3.12/site-packages/airflow/example_dags/example_python_decorator.py took 0.108 seconds
[2024-11-25T06:39:29.615+0000] {processor.py:186} INFO - Started process (PID=11366) to work on /home/airflow/.local/lib/python3.12/site-packages/airflow/example_dags/example_python_decorator.py
[2024-11-25T06:39:29.617+0000] {processor.py:914} INFO - Processing file /home/airflow/.local/lib/python3.12/site-packages/airflow/example_dags/example_python_decorator.py for tasks to queue
[2024-11-25T06:39:29.620+0000] {logging_mixin.py:190} INFO - [2024-11-25T06:39:29.619+0000] {dagbag.py:588} INFO - Filling up the DagBag from /home/airflow/.local/lib/python3.12/site-packages/airflow/example_dags/example_python_decorator.py
[2024-11-25T06:39:29.653+0000] {processor.py:925} INFO - DAG(s) 'example_python_decorator' retrieved from /home/airflow/.local/lib/python3.12/site-packages/airflow/example_dags/example_python_decorator.py
[2024-11-25T06:39:29.696+0000] {logging_mixin.py:190} INFO - [2024-11-25T06:39:29.695+0000] {dag.py:3239} INFO - Sync 1 DAGs
[2024-11-25T06:39:29.723+0000] {logging_mixin.py:190} INFO - [2024-11-25T06:39:29.722+0000] {dag.py:4180} INFO - Setting next_dagrun for example_python_decorator to None, run_after=None
[2024-11-25T06:39:29.757+0000] {processor.py:208} INFO - Processing /home/airflow/.local/lib/python3.12/site-packages/airflow/example_dags/example_python_decorator.py took 0.152 seconds
[2024-11-25T06:40:01.027+0000] {processor.py:186} INFO - Started process (PID=11657) to work on /home/airflow/.local/lib/python3.12/site-packages/airflow/example_dags/example_python_decorator.py
[2024-11-25T06:40:01.029+0000] {processor.py:914} INFO - Processing file /home/airflow/.local/lib/python3.12/site-packages/airflow/example_dags/example_python_decorator.py for tasks to queue
[2024-11-25T06:40:01.033+0000] {logging_mixin.py:190} INFO - [2024-11-25T06:40:01.032+0000] {dagbag.py:588} INFO - Filling up the DagBag from /home/airflow/.local/lib/python3.12/site-packages/airflow/example_dags/example_python_decorator.py
[2024-11-25T06:40:01.052+0000] {processor.py:925} INFO - DAG(s) 'example_python_decorator' retrieved from /home/airflow/.local/lib/python3.12/site-packages/airflow/example_dags/example_python_decorator.py
[2024-11-25T06:40:01.082+0000] {logging_mixin.py:190} INFO - [2024-11-25T06:40:01.082+0000] {dag.py:3239} INFO - Sync 1 DAGs
[2024-11-25T06:40:01.104+0000] {logging_mixin.py:190} INFO - [2024-11-25T06:40:01.103+0000] {dag.py:4180} INFO - Setting next_dagrun for example_python_decorator to None, run_after=None
[2024-11-25T06:40:01.155+0000] {processor.py:208} INFO - Processing /home/airflow/.local/lib/python3.12/site-packages/airflow/example_dags/example_python_decorator.py took 0.137 seconds
[2024-11-25T06:40:33.113+0000] {processor.py:186} INFO - Started process (PID=11948) to work on /home/airflow/.local/lib/python3.12/site-packages/airflow/example_dags/example_python_decorator.py
[2024-11-25T06:40:33.114+0000] {processor.py:914} INFO - Processing file /home/airflow/.local/lib/python3.12/site-packages/airflow/example_dags/example_python_decorator.py for tasks to queue
[2024-11-25T06:40:33.118+0000] {logging_mixin.py:190} INFO - [2024-11-25T06:40:33.118+0000] {dagbag.py:588} INFO - Filling up the DagBag from /home/airflow/.local/lib/python3.12/site-packages/airflow/example_dags/example_python_decorator.py
[2024-11-25T06:40:33.143+0000] {processor.py:925} INFO - DAG(s) 'example_python_decorator' retrieved from /home/airflow/.local/lib/python3.12/site-packages/airflow/example_dags/example_python_decorator.py
[2024-11-25T06:40:33.189+0000] {logging_mixin.py:190} INFO - [2024-11-25T06:40:33.188+0000] {dag.py:3239} INFO - Sync 1 DAGs
[2024-11-25T06:40:33.216+0000] {logging_mixin.py:190} INFO - [2024-11-25T06:40:33.216+0000] {dag.py:4180} INFO - Setting next_dagrun for example_python_decorator to None, run_after=None
[2024-11-25T06:40:33.249+0000] {processor.py:208} INFO - Processing /home/airflow/.local/lib/python3.12/site-packages/airflow/example_dags/example_python_decorator.py took 0.144 seconds
[2024-11-25T06:41:05.092+0000] {processor.py:186} INFO - Started process (PID=12239) to work on /home/airflow/.local/lib/python3.12/site-packages/airflow/example_dags/example_python_decorator.py
[2024-11-25T06:41:05.094+0000] {processor.py:914} INFO - Processing file /home/airflow/.local/lib/python3.12/site-packages/airflow/example_dags/example_python_decorator.py for tasks to queue
[2024-11-25T06:41:05.098+0000] {logging_mixin.py:190} INFO - [2024-11-25T06:41:05.097+0000] {dagbag.py:588} INFO - Filling up the DagBag from /home/airflow/.local/lib/python3.12/site-packages/airflow/example_dags/example_python_decorator.py
[2024-11-25T06:41:05.115+0000] {processor.py:925} INFO - DAG(s) 'example_python_decorator' retrieved from /home/airflow/.local/lib/python3.12/site-packages/airflow/example_dags/example_python_decorator.py
[2024-11-25T06:41:05.146+0000] {logging_mixin.py:190} INFO - [2024-11-25T06:41:05.146+0000] {dag.py:3239} INFO - Sync 1 DAGs
[2024-11-25T06:41:05.168+0000] {logging_mixin.py:190} INFO - [2024-11-25T06:41:05.168+0000] {dag.py:4180} INFO - Setting next_dagrun for example_python_decorator to None, run_after=None
[2024-11-25T06:41:05.213+0000] {processor.py:208} INFO - Processing /home/airflow/.local/lib/python3.12/site-packages/airflow/example_dags/example_python_decorator.py took 0.127 seconds
[2024-11-25T06:41:36.466+0000] {processor.py:186} INFO - Started process (PID=12530) to work on /home/airflow/.local/lib/python3.12/site-packages/airflow/example_dags/example_python_decorator.py
[2024-11-25T06:41:36.468+0000] {processor.py:914} INFO - Processing file /home/airflow/.local/lib/python3.12/site-packages/airflow/example_dags/example_python_decorator.py for tasks to queue
[2024-11-25T06:41:36.473+0000] {logging_mixin.py:190} INFO - [2024-11-25T06:41:36.473+0000] {dagbag.py:588} INFO - Filling up the DagBag from /home/airflow/.local/lib/python3.12/site-packages/airflow/example_dags/example_python_decorator.py
[2024-11-25T06:41:36.505+0000] {processor.py:925} INFO - DAG(s) 'example_python_decorator' retrieved from /home/airflow/.local/lib/python3.12/site-packages/airflow/example_dags/example_python_decorator.py
[2024-11-25T06:41:36.556+0000] {logging_mixin.py:190} INFO - [2024-11-25T06:41:36.555+0000] {dag.py:3239} INFO - Sync 1 DAGs
[2024-11-25T06:41:36.589+0000] {logging_mixin.py:190} INFO - [2024-11-25T06:41:36.588+0000] {dag.py:4180} INFO - Setting next_dagrun for example_python_decorator to None, run_after=None
[2024-11-25T06:41:36.637+0000] {processor.py:208} INFO - Processing /home/airflow/.local/lib/python3.12/site-packages/airflow/example_dags/example_python_decorator.py took 0.183 seconds
[2024-11-25T06:42:08.635+0000] {processor.py:186} INFO - Started process (PID=12828) to work on /home/airflow/.local/lib/python3.12/site-packages/airflow/example_dags/example_python_decorator.py
[2024-11-25T06:42:08.637+0000] {processor.py:914} INFO - Processing file /home/airflow/.local/lib/python3.12/site-packages/airflow/example_dags/example_python_decorator.py for tasks to queue
[2024-11-25T06:42:08.641+0000] {logging_mixin.py:190} INFO - [2024-11-25T06:42:08.641+0000] {dagbag.py:588} INFO - Filling up the DagBag from /home/airflow/.local/lib/python3.12/site-packages/airflow/example_dags/example_python_decorator.py
[2024-11-25T06:42:08.665+0000] {processor.py:925} INFO - DAG(s) 'example_python_decorator' retrieved from /home/airflow/.local/lib/python3.12/site-packages/airflow/example_dags/example_python_decorator.py
[2024-11-25T06:42:08.700+0000] {logging_mixin.py:190} INFO - [2024-11-25T06:42:08.700+0000] {dag.py:3239} INFO - Sync 1 DAGs
[2024-11-25T06:42:08.735+0000] {logging_mixin.py:190} INFO - [2024-11-25T06:42:08.734+0000] {dag.py:4180} INFO - Setting next_dagrun for example_python_decorator to None, run_after=None
[2024-11-25T06:42:08.769+0000] {processor.py:208} INFO - Processing /home/airflow/.local/lib/python3.12/site-packages/airflow/example_dags/example_python_decorator.py took 0.143 seconds
[2024-11-25T06:42:39.318+0000] {processor.py:186} INFO - Started process (PID=13117) to work on /home/airflow/.local/lib/python3.12/site-packages/airflow/example_dags/example_python_decorator.py
[2024-11-25T06:42:39.320+0000] {processor.py:914} INFO - Processing file /home/airflow/.local/lib/python3.12/site-packages/airflow/example_dags/example_python_decorator.py for tasks to queue
[2024-11-25T06:42:39.323+0000] {logging_mixin.py:190} INFO - [2024-11-25T06:42:39.323+0000] {dagbag.py:588} INFO - Filling up the DagBag from /home/airflow/.local/lib/python3.12/site-packages/airflow/example_dags/example_python_decorator.py
[2024-11-25T06:42:39.344+0000] {processor.py:925} INFO - DAG(s) 'example_python_decorator' retrieved from /home/airflow/.local/lib/python3.12/site-packages/airflow/example_dags/example_python_decorator.py
[2024-11-25T06:42:39.382+0000] {logging_mixin.py:190} INFO - [2024-11-25T06:42:39.382+0000] {dag.py:3239} INFO - Sync 1 DAGs
[2024-11-25T06:42:39.418+0000] {logging_mixin.py:190} INFO - [2024-11-25T06:42:39.418+0000] {dag.py:4180} INFO - Setting next_dagrun for example_python_decorator to None, run_after=None
[2024-11-25T06:42:39.476+0000] {processor.py:208} INFO - Processing /home/airflow/.local/lib/python3.12/site-packages/airflow/example_dags/example_python_decorator.py took 0.167 seconds
[2024-11-25T06:43:10.294+0000] {processor.py:186} INFO - Started process (PID=13403) to work on /home/airflow/.local/lib/python3.12/site-packages/airflow/example_dags/example_python_decorator.py
[2024-11-25T06:43:10.295+0000] {processor.py:914} INFO - Processing file /home/airflow/.local/lib/python3.12/site-packages/airflow/example_dags/example_python_decorator.py for tasks to queue
[2024-11-25T06:43:10.298+0000] {logging_mixin.py:190} INFO - [2024-11-25T06:43:10.298+0000] {dagbag.py:588} INFO - Filling up the DagBag from /home/airflow/.local/lib/python3.12/site-packages/airflow/example_dags/example_python_decorator.py
[2024-11-25T06:43:10.314+0000] {processor.py:925} INFO - DAG(s) 'example_python_decorator' retrieved from /home/airflow/.local/lib/python3.12/site-packages/airflow/example_dags/example_python_decorator.py
[2024-11-25T06:43:10.345+0000] {logging_mixin.py:190} INFO - [2024-11-25T06:43:10.345+0000] {dag.py:3239} INFO - Sync 1 DAGs
[2024-11-25T06:43:10.371+0000] {logging_mixin.py:190} INFO - [2024-11-25T06:43:10.371+0000] {dag.py:4180} INFO - Setting next_dagrun for example_python_decorator to None, run_after=None
[2024-11-25T06:43:10.402+0000] {processor.py:208} INFO - Processing /home/airflow/.local/lib/python3.12/site-packages/airflow/example_dags/example_python_decorator.py took 0.114 seconds
[2024-11-25T06:43:41.430+0000] {processor.py:186} INFO - Started process (PID=13694) to work on /home/airflow/.local/lib/python3.12/site-packages/airflow/example_dags/example_python_decorator.py
[2024-11-25T06:43:41.431+0000] {processor.py:914} INFO - Processing file /home/airflow/.local/lib/python3.12/site-packages/airflow/example_dags/example_python_decorator.py for tasks to queue
[2024-11-25T06:43:41.435+0000] {logging_mixin.py:190} INFO - [2024-11-25T06:43:41.434+0000] {dagbag.py:588} INFO - Filling up the DagBag from /home/airflow/.local/lib/python3.12/site-packages/airflow/example_dags/example_python_decorator.py
[2024-11-25T06:43:41.454+0000] {processor.py:925} INFO - DAG(s) 'example_python_decorator' retrieved from /home/airflow/.local/lib/python3.12/site-packages/airflow/example_dags/example_python_decorator.py
[2024-11-25T06:43:41.494+0000] {logging_mixin.py:190} INFO - [2024-11-25T06:43:41.494+0000] {dag.py:3239} INFO - Sync 1 DAGs
[2024-11-25T06:43:41.532+0000] {logging_mixin.py:190} INFO - [2024-11-25T06:43:41.532+0000] {dag.py:4180} INFO - Setting next_dagrun for example_python_decorator to None, run_after=None
[2024-11-25T06:43:41.568+0000] {processor.py:208} INFO - Processing /home/airflow/.local/lib/python3.12/site-packages/airflow/example_dags/example_python_decorator.py took 0.145 seconds
