[2024-11-25T06:15:58.525+0000] {processor.py:186} INFO - Started process (PID=253) to work on /home/airflow/.local/lib/python3.12/site-packages/airflow/example_dags/example_bash_operator.py
[2024-11-25T06:15:58.528+0000] {processor.py:914} INFO - Processing file /home/airflow/.local/lib/python3.12/site-packages/airflow/example_dags/example_bash_operator.py for tasks to queue
[2024-11-25T06:15:58.534+0000] {logging_mixin.py:190} INFO - [2024-11-25T06:15:58.533+0000] {dagbag.py:588} INFO - Filling up the DagBag from /home/airflow/.local/lib/python3.12/site-packages/airflow/example_dags/example_bash_operator.py
[2024-11-25T06:15:58.576+0000] {processor.py:925} INFO - DAG(s) 'example_bash_operator' retrieved from /home/airflow/.local/lib/python3.12/site-packages/airflow/example_dags/example_bash_operator.py
[2024-11-25T06:15:58.860+0000] {logging_mixin.py:190} INFO - [2024-11-25T06:15:58.859+0000] {override.py:1911} INFO - Created Permission View: can read on DAG:example_bash_operator
[2024-11-25T06:15:58.880+0000] {logging_mixin.py:190} INFO - [2024-11-25T06:15:58.879+0000] {override.py:1911} INFO - Created Permission View: can delete on DAG:example_bash_operator
[2024-11-25T06:15:58.895+0000] {logging_mixin.py:190} INFO - [2024-11-25T06:15:58.894+0000] {override.py:1911} INFO - Created Permission View: can edit on DAG:example_bash_operator
[2024-11-25T06:15:58.915+0000] {logging_mixin.py:190} INFO - [2024-11-25T06:15:58.915+0000] {override.py:1911} INFO - Created Permission View: menu access on DAG Run:example_bash_operator
[2024-11-25T06:15:58.939+0000] {logging_mixin.py:190} INFO - [2024-11-25T06:15:58.938+0000] {override.py:1911} INFO - Created Permission View: can read on DAG Run:example_bash_operator
[2024-11-25T06:15:58.972+0000] {logging_mixin.py:190} INFO - [2024-11-25T06:15:58.971+0000] {override.py:1911} INFO - Created Permission View: can create on DAG Run:example_bash_operator
[2024-11-25T06:15:59.012+0000] {logging_mixin.py:190} INFO - [2024-11-25T06:15:59.011+0000] {override.py:1911} INFO - Created Permission View: can delete on DAG Run:example_bash_operator
[2024-11-25T06:15:59.018+0000] {logging_mixin.py:190} INFO - [2024-11-25T06:15:59.018+0000] {dag.py:3239} INFO - Sync 1 DAGs
[2024-11-25T06:15:59.066+0000] {logging_mixin.py:190} INFO - [2024-11-25T06:15:59.065+0000] {dag.py:3262} INFO - Creating ORM DAG for example_bash_operator
[2024-11-25T06:15:59.104+0000] {logging_mixin.py:190} INFO - [2024-11-25T06:15:59.103+0000] {dag.py:4180} INFO - Setting next_dagrun for example_bash_operator to 2024-11-24 00:00:00+00:00, run_after=2024-11-25 00:00:00+00:00
[2024-11-25T06:15:59.174+0000] {processor.py:208} INFO - Processing /home/airflow/.local/lib/python3.12/site-packages/airflow/example_dags/example_bash_operator.py took 0.662 seconds
[2024-11-25T06:16:29.787+0000] {processor.py:186} INFO - Started process (PID=541) to work on /home/airflow/.local/lib/python3.12/site-packages/airflow/example_dags/example_bash_operator.py
[2024-11-25T06:16:29.789+0000] {processor.py:914} INFO - Processing file /home/airflow/.local/lib/python3.12/site-packages/airflow/example_dags/example_bash_operator.py for tasks to queue
[2024-11-25T06:16:29.793+0000] {logging_mixin.py:190} INFO - [2024-11-25T06:16:29.792+0000] {dagbag.py:588} INFO - Filling up the DagBag from /home/airflow/.local/lib/python3.12/site-packages/airflow/example_dags/example_bash_operator.py
[2024-11-25T06:16:29.813+0000] {processor.py:925} INFO - DAG(s) 'example_bash_operator' retrieved from /home/airflow/.local/lib/python3.12/site-packages/airflow/example_dags/example_bash_operator.py
[2024-11-25T06:16:29.867+0000] {logging_mixin.py:190} INFO - [2024-11-25T06:16:29.867+0000] {dag.py:3239} INFO - Sync 1 DAGs
[2024-11-25T06:16:29.902+0000] {logging_mixin.py:190} INFO - [2024-11-25T06:16:29.902+0000] {dag.py:4180} INFO - Setting next_dagrun for example_bash_operator to 2024-11-24 00:00:00+00:00, run_after=2024-11-25 00:00:00+00:00
[2024-11-25T06:16:29.934+0000] {processor.py:208} INFO - Processing /home/airflow/.local/lib/python3.12/site-packages/airflow/example_dags/example_bash_operator.py took 0.154 seconds
[2024-11-25T06:17:00.091+0000] {processor.py:186} INFO - Started process (PID=832) to work on /home/airflow/.local/lib/python3.12/site-packages/airflow/example_dags/example_bash_operator.py
[2024-11-25T06:17:00.093+0000] {processor.py:914} INFO - Processing file /home/airflow/.local/lib/python3.12/site-packages/airflow/example_dags/example_bash_operator.py for tasks to queue
[2024-11-25T06:17:00.096+0000] {logging_mixin.py:190} INFO - [2024-11-25T06:17:00.096+0000] {dagbag.py:588} INFO - Filling up the DagBag from /home/airflow/.local/lib/python3.12/site-packages/airflow/example_dags/example_bash_operator.py
[2024-11-25T06:17:00.124+0000] {processor.py:925} INFO - DAG(s) 'example_bash_operator' retrieved from /home/airflow/.local/lib/python3.12/site-packages/airflow/example_dags/example_bash_operator.py
[2024-11-25T06:17:00.182+0000] {logging_mixin.py:190} INFO - [2024-11-25T06:17:00.182+0000] {dag.py:3239} INFO - Sync 1 DAGs
[2024-11-25T06:17:00.218+0000] {logging_mixin.py:190} INFO - [2024-11-25T06:17:00.218+0000] {dag.py:4180} INFO - Setting next_dagrun for example_bash_operator to 2024-11-24 00:00:00+00:00, run_after=2024-11-25 00:00:00+00:00
[2024-11-25T06:17:00.247+0000] {processor.py:208} INFO - Processing /home/airflow/.local/lib/python3.12/site-packages/airflow/example_dags/example_bash_operator.py took 0.164 seconds
[2024-11-25T06:17:30.504+0000] {processor.py:186} INFO - Started process (PID=1123) to work on /home/airflow/.local/lib/python3.12/site-packages/airflow/example_dags/example_bash_operator.py
[2024-11-25T06:17:30.507+0000] {processor.py:914} INFO - Processing file /home/airflow/.local/lib/python3.12/site-packages/airflow/example_dags/example_bash_operator.py for tasks to queue
[2024-11-25T06:17:30.511+0000] {logging_mixin.py:190} INFO - [2024-11-25T06:17:30.510+0000] {dagbag.py:588} INFO - Filling up the DagBag from /home/airflow/.local/lib/python3.12/site-packages/airflow/example_dags/example_bash_operator.py
[2024-11-25T06:17:30.528+0000] {processor.py:925} INFO - DAG(s) 'example_bash_operator' retrieved from /home/airflow/.local/lib/python3.12/site-packages/airflow/example_dags/example_bash_operator.py
[2024-11-25T06:17:30.575+0000] {logging_mixin.py:190} INFO - [2024-11-25T06:17:30.574+0000] {dag.py:3239} INFO - Sync 1 DAGs
[2024-11-25T06:17:30.615+0000] {logging_mixin.py:190} INFO - [2024-11-25T06:17:30.614+0000] {dag.py:4180} INFO - Setting next_dagrun for example_bash_operator to 2024-11-24 00:00:00+00:00, run_after=2024-11-25 00:00:00+00:00
[2024-11-25T06:17:30.646+0000] {processor.py:208} INFO - Processing /home/airflow/.local/lib/python3.12/site-packages/airflow/example_dags/example_bash_operator.py took 0.150 seconds
[2024-11-25T06:19:44.880+0000] {processor.py:186} INFO - Started process (PID=275) to work on /home/airflow/.local/lib/python3.12/site-packages/airflow/example_dags/example_bash_operator.py
[2024-11-25T06:19:44.881+0000] {processor.py:914} INFO - Processing file /home/airflow/.local/lib/python3.12/site-packages/airflow/example_dags/example_bash_operator.py for tasks to queue
[2024-11-25T06:19:44.884+0000] {logging_mixin.py:190} INFO - [2024-11-25T06:19:44.883+0000] {dagbag.py:588} INFO - Filling up the DagBag from /home/airflow/.local/lib/python3.12/site-packages/airflow/example_dags/example_bash_operator.py
[2024-11-25T06:19:44.901+0000] {processor.py:925} INFO - DAG(s) 'example_bash_operator' retrieved from /home/airflow/.local/lib/python3.12/site-packages/airflow/example_dags/example_bash_operator.py
[2024-11-25T06:19:44.952+0000] {logging_mixin.py:190} INFO - [2024-11-25T06:19:44.951+0000] {dag.py:3239} INFO - Sync 1 DAGs
[2024-11-25T06:19:44.997+0000] {logging_mixin.py:190} INFO - [2024-11-25T06:19:44.996+0000] {dag.py:4180} INFO - Setting next_dagrun for example_bash_operator to 2024-11-24 00:00:00+00:00, run_after=2024-11-25 00:00:00+00:00
[2024-11-25T06:19:45.032+0000] {processor.py:208} INFO - Processing /home/airflow/.local/lib/python3.12/site-packages/airflow/example_dags/example_bash_operator.py took 0.159 seconds
[2024-11-25T06:20:15.247+0000] {processor.py:186} INFO - Started process (PID=563) to work on /home/airflow/.local/lib/python3.12/site-packages/airflow/example_dags/example_bash_operator.py
[2024-11-25T06:20:15.255+0000] {processor.py:914} INFO - Processing file /home/airflow/.local/lib/python3.12/site-packages/airflow/example_dags/example_bash_operator.py for tasks to queue
[2024-11-25T06:20:15.258+0000] {logging_mixin.py:190} INFO - [2024-11-25T06:20:15.257+0000] {dagbag.py:588} INFO - Filling up the DagBag from /home/airflow/.local/lib/python3.12/site-packages/airflow/example_dags/example_bash_operator.py
[2024-11-25T06:20:15.278+0000] {processor.py:925} INFO - DAG(s) 'example_bash_operator' retrieved from /home/airflow/.local/lib/python3.12/site-packages/airflow/example_dags/example_bash_operator.py
[2024-11-25T06:20:15.323+0000] {logging_mixin.py:190} INFO - [2024-11-25T06:20:15.322+0000] {dag.py:3239} INFO - Sync 1 DAGs
[2024-11-25T06:20:15.367+0000] {logging_mixin.py:190} INFO - [2024-11-25T06:20:15.367+0000] {dag.py:4180} INFO - Setting next_dagrun for example_bash_operator to 2024-11-24 00:00:00+00:00, run_after=2024-11-25 00:00:00+00:00
[2024-11-25T06:20:15.412+0000] {processor.py:208} INFO - Processing /home/airflow/.local/lib/python3.12/site-packages/airflow/example_dags/example_bash_operator.py took 0.175 seconds
[2024-11-25T06:20:46.573+0000] {processor.py:186} INFO - Started process (PID=854) to work on /home/airflow/.local/lib/python3.12/site-packages/airflow/example_dags/example_bash_operator.py
[2024-11-25T06:20:46.575+0000] {processor.py:914} INFO - Processing file /home/airflow/.local/lib/python3.12/site-packages/airflow/example_dags/example_bash_operator.py for tasks to queue
[2024-11-25T06:20:46.581+0000] {logging_mixin.py:190} INFO - [2024-11-25T06:20:46.580+0000] {dagbag.py:588} INFO - Filling up the DagBag from /home/airflow/.local/lib/python3.12/site-packages/airflow/example_dags/example_bash_operator.py
[2024-11-25T06:20:46.623+0000] {processor.py:925} INFO - DAG(s) 'example_bash_operator' retrieved from /home/airflow/.local/lib/python3.12/site-packages/airflow/example_dags/example_bash_operator.py
[2024-11-25T06:20:46.698+0000] {logging_mixin.py:190} INFO - [2024-11-25T06:20:46.697+0000] {dag.py:3239} INFO - Sync 1 DAGs
[2024-11-25T06:20:46.758+0000] {logging_mixin.py:190} INFO - [2024-11-25T06:20:46.758+0000] {dag.py:4180} INFO - Setting next_dagrun for example_bash_operator to 2024-11-24 00:00:00+00:00, run_after=2024-11-25 00:00:00+00:00
[2024-11-25T06:20:46.808+0000] {processor.py:208} INFO - Processing /home/airflow/.local/lib/python3.12/site-packages/airflow/example_dags/example_bash_operator.py took 0.245 seconds
[2024-11-25T06:21:17.175+0000] {processor.py:186} INFO - Started process (PID=1150) to work on /home/airflow/.local/lib/python3.12/site-packages/airflow/example_dags/example_bash_operator.py
[2024-11-25T06:21:17.177+0000] {processor.py:914} INFO - Processing file /home/airflow/.local/lib/python3.12/site-packages/airflow/example_dags/example_bash_operator.py for tasks to queue
[2024-11-25T06:21:17.181+0000] {logging_mixin.py:190} INFO - [2024-11-25T06:21:17.181+0000] {dagbag.py:588} INFO - Filling up the DagBag from /home/airflow/.local/lib/python3.12/site-packages/airflow/example_dags/example_bash_operator.py
[2024-11-25T06:21:17.208+0000] {processor.py:925} INFO - DAG(s) 'example_bash_operator' retrieved from /home/airflow/.local/lib/python3.12/site-packages/airflow/example_dags/example_bash_operator.py
[2024-11-25T06:21:17.267+0000] {logging_mixin.py:190} INFO - [2024-11-25T06:21:17.266+0000] {dag.py:3239} INFO - Sync 1 DAGs
[2024-11-25T06:21:17.339+0000] {logging_mixin.py:190} INFO - [2024-11-25T06:21:17.339+0000] {dag.py:4180} INFO - Setting next_dagrun for example_bash_operator to 2024-11-24 00:00:00+00:00, run_after=2024-11-25 00:00:00+00:00
[2024-11-25T06:21:17.386+0000] {processor.py:208} INFO - Processing /home/airflow/.local/lib/python3.12/site-packages/airflow/example_dags/example_bash_operator.py took 0.223 seconds
[2024-11-25T06:21:48.246+0000] {processor.py:186} INFO - Started process (PID=1447) to work on /home/airflow/.local/lib/python3.12/site-packages/airflow/example_dags/example_bash_operator.py
[2024-11-25T06:21:48.248+0000] {processor.py:914} INFO - Processing file /home/airflow/.local/lib/python3.12/site-packages/airflow/example_dags/example_bash_operator.py for tasks to queue
[2024-11-25T06:21:48.256+0000] {logging_mixin.py:190} INFO - [2024-11-25T06:21:48.253+0000] {dagbag.py:588} INFO - Filling up the DagBag from /home/airflow/.local/lib/python3.12/site-packages/airflow/example_dags/example_bash_operator.py
[2024-11-25T06:21:48.271+0000] {processor.py:925} INFO - DAG(s) 'example_bash_operator' retrieved from /home/airflow/.local/lib/python3.12/site-packages/airflow/example_dags/example_bash_operator.py
[2024-11-25T06:21:48.316+0000] {logging_mixin.py:190} INFO - [2024-11-25T06:21:48.315+0000] {dag.py:3239} INFO - Sync 1 DAGs
[2024-11-25T06:21:48.361+0000] {logging_mixin.py:190} INFO - [2024-11-25T06:21:48.360+0000] {dag.py:4180} INFO - Setting next_dagrun for example_bash_operator to 2024-11-24 00:00:00+00:00, run_after=2024-11-25 00:00:00+00:00
[2024-11-25T06:21:48.400+0000] {processor.py:208} INFO - Processing /home/airflow/.local/lib/python3.12/site-packages/airflow/example_dags/example_bash_operator.py took 0.163 seconds
[2024-11-25T06:22:18.767+0000] {processor.py:186} INFO - Started process (PID=1738) to work on /home/airflow/.local/lib/python3.12/site-packages/airflow/example_dags/example_bash_operator.py
[2024-11-25T06:22:18.768+0000] {processor.py:914} INFO - Processing file /home/airflow/.local/lib/python3.12/site-packages/airflow/example_dags/example_bash_operator.py for tasks to queue
[2024-11-25T06:22:18.771+0000] {logging_mixin.py:190} INFO - [2024-11-25T06:22:18.771+0000] {dagbag.py:588} INFO - Filling up the DagBag from /home/airflow/.local/lib/python3.12/site-packages/airflow/example_dags/example_bash_operator.py
[2024-11-25T06:22:18.785+0000] {processor.py:925} INFO - DAG(s) 'example_bash_operator' retrieved from /home/airflow/.local/lib/python3.12/site-packages/airflow/example_dags/example_bash_operator.py
[2024-11-25T06:22:18.823+0000] {logging_mixin.py:190} INFO - [2024-11-25T06:22:18.823+0000] {dag.py:3239} INFO - Sync 1 DAGs
[2024-11-25T06:22:18.854+0000] {logging_mixin.py:190} INFO - [2024-11-25T06:22:18.854+0000] {dag.py:4180} INFO - Setting next_dagrun for example_bash_operator to 2024-11-24 00:00:00+00:00, run_after=2024-11-25 00:00:00+00:00
[2024-11-25T06:22:18.882+0000] {processor.py:208} INFO - Processing /home/airflow/.local/lib/python3.12/site-packages/airflow/example_dags/example_bash_operator.py took 0.122 seconds
[2024-11-25T06:22:49.695+0000] {processor.py:186} INFO - Started process (PID=2030) to work on /home/airflow/.local/lib/python3.12/site-packages/airflow/example_dags/example_bash_operator.py
[2024-11-25T06:22:49.697+0000] {processor.py:914} INFO - Processing file /home/airflow/.local/lib/python3.12/site-packages/airflow/example_dags/example_bash_operator.py for tasks to queue
[2024-11-25T06:22:49.701+0000] {logging_mixin.py:190} INFO - [2024-11-25T06:22:49.700+0000] {dagbag.py:588} INFO - Filling up the DagBag from /home/airflow/.local/lib/python3.12/site-packages/airflow/example_dags/example_bash_operator.py
[2024-11-25T06:22:49.723+0000] {processor.py:925} INFO - DAG(s) 'example_bash_operator' retrieved from /home/airflow/.local/lib/python3.12/site-packages/airflow/example_dags/example_bash_operator.py
[2024-11-25T06:22:49.770+0000] {logging_mixin.py:190} INFO - [2024-11-25T06:22:49.770+0000] {dag.py:3239} INFO - Sync 1 DAGs
[2024-11-25T06:22:49.805+0000] {logging_mixin.py:190} INFO - [2024-11-25T06:22:49.805+0000] {dag.py:4180} INFO - Setting next_dagrun for example_bash_operator to 2024-11-24 00:00:00+00:00, run_after=2024-11-25 00:00:00+00:00
[2024-11-25T06:22:49.842+0000] {processor.py:208} INFO - Processing /home/airflow/.local/lib/python3.12/site-packages/airflow/example_dags/example_bash_operator.py took 0.155 seconds
[2024-11-25T06:23:20.331+0000] {processor.py:186} INFO - Started process (PID=2321) to work on /home/airflow/.local/lib/python3.12/site-packages/airflow/example_dags/example_bash_operator.py
[2024-11-25T06:23:20.332+0000] {processor.py:914} INFO - Processing file /home/airflow/.local/lib/python3.12/site-packages/airflow/example_dags/example_bash_operator.py for tasks to queue
[2024-11-25T06:23:20.335+0000] {logging_mixin.py:190} INFO - [2024-11-25T06:23:20.335+0000] {dagbag.py:588} INFO - Filling up the DagBag from /home/airflow/.local/lib/python3.12/site-packages/airflow/example_dags/example_bash_operator.py
[2024-11-25T06:23:20.357+0000] {processor.py:925} INFO - DAG(s) 'example_bash_operator' retrieved from /home/airflow/.local/lib/python3.12/site-packages/airflow/example_dags/example_bash_operator.py
[2024-11-25T06:23:20.401+0000] {logging_mixin.py:190} INFO - [2024-11-25T06:23:20.401+0000] {dag.py:3239} INFO - Sync 1 DAGs
[2024-11-25T06:23:20.454+0000] {logging_mixin.py:190} INFO - [2024-11-25T06:23:20.453+0000] {dag.py:4180} INFO - Setting next_dagrun for example_bash_operator to 2024-11-24 00:00:00+00:00, run_after=2024-11-25 00:00:00+00:00
[2024-11-25T06:23:20.503+0000] {processor.py:208} INFO - Processing /home/airflow/.local/lib/python3.12/site-packages/airflow/example_dags/example_bash_operator.py took 0.178 seconds
[2024-11-25T06:23:50.781+0000] {processor.py:186} INFO - Started process (PID=2612) to work on /home/airflow/.local/lib/python3.12/site-packages/airflow/example_dags/example_bash_operator.py
[2024-11-25T06:23:50.787+0000] {processor.py:914} INFO - Processing file /home/airflow/.local/lib/python3.12/site-packages/airflow/example_dags/example_bash_operator.py for tasks to queue
[2024-11-25T06:23:50.793+0000] {logging_mixin.py:190} INFO - [2024-11-25T06:23:50.793+0000] {dagbag.py:588} INFO - Filling up the DagBag from /home/airflow/.local/lib/python3.12/site-packages/airflow/example_dags/example_bash_operator.py
[2024-11-25T06:23:50.844+0000] {processor.py:925} INFO - DAG(s) 'example_bash_operator' retrieved from /home/airflow/.local/lib/python3.12/site-packages/airflow/example_dags/example_bash_operator.py
[2024-11-25T06:23:50.916+0000] {logging_mixin.py:190} INFO - [2024-11-25T06:23:50.915+0000] {dag.py:3239} INFO - Sync 1 DAGs
[2024-11-25T06:23:51.002+0000] {logging_mixin.py:190} INFO - [2024-11-25T06:23:51.001+0000] {dag.py:4180} INFO - Setting next_dagrun for example_bash_operator to 2024-11-24 00:00:00+00:00, run_after=2024-11-25 00:00:00+00:00
[2024-11-25T06:23:51.039+0000] {processor.py:208} INFO - Processing /home/airflow/.local/lib/python3.12/site-packages/airflow/example_dags/example_bash_operator.py took 0.275 seconds
[2024-11-25T06:24:21.814+0000] {processor.py:186} INFO - Started process (PID=2902) to work on /home/airflow/.local/lib/python3.12/site-packages/airflow/example_dags/example_bash_operator.py
[2024-11-25T06:24:21.816+0000] {processor.py:914} INFO - Processing file /home/airflow/.local/lib/python3.12/site-packages/airflow/example_dags/example_bash_operator.py for tasks to queue
[2024-11-25T06:24:21.819+0000] {logging_mixin.py:190} INFO - [2024-11-25T06:24:21.818+0000] {dagbag.py:588} INFO - Filling up the DagBag from /home/airflow/.local/lib/python3.12/site-packages/airflow/example_dags/example_bash_operator.py
[2024-11-25T06:24:21.840+0000] {processor.py:925} INFO - DAG(s) 'example_bash_operator' retrieved from /home/airflow/.local/lib/python3.12/site-packages/airflow/example_dags/example_bash_operator.py
[2024-11-25T06:24:21.892+0000] {logging_mixin.py:190} INFO - [2024-11-25T06:24:21.891+0000] {dag.py:3239} INFO - Sync 1 DAGs
[2024-11-25T06:24:21.926+0000] {logging_mixin.py:190} INFO - [2024-11-25T06:24:21.925+0000] {dag.py:4180} INFO - Setting next_dagrun for example_bash_operator to 2024-11-24 00:00:00+00:00, run_after=2024-11-25 00:00:00+00:00
[2024-11-25T06:24:21.962+0000] {processor.py:208} INFO - Processing /home/airflow/.local/lib/python3.12/site-packages/airflow/example_dags/example_bash_operator.py took 0.156 seconds
[2024-11-25T06:24:52.591+0000] {processor.py:186} INFO - Started process (PID=3193) to work on /home/airflow/.local/lib/python3.12/site-packages/airflow/example_dags/example_bash_operator.py
[2024-11-25T06:24:52.593+0000] {processor.py:914} INFO - Processing file /home/airflow/.local/lib/python3.12/site-packages/airflow/example_dags/example_bash_operator.py for tasks to queue
[2024-11-25T06:24:52.596+0000] {logging_mixin.py:190} INFO - [2024-11-25T06:24:52.595+0000] {dagbag.py:588} INFO - Filling up the DagBag from /home/airflow/.local/lib/python3.12/site-packages/airflow/example_dags/example_bash_operator.py
[2024-11-25T06:24:52.625+0000] {processor.py:925} INFO - DAG(s) 'example_bash_operator' retrieved from /home/airflow/.local/lib/python3.12/site-packages/airflow/example_dags/example_bash_operator.py
[2024-11-25T06:24:52.680+0000] {logging_mixin.py:190} INFO - [2024-11-25T06:24:52.679+0000] {dag.py:3239} INFO - Sync 1 DAGs
[2024-11-25T06:24:52.734+0000] {logging_mixin.py:190} INFO - [2024-11-25T06:24:52.734+0000] {dag.py:4180} INFO - Setting next_dagrun for example_bash_operator to 2024-11-24 00:00:00+00:00, run_after=2024-11-25 00:00:00+00:00
[2024-11-25T06:24:52.775+0000] {processor.py:208} INFO - Processing /home/airflow/.local/lib/python3.12/site-packages/airflow/example_dags/example_bash_operator.py took 0.195 seconds
[2024-11-25T06:25:22.952+0000] {processor.py:186} INFO - Started process (PID=3484) to work on /home/airflow/.local/lib/python3.12/site-packages/airflow/example_dags/example_bash_operator.py
[2024-11-25T06:25:22.954+0000] {processor.py:914} INFO - Processing file /home/airflow/.local/lib/python3.12/site-packages/airflow/example_dags/example_bash_operator.py for tasks to queue
[2024-11-25T06:25:22.957+0000] {logging_mixin.py:190} INFO - [2024-11-25T06:25:22.956+0000] {dagbag.py:588} INFO - Filling up the DagBag from /home/airflow/.local/lib/python3.12/site-packages/airflow/example_dags/example_bash_operator.py
[2024-11-25T06:25:22.973+0000] {processor.py:925} INFO - DAG(s) 'example_bash_operator' retrieved from /home/airflow/.local/lib/python3.12/site-packages/airflow/example_dags/example_bash_operator.py
[2024-11-25T06:25:23.024+0000] {logging_mixin.py:190} INFO - [2024-11-25T06:25:23.024+0000] {dag.py:3239} INFO - Sync 1 DAGs
[2024-11-25T06:25:23.064+0000] {logging_mixin.py:190} INFO - [2024-11-25T06:25:23.063+0000] {dag.py:4180} INFO - Setting next_dagrun for example_bash_operator to 2024-11-24 00:00:00+00:00, run_after=2024-11-25 00:00:00+00:00
[2024-11-25T06:25:23.101+0000] {processor.py:208} INFO - Processing /home/airflow/.local/lib/python3.12/site-packages/airflow/example_dags/example_bash_operator.py took 0.157 seconds
[2024-11-25T06:25:53.940+0000] {processor.py:186} INFO - Started process (PID=3774) to work on /home/airflow/.local/lib/python3.12/site-packages/airflow/example_dags/example_bash_operator.py
[2024-11-25T06:25:53.941+0000] {processor.py:914} INFO - Processing file /home/airflow/.local/lib/python3.12/site-packages/airflow/example_dags/example_bash_operator.py for tasks to queue
[2024-11-25T06:25:53.945+0000] {logging_mixin.py:190} INFO - [2024-11-25T06:25:53.945+0000] {dagbag.py:588} INFO - Filling up the DagBag from /home/airflow/.local/lib/python3.12/site-packages/airflow/example_dags/example_bash_operator.py
[2024-11-25T06:25:53.971+0000] {processor.py:925} INFO - DAG(s) 'example_bash_operator' retrieved from /home/airflow/.local/lib/python3.12/site-packages/airflow/example_dags/example_bash_operator.py
[2024-11-25T06:25:54.026+0000] {logging_mixin.py:190} INFO - [2024-11-25T06:25:54.025+0000] {dag.py:3239} INFO - Sync 1 DAGs
[2024-11-25T06:25:54.080+0000] {logging_mixin.py:190} INFO - [2024-11-25T06:25:54.079+0000] {dag.py:4180} INFO - Setting next_dagrun for example_bash_operator to 2024-11-24 00:00:00+00:00, run_after=2024-11-25 00:00:00+00:00
[2024-11-25T06:25:54.123+0000] {processor.py:208} INFO - Processing /home/airflow/.local/lib/python3.12/site-packages/airflow/example_dags/example_bash_operator.py took 0.194 seconds
[2024-11-25T06:26:24.840+0000] {processor.py:186} INFO - Started process (PID=4058) to work on /home/airflow/.local/lib/python3.12/site-packages/airflow/example_dags/example_bash_operator.py
[2024-11-25T06:26:24.843+0000] {processor.py:914} INFO - Processing file /home/airflow/.local/lib/python3.12/site-packages/airflow/example_dags/example_bash_operator.py for tasks to queue
[2024-11-25T06:26:24.848+0000] {logging_mixin.py:190} INFO - [2024-11-25T06:26:24.848+0000] {dagbag.py:588} INFO - Filling up the DagBag from /home/airflow/.local/lib/python3.12/site-packages/airflow/example_dags/example_bash_operator.py
[2024-11-25T06:26:24.872+0000] {processor.py:925} INFO - DAG(s) 'example_bash_operator' retrieved from /home/airflow/.local/lib/python3.12/site-packages/airflow/example_dags/example_bash_operator.py
[2024-11-25T06:26:24.933+0000] {logging_mixin.py:190} INFO - [2024-11-25T06:26:24.932+0000] {dag.py:3239} INFO - Sync 1 DAGs
[2024-11-25T06:26:25.009+0000] {logging_mixin.py:190} INFO - [2024-11-25T06:26:25.008+0000] {dag.py:4180} INFO - Setting next_dagrun for example_bash_operator to 2024-11-24 00:00:00+00:00, run_after=2024-11-25 00:00:00+00:00
[2024-11-25T06:26:25.056+0000] {processor.py:208} INFO - Processing /home/airflow/.local/lib/python3.12/site-packages/airflow/example_dags/example_bash_operator.py took 0.228 seconds
[2024-11-25T06:26:55.826+0000] {processor.py:186} INFO - Started process (PID=4350) to work on /home/airflow/.local/lib/python3.12/site-packages/airflow/example_dags/example_bash_operator.py
[2024-11-25T06:26:55.827+0000] {processor.py:914} INFO - Processing file /home/airflow/.local/lib/python3.12/site-packages/airflow/example_dags/example_bash_operator.py for tasks to queue
[2024-11-25T06:26:55.837+0000] {logging_mixin.py:190} INFO - [2024-11-25T06:26:55.836+0000] {dagbag.py:588} INFO - Filling up the DagBag from /home/airflow/.local/lib/python3.12/site-packages/airflow/example_dags/example_bash_operator.py
[2024-11-25T06:26:55.867+0000] {processor.py:925} INFO - DAG(s) 'example_bash_operator' retrieved from /home/airflow/.local/lib/python3.12/site-packages/airflow/example_dags/example_bash_operator.py
[2024-11-25T06:26:55.928+0000] {logging_mixin.py:190} INFO - [2024-11-25T06:26:55.927+0000] {dag.py:3239} INFO - Sync 1 DAGs
[2024-11-25T06:26:55.980+0000] {logging_mixin.py:190} INFO - [2024-11-25T06:26:55.980+0000] {dag.py:4180} INFO - Setting next_dagrun for example_bash_operator to 2024-11-24 00:00:00+00:00, run_after=2024-11-25 00:00:00+00:00
[2024-11-25T06:26:56.021+0000] {processor.py:208} INFO - Processing /home/airflow/.local/lib/python3.12/site-packages/airflow/example_dags/example_bash_operator.py took 0.207 seconds
[2024-11-25T06:27:26.370+0000] {processor.py:186} INFO - Started process (PID=4641) to work on /home/airflow/.local/lib/python3.12/site-packages/airflow/example_dags/example_bash_operator.py
[2024-11-25T06:27:26.372+0000] {processor.py:914} INFO - Processing file /home/airflow/.local/lib/python3.12/site-packages/airflow/example_dags/example_bash_operator.py for tasks to queue
[2024-11-25T06:27:26.375+0000] {logging_mixin.py:190} INFO - [2024-11-25T06:27:26.375+0000] {dagbag.py:588} INFO - Filling up the DagBag from /home/airflow/.local/lib/python3.12/site-packages/airflow/example_dags/example_bash_operator.py
[2024-11-25T06:27:26.396+0000] {processor.py:925} INFO - DAG(s) 'example_bash_operator' retrieved from /home/airflow/.local/lib/python3.12/site-packages/airflow/example_dags/example_bash_operator.py
[2024-11-25T06:27:26.438+0000] {logging_mixin.py:190} INFO - [2024-11-25T06:27:26.438+0000] {dag.py:3239} INFO - Sync 1 DAGs
[2024-11-25T06:27:26.479+0000] {logging_mixin.py:190} INFO - [2024-11-25T06:27:26.478+0000] {dag.py:4180} INFO - Setting next_dagrun for example_bash_operator to 2024-11-24 00:00:00+00:00, run_after=2024-11-25 00:00:00+00:00
[2024-11-25T06:27:26.512+0000] {processor.py:208} INFO - Processing /home/airflow/.local/lib/python3.12/site-packages/airflow/example_dags/example_bash_operator.py took 0.150 seconds
[2024-11-25T06:27:56.872+0000] {processor.py:186} INFO - Started process (PID=4933) to work on /home/airflow/.local/lib/python3.12/site-packages/airflow/example_dags/example_bash_operator.py
[2024-11-25T06:27:56.874+0000] {processor.py:914} INFO - Processing file /home/airflow/.local/lib/python3.12/site-packages/airflow/example_dags/example_bash_operator.py for tasks to queue
[2024-11-25T06:27:56.878+0000] {logging_mixin.py:190} INFO - [2024-11-25T06:27:56.877+0000] {dagbag.py:588} INFO - Filling up the DagBag from /home/airflow/.local/lib/python3.12/site-packages/airflow/example_dags/example_bash_operator.py
[2024-11-25T06:27:56.906+0000] {processor.py:925} INFO - DAG(s) 'example_bash_operator' retrieved from /home/airflow/.local/lib/python3.12/site-packages/airflow/example_dags/example_bash_operator.py
[2024-11-25T06:27:56.970+0000] {logging_mixin.py:190} INFO - [2024-11-25T06:27:56.969+0000] {dag.py:3239} INFO - Sync 1 DAGs
[2024-11-25T06:27:57.031+0000] {logging_mixin.py:190} INFO - [2024-11-25T06:27:57.031+0000] {dag.py:4180} INFO - Setting next_dagrun for example_bash_operator to 2024-11-24 00:00:00+00:00, run_after=2024-11-25 00:00:00+00:00
[2024-11-25T06:27:57.072+0000] {processor.py:208} INFO - Processing /home/airflow/.local/lib/python3.12/site-packages/airflow/example_dags/example_bash_operator.py took 0.216 seconds
[2024-11-25T06:28:28.119+0000] {processor.py:186} INFO - Started process (PID=5223) to work on /home/airflow/.local/lib/python3.12/site-packages/airflow/example_dags/example_bash_operator.py
[2024-11-25T06:28:28.121+0000] {processor.py:914} INFO - Processing file /home/airflow/.local/lib/python3.12/site-packages/airflow/example_dags/example_bash_operator.py for tasks to queue
[2024-11-25T06:28:28.125+0000] {logging_mixin.py:190} INFO - [2024-11-25T06:28:28.124+0000] {dagbag.py:588} INFO - Filling up the DagBag from /home/airflow/.local/lib/python3.12/site-packages/airflow/example_dags/example_bash_operator.py
[2024-11-25T06:28:28.148+0000] {processor.py:925} INFO - DAG(s) 'example_bash_operator' retrieved from /home/airflow/.local/lib/python3.12/site-packages/airflow/example_dags/example_bash_operator.py
[2024-11-25T06:28:28.207+0000] {logging_mixin.py:190} INFO - [2024-11-25T06:28:28.206+0000] {dag.py:3239} INFO - Sync 1 DAGs
[2024-11-25T06:28:28.287+0000] {logging_mixin.py:190} INFO - [2024-11-25T06:28:28.287+0000] {dag.py:4180} INFO - Setting next_dagrun for example_bash_operator to 2024-11-24 00:00:00+00:00, run_after=2024-11-25 00:00:00+00:00
[2024-11-25T06:28:28.377+0000] {processor.py:208} INFO - Processing /home/airflow/.local/lib/python3.12/site-packages/airflow/example_dags/example_bash_operator.py took 0.269 seconds
[2024-11-25T06:28:58.950+0000] {processor.py:186} INFO - Started process (PID=5514) to work on /home/airflow/.local/lib/python3.12/site-packages/airflow/example_dags/example_bash_operator.py
[2024-11-25T06:28:58.952+0000] {processor.py:914} INFO - Processing file /home/airflow/.local/lib/python3.12/site-packages/airflow/example_dags/example_bash_operator.py for tasks to queue
[2024-11-25T06:28:58.957+0000] {logging_mixin.py:190} INFO - [2024-11-25T06:28:58.956+0000] {dagbag.py:588} INFO - Filling up the DagBag from /home/airflow/.local/lib/python3.12/site-packages/airflow/example_dags/example_bash_operator.py
[2024-11-25T06:28:58.988+0000] {processor.py:925} INFO - DAG(s) 'example_bash_operator' retrieved from /home/airflow/.local/lib/python3.12/site-packages/airflow/example_dags/example_bash_operator.py
[2024-11-25T06:28:59.053+0000] {logging_mixin.py:190} INFO - [2024-11-25T06:28:59.052+0000] {dag.py:3239} INFO - Sync 1 DAGs
[2024-11-25T06:28:59.104+0000] {logging_mixin.py:190} INFO - [2024-11-25T06:28:59.103+0000] {dag.py:4180} INFO - Setting next_dagrun for example_bash_operator to 2024-11-24 00:00:00+00:00, run_after=2024-11-25 00:00:00+00:00
[2024-11-25T06:28:59.141+0000] {processor.py:208} INFO - Processing /home/airflow/.local/lib/python3.12/site-packages/airflow/example_dags/example_bash_operator.py took 0.208 seconds
[2024-11-25T06:29:29.374+0000] {processor.py:186} INFO - Started process (PID=5803) to work on /home/airflow/.local/lib/python3.12/site-packages/airflow/example_dags/example_bash_operator.py
[2024-11-25T06:29:29.376+0000] {processor.py:914} INFO - Processing file /home/airflow/.local/lib/python3.12/site-packages/airflow/example_dags/example_bash_operator.py for tasks to queue
[2024-11-25T06:29:29.382+0000] {logging_mixin.py:190} INFO - [2024-11-25T06:29:29.381+0000] {dagbag.py:588} INFO - Filling up the DagBag from /home/airflow/.local/lib/python3.12/site-packages/airflow/example_dags/example_bash_operator.py
[2024-11-25T06:29:29.403+0000] {processor.py:925} INFO - DAG(s) 'example_bash_operator' retrieved from /home/airflow/.local/lib/python3.12/site-packages/airflow/example_dags/example_bash_operator.py
[2024-11-25T06:29:29.445+0000] {logging_mixin.py:190} INFO - [2024-11-25T06:29:29.445+0000] {dag.py:3239} INFO - Sync 1 DAGs
[2024-11-25T06:29:29.486+0000] {logging_mixin.py:190} INFO - [2024-11-25T06:29:29.486+0000] {dag.py:4180} INFO - Setting next_dagrun for example_bash_operator to 2024-11-24 00:00:00+00:00, run_after=2024-11-25 00:00:00+00:00
[2024-11-25T06:29:29.524+0000] {processor.py:208} INFO - Processing /home/airflow/.local/lib/python3.12/site-packages/airflow/example_dags/example_bash_operator.py took 0.161 seconds
[2024-11-25T06:30:00.416+0000] {processor.py:186} INFO - Started process (PID=6092) to work on /home/airflow/.local/lib/python3.12/site-packages/airflow/example_dags/example_bash_operator.py
[2024-11-25T06:30:00.421+0000] {processor.py:914} INFO - Processing file /home/airflow/.local/lib/python3.12/site-packages/airflow/example_dags/example_bash_operator.py for tasks to queue
[2024-11-25T06:30:00.426+0000] {logging_mixin.py:190} INFO - [2024-11-25T06:30:00.425+0000] {dagbag.py:588} INFO - Filling up the DagBag from /home/airflow/.local/lib/python3.12/site-packages/airflow/example_dags/example_bash_operator.py
[2024-11-25T06:30:00.480+0000] {processor.py:925} INFO - DAG(s) 'example_bash_operator' retrieved from /home/airflow/.local/lib/python3.12/site-packages/airflow/example_dags/example_bash_operator.py
[2024-11-25T06:30:00.543+0000] {logging_mixin.py:190} INFO - [2024-11-25T06:30:00.542+0000] {dag.py:3239} INFO - Sync 1 DAGs
[2024-11-25T06:30:00.583+0000] {logging_mixin.py:190} INFO - [2024-11-25T06:30:00.583+0000] {dag.py:4180} INFO - Setting next_dagrun for example_bash_operator to 2024-11-24 00:00:00+00:00, run_after=2024-11-25 00:00:00+00:00
[2024-11-25T06:30:00.617+0000] {processor.py:208} INFO - Processing /home/airflow/.local/lib/python3.12/site-packages/airflow/example_dags/example_bash_operator.py took 0.214 seconds
[2024-11-25T06:30:32.782+0000] {processor.py:186} INFO - Started process (PID=6373) to work on /home/airflow/.local/lib/python3.12/site-packages/airflow/example_dags/example_bash_operator.py
[2024-11-25T06:30:32.783+0000] {processor.py:914} INFO - Processing file /home/airflow/.local/lib/python3.12/site-packages/airflow/example_dags/example_bash_operator.py for tasks to queue
[2024-11-25T06:30:32.787+0000] {logging_mixin.py:190} INFO - [2024-11-25T06:30:32.786+0000] {dagbag.py:588} INFO - Filling up the DagBag from /home/airflow/.local/lib/python3.12/site-packages/airflow/example_dags/example_bash_operator.py
[2024-11-25T06:30:32.808+0000] {processor.py:925} INFO - DAG(s) 'example_bash_operator' retrieved from /home/airflow/.local/lib/python3.12/site-packages/airflow/example_dags/example_bash_operator.py
[2024-11-25T06:30:32.884+0000] {logging_mixin.py:190} INFO - [2024-11-25T06:30:32.884+0000] {dag.py:3239} INFO - Sync 1 DAGs
[2024-11-25T06:30:32.943+0000] {logging_mixin.py:190} INFO - [2024-11-25T06:30:32.942+0000] {dag.py:4180} INFO - Setting next_dagrun for example_bash_operator to 2024-11-24 00:00:00+00:00, run_after=2024-11-25 00:00:00+00:00
[2024-11-25T06:30:33.024+0000] {processor.py:208} INFO - Processing /home/airflow/.local/lib/python3.12/site-packages/airflow/example_dags/example_bash_operator.py took 0.254 seconds
[2024-11-25T06:31:03.889+0000] {processor.py:186} INFO - Started process (PID=6664) to work on /home/airflow/.local/lib/python3.12/site-packages/airflow/example_dags/example_bash_operator.py
[2024-11-25T06:31:03.891+0000] {processor.py:914} INFO - Processing file /home/airflow/.local/lib/python3.12/site-packages/airflow/example_dags/example_bash_operator.py for tasks to queue
[2024-11-25T06:31:03.894+0000] {logging_mixin.py:190} INFO - [2024-11-25T06:31:03.894+0000] {dagbag.py:588} INFO - Filling up the DagBag from /home/airflow/.local/lib/python3.12/site-packages/airflow/example_dags/example_bash_operator.py
[2024-11-25T06:31:03.916+0000] {processor.py:925} INFO - DAG(s) 'example_bash_operator' retrieved from /home/airflow/.local/lib/python3.12/site-packages/airflow/example_dags/example_bash_operator.py
[2024-11-25T06:31:03.975+0000] {logging_mixin.py:190} INFO - [2024-11-25T06:31:03.974+0000] {dag.py:3239} INFO - Sync 1 DAGs
[2024-11-25T06:31:04.026+0000] {logging_mixin.py:190} INFO - [2024-11-25T06:31:04.025+0000] {dag.py:4180} INFO - Setting next_dagrun for example_bash_operator to 2024-11-24 00:00:00+00:00, run_after=2024-11-25 00:00:00+00:00
[2024-11-25T06:31:04.076+0000] {processor.py:208} INFO - Processing /home/airflow/.local/lib/python3.12/site-packages/airflow/example_dags/example_bash_operator.py took 0.197 seconds
[2024-11-25T06:31:34.916+0000] {processor.py:186} INFO - Started process (PID=6950) to work on /home/airflow/.local/lib/python3.12/site-packages/airflow/example_dags/example_bash_operator.py
[2024-11-25T06:31:34.919+0000] {processor.py:914} INFO - Processing file /home/airflow/.local/lib/python3.12/site-packages/airflow/example_dags/example_bash_operator.py for tasks to queue
[2024-11-25T06:31:34.923+0000] {logging_mixin.py:190} INFO - [2024-11-25T06:31:34.922+0000] {dagbag.py:588} INFO - Filling up the DagBag from /home/airflow/.local/lib/python3.12/site-packages/airflow/example_dags/example_bash_operator.py
[2024-11-25T06:31:34.945+0000] {processor.py:925} INFO - DAG(s) 'example_bash_operator' retrieved from /home/airflow/.local/lib/python3.12/site-packages/airflow/example_dags/example_bash_operator.py
[2024-11-25T06:31:34.997+0000] {logging_mixin.py:190} INFO - [2024-11-25T06:31:34.997+0000] {dag.py:3239} INFO - Sync 1 DAGs
[2024-11-25T06:31:35.078+0000] {logging_mixin.py:190} INFO - [2024-11-25T06:31:35.078+0000] {dag.py:4180} INFO - Setting next_dagrun for example_bash_operator to 2024-11-24 00:00:00+00:00, run_after=2024-11-25 00:00:00+00:00
[2024-11-25T06:31:35.134+0000] {processor.py:208} INFO - Processing /home/airflow/.local/lib/python3.12/site-packages/airflow/example_dags/example_bash_operator.py took 0.226 seconds
[2024-11-25T06:32:05.966+0000] {processor.py:186} INFO - Started process (PID=7241) to work on /home/airflow/.local/lib/python3.12/site-packages/airflow/example_dags/example_bash_operator.py
[2024-11-25T06:32:05.968+0000] {processor.py:914} INFO - Processing file /home/airflow/.local/lib/python3.12/site-packages/airflow/example_dags/example_bash_operator.py for tasks to queue
[2024-11-25T06:32:05.972+0000] {logging_mixin.py:190} INFO - [2024-11-25T06:32:05.972+0000] {dagbag.py:588} INFO - Filling up the DagBag from /home/airflow/.local/lib/python3.12/site-packages/airflow/example_dags/example_bash_operator.py
[2024-11-25T06:32:05.997+0000] {processor.py:925} INFO - DAG(s) 'example_bash_operator' retrieved from /home/airflow/.local/lib/python3.12/site-packages/airflow/example_dags/example_bash_operator.py
[2024-11-25T06:32:06.055+0000] {logging_mixin.py:190} INFO - [2024-11-25T06:32:06.054+0000] {dag.py:3239} INFO - Sync 1 DAGs
[2024-11-25T06:32:06.101+0000] {logging_mixin.py:190} INFO - [2024-11-25T06:32:06.101+0000] {dag.py:4180} INFO - Setting next_dagrun for example_bash_operator to 2024-11-24 00:00:00+00:00, run_after=2024-11-25 00:00:00+00:00
[2024-11-25T06:32:06.140+0000] {processor.py:208} INFO - Processing /home/airflow/.local/lib/python3.12/site-packages/airflow/example_dags/example_bash_operator.py took 0.182 seconds
[2024-11-25T06:32:38.115+0000] {processor.py:186} INFO - Started process (PID=7529) to work on /home/airflow/.local/lib/python3.12/site-packages/airflow/example_dags/example_bash_operator.py
[2024-11-25T06:32:38.116+0000] {processor.py:914} INFO - Processing file /home/airflow/.local/lib/python3.12/site-packages/airflow/example_dags/example_bash_operator.py for tasks to queue
[2024-11-25T06:32:38.121+0000] {logging_mixin.py:190} INFO - [2024-11-25T06:32:38.120+0000] {dagbag.py:588} INFO - Filling up the DagBag from /home/airflow/.local/lib/python3.12/site-packages/airflow/example_dags/example_bash_operator.py
[2024-11-25T06:32:38.159+0000] {processor.py:925} INFO - DAG(s) 'example_bash_operator' retrieved from /home/airflow/.local/lib/python3.12/site-packages/airflow/example_dags/example_bash_operator.py
[2024-11-25T06:32:38.229+0000] {logging_mixin.py:190} INFO - [2024-11-25T06:32:38.228+0000] {dag.py:3239} INFO - Sync 1 DAGs
[2024-11-25T06:32:38.301+0000] {logging_mixin.py:190} INFO - [2024-11-25T06:32:38.301+0000] {dag.py:4180} INFO - Setting next_dagrun for example_bash_operator to 2024-11-24 00:00:00+00:00, run_after=2024-11-25 00:00:00+00:00
[2024-11-25T06:32:38.345+0000] {processor.py:208} INFO - Processing /home/airflow/.local/lib/python3.12/site-packages/airflow/example_dags/example_bash_operator.py took 0.240 seconds
[2024-11-25T06:33:09.263+0000] {processor.py:186} INFO - Started process (PID=7818) to work on /home/airflow/.local/lib/python3.12/site-packages/airflow/example_dags/example_bash_operator.py
[2024-11-25T06:33:09.266+0000] {processor.py:914} INFO - Processing file /home/airflow/.local/lib/python3.12/site-packages/airflow/example_dags/example_bash_operator.py for tasks to queue
[2024-11-25T06:33:09.271+0000] {logging_mixin.py:190} INFO - [2024-11-25T06:33:09.270+0000] {dagbag.py:588} INFO - Filling up the DagBag from /home/airflow/.local/lib/python3.12/site-packages/airflow/example_dags/example_bash_operator.py
[2024-11-25T06:33:09.293+0000] {processor.py:925} INFO - DAG(s) 'example_bash_operator' retrieved from /home/airflow/.local/lib/python3.12/site-packages/airflow/example_dags/example_bash_operator.py
[2024-11-25T06:33:09.349+0000] {logging_mixin.py:190} INFO - [2024-11-25T06:33:09.348+0000] {dag.py:3239} INFO - Sync 1 DAGs
[2024-11-25T06:33:09.426+0000] {logging_mixin.py:190} INFO - [2024-11-25T06:33:09.425+0000] {dag.py:4180} INFO - Setting next_dagrun for example_bash_operator to 2024-11-24 00:00:00+00:00, run_after=2024-11-25 00:00:00+00:00
[2024-11-25T06:33:09.486+0000] {processor.py:208} INFO - Processing /home/airflow/.local/lib/python3.12/site-packages/airflow/example_dags/example_bash_operator.py took 0.234 seconds
[2024-11-25T06:33:39.649+0000] {processor.py:186} INFO - Started process (PID=8109) to work on /home/airflow/.local/lib/python3.12/site-packages/airflow/example_dags/example_bash_operator.py
[2024-11-25T06:33:39.650+0000] {processor.py:914} INFO - Processing file /home/airflow/.local/lib/python3.12/site-packages/airflow/example_dags/example_bash_operator.py for tasks to queue
[2024-11-25T06:33:39.654+0000] {logging_mixin.py:190} INFO - [2024-11-25T06:33:39.653+0000] {dagbag.py:588} INFO - Filling up the DagBag from /home/airflow/.local/lib/python3.12/site-packages/airflow/example_dags/example_bash_operator.py
[2024-11-25T06:33:39.671+0000] {processor.py:925} INFO - DAG(s) 'example_bash_operator' retrieved from /home/airflow/.local/lib/python3.12/site-packages/airflow/example_dags/example_bash_operator.py
[2024-11-25T06:33:39.710+0000] {logging_mixin.py:190} INFO - [2024-11-25T06:33:39.710+0000] {dag.py:3239} INFO - Sync 1 DAGs
[2024-11-25T06:33:39.749+0000] {logging_mixin.py:190} INFO - [2024-11-25T06:33:39.748+0000] {dag.py:4180} INFO - Setting next_dagrun for example_bash_operator to 2024-11-24 00:00:00+00:00, run_after=2024-11-25 00:00:00+00:00
[2024-11-25T06:33:39.794+0000] {processor.py:208} INFO - Processing /home/airflow/.local/lib/python3.12/site-packages/airflow/example_dags/example_bash_operator.py took 0.152 seconds
[2024-11-25T06:34:10.727+0000] {processor.py:186} INFO - Started process (PID=8390) to work on /home/airflow/.local/lib/python3.12/site-packages/airflow/example_dags/example_bash_operator.py
[2024-11-25T06:34:10.729+0000] {processor.py:914} INFO - Processing file /home/airflow/.local/lib/python3.12/site-packages/airflow/example_dags/example_bash_operator.py for tasks to queue
[2024-11-25T06:34:10.733+0000] {logging_mixin.py:190} INFO - [2024-11-25T06:34:10.732+0000] {dagbag.py:588} INFO - Filling up the DagBag from /home/airflow/.local/lib/python3.12/site-packages/airflow/example_dags/example_bash_operator.py
[2024-11-25T06:34:10.778+0000] {processor.py:925} INFO - DAG(s) 'example_bash_operator' retrieved from /home/airflow/.local/lib/python3.12/site-packages/airflow/example_dags/example_bash_operator.py
[2024-11-25T06:34:10.883+0000] {logging_mixin.py:190} INFO - [2024-11-25T06:34:10.883+0000] {dag.py:3239} INFO - Sync 1 DAGs
[2024-11-25T06:34:10.972+0000] {logging_mixin.py:190} INFO - [2024-11-25T06:34:10.972+0000] {dag.py:4180} INFO - Setting next_dagrun for example_bash_operator to 2024-11-24 00:00:00+00:00, run_after=2024-11-25 00:00:00+00:00
[2024-11-25T06:34:11.040+0000] {processor.py:208} INFO - Processing /home/airflow/.local/lib/python3.12/site-packages/airflow/example_dags/example_bash_operator.py took 0.325 seconds
[2024-11-25T06:34:41.178+0000] {processor.py:186} INFO - Started process (PID=8686) to work on /home/airflow/.local/lib/python3.12/site-packages/airflow/example_dags/example_bash_operator.py
[2024-11-25T06:34:41.179+0000] {processor.py:914} INFO - Processing file /home/airflow/.local/lib/python3.12/site-packages/airflow/example_dags/example_bash_operator.py for tasks to queue
[2024-11-25T06:34:41.183+0000] {logging_mixin.py:190} INFO - [2024-11-25T06:34:41.182+0000] {dagbag.py:588} INFO - Filling up the DagBag from /home/airflow/.local/lib/python3.12/site-packages/airflow/example_dags/example_bash_operator.py
[2024-11-25T06:34:41.203+0000] {processor.py:925} INFO - DAG(s) 'example_bash_operator' retrieved from /home/airflow/.local/lib/python3.12/site-packages/airflow/example_dags/example_bash_operator.py
[2024-11-25T06:34:41.248+0000] {logging_mixin.py:190} INFO - [2024-11-25T06:34:41.247+0000] {dag.py:3239} INFO - Sync 1 DAGs
[2024-11-25T06:34:41.290+0000] {logging_mixin.py:190} INFO - [2024-11-25T06:34:41.289+0000] {dag.py:4180} INFO - Setting next_dagrun for example_bash_operator to 2024-11-24 00:00:00+00:00, run_after=2024-11-25 00:00:00+00:00
[2024-11-25T06:34:41.330+0000] {processor.py:208} INFO - Processing /home/airflow/.local/lib/python3.12/site-packages/airflow/example_dags/example_bash_operator.py took 0.161 seconds
[2024-11-25T06:35:12.287+0000] {processor.py:186} INFO - Started process (PID=8974) to work on /home/airflow/.local/lib/python3.12/site-packages/airflow/example_dags/example_bash_operator.py
[2024-11-25T06:35:12.289+0000] {processor.py:914} INFO - Processing file /home/airflow/.local/lib/python3.12/site-packages/airflow/example_dags/example_bash_operator.py for tasks to queue
[2024-11-25T06:35:12.291+0000] {logging_mixin.py:190} INFO - [2024-11-25T06:35:12.291+0000] {dagbag.py:588} INFO - Filling up the DagBag from /home/airflow/.local/lib/python3.12/site-packages/airflow/example_dags/example_bash_operator.py
[2024-11-25T06:35:12.306+0000] {processor.py:925} INFO - DAG(s) 'example_bash_operator' retrieved from /home/airflow/.local/lib/python3.12/site-packages/airflow/example_dags/example_bash_operator.py
[2024-11-25T06:35:12.337+0000] {logging_mixin.py:190} INFO - [2024-11-25T06:35:12.337+0000] {dag.py:3239} INFO - Sync 1 DAGs
[2024-11-25T06:35:12.375+0000] {logging_mixin.py:190} INFO - [2024-11-25T06:35:12.374+0000] {dag.py:4180} INFO - Setting next_dagrun for example_bash_operator to 2024-11-24 00:00:00+00:00, run_after=2024-11-25 00:00:00+00:00
[2024-11-25T06:35:12.428+0000] {processor.py:208} INFO - Processing /home/airflow/.local/lib/python3.12/site-packages/airflow/example_dags/example_bash_operator.py took 0.147 seconds
[2024-11-25T06:35:42.682+0000] {processor.py:186} INFO - Started process (PID=9265) to work on /home/airflow/.local/lib/python3.12/site-packages/airflow/example_dags/example_bash_operator.py
[2024-11-25T06:35:42.684+0000] {processor.py:914} INFO - Processing file /home/airflow/.local/lib/python3.12/site-packages/airflow/example_dags/example_bash_operator.py for tasks to queue
[2024-11-25T06:35:42.688+0000] {logging_mixin.py:190} INFO - [2024-11-25T06:35:42.688+0000] {dagbag.py:588} INFO - Filling up the DagBag from /home/airflow/.local/lib/python3.12/site-packages/airflow/example_dags/example_bash_operator.py
[2024-11-25T06:35:42.716+0000] {processor.py:925} INFO - DAG(s) 'example_bash_operator' retrieved from /home/airflow/.local/lib/python3.12/site-packages/airflow/example_dags/example_bash_operator.py
[2024-11-25T06:35:42.767+0000] {logging_mixin.py:190} INFO - [2024-11-25T06:35:42.767+0000] {dag.py:3239} INFO - Sync 1 DAGs
[2024-11-25T06:35:42.814+0000] {logging_mixin.py:190} INFO - [2024-11-25T06:35:42.814+0000] {dag.py:4180} INFO - Setting next_dagrun for example_bash_operator to 2024-11-24 00:00:00+00:00, run_after=2024-11-25 00:00:00+00:00
[2024-11-25T06:35:42.847+0000] {processor.py:208} INFO - Processing /home/airflow/.local/lib/python3.12/site-packages/airflow/example_dags/example_bash_operator.py took 0.173 seconds
[2024-11-25T06:36:12.970+0000] {processor.py:186} INFO - Started process (PID=9546) to work on /home/airflow/.local/lib/python3.12/site-packages/airflow/example_dags/example_bash_operator.py
[2024-11-25T06:36:12.972+0000] {processor.py:914} INFO - Processing file /home/airflow/.local/lib/python3.12/site-packages/airflow/example_dags/example_bash_operator.py for tasks to queue
[2024-11-25T06:36:12.974+0000] {logging_mixin.py:190} INFO - [2024-11-25T06:36:12.974+0000] {dagbag.py:588} INFO - Filling up the DagBag from /home/airflow/.local/lib/python3.12/site-packages/airflow/example_dags/example_bash_operator.py
[2024-11-25T06:36:12.994+0000] {processor.py:925} INFO - DAG(s) 'example_bash_operator' retrieved from /home/airflow/.local/lib/python3.12/site-packages/airflow/example_dags/example_bash_operator.py
[2024-11-25T06:36:13.038+0000] {logging_mixin.py:190} INFO - [2024-11-25T06:36:13.038+0000] {dag.py:3239} INFO - Sync 1 DAGs
[2024-11-25T06:36:13.074+0000] {logging_mixin.py:190} INFO - [2024-11-25T06:36:13.073+0000] {dag.py:4180} INFO - Setting next_dagrun for example_bash_operator to 2024-11-24 00:00:00+00:00, run_after=2024-11-25 00:00:00+00:00
[2024-11-25T06:36:13.107+0000] {processor.py:208} INFO - Processing /home/airflow/.local/lib/python3.12/site-packages/airflow/example_dags/example_bash_operator.py took 0.144 seconds
[2024-11-25T06:36:43.182+0000] {processor.py:186} INFO - Started process (PID=9842) to work on /home/airflow/.local/lib/python3.12/site-packages/airflow/example_dags/example_bash_operator.py
[2024-11-25T06:36:43.184+0000] {processor.py:914} INFO - Processing file /home/airflow/.local/lib/python3.12/site-packages/airflow/example_dags/example_bash_operator.py for tasks to queue
[2024-11-25T06:36:43.187+0000] {logging_mixin.py:190} INFO - [2024-11-25T06:36:43.186+0000] {dagbag.py:588} INFO - Filling up the DagBag from /home/airflow/.local/lib/python3.12/site-packages/airflow/example_dags/example_bash_operator.py
[2024-11-25T06:36:43.203+0000] {processor.py:925} INFO - DAG(s) 'example_bash_operator' retrieved from /home/airflow/.local/lib/python3.12/site-packages/airflow/example_dags/example_bash_operator.py
[2024-11-25T06:36:43.239+0000] {logging_mixin.py:190} INFO - [2024-11-25T06:36:43.239+0000] {dag.py:3239} INFO - Sync 1 DAGs
[2024-11-25T06:36:43.271+0000] {logging_mixin.py:190} INFO - [2024-11-25T06:36:43.271+0000] {dag.py:4180} INFO - Setting next_dagrun for example_bash_operator to 2024-11-24 00:00:00+00:00, run_after=2024-11-25 00:00:00+00:00
[2024-11-25T06:36:43.308+0000] {processor.py:208} INFO - Processing /home/airflow/.local/lib/python3.12/site-packages/airflow/example_dags/example_bash_operator.py took 0.132 seconds
[2024-11-25T06:37:13.548+0000] {processor.py:186} INFO - Started process (PID=10128) to work on /home/airflow/.local/lib/python3.12/site-packages/airflow/example_dags/example_bash_operator.py
[2024-11-25T06:37:13.549+0000] {processor.py:914} INFO - Processing file /home/airflow/.local/lib/python3.12/site-packages/airflow/example_dags/example_bash_operator.py for tasks to queue
[2024-11-25T06:37:13.552+0000] {logging_mixin.py:190} INFO - [2024-11-25T06:37:13.552+0000] {dagbag.py:588} INFO - Filling up the DagBag from /home/airflow/.local/lib/python3.12/site-packages/airflow/example_dags/example_bash_operator.py
[2024-11-25T06:37:13.569+0000] {processor.py:925} INFO - DAG(s) 'example_bash_operator' retrieved from /home/airflow/.local/lib/python3.12/site-packages/airflow/example_dags/example_bash_operator.py
[2024-11-25T06:37:13.623+0000] {logging_mixin.py:190} INFO - [2024-11-25T06:37:13.623+0000] {dag.py:3239} INFO - Sync 1 DAGs
[2024-11-25T06:37:13.661+0000] {logging_mixin.py:190} INFO - [2024-11-25T06:37:13.660+0000] {dag.py:4180} INFO - Setting next_dagrun for example_bash_operator to 2024-11-24 00:00:00+00:00, run_after=2024-11-25 00:00:00+00:00
[2024-11-25T06:37:13.690+0000] {processor.py:208} INFO - Processing /home/airflow/.local/lib/python3.12/site-packages/airflow/example_dags/example_bash_operator.py took 0.148 seconds
[2024-11-25T06:37:44.112+0000] {processor.py:186} INFO - Started process (PID=10419) to work on /home/airflow/.local/lib/python3.12/site-packages/airflow/example_dags/example_bash_operator.py
[2024-11-25T06:37:44.113+0000] {processor.py:914} INFO - Processing file /home/airflow/.local/lib/python3.12/site-packages/airflow/example_dags/example_bash_operator.py for tasks to queue
[2024-11-25T06:37:44.116+0000] {logging_mixin.py:190} INFO - [2024-11-25T06:37:44.116+0000] {dagbag.py:588} INFO - Filling up the DagBag from /home/airflow/.local/lib/python3.12/site-packages/airflow/example_dags/example_bash_operator.py
[2024-11-25T06:37:44.133+0000] {processor.py:925} INFO - DAG(s) 'example_bash_operator' retrieved from /home/airflow/.local/lib/python3.12/site-packages/airflow/example_dags/example_bash_operator.py
[2024-11-25T06:37:44.168+0000] {logging_mixin.py:190} INFO - [2024-11-25T06:37:44.168+0000] {dag.py:3239} INFO - Sync 1 DAGs
[2024-11-25T06:37:44.208+0000] {logging_mixin.py:190} INFO - [2024-11-25T06:37:44.208+0000] {dag.py:4180} INFO - Setting next_dagrun for example_bash_operator to 2024-11-24 00:00:00+00:00, run_after=2024-11-25 00:00:00+00:00
[2024-11-25T06:37:44.242+0000] {processor.py:208} INFO - Processing /home/airflow/.local/lib/python3.12/site-packages/airflow/example_dags/example_bash_operator.py took 0.137 seconds
[2024-11-25T06:38:15.414+0000] {processor.py:186} INFO - Started process (PID=10710) to work on /home/airflow/.local/lib/python3.12/site-packages/airflow/example_dags/example_bash_operator.py
[2024-11-25T06:38:15.417+0000] {processor.py:914} INFO - Processing file /home/airflow/.local/lib/python3.12/site-packages/airflow/example_dags/example_bash_operator.py for tasks to queue
[2024-11-25T06:38:15.421+0000] {logging_mixin.py:190} INFO - [2024-11-25T06:38:15.420+0000] {dagbag.py:588} INFO - Filling up the DagBag from /home/airflow/.local/lib/python3.12/site-packages/airflow/example_dags/example_bash_operator.py
[2024-11-25T06:38:15.462+0000] {processor.py:925} INFO - DAG(s) 'example_bash_operator' retrieved from /home/airflow/.local/lib/python3.12/site-packages/airflow/example_dags/example_bash_operator.py
[2024-11-25T06:38:15.540+0000] {logging_mixin.py:190} INFO - [2024-11-25T06:38:15.539+0000] {dag.py:3239} INFO - Sync 1 DAGs
[2024-11-25T06:38:15.606+0000] {logging_mixin.py:190} INFO - [2024-11-25T06:38:15.606+0000] {dag.py:4180} INFO - Setting next_dagrun for example_bash_operator to 2024-11-24 00:00:00+00:00, run_after=2024-11-25 00:00:00+00:00
[2024-11-25T06:38:15.653+0000] {processor.py:208} INFO - Processing /home/airflow/.local/lib/python3.12/site-packages/airflow/example_dags/example_bash_operator.py took 0.252 seconds
[2024-11-25T06:38:46.030+0000] {processor.py:186} INFO - Started process (PID=11001) to work on /home/airflow/.local/lib/python3.12/site-packages/airflow/example_dags/example_bash_operator.py
[2024-11-25T06:38:46.032+0000] {processor.py:914} INFO - Processing file /home/airflow/.local/lib/python3.12/site-packages/airflow/example_dags/example_bash_operator.py for tasks to queue
[2024-11-25T06:38:46.034+0000] {logging_mixin.py:190} INFO - [2024-11-25T06:38:46.034+0000] {dagbag.py:588} INFO - Filling up the DagBag from /home/airflow/.local/lib/python3.12/site-packages/airflow/example_dags/example_bash_operator.py
[2024-11-25T06:38:46.053+0000] {processor.py:925} INFO - DAG(s) 'example_bash_operator' retrieved from /home/airflow/.local/lib/python3.12/site-packages/airflow/example_dags/example_bash_operator.py
[2024-11-25T06:38:46.093+0000] {logging_mixin.py:190} INFO - [2024-11-25T06:38:46.093+0000] {dag.py:3239} INFO - Sync 1 DAGs
[2024-11-25T06:38:46.128+0000] {logging_mixin.py:190} INFO - [2024-11-25T06:38:46.128+0000] {dag.py:4180} INFO - Setting next_dagrun for example_bash_operator to 2024-11-24 00:00:00+00:00, run_after=2024-11-25 00:00:00+00:00
[2024-11-25T06:38:46.167+0000] {processor.py:208} INFO - Processing /home/airflow/.local/lib/python3.12/site-packages/airflow/example_dags/example_bash_operator.py took 0.143 seconds
[2024-11-25T06:39:17.061+0000] {processor.py:186} INFO - Started process (PID=11292) to work on /home/airflow/.local/lib/python3.12/site-packages/airflow/example_dags/example_bash_operator.py
[2024-11-25T06:39:17.063+0000] {processor.py:914} INFO - Processing file /home/airflow/.local/lib/python3.12/site-packages/airflow/example_dags/example_bash_operator.py for tasks to queue
[2024-11-25T06:39:17.067+0000] {logging_mixin.py:190} INFO - [2024-11-25T06:39:17.067+0000] {dagbag.py:588} INFO - Filling up the DagBag from /home/airflow/.local/lib/python3.12/site-packages/airflow/example_dags/example_bash_operator.py
[2024-11-25T06:39:17.095+0000] {processor.py:925} INFO - DAG(s) 'example_bash_operator' retrieved from /home/airflow/.local/lib/python3.12/site-packages/airflow/example_dags/example_bash_operator.py
[2024-11-25T06:39:17.158+0000] {logging_mixin.py:190} INFO - [2024-11-25T06:39:17.158+0000] {dag.py:3239} INFO - Sync 1 DAGs
[2024-11-25T06:39:17.223+0000] {logging_mixin.py:190} INFO - [2024-11-25T06:39:17.222+0000] {dag.py:4180} INFO - Setting next_dagrun for example_bash_operator to 2024-11-24 00:00:00+00:00, run_after=2024-11-25 00:00:00+00:00
[2024-11-25T06:39:17.281+0000] {processor.py:208} INFO - Processing /home/airflow/.local/lib/python3.12/site-packages/airflow/example_dags/example_bash_operator.py took 0.231 seconds
[2024-11-25T06:39:47.470+0000] {processor.py:186} INFO - Started process (PID=11583) to work on /home/airflow/.local/lib/python3.12/site-packages/airflow/example_dags/example_bash_operator.py
[2024-11-25T06:39:47.472+0000] {processor.py:914} INFO - Processing file /home/airflow/.local/lib/python3.12/site-packages/airflow/example_dags/example_bash_operator.py for tasks to queue
[2024-11-25T06:39:47.476+0000] {logging_mixin.py:190} INFO - [2024-11-25T06:39:47.476+0000] {dagbag.py:588} INFO - Filling up the DagBag from /home/airflow/.local/lib/python3.12/site-packages/airflow/example_dags/example_bash_operator.py
[2024-11-25T06:39:47.505+0000] {processor.py:925} INFO - DAG(s) 'example_bash_operator' retrieved from /home/airflow/.local/lib/python3.12/site-packages/airflow/example_dags/example_bash_operator.py
[2024-11-25T06:39:47.574+0000] {logging_mixin.py:190} INFO - [2024-11-25T06:39:47.574+0000] {dag.py:3239} INFO - Sync 1 DAGs
[2024-11-25T06:39:47.625+0000] {logging_mixin.py:190} INFO - [2024-11-25T06:39:47.625+0000] {dag.py:4180} INFO - Setting next_dagrun for example_bash_operator to 2024-11-24 00:00:00+00:00, run_after=2024-11-25 00:00:00+00:00
[2024-11-25T06:39:47.662+0000] {processor.py:208} INFO - Processing /home/airflow/.local/lib/python3.12/site-packages/airflow/example_dags/example_bash_operator.py took 0.200 seconds
[2024-11-25T06:40:18.758+0000] {processor.py:186} INFO - Started process (PID=11874) to work on /home/airflow/.local/lib/python3.12/site-packages/airflow/example_dags/example_bash_operator.py
[2024-11-25T06:40:18.761+0000] {processor.py:914} INFO - Processing file /home/airflow/.local/lib/python3.12/site-packages/airflow/example_dags/example_bash_operator.py for tasks to queue
[2024-11-25T06:40:18.766+0000] {logging_mixin.py:190} INFO - [2024-11-25T06:40:18.765+0000] {dagbag.py:588} INFO - Filling up the DagBag from /home/airflow/.local/lib/python3.12/site-packages/airflow/example_dags/example_bash_operator.py
[2024-11-25T06:40:18.791+0000] {processor.py:925} INFO - DAG(s) 'example_bash_operator' retrieved from /home/airflow/.local/lib/python3.12/site-packages/airflow/example_dags/example_bash_operator.py
[2024-11-25T06:40:18.860+0000] {logging_mixin.py:190} INFO - [2024-11-25T06:40:18.859+0000] {dag.py:3239} INFO - Sync 1 DAGs
[2024-11-25T06:40:18.988+0000] {logging_mixin.py:190} INFO - [2024-11-25T06:40:18.988+0000] {dag.py:4180} INFO - Setting next_dagrun for example_bash_operator to 2024-11-24 00:00:00+00:00, run_after=2024-11-25 00:00:00+00:00
[2024-11-25T06:40:19.156+0000] {processor.py:208} INFO - Processing /home/airflow/.local/lib/python3.12/site-packages/airflow/example_dags/example_bash_operator.py took 0.411 seconds
[2024-11-25T06:40:49.644+0000] {processor.py:186} INFO - Started process (PID=12165) to work on /home/airflow/.local/lib/python3.12/site-packages/airflow/example_dags/example_bash_operator.py
[2024-11-25T06:40:49.645+0000] {processor.py:914} INFO - Processing file /home/airflow/.local/lib/python3.12/site-packages/airflow/example_dags/example_bash_operator.py for tasks to queue
[2024-11-25T06:40:49.649+0000] {logging_mixin.py:190} INFO - [2024-11-25T06:40:49.648+0000] {dagbag.py:588} INFO - Filling up the DagBag from /home/airflow/.local/lib/python3.12/site-packages/airflow/example_dags/example_bash_operator.py
[2024-11-25T06:40:49.669+0000] {processor.py:925} INFO - DAG(s) 'example_bash_operator' retrieved from /home/airflow/.local/lib/python3.12/site-packages/airflow/example_dags/example_bash_operator.py
[2024-11-25T06:40:49.729+0000] {logging_mixin.py:190} INFO - [2024-11-25T06:40:49.729+0000] {dag.py:3239} INFO - Sync 1 DAGs
[2024-11-25T06:40:49.765+0000] {logging_mixin.py:190} INFO - [2024-11-25T06:40:49.765+0000] {dag.py:4180} INFO - Setting next_dagrun for example_bash_operator to 2024-11-24 00:00:00+00:00, run_after=2024-11-25 00:00:00+00:00
[2024-11-25T06:40:49.796+0000] {processor.py:208} INFO - Processing /home/airflow/.local/lib/python3.12/site-packages/airflow/example_dags/example_bash_operator.py took 0.162 seconds
[2024-11-25T06:41:19.927+0000] {processor.py:186} INFO - Started process (PID=12456) to work on /home/airflow/.local/lib/python3.12/site-packages/airflow/example_dags/example_bash_operator.py
[2024-11-25T06:41:19.928+0000] {processor.py:914} INFO - Processing file /home/airflow/.local/lib/python3.12/site-packages/airflow/example_dags/example_bash_operator.py for tasks to queue
[2024-11-25T06:41:19.932+0000] {logging_mixin.py:190} INFO - [2024-11-25T06:41:19.931+0000] {dagbag.py:588} INFO - Filling up the DagBag from /home/airflow/.local/lib/python3.12/site-packages/airflow/example_dags/example_bash_operator.py
[2024-11-25T06:41:19.954+0000] {processor.py:925} INFO - DAG(s) 'example_bash_operator' retrieved from /home/airflow/.local/lib/python3.12/site-packages/airflow/example_dags/example_bash_operator.py
[2024-11-25T06:41:20.008+0000] {logging_mixin.py:190} INFO - [2024-11-25T06:41:20.007+0000] {dag.py:3239} INFO - Sync 1 DAGs
[2024-11-25T06:41:20.062+0000] {logging_mixin.py:190} INFO - [2024-11-25T06:41:20.061+0000] {dag.py:4180} INFO - Setting next_dagrun for example_bash_operator to 2024-11-24 00:00:00+00:00, run_after=2024-11-25 00:00:00+00:00
[2024-11-25T06:41:20.117+0000] {processor.py:208} INFO - Processing /home/airflow/.local/lib/python3.12/site-packages/airflow/example_dags/example_bash_operator.py took 0.197 seconds
[2024-11-25T06:41:50.387+0000] {processor.py:186} INFO - Started process (PID=12747) to work on /home/airflow/.local/lib/python3.12/site-packages/airflow/example_dags/example_bash_operator.py
[2024-11-25T06:41:50.389+0000] {processor.py:914} INFO - Processing file /home/airflow/.local/lib/python3.12/site-packages/airflow/example_dags/example_bash_operator.py for tasks to queue
[2024-11-25T06:41:50.394+0000] {logging_mixin.py:190} INFO - [2024-11-25T06:41:50.393+0000] {dagbag.py:588} INFO - Filling up the DagBag from /home/airflow/.local/lib/python3.12/site-packages/airflow/example_dags/example_bash_operator.py
[2024-11-25T06:41:50.418+0000] {processor.py:925} INFO - DAG(s) 'example_bash_operator' retrieved from /home/airflow/.local/lib/python3.12/site-packages/airflow/example_dags/example_bash_operator.py
[2024-11-25T06:41:50.480+0000] {logging_mixin.py:190} INFO - [2024-11-25T06:41:50.480+0000] {dag.py:3239} INFO - Sync 1 DAGs
[2024-11-25T06:41:50.526+0000] {logging_mixin.py:190} INFO - [2024-11-25T06:41:50.525+0000] {dag.py:4180} INFO - Setting next_dagrun for example_bash_operator to 2024-11-24 00:00:00+00:00, run_after=2024-11-25 00:00:00+00:00
[2024-11-25T06:41:50.557+0000] {processor.py:208} INFO - Processing /home/airflow/.local/lib/python3.12/site-packages/airflow/example_dags/example_bash_operator.py took 0.181 seconds
[2024-11-25T06:42:20.710+0000] {processor.py:186} INFO - Started process (PID=13036) to work on /home/airflow/.local/lib/python3.12/site-packages/airflow/example_dags/example_bash_operator.py
[2024-11-25T06:42:20.713+0000] {processor.py:914} INFO - Processing file /home/airflow/.local/lib/python3.12/site-packages/airflow/example_dags/example_bash_operator.py for tasks to queue
[2024-11-25T06:42:20.718+0000] {logging_mixin.py:190} INFO - [2024-11-25T06:42:20.717+0000] {dagbag.py:588} INFO - Filling up the DagBag from /home/airflow/.local/lib/python3.12/site-packages/airflow/example_dags/example_bash_operator.py
[2024-11-25T06:42:20.748+0000] {processor.py:925} INFO - DAG(s) 'example_bash_operator' retrieved from /home/airflow/.local/lib/python3.12/site-packages/airflow/example_dags/example_bash_operator.py
[2024-11-25T06:42:20.810+0000] {logging_mixin.py:190} INFO - [2024-11-25T06:42:20.810+0000] {dag.py:3239} INFO - Sync 1 DAGs
[2024-11-25T06:42:20.862+0000] {logging_mixin.py:190} INFO - [2024-11-25T06:42:20.861+0000] {dag.py:4180} INFO - Setting next_dagrun for example_bash_operator to 2024-11-24 00:00:00+00:00, run_after=2024-11-25 00:00:00+00:00
[2024-11-25T06:42:20.904+0000] {processor.py:208} INFO - Processing /home/airflow/.local/lib/python3.12/site-packages/airflow/example_dags/example_bash_operator.py took 0.205 seconds
[2024-11-25T06:42:51.846+0000] {processor.py:186} INFO - Started process (PID=13329) to work on /home/airflow/.local/lib/python3.12/site-packages/airflow/example_dags/example_bash_operator.py
[2024-11-25T06:42:51.848+0000] {processor.py:914} INFO - Processing file /home/airflow/.local/lib/python3.12/site-packages/airflow/example_dags/example_bash_operator.py for tasks to queue
[2024-11-25T06:42:51.855+0000] {logging_mixin.py:190} INFO - [2024-11-25T06:42:51.855+0000] {dagbag.py:588} INFO - Filling up the DagBag from /home/airflow/.local/lib/python3.12/site-packages/airflow/example_dags/example_bash_operator.py
[2024-11-25T06:42:51.889+0000] {processor.py:925} INFO - DAG(s) 'example_bash_operator' retrieved from /home/airflow/.local/lib/python3.12/site-packages/airflow/example_dags/example_bash_operator.py
[2024-11-25T06:42:51.955+0000] {logging_mixin.py:190} INFO - [2024-11-25T06:42:51.954+0000] {dag.py:3239} INFO - Sync 1 DAGs
[2024-11-25T06:42:52.066+0000] {logging_mixin.py:190} INFO - [2024-11-25T06:42:52.066+0000] {dag.py:4180} INFO - Setting next_dagrun for example_bash_operator to 2024-11-24 00:00:00+00:00, run_after=2024-11-25 00:00:00+00:00
[2024-11-25T06:42:52.142+0000] {processor.py:208} INFO - Processing /home/airflow/.local/lib/python3.12/site-packages/airflow/example_dags/example_bash_operator.py took 0.314 seconds
[2024-11-25T06:43:22.974+0000] {processor.py:186} INFO - Started process (PID=13604) to work on /home/airflow/.local/lib/python3.12/site-packages/airflow/example_dags/example_bash_operator.py
[2024-11-25T06:43:22.975+0000] {processor.py:914} INFO - Processing file /home/airflow/.local/lib/python3.12/site-packages/airflow/example_dags/example_bash_operator.py for tasks to queue
[2024-11-25T06:43:22.979+0000] {logging_mixin.py:190} INFO - [2024-11-25T06:43:22.978+0000] {dagbag.py:588} INFO - Filling up the DagBag from /home/airflow/.local/lib/python3.12/site-packages/airflow/example_dags/example_bash_operator.py
[2024-11-25T06:43:23.002+0000] {processor.py:925} INFO - DAG(s) 'example_bash_operator' retrieved from /home/airflow/.local/lib/python3.12/site-packages/airflow/example_dags/example_bash_operator.py
[2024-11-25T06:43:23.040+0000] {logging_mixin.py:190} INFO - [2024-11-25T06:43:23.040+0000] {dag.py:3239} INFO - Sync 1 DAGs
[2024-11-25T06:43:23.073+0000] {logging_mixin.py:190} INFO - [2024-11-25T06:43:23.073+0000] {dag.py:4180} INFO - Setting next_dagrun for example_bash_operator to 2024-11-24 00:00:00+00:00, run_after=2024-11-25 00:00:00+00:00
[2024-11-25T06:43:23.102+0000] {processor.py:208} INFO - Processing /home/airflow/.local/lib/python3.12/site-packages/airflow/example_dags/example_bash_operator.py took 0.135 seconds
[2024-11-25T06:43:53.863+0000] {processor.py:186} INFO - Started process (PID=13890) to work on /home/airflow/.local/lib/python3.12/site-packages/airflow/example_dags/example_bash_operator.py
[2024-11-25T06:43:53.864+0000] {processor.py:914} INFO - Processing file /home/airflow/.local/lib/python3.12/site-packages/airflow/example_dags/example_bash_operator.py for tasks to queue
[2024-11-25T06:43:53.868+0000] {logging_mixin.py:190} INFO - [2024-11-25T06:43:53.867+0000] {dagbag.py:588} INFO - Filling up the DagBag from /home/airflow/.local/lib/python3.12/site-packages/airflow/example_dags/example_bash_operator.py
[2024-11-25T06:43:53.884+0000] {processor.py:925} INFO - DAG(s) 'example_bash_operator' retrieved from /home/airflow/.local/lib/python3.12/site-packages/airflow/example_dags/example_bash_operator.py
[2024-11-25T06:43:53.928+0000] {logging_mixin.py:190} INFO - [2024-11-25T06:43:53.928+0000] {dag.py:3239} INFO - Sync 1 DAGs
[2024-11-25T06:43:53.963+0000] {logging_mixin.py:190} INFO - [2024-11-25T06:43:53.963+0000] {dag.py:4180} INFO - Setting next_dagrun for example_bash_operator to 2024-11-24 00:00:00+00:00, run_after=2024-11-25 00:00:00+00:00
[2024-11-25T06:43:53.999+0000] {processor.py:208} INFO - Processing /home/airflow/.local/lib/python3.12/site-packages/airflow/example_dags/example_bash_operator.py took 0.142 seconds
