[2024-11-25T06:15:50.657+0000] {processor.py:186} INFO - Started process (PID=193) to work on /home/airflow/.local/lib/python3.12/site-packages/airflow/example_dags/example_branch_python_dop_operator_3.py
[2024-11-25T06:15:50.659+0000] {processor.py:914} INFO - Processing file /home/airflow/.local/lib/python3.12/site-packages/airflow/example_dags/example_branch_python_dop_operator_3.py for tasks to queue
[2024-11-25T06:15:50.664+0000] {logging_mixin.py:190} INFO - [2024-11-25T06:15:50.663+0000] {dagbag.py:588} INFO - Filling up the DagBag from /home/airflow/.local/lib/python3.12/site-packages/airflow/example_dags/example_branch_python_dop_operator_3.py
[2024-11-25T06:15:50.689+0000] {processor.py:925} INFO - DAG(s) 'example_branch_dop_operator_v3' retrieved from /home/airflow/.local/lib/python3.12/site-packages/airflow/example_dags/example_branch_python_dop_operator_3.py
[2024-11-25T06:15:50.948+0000] {logging_mixin.py:190} INFO - [2024-11-25T06:15:50.947+0000] {override.py:1911} INFO - Created Permission View: can read on DAG:example_branch_dop_operator_v3
[2024-11-25T06:15:50.973+0000] {logging_mixin.py:190} INFO - [2024-11-25T06:15:50.971+0000] {override.py:1911} INFO - Created Permission View: can delete on DAG:example_branch_dop_operator_v3
[2024-11-25T06:15:51.001+0000] {logging_mixin.py:190} INFO - [2024-11-25T06:15:51.000+0000] {override.py:1911} INFO - Created Permission View: can edit on DAG:example_branch_dop_operator_v3
[2024-11-25T06:15:51.022+0000] {logging_mixin.py:190} INFO - [2024-11-25T06:15:51.022+0000] {override.py:1911} INFO - Created Permission View: menu access on DAG Run:example_branch_dop_operator_v3
[2024-11-25T06:15:51.042+0000] {logging_mixin.py:190} INFO - [2024-11-25T06:15:51.041+0000] {override.py:1911} INFO - Created Permission View: can read on DAG Run:example_branch_dop_operator_v3
[2024-11-25T06:15:51.059+0000] {logging_mixin.py:190} INFO - [2024-11-25T06:15:51.058+0000] {override.py:1911} INFO - Created Permission View: can create on DAG Run:example_branch_dop_operator_v3
[2024-11-25T06:15:51.079+0000] {logging_mixin.py:190} INFO - [2024-11-25T06:15:51.078+0000] {override.py:1911} INFO - Created Permission View: can delete on DAG Run:example_branch_dop_operator_v3
[2024-11-25T06:15:51.081+0000] {logging_mixin.py:190} INFO - [2024-11-25T06:15:51.080+0000] {dag.py:3239} INFO - Sync 1 DAGs
[2024-11-25T06:15:51.113+0000] {logging_mixin.py:190} INFO - [2024-11-25T06:15:51.112+0000] {dag.py:3262} INFO - Creating ORM DAG for example_branch_dop_operator_v3
[2024-11-25T06:15:51.164+0000] {logging_mixin.py:190} INFO - [2024-11-25T06:15:51.163+0000] {dag.py:4180} INFO - Setting next_dagrun for example_branch_dop_operator_v3 to 2024-11-25 06:14:00+00:00, run_after=2024-11-25 06:15:00+00:00
[2024-11-25T06:15:51.207+0000] {processor.py:208} INFO - Processing /home/airflow/.local/lib/python3.12/site-packages/airflow/example_dags/example_branch_python_dop_operator_3.py took 0.570 seconds
[2024-11-25T06:16:21.907+0000] {processor.py:186} INFO - Started process (PID=486) to work on /home/airflow/.local/lib/python3.12/site-packages/airflow/example_dags/example_branch_python_dop_operator_3.py
[2024-11-25T06:16:21.909+0000] {processor.py:914} INFO - Processing file /home/airflow/.local/lib/python3.12/site-packages/airflow/example_dags/example_branch_python_dop_operator_3.py for tasks to queue
[2024-11-25T06:16:21.913+0000] {logging_mixin.py:190} INFO - [2024-11-25T06:16:21.913+0000] {dagbag.py:588} INFO - Filling up the DagBag from /home/airflow/.local/lib/python3.12/site-packages/airflow/example_dags/example_branch_python_dop_operator_3.py
[2024-11-25T06:16:21.944+0000] {processor.py:925} INFO - DAG(s) 'example_branch_dop_operator_v3' retrieved from /home/airflow/.local/lib/python3.12/site-packages/airflow/example_dags/example_branch_python_dop_operator_3.py
[2024-11-25T06:16:21.997+0000] {logging_mixin.py:190} INFO - [2024-11-25T06:16:21.997+0000] {dag.py:3239} INFO - Sync 1 DAGs
[2024-11-25T06:16:22.096+0000] {logging_mixin.py:190} INFO - [2024-11-25T06:16:22.096+0000] {dag.py:4180} INFO - Setting next_dagrun for example_branch_dop_operator_v3 to 2024-11-25 06:15:00+00:00, run_after=2024-11-25 06:16:00+00:00
[2024-11-25T06:16:22.191+0000] {processor.py:208} INFO - Processing /home/airflow/.local/lib/python3.12/site-packages/airflow/example_dags/example_branch_python_dop_operator_3.py took 0.295 seconds
[2024-11-25T06:16:52.785+0000] {processor.py:186} INFO - Started process (PID=777) to work on /home/airflow/.local/lib/python3.12/site-packages/airflow/example_dags/example_branch_python_dop_operator_3.py
[2024-11-25T06:16:52.786+0000] {processor.py:914} INFO - Processing file /home/airflow/.local/lib/python3.12/site-packages/airflow/example_dags/example_branch_python_dop_operator_3.py for tasks to queue
[2024-11-25T06:16:52.790+0000] {logging_mixin.py:190} INFO - [2024-11-25T06:16:52.789+0000] {dagbag.py:588} INFO - Filling up the DagBag from /home/airflow/.local/lib/python3.12/site-packages/airflow/example_dags/example_branch_python_dop_operator_3.py
[2024-11-25T06:16:52.804+0000] {processor.py:925} INFO - DAG(s) 'example_branch_dop_operator_v3' retrieved from /home/airflow/.local/lib/python3.12/site-packages/airflow/example_dags/example_branch_python_dop_operator_3.py
[2024-11-25T06:16:52.834+0000] {logging_mixin.py:190} INFO - [2024-11-25T06:16:52.834+0000] {dag.py:3239} INFO - Sync 1 DAGs
[2024-11-25T06:16:52.885+0000] {logging_mixin.py:190} INFO - [2024-11-25T06:16:52.884+0000] {dag.py:4180} INFO - Setting next_dagrun for example_branch_dop_operator_v3 to 2024-11-25 06:15:00+00:00, run_after=2024-11-25 06:16:00+00:00
[2024-11-25T06:16:52.920+0000] {processor.py:208} INFO - Processing /home/airflow/.local/lib/python3.12/site-packages/airflow/example_dags/example_branch_python_dop_operator_3.py took 0.144 seconds
[2024-11-25T06:17:23.241+0000] {processor.py:186} INFO - Started process (PID=1068) to work on /home/airflow/.local/lib/python3.12/site-packages/airflow/example_dags/example_branch_python_dop_operator_3.py
[2024-11-25T06:17:23.242+0000] {processor.py:914} INFO - Processing file /home/airflow/.local/lib/python3.12/site-packages/airflow/example_dags/example_branch_python_dop_operator_3.py for tasks to queue
[2024-11-25T06:17:23.245+0000] {logging_mixin.py:190} INFO - [2024-11-25T06:17:23.245+0000] {dagbag.py:588} INFO - Filling up the DagBag from /home/airflow/.local/lib/python3.12/site-packages/airflow/example_dags/example_branch_python_dop_operator_3.py
[2024-11-25T06:17:23.259+0000] {processor.py:925} INFO - DAG(s) 'example_branch_dop_operator_v3' retrieved from /home/airflow/.local/lib/python3.12/site-packages/airflow/example_dags/example_branch_python_dop_operator_3.py
[2024-11-25T06:17:23.285+0000] {logging_mixin.py:190} INFO - [2024-11-25T06:17:23.285+0000] {dag.py:3239} INFO - Sync 1 DAGs
[2024-11-25T06:17:23.328+0000] {logging_mixin.py:190} INFO - [2024-11-25T06:17:23.327+0000] {dag.py:4180} INFO - Setting next_dagrun for example_branch_dop_operator_v3 to 2024-11-25 06:16:00+00:00, run_after=2024-11-25 06:17:00+00:00
[2024-11-25T06:17:23.362+0000] {processor.py:208} INFO - Processing /home/airflow/.local/lib/python3.12/site-packages/airflow/example_dags/example_branch_python_dop_operator_3.py took 0.127 seconds
[2024-11-25T06:19:42.849+0000] {processor.py:186} INFO - Started process (PID=215) to work on /home/airflow/.local/lib/python3.12/site-packages/airflow/example_dags/example_branch_python_dop_operator_3.py
[2024-11-25T06:19:42.852+0000] {processor.py:914} INFO - Processing file /home/airflow/.local/lib/python3.12/site-packages/airflow/example_dags/example_branch_python_dop_operator_3.py for tasks to queue
[2024-11-25T06:19:42.856+0000] {logging_mixin.py:190} INFO - [2024-11-25T06:19:42.855+0000] {dagbag.py:588} INFO - Filling up the DagBag from /home/airflow/.local/lib/python3.12/site-packages/airflow/example_dags/example_branch_python_dop_operator_3.py
[2024-11-25T06:19:42.887+0000] {processor.py:925} INFO - DAG(s) 'example_branch_dop_operator_v3' retrieved from /home/airflow/.local/lib/python3.12/site-packages/airflow/example_dags/example_branch_python_dop_operator_3.py
[2024-11-25T06:19:42.946+0000] {logging_mixin.py:190} INFO - [2024-11-25T06:19:42.945+0000] {dag.py:3239} INFO - Sync 1 DAGs
[2024-11-25T06:19:43.013+0000] {logging_mixin.py:190} INFO - [2024-11-25T06:19:43.013+0000] {dag.py:4180} INFO - Setting next_dagrun for example_branch_dop_operator_v3 to 2024-11-25 06:18:00+00:00, run_after=2024-11-25 06:19:00+00:00
[2024-11-25T06:19:43.057+0000] {processor.py:208} INFO - Processing /home/airflow/.local/lib/python3.12/site-packages/airflow/example_dags/example_branch_python_dop_operator_3.py took 0.223 seconds
[2024-11-25T06:20:13.661+0000] {processor.py:186} INFO - Started process (PID=506) to work on /home/airflow/.local/lib/python3.12/site-packages/airflow/example_dags/example_branch_python_dop_operator_3.py
[2024-11-25T06:20:13.663+0000] {processor.py:914} INFO - Processing file /home/airflow/.local/lib/python3.12/site-packages/airflow/example_dags/example_branch_python_dop_operator_3.py for tasks to queue
[2024-11-25T06:20:13.666+0000] {logging_mixin.py:190} INFO - [2024-11-25T06:20:13.666+0000] {dagbag.py:588} INFO - Filling up the DagBag from /home/airflow/.local/lib/python3.12/site-packages/airflow/example_dags/example_branch_python_dop_operator_3.py
[2024-11-25T06:20:13.681+0000] {processor.py:925} INFO - DAG(s) 'example_branch_dop_operator_v3' retrieved from /home/airflow/.local/lib/python3.12/site-packages/airflow/example_dags/example_branch_python_dop_operator_3.py
[2024-11-25T06:20:13.716+0000] {logging_mixin.py:190} INFO - [2024-11-25T06:20:13.715+0000] {dag.py:3239} INFO - Sync 1 DAGs
[2024-11-25T06:20:13.755+0000] {logging_mixin.py:190} INFO - [2024-11-25T06:20:13.755+0000] {dag.py:4180} INFO - Setting next_dagrun for example_branch_dop_operator_v3 to 2024-11-25 06:19:00+00:00, run_after=2024-11-25 06:20:00+00:00
[2024-11-25T06:20:13.784+0000] {processor.py:208} INFO - Processing /home/airflow/.local/lib/python3.12/site-packages/airflow/example_dags/example_branch_python_dop_operator_3.py took 0.130 seconds
[2024-11-25T06:20:44.455+0000] {processor.py:186} INFO - Started process (PID=797) to work on /home/airflow/.local/lib/python3.12/site-packages/airflow/example_dags/example_branch_python_dop_operator_3.py
[2024-11-25T06:20:44.457+0000] {processor.py:914} INFO - Processing file /home/airflow/.local/lib/python3.12/site-packages/airflow/example_dags/example_branch_python_dop_operator_3.py for tasks to queue
[2024-11-25T06:20:44.462+0000] {logging_mixin.py:190} INFO - [2024-11-25T06:20:44.462+0000] {dagbag.py:588} INFO - Filling up the DagBag from /home/airflow/.local/lib/python3.12/site-packages/airflow/example_dags/example_branch_python_dop_operator_3.py
[2024-11-25T06:20:44.486+0000] {processor.py:925} INFO - DAG(s) 'example_branch_dop_operator_v3' retrieved from /home/airflow/.local/lib/python3.12/site-packages/airflow/example_dags/example_branch_python_dop_operator_3.py
[2024-11-25T06:20:44.551+0000] {logging_mixin.py:190} INFO - [2024-11-25T06:20:44.550+0000] {dag.py:3239} INFO - Sync 1 DAGs
[2024-11-25T06:20:44.630+0000] {logging_mixin.py:190} INFO - [2024-11-25T06:20:44.630+0000] {dag.py:4180} INFO - Setting next_dagrun for example_branch_dop_operator_v3 to 2024-11-25 06:19:00+00:00, run_after=2024-11-25 06:20:00+00:00
[2024-11-25T06:20:44.679+0000] {processor.py:208} INFO - Processing /home/airflow/.local/lib/python3.12/site-packages/airflow/example_dags/example_branch_python_dop_operator_3.py took 0.237 seconds
[2024-11-25T06:21:15.344+0000] {processor.py:186} INFO - Started process (PID=1088) to work on /home/airflow/.local/lib/python3.12/site-packages/airflow/example_dags/example_branch_python_dop_operator_3.py
[2024-11-25T06:21:15.345+0000] {processor.py:914} INFO - Processing file /home/airflow/.local/lib/python3.12/site-packages/airflow/example_dags/example_branch_python_dop_operator_3.py for tasks to queue
[2024-11-25T06:21:15.349+0000] {logging_mixin.py:190} INFO - [2024-11-25T06:21:15.348+0000] {dagbag.py:588} INFO - Filling up the DagBag from /home/airflow/.local/lib/python3.12/site-packages/airflow/example_dags/example_branch_python_dop_operator_3.py
[2024-11-25T06:21:15.366+0000] {processor.py:925} INFO - DAG(s) 'example_branch_dop_operator_v3' retrieved from /home/airflow/.local/lib/python3.12/site-packages/airflow/example_dags/example_branch_python_dop_operator_3.py
[2024-11-25T06:21:15.397+0000] {logging_mixin.py:190} INFO - [2024-11-25T06:21:15.396+0000] {dag.py:3239} INFO - Sync 1 DAGs
[2024-11-25T06:21:15.440+0000] {logging_mixin.py:190} INFO - [2024-11-25T06:21:15.440+0000] {dag.py:4180} INFO - Setting next_dagrun for example_branch_dop_operator_v3 to 2024-11-25 06:20:00+00:00, run_after=2024-11-25 06:21:00+00:00
[2024-11-25T06:21:15.474+0000] {processor.py:208} INFO - Processing /home/airflow/.local/lib/python3.12/site-packages/airflow/example_dags/example_branch_python_dop_operator_3.py took 0.138 seconds
[2024-11-25T06:21:45.865+0000] {processor.py:186} INFO - Started process (PID=1381) to work on /home/airflow/.local/lib/python3.12/site-packages/airflow/example_dags/example_branch_python_dop_operator_3.py
[2024-11-25T06:21:45.867+0000] {processor.py:914} INFO - Processing file /home/airflow/.local/lib/python3.12/site-packages/airflow/example_dags/example_branch_python_dop_operator_3.py for tasks to queue
[2024-11-25T06:21:45.870+0000] {logging_mixin.py:190} INFO - [2024-11-25T06:21:45.870+0000] {dagbag.py:588} INFO - Filling up the DagBag from /home/airflow/.local/lib/python3.12/site-packages/airflow/example_dags/example_branch_python_dop_operator_3.py
[2024-11-25T06:21:45.883+0000] {processor.py:925} INFO - DAG(s) 'example_branch_dop_operator_v3' retrieved from /home/airflow/.local/lib/python3.12/site-packages/airflow/example_dags/example_branch_python_dop_operator_3.py
[2024-11-25T06:21:45.915+0000] {logging_mixin.py:190} INFO - [2024-11-25T06:21:45.915+0000] {dag.py:3239} INFO - Sync 1 DAGs
[2024-11-25T06:21:45.955+0000] {logging_mixin.py:190} INFO - [2024-11-25T06:21:45.955+0000] {dag.py:4180} INFO - Setting next_dagrun for example_branch_dop_operator_v3 to 2024-11-25 06:20:00+00:00, run_after=2024-11-25 06:21:00+00:00
[2024-11-25T06:21:45.990+0000] {processor.py:208} INFO - Processing /home/airflow/.local/lib/python3.12/site-packages/airflow/example_dags/example_branch_python_dop_operator_3.py took 0.133 seconds
[2024-11-25T06:22:16.567+0000] {processor.py:186} INFO - Started process (PID=1670) to work on /home/airflow/.local/lib/python3.12/site-packages/airflow/example_dags/example_branch_python_dop_operator_3.py
[2024-11-25T06:22:16.568+0000] {processor.py:914} INFO - Processing file /home/airflow/.local/lib/python3.12/site-packages/airflow/example_dags/example_branch_python_dop_operator_3.py for tasks to queue
[2024-11-25T06:22:16.571+0000] {logging_mixin.py:190} INFO - [2024-11-25T06:22:16.570+0000] {dagbag.py:588} INFO - Filling up the DagBag from /home/airflow/.local/lib/python3.12/site-packages/airflow/example_dags/example_branch_python_dop_operator_3.py
[2024-11-25T06:22:16.582+0000] {processor.py:925} INFO - DAG(s) 'example_branch_dop_operator_v3' retrieved from /home/airflow/.local/lib/python3.12/site-packages/airflow/example_dags/example_branch_python_dop_operator_3.py
[2024-11-25T06:22:16.605+0000] {logging_mixin.py:190} INFO - [2024-11-25T06:22:16.605+0000] {dag.py:3239} INFO - Sync 1 DAGs
[2024-11-25T06:22:16.637+0000] {logging_mixin.py:190} INFO - [2024-11-25T06:22:16.637+0000] {dag.py:4180} INFO - Setting next_dagrun for example_branch_dop_operator_v3 to 2024-11-25 06:21:00+00:00, run_after=2024-11-25 06:22:00+00:00
[2024-11-25T06:22:16.670+0000] {processor.py:208} INFO - Processing /home/airflow/.local/lib/python3.12/site-packages/airflow/example_dags/example_branch_python_dop_operator_3.py took 0.109 seconds
[2024-11-25T06:22:47.270+0000] {processor.py:186} INFO - Started process (PID=1961) to work on /home/airflow/.local/lib/python3.12/site-packages/airflow/example_dags/example_branch_python_dop_operator_3.py
[2024-11-25T06:22:47.273+0000] {processor.py:914} INFO - Processing file /home/airflow/.local/lib/python3.12/site-packages/airflow/example_dags/example_branch_python_dop_operator_3.py for tasks to queue
[2024-11-25T06:22:47.280+0000] {logging_mixin.py:190} INFO - [2024-11-25T06:22:47.280+0000] {dagbag.py:588} INFO - Filling up the DagBag from /home/airflow/.local/lib/python3.12/site-packages/airflow/example_dags/example_branch_python_dop_operator_3.py
[2024-11-25T06:22:47.311+0000] {processor.py:925} INFO - DAG(s) 'example_branch_dop_operator_v3' retrieved from /home/airflow/.local/lib/python3.12/site-packages/airflow/example_dags/example_branch_python_dop_operator_3.py
[2024-11-25T06:22:47.353+0000] {logging_mixin.py:190} INFO - [2024-11-25T06:22:47.352+0000] {dag.py:3239} INFO - Sync 1 DAGs
[2024-11-25T06:22:47.402+0000] {logging_mixin.py:190} INFO - [2024-11-25T06:22:47.402+0000] {dag.py:4180} INFO - Setting next_dagrun for example_branch_dop_operator_v3 to 2024-11-25 06:21:00+00:00, run_after=2024-11-25 06:22:00+00:00
[2024-11-25T06:22:47.437+0000] {processor.py:208} INFO - Processing /home/airflow/.local/lib/python3.12/site-packages/airflow/example_dags/example_branch_python_dop_operator_3.py took 0.177 seconds
[2024-11-25T06:23:17.536+0000] {processor.py:186} INFO - Started process (PID=2253) to work on /home/airflow/.local/lib/python3.12/site-packages/airflow/example_dags/example_branch_python_dop_operator_3.py
[2024-11-25T06:23:17.538+0000] {processor.py:914} INFO - Processing file /home/airflow/.local/lib/python3.12/site-packages/airflow/example_dags/example_branch_python_dop_operator_3.py for tasks to queue
[2024-11-25T06:23:17.541+0000] {logging_mixin.py:190} INFO - [2024-11-25T06:23:17.540+0000] {dagbag.py:588} INFO - Filling up the DagBag from /home/airflow/.local/lib/python3.12/site-packages/airflow/example_dags/example_branch_python_dop_operator_3.py
[2024-11-25T06:23:17.562+0000] {processor.py:925} INFO - DAG(s) 'example_branch_dop_operator_v3' retrieved from /home/airflow/.local/lib/python3.12/site-packages/airflow/example_dags/example_branch_python_dop_operator_3.py
[2024-11-25T06:23:17.594+0000] {logging_mixin.py:190} INFO - [2024-11-25T06:23:17.594+0000] {dag.py:3239} INFO - Sync 1 DAGs
[2024-11-25T06:23:17.646+0000] {logging_mixin.py:190} INFO - [2024-11-25T06:23:17.645+0000] {dag.py:4180} INFO - Setting next_dagrun for example_branch_dop_operator_v3 to 2024-11-25 06:22:00+00:00, run_after=2024-11-25 06:23:00+00:00
[2024-11-25T06:23:17.678+0000] {processor.py:208} INFO - Processing /home/airflow/.local/lib/python3.12/site-packages/airflow/example_dags/example_branch_python_dop_operator_3.py took 0.152 seconds
[2024-11-25T06:23:47.735+0000] {processor.py:186} INFO - Started process (PID=2544) to work on /home/airflow/.local/lib/python3.12/site-packages/airflow/example_dags/example_branch_python_dop_operator_3.py
[2024-11-25T06:23:47.736+0000] {processor.py:914} INFO - Processing file /home/airflow/.local/lib/python3.12/site-packages/airflow/example_dags/example_branch_python_dop_operator_3.py for tasks to queue
[2024-11-25T06:23:47.739+0000] {logging_mixin.py:190} INFO - [2024-11-25T06:23:47.739+0000] {dagbag.py:588} INFO - Filling up the DagBag from /home/airflow/.local/lib/python3.12/site-packages/airflow/example_dags/example_branch_python_dop_operator_3.py
[2024-11-25T06:23:47.752+0000] {processor.py:925} INFO - DAG(s) 'example_branch_dop_operator_v3' retrieved from /home/airflow/.local/lib/python3.12/site-packages/airflow/example_dags/example_branch_python_dop_operator_3.py
[2024-11-25T06:23:47.778+0000] {logging_mixin.py:190} INFO - [2024-11-25T06:23:47.778+0000] {dag.py:3239} INFO - Sync 1 DAGs
[2024-11-25T06:23:47.812+0000] {logging_mixin.py:190} INFO - [2024-11-25T06:23:47.811+0000] {dag.py:4180} INFO - Setting next_dagrun for example_branch_dop_operator_v3 to 2024-11-25 06:22:00+00:00, run_after=2024-11-25 06:23:00+00:00
[2024-11-25T06:23:47.841+0000] {processor.py:208} INFO - Processing /home/airflow/.local/lib/python3.12/site-packages/airflow/example_dags/example_branch_python_dop_operator_3.py took 0.113 seconds
[2024-11-25T06:24:19.427+0000] {processor.py:186} INFO - Started process (PID=2840) to work on /home/airflow/.local/lib/python3.12/site-packages/airflow/example_dags/example_branch_python_dop_operator_3.py
[2024-11-25T06:24:19.430+0000] {processor.py:914} INFO - Processing file /home/airflow/.local/lib/python3.12/site-packages/airflow/example_dags/example_branch_python_dop_operator_3.py for tasks to queue
[2024-11-25T06:24:19.433+0000] {logging_mixin.py:190} INFO - [2024-11-25T06:24:19.433+0000] {dagbag.py:588} INFO - Filling up the DagBag from /home/airflow/.local/lib/python3.12/site-packages/airflow/example_dags/example_branch_python_dop_operator_3.py
[2024-11-25T06:24:19.454+0000] {processor.py:925} INFO - DAG(s) 'example_branch_dop_operator_v3' retrieved from /home/airflow/.local/lib/python3.12/site-packages/airflow/example_dags/example_branch_python_dop_operator_3.py
[2024-11-25T06:24:19.496+0000] {logging_mixin.py:190} INFO - [2024-11-25T06:24:19.495+0000] {dag.py:3239} INFO - Sync 1 DAGs
[2024-11-25T06:24:19.547+0000] {logging_mixin.py:190} INFO - [2024-11-25T06:24:19.547+0000] {dag.py:4180} INFO - Setting next_dagrun for example_branch_dop_operator_v3 to 2024-11-25 06:23:00+00:00, run_after=2024-11-25 06:24:00+00:00
[2024-11-25T06:24:19.589+0000] {processor.py:208} INFO - Processing /home/airflow/.local/lib/python3.12/site-packages/airflow/example_dags/example_branch_python_dop_operator_3.py took 0.171 seconds
[2024-11-25T06:24:49.764+0000] {processor.py:186} INFO - Started process (PID=3131) to work on /home/airflow/.local/lib/python3.12/site-packages/airflow/example_dags/example_branch_python_dop_operator_3.py
[2024-11-25T06:24:49.766+0000] {processor.py:914} INFO - Processing file /home/airflow/.local/lib/python3.12/site-packages/airflow/example_dags/example_branch_python_dop_operator_3.py for tasks to queue
[2024-11-25T06:24:49.771+0000] {logging_mixin.py:190} INFO - [2024-11-25T06:24:49.770+0000] {dagbag.py:588} INFO - Filling up the DagBag from /home/airflow/.local/lib/python3.12/site-packages/airflow/example_dags/example_branch_python_dop_operator_3.py
[2024-11-25T06:24:49.790+0000] {processor.py:925} INFO - DAG(s) 'example_branch_dop_operator_v3' retrieved from /home/airflow/.local/lib/python3.12/site-packages/airflow/example_dags/example_branch_python_dop_operator_3.py
[2024-11-25T06:24:49.825+0000] {logging_mixin.py:190} INFO - [2024-11-25T06:24:49.825+0000] {dag.py:3239} INFO - Sync 1 DAGs
[2024-11-25T06:24:49.882+0000] {logging_mixin.py:190} INFO - [2024-11-25T06:24:49.882+0000] {dag.py:4180} INFO - Setting next_dagrun for example_branch_dop_operator_v3 to 2024-11-25 06:23:00+00:00, run_after=2024-11-25 06:24:00+00:00
[2024-11-25T06:24:49.923+0000] {processor.py:208} INFO - Processing /home/airflow/.local/lib/python3.12/site-packages/airflow/example_dags/example_branch_python_dop_operator_3.py took 0.171 seconds
[2024-11-25T06:25:20.042+0000] {processor.py:186} INFO - Started process (PID=3422) to work on /home/airflow/.local/lib/python3.12/site-packages/airflow/example_dags/example_branch_python_dop_operator_3.py
[2024-11-25T06:25:20.043+0000] {processor.py:914} INFO - Processing file /home/airflow/.local/lib/python3.12/site-packages/airflow/example_dags/example_branch_python_dop_operator_3.py for tasks to queue
[2024-11-25T06:25:20.047+0000] {logging_mixin.py:190} INFO - [2024-11-25T06:25:20.047+0000] {dagbag.py:588} INFO - Filling up the DagBag from /home/airflow/.local/lib/python3.12/site-packages/airflow/example_dags/example_branch_python_dop_operator_3.py
[2024-11-25T06:25:20.065+0000] {processor.py:925} INFO - DAG(s) 'example_branch_dop_operator_v3' retrieved from /home/airflow/.local/lib/python3.12/site-packages/airflow/example_dags/example_branch_python_dop_operator_3.py
[2024-11-25T06:25:20.103+0000] {logging_mixin.py:190} INFO - [2024-11-25T06:25:20.103+0000] {dag.py:3239} INFO - Sync 1 DAGs
[2024-11-25T06:25:20.152+0000] {logging_mixin.py:190} INFO - [2024-11-25T06:25:20.152+0000] {dag.py:4180} INFO - Setting next_dagrun for example_branch_dop_operator_v3 to 2024-11-25 06:24:00+00:00, run_after=2024-11-25 06:25:00+00:00
[2024-11-25T06:25:20.191+0000] {processor.py:208} INFO - Processing /home/airflow/.local/lib/python3.12/site-packages/airflow/example_dags/example_branch_python_dop_operator_3.py took 0.157 seconds
[2024-11-25T06:25:51.177+0000] {processor.py:186} INFO - Started process (PID=3712) to work on /home/airflow/.local/lib/python3.12/site-packages/airflow/example_dags/example_branch_python_dop_operator_3.py
[2024-11-25T06:25:51.179+0000] {processor.py:914} INFO - Processing file /home/airflow/.local/lib/python3.12/site-packages/airflow/example_dags/example_branch_python_dop_operator_3.py for tasks to queue
[2024-11-25T06:25:51.184+0000] {logging_mixin.py:190} INFO - [2024-11-25T06:25:51.183+0000] {dagbag.py:588} INFO - Filling up the DagBag from /home/airflow/.local/lib/python3.12/site-packages/airflow/example_dags/example_branch_python_dop_operator_3.py
[2024-11-25T06:25:51.230+0000] {processor.py:925} INFO - DAG(s) 'example_branch_dop_operator_v3' retrieved from /home/airflow/.local/lib/python3.12/site-packages/airflow/example_dags/example_branch_python_dop_operator_3.py
[2024-11-25T06:25:51.281+0000] {logging_mixin.py:190} INFO - [2024-11-25T06:25:51.280+0000] {dag.py:3239} INFO - Sync 1 DAGs
[2024-11-25T06:25:51.364+0000] {logging_mixin.py:190} INFO - [2024-11-25T06:25:51.363+0000] {dag.py:4180} INFO - Setting next_dagrun for example_branch_dop_operator_v3 to 2024-11-25 06:24:00+00:00, run_after=2024-11-25 06:25:00+00:00
[2024-11-25T06:25:51.442+0000] {processor.py:208} INFO - Processing /home/airflow/.local/lib/python3.12/site-packages/airflow/example_dags/example_branch_python_dop_operator_3.py took 0.275 seconds
[2024-11-25T06:26:21.938+0000] {processor.py:186} INFO - Started process (PID=4003) to work on /home/airflow/.local/lib/python3.12/site-packages/airflow/example_dags/example_branch_python_dop_operator_3.py
[2024-11-25T06:26:21.940+0000] {processor.py:914} INFO - Processing file /home/airflow/.local/lib/python3.12/site-packages/airflow/example_dags/example_branch_python_dop_operator_3.py for tasks to queue
[2024-11-25T06:26:21.944+0000] {logging_mixin.py:190} INFO - [2024-11-25T06:26:21.943+0000] {dagbag.py:588} INFO - Filling up the DagBag from /home/airflow/.local/lib/python3.12/site-packages/airflow/example_dags/example_branch_python_dop_operator_3.py
[2024-11-25T06:26:21.996+0000] {processor.py:925} INFO - DAG(s) 'example_branch_dop_operator_v3' retrieved from /home/airflow/.local/lib/python3.12/site-packages/airflow/example_dags/example_branch_python_dop_operator_3.py
[2024-11-25T06:26:22.105+0000] {logging_mixin.py:190} INFO - [2024-11-25T06:26:22.104+0000] {dag.py:3239} INFO - Sync 1 DAGs
[2024-11-25T06:26:22.210+0000] {logging_mixin.py:190} INFO - [2024-11-25T06:26:22.210+0000] {dag.py:4180} INFO - Setting next_dagrun for example_branch_dop_operator_v3 to 2024-11-25 06:25:00+00:00, run_after=2024-11-25 06:26:00+00:00
[2024-11-25T06:26:22.262+0000] {processor.py:208} INFO - Processing /home/airflow/.local/lib/python3.12/site-packages/airflow/example_dags/example_branch_python_dop_operator_3.py took 0.337 seconds
[2024-11-25T06:26:53.323+0000] {processor.py:186} INFO - Started process (PID=4295) to work on /home/airflow/.local/lib/python3.12/site-packages/airflow/example_dags/example_branch_python_dop_operator_3.py
[2024-11-25T06:26:53.324+0000] {processor.py:914} INFO - Processing file /home/airflow/.local/lib/python3.12/site-packages/airflow/example_dags/example_branch_python_dop_operator_3.py for tasks to queue
[2024-11-25T06:26:53.330+0000] {logging_mixin.py:190} INFO - [2024-11-25T06:26:53.329+0000] {dagbag.py:588} INFO - Filling up the DagBag from /home/airflow/.local/lib/python3.12/site-packages/airflow/example_dags/example_branch_python_dop_operator_3.py
[2024-11-25T06:26:53.363+0000] {processor.py:925} INFO - DAG(s) 'example_branch_dop_operator_v3' retrieved from /home/airflow/.local/lib/python3.12/site-packages/airflow/example_dags/example_branch_python_dop_operator_3.py
[2024-11-25T06:26:53.404+0000] {logging_mixin.py:190} INFO - [2024-11-25T06:26:53.403+0000] {dag.py:3239} INFO - Sync 1 DAGs
[2024-11-25T06:26:53.465+0000] {logging_mixin.py:190} INFO - [2024-11-25T06:26:53.464+0000] {dag.py:4180} INFO - Setting next_dagrun for example_branch_dop_operator_v3 to 2024-11-25 06:25:00+00:00, run_after=2024-11-25 06:26:00+00:00
[2024-11-25T06:26:53.504+0000] {processor.py:208} INFO - Processing /home/airflow/.local/lib/python3.12/site-packages/airflow/example_dags/example_branch_python_dop_operator_3.py took 0.190 seconds
[2024-11-25T06:27:24.172+0000] {processor.py:186} INFO - Started process (PID=4588) to work on /home/airflow/.local/lib/python3.12/site-packages/airflow/example_dags/example_branch_python_dop_operator_3.py
[2024-11-25T06:27:24.173+0000] {processor.py:914} INFO - Processing file /home/airflow/.local/lib/python3.12/site-packages/airflow/example_dags/example_branch_python_dop_operator_3.py for tasks to queue
[2024-11-25T06:27:24.176+0000] {logging_mixin.py:190} INFO - [2024-11-25T06:27:24.175+0000] {dagbag.py:588} INFO - Filling up the DagBag from /home/airflow/.local/lib/python3.12/site-packages/airflow/example_dags/example_branch_python_dop_operator_3.py
[2024-11-25T06:27:24.186+0000] {processor.py:925} INFO - DAG(s) 'example_branch_dop_operator_v3' retrieved from /home/airflow/.local/lib/python3.12/site-packages/airflow/example_dags/example_branch_python_dop_operator_3.py
[2024-11-25T06:27:24.209+0000] {logging_mixin.py:190} INFO - [2024-11-25T06:27:24.209+0000] {dag.py:3239} INFO - Sync 1 DAGs
[2024-11-25T06:27:24.238+0000] {logging_mixin.py:190} INFO - [2024-11-25T06:27:24.238+0000] {dag.py:4180} INFO - Setting next_dagrun for example_branch_dop_operator_v3 to 2024-11-25 06:26:00+00:00, run_after=2024-11-25 06:27:00+00:00
[2024-11-25T06:27:24.262+0000] {processor.py:208} INFO - Processing /home/airflow/.local/lib/python3.12/site-packages/airflow/example_dags/example_branch_python_dop_operator_3.py took 0.096 seconds
[2024-11-25T06:27:54.951+0000] {processor.py:186} INFO - Started process (PID=4867) to work on /home/airflow/.local/lib/python3.12/site-packages/airflow/example_dags/example_branch_python_dop_operator_3.py
[2024-11-25T06:27:54.953+0000] {processor.py:914} INFO - Processing file /home/airflow/.local/lib/python3.12/site-packages/airflow/example_dags/example_branch_python_dop_operator_3.py for tasks to queue
[2024-11-25T06:27:54.958+0000] {logging_mixin.py:190} INFO - [2024-11-25T06:27:54.956+0000] {dagbag.py:588} INFO - Filling up the DagBag from /home/airflow/.local/lib/python3.12/site-packages/airflow/example_dags/example_branch_python_dop_operator_3.py
[2024-11-25T06:27:55.000+0000] {processor.py:925} INFO - DAG(s) 'example_branch_dop_operator_v3' retrieved from /home/airflow/.local/lib/python3.12/site-packages/airflow/example_dags/example_branch_python_dop_operator_3.py
[2024-11-25T06:27:55.057+0000] {logging_mixin.py:190} INFO - [2024-11-25T06:27:55.056+0000] {dag.py:3239} INFO - Sync 1 DAGs
[2024-11-25T06:27:55.132+0000] {logging_mixin.py:190} INFO - [2024-11-25T06:27:55.131+0000] {dag.py:4180} INFO - Setting next_dagrun for example_branch_dop_operator_v3 to 2024-11-25 06:26:00+00:00, run_after=2024-11-25 06:27:00+00:00
[2024-11-25T06:27:55.176+0000] {processor.py:208} INFO - Processing /home/airflow/.local/lib/python3.12/site-packages/airflow/example_dags/example_branch_python_dop_operator_3.py took 0.238 seconds
[2024-11-25T06:28:25.946+0000] {processor.py:186} INFO - Started process (PID=5155) to work on /home/airflow/.local/lib/python3.12/site-packages/airflow/example_dags/example_branch_python_dop_operator_3.py
[2024-11-25T06:28:25.947+0000] {processor.py:914} INFO - Processing file /home/airflow/.local/lib/python3.12/site-packages/airflow/example_dags/example_branch_python_dop_operator_3.py for tasks to queue
[2024-11-25T06:28:25.951+0000] {logging_mixin.py:190} INFO - [2024-11-25T06:28:25.951+0000] {dagbag.py:588} INFO - Filling up the DagBag from /home/airflow/.local/lib/python3.12/site-packages/airflow/example_dags/example_branch_python_dop_operator_3.py
[2024-11-25T06:28:25.963+0000] {processor.py:925} INFO - DAG(s) 'example_branch_dop_operator_v3' retrieved from /home/airflow/.local/lib/python3.12/site-packages/airflow/example_dags/example_branch_python_dop_operator_3.py
[2024-11-25T06:28:25.995+0000] {logging_mixin.py:190} INFO - [2024-11-25T06:28:25.995+0000] {dag.py:3239} INFO - Sync 1 DAGs
[2024-11-25T06:28:26.039+0000] {logging_mixin.py:190} INFO - [2024-11-25T06:28:26.038+0000] {dag.py:4180} INFO - Setting next_dagrun for example_branch_dop_operator_v3 to 2024-11-25 06:27:00+00:00, run_after=2024-11-25 06:28:00+00:00
[2024-11-25T06:28:26.075+0000] {processor.py:208} INFO - Processing /home/airflow/.local/lib/python3.12/site-packages/airflow/example_dags/example_branch_python_dop_operator_3.py took 0.135 seconds
[2024-11-25T06:28:56.596+0000] {processor.py:186} INFO - Started process (PID=5445) to work on /home/airflow/.local/lib/python3.12/site-packages/airflow/example_dags/example_branch_python_dop_operator_3.py
[2024-11-25T06:28:56.599+0000] {processor.py:914} INFO - Processing file /home/airflow/.local/lib/python3.12/site-packages/airflow/example_dags/example_branch_python_dop_operator_3.py for tasks to queue
[2024-11-25T06:28:56.602+0000] {logging_mixin.py:190} INFO - [2024-11-25T06:28:56.602+0000] {dagbag.py:588} INFO - Filling up the DagBag from /home/airflow/.local/lib/python3.12/site-packages/airflow/example_dags/example_branch_python_dop_operator_3.py
[2024-11-25T06:28:56.616+0000] {processor.py:925} INFO - DAG(s) 'example_branch_dop_operator_v3' retrieved from /home/airflow/.local/lib/python3.12/site-packages/airflow/example_dags/example_branch_python_dop_operator_3.py
[2024-11-25T06:28:56.639+0000] {logging_mixin.py:190} INFO - [2024-11-25T06:28:56.638+0000] {dag.py:3239} INFO - Sync 1 DAGs
[2024-11-25T06:28:56.678+0000] {logging_mixin.py:190} INFO - [2024-11-25T06:28:56.678+0000] {dag.py:4180} INFO - Setting next_dagrun for example_branch_dop_operator_v3 to 2024-11-25 06:27:00+00:00, run_after=2024-11-25 06:28:00+00:00
[2024-11-25T06:28:56.705+0000] {processor.py:208} INFO - Processing /home/airflow/.local/lib/python3.12/site-packages/airflow/example_dags/example_branch_python_dop_operator_3.py took 0.117 seconds
[2024-11-25T06:29:27.151+0000] {processor.py:186} INFO - Started process (PID=5733) to work on /home/airflow/.local/lib/python3.12/site-packages/airflow/example_dags/example_branch_python_dop_operator_3.py
[2024-11-25T06:29:27.152+0000] {processor.py:914} INFO - Processing file /home/airflow/.local/lib/python3.12/site-packages/airflow/example_dags/example_branch_python_dop_operator_3.py for tasks to queue
[2024-11-25T06:29:27.155+0000] {logging_mixin.py:190} INFO - [2024-11-25T06:29:27.155+0000] {dagbag.py:588} INFO - Filling up the DagBag from /home/airflow/.local/lib/python3.12/site-packages/airflow/example_dags/example_branch_python_dop_operator_3.py
[2024-11-25T06:29:27.170+0000] {processor.py:925} INFO - DAG(s) 'example_branch_dop_operator_v3' retrieved from /home/airflow/.local/lib/python3.12/site-packages/airflow/example_dags/example_branch_python_dop_operator_3.py
[2024-11-25T06:29:27.204+0000] {logging_mixin.py:190} INFO - [2024-11-25T06:29:27.204+0000] {dag.py:3239} INFO - Sync 1 DAGs
[2024-11-25T06:29:27.246+0000] {logging_mixin.py:190} INFO - [2024-11-25T06:29:27.246+0000] {dag.py:4180} INFO - Setting next_dagrun for example_branch_dop_operator_v3 to 2024-11-25 06:28:00+00:00, run_after=2024-11-25 06:29:00+00:00
[2024-11-25T06:29:27.287+0000] {processor.py:208} INFO - Processing /home/airflow/.local/lib/python3.12/site-packages/airflow/example_dags/example_branch_python_dop_operator_3.py took 0.143 seconds
[2024-11-25T06:29:57.405+0000] {processor.py:186} INFO - Started process (PID=6024) to work on /home/airflow/.local/lib/python3.12/site-packages/airflow/example_dags/example_branch_python_dop_operator_3.py
[2024-11-25T06:29:57.407+0000] {processor.py:914} INFO - Processing file /home/airflow/.local/lib/python3.12/site-packages/airflow/example_dags/example_branch_python_dop_operator_3.py for tasks to queue
[2024-11-25T06:29:57.410+0000] {logging_mixin.py:190} INFO - [2024-11-25T06:29:57.409+0000] {dagbag.py:588} INFO - Filling up the DagBag from /home/airflow/.local/lib/python3.12/site-packages/airflow/example_dags/example_branch_python_dop_operator_3.py
[2024-11-25T06:29:57.424+0000] {processor.py:925} INFO - DAG(s) 'example_branch_dop_operator_v3' retrieved from /home/airflow/.local/lib/python3.12/site-packages/airflow/example_dags/example_branch_python_dop_operator_3.py
[2024-11-25T06:29:57.454+0000] {logging_mixin.py:190} INFO - [2024-11-25T06:29:57.454+0000] {dag.py:3239} INFO - Sync 1 DAGs
[2024-11-25T06:29:57.499+0000] {logging_mixin.py:190} INFO - [2024-11-25T06:29:57.499+0000] {dag.py:4180} INFO - Setting next_dagrun for example_branch_dop_operator_v3 to 2024-11-25 06:28:00+00:00, run_after=2024-11-25 06:29:00+00:00
[2024-11-25T06:29:57.537+0000] {processor.py:208} INFO - Processing /home/airflow/.local/lib/python3.12/site-packages/airflow/example_dags/example_branch_python_dop_operator_3.py took 0.141 seconds
[2024-11-25T06:30:29.265+0000] {processor.py:186} INFO - Started process (PID=6285) to work on /home/airflow/.local/lib/python3.12/site-packages/airflow/example_dags/example_branch_python_dop_operator_3.py
[2024-11-25T06:30:29.270+0000] {processor.py:914} INFO - Processing file /home/airflow/.local/lib/python3.12/site-packages/airflow/example_dags/example_branch_python_dop_operator_3.py for tasks to queue
[2024-11-25T06:30:29.275+0000] {logging_mixin.py:190} INFO - [2024-11-25T06:30:29.274+0000] {dagbag.py:588} INFO - Filling up the DagBag from /home/airflow/.local/lib/python3.12/site-packages/airflow/example_dags/example_branch_python_dop_operator_3.py
[2024-11-25T06:30:29.299+0000] {processor.py:925} INFO - DAG(s) 'example_branch_dop_operator_v3' retrieved from /home/airflow/.local/lib/python3.12/site-packages/airflow/example_dags/example_branch_python_dop_operator_3.py
[2024-11-25T06:30:29.340+0000] {logging_mixin.py:190} INFO - [2024-11-25T06:30:29.339+0000] {dag.py:3239} INFO - Sync 1 DAGs
[2024-11-25T06:30:29.467+0000] {logging_mixin.py:190} INFO - [2024-11-25T06:30:29.466+0000] {dag.py:4180} INFO - Setting next_dagrun for example_branch_dop_operator_v3 to 2024-11-25 06:29:00+00:00, run_after=2024-11-25 06:30:00+00:00
[2024-11-25T06:30:29.541+0000] {processor.py:208} INFO - Processing /home/airflow/.local/lib/python3.12/site-packages/airflow/example_dags/example_branch_python_dop_operator_3.py took 0.294 seconds
[2024-11-25T06:31:00.443+0000] {processor.py:186} INFO - Started process (PID=6576) to work on /home/airflow/.local/lib/python3.12/site-packages/airflow/example_dags/example_branch_python_dop_operator_3.py
[2024-11-25T06:31:00.445+0000] {processor.py:914} INFO - Processing file /home/airflow/.local/lib/python3.12/site-packages/airflow/example_dags/example_branch_python_dop_operator_3.py for tasks to queue
[2024-11-25T06:31:00.449+0000] {logging_mixin.py:190} INFO - [2024-11-25T06:31:00.448+0000] {dagbag.py:588} INFO - Filling up the DagBag from /home/airflow/.local/lib/python3.12/site-packages/airflow/example_dags/example_branch_python_dop_operator_3.py
[2024-11-25T06:31:00.466+0000] {processor.py:925} INFO - DAG(s) 'example_branch_dop_operator_v3' retrieved from /home/airflow/.local/lib/python3.12/site-packages/airflow/example_dags/example_branch_python_dop_operator_3.py
[2024-11-25T06:31:00.503+0000] {logging_mixin.py:190} INFO - [2024-11-25T06:31:00.503+0000] {dag.py:3239} INFO - Sync 1 DAGs
[2024-11-25T06:31:00.559+0000] {logging_mixin.py:190} INFO - [2024-11-25T06:31:00.558+0000] {dag.py:4180} INFO - Setting next_dagrun for example_branch_dop_operator_v3 to 2024-11-25 06:30:00+00:00, run_after=2024-11-25 06:31:00+00:00
[2024-11-25T06:31:00.595+0000] {processor.py:208} INFO - Processing /home/airflow/.local/lib/python3.12/site-packages/airflow/example_dags/example_branch_python_dop_operator_3.py took 0.162 seconds
[2024-11-25T06:31:31.446+0000] {processor.py:186} INFO - Started process (PID=6862) to work on /home/airflow/.local/lib/python3.12/site-packages/airflow/example_dags/example_branch_python_dop_operator_3.py
[2024-11-25T06:31:31.448+0000] {processor.py:914} INFO - Processing file /home/airflow/.local/lib/python3.12/site-packages/airflow/example_dags/example_branch_python_dop_operator_3.py for tasks to queue
[2024-11-25T06:31:31.451+0000] {logging_mixin.py:190} INFO - [2024-11-25T06:31:31.450+0000] {dagbag.py:588} INFO - Filling up the DagBag from /home/airflow/.local/lib/python3.12/site-packages/airflow/example_dags/example_branch_python_dop_operator_3.py
[2024-11-25T06:31:31.471+0000] {processor.py:925} INFO - DAG(s) 'example_branch_dop_operator_v3' retrieved from /home/airflow/.local/lib/python3.12/site-packages/airflow/example_dags/example_branch_python_dop_operator_3.py
[2024-11-25T06:31:31.510+0000] {logging_mixin.py:190} INFO - [2024-11-25T06:31:31.509+0000] {dag.py:3239} INFO - Sync 1 DAGs
[2024-11-25T06:31:31.566+0000] {logging_mixin.py:190} INFO - [2024-11-25T06:31:31.566+0000] {dag.py:4180} INFO - Setting next_dagrun for example_branch_dop_operator_v3 to 2024-11-25 06:30:00+00:00, run_after=2024-11-25 06:31:00+00:00
[2024-11-25T06:31:31.608+0000] {processor.py:208} INFO - Processing /home/airflow/.local/lib/python3.12/site-packages/airflow/example_dags/example_branch_python_dop_operator_3.py took 0.172 seconds
[2024-11-25T06:32:02.162+0000] {processor.py:186} INFO - Started process (PID=7151) to work on /home/airflow/.local/lib/python3.12/site-packages/airflow/example_dags/example_branch_python_dop_operator_3.py
[2024-11-25T06:32:02.165+0000] {processor.py:914} INFO - Processing file /home/airflow/.local/lib/python3.12/site-packages/airflow/example_dags/example_branch_python_dop_operator_3.py for tasks to queue
[2024-11-25T06:32:02.170+0000] {logging_mixin.py:190} INFO - [2024-11-25T06:32:02.169+0000] {dagbag.py:588} INFO - Filling up the DagBag from /home/airflow/.local/lib/python3.12/site-packages/airflow/example_dags/example_branch_python_dop_operator_3.py
[2024-11-25T06:32:02.198+0000] {processor.py:925} INFO - DAG(s) 'example_branch_dop_operator_v3' retrieved from /home/airflow/.local/lib/python3.12/site-packages/airflow/example_dags/example_branch_python_dop_operator_3.py
[2024-11-25T06:32:02.237+0000] {logging_mixin.py:190} INFO - [2024-11-25T06:32:02.237+0000] {dag.py:3239} INFO - Sync 1 DAGs
[2024-11-25T06:32:02.298+0000] {logging_mixin.py:190} INFO - [2024-11-25T06:32:02.297+0000] {dag.py:4180} INFO - Setting next_dagrun for example_branch_dop_operator_v3 to 2024-11-25 06:31:00+00:00, run_after=2024-11-25 06:32:00+00:00
[2024-11-25T06:32:02.350+0000] {processor.py:208} INFO - Processing /home/airflow/.local/lib/python3.12/site-packages/airflow/example_dags/example_branch_python_dop_operator_3.py took 0.199 seconds
[2024-11-25T06:32:32.763+0000] {processor.py:186} INFO - Started process (PID=7439) to work on /home/airflow/.local/lib/python3.12/site-packages/airflow/example_dags/example_branch_python_dop_operator_3.py
[2024-11-25T06:32:32.765+0000] {processor.py:914} INFO - Processing file /home/airflow/.local/lib/python3.12/site-packages/airflow/example_dags/example_branch_python_dop_operator_3.py for tasks to queue
[2024-11-25T06:32:32.768+0000] {logging_mixin.py:190} INFO - [2024-11-25T06:32:32.767+0000] {dagbag.py:588} INFO - Filling up the DagBag from /home/airflow/.local/lib/python3.12/site-packages/airflow/example_dags/example_branch_python_dop_operator_3.py
[2024-11-25T06:32:32.780+0000] {processor.py:925} INFO - DAG(s) 'example_branch_dop_operator_v3' retrieved from /home/airflow/.local/lib/python3.12/site-packages/airflow/example_dags/example_branch_python_dop_operator_3.py
[2024-11-25T06:32:32.803+0000] {logging_mixin.py:190} INFO - [2024-11-25T06:32:32.802+0000] {dag.py:3239} INFO - Sync 1 DAGs
[2024-11-25T06:32:32.837+0000] {logging_mixin.py:190} INFO - [2024-11-25T06:32:32.837+0000] {dag.py:4180} INFO - Setting next_dagrun for example_branch_dop_operator_v3 to 2024-11-25 06:31:00+00:00, run_after=2024-11-25 06:32:00+00:00
[2024-11-25T06:32:32.865+0000] {processor.py:208} INFO - Processing /home/airflow/.local/lib/python3.12/site-packages/airflow/example_dags/example_branch_python_dop_operator_3.py took 0.111 seconds
[2024-11-25T06:33:03.521+0000] {processor.py:186} INFO - Started process (PID=7730) to work on /home/airflow/.local/lib/python3.12/site-packages/airflow/example_dags/example_branch_python_dop_operator_3.py
[2024-11-25T06:33:03.523+0000] {processor.py:914} INFO - Processing file /home/airflow/.local/lib/python3.12/site-packages/airflow/example_dags/example_branch_python_dop_operator_3.py for tasks to queue
[2024-11-25T06:33:03.527+0000] {logging_mixin.py:190} INFO - [2024-11-25T06:33:03.527+0000] {dagbag.py:588} INFO - Filling up the DagBag from /home/airflow/.local/lib/python3.12/site-packages/airflow/example_dags/example_branch_python_dop_operator_3.py
[2024-11-25T06:33:03.544+0000] {processor.py:925} INFO - DAG(s) 'example_branch_dop_operator_v3' retrieved from /home/airflow/.local/lib/python3.12/site-packages/airflow/example_dags/example_branch_python_dop_operator_3.py
[2024-11-25T06:33:03.585+0000] {logging_mixin.py:190} INFO - [2024-11-25T06:33:03.585+0000] {dag.py:3239} INFO - Sync 1 DAGs
[2024-11-25T06:33:03.641+0000] {logging_mixin.py:190} INFO - [2024-11-25T06:33:03.641+0000] {dag.py:4180} INFO - Setting next_dagrun for example_branch_dop_operator_v3 to 2024-11-25 06:32:00+00:00, run_after=2024-11-25 06:33:00+00:00
[2024-11-25T06:33:03.675+0000] {processor.py:208} INFO - Processing /home/airflow/.local/lib/python3.12/site-packages/airflow/example_dags/example_branch_python_dop_operator_3.py took 0.165 seconds
[2024-11-25T06:33:33.892+0000] {processor.py:186} INFO - Started process (PID=8019) to work on /home/airflow/.local/lib/python3.12/site-packages/airflow/example_dags/example_branch_python_dop_operator_3.py
[2024-11-25T06:33:33.894+0000] {processor.py:914} INFO - Processing file /home/airflow/.local/lib/python3.12/site-packages/airflow/example_dags/example_branch_python_dop_operator_3.py for tasks to queue
[2024-11-25T06:33:33.899+0000] {logging_mixin.py:190} INFO - [2024-11-25T06:33:33.898+0000] {dagbag.py:588} INFO - Filling up the DagBag from /home/airflow/.local/lib/python3.12/site-packages/airflow/example_dags/example_branch_python_dop_operator_3.py
[2024-11-25T06:33:33.918+0000] {processor.py:925} INFO - DAG(s) 'example_branch_dop_operator_v3' retrieved from /home/airflow/.local/lib/python3.12/site-packages/airflow/example_dags/example_branch_python_dop_operator_3.py
[2024-11-25T06:33:33.973+0000] {logging_mixin.py:190} INFO - [2024-11-25T06:33:33.973+0000] {dag.py:3239} INFO - Sync 1 DAGs
[2024-11-25T06:33:34.074+0000] {logging_mixin.py:190} INFO - [2024-11-25T06:33:34.074+0000] {dag.py:4180} INFO - Setting next_dagrun for example_branch_dop_operator_v3 to 2024-11-25 06:32:00+00:00, run_after=2024-11-25 06:33:00+00:00
[2024-11-25T06:33:34.120+0000] {processor.py:208} INFO - Processing /home/airflow/.local/lib/python3.12/site-packages/airflow/example_dags/example_branch_python_dop_operator_3.py took 0.239 seconds
[2024-11-25T06:34:04.345+0000] {processor.py:186} INFO - Started process (PID=8310) to work on /home/airflow/.local/lib/python3.12/site-packages/airflow/example_dags/example_branch_python_dop_operator_3.py
[2024-11-25T06:34:04.347+0000] {processor.py:914} INFO - Processing file /home/airflow/.local/lib/python3.12/site-packages/airflow/example_dags/example_branch_python_dop_operator_3.py for tasks to queue
[2024-11-25T06:34:04.351+0000] {logging_mixin.py:190} INFO - [2024-11-25T06:34:04.350+0000] {dagbag.py:588} INFO - Filling up the DagBag from /home/airflow/.local/lib/python3.12/site-packages/airflow/example_dags/example_branch_python_dop_operator_3.py
[2024-11-25T06:34:04.365+0000] {processor.py:925} INFO - DAG(s) 'example_branch_dop_operator_v3' retrieved from /home/airflow/.local/lib/python3.12/site-packages/airflow/example_dags/example_branch_python_dop_operator_3.py
[2024-11-25T06:34:04.406+0000] {logging_mixin.py:190} INFO - [2024-11-25T06:34:04.406+0000] {dag.py:3239} INFO - Sync 1 DAGs
[2024-11-25T06:34:04.456+0000] {logging_mixin.py:190} INFO - [2024-11-25T06:34:04.456+0000] {dag.py:4180} INFO - Setting next_dagrun for example_branch_dop_operator_v3 to 2024-11-25 06:33:00+00:00, run_after=2024-11-25 06:34:00+00:00
[2024-11-25T06:34:04.492+0000] {processor.py:208} INFO - Processing /home/airflow/.local/lib/python3.12/site-packages/airflow/example_dags/example_branch_python_dop_operator_3.py took 0.153 seconds
[2024-11-25T06:34:35.122+0000] {processor.py:186} INFO - Started process (PID=8586) to work on /home/airflow/.local/lib/python3.12/site-packages/airflow/example_dags/example_branch_python_dop_operator_3.py
[2024-11-25T06:34:35.124+0000] {processor.py:914} INFO - Processing file /home/airflow/.local/lib/python3.12/site-packages/airflow/example_dags/example_branch_python_dop_operator_3.py for tasks to queue
[2024-11-25T06:34:35.128+0000] {logging_mixin.py:190} INFO - [2024-11-25T06:34:35.127+0000] {dagbag.py:588} INFO - Filling up the DagBag from /home/airflow/.local/lib/python3.12/site-packages/airflow/example_dags/example_branch_python_dop_operator_3.py
[2024-11-25T06:34:35.143+0000] {processor.py:925} INFO - DAG(s) 'example_branch_dop_operator_v3' retrieved from /home/airflow/.local/lib/python3.12/site-packages/airflow/example_dags/example_branch_python_dop_operator_3.py
[2024-11-25T06:34:35.171+0000] {logging_mixin.py:190} INFO - [2024-11-25T06:34:35.170+0000] {dag.py:3239} INFO - Sync 1 DAGs
[2024-11-25T06:34:35.219+0000] {logging_mixin.py:190} INFO - [2024-11-25T06:34:35.218+0000] {dag.py:4180} INFO - Setting next_dagrun for example_branch_dop_operator_v3 to 2024-11-25 06:33:00+00:00, run_after=2024-11-25 06:34:00+00:00
[2024-11-25T06:34:35.254+0000] {processor.py:208} INFO - Processing /home/airflow/.local/lib/python3.12/site-packages/airflow/example_dags/example_branch_python_dop_operator_3.py took 0.141 seconds
[2024-11-25T06:35:05.624+0000] {processor.py:186} INFO - Started process (PID=8879) to work on /home/airflow/.local/lib/python3.12/site-packages/airflow/example_dags/example_branch_python_dop_operator_3.py
[2024-11-25T06:35:05.625+0000] {processor.py:914} INFO - Processing file /home/airflow/.local/lib/python3.12/site-packages/airflow/example_dags/example_branch_python_dop_operator_3.py for tasks to queue
[2024-11-25T06:35:05.628+0000] {logging_mixin.py:190} INFO - [2024-11-25T06:35:05.628+0000] {dagbag.py:588} INFO - Filling up the DagBag from /home/airflow/.local/lib/python3.12/site-packages/airflow/example_dags/example_branch_python_dop_operator_3.py
[2024-11-25T06:35:05.641+0000] {processor.py:925} INFO - DAG(s) 'example_branch_dop_operator_v3' retrieved from /home/airflow/.local/lib/python3.12/site-packages/airflow/example_dags/example_branch_python_dop_operator_3.py
[2024-11-25T06:35:05.665+0000] {logging_mixin.py:190} INFO - [2024-11-25T06:35:05.664+0000] {dag.py:3239} INFO - Sync 1 DAGs
[2024-11-25T06:35:05.695+0000] {logging_mixin.py:190} INFO - [2024-11-25T06:35:05.695+0000] {dag.py:4180} INFO - Setting next_dagrun for example_branch_dop_operator_v3 to 2024-11-25 06:34:00+00:00, run_after=2024-11-25 06:35:00+00:00
[2024-11-25T06:35:05.721+0000] {processor.py:208} INFO - Processing /home/airflow/.local/lib/python3.12/site-packages/airflow/example_dags/example_branch_python_dop_operator_3.py took 0.104 seconds
[2024-11-25T06:35:36.310+0000] {processor.py:186} INFO - Started process (PID=9168) to work on /home/airflow/.local/lib/python3.12/site-packages/airflow/example_dags/example_branch_python_dop_operator_3.py
[2024-11-25T06:35:36.313+0000] {processor.py:914} INFO - Processing file /home/airflow/.local/lib/python3.12/site-packages/airflow/example_dags/example_branch_python_dop_operator_3.py for tasks to queue
[2024-11-25T06:35:36.319+0000] {logging_mixin.py:190} INFO - [2024-11-25T06:35:36.318+0000] {dagbag.py:588} INFO - Filling up the DagBag from /home/airflow/.local/lib/python3.12/site-packages/airflow/example_dags/example_branch_python_dop_operator_3.py
[2024-11-25T06:35:36.336+0000] {processor.py:925} INFO - DAG(s) 'example_branch_dop_operator_v3' retrieved from /home/airflow/.local/lib/python3.12/site-packages/airflow/example_dags/example_branch_python_dop_operator_3.py
[2024-11-25T06:35:36.367+0000] {logging_mixin.py:190} INFO - [2024-11-25T06:35:36.366+0000] {dag.py:3239} INFO - Sync 1 DAGs
[2024-11-25T06:35:36.436+0000] {logging_mixin.py:190} INFO - [2024-11-25T06:35:36.435+0000] {dag.py:4180} INFO - Setting next_dagrun for example_branch_dop_operator_v3 to 2024-11-25 06:34:00+00:00, run_after=2024-11-25 06:35:00+00:00
[2024-11-25T06:35:36.498+0000] {processor.py:208} INFO - Processing /home/airflow/.local/lib/python3.12/site-packages/airflow/example_dags/example_branch_python_dop_operator_3.py took 0.203 seconds
[2024-11-25T06:36:06.659+0000] {processor.py:186} INFO - Started process (PID=9459) to work on /home/airflow/.local/lib/python3.12/site-packages/airflow/example_dags/example_branch_python_dop_operator_3.py
[2024-11-25T06:36:06.661+0000] {processor.py:914} INFO - Processing file /home/airflow/.local/lib/python3.12/site-packages/airflow/example_dags/example_branch_python_dop_operator_3.py for tasks to queue
[2024-11-25T06:36:06.663+0000] {logging_mixin.py:190} INFO - [2024-11-25T06:36:06.663+0000] {dagbag.py:588} INFO - Filling up the DagBag from /home/airflow/.local/lib/python3.12/site-packages/airflow/example_dags/example_branch_python_dop_operator_3.py
[2024-11-25T06:36:06.676+0000] {processor.py:925} INFO - DAG(s) 'example_branch_dop_operator_v3' retrieved from /home/airflow/.local/lib/python3.12/site-packages/airflow/example_dags/example_branch_python_dop_operator_3.py
[2024-11-25T06:36:06.701+0000] {logging_mixin.py:190} INFO - [2024-11-25T06:36:06.700+0000] {dag.py:3239} INFO - Sync 1 DAGs
[2024-11-25T06:36:06.737+0000] {logging_mixin.py:190} INFO - [2024-11-25T06:36:06.737+0000] {dag.py:4180} INFO - Setting next_dagrun for example_branch_dop_operator_v3 to 2024-11-25 06:35:00+00:00, run_after=2024-11-25 06:36:00+00:00
[2024-11-25T06:36:06.768+0000] {processor.py:208} INFO - Processing /home/airflow/.local/lib/python3.12/site-packages/airflow/example_dags/example_branch_python_dop_operator_3.py took 0.115 seconds
[2024-11-25T06:36:37.220+0000] {processor.py:186} INFO - Started process (PID=9750) to work on /home/airflow/.local/lib/python3.12/site-packages/airflow/example_dags/example_branch_python_dop_operator_3.py
[2024-11-25T06:36:37.222+0000] {processor.py:914} INFO - Processing file /home/airflow/.local/lib/python3.12/site-packages/airflow/example_dags/example_branch_python_dop_operator_3.py for tasks to queue
[2024-11-25T06:36:37.225+0000] {logging_mixin.py:190} INFO - [2024-11-25T06:36:37.225+0000] {dagbag.py:588} INFO - Filling up the DagBag from /home/airflow/.local/lib/python3.12/site-packages/airflow/example_dags/example_branch_python_dop_operator_3.py
[2024-11-25T06:36:37.240+0000] {processor.py:925} INFO - DAG(s) 'example_branch_dop_operator_v3' retrieved from /home/airflow/.local/lib/python3.12/site-packages/airflow/example_dags/example_branch_python_dop_operator_3.py
[2024-11-25T06:36:37.267+0000] {logging_mixin.py:190} INFO - [2024-11-25T06:36:37.267+0000] {dag.py:3239} INFO - Sync 1 DAGs
[2024-11-25T06:36:37.309+0000] {logging_mixin.py:190} INFO - [2024-11-25T06:36:37.309+0000] {dag.py:4180} INFO - Setting next_dagrun for example_branch_dop_operator_v3 to 2024-11-25 06:35:00+00:00, run_after=2024-11-25 06:36:00+00:00
[2024-11-25T06:36:37.340+0000] {processor.py:208} INFO - Processing /home/airflow/.local/lib/python3.12/site-packages/airflow/example_dags/example_branch_python_dop_operator_3.py took 0.126 seconds
[2024-11-25T06:37:07.711+0000] {processor.py:186} INFO - Started process (PID=10041) to work on /home/airflow/.local/lib/python3.12/site-packages/airflow/example_dags/example_branch_python_dop_operator_3.py
[2024-11-25T06:37:07.712+0000] {processor.py:914} INFO - Processing file /home/airflow/.local/lib/python3.12/site-packages/airflow/example_dags/example_branch_python_dop_operator_3.py for tasks to queue
[2024-11-25T06:37:07.717+0000] {logging_mixin.py:190} INFO - [2024-11-25T06:37:07.716+0000] {dagbag.py:588} INFO - Filling up the DagBag from /home/airflow/.local/lib/python3.12/site-packages/airflow/example_dags/example_branch_python_dop_operator_3.py
[2024-11-25T06:37:07.729+0000] {processor.py:925} INFO - DAG(s) 'example_branch_dop_operator_v3' retrieved from /home/airflow/.local/lib/python3.12/site-packages/airflow/example_dags/example_branch_python_dop_operator_3.py
[2024-11-25T06:37:07.752+0000] {logging_mixin.py:190} INFO - [2024-11-25T06:37:07.751+0000] {dag.py:3239} INFO - Sync 1 DAGs
[2024-11-25T06:37:07.787+0000] {logging_mixin.py:190} INFO - [2024-11-25T06:37:07.787+0000] {dag.py:4180} INFO - Setting next_dagrun for example_branch_dop_operator_v3 to 2024-11-25 06:36:00+00:00, run_after=2024-11-25 06:37:00+00:00
[2024-11-25T06:37:07.816+0000] {processor.py:208} INFO - Processing /home/airflow/.local/lib/python3.12/site-packages/airflow/example_dags/example_branch_python_dop_operator_3.py took 0.112 seconds
[2024-11-25T06:37:38.371+0000] {processor.py:186} INFO - Started process (PID=10327) to work on /home/airflow/.local/lib/python3.12/site-packages/airflow/example_dags/example_branch_python_dop_operator_3.py
[2024-11-25T06:37:38.372+0000] {processor.py:914} INFO - Processing file /home/airflow/.local/lib/python3.12/site-packages/airflow/example_dags/example_branch_python_dop_operator_3.py for tasks to queue
[2024-11-25T06:37:38.375+0000] {logging_mixin.py:190} INFO - [2024-11-25T06:37:38.375+0000] {dagbag.py:588} INFO - Filling up the DagBag from /home/airflow/.local/lib/python3.12/site-packages/airflow/example_dags/example_branch_python_dop_operator_3.py
[2024-11-25T06:37:38.387+0000] {processor.py:925} INFO - DAG(s) 'example_branch_dop_operator_v3' retrieved from /home/airflow/.local/lib/python3.12/site-packages/airflow/example_dags/example_branch_python_dop_operator_3.py
[2024-11-25T06:37:38.411+0000] {logging_mixin.py:190} INFO - [2024-11-25T06:37:38.411+0000] {dag.py:3239} INFO - Sync 1 DAGs
[2024-11-25T06:37:38.460+0000] {logging_mixin.py:190} INFO - [2024-11-25T06:37:38.459+0000] {dag.py:4180} INFO - Setting next_dagrun for example_branch_dop_operator_v3 to 2024-11-25 06:36:00+00:00, run_after=2024-11-25 06:37:00+00:00
[2024-11-25T06:37:38.492+0000] {processor.py:208} INFO - Processing /home/airflow/.local/lib/python3.12/site-packages/airflow/example_dags/example_branch_python_dop_operator_3.py took 0.127 seconds
[2024-11-25T06:38:09.267+0000] {processor.py:186} INFO - Started process (PID=10593) to work on /home/airflow/.local/lib/python3.12/site-packages/airflow/example_dags/example_branch_python_dop_operator_3.py
[2024-11-25T06:38:09.269+0000] {processor.py:914} INFO - Processing file /home/airflow/.local/lib/python3.12/site-packages/airflow/example_dags/example_branch_python_dop_operator_3.py for tasks to queue
[2024-11-25T06:38:09.274+0000] {logging_mixin.py:190} INFO - [2024-11-25T06:38:09.273+0000] {dagbag.py:588} INFO - Filling up the DagBag from /home/airflow/.local/lib/python3.12/site-packages/airflow/example_dags/example_branch_python_dop_operator_3.py
[2024-11-25T06:38:09.290+0000] {processor.py:925} INFO - DAG(s) 'example_branch_dop_operator_v3' retrieved from /home/airflow/.local/lib/python3.12/site-packages/airflow/example_dags/example_branch_python_dop_operator_3.py
[2024-11-25T06:38:09.329+0000] {logging_mixin.py:190} INFO - [2024-11-25T06:38:09.329+0000] {dag.py:3239} INFO - Sync 1 DAGs
[2024-11-25T06:38:09.383+0000] {logging_mixin.py:190} INFO - [2024-11-25T06:38:09.382+0000] {dag.py:4180} INFO - Setting next_dagrun for example_branch_dop_operator_v3 to 2024-11-25 06:37:00+00:00, run_after=2024-11-25 06:38:00+00:00
[2024-11-25T06:38:09.432+0000] {processor.py:208} INFO - Processing /home/airflow/.local/lib/python3.12/site-packages/airflow/example_dags/example_branch_python_dop_operator_3.py took 0.180 seconds
[2024-11-25T06:38:39.540+0000] {processor.py:186} INFO - Started process (PID=10886) to work on /home/airflow/.local/lib/python3.12/site-packages/airflow/example_dags/example_branch_python_dop_operator_3.py
[2024-11-25T06:38:39.541+0000] {processor.py:914} INFO - Processing file /home/airflow/.local/lib/python3.12/site-packages/airflow/example_dags/example_branch_python_dop_operator_3.py for tasks to queue
[2024-11-25T06:38:39.544+0000] {logging_mixin.py:190} INFO - [2024-11-25T06:38:39.544+0000] {dagbag.py:588} INFO - Filling up the DagBag from /home/airflow/.local/lib/python3.12/site-packages/airflow/example_dags/example_branch_python_dop_operator_3.py
[2024-11-25T06:38:39.555+0000] {processor.py:925} INFO - DAG(s) 'example_branch_dop_operator_v3' retrieved from /home/airflow/.local/lib/python3.12/site-packages/airflow/example_dags/example_branch_python_dop_operator_3.py
[2024-11-25T06:38:39.577+0000] {logging_mixin.py:190} INFO - [2024-11-25T06:38:39.577+0000] {dag.py:3239} INFO - Sync 1 DAGs
[2024-11-25T06:38:39.611+0000] {logging_mixin.py:190} INFO - [2024-11-25T06:38:39.611+0000] {dag.py:4180} INFO - Setting next_dagrun for example_branch_dop_operator_v3 to 2024-11-25 06:37:00+00:00, run_after=2024-11-25 06:38:00+00:00
[2024-11-25T06:38:39.639+0000] {processor.py:208} INFO - Processing /home/airflow/.local/lib/python3.12/site-packages/airflow/example_dags/example_branch_python_dop_operator_3.py took 0.105 seconds
[2024-11-25T06:39:10.334+0000] {processor.py:186} INFO - Started process (PID=11175) to work on /home/airflow/.local/lib/python3.12/site-packages/airflow/example_dags/example_branch_python_dop_operator_3.py
[2024-11-25T06:39:10.336+0000] {processor.py:914} INFO - Processing file /home/airflow/.local/lib/python3.12/site-packages/airflow/example_dags/example_branch_python_dop_operator_3.py for tasks to queue
[2024-11-25T06:39:10.339+0000] {logging_mixin.py:190} INFO - [2024-11-25T06:39:10.338+0000] {dagbag.py:588} INFO - Filling up the DagBag from /home/airflow/.local/lib/python3.12/site-packages/airflow/example_dags/example_branch_python_dop_operator_3.py
[2024-11-25T06:39:10.355+0000] {processor.py:925} INFO - DAG(s) 'example_branch_dop_operator_v3' retrieved from /home/airflow/.local/lib/python3.12/site-packages/airflow/example_dags/example_branch_python_dop_operator_3.py
[2024-11-25T06:39:10.390+0000] {logging_mixin.py:190} INFO - [2024-11-25T06:39:10.389+0000] {dag.py:3239} INFO - Sync 1 DAGs
[2024-11-25T06:39:10.427+0000] {logging_mixin.py:190} INFO - [2024-11-25T06:39:10.427+0000] {dag.py:4180} INFO - Setting next_dagrun for example_branch_dop_operator_v3 to 2024-11-25 06:38:00+00:00, run_after=2024-11-25 06:39:00+00:00
[2024-11-25T06:39:10.471+0000] {processor.py:208} INFO - Processing /home/airflow/.local/lib/python3.12/site-packages/airflow/example_dags/example_branch_python_dop_operator_3.py took 0.146 seconds
[2024-11-25T06:39:41.266+0000] {processor.py:186} INFO - Started process (PID=11466) to work on /home/airflow/.local/lib/python3.12/site-packages/airflow/example_dags/example_branch_python_dop_operator_3.py
[2024-11-25T06:39:41.269+0000] {processor.py:914} INFO - Processing file /home/airflow/.local/lib/python3.12/site-packages/airflow/example_dags/example_branch_python_dop_operator_3.py for tasks to queue
[2024-11-25T06:39:41.273+0000] {logging_mixin.py:190} INFO - [2024-11-25T06:39:41.272+0000] {dagbag.py:588} INFO - Filling up the DagBag from /home/airflow/.local/lib/python3.12/site-packages/airflow/example_dags/example_branch_python_dop_operator_3.py
[2024-11-25T06:39:41.312+0000] {processor.py:925} INFO - DAG(s) 'example_branch_dop_operator_v3' retrieved from /home/airflow/.local/lib/python3.12/site-packages/airflow/example_dags/example_branch_python_dop_operator_3.py
[2024-11-25T06:39:41.361+0000] {logging_mixin.py:190} INFO - [2024-11-25T06:39:41.360+0000] {dag.py:3239} INFO - Sync 1 DAGs
[2024-11-25T06:39:41.512+0000] {logging_mixin.py:190} INFO - [2024-11-25T06:39:41.511+0000] {dag.py:4180} INFO - Setting next_dagrun for example_branch_dop_operator_v3 to 2024-11-25 06:38:00+00:00, run_after=2024-11-25 06:39:00+00:00
[2024-11-25T06:39:41.625+0000] {processor.py:208} INFO - Processing /home/airflow/.local/lib/python3.12/site-packages/airflow/example_dags/example_branch_python_dop_operator_3.py took 0.372 seconds
[2024-11-25T06:40:11.922+0000] {processor.py:186} INFO - Started process (PID=11757) to work on /home/airflow/.local/lib/python3.12/site-packages/airflow/example_dags/example_branch_python_dop_operator_3.py
[2024-11-25T06:40:11.924+0000] {processor.py:914} INFO - Processing file /home/airflow/.local/lib/python3.12/site-packages/airflow/example_dags/example_branch_python_dop_operator_3.py for tasks to queue
[2024-11-25T06:40:11.928+0000] {logging_mixin.py:190} INFO - [2024-11-25T06:40:11.927+0000] {dagbag.py:588} INFO - Filling up the DagBag from /home/airflow/.local/lib/python3.12/site-packages/airflow/example_dags/example_branch_python_dop_operator_3.py
[2024-11-25T06:40:11.944+0000] {processor.py:925} INFO - DAG(s) 'example_branch_dop_operator_v3' retrieved from /home/airflow/.local/lib/python3.12/site-packages/airflow/example_dags/example_branch_python_dop_operator_3.py
[2024-11-25T06:40:11.984+0000] {logging_mixin.py:190} INFO - [2024-11-25T06:40:11.983+0000] {dag.py:3239} INFO - Sync 1 DAGs
[2024-11-25T06:40:12.091+0000] {logging_mixin.py:190} INFO - [2024-11-25T06:40:12.081+0000] {dag.py:4180} INFO - Setting next_dagrun for example_branch_dop_operator_v3 to 2024-11-25 06:39:00+00:00, run_after=2024-11-25 06:40:00+00:00
[2024-11-25T06:40:12.178+0000] {processor.py:208} INFO - Processing /home/airflow/.local/lib/python3.12/site-packages/airflow/example_dags/example_branch_python_dop_operator_3.py took 0.265 seconds
[2024-11-25T06:40:42.597+0000] {processor.py:186} INFO - Started process (PID=12048) to work on /home/airflow/.local/lib/python3.12/site-packages/airflow/example_dags/example_branch_python_dop_operator_3.py
[2024-11-25T06:40:42.599+0000] {processor.py:914} INFO - Processing file /home/airflow/.local/lib/python3.12/site-packages/airflow/example_dags/example_branch_python_dop_operator_3.py for tasks to queue
[2024-11-25T06:40:42.603+0000] {logging_mixin.py:190} INFO - [2024-11-25T06:40:42.602+0000] {dagbag.py:588} INFO - Filling up the DagBag from /home/airflow/.local/lib/python3.12/site-packages/airflow/example_dags/example_branch_python_dop_operator_3.py
[2024-11-25T06:40:42.617+0000] {processor.py:925} INFO - DAG(s) 'example_branch_dop_operator_v3' retrieved from /home/airflow/.local/lib/python3.12/site-packages/airflow/example_dags/example_branch_python_dop_operator_3.py
[2024-11-25T06:40:42.659+0000] {logging_mixin.py:190} INFO - [2024-11-25T06:40:42.658+0000] {dag.py:3239} INFO - Sync 1 DAGs
[2024-11-25T06:40:42.703+0000] {logging_mixin.py:190} INFO - [2024-11-25T06:40:42.703+0000] {dag.py:4180} INFO - Setting next_dagrun for example_branch_dop_operator_v3 to 2024-11-25 06:39:00+00:00, run_after=2024-11-25 06:40:00+00:00
[2024-11-25T06:40:42.737+0000] {processor.py:208} INFO - Processing /home/airflow/.local/lib/python3.12/site-packages/airflow/example_dags/example_branch_python_dop_operator_3.py took 0.148 seconds
[2024-11-25T06:41:13.386+0000] {processor.py:186} INFO - Started process (PID=12334) to work on /home/airflow/.local/lib/python3.12/site-packages/airflow/example_dags/example_branch_python_dop_operator_3.py
[2024-11-25T06:41:13.391+0000] {processor.py:914} INFO - Processing file /home/airflow/.local/lib/python3.12/site-packages/airflow/example_dags/example_branch_python_dop_operator_3.py for tasks to queue
[2024-11-25T06:41:13.397+0000] {logging_mixin.py:190} INFO - [2024-11-25T06:41:13.396+0000] {dagbag.py:588} INFO - Filling up the DagBag from /home/airflow/.local/lib/python3.12/site-packages/airflow/example_dags/example_branch_python_dop_operator_3.py
[2024-11-25T06:41:13.420+0000] {processor.py:925} INFO - DAG(s) 'example_branch_dop_operator_v3' retrieved from /home/airflow/.local/lib/python3.12/site-packages/airflow/example_dags/example_branch_python_dop_operator_3.py
[2024-11-25T06:41:13.463+0000] {logging_mixin.py:190} INFO - [2024-11-25T06:41:13.463+0000] {dag.py:3239} INFO - Sync 1 DAGs
[2024-11-25T06:41:13.527+0000] {logging_mixin.py:190} INFO - [2024-11-25T06:41:13.526+0000] {dag.py:4180} INFO - Setting next_dagrun for example_branch_dop_operator_v3 to 2024-11-25 06:40:00+00:00, run_after=2024-11-25 06:41:00+00:00
[2024-11-25T06:41:13.563+0000] {processor.py:208} INFO - Processing /home/airflow/.local/lib/python3.12/site-packages/airflow/example_dags/example_branch_python_dop_operator_3.py took 0.190 seconds
[2024-11-25T06:41:43.757+0000] {processor.py:186} INFO - Started process (PID=12625) to work on /home/airflow/.local/lib/python3.12/site-packages/airflow/example_dags/example_branch_python_dop_operator_3.py
[2024-11-25T06:41:43.759+0000] {processor.py:914} INFO - Processing file /home/airflow/.local/lib/python3.12/site-packages/airflow/example_dags/example_branch_python_dop_operator_3.py for tasks to queue
[2024-11-25T06:41:43.763+0000] {logging_mixin.py:190} INFO - [2024-11-25T06:41:43.763+0000] {dagbag.py:588} INFO - Filling up the DagBag from /home/airflow/.local/lib/python3.12/site-packages/airflow/example_dags/example_branch_python_dop_operator_3.py
[2024-11-25T06:41:43.782+0000] {processor.py:925} INFO - DAG(s) 'example_branch_dop_operator_v3' retrieved from /home/airflow/.local/lib/python3.12/site-packages/airflow/example_dags/example_branch_python_dop_operator_3.py
[2024-11-25T06:41:43.813+0000] {logging_mixin.py:190} INFO - [2024-11-25T06:41:43.812+0000] {dag.py:3239} INFO - Sync 1 DAGs
[2024-11-25T06:41:43.852+0000] {logging_mixin.py:190} INFO - [2024-11-25T06:41:43.852+0000] {dag.py:4180} INFO - Setting next_dagrun for example_branch_dop_operator_v3 to 2024-11-25 06:40:00+00:00, run_after=2024-11-25 06:41:00+00:00
[2024-11-25T06:41:43.882+0000] {processor.py:208} INFO - Processing /home/airflow/.local/lib/python3.12/site-packages/airflow/example_dags/example_branch_python_dop_operator_3.py took 0.135 seconds
[2024-11-25T06:42:15.579+0000] {processor.py:186} INFO - Started process (PID=12916) to work on /home/airflow/.local/lib/python3.12/site-packages/airflow/example_dags/example_branch_python_dop_operator_3.py
[2024-11-25T06:42:15.580+0000] {processor.py:914} INFO - Processing file /home/airflow/.local/lib/python3.12/site-packages/airflow/example_dags/example_branch_python_dop_operator_3.py for tasks to queue
[2024-11-25T06:42:15.584+0000] {logging_mixin.py:190} INFO - [2024-11-25T06:42:15.583+0000] {dagbag.py:588} INFO - Filling up the DagBag from /home/airflow/.local/lib/python3.12/site-packages/airflow/example_dags/example_branch_python_dop_operator_3.py
[2024-11-25T06:42:15.598+0000] {processor.py:925} INFO - DAG(s) 'example_branch_dop_operator_v3' retrieved from /home/airflow/.local/lib/python3.12/site-packages/airflow/example_dags/example_branch_python_dop_operator_3.py
[2024-11-25T06:42:15.631+0000] {logging_mixin.py:190} INFO - [2024-11-25T06:42:15.631+0000] {dag.py:3239} INFO - Sync 1 DAGs
[2024-11-25T06:42:15.673+0000] {logging_mixin.py:190} INFO - [2024-11-25T06:42:15.672+0000] {dag.py:4180} INFO - Setting next_dagrun for example_branch_dop_operator_v3 to 2024-11-25 06:41:00+00:00, run_after=2024-11-25 06:42:00+00:00
[2024-11-25T06:42:15.708+0000] {processor.py:208} INFO - Processing /home/airflow/.local/lib/python3.12/site-packages/airflow/example_dags/example_branch_python_dop_operator_3.py took 0.137 seconds
[2024-11-25T06:42:46.497+0000] {processor.py:186} INFO - Started process (PID=13202) to work on /home/airflow/.local/lib/python3.12/site-packages/airflow/example_dags/example_branch_python_dop_operator_3.py
[2024-11-25T06:42:46.499+0000] {processor.py:914} INFO - Processing file /home/airflow/.local/lib/python3.12/site-packages/airflow/example_dags/example_branch_python_dop_operator_3.py for tasks to queue
[2024-11-25T06:42:46.504+0000] {logging_mixin.py:190} INFO - [2024-11-25T06:42:46.503+0000] {dagbag.py:588} INFO - Filling up the DagBag from /home/airflow/.local/lib/python3.12/site-packages/airflow/example_dags/example_branch_python_dop_operator_3.py
[2024-11-25T06:42:46.528+0000] {processor.py:925} INFO - DAG(s) 'example_branch_dop_operator_v3' retrieved from /home/airflow/.local/lib/python3.12/site-packages/airflow/example_dags/example_branch_python_dop_operator_3.py
[2024-11-25T06:42:46.562+0000] {logging_mixin.py:190} INFO - [2024-11-25T06:42:46.561+0000] {dag.py:3239} INFO - Sync 1 DAGs
[2024-11-25T06:42:46.615+0000] {logging_mixin.py:190} INFO - [2024-11-25T06:42:46.614+0000] {dag.py:4180} INFO - Setting next_dagrun for example_branch_dop_operator_v3 to 2024-11-25 06:41:00+00:00, run_after=2024-11-25 06:42:00+00:00
[2024-11-25T06:42:46.666+0000] {processor.py:208} INFO - Processing /home/airflow/.local/lib/python3.12/site-packages/airflow/example_dags/example_branch_python_dop_operator_3.py took 0.180 seconds
[2024-11-25T06:43:16.775+0000] {processor.py:186} INFO - Started process (PID=13493) to work on /home/airflow/.local/lib/python3.12/site-packages/airflow/example_dags/example_branch_python_dop_operator_3.py
[2024-11-25T06:43:16.776+0000] {processor.py:914} INFO - Processing file /home/airflow/.local/lib/python3.12/site-packages/airflow/example_dags/example_branch_python_dop_operator_3.py for tasks to queue
[2024-11-25T06:43:16.780+0000] {logging_mixin.py:190} INFO - [2024-11-25T06:43:16.779+0000] {dagbag.py:588} INFO - Filling up the DagBag from /home/airflow/.local/lib/python3.12/site-packages/airflow/example_dags/example_branch_python_dop_operator_3.py
[2024-11-25T06:43:16.797+0000] {processor.py:925} INFO - DAG(s) 'example_branch_dop_operator_v3' retrieved from /home/airflow/.local/lib/python3.12/site-packages/airflow/example_dags/example_branch_python_dop_operator_3.py
[2024-11-25T06:43:16.833+0000] {logging_mixin.py:190} INFO - [2024-11-25T06:43:16.833+0000] {dag.py:3239} INFO - Sync 1 DAGs
[2024-11-25T06:43:16.889+0000] {logging_mixin.py:190} INFO - [2024-11-25T06:43:16.889+0000] {dag.py:4180} INFO - Setting next_dagrun for example_branch_dop_operator_v3 to 2024-11-25 06:42:00+00:00, run_after=2024-11-25 06:43:00+00:00
[2024-11-25T06:43:16.926+0000] {processor.py:208} INFO - Processing /home/airflow/.local/lib/python3.12/site-packages/airflow/example_dags/example_branch_python_dop_operator_3.py took 0.159 seconds
[2024-11-25T06:43:47.097+0000] {processor.py:186} INFO - Started process (PID=13781) to work on /home/airflow/.local/lib/python3.12/site-packages/airflow/example_dags/example_branch_python_dop_operator_3.py
[2024-11-25T06:43:47.098+0000] {processor.py:914} INFO - Processing file /home/airflow/.local/lib/python3.12/site-packages/airflow/example_dags/example_branch_python_dop_operator_3.py for tasks to queue
[2024-11-25T06:43:47.102+0000] {logging_mixin.py:190} INFO - [2024-11-25T06:43:47.101+0000] {dagbag.py:588} INFO - Filling up the DagBag from /home/airflow/.local/lib/python3.12/site-packages/airflow/example_dags/example_branch_python_dop_operator_3.py
[2024-11-25T06:43:47.113+0000] {processor.py:925} INFO - DAG(s) 'example_branch_dop_operator_v3' retrieved from /home/airflow/.local/lib/python3.12/site-packages/airflow/example_dags/example_branch_python_dop_operator_3.py
[2024-11-25T06:43:47.135+0000] {logging_mixin.py:190} INFO - [2024-11-25T06:43:47.135+0000] {dag.py:3239} INFO - Sync 1 DAGs
[2024-11-25T06:43:47.165+0000] {logging_mixin.py:190} INFO - [2024-11-25T06:43:47.165+0000] {dag.py:4180} INFO - Setting next_dagrun for example_branch_dop_operator_v3 to 2024-11-25 06:42:00+00:00, run_after=2024-11-25 06:43:00+00:00
[2024-11-25T06:43:47.190+0000] {processor.py:208} INFO - Processing /home/airflow/.local/lib/python3.12/site-packages/airflow/example_dags/example_branch_python_dop_operator_3.py took 0.099 seconds
