[2024-11-25T06:16:00.778+0000] {processor.py:186} INFO - Started process (PID=268) to work on /home/airflow/.local/lib/python3.12/site-packages/airflow/example_dags/example_external_task_marker_dag.py
[2024-11-25T06:16:00.780+0000] {processor.py:914} INFO - Processing file /home/airflow/.local/lib/python3.12/site-packages/airflow/example_dags/example_external_task_marker_dag.py for tasks to queue
[2024-11-25T06:16:00.784+0000] {logging_mixin.py:190} INFO - [2024-11-25T06:16:00.784+0000] {dagbag.py:588} INFO - Filling up the DagBag from /home/airflow/.local/lib/python3.12/site-packages/airflow/example_dags/example_external_task_marker_dag.py
[2024-11-25T06:16:00.803+0000] {processor.py:925} INFO - DAG(s) 'example_external_task_marker_child', 'example_external_task_marker_parent' retrieved from /home/airflow/.local/lib/python3.12/site-packages/airflow/example_dags/example_external_task_marker_dag.py
[2024-11-25T06:16:01.218+0000] {logging_mixin.py:190} INFO - [2024-11-25T06:16:01.216+0000] {override.py:1911} INFO - Created Permission View: can read on DAG:example_external_task_marker_child
[2024-11-25T06:16:01.268+0000] {logging_mixin.py:190} INFO - [2024-11-25T06:16:01.266+0000] {override.py:1911} INFO - Created Permission View: can delete on DAG:example_external_task_marker_child
[2024-11-25T06:16:01.315+0000] {logging_mixin.py:190} INFO - [2024-11-25T06:16:01.314+0000] {override.py:1911} INFO - Created Permission View: can edit on DAG:example_external_task_marker_child
[2024-11-25T06:16:01.356+0000] {logging_mixin.py:190} INFO - [2024-11-25T06:16:01.356+0000] {override.py:1911} INFO - Created Permission View: menu access on DAG Run:example_external_task_marker_child
[2024-11-25T06:16:01.391+0000] {logging_mixin.py:190} INFO - [2024-11-25T06:16:01.390+0000] {override.py:1911} INFO - Created Permission View: can read on DAG Run:example_external_task_marker_child
[2024-11-25T06:16:01.422+0000] {logging_mixin.py:190} INFO - [2024-11-25T06:16:01.421+0000] {override.py:1911} INFO - Created Permission View: can create on DAG Run:example_external_task_marker_child
[2024-11-25T06:16:01.451+0000] {logging_mixin.py:190} INFO - [2024-11-25T06:16:01.450+0000] {override.py:1911} INFO - Created Permission View: can delete on DAG Run:example_external_task_marker_child
[2024-11-25T06:16:01.495+0000] {logging_mixin.py:190} INFO - [2024-11-25T06:16:01.494+0000] {override.py:1911} INFO - Created Permission View: can read on DAG:example_external_task_marker_parent
[2024-11-25T06:16:01.517+0000] {logging_mixin.py:190} INFO - [2024-11-25T06:16:01.516+0000] {override.py:1911} INFO - Created Permission View: can delete on DAG:example_external_task_marker_parent
[2024-11-25T06:16:01.545+0000] {logging_mixin.py:190} INFO - [2024-11-25T06:16:01.544+0000] {override.py:1911} INFO - Created Permission View: can edit on DAG:example_external_task_marker_parent
[2024-11-25T06:16:01.575+0000] {logging_mixin.py:190} INFO - [2024-11-25T06:16:01.574+0000] {override.py:1911} INFO - Created Permission View: menu access on DAG Run:example_external_task_marker_parent
[2024-11-25T06:16:01.606+0000] {logging_mixin.py:190} INFO - [2024-11-25T06:16:01.605+0000] {override.py:1911} INFO - Created Permission View: can read on DAG Run:example_external_task_marker_parent
[2024-11-25T06:16:01.644+0000] {logging_mixin.py:190} INFO - [2024-11-25T06:16:01.642+0000] {override.py:1911} INFO - Created Permission View: can create on DAG Run:example_external_task_marker_parent
[2024-11-25T06:16:01.740+0000] {logging_mixin.py:190} INFO - [2024-11-25T06:16:01.739+0000] {override.py:1911} INFO - Created Permission View: can delete on DAG Run:example_external_task_marker_parent
[2024-11-25T06:16:01.742+0000] {logging_mixin.py:190} INFO - [2024-11-25T06:16:01.741+0000] {dag.py:3239} INFO - Sync 2 DAGs
[2024-11-25T06:16:01.771+0000] {logging_mixin.py:190} INFO - [2024-11-25T06:16:01.770+0000] {dag.py:3262} INFO - Creating ORM DAG for example_external_task_marker_parent
[2024-11-25T06:16:01.773+0000] {logging_mixin.py:190} INFO - [2024-11-25T06:16:01.773+0000] {dag.py:3262} INFO - Creating ORM DAG for example_external_task_marker_child
[2024-11-25T06:16:01.776+0000] {logging_mixin.py:190} INFO - [2024-11-25T06:16:01.776+0000] {dag.py:4180} INFO - Setting next_dagrun for example_external_task_marker_child to None, run_after=None
[2024-11-25T06:16:01.778+0000] {logging_mixin.py:190} INFO - [2024-11-25T06:16:01.778+0000] {dag.py:4180} INFO - Setting next_dagrun for example_external_task_marker_parent to None, run_after=None
[2024-11-25T06:16:01.818+0000] {processor.py:208} INFO - Processing /home/airflow/.local/lib/python3.12/site-packages/airflow/example_dags/example_external_task_marker_dag.py took 1.049 seconds
[2024-11-25T06:16:32.088+0000] {processor.py:186} INFO - Started process (PID=559) to work on /home/airflow/.local/lib/python3.12/site-packages/airflow/example_dags/example_external_task_marker_dag.py
[2024-11-25T06:16:32.090+0000] {processor.py:914} INFO - Processing file /home/airflow/.local/lib/python3.12/site-packages/airflow/example_dags/example_external_task_marker_dag.py for tasks to queue
[2024-11-25T06:16:32.095+0000] {logging_mixin.py:190} INFO - [2024-11-25T06:16:32.094+0000] {dagbag.py:588} INFO - Filling up the DagBag from /home/airflow/.local/lib/python3.12/site-packages/airflow/example_dags/example_external_task_marker_dag.py
[2024-11-25T06:16:32.112+0000] {processor.py:925} INFO - DAG(s) 'example_external_task_marker_child', 'example_external_task_marker_parent' retrieved from /home/airflow/.local/lib/python3.12/site-packages/airflow/example_dags/example_external_task_marker_dag.py
[2024-11-25T06:16:32.155+0000] {logging_mixin.py:190} INFO - [2024-11-25T06:16:32.154+0000] {dag.py:3239} INFO - Sync 2 DAGs
[2024-11-25T06:16:32.185+0000] {logging_mixin.py:190} INFO - [2024-11-25T06:16:32.185+0000] {dag.py:4180} INFO - Setting next_dagrun for example_external_task_marker_child to None, run_after=None
[2024-11-25T06:16:32.198+0000] {logging_mixin.py:190} INFO - [2024-11-25T06:16:32.197+0000] {dag.py:4180} INFO - Setting next_dagrun for example_external_task_marker_parent to None, run_after=None
[2024-11-25T06:16:32.233+0000] {processor.py:208} INFO - Processing /home/airflow/.local/lib/python3.12/site-packages/airflow/example_dags/example_external_task_marker_dag.py took 0.154 seconds
[2024-11-25T06:17:02.300+0000] {processor.py:186} INFO - Started process (PID=847) to work on /home/airflow/.local/lib/python3.12/site-packages/airflow/example_dags/example_external_task_marker_dag.py
[2024-11-25T06:17:02.302+0000] {processor.py:914} INFO - Processing file /home/airflow/.local/lib/python3.12/site-packages/airflow/example_dags/example_external_task_marker_dag.py for tasks to queue
[2024-11-25T06:17:02.306+0000] {logging_mixin.py:190} INFO - [2024-11-25T06:17:02.305+0000] {dagbag.py:588} INFO - Filling up the DagBag from /home/airflow/.local/lib/python3.12/site-packages/airflow/example_dags/example_external_task_marker_dag.py
[2024-11-25T06:17:02.324+0000] {processor.py:925} INFO - DAG(s) 'example_external_task_marker_parent', 'example_external_task_marker_child' retrieved from /home/airflow/.local/lib/python3.12/site-packages/airflow/example_dags/example_external_task_marker_dag.py
[2024-11-25T06:17:02.366+0000] {logging_mixin.py:190} INFO - [2024-11-25T06:17:02.366+0000] {dag.py:3239} INFO - Sync 2 DAGs
[2024-11-25T06:17:02.396+0000] {logging_mixin.py:190} INFO - [2024-11-25T06:17:02.395+0000] {dag.py:4180} INFO - Setting next_dagrun for example_external_task_marker_child to None, run_after=None
[2024-11-25T06:17:02.404+0000] {logging_mixin.py:190} INFO - [2024-11-25T06:17:02.404+0000] {dag.py:4180} INFO - Setting next_dagrun for example_external_task_marker_parent to None, run_after=None
[2024-11-25T06:17:02.436+0000] {processor.py:208} INFO - Processing /home/airflow/.local/lib/python3.12/site-packages/airflow/example_dags/example_external_task_marker_dag.py took 0.143 seconds
[2024-11-25T06:19:45.521+0000] {processor.py:186} INFO - Started process (PID=290) to work on /home/airflow/.local/lib/python3.12/site-packages/airflow/example_dags/example_external_task_marker_dag.py
[2024-11-25T06:19:45.522+0000] {processor.py:914} INFO - Processing file /home/airflow/.local/lib/python3.12/site-packages/airflow/example_dags/example_external_task_marker_dag.py for tasks to queue
[2024-11-25T06:19:45.526+0000] {logging_mixin.py:190} INFO - [2024-11-25T06:19:45.525+0000] {dagbag.py:588} INFO - Filling up the DagBag from /home/airflow/.local/lib/python3.12/site-packages/airflow/example_dags/example_external_task_marker_dag.py
[2024-11-25T06:19:45.536+0000] {processor.py:925} INFO - DAG(s) 'example_external_task_marker_parent', 'example_external_task_marker_child' retrieved from /home/airflow/.local/lib/python3.12/site-packages/airflow/example_dags/example_external_task_marker_dag.py
[2024-11-25T06:19:45.569+0000] {logging_mixin.py:190} INFO - [2024-11-25T06:19:45.568+0000] {dag.py:3239} INFO - Sync 2 DAGs
[2024-11-25T06:19:45.598+0000] {logging_mixin.py:190} INFO - [2024-11-25T06:19:45.598+0000] {dag.py:4180} INFO - Setting next_dagrun for example_external_task_marker_child to None, run_after=None
[2024-11-25T06:19:45.605+0000] {logging_mixin.py:190} INFO - [2024-11-25T06:19:45.604+0000] {dag.py:4180} INFO - Setting next_dagrun for example_external_task_marker_parent to None, run_after=None
[2024-11-25T06:19:45.635+0000] {processor.py:208} INFO - Processing /home/airflow/.local/lib/python3.12/site-packages/airflow/example_dags/example_external_task_marker_dag.py took 0.121 seconds
[2024-11-25T06:20:15.738+0000] {processor.py:186} INFO - Started process (PID=576) to work on /home/airflow/.local/lib/python3.12/site-packages/airflow/example_dags/example_external_task_marker_dag.py
[2024-11-25T06:20:15.740+0000] {processor.py:914} INFO - Processing file /home/airflow/.local/lib/python3.12/site-packages/airflow/example_dags/example_external_task_marker_dag.py for tasks to queue
[2024-11-25T06:20:15.743+0000] {logging_mixin.py:190} INFO - [2024-11-25T06:20:15.742+0000] {dagbag.py:588} INFO - Filling up the DagBag from /home/airflow/.local/lib/python3.12/site-packages/airflow/example_dags/example_external_task_marker_dag.py
[2024-11-25T06:20:15.755+0000] {processor.py:925} INFO - DAG(s) 'example_external_task_marker_parent', 'example_external_task_marker_child' retrieved from /home/airflow/.local/lib/python3.12/site-packages/airflow/example_dags/example_external_task_marker_dag.py
[2024-11-25T06:20:15.790+0000] {logging_mixin.py:190} INFO - [2024-11-25T06:20:15.790+0000] {dag.py:3239} INFO - Sync 2 DAGs
[2024-11-25T06:20:15.815+0000] {logging_mixin.py:190} INFO - [2024-11-25T06:20:15.814+0000] {dag.py:4180} INFO - Setting next_dagrun for example_external_task_marker_child to None, run_after=None
[2024-11-25T06:20:15.822+0000] {logging_mixin.py:190} INFO - [2024-11-25T06:20:15.821+0000] {dag.py:4180} INFO - Setting next_dagrun for example_external_task_marker_parent to None, run_after=None
[2024-11-25T06:20:15.858+0000] {processor.py:208} INFO - Processing /home/airflow/.local/lib/python3.12/site-packages/airflow/example_dags/example_external_task_marker_dag.py took 0.129 seconds
[2024-11-25T06:20:47.232+0000] {processor.py:186} INFO - Started process (PID=869) to work on /home/airflow/.local/lib/python3.12/site-packages/airflow/example_dags/example_external_task_marker_dag.py
[2024-11-25T06:20:47.233+0000] {processor.py:914} INFO - Processing file /home/airflow/.local/lib/python3.12/site-packages/airflow/example_dags/example_external_task_marker_dag.py for tasks to queue
[2024-11-25T06:20:47.237+0000] {logging_mixin.py:190} INFO - [2024-11-25T06:20:47.237+0000] {dagbag.py:588} INFO - Filling up the DagBag from /home/airflow/.local/lib/python3.12/site-packages/airflow/example_dags/example_external_task_marker_dag.py
[2024-11-25T06:20:47.247+0000] {processor.py:925} INFO - DAG(s) 'example_external_task_marker_child', 'example_external_task_marker_parent' retrieved from /home/airflow/.local/lib/python3.12/site-packages/airflow/example_dags/example_external_task_marker_dag.py
[2024-11-25T06:20:47.281+0000] {logging_mixin.py:190} INFO - [2024-11-25T06:20:47.280+0000] {dag.py:3239} INFO - Sync 2 DAGs
[2024-11-25T06:20:47.305+0000] {logging_mixin.py:190} INFO - [2024-11-25T06:20:47.304+0000] {dag.py:4180} INFO - Setting next_dagrun for example_external_task_marker_child to None, run_after=None
[2024-11-25T06:20:47.312+0000] {logging_mixin.py:190} INFO - [2024-11-25T06:20:47.312+0000] {dag.py:4180} INFO - Setting next_dagrun for example_external_task_marker_parent to None, run_after=None
[2024-11-25T06:20:47.359+0000] {processor.py:208} INFO - Processing /home/airflow/.local/lib/python3.12/site-packages/airflow/example_dags/example_external_task_marker_dag.py took 0.134 seconds
[2024-11-25T06:21:17.484+0000] {processor.py:186} INFO - Started process (PID=1158) to work on /home/airflow/.local/lib/python3.12/site-packages/airflow/example_dags/example_external_task_marker_dag.py
[2024-11-25T06:21:17.486+0000] {processor.py:914} INFO - Processing file /home/airflow/.local/lib/python3.12/site-packages/airflow/example_dags/example_external_task_marker_dag.py for tasks to queue
[2024-11-25T06:21:17.490+0000] {logging_mixin.py:190} INFO - [2024-11-25T06:21:17.490+0000] {dagbag.py:588} INFO - Filling up the DagBag from /home/airflow/.local/lib/python3.12/site-packages/airflow/example_dags/example_external_task_marker_dag.py
[2024-11-25T06:21:17.503+0000] {processor.py:925} INFO - DAG(s) 'example_external_task_marker_parent', 'example_external_task_marker_child' retrieved from /home/airflow/.local/lib/python3.12/site-packages/airflow/example_dags/example_external_task_marker_dag.py
[2024-11-25T06:21:17.543+0000] {logging_mixin.py:190} INFO - [2024-11-25T06:21:17.542+0000] {dag.py:3239} INFO - Sync 2 DAGs
[2024-11-25T06:21:17.569+0000] {logging_mixin.py:190} INFO - [2024-11-25T06:21:17.569+0000] {dag.py:4180} INFO - Setting next_dagrun for example_external_task_marker_child to None, run_after=None
[2024-11-25T06:21:17.576+0000] {logging_mixin.py:190} INFO - [2024-11-25T06:21:17.576+0000] {dag.py:4180} INFO - Setting next_dagrun for example_external_task_marker_parent to None, run_after=None
[2024-11-25T06:21:17.611+0000] {processor.py:208} INFO - Processing /home/airflow/.local/lib/python3.12/site-packages/airflow/example_dags/example_external_task_marker_dag.py took 0.135 seconds
[2024-11-25T06:21:48.499+0000] {processor.py:186} INFO - Started process (PID=1457) to work on /home/airflow/.local/lib/python3.12/site-packages/airflow/example_dags/example_external_task_marker_dag.py
[2024-11-25T06:21:48.500+0000] {processor.py:914} INFO - Processing file /home/airflow/.local/lib/python3.12/site-packages/airflow/example_dags/example_external_task_marker_dag.py for tasks to queue
[2024-11-25T06:21:48.505+0000] {logging_mixin.py:190} INFO - [2024-11-25T06:21:48.504+0000] {dagbag.py:588} INFO - Filling up the DagBag from /home/airflow/.local/lib/python3.12/site-packages/airflow/example_dags/example_external_task_marker_dag.py
[2024-11-25T06:21:48.529+0000] {processor.py:925} INFO - DAG(s) 'example_external_task_marker_parent', 'example_external_task_marker_child' retrieved from /home/airflow/.local/lib/python3.12/site-packages/airflow/example_dags/example_external_task_marker_dag.py
[2024-11-25T06:21:48.569+0000] {logging_mixin.py:190} INFO - [2024-11-25T06:21:48.568+0000] {dag.py:3239} INFO - Sync 2 DAGs
[2024-11-25T06:21:48.596+0000] {logging_mixin.py:190} INFO - [2024-11-25T06:21:48.595+0000] {dag.py:4180} INFO - Setting next_dagrun for example_external_task_marker_child to None, run_after=None
[2024-11-25T06:21:48.604+0000] {logging_mixin.py:190} INFO - [2024-11-25T06:21:48.604+0000] {dag.py:4180} INFO - Setting next_dagrun for example_external_task_marker_parent to None, run_after=None
[2024-11-25T06:21:48.645+0000] {processor.py:208} INFO - Processing /home/airflow/.local/lib/python3.12/site-packages/airflow/example_dags/example_external_task_marker_dag.py took 0.156 seconds
[2024-11-25T06:22:18.940+0000] {processor.py:186} INFO - Started process (PID=1748) to work on /home/airflow/.local/lib/python3.12/site-packages/airflow/example_dags/example_external_task_marker_dag.py
[2024-11-25T06:22:18.942+0000] {processor.py:914} INFO - Processing file /home/airflow/.local/lib/python3.12/site-packages/airflow/example_dags/example_external_task_marker_dag.py for tasks to queue
[2024-11-25T06:22:18.945+0000] {logging_mixin.py:190} INFO - [2024-11-25T06:22:18.944+0000] {dagbag.py:588} INFO - Filling up the DagBag from /home/airflow/.local/lib/python3.12/site-packages/airflow/example_dags/example_external_task_marker_dag.py
[2024-11-25T06:22:18.954+0000] {processor.py:925} INFO - DAG(s) 'example_external_task_marker_child', 'example_external_task_marker_parent' retrieved from /home/airflow/.local/lib/python3.12/site-packages/airflow/example_dags/example_external_task_marker_dag.py
[2024-11-25T06:22:18.982+0000] {logging_mixin.py:190} INFO - [2024-11-25T06:22:18.982+0000] {dag.py:3239} INFO - Sync 2 DAGs
[2024-11-25T06:22:19.007+0000] {logging_mixin.py:190} INFO - [2024-11-25T06:22:19.007+0000] {dag.py:4180} INFO - Setting next_dagrun for example_external_task_marker_child to None, run_after=None
[2024-11-25T06:22:19.012+0000] {logging_mixin.py:190} INFO - [2024-11-25T06:22:19.012+0000] {dag.py:4180} INFO - Setting next_dagrun for example_external_task_marker_parent to None, run_after=None
[2024-11-25T06:22:19.036+0000] {processor.py:208} INFO - Processing /home/airflow/.local/lib/python3.12/site-packages/airflow/example_dags/example_external_task_marker_dag.py took 0.103 seconds
[2024-11-25T06:22:49.918+0000] {processor.py:186} INFO - Started process (PID=2040) to work on /home/airflow/.local/lib/python3.12/site-packages/airflow/example_dags/example_external_task_marker_dag.py
[2024-11-25T06:22:49.920+0000] {processor.py:914} INFO - Processing file /home/airflow/.local/lib/python3.12/site-packages/airflow/example_dags/example_external_task_marker_dag.py for tasks to queue
[2024-11-25T06:22:49.923+0000] {logging_mixin.py:190} INFO - [2024-11-25T06:22:49.922+0000] {dagbag.py:588} INFO - Filling up the DagBag from /home/airflow/.local/lib/python3.12/site-packages/airflow/example_dags/example_external_task_marker_dag.py
[2024-11-25T06:22:49.938+0000] {processor.py:925} INFO - DAG(s) 'example_external_task_marker_child', 'example_external_task_marker_parent' retrieved from /home/airflow/.local/lib/python3.12/site-packages/airflow/example_dags/example_external_task_marker_dag.py
[2024-11-25T06:22:49.981+0000] {logging_mixin.py:190} INFO - [2024-11-25T06:22:49.981+0000] {dag.py:3239} INFO - Sync 2 DAGs
[2024-11-25T06:22:50.001+0000] {logging_mixin.py:190} INFO - [2024-11-25T06:22:50.001+0000] {dag.py:4180} INFO - Setting next_dagrun for example_external_task_marker_child to None, run_after=None
[2024-11-25T06:22:50.006+0000] {logging_mixin.py:190} INFO - [2024-11-25T06:22:50.005+0000] {dag.py:4180} INFO - Setting next_dagrun for example_external_task_marker_parent to None, run_after=None
[2024-11-25T06:22:50.031+0000] {processor.py:208} INFO - Processing /home/airflow/.local/lib/python3.12/site-packages/airflow/example_dags/example_external_task_marker_dag.py took 0.119 seconds
[2024-11-25T06:23:20.590+0000] {processor.py:186} INFO - Started process (PID=2331) to work on /home/airflow/.local/lib/python3.12/site-packages/airflow/example_dags/example_external_task_marker_dag.py
[2024-11-25T06:23:20.592+0000] {processor.py:914} INFO - Processing file /home/airflow/.local/lib/python3.12/site-packages/airflow/example_dags/example_external_task_marker_dag.py for tasks to queue
[2024-11-25T06:23:20.595+0000] {logging_mixin.py:190} INFO - [2024-11-25T06:23:20.595+0000] {dagbag.py:588} INFO - Filling up the DagBag from /home/airflow/.local/lib/python3.12/site-packages/airflow/example_dags/example_external_task_marker_dag.py
[2024-11-25T06:23:20.613+0000] {processor.py:925} INFO - DAG(s) 'example_external_task_marker_child', 'example_external_task_marker_parent' retrieved from /home/airflow/.local/lib/python3.12/site-packages/airflow/example_dags/example_external_task_marker_dag.py
[2024-11-25T06:23:20.649+0000] {logging_mixin.py:190} INFO - [2024-11-25T06:23:20.649+0000] {dag.py:3239} INFO - Sync 2 DAGs
[2024-11-25T06:23:20.677+0000] {logging_mixin.py:190} INFO - [2024-11-25T06:23:20.677+0000] {dag.py:4180} INFO - Setting next_dagrun for example_external_task_marker_child to None, run_after=None
[2024-11-25T06:23:20.684+0000] {logging_mixin.py:190} INFO - [2024-11-25T06:23:20.684+0000] {dag.py:4180} INFO - Setting next_dagrun for example_external_task_marker_parent to None, run_after=None
[2024-11-25T06:23:20.713+0000] {processor.py:208} INFO - Processing /home/airflow/.local/lib/python3.12/site-packages/airflow/example_dags/example_external_task_marker_dag.py took 0.131 seconds
[2024-11-25T06:23:51.121+0000] {processor.py:186} INFO - Started process (PID=2622) to work on /home/airflow/.local/lib/python3.12/site-packages/airflow/example_dags/example_external_task_marker_dag.py
[2024-11-25T06:23:51.123+0000] {processor.py:914} INFO - Processing file /home/airflow/.local/lib/python3.12/site-packages/airflow/example_dags/example_external_task_marker_dag.py for tasks to queue
[2024-11-25T06:23:51.126+0000] {logging_mixin.py:190} INFO - [2024-11-25T06:23:51.125+0000] {dagbag.py:588} INFO - Filling up the DagBag from /home/airflow/.local/lib/python3.12/site-packages/airflow/example_dags/example_external_task_marker_dag.py
[2024-11-25T06:23:51.139+0000] {processor.py:925} INFO - DAG(s) 'example_external_task_marker_child', 'example_external_task_marker_parent' retrieved from /home/airflow/.local/lib/python3.12/site-packages/airflow/example_dags/example_external_task_marker_dag.py
[2024-11-25T06:23:51.183+0000] {logging_mixin.py:190} INFO - [2024-11-25T06:23:51.182+0000] {dag.py:3239} INFO - Sync 2 DAGs
[2024-11-25T06:23:51.230+0000] {logging_mixin.py:190} INFO - [2024-11-25T06:23:51.229+0000] {dag.py:4180} INFO - Setting next_dagrun for example_external_task_marker_child to None, run_after=None
[2024-11-25T06:23:51.238+0000] {logging_mixin.py:190} INFO - [2024-11-25T06:23:51.238+0000] {dag.py:4180} INFO - Setting next_dagrun for example_external_task_marker_parent to None, run_after=None
[2024-11-25T06:23:51.273+0000] {processor.py:208} INFO - Processing /home/airflow/.local/lib/python3.12/site-packages/airflow/example_dags/example_external_task_marker_dag.py took 0.159 seconds
[2024-11-25T06:24:22.033+0000] {processor.py:186} INFO - Started process (PID=2912) to work on /home/airflow/.local/lib/python3.12/site-packages/airflow/example_dags/example_external_task_marker_dag.py
[2024-11-25T06:24:22.035+0000] {processor.py:914} INFO - Processing file /home/airflow/.local/lib/python3.12/site-packages/airflow/example_dags/example_external_task_marker_dag.py for tasks to queue
[2024-11-25T06:24:22.037+0000] {logging_mixin.py:190} INFO - [2024-11-25T06:24:22.037+0000] {dagbag.py:588} INFO - Filling up the DagBag from /home/airflow/.local/lib/python3.12/site-packages/airflow/example_dags/example_external_task_marker_dag.py
[2024-11-25T06:24:22.046+0000] {processor.py:925} INFO - DAG(s) 'example_external_task_marker_parent', 'example_external_task_marker_child' retrieved from /home/airflow/.local/lib/python3.12/site-packages/airflow/example_dags/example_external_task_marker_dag.py
[2024-11-25T06:24:22.074+0000] {logging_mixin.py:190} INFO - [2024-11-25T06:24:22.074+0000] {dag.py:3239} INFO - Sync 2 DAGs
[2024-11-25T06:24:22.093+0000] {logging_mixin.py:190} INFO - [2024-11-25T06:24:22.092+0000] {dag.py:4180} INFO - Setting next_dagrun for example_external_task_marker_child to None, run_after=None
[2024-11-25T06:24:22.098+0000] {logging_mixin.py:190} INFO - [2024-11-25T06:24:22.097+0000] {dag.py:4180} INFO - Setting next_dagrun for example_external_task_marker_parent to None, run_after=None
[2024-11-25T06:24:22.120+0000] {processor.py:208} INFO - Processing /home/airflow/.local/lib/python3.12/site-packages/airflow/example_dags/example_external_task_marker_dag.py took 0.093 seconds
[2024-11-25T06:24:52.907+0000] {processor.py:186} INFO - Started process (PID=3203) to work on /home/airflow/.local/lib/python3.12/site-packages/airflow/example_dags/example_external_task_marker_dag.py
[2024-11-25T06:24:52.910+0000] {processor.py:914} INFO - Processing file /home/airflow/.local/lib/python3.12/site-packages/airflow/example_dags/example_external_task_marker_dag.py for tasks to queue
[2024-11-25T06:24:52.916+0000] {logging_mixin.py:190} INFO - [2024-11-25T06:24:52.915+0000] {dagbag.py:588} INFO - Filling up the DagBag from /home/airflow/.local/lib/python3.12/site-packages/airflow/example_dags/example_external_task_marker_dag.py
[2024-11-25T06:24:52.936+0000] {processor.py:925} INFO - DAG(s) 'example_external_task_marker_parent', 'example_external_task_marker_child' retrieved from /home/airflow/.local/lib/python3.12/site-packages/airflow/example_dags/example_external_task_marker_dag.py
[2024-11-25T06:24:53.013+0000] {logging_mixin.py:190} INFO - [2024-11-25T06:24:53.012+0000] {dag.py:3239} INFO - Sync 2 DAGs
[2024-11-25T06:24:53.061+0000] {logging_mixin.py:190} INFO - [2024-11-25T06:24:53.060+0000] {dag.py:4180} INFO - Setting next_dagrun for example_external_task_marker_child to None, run_after=None
[2024-11-25T06:24:53.073+0000] {logging_mixin.py:190} INFO - [2024-11-25T06:24:53.073+0000] {dag.py:4180} INFO - Setting next_dagrun for example_external_task_marker_parent to None, run_after=None
[2024-11-25T06:24:53.127+0000] {processor.py:208} INFO - Processing /home/airflow/.local/lib/python3.12/site-packages/airflow/example_dags/example_external_task_marker_dag.py took 0.237 seconds
[2024-11-25T06:25:24.123+0000] {processor.py:186} INFO - Started process (PID=3494) to work on /home/airflow/.local/lib/python3.12/site-packages/airflow/example_dags/example_external_task_marker_dag.py
[2024-11-25T06:25:24.125+0000] {processor.py:914} INFO - Processing file /home/airflow/.local/lib/python3.12/site-packages/airflow/example_dags/example_external_task_marker_dag.py for tasks to queue
[2024-11-25T06:25:24.130+0000] {logging_mixin.py:190} INFO - [2024-11-25T06:25:24.129+0000] {dagbag.py:588} INFO - Filling up the DagBag from /home/airflow/.local/lib/python3.12/site-packages/airflow/example_dags/example_external_task_marker_dag.py
[2024-11-25T06:25:24.152+0000] {processor.py:925} INFO - DAG(s) 'example_external_task_marker_child', 'example_external_task_marker_parent' retrieved from /home/airflow/.local/lib/python3.12/site-packages/airflow/example_dags/example_external_task_marker_dag.py
[2024-11-25T06:25:24.228+0000] {logging_mixin.py:190} INFO - [2024-11-25T06:25:24.228+0000] {dag.py:3239} INFO - Sync 2 DAGs
[2024-11-25T06:25:24.270+0000] {logging_mixin.py:190} INFO - [2024-11-25T06:25:24.269+0000] {dag.py:4180} INFO - Setting next_dagrun for example_external_task_marker_child to None, run_after=None
[2024-11-25T06:25:24.277+0000] {logging_mixin.py:190} INFO - [2024-11-25T06:25:24.277+0000] {dag.py:4180} INFO - Setting next_dagrun for example_external_task_marker_parent to None, run_after=None
[2024-11-25T06:25:24.312+0000] {processor.py:208} INFO - Processing /home/airflow/.local/lib/python3.12/site-packages/airflow/example_dags/example_external_task_marker_dag.py took 0.201 seconds
[2024-11-25T06:25:55.026+0000] {processor.py:186} INFO - Started process (PID=3784) to work on /home/airflow/.local/lib/python3.12/site-packages/airflow/example_dags/example_external_task_marker_dag.py
[2024-11-25T06:25:55.028+0000] {processor.py:914} INFO - Processing file /home/airflow/.local/lib/python3.12/site-packages/airflow/example_dags/example_external_task_marker_dag.py for tasks to queue
[2024-11-25T06:25:55.032+0000] {logging_mixin.py:190} INFO - [2024-11-25T06:25:55.032+0000] {dagbag.py:588} INFO - Filling up the DagBag from /home/airflow/.local/lib/python3.12/site-packages/airflow/example_dags/example_external_task_marker_dag.py
[2024-11-25T06:25:55.044+0000] {processor.py:925} INFO - DAG(s) 'example_external_task_marker_child', 'example_external_task_marker_parent' retrieved from /home/airflow/.local/lib/python3.12/site-packages/airflow/example_dags/example_external_task_marker_dag.py
[2024-11-25T06:25:55.080+0000] {logging_mixin.py:190} INFO - [2024-11-25T06:25:55.080+0000] {dag.py:3239} INFO - Sync 2 DAGs
[2024-11-25T06:25:55.103+0000] {logging_mixin.py:190} INFO - [2024-11-25T06:25:55.102+0000] {dag.py:4180} INFO - Setting next_dagrun for example_external_task_marker_child to None, run_after=None
[2024-11-25T06:25:55.109+0000] {logging_mixin.py:190} INFO - [2024-11-25T06:25:55.108+0000] {dag.py:4180} INFO - Setting next_dagrun for example_external_task_marker_parent to None, run_after=None
[2024-11-25T06:25:55.139+0000] {processor.py:208} INFO - Processing /home/airflow/.local/lib/python3.12/site-packages/airflow/example_dags/example_external_task_marker_dag.py took 0.120 seconds
[2024-11-25T06:26:25.405+0000] {processor.py:186} INFO - Started process (PID=4075) to work on /home/airflow/.local/lib/python3.12/site-packages/airflow/example_dags/example_external_task_marker_dag.py
[2024-11-25T06:26:25.407+0000] {processor.py:914} INFO - Processing file /home/airflow/.local/lib/python3.12/site-packages/airflow/example_dags/example_external_task_marker_dag.py for tasks to queue
[2024-11-25T06:26:25.411+0000] {logging_mixin.py:190} INFO - [2024-11-25T06:26:25.410+0000] {dagbag.py:588} INFO - Filling up the DagBag from /home/airflow/.local/lib/python3.12/site-packages/airflow/example_dags/example_external_task_marker_dag.py
[2024-11-25T06:26:25.427+0000] {processor.py:925} INFO - DAG(s) 'example_external_task_marker_child', 'example_external_task_marker_parent' retrieved from /home/airflow/.local/lib/python3.12/site-packages/airflow/example_dags/example_external_task_marker_dag.py
[2024-11-25T06:26:25.480+0000] {logging_mixin.py:190} INFO - [2024-11-25T06:26:25.479+0000] {dag.py:3239} INFO - Sync 2 DAGs
[2024-11-25T06:26:25.511+0000] {logging_mixin.py:190} INFO - [2024-11-25T06:26:25.511+0000] {dag.py:4180} INFO - Setting next_dagrun for example_external_task_marker_child to None, run_after=None
[2024-11-25T06:26:25.523+0000] {logging_mixin.py:190} INFO - [2024-11-25T06:26:25.523+0000] {dag.py:4180} INFO - Setting next_dagrun for example_external_task_marker_parent to None, run_after=None
[2024-11-25T06:26:25.570+0000] {processor.py:208} INFO - Processing /home/airflow/.local/lib/python3.12/site-packages/airflow/example_dags/example_external_task_marker_dag.py took 0.179 seconds
[2024-11-25T06:26:56.145+0000] {processor.py:186} INFO - Started process (PID=4365) to work on /home/airflow/.local/lib/python3.12/site-packages/airflow/example_dags/example_external_task_marker_dag.py
[2024-11-25T06:26:56.147+0000] {processor.py:914} INFO - Processing file /home/airflow/.local/lib/python3.12/site-packages/airflow/example_dags/example_external_task_marker_dag.py for tasks to queue
[2024-11-25T06:26:56.151+0000] {logging_mixin.py:190} INFO - [2024-11-25T06:26:56.151+0000] {dagbag.py:588} INFO - Filling up the DagBag from /home/airflow/.local/lib/python3.12/site-packages/airflow/example_dags/example_external_task_marker_dag.py
[2024-11-25T06:26:56.165+0000] {processor.py:925} INFO - DAG(s) 'example_external_task_marker_child', 'example_external_task_marker_parent' retrieved from /home/airflow/.local/lib/python3.12/site-packages/airflow/example_dags/example_external_task_marker_dag.py
[2024-11-25T06:26:56.208+0000] {logging_mixin.py:190} INFO - [2024-11-25T06:26:56.208+0000] {dag.py:3239} INFO - Sync 2 DAGs
[2024-11-25T06:26:56.241+0000] {logging_mixin.py:190} INFO - [2024-11-25T06:26:56.241+0000] {dag.py:4180} INFO - Setting next_dagrun for example_external_task_marker_child to None, run_after=None
[2024-11-25T06:26:56.249+0000] {logging_mixin.py:190} INFO - [2024-11-25T06:26:56.249+0000] {dag.py:4180} INFO - Setting next_dagrun for example_external_task_marker_parent to None, run_after=None
[2024-11-25T06:26:56.285+0000] {processor.py:208} INFO - Processing /home/airflow/.local/lib/python3.12/site-packages/airflow/example_dags/example_external_task_marker_dag.py took 0.147 seconds
[2024-11-25T06:27:26.753+0000] {processor.py:186} INFO - Started process (PID=4658) to work on /home/airflow/.local/lib/python3.12/site-packages/airflow/example_dags/example_external_task_marker_dag.py
[2024-11-25T06:27:26.755+0000] {processor.py:914} INFO - Processing file /home/airflow/.local/lib/python3.12/site-packages/airflow/example_dags/example_external_task_marker_dag.py for tasks to queue
[2024-11-25T06:27:26.758+0000] {logging_mixin.py:190} INFO - [2024-11-25T06:27:26.758+0000] {dagbag.py:588} INFO - Filling up the DagBag from /home/airflow/.local/lib/python3.12/site-packages/airflow/example_dags/example_external_task_marker_dag.py
[2024-11-25T06:27:26.768+0000] {processor.py:925} INFO - DAG(s) 'example_external_task_marker_parent', 'example_external_task_marker_child' retrieved from /home/airflow/.local/lib/python3.12/site-packages/airflow/example_dags/example_external_task_marker_dag.py
[2024-11-25T06:27:26.798+0000] {logging_mixin.py:190} INFO - [2024-11-25T06:27:26.798+0000] {dag.py:3239} INFO - Sync 2 DAGs
[2024-11-25T06:27:26.817+0000] {logging_mixin.py:190} INFO - [2024-11-25T06:27:26.817+0000] {dag.py:4180} INFO - Setting next_dagrun for example_external_task_marker_child to None, run_after=None
[2024-11-25T06:27:26.824+0000] {logging_mixin.py:190} INFO - [2024-11-25T06:27:26.824+0000] {dag.py:4180} INFO - Setting next_dagrun for example_external_task_marker_parent to None, run_after=None
[2024-11-25T06:27:26.866+0000] {processor.py:208} INFO - Processing /home/airflow/.local/lib/python3.12/site-packages/airflow/example_dags/example_external_task_marker_dag.py took 0.119 seconds
[2024-11-25T06:27:57.404+0000] {processor.py:186} INFO - Started process (PID=4949) to work on /home/airflow/.local/lib/python3.12/site-packages/airflow/example_dags/example_external_task_marker_dag.py
[2024-11-25T06:27:57.405+0000] {processor.py:914} INFO - Processing file /home/airflow/.local/lib/python3.12/site-packages/airflow/example_dags/example_external_task_marker_dag.py for tasks to queue
[2024-11-25T06:27:57.409+0000] {logging_mixin.py:190} INFO - [2024-11-25T06:27:57.409+0000] {dagbag.py:588} INFO - Filling up the DagBag from /home/airflow/.local/lib/python3.12/site-packages/airflow/example_dags/example_external_task_marker_dag.py
[2024-11-25T06:27:57.427+0000] {processor.py:925} INFO - DAG(s) 'example_external_task_marker_parent', 'example_external_task_marker_child' retrieved from /home/airflow/.local/lib/python3.12/site-packages/airflow/example_dags/example_external_task_marker_dag.py
[2024-11-25T06:27:57.468+0000] {logging_mixin.py:190} INFO - [2024-11-25T06:27:57.468+0000] {dag.py:3239} INFO - Sync 2 DAGs
[2024-11-25T06:27:57.500+0000] {logging_mixin.py:190} INFO - [2024-11-25T06:27:57.500+0000] {dag.py:4180} INFO - Setting next_dagrun for example_external_task_marker_child to None, run_after=None
[2024-11-25T06:27:57.506+0000] {logging_mixin.py:190} INFO - [2024-11-25T06:27:57.506+0000] {dag.py:4180} INFO - Setting next_dagrun for example_external_task_marker_parent to None, run_after=None
[2024-11-25T06:27:57.543+0000] {processor.py:208} INFO - Processing /home/airflow/.local/lib/python3.12/site-packages/airflow/example_dags/example_external_task_marker_dag.py took 0.150 seconds
[2024-11-25T06:28:28.596+0000] {processor.py:186} INFO - Started process (PID=5238) to work on /home/airflow/.local/lib/python3.12/site-packages/airflow/example_dags/example_external_task_marker_dag.py
[2024-11-25T06:28:28.598+0000] {processor.py:914} INFO - Processing file /home/airflow/.local/lib/python3.12/site-packages/airflow/example_dags/example_external_task_marker_dag.py for tasks to queue
[2024-11-25T06:28:28.602+0000] {logging_mixin.py:190} INFO - [2024-11-25T06:28:28.602+0000] {dagbag.py:588} INFO - Filling up the DagBag from /home/airflow/.local/lib/python3.12/site-packages/airflow/example_dags/example_external_task_marker_dag.py
[2024-11-25T06:28:28.623+0000] {processor.py:925} INFO - DAG(s) 'example_external_task_marker_parent', 'example_external_task_marker_child' retrieved from /home/airflow/.local/lib/python3.12/site-packages/airflow/example_dags/example_external_task_marker_dag.py
[2024-11-25T06:28:28.700+0000] {logging_mixin.py:190} INFO - [2024-11-25T06:28:28.700+0000] {dag.py:3239} INFO - Sync 2 DAGs
[2024-11-25T06:28:28.758+0000] {logging_mixin.py:190} INFO - [2024-11-25T06:28:28.757+0000] {dag.py:4180} INFO - Setting next_dagrun for example_external_task_marker_child to None, run_after=None
[2024-11-25T06:28:28.775+0000] {logging_mixin.py:190} INFO - [2024-11-25T06:28:28.774+0000] {dag.py:4180} INFO - Setting next_dagrun for example_external_task_marker_parent to None, run_after=None
[2024-11-25T06:28:28.814+0000] {processor.py:208} INFO - Processing /home/airflow/.local/lib/python3.12/site-packages/airflow/example_dags/example_external_task_marker_dag.py took 0.229 seconds
[2024-11-25T06:28:59.492+0000] {processor.py:186} INFO - Started process (PID=5529) to work on /home/airflow/.local/lib/python3.12/site-packages/airflow/example_dags/example_external_task_marker_dag.py
[2024-11-25T06:28:59.494+0000] {processor.py:914} INFO - Processing file /home/airflow/.local/lib/python3.12/site-packages/airflow/example_dags/example_external_task_marker_dag.py for tasks to queue
[2024-11-25T06:28:59.498+0000] {logging_mixin.py:190} INFO - [2024-11-25T06:28:59.498+0000] {dagbag.py:588} INFO - Filling up the DagBag from /home/airflow/.local/lib/python3.12/site-packages/airflow/example_dags/example_external_task_marker_dag.py
[2024-11-25T06:28:59.516+0000] {processor.py:925} INFO - DAG(s) 'example_external_task_marker_child', 'example_external_task_marker_parent' retrieved from /home/airflow/.local/lib/python3.12/site-packages/airflow/example_dags/example_external_task_marker_dag.py
[2024-11-25T06:28:59.570+0000] {logging_mixin.py:190} INFO - [2024-11-25T06:28:59.569+0000] {dag.py:3239} INFO - Sync 2 DAGs
[2024-11-25T06:28:59.610+0000] {logging_mixin.py:190} INFO - [2024-11-25T06:28:59.609+0000] {dag.py:4180} INFO - Setting next_dagrun for example_external_task_marker_child to None, run_after=None
[2024-11-25T06:28:59.618+0000] {logging_mixin.py:190} INFO - [2024-11-25T06:28:59.617+0000] {dag.py:4180} INFO - Setting next_dagrun for example_external_task_marker_parent to None, run_after=None
[2024-11-25T06:28:59.656+0000] {processor.py:208} INFO - Processing /home/airflow/.local/lib/python3.12/site-packages/airflow/example_dags/example_external_task_marker_dag.py took 0.174 seconds
[2024-11-25T06:29:30.262+0000] {processor.py:186} INFO - Started process (PID=5821) to work on /home/airflow/.local/lib/python3.12/site-packages/airflow/example_dags/example_external_task_marker_dag.py
[2024-11-25T06:29:30.264+0000] {processor.py:914} INFO - Processing file /home/airflow/.local/lib/python3.12/site-packages/airflow/example_dags/example_external_task_marker_dag.py for tasks to queue
[2024-11-25T06:29:30.270+0000] {logging_mixin.py:190} INFO - [2024-11-25T06:29:30.270+0000] {dagbag.py:588} INFO - Filling up the DagBag from /home/airflow/.local/lib/python3.12/site-packages/airflow/example_dags/example_external_task_marker_dag.py
[2024-11-25T06:29:30.283+0000] {processor.py:925} INFO - DAG(s) 'example_external_task_marker_child', 'example_external_task_marker_parent' retrieved from /home/airflow/.local/lib/python3.12/site-packages/airflow/example_dags/example_external_task_marker_dag.py
[2024-11-25T06:29:30.332+0000] {logging_mixin.py:190} INFO - [2024-11-25T06:29:30.332+0000] {dag.py:3239} INFO - Sync 2 DAGs
[2024-11-25T06:29:30.374+0000] {logging_mixin.py:190} INFO - [2024-11-25T06:29:30.373+0000] {dag.py:4180} INFO - Setting next_dagrun for example_external_task_marker_child to None, run_after=None
[2024-11-25T06:29:30.386+0000] {logging_mixin.py:190} INFO - [2024-11-25T06:29:30.386+0000] {dag.py:4180} INFO - Setting next_dagrun for example_external_task_marker_parent to None, run_after=None
[2024-11-25T06:29:30.427+0000] {processor.py:208} INFO - Processing /home/airflow/.local/lib/python3.12/site-packages/airflow/example_dags/example_external_task_marker_dag.py took 0.176 seconds
[2024-11-25T06:30:01.059+0000] {processor.py:186} INFO - Started process (PID=6107) to work on /home/airflow/.local/lib/python3.12/site-packages/airflow/example_dags/example_external_task_marker_dag.py
[2024-11-25T06:30:01.061+0000] {processor.py:914} INFO - Processing file /home/airflow/.local/lib/python3.12/site-packages/airflow/example_dags/example_external_task_marker_dag.py for tasks to queue
[2024-11-25T06:30:01.065+0000] {logging_mixin.py:190} INFO - [2024-11-25T06:30:01.064+0000] {dagbag.py:588} INFO - Filling up the DagBag from /home/airflow/.local/lib/python3.12/site-packages/airflow/example_dags/example_external_task_marker_dag.py
[2024-11-25T06:30:01.084+0000] {processor.py:925} INFO - DAG(s) 'example_external_task_marker_child', 'example_external_task_marker_parent' retrieved from /home/airflow/.local/lib/python3.12/site-packages/airflow/example_dags/example_external_task_marker_dag.py
[2024-11-25T06:30:01.162+0000] {logging_mixin.py:190} INFO - [2024-11-25T06:30:01.162+0000] {dag.py:3239} INFO - Sync 2 DAGs
[2024-11-25T06:30:01.187+0000] {logging_mixin.py:190} INFO - [2024-11-25T06:30:01.187+0000] {dag.py:4180} INFO - Setting next_dagrun for example_external_task_marker_child to None, run_after=None
[2024-11-25T06:30:01.194+0000] {logging_mixin.py:190} INFO - [2024-11-25T06:30:01.193+0000] {dag.py:4180} INFO - Setting next_dagrun for example_external_task_marker_parent to None, run_after=None
[2024-11-25T06:30:01.232+0000] {processor.py:208} INFO - Processing /home/airflow/.local/lib/python3.12/site-packages/airflow/example_dags/example_external_task_marker_dag.py took 0.182 seconds
[2024-11-25T06:30:33.697+0000] {processor.py:186} INFO - Started process (PID=6398) to work on /home/airflow/.local/lib/python3.12/site-packages/airflow/example_dags/example_external_task_marker_dag.py
[2024-11-25T06:30:33.700+0000] {processor.py:914} INFO - Processing file /home/airflow/.local/lib/python3.12/site-packages/airflow/example_dags/example_external_task_marker_dag.py for tasks to queue
[2024-11-25T06:30:33.706+0000] {logging_mixin.py:190} INFO - [2024-11-25T06:30:33.704+0000] {dagbag.py:588} INFO - Filling up the DagBag from /home/airflow/.local/lib/python3.12/site-packages/airflow/example_dags/example_external_task_marker_dag.py
[2024-11-25T06:30:33.728+0000] {processor.py:925} INFO - DAG(s) 'example_external_task_marker_child', 'example_external_task_marker_parent' retrieved from /home/airflow/.local/lib/python3.12/site-packages/airflow/example_dags/example_external_task_marker_dag.py
[2024-11-25T06:30:33.797+0000] {logging_mixin.py:190} INFO - [2024-11-25T06:30:33.796+0000] {dag.py:3239} INFO - Sync 2 DAGs
[2024-11-25T06:30:33.830+0000] {logging_mixin.py:190} INFO - [2024-11-25T06:30:33.829+0000] {dag.py:4180} INFO - Setting next_dagrun for example_external_task_marker_child to None, run_after=None
[2024-11-25T06:30:33.839+0000] {logging_mixin.py:190} INFO - [2024-11-25T06:30:33.839+0000] {dag.py:4180} INFO - Setting next_dagrun for example_external_task_marker_parent to None, run_after=None
[2024-11-25T06:30:33.884+0000] {processor.py:208} INFO - Processing /home/airflow/.local/lib/python3.12/site-packages/airflow/example_dags/example_external_task_marker_dag.py took 0.196 seconds
[2024-11-25T06:31:04.513+0000] {processor.py:186} INFO - Started process (PID=6686) to work on /home/airflow/.local/lib/python3.12/site-packages/airflow/example_dags/example_external_task_marker_dag.py
[2024-11-25T06:31:04.515+0000] {processor.py:914} INFO - Processing file /home/airflow/.local/lib/python3.12/site-packages/airflow/example_dags/example_external_task_marker_dag.py for tasks to queue
[2024-11-25T06:31:04.520+0000] {logging_mixin.py:190} INFO - [2024-11-25T06:31:04.519+0000] {dagbag.py:588} INFO - Filling up the DagBag from /home/airflow/.local/lib/python3.12/site-packages/airflow/example_dags/example_external_task_marker_dag.py
[2024-11-25T06:31:04.534+0000] {processor.py:925} INFO - DAG(s) 'example_external_task_marker_child', 'example_external_task_marker_parent' retrieved from /home/airflow/.local/lib/python3.12/site-packages/airflow/example_dags/example_external_task_marker_dag.py
[2024-11-25T06:31:04.578+0000] {logging_mixin.py:190} INFO - [2024-11-25T06:31:04.577+0000] {dag.py:3239} INFO - Sync 2 DAGs
[2024-11-25T06:31:04.604+0000] {logging_mixin.py:190} INFO - [2024-11-25T06:31:04.604+0000] {dag.py:4180} INFO - Setting next_dagrun for example_external_task_marker_child to None, run_after=None
[2024-11-25T06:31:04.611+0000] {logging_mixin.py:190} INFO - [2024-11-25T06:31:04.610+0000] {dag.py:4180} INFO - Setting next_dagrun for example_external_task_marker_parent to None, run_after=None
[2024-11-25T06:31:04.644+0000] {processor.py:208} INFO - Processing /home/airflow/.local/lib/python3.12/site-packages/airflow/example_dags/example_external_task_marker_dag.py took 0.147 seconds
[2024-11-25T06:31:35.578+0000] {processor.py:186} INFO - Started process (PID=6970) to work on /home/airflow/.local/lib/python3.12/site-packages/airflow/example_dags/example_external_task_marker_dag.py
[2024-11-25T06:31:35.580+0000] {processor.py:914} INFO - Processing file /home/airflow/.local/lib/python3.12/site-packages/airflow/example_dags/example_external_task_marker_dag.py for tasks to queue
[2024-11-25T06:31:35.584+0000] {logging_mixin.py:190} INFO - [2024-11-25T06:31:35.583+0000] {dagbag.py:588} INFO - Filling up the DagBag from /home/airflow/.local/lib/python3.12/site-packages/airflow/example_dags/example_external_task_marker_dag.py
[2024-11-25T06:31:35.595+0000] {processor.py:925} INFO - DAG(s) 'example_external_task_marker_parent', 'example_external_task_marker_child' retrieved from /home/airflow/.local/lib/python3.12/site-packages/airflow/example_dags/example_external_task_marker_dag.py
[2024-11-25T06:31:35.638+0000] {logging_mixin.py:190} INFO - [2024-11-25T06:31:35.637+0000] {dag.py:3239} INFO - Sync 2 DAGs
[2024-11-25T06:31:35.669+0000] {logging_mixin.py:190} INFO - [2024-11-25T06:31:35.668+0000] {dag.py:4180} INFO - Setting next_dagrun for example_external_task_marker_child to None, run_after=None
[2024-11-25T06:31:35.679+0000] {logging_mixin.py:190} INFO - [2024-11-25T06:31:35.678+0000] {dag.py:4180} INFO - Setting next_dagrun for example_external_task_marker_parent to None, run_after=None
[2024-11-25T06:31:35.714+0000] {processor.py:208} INFO - Processing /home/airflow/.local/lib/python3.12/site-packages/airflow/example_dags/example_external_task_marker_dag.py took 0.143 seconds
[2024-11-25T06:32:06.377+0000] {processor.py:186} INFO - Started process (PID=7256) to work on /home/airflow/.local/lib/python3.12/site-packages/airflow/example_dags/example_external_task_marker_dag.py
[2024-11-25T06:32:06.379+0000] {processor.py:914} INFO - Processing file /home/airflow/.local/lib/python3.12/site-packages/airflow/example_dags/example_external_task_marker_dag.py for tasks to queue
[2024-11-25T06:32:06.384+0000] {logging_mixin.py:190} INFO - [2024-11-25T06:32:06.383+0000] {dagbag.py:588} INFO - Filling up the DagBag from /home/airflow/.local/lib/python3.12/site-packages/airflow/example_dags/example_external_task_marker_dag.py
[2024-11-25T06:32:06.404+0000] {processor.py:925} INFO - DAG(s) 'example_external_task_marker_parent', 'example_external_task_marker_child' retrieved from /home/airflow/.local/lib/python3.12/site-packages/airflow/example_dags/example_external_task_marker_dag.py
[2024-11-25T06:32:06.459+0000] {logging_mixin.py:190} INFO - [2024-11-25T06:32:06.457+0000] {dag.py:3239} INFO - Sync 2 DAGs
[2024-11-25T06:32:06.482+0000] {logging_mixin.py:190} INFO - [2024-11-25T06:32:06.482+0000] {dag.py:4180} INFO - Setting next_dagrun for example_external_task_marker_child to None, run_after=None
[2024-11-25T06:32:06.490+0000] {logging_mixin.py:190} INFO - [2024-11-25T06:32:06.490+0000] {dag.py:4180} INFO - Setting next_dagrun for example_external_task_marker_parent to None, run_after=None
[2024-11-25T06:32:06.525+0000] {processor.py:208} INFO - Processing /home/airflow/.local/lib/python3.12/site-packages/airflow/example_dags/example_external_task_marker_dag.py took 0.160 seconds
[2024-11-25T06:32:38.977+0000] {processor.py:186} INFO - Started process (PID=7544) to work on /home/airflow/.local/lib/python3.12/site-packages/airflow/example_dags/example_external_task_marker_dag.py
[2024-11-25T06:32:38.983+0000] {processor.py:914} INFO - Processing file /home/airflow/.local/lib/python3.12/site-packages/airflow/example_dags/example_external_task_marker_dag.py for tasks to queue
[2024-11-25T06:32:38.992+0000] {logging_mixin.py:190} INFO - [2024-11-25T06:32:38.991+0000] {dagbag.py:588} INFO - Filling up the DagBag from /home/airflow/.local/lib/python3.12/site-packages/airflow/example_dags/example_external_task_marker_dag.py
[2024-11-25T06:32:39.026+0000] {processor.py:925} INFO - DAG(s) 'example_external_task_marker_child', 'example_external_task_marker_parent' retrieved from /home/airflow/.local/lib/python3.12/site-packages/airflow/example_dags/example_external_task_marker_dag.py
[2024-11-25T06:32:39.117+0000] {logging_mixin.py:190} INFO - [2024-11-25T06:32:39.116+0000] {dag.py:3239} INFO - Sync 2 DAGs
[2024-11-25T06:32:39.160+0000] {logging_mixin.py:190} INFO - [2024-11-25T06:32:39.159+0000] {dag.py:4180} INFO - Setting next_dagrun for example_external_task_marker_child to None, run_after=None
[2024-11-25T06:32:39.172+0000] {logging_mixin.py:190} INFO - [2024-11-25T06:32:39.171+0000] {dag.py:4180} INFO - Setting next_dagrun for example_external_task_marker_parent to None, run_after=None
[2024-11-25T06:32:39.225+0000] {processor.py:208} INFO - Processing /home/airflow/.local/lib/python3.12/site-packages/airflow/example_dags/example_external_task_marker_dag.py took 0.271 seconds
[2024-11-25T06:33:09.992+0000] {processor.py:186} INFO - Started process (PID=7833) to work on /home/airflow/.local/lib/python3.12/site-packages/airflow/example_dags/example_external_task_marker_dag.py
[2024-11-25T06:33:09.995+0000] {processor.py:914} INFO - Processing file /home/airflow/.local/lib/python3.12/site-packages/airflow/example_dags/example_external_task_marker_dag.py for tasks to queue
[2024-11-25T06:33:10.000+0000] {logging_mixin.py:190} INFO - [2024-11-25T06:33:10.000+0000] {dagbag.py:588} INFO - Filling up the DagBag from /home/airflow/.local/lib/python3.12/site-packages/airflow/example_dags/example_external_task_marker_dag.py
[2024-11-25T06:33:10.044+0000] {processor.py:925} INFO - DAG(s) 'example_external_task_marker_parent', 'example_external_task_marker_child' retrieved from /home/airflow/.local/lib/python3.12/site-packages/airflow/example_dags/example_external_task_marker_dag.py
[2024-11-25T06:33:10.171+0000] {logging_mixin.py:190} INFO - [2024-11-25T06:33:10.170+0000] {dag.py:3239} INFO - Sync 2 DAGs
[2024-11-25T06:33:10.236+0000] {logging_mixin.py:190} INFO - [2024-11-25T06:33:10.235+0000] {dag.py:4180} INFO - Setting next_dagrun for example_external_task_marker_child to None, run_after=None
[2024-11-25T06:33:10.246+0000] {logging_mixin.py:190} INFO - [2024-11-25T06:33:10.246+0000] {dag.py:4180} INFO - Setting next_dagrun for example_external_task_marker_parent to None, run_after=None
[2024-11-25T06:33:10.320+0000] {processor.py:208} INFO - Processing /home/airflow/.local/lib/python3.12/site-packages/airflow/example_dags/example_external_task_marker_dag.py took 0.350 seconds
[2024-11-25T06:33:40.865+0000] {processor.py:186} INFO - Started process (PID=8124) to work on /home/airflow/.local/lib/python3.12/site-packages/airflow/example_dags/example_external_task_marker_dag.py
[2024-11-25T06:33:40.867+0000] {processor.py:914} INFO - Processing file /home/airflow/.local/lib/python3.12/site-packages/airflow/example_dags/example_external_task_marker_dag.py for tasks to queue
[2024-11-25T06:33:40.870+0000] {logging_mixin.py:190} INFO - [2024-11-25T06:33:40.869+0000] {dagbag.py:588} INFO - Filling up the DagBag from /home/airflow/.local/lib/python3.12/site-packages/airflow/example_dags/example_external_task_marker_dag.py
[2024-11-25T06:33:40.882+0000] {processor.py:925} INFO - DAG(s) 'example_external_task_marker_parent', 'example_external_task_marker_child' retrieved from /home/airflow/.local/lib/python3.12/site-packages/airflow/example_dags/example_external_task_marker_dag.py
[2024-11-25T06:33:40.919+0000] {logging_mixin.py:190} INFO - [2024-11-25T06:33:40.918+0000] {dag.py:3239} INFO - Sync 2 DAGs
[2024-11-25T06:33:40.939+0000] {logging_mixin.py:190} INFO - [2024-11-25T06:33:40.939+0000] {dag.py:4180} INFO - Setting next_dagrun for example_external_task_marker_child to None, run_after=None
[2024-11-25T06:33:40.945+0000] {logging_mixin.py:190} INFO - [2024-11-25T06:33:40.944+0000] {dag.py:4180} INFO - Setting next_dagrun for example_external_task_marker_parent to None, run_after=None
[2024-11-25T06:33:40.971+0000] {processor.py:208} INFO - Processing /home/airflow/.local/lib/python3.12/site-packages/airflow/example_dags/example_external_task_marker_dag.py took 0.113 seconds
[2024-11-25T06:34:12.347+0000] {processor.py:186} INFO - Started process (PID=8415) to work on /home/airflow/.local/lib/python3.12/site-packages/airflow/example_dags/example_external_task_marker_dag.py
[2024-11-25T06:34:12.362+0000] {processor.py:914} INFO - Processing file /home/airflow/.local/lib/python3.12/site-packages/airflow/example_dags/example_external_task_marker_dag.py for tasks to queue
[2024-11-25T06:34:12.372+0000] {logging_mixin.py:190} INFO - [2024-11-25T06:34:12.372+0000] {dagbag.py:588} INFO - Filling up the DagBag from /home/airflow/.local/lib/python3.12/site-packages/airflow/example_dags/example_external_task_marker_dag.py
[2024-11-25T06:34:12.458+0000] {processor.py:925} INFO - DAG(s) 'example_external_task_marker_child', 'example_external_task_marker_parent' retrieved from /home/airflow/.local/lib/python3.12/site-packages/airflow/example_dags/example_external_task_marker_dag.py
[2024-11-25T06:34:12.573+0000] {logging_mixin.py:190} INFO - [2024-11-25T06:34:12.572+0000] {dag.py:3239} INFO - Sync 2 DAGs
[2024-11-25T06:34:12.642+0000] {logging_mixin.py:190} INFO - [2024-11-25T06:34:12.641+0000] {dag.py:4180} INFO - Setting next_dagrun for example_external_task_marker_child to None, run_after=None
[2024-11-25T06:34:12.653+0000] {logging_mixin.py:190} INFO - [2024-11-25T06:34:12.652+0000] {dag.py:4180} INFO - Setting next_dagrun for example_external_task_marker_parent to None, run_after=None
[2024-11-25T06:34:12.722+0000] {processor.py:208} INFO - Processing /home/airflow/.local/lib/python3.12/site-packages/airflow/example_dags/example_external_task_marker_dag.py took 0.396 seconds
[2024-11-25T06:34:42.987+0000] {processor.py:186} INFO - Started process (PID=8701) to work on /home/airflow/.local/lib/python3.12/site-packages/airflow/example_dags/example_external_task_marker_dag.py
[2024-11-25T06:34:42.989+0000] {processor.py:914} INFO - Processing file /home/airflow/.local/lib/python3.12/site-packages/airflow/example_dags/example_external_task_marker_dag.py for tasks to queue
[2024-11-25T06:34:42.993+0000] {logging_mixin.py:190} INFO - [2024-11-25T06:34:42.993+0000] {dagbag.py:588} INFO - Filling up the DagBag from /home/airflow/.local/lib/python3.12/site-packages/airflow/example_dags/example_external_task_marker_dag.py
[2024-11-25T06:34:43.004+0000] {processor.py:925} INFO - DAG(s) 'example_external_task_marker_child', 'example_external_task_marker_parent' retrieved from /home/airflow/.local/lib/python3.12/site-packages/airflow/example_dags/example_external_task_marker_dag.py
[2024-11-25T06:34:43.039+0000] {logging_mixin.py:190} INFO - [2024-11-25T06:34:43.039+0000] {dag.py:3239} INFO - Sync 2 DAGs
[2024-11-25T06:34:43.060+0000] {logging_mixin.py:190} INFO - [2024-11-25T06:34:43.060+0000] {dag.py:4180} INFO - Setting next_dagrun for example_external_task_marker_child to None, run_after=None
[2024-11-25T06:34:43.067+0000] {logging_mixin.py:190} INFO - [2024-11-25T06:34:43.066+0000] {dag.py:4180} INFO - Setting next_dagrun for example_external_task_marker_parent to None, run_after=None
[2024-11-25T06:34:43.097+0000] {processor.py:208} INFO - Processing /home/airflow/.local/lib/python3.12/site-packages/airflow/example_dags/example_external_task_marker_dag.py took 0.118 seconds
[2024-11-25T06:35:13.310+0000] {processor.py:186} INFO - Started process (PID=8992) to work on /home/airflow/.local/lib/python3.12/site-packages/airflow/example_dags/example_external_task_marker_dag.py
[2024-11-25T06:35:13.312+0000] {processor.py:914} INFO - Processing file /home/airflow/.local/lib/python3.12/site-packages/airflow/example_dags/example_external_task_marker_dag.py for tasks to queue
[2024-11-25T06:35:13.316+0000] {logging_mixin.py:190} INFO - [2024-11-25T06:35:13.315+0000] {dagbag.py:588} INFO - Filling up the DagBag from /home/airflow/.local/lib/python3.12/site-packages/airflow/example_dags/example_external_task_marker_dag.py
[2024-11-25T06:35:13.326+0000] {processor.py:925} INFO - DAG(s) 'example_external_task_marker_child', 'example_external_task_marker_parent' retrieved from /home/airflow/.local/lib/python3.12/site-packages/airflow/example_dags/example_external_task_marker_dag.py
[2024-11-25T06:35:13.358+0000] {logging_mixin.py:190} INFO - [2024-11-25T06:35:13.357+0000] {dag.py:3239} INFO - Sync 2 DAGs
[2024-11-25T06:35:13.382+0000] {logging_mixin.py:190} INFO - [2024-11-25T06:35:13.381+0000] {dag.py:4180} INFO - Setting next_dagrun for example_external_task_marker_child to None, run_after=None
[2024-11-25T06:35:13.387+0000] {logging_mixin.py:190} INFO - [2024-11-25T06:35:13.387+0000] {dag.py:4180} INFO - Setting next_dagrun for example_external_task_marker_parent to None, run_after=None
[2024-11-25T06:35:13.426+0000] {processor.py:208} INFO - Processing /home/airflow/.local/lib/python3.12/site-packages/airflow/example_dags/example_external_task_marker_dag.py took 0.125 seconds
[2024-11-25T06:35:43.959+0000] {processor.py:186} INFO - Started process (PID=9278) to work on /home/airflow/.local/lib/python3.12/site-packages/airflow/example_dags/example_external_task_marker_dag.py
[2024-11-25T06:35:43.961+0000] {processor.py:914} INFO - Processing file /home/airflow/.local/lib/python3.12/site-packages/airflow/example_dags/example_external_task_marker_dag.py for tasks to queue
[2024-11-25T06:35:43.965+0000] {logging_mixin.py:190} INFO - [2024-11-25T06:35:43.965+0000] {dagbag.py:588} INFO - Filling up the DagBag from /home/airflow/.local/lib/python3.12/site-packages/airflow/example_dags/example_external_task_marker_dag.py
[2024-11-25T06:35:43.980+0000] {processor.py:925} INFO - DAG(s) 'example_external_task_marker_parent', 'example_external_task_marker_child' retrieved from /home/airflow/.local/lib/python3.12/site-packages/airflow/example_dags/example_external_task_marker_dag.py
[2024-11-25T06:35:44.036+0000] {logging_mixin.py:190} INFO - [2024-11-25T06:35:44.036+0000] {dag.py:3239} INFO - Sync 2 DAGs
[2024-11-25T06:35:44.073+0000] {logging_mixin.py:190} INFO - [2024-11-25T06:35:44.072+0000] {dag.py:4180} INFO - Setting next_dagrun for example_external_task_marker_child to None, run_after=None
[2024-11-25T06:35:44.083+0000] {logging_mixin.py:190} INFO - [2024-11-25T06:35:44.082+0000] {dag.py:4180} INFO - Setting next_dagrun for example_external_task_marker_parent to None, run_after=None
[2024-11-25T06:35:44.125+0000] {processor.py:208} INFO - Processing /home/airflow/.local/lib/python3.12/site-packages/airflow/example_dags/example_external_task_marker_dag.py took 0.175 seconds
[2024-11-25T06:36:14.348+0000] {processor.py:186} INFO - Started process (PID=9569) to work on /home/airflow/.local/lib/python3.12/site-packages/airflow/example_dags/example_external_task_marker_dag.py
[2024-11-25T06:36:14.349+0000] {processor.py:914} INFO - Processing file /home/airflow/.local/lib/python3.12/site-packages/airflow/example_dags/example_external_task_marker_dag.py for tasks to queue
[2024-11-25T06:36:14.354+0000] {logging_mixin.py:190} INFO - [2024-11-25T06:36:14.354+0000] {dagbag.py:588} INFO - Filling up the DagBag from /home/airflow/.local/lib/python3.12/site-packages/airflow/example_dags/example_external_task_marker_dag.py
[2024-11-25T06:36:14.369+0000] {processor.py:925} INFO - DAG(s) 'example_external_task_marker_parent', 'example_external_task_marker_child' retrieved from /home/airflow/.local/lib/python3.12/site-packages/airflow/example_dags/example_external_task_marker_dag.py
[2024-11-25T06:36:14.409+0000] {logging_mixin.py:190} INFO - [2024-11-25T06:36:14.409+0000] {dag.py:3239} INFO - Sync 2 DAGs
[2024-11-25T06:36:14.441+0000] {logging_mixin.py:190} INFO - [2024-11-25T06:36:14.441+0000] {dag.py:4180} INFO - Setting next_dagrun for example_external_task_marker_child to None, run_after=None
[2024-11-25T06:36:14.453+0000] {logging_mixin.py:190} INFO - [2024-11-25T06:36:14.452+0000] {dag.py:4180} INFO - Setting next_dagrun for example_external_task_marker_parent to None, run_after=None
[2024-11-25T06:36:14.491+0000] {processor.py:208} INFO - Processing /home/airflow/.local/lib/python3.12/site-packages/airflow/example_dags/example_external_task_marker_dag.py took 0.151 seconds
[2024-11-25T06:36:44.552+0000] {processor.py:186} INFO - Started process (PID=9857) to work on /home/airflow/.local/lib/python3.12/site-packages/airflow/example_dags/example_external_task_marker_dag.py
[2024-11-25T06:36:44.553+0000] {processor.py:914} INFO - Processing file /home/airflow/.local/lib/python3.12/site-packages/airflow/example_dags/example_external_task_marker_dag.py for tasks to queue
[2024-11-25T06:36:44.556+0000] {logging_mixin.py:190} INFO - [2024-11-25T06:36:44.556+0000] {dagbag.py:588} INFO - Filling up the DagBag from /home/airflow/.local/lib/python3.12/site-packages/airflow/example_dags/example_external_task_marker_dag.py
[2024-11-25T06:36:44.564+0000] {processor.py:925} INFO - DAG(s) 'example_external_task_marker_parent', 'example_external_task_marker_child' retrieved from /home/airflow/.local/lib/python3.12/site-packages/airflow/example_dags/example_external_task_marker_dag.py
[2024-11-25T06:36:44.595+0000] {logging_mixin.py:190} INFO - [2024-11-25T06:36:44.594+0000] {dag.py:3239} INFO - Sync 2 DAGs
[2024-11-25T06:36:44.611+0000] {logging_mixin.py:190} INFO - [2024-11-25T06:36:44.611+0000] {dag.py:4180} INFO - Setting next_dagrun for example_external_task_marker_child to None, run_after=None
[2024-11-25T06:36:44.617+0000] {logging_mixin.py:190} INFO - [2024-11-25T06:36:44.617+0000] {dag.py:4180} INFO - Setting next_dagrun for example_external_task_marker_parent to None, run_after=None
[2024-11-25T06:36:44.640+0000] {processor.py:208} INFO - Processing /home/airflow/.local/lib/python3.12/site-packages/airflow/example_dags/example_external_task_marker_dag.py took 0.094 seconds
[2024-11-25T06:37:14.767+0000] {processor.py:186} INFO - Started process (PID=10148) to work on /home/airflow/.local/lib/python3.12/site-packages/airflow/example_dags/example_external_task_marker_dag.py
[2024-11-25T06:37:14.768+0000] {processor.py:914} INFO - Processing file /home/airflow/.local/lib/python3.12/site-packages/airflow/example_dags/example_external_task_marker_dag.py for tasks to queue
[2024-11-25T06:37:14.771+0000] {logging_mixin.py:190} INFO - [2024-11-25T06:37:14.770+0000] {dagbag.py:588} INFO - Filling up the DagBag from /home/airflow/.local/lib/python3.12/site-packages/airflow/example_dags/example_external_task_marker_dag.py
[2024-11-25T06:37:14.780+0000] {processor.py:925} INFO - DAG(s) 'example_external_task_marker_parent', 'example_external_task_marker_child' retrieved from /home/airflow/.local/lib/python3.12/site-packages/airflow/example_dags/example_external_task_marker_dag.py
[2024-11-25T06:37:14.808+0000] {logging_mixin.py:190} INFO - [2024-11-25T06:37:14.808+0000] {dag.py:3239} INFO - Sync 2 DAGs
[2024-11-25T06:37:14.831+0000] {logging_mixin.py:190} INFO - [2024-11-25T06:37:14.830+0000] {dag.py:4180} INFO - Setting next_dagrun for example_external_task_marker_child to None, run_after=None
[2024-11-25T06:37:14.837+0000] {logging_mixin.py:190} INFO - [2024-11-25T06:37:14.837+0000] {dag.py:4180} INFO - Setting next_dagrun for example_external_task_marker_parent to None, run_after=None
[2024-11-25T06:37:14.866+0000] {processor.py:208} INFO - Processing /home/airflow/.local/lib/python3.12/site-packages/airflow/example_dags/example_external_task_marker_dag.py took 0.105 seconds
[2024-11-25T06:37:45.316+0000] {processor.py:186} INFO - Started process (PID=10442) to work on /home/airflow/.local/lib/python3.12/site-packages/airflow/example_dags/example_external_task_marker_dag.py
[2024-11-25T06:37:45.317+0000] {processor.py:914} INFO - Processing file /home/airflow/.local/lib/python3.12/site-packages/airflow/example_dags/example_external_task_marker_dag.py for tasks to queue
[2024-11-25T06:37:45.320+0000] {logging_mixin.py:190} INFO - [2024-11-25T06:37:45.320+0000] {dagbag.py:588} INFO - Filling up the DagBag from /home/airflow/.local/lib/python3.12/site-packages/airflow/example_dags/example_external_task_marker_dag.py
[2024-11-25T06:37:45.328+0000] {processor.py:925} INFO - DAG(s) 'example_external_task_marker_parent', 'example_external_task_marker_child' retrieved from /home/airflow/.local/lib/python3.12/site-packages/airflow/example_dags/example_external_task_marker_dag.py
[2024-11-25T06:37:45.364+0000] {logging_mixin.py:190} INFO - [2024-11-25T06:37:45.363+0000] {dag.py:3239} INFO - Sync 2 DAGs
[2024-11-25T06:37:45.386+0000] {logging_mixin.py:190} INFO - [2024-11-25T06:37:45.386+0000] {dag.py:4180} INFO - Setting next_dagrun for example_external_task_marker_child to None, run_after=None
[2024-11-25T06:37:45.390+0000] {logging_mixin.py:190} INFO - [2024-11-25T06:37:45.390+0000] {dag.py:4180} INFO - Setting next_dagrun for example_external_task_marker_parent to None, run_after=None
[2024-11-25T06:37:45.415+0000] {processor.py:208} INFO - Processing /home/airflow/.local/lib/python3.12/site-packages/airflow/example_dags/example_external_task_marker_dag.py took 0.105 seconds
[2024-11-25T06:38:15.870+0000] {processor.py:186} INFO - Started process (PID=10733) to work on /home/airflow/.local/lib/python3.12/site-packages/airflow/example_dags/example_external_task_marker_dag.py
[2024-11-25T06:38:15.872+0000] {processor.py:914} INFO - Processing file /home/airflow/.local/lib/python3.12/site-packages/airflow/example_dags/example_external_task_marker_dag.py for tasks to queue
[2024-11-25T06:38:15.878+0000] {logging_mixin.py:190} INFO - [2024-11-25T06:38:15.877+0000] {dagbag.py:588} INFO - Filling up the DagBag from /home/airflow/.local/lib/python3.12/site-packages/airflow/example_dags/example_external_task_marker_dag.py
[2024-11-25T06:38:15.890+0000] {processor.py:925} INFO - DAG(s) 'example_external_task_marker_parent', 'example_external_task_marker_child' retrieved from /home/airflow/.local/lib/python3.12/site-packages/airflow/example_dags/example_external_task_marker_dag.py
[2024-11-25T06:38:15.939+0000] {logging_mixin.py:190} INFO - [2024-11-25T06:38:15.938+0000] {dag.py:3239} INFO - Sync 2 DAGs
[2024-11-25T06:38:15.972+0000] {logging_mixin.py:190} INFO - [2024-11-25T06:38:15.972+0000] {dag.py:4180} INFO - Setting next_dagrun for example_external_task_marker_child to None, run_after=None
[2024-11-25T06:38:15.981+0000] {logging_mixin.py:190} INFO - [2024-11-25T06:38:15.981+0000] {dag.py:4180} INFO - Setting next_dagrun for example_external_task_marker_parent to None, run_after=None
[2024-11-25T06:38:16.025+0000] {processor.py:208} INFO - Processing /home/airflow/.local/lib/python3.12/site-packages/airflow/example_dags/example_external_task_marker_dag.py took 0.165 seconds
[2024-11-25T06:38:46.416+0000] {processor.py:186} INFO - Started process (PID=11024) to work on /home/airflow/.local/lib/python3.12/site-packages/airflow/example_dags/example_external_task_marker_dag.py
[2024-11-25T06:38:46.417+0000] {processor.py:914} INFO - Processing file /home/airflow/.local/lib/python3.12/site-packages/airflow/example_dags/example_external_task_marker_dag.py for tasks to queue
[2024-11-25T06:38:46.420+0000] {logging_mixin.py:190} INFO - [2024-11-25T06:38:46.420+0000] {dagbag.py:588} INFO - Filling up the DagBag from /home/airflow/.local/lib/python3.12/site-packages/airflow/example_dags/example_external_task_marker_dag.py
[2024-11-25T06:38:46.430+0000] {processor.py:925} INFO - DAG(s) 'example_external_task_marker_child', 'example_external_task_marker_parent' retrieved from /home/airflow/.local/lib/python3.12/site-packages/airflow/example_dags/example_external_task_marker_dag.py
[2024-11-25T06:38:46.468+0000] {logging_mixin.py:190} INFO - [2024-11-25T06:38:46.467+0000] {dag.py:3239} INFO - Sync 2 DAGs
[2024-11-25T06:38:46.492+0000] {logging_mixin.py:190} INFO - [2024-11-25T06:38:46.491+0000] {dag.py:4180} INFO - Setting next_dagrun for example_external_task_marker_child to None, run_after=None
[2024-11-25T06:38:46.501+0000] {logging_mixin.py:190} INFO - [2024-11-25T06:38:46.500+0000] {dag.py:4180} INFO - Setting next_dagrun for example_external_task_marker_parent to None, run_after=None
[2024-11-25T06:38:46.532+0000] {processor.py:208} INFO - Processing /home/airflow/.local/lib/python3.12/site-packages/airflow/example_dags/example_external_task_marker_dag.py took 0.122 seconds
[2024-11-25T06:39:17.714+0000] {processor.py:186} INFO - Started process (PID=11307) to work on /home/airflow/.local/lib/python3.12/site-packages/airflow/example_dags/example_external_task_marker_dag.py
[2024-11-25T06:39:17.716+0000] {processor.py:914} INFO - Processing file /home/airflow/.local/lib/python3.12/site-packages/airflow/example_dags/example_external_task_marker_dag.py for tasks to queue
[2024-11-25T06:39:17.720+0000] {logging_mixin.py:190} INFO - [2024-11-25T06:39:17.720+0000] {dagbag.py:588} INFO - Filling up the DagBag from /home/airflow/.local/lib/python3.12/site-packages/airflow/example_dags/example_external_task_marker_dag.py
[2024-11-25T06:39:17.735+0000] {processor.py:925} INFO - DAG(s) 'example_external_task_marker_parent', 'example_external_task_marker_child' retrieved from /home/airflow/.local/lib/python3.12/site-packages/airflow/example_dags/example_external_task_marker_dag.py
[2024-11-25T06:39:17.783+0000] {logging_mixin.py:190} INFO - [2024-11-25T06:39:17.782+0000] {dag.py:3239} INFO - Sync 2 DAGs
[2024-11-25T06:39:17.816+0000] {logging_mixin.py:190} INFO - [2024-11-25T06:39:17.816+0000] {dag.py:4180} INFO - Setting next_dagrun for example_external_task_marker_child to None, run_after=None
[2024-11-25T06:39:17.824+0000] {logging_mixin.py:190} INFO - [2024-11-25T06:39:17.823+0000] {dag.py:4180} INFO - Setting next_dagrun for example_external_task_marker_parent to None, run_after=None
[2024-11-25T06:39:17.855+0000] {processor.py:208} INFO - Processing /home/airflow/.local/lib/python3.12/site-packages/airflow/example_dags/example_external_task_marker_dag.py took 0.150 seconds
[2024-11-25T06:39:47.946+0000] {processor.py:186} INFO - Started process (PID=11598) to work on /home/airflow/.local/lib/python3.12/site-packages/airflow/example_dags/example_external_task_marker_dag.py
[2024-11-25T06:39:47.948+0000] {processor.py:914} INFO - Processing file /home/airflow/.local/lib/python3.12/site-packages/airflow/example_dags/example_external_task_marker_dag.py for tasks to queue
[2024-11-25T06:39:47.954+0000] {logging_mixin.py:190} INFO - [2024-11-25T06:39:47.953+0000] {dagbag.py:588} INFO - Filling up the DagBag from /home/airflow/.local/lib/python3.12/site-packages/airflow/example_dags/example_external_task_marker_dag.py
[2024-11-25T06:39:47.972+0000] {processor.py:925} INFO - DAG(s) 'example_external_task_marker_parent', 'example_external_task_marker_child' retrieved from /home/airflow/.local/lib/python3.12/site-packages/airflow/example_dags/example_external_task_marker_dag.py
[2024-11-25T06:39:48.058+0000] {logging_mixin.py:190} INFO - [2024-11-25T06:39:48.057+0000] {dag.py:3239} INFO - Sync 2 DAGs
[2024-11-25T06:39:48.125+0000] {logging_mixin.py:190} INFO - [2024-11-25T06:39:48.124+0000] {dag.py:4180} INFO - Setting next_dagrun for example_external_task_marker_child to None, run_after=None
[2024-11-25T06:39:48.142+0000] {logging_mixin.py:190} INFO - [2024-11-25T06:39:48.142+0000] {dag.py:4180} INFO - Setting next_dagrun for example_external_task_marker_parent to None, run_after=None
[2024-11-25T06:39:48.178+0000] {processor.py:208} INFO - Processing /home/airflow/.local/lib/python3.12/site-packages/airflow/example_dags/example_external_task_marker_dag.py took 0.242 seconds
[2024-11-25T06:40:20.070+0000] {processor.py:186} INFO - Started process (PID=11887) to work on /home/airflow/.local/lib/python3.12/site-packages/airflow/example_dags/example_external_task_marker_dag.py
[2024-11-25T06:40:20.074+0000] {processor.py:914} INFO - Processing file /home/airflow/.local/lib/python3.12/site-packages/airflow/example_dags/example_external_task_marker_dag.py for tasks to queue
[2024-11-25T06:40:20.086+0000] {logging_mixin.py:190} INFO - [2024-11-25T06:40:20.085+0000] {dagbag.py:588} INFO - Filling up the DagBag from /home/airflow/.local/lib/python3.12/site-packages/airflow/example_dags/example_external_task_marker_dag.py
[2024-11-25T06:40:20.112+0000] {processor.py:925} INFO - DAG(s) 'example_external_task_marker_parent', 'example_external_task_marker_child' retrieved from /home/airflow/.local/lib/python3.12/site-packages/airflow/example_dags/example_external_task_marker_dag.py
[2024-11-25T06:40:20.200+0000] {logging_mixin.py:190} INFO - [2024-11-25T06:40:20.191+0000] {dag.py:3239} INFO - Sync 2 DAGs
[2024-11-25T06:40:20.276+0000] {logging_mixin.py:190} INFO - [2024-11-25T06:40:20.275+0000] {dag.py:4180} INFO - Setting next_dagrun for example_external_task_marker_child to None, run_after=None
[2024-11-25T06:40:20.298+0000] {logging_mixin.py:190} INFO - [2024-11-25T06:40:20.297+0000] {dag.py:4180} INFO - Setting next_dagrun for example_external_task_marker_parent to None, run_after=None
[2024-11-25T06:40:20.361+0000] {processor.py:208} INFO - Processing /home/airflow/.local/lib/python3.12/site-packages/airflow/example_dags/example_external_task_marker_dag.py took 0.311 seconds
[2024-11-25T06:40:50.880+0000] {processor.py:186} INFO - Started process (PID=12178) to work on /home/airflow/.local/lib/python3.12/site-packages/airflow/example_dags/example_external_task_marker_dag.py
[2024-11-25T06:40:50.881+0000] {processor.py:914} INFO - Processing file /home/airflow/.local/lib/python3.12/site-packages/airflow/example_dags/example_external_task_marker_dag.py for tasks to queue
[2024-11-25T06:40:50.885+0000] {logging_mixin.py:190} INFO - [2024-11-25T06:40:50.885+0000] {dagbag.py:588} INFO - Filling up the DagBag from /home/airflow/.local/lib/python3.12/site-packages/airflow/example_dags/example_external_task_marker_dag.py
[2024-11-25T06:40:50.899+0000] {processor.py:925} INFO - DAG(s) 'example_external_task_marker_child', 'example_external_task_marker_parent' retrieved from /home/airflow/.local/lib/python3.12/site-packages/airflow/example_dags/example_external_task_marker_dag.py
[2024-11-25T06:40:50.940+0000] {logging_mixin.py:190} INFO - [2024-11-25T06:40:50.939+0000] {dag.py:3239} INFO - Sync 2 DAGs
[2024-11-25T06:40:50.962+0000] {logging_mixin.py:190} INFO - [2024-11-25T06:40:50.962+0000] {dag.py:4180} INFO - Setting next_dagrun for example_external_task_marker_child to None, run_after=None
[2024-11-25T06:40:50.968+0000] {logging_mixin.py:190} INFO - [2024-11-25T06:40:50.968+0000] {dag.py:4180} INFO - Setting next_dagrun for example_external_task_marker_parent to None, run_after=None
[2024-11-25T06:40:50.999+0000] {processor.py:208} INFO - Processing /home/airflow/.local/lib/python3.12/site-packages/airflow/example_dags/example_external_task_marker_dag.py took 0.128 seconds
[2024-11-25T06:41:21.232+0000] {processor.py:186} INFO - Started process (PID=12469) to work on /home/airflow/.local/lib/python3.12/site-packages/airflow/example_dags/example_external_task_marker_dag.py
[2024-11-25T06:41:21.234+0000] {processor.py:914} INFO - Processing file /home/airflow/.local/lib/python3.12/site-packages/airflow/example_dags/example_external_task_marker_dag.py for tasks to queue
[2024-11-25T06:41:21.237+0000] {logging_mixin.py:190} INFO - [2024-11-25T06:41:21.237+0000] {dagbag.py:588} INFO - Filling up the DagBag from /home/airflow/.local/lib/python3.12/site-packages/airflow/example_dags/example_external_task_marker_dag.py
[2024-11-25T06:41:21.254+0000] {processor.py:925} INFO - DAG(s) 'example_external_task_marker_child', 'example_external_task_marker_parent' retrieved from /home/airflow/.local/lib/python3.12/site-packages/airflow/example_dags/example_external_task_marker_dag.py
[2024-11-25T06:41:21.343+0000] {logging_mixin.py:190} INFO - [2024-11-25T06:41:21.342+0000] {dag.py:3239} INFO - Sync 2 DAGs
[2024-11-25T06:41:21.395+0000] {logging_mixin.py:190} INFO - [2024-11-25T06:41:21.395+0000] {dag.py:4180} INFO - Setting next_dagrun for example_external_task_marker_child to None, run_after=None
[2024-11-25T06:41:21.403+0000] {logging_mixin.py:190} INFO - [2024-11-25T06:41:21.403+0000] {dag.py:4180} INFO - Setting next_dagrun for example_external_task_marker_parent to None, run_after=None
[2024-11-25T06:41:21.445+0000] {processor.py:208} INFO - Processing /home/airflow/.local/lib/python3.12/site-packages/airflow/example_dags/example_external_task_marker_dag.py took 0.222 seconds
[2024-11-25T06:41:51.660+0000] {processor.py:186} INFO - Started process (PID=12766) to work on /home/airflow/.local/lib/python3.12/site-packages/airflow/example_dags/example_external_task_marker_dag.py
[2024-11-25T06:41:51.661+0000] {processor.py:914} INFO - Processing file /home/airflow/.local/lib/python3.12/site-packages/airflow/example_dags/example_external_task_marker_dag.py for tasks to queue
[2024-11-25T06:41:51.664+0000] {logging_mixin.py:190} INFO - [2024-11-25T06:41:51.664+0000] {dagbag.py:588} INFO - Filling up the DagBag from /home/airflow/.local/lib/python3.12/site-packages/airflow/example_dags/example_external_task_marker_dag.py
[2024-11-25T06:41:51.675+0000] {processor.py:925} INFO - DAG(s) 'example_external_task_marker_parent', 'example_external_task_marker_child' retrieved from /home/airflow/.local/lib/python3.12/site-packages/airflow/example_dags/example_external_task_marker_dag.py
[2024-11-25T06:41:51.719+0000] {logging_mixin.py:190} INFO - [2024-11-25T06:41:51.718+0000] {dag.py:3239} INFO - Sync 2 DAGs
[2024-11-25T06:41:51.746+0000] {logging_mixin.py:190} INFO - [2024-11-25T06:41:51.746+0000] {dag.py:4180} INFO - Setting next_dagrun for example_external_task_marker_child to None, run_after=None
[2024-11-25T06:41:51.753+0000] {logging_mixin.py:190} INFO - [2024-11-25T06:41:51.753+0000] {dag.py:4180} INFO - Setting next_dagrun for example_external_task_marker_parent to None, run_after=None
[2024-11-25T06:41:51.783+0000] {processor.py:208} INFO - Processing /home/airflow/.local/lib/python3.12/site-packages/airflow/example_dags/example_external_task_marker_dag.py took 0.134 seconds
[2024-11-25T06:42:21.997+0000] {processor.py:186} INFO - Started process (PID=13057) to work on /home/airflow/.local/lib/python3.12/site-packages/airflow/example_dags/example_external_task_marker_dag.py
[2024-11-25T06:42:21.999+0000] {processor.py:914} INFO - Processing file /home/airflow/.local/lib/python3.12/site-packages/airflow/example_dags/example_external_task_marker_dag.py for tasks to queue
[2024-11-25T06:42:22.002+0000] {logging_mixin.py:190} INFO - [2024-11-25T06:42:22.001+0000] {dagbag.py:588} INFO - Filling up the DagBag from /home/airflow/.local/lib/python3.12/site-packages/airflow/example_dags/example_external_task_marker_dag.py
[2024-11-25T06:42:22.017+0000] {processor.py:925} INFO - DAG(s) 'example_external_task_marker_parent', 'example_external_task_marker_child' retrieved from /home/airflow/.local/lib/python3.12/site-packages/airflow/example_dags/example_external_task_marker_dag.py
[2024-11-25T06:42:22.061+0000] {logging_mixin.py:190} INFO - [2024-11-25T06:42:22.061+0000] {dag.py:3239} INFO - Sync 2 DAGs
[2024-11-25T06:42:22.082+0000] {logging_mixin.py:190} INFO - [2024-11-25T06:42:22.082+0000] {dag.py:4180} INFO - Setting next_dagrun for example_external_task_marker_child to None, run_after=None
[2024-11-25T06:42:22.088+0000] {logging_mixin.py:190} INFO - [2024-11-25T06:42:22.088+0000] {dag.py:4180} INFO - Setting next_dagrun for example_external_task_marker_parent to None, run_after=None
[2024-11-25T06:42:22.113+0000] {processor.py:208} INFO - Processing /home/airflow/.local/lib/python3.12/site-packages/airflow/example_dags/example_external_task_marker_dag.py took 0.124 seconds
[2024-11-25T06:42:52.684+0000] {processor.py:186} INFO - Started process (PID=13348) to work on /home/airflow/.local/lib/python3.12/site-packages/airflow/example_dags/example_external_task_marker_dag.py
[2024-11-25T06:42:52.685+0000] {processor.py:914} INFO - Processing file /home/airflow/.local/lib/python3.12/site-packages/airflow/example_dags/example_external_task_marker_dag.py for tasks to queue
[2024-11-25T06:42:52.688+0000] {logging_mixin.py:190} INFO - [2024-11-25T06:42:52.688+0000] {dagbag.py:588} INFO - Filling up the DagBag from /home/airflow/.local/lib/python3.12/site-packages/airflow/example_dags/example_external_task_marker_dag.py
[2024-11-25T06:42:52.702+0000] {processor.py:925} INFO - DAG(s) 'example_external_task_marker_parent', 'example_external_task_marker_child' retrieved from /home/airflow/.local/lib/python3.12/site-packages/airflow/example_dags/example_external_task_marker_dag.py
[2024-11-25T06:42:52.756+0000] {logging_mixin.py:190} INFO - [2024-11-25T06:42:52.756+0000] {dag.py:3239} INFO - Sync 2 DAGs
[2024-11-25T06:42:52.793+0000] {logging_mixin.py:190} INFO - [2024-11-25T06:42:52.792+0000] {dag.py:4180} INFO - Setting next_dagrun for example_external_task_marker_child to None, run_after=None
[2024-11-25T06:42:52.802+0000] {logging_mixin.py:190} INFO - [2024-11-25T06:42:52.801+0000] {dag.py:4180} INFO - Setting next_dagrun for example_external_task_marker_parent to None, run_after=None
[2024-11-25T06:42:52.843+0000] {processor.py:208} INFO - Processing /home/airflow/.local/lib/python3.12/site-packages/airflow/example_dags/example_external_task_marker_dag.py took 0.167 seconds
[2024-11-25T06:43:23.788+0000] {processor.py:186} INFO - Started process (PID=13639) to work on /home/airflow/.local/lib/python3.12/site-packages/airflow/example_dags/example_external_task_marker_dag.py
[2024-11-25T06:43:23.789+0000] {processor.py:914} INFO - Processing file /home/airflow/.local/lib/python3.12/site-packages/airflow/example_dags/example_external_task_marker_dag.py for tasks to queue
[2024-11-25T06:43:23.792+0000] {logging_mixin.py:190} INFO - [2024-11-25T06:43:23.792+0000] {dagbag.py:588} INFO - Filling up the DagBag from /home/airflow/.local/lib/python3.12/site-packages/airflow/example_dags/example_external_task_marker_dag.py
[2024-11-25T06:43:23.802+0000] {processor.py:925} INFO - DAG(s) 'example_external_task_marker_child', 'example_external_task_marker_parent' retrieved from /home/airflow/.local/lib/python3.12/site-packages/airflow/example_dags/example_external_task_marker_dag.py
[2024-11-25T06:43:23.834+0000] {logging_mixin.py:190} INFO - [2024-11-25T06:43:23.834+0000] {dag.py:3239} INFO - Sync 2 DAGs
[2024-11-25T06:43:23.851+0000] {logging_mixin.py:190} INFO - [2024-11-25T06:43:23.851+0000] {dag.py:4180} INFO - Setting next_dagrun for example_external_task_marker_child to None, run_after=None
[2024-11-25T06:43:23.856+0000] {logging_mixin.py:190} INFO - [2024-11-25T06:43:23.856+0000] {dag.py:4180} INFO - Setting next_dagrun for example_external_task_marker_parent to None, run_after=None
[2024-11-25T06:43:23.884+0000] {processor.py:208} INFO - Processing /home/airflow/.local/lib/python3.12/site-packages/airflow/example_dags/example_external_task_marker_dag.py took 0.104 seconds
[2024-11-25T06:43:54.822+0000] {processor.py:186} INFO - Started process (PID=13906) to work on /home/airflow/.local/lib/python3.12/site-packages/airflow/example_dags/example_external_task_marker_dag.py
[2024-11-25T06:43:54.824+0000] {processor.py:914} INFO - Processing file /home/airflow/.local/lib/python3.12/site-packages/airflow/example_dags/example_external_task_marker_dag.py for tasks to queue
[2024-11-25T06:43:54.828+0000] {logging_mixin.py:190} INFO - [2024-11-25T06:43:54.828+0000] {dagbag.py:588} INFO - Filling up the DagBag from /home/airflow/.local/lib/python3.12/site-packages/airflow/example_dags/example_external_task_marker_dag.py
[2024-11-25T06:43:54.848+0000] {processor.py:925} INFO - DAG(s) 'example_external_task_marker_child', 'example_external_task_marker_parent' retrieved from /home/airflow/.local/lib/python3.12/site-packages/airflow/example_dags/example_external_task_marker_dag.py
[2024-11-25T06:43:54.937+0000] {logging_mixin.py:190} INFO - [2024-11-25T06:43:54.936+0000] {dag.py:3239} INFO - Sync 2 DAGs
[2024-11-25T06:43:55.020+0000] {logging_mixin.py:190} INFO - [2024-11-25T06:43:55.019+0000] {dag.py:4180} INFO - Setting next_dagrun for example_external_task_marker_child to None, run_after=None
[2024-11-25T06:43:55.046+0000] {logging_mixin.py:190} INFO - [2024-11-25T06:43:55.044+0000] {dag.py:4180} INFO - Setting next_dagrun for example_external_task_marker_parent to None, run_after=None
[2024-11-25T06:43:55.128+0000] {processor.py:208} INFO - Processing /home/airflow/.local/lib/python3.12/site-packages/airflow/example_dags/example_external_task_marker_dag.py took 0.320 seconds
