[2024-11-25T06:15:53.006+0000] {processor.py:186} INFO - Started process (PID=225) to work on /home/airflow/.local/lib/python3.12/site-packages/airflow/example_dags/example_latest_only.py
[2024-11-25T06:15:53.019+0000] {processor.py:914} INFO - Processing file /home/airflow/.local/lib/python3.12/site-packages/airflow/example_dags/example_latest_only.py for tasks to queue
[2024-11-25T06:15:53.026+0000] {logging_mixin.py:190} INFO - [2024-11-25T06:15:53.025+0000] {dagbag.py:588} INFO - Filling up the DagBag from /home/airflow/.local/lib/python3.12/site-packages/airflow/example_dags/example_latest_only.py
[2024-11-25T06:15:53.062+0000] {processor.py:925} INFO - DAG(s) 'latest_only' retrieved from /home/airflow/.local/lib/python3.12/site-packages/airflow/example_dags/example_latest_only.py
[2024-11-25T06:15:53.609+0000] {logging_mixin.py:190} INFO - [2024-11-25T06:15:53.607+0000] {override.py:1911} INFO - Created Permission View: can read on DAG:latest_only
[2024-11-25T06:15:53.696+0000] {logging_mixin.py:190} INFO - [2024-11-25T06:15:53.695+0000] {override.py:1911} INFO - Created Permission View: can delete on DAG:latest_only
[2024-11-25T06:15:53.760+0000] {logging_mixin.py:190} INFO - [2024-11-25T06:15:53.758+0000] {override.py:1911} INFO - Created Permission View: can edit on DAG:latest_only
[2024-11-25T06:15:53.800+0000] {logging_mixin.py:190} INFO - [2024-11-25T06:15:53.799+0000] {override.py:1911} INFO - Created Permission View: menu access on DAG Run:latest_only
[2024-11-25T06:15:53.847+0000] {logging_mixin.py:190} INFO - [2024-11-25T06:15:53.847+0000] {override.py:1911} INFO - Created Permission View: can read on DAG Run:latest_only
[2024-11-25T06:15:53.886+0000] {logging_mixin.py:190} INFO - [2024-11-25T06:15:53.881+0000] {override.py:1911} INFO - Created Permission View: can create on DAG Run:latest_only
[2024-11-25T06:15:53.943+0000] {logging_mixin.py:190} INFO - [2024-11-25T06:15:53.942+0000] {override.py:1911} INFO - Created Permission View: can delete on DAG Run:latest_only
[2024-11-25T06:15:53.962+0000] {logging_mixin.py:190} INFO - [2024-11-25T06:15:53.962+0000] {dag.py:3239} INFO - Sync 1 DAGs
[2024-11-25T06:15:54.037+0000] {logging_mixin.py:190} INFO - [2024-11-25T06:15:54.037+0000] {dag.py:3262} INFO - Creating ORM DAG for latest_only
[2024-11-25T06:15:54.100+0000] {logging_mixin.py:190} INFO - [2024-11-25T06:15:54.099+0000] {dag.py:4180} INFO - Setting next_dagrun for latest_only to 2024-11-25 00:00:00+00:00, run_after=2024-11-25 04:00:00+00:00
[2024-11-25T06:15:54.181+0000] {processor.py:208} INFO - Processing /home/airflow/.local/lib/python3.12/site-packages/airflow/example_dags/example_latest_only.py took 1.198 seconds
[2024-11-25T06:16:24.450+0000] {processor.py:186} INFO - Started process (PID=516) to work on /home/airflow/.local/lib/python3.12/site-packages/airflow/example_dags/example_latest_only.py
[2024-11-25T06:16:24.452+0000] {processor.py:914} INFO - Processing file /home/airflow/.local/lib/python3.12/site-packages/airflow/example_dags/example_latest_only.py for tasks to queue
[2024-11-25T06:16:24.456+0000] {logging_mixin.py:190} INFO - [2024-11-25T06:16:24.455+0000] {dagbag.py:588} INFO - Filling up the DagBag from /home/airflow/.local/lib/python3.12/site-packages/airflow/example_dags/example_latest_only.py
[2024-11-25T06:16:24.470+0000] {processor.py:925} INFO - DAG(s) 'latest_only' retrieved from /home/airflow/.local/lib/python3.12/site-packages/airflow/example_dags/example_latest_only.py
[2024-11-25T06:16:24.503+0000] {logging_mixin.py:190} INFO - [2024-11-25T06:16:24.503+0000] {dag.py:3239} INFO - Sync 1 DAGs
[2024-11-25T06:16:24.549+0000] {logging_mixin.py:190} INFO - [2024-11-25T06:16:24.549+0000] {dag.py:4180} INFO - Setting next_dagrun for latest_only to 2024-11-25 00:00:00+00:00, run_after=2024-11-25 04:00:00+00:00
[2024-11-25T06:16:24.596+0000] {processor.py:208} INFO - Processing /home/airflow/.local/lib/python3.12/site-packages/airflow/example_dags/example_latest_only.py took 0.155 seconds
[2024-11-25T06:16:54.742+0000] {processor.py:186} INFO - Started process (PID=807) to work on /home/airflow/.local/lib/python3.12/site-packages/airflow/example_dags/example_latest_only.py
[2024-11-25T06:16:54.746+0000] {processor.py:914} INFO - Processing file /home/airflow/.local/lib/python3.12/site-packages/airflow/example_dags/example_latest_only.py for tasks to queue
[2024-11-25T06:16:54.751+0000] {logging_mixin.py:190} INFO - [2024-11-25T06:16:54.751+0000] {dagbag.py:588} INFO - Filling up the DagBag from /home/airflow/.local/lib/python3.12/site-packages/airflow/example_dags/example_latest_only.py
[2024-11-25T06:16:54.766+0000] {processor.py:925} INFO - DAG(s) 'latest_only' retrieved from /home/airflow/.local/lib/python3.12/site-packages/airflow/example_dags/example_latest_only.py
[2024-11-25T06:16:54.814+0000] {logging_mixin.py:190} INFO - [2024-11-25T06:16:54.814+0000] {dag.py:3239} INFO - Sync 1 DAGs
[2024-11-25T06:16:54.909+0000] {logging_mixin.py:190} INFO - [2024-11-25T06:16:54.908+0000] {dag.py:4180} INFO - Setting next_dagrun for latest_only to 2024-11-25 00:00:00+00:00, run_after=2024-11-25 04:00:00+00:00
[2024-11-25T06:16:54.966+0000] {processor.py:208} INFO - Processing /home/airflow/.local/lib/python3.12/site-packages/airflow/example_dags/example_latest_only.py took 0.237 seconds
[2024-11-25T06:17:26.039+0000] {processor.py:186} INFO - Started process (PID=1098) to work on /home/airflow/.local/lib/python3.12/site-packages/airflow/example_dags/example_latest_only.py
[2024-11-25T06:17:26.041+0000] {processor.py:914} INFO - Processing file /home/airflow/.local/lib/python3.12/site-packages/airflow/example_dags/example_latest_only.py for tasks to queue
[2024-11-25T06:17:26.044+0000] {logging_mixin.py:190} INFO - [2024-11-25T06:17:26.044+0000] {dagbag.py:588} INFO - Filling up the DagBag from /home/airflow/.local/lib/python3.12/site-packages/airflow/example_dags/example_latest_only.py
[2024-11-25T06:17:26.056+0000] {processor.py:925} INFO - DAG(s) 'latest_only' retrieved from /home/airflow/.local/lib/python3.12/site-packages/airflow/example_dags/example_latest_only.py
[2024-11-25T06:17:26.086+0000] {logging_mixin.py:190} INFO - [2024-11-25T06:17:26.086+0000] {dag.py:3239} INFO - Sync 1 DAGs
[2024-11-25T06:17:26.129+0000] {logging_mixin.py:190} INFO - [2024-11-25T06:17:26.129+0000] {dag.py:4180} INFO - Setting next_dagrun for latest_only to 2024-11-25 00:00:00+00:00, run_after=2024-11-25 04:00:00+00:00
[2024-11-25T06:17:26.164+0000] {processor.py:208} INFO - Processing /home/airflow/.local/lib/python3.12/site-packages/airflow/example_dags/example_latest_only.py took 0.136 seconds
[2024-11-25T06:19:43.924+0000] {processor.py:186} INFO - Started process (PID=245) to work on /home/airflow/.local/lib/python3.12/site-packages/airflow/example_dags/example_latest_only.py
[2024-11-25T06:19:43.926+0000] {processor.py:914} INFO - Processing file /home/airflow/.local/lib/python3.12/site-packages/airflow/example_dags/example_latest_only.py for tasks to queue
[2024-11-25T06:19:43.931+0000] {logging_mixin.py:190} INFO - [2024-11-25T06:19:43.930+0000] {dagbag.py:588} INFO - Filling up the DagBag from /home/airflow/.local/lib/python3.12/site-packages/airflow/example_dags/example_latest_only.py
[2024-11-25T06:19:43.946+0000] {processor.py:925} INFO - DAG(s) 'latest_only' retrieved from /home/airflow/.local/lib/python3.12/site-packages/airflow/example_dags/example_latest_only.py
[2024-11-25T06:19:44.005+0000] {logging_mixin.py:190} INFO - [2024-11-25T06:19:44.005+0000] {dag.py:3239} INFO - Sync 1 DAGs
[2024-11-25T06:19:44.074+0000] {logging_mixin.py:190} INFO - [2024-11-25T06:19:44.073+0000] {dag.py:4180} INFO - Setting next_dagrun for latest_only to 2024-11-25 00:00:00+00:00, run_after=2024-11-25 04:00:00+00:00
[2024-11-25T06:19:44.119+0000] {processor.py:208} INFO - Processing /home/airflow/.local/lib/python3.12/site-packages/airflow/example_dags/example_latest_only.py took 0.206 seconds
[2024-11-25T06:20:14.257+0000] {processor.py:186} INFO - Started process (PID=538) to work on /home/airflow/.local/lib/python3.12/site-packages/airflow/example_dags/example_latest_only.py
[2024-11-25T06:20:14.258+0000] {processor.py:914} INFO - Processing file /home/airflow/.local/lib/python3.12/site-packages/airflow/example_dags/example_latest_only.py for tasks to queue
[2024-11-25T06:20:14.261+0000] {logging_mixin.py:190} INFO - [2024-11-25T06:20:14.261+0000] {dagbag.py:588} INFO - Filling up the DagBag from /home/airflow/.local/lib/python3.12/site-packages/airflow/example_dags/example_latest_only.py
[2024-11-25T06:20:14.271+0000] {processor.py:925} INFO - DAG(s) 'latest_only' retrieved from /home/airflow/.local/lib/python3.12/site-packages/airflow/example_dags/example_latest_only.py
[2024-11-25T06:20:14.305+0000] {logging_mixin.py:190} INFO - [2024-11-25T06:20:14.302+0000] {dag.py:3239} INFO - Sync 1 DAGs
[2024-11-25T06:20:14.349+0000] {logging_mixin.py:190} INFO - [2024-11-25T06:20:14.349+0000] {dag.py:4180} INFO - Setting next_dagrun for latest_only to 2024-11-25 00:00:00+00:00, run_after=2024-11-25 04:00:00+00:00
[2024-11-25T06:20:14.381+0000] {processor.py:208} INFO - Processing /home/airflow/.local/lib/python3.12/site-packages/airflow/example_dags/example_latest_only.py took 0.130 seconds
[2024-11-25T06:20:45.528+0000] {processor.py:186} INFO - Started process (PID=829) to work on /home/airflow/.local/lib/python3.12/site-packages/airflow/example_dags/example_latest_only.py
[2024-11-25T06:20:45.530+0000] {processor.py:914} INFO - Processing file /home/airflow/.local/lib/python3.12/site-packages/airflow/example_dags/example_latest_only.py for tasks to queue
[2024-11-25T06:20:45.533+0000] {logging_mixin.py:190} INFO - [2024-11-25T06:20:45.533+0000] {dagbag.py:588} INFO - Filling up the DagBag from /home/airflow/.local/lib/python3.12/site-packages/airflow/example_dags/example_latest_only.py
[2024-11-25T06:20:45.543+0000] {processor.py:925} INFO - DAG(s) 'latest_only' retrieved from /home/airflow/.local/lib/python3.12/site-packages/airflow/example_dags/example_latest_only.py
[2024-11-25T06:20:45.574+0000] {logging_mixin.py:190} INFO - [2024-11-25T06:20:45.573+0000] {dag.py:3239} INFO - Sync 1 DAGs
[2024-11-25T06:20:45.619+0000] {logging_mixin.py:190} INFO - [2024-11-25T06:20:45.619+0000] {dag.py:4180} INFO - Setting next_dagrun for latest_only to 2024-11-25 00:00:00+00:00, run_after=2024-11-25 04:00:00+00:00
[2024-11-25T06:20:45.673+0000] {processor.py:208} INFO - Processing /home/airflow/.local/lib/python3.12/site-packages/airflow/example_dags/example_latest_only.py took 0.153 seconds
[2024-11-25T06:21:16.102+0000] {processor.py:186} INFO - Started process (PID=1120) to work on /home/airflow/.local/lib/python3.12/site-packages/airflow/example_dags/example_latest_only.py
[2024-11-25T06:21:16.104+0000] {processor.py:914} INFO - Processing file /home/airflow/.local/lib/python3.12/site-packages/airflow/example_dags/example_latest_only.py for tasks to queue
[2024-11-25T06:21:16.108+0000] {logging_mixin.py:190} INFO - [2024-11-25T06:21:16.107+0000] {dagbag.py:588} INFO - Filling up the DagBag from /home/airflow/.local/lib/python3.12/site-packages/airflow/example_dags/example_latest_only.py
[2024-11-25T06:21:16.117+0000] {processor.py:925} INFO - DAG(s) 'latest_only' retrieved from /home/airflow/.local/lib/python3.12/site-packages/airflow/example_dags/example_latest_only.py
[2024-11-25T06:21:16.146+0000] {logging_mixin.py:190} INFO - [2024-11-25T06:21:16.146+0000] {dag.py:3239} INFO - Sync 1 DAGs
[2024-11-25T06:21:16.178+0000] {logging_mixin.py:190} INFO - [2024-11-25T06:21:16.178+0000] {dag.py:4180} INFO - Setting next_dagrun for latest_only to 2024-11-25 00:00:00+00:00, run_after=2024-11-25 04:00:00+00:00
[2024-11-25T06:21:16.207+0000] {processor.py:208} INFO - Processing /home/airflow/.local/lib/python3.12/site-packages/airflow/example_dags/example_latest_only.py took 0.112 seconds
[2024-11-25T06:21:46.401+0000] {processor.py:186} INFO - Started process (PID=1409) to work on /home/airflow/.local/lib/python3.12/site-packages/airflow/example_dags/example_latest_only.py
[2024-11-25T06:21:46.403+0000] {processor.py:914} INFO - Processing file /home/airflow/.local/lib/python3.12/site-packages/airflow/example_dags/example_latest_only.py for tasks to queue
[2024-11-25T06:21:46.407+0000] {logging_mixin.py:190} INFO - [2024-11-25T06:21:46.406+0000] {dagbag.py:588} INFO - Filling up the DagBag from /home/airflow/.local/lib/python3.12/site-packages/airflow/example_dags/example_latest_only.py
[2024-11-25T06:21:46.420+0000] {processor.py:925} INFO - DAG(s) 'latest_only' retrieved from /home/airflow/.local/lib/python3.12/site-packages/airflow/example_dags/example_latest_only.py
[2024-11-25T06:21:46.446+0000] {logging_mixin.py:190} INFO - [2024-11-25T06:21:46.446+0000] {dag.py:3239} INFO - Sync 1 DAGs
[2024-11-25T06:21:46.479+0000] {logging_mixin.py:190} INFO - [2024-11-25T06:21:46.479+0000] {dag.py:4180} INFO - Setting next_dagrun for latest_only to 2024-11-25 00:00:00+00:00, run_after=2024-11-25 04:00:00+00:00
[2024-11-25T06:21:46.508+0000] {processor.py:208} INFO - Processing /home/airflow/.local/lib/python3.12/site-packages/airflow/example_dags/example_latest_only.py took 0.117 seconds
[2024-11-25T06:22:17.242+0000] {processor.py:186} INFO - Started process (PID=1700) to work on /home/airflow/.local/lib/python3.12/site-packages/airflow/example_dags/example_latest_only.py
[2024-11-25T06:22:17.243+0000] {processor.py:914} INFO - Processing file /home/airflow/.local/lib/python3.12/site-packages/airflow/example_dags/example_latest_only.py for tasks to queue
[2024-11-25T06:22:17.246+0000] {logging_mixin.py:190} INFO - [2024-11-25T06:22:17.245+0000] {dagbag.py:588} INFO - Filling up the DagBag from /home/airflow/.local/lib/python3.12/site-packages/airflow/example_dags/example_latest_only.py
[2024-11-25T06:22:17.256+0000] {processor.py:925} INFO - DAG(s) 'latest_only' retrieved from /home/airflow/.local/lib/python3.12/site-packages/airflow/example_dags/example_latest_only.py
[2024-11-25T06:22:17.289+0000] {logging_mixin.py:190} INFO - [2024-11-25T06:22:17.289+0000] {dag.py:3239} INFO - Sync 1 DAGs
[2024-11-25T06:22:17.325+0000] {logging_mixin.py:190} INFO - [2024-11-25T06:22:17.324+0000] {dag.py:4180} INFO - Setting next_dagrun for latest_only to 2024-11-25 00:00:00+00:00, run_after=2024-11-25 04:00:00+00:00
[2024-11-25T06:22:17.364+0000] {processor.py:208} INFO - Processing /home/airflow/.local/lib/python3.12/site-packages/airflow/example_dags/example_latest_only.py took 0.130 seconds
[2024-11-25T06:22:47.876+0000] {processor.py:186} INFO - Started process (PID=1991) to work on /home/airflow/.local/lib/python3.12/site-packages/airflow/example_dags/example_latest_only.py
[2024-11-25T06:22:47.878+0000] {processor.py:914} INFO - Processing file /home/airflow/.local/lib/python3.12/site-packages/airflow/example_dags/example_latest_only.py for tasks to queue
[2024-11-25T06:22:47.881+0000] {logging_mixin.py:190} INFO - [2024-11-25T06:22:47.880+0000] {dagbag.py:588} INFO - Filling up the DagBag from /home/airflow/.local/lib/python3.12/site-packages/airflow/example_dags/example_latest_only.py
[2024-11-25T06:22:47.889+0000] {processor.py:925} INFO - DAG(s) 'latest_only' retrieved from /home/airflow/.local/lib/python3.12/site-packages/airflow/example_dags/example_latest_only.py
[2024-11-25T06:22:47.916+0000] {logging_mixin.py:190} INFO - [2024-11-25T06:22:47.916+0000] {dag.py:3239} INFO - Sync 1 DAGs
[2024-11-25T06:22:47.947+0000] {logging_mixin.py:190} INFO - [2024-11-25T06:22:47.946+0000] {dag.py:4180} INFO - Setting next_dagrun for latest_only to 2024-11-25 00:00:00+00:00, run_after=2024-11-25 04:00:00+00:00
[2024-11-25T06:22:47.991+0000] {processor.py:208} INFO - Processing /home/airflow/.local/lib/python3.12/site-packages/airflow/example_dags/example_latest_only.py took 0.121 seconds
[2024-11-25T06:23:18.360+0000] {processor.py:186} INFO - Started process (PID=2283) to work on /home/airflow/.local/lib/python3.12/site-packages/airflow/example_dags/example_latest_only.py
[2024-11-25T06:23:18.362+0000] {processor.py:914} INFO - Processing file /home/airflow/.local/lib/python3.12/site-packages/airflow/example_dags/example_latest_only.py for tasks to queue
[2024-11-25T06:23:18.369+0000] {logging_mixin.py:190} INFO - [2024-11-25T06:23:18.368+0000] {dagbag.py:588} INFO - Filling up the DagBag from /home/airflow/.local/lib/python3.12/site-packages/airflow/example_dags/example_latest_only.py
[2024-11-25T06:23:18.390+0000] {processor.py:925} INFO - DAG(s) 'latest_only' retrieved from /home/airflow/.local/lib/python3.12/site-packages/airflow/example_dags/example_latest_only.py
[2024-11-25T06:23:18.454+0000] {logging_mixin.py:190} INFO - [2024-11-25T06:23:18.454+0000] {dag.py:3239} INFO - Sync 1 DAGs
[2024-11-25T06:23:18.550+0000] {logging_mixin.py:190} INFO - [2024-11-25T06:23:18.549+0000] {dag.py:4180} INFO - Setting next_dagrun for latest_only to 2024-11-25 00:00:00+00:00, run_after=2024-11-25 04:00:00+00:00
[2024-11-25T06:23:18.609+0000] {processor.py:208} INFO - Processing /home/airflow/.local/lib/python3.12/site-packages/airflow/example_dags/example_latest_only.py took 0.268 seconds
[2024-11-25T06:23:49.224+0000] {processor.py:186} INFO - Started process (PID=2580) to work on /home/airflow/.local/lib/python3.12/site-packages/airflow/example_dags/example_latest_only.py
[2024-11-25T06:23:49.225+0000] {processor.py:914} INFO - Processing file /home/airflow/.local/lib/python3.12/site-packages/airflow/example_dags/example_latest_only.py for tasks to queue
[2024-11-25T06:23:49.228+0000] {logging_mixin.py:190} INFO - [2024-11-25T06:23:49.227+0000] {dagbag.py:588} INFO - Filling up the DagBag from /home/airflow/.local/lib/python3.12/site-packages/airflow/example_dags/example_latest_only.py
[2024-11-25T06:23:49.237+0000] {processor.py:925} INFO - DAG(s) 'latest_only' retrieved from /home/airflow/.local/lib/python3.12/site-packages/airflow/example_dags/example_latest_only.py
[2024-11-25T06:23:49.264+0000] {logging_mixin.py:190} INFO - [2024-11-25T06:23:49.263+0000] {dag.py:3239} INFO - Sync 1 DAGs
[2024-11-25T06:23:49.295+0000] {logging_mixin.py:190} INFO - [2024-11-25T06:23:49.295+0000] {dag.py:4180} INFO - Setting next_dagrun for latest_only to 2024-11-25 00:00:00+00:00, run_after=2024-11-25 04:00:00+00:00
[2024-11-25T06:23:49.326+0000] {processor.py:208} INFO - Processing /home/airflow/.local/lib/python3.12/site-packages/airflow/example_dags/example_latest_only.py took 0.110 seconds
[2024-11-25T06:24:20.163+0000] {processor.py:186} INFO - Started process (PID=2870) to work on /home/airflow/.local/lib/python3.12/site-packages/airflow/example_dags/example_latest_only.py
[2024-11-25T06:24:20.165+0000] {processor.py:914} INFO - Processing file /home/airflow/.local/lib/python3.12/site-packages/airflow/example_dags/example_latest_only.py for tasks to queue
[2024-11-25T06:24:20.168+0000] {logging_mixin.py:190} INFO - [2024-11-25T06:24:20.168+0000] {dagbag.py:588} INFO - Filling up the DagBag from /home/airflow/.local/lib/python3.12/site-packages/airflow/example_dags/example_latest_only.py
[2024-11-25T06:24:20.178+0000] {processor.py:925} INFO - DAG(s) 'latest_only' retrieved from /home/airflow/.local/lib/python3.12/site-packages/airflow/example_dags/example_latest_only.py
[2024-11-25T06:24:20.208+0000] {logging_mixin.py:190} INFO - [2024-11-25T06:24:20.208+0000] {dag.py:3239} INFO - Sync 1 DAGs
[2024-11-25T06:24:20.263+0000] {logging_mixin.py:190} INFO - [2024-11-25T06:24:20.263+0000] {dag.py:4180} INFO - Setting next_dagrun for latest_only to 2024-11-25 00:00:00+00:00, run_after=2024-11-25 04:00:00+00:00
[2024-11-25T06:24:20.301+0000] {processor.py:208} INFO - Processing /home/airflow/.local/lib/python3.12/site-packages/airflow/example_dags/example_latest_only.py took 0.146 seconds
[2024-11-25T06:24:50.649+0000] {processor.py:186} INFO - Started process (PID=3163) to work on /home/airflow/.local/lib/python3.12/site-packages/airflow/example_dags/example_latest_only.py
[2024-11-25T06:24:50.651+0000] {processor.py:914} INFO - Processing file /home/airflow/.local/lib/python3.12/site-packages/airflow/example_dags/example_latest_only.py for tasks to queue
[2024-11-25T06:24:50.654+0000] {logging_mixin.py:190} INFO - [2024-11-25T06:24:50.654+0000] {dagbag.py:588} INFO - Filling up the DagBag from /home/airflow/.local/lib/python3.12/site-packages/airflow/example_dags/example_latest_only.py
[2024-11-25T06:24:50.666+0000] {processor.py:925} INFO - DAG(s) 'latest_only' retrieved from /home/airflow/.local/lib/python3.12/site-packages/airflow/example_dags/example_latest_only.py
[2024-11-25T06:24:50.695+0000] {logging_mixin.py:190} INFO - [2024-11-25T06:24:50.695+0000] {dag.py:3239} INFO - Sync 1 DAGs
[2024-11-25T06:24:50.731+0000] {logging_mixin.py:190} INFO - [2024-11-25T06:24:50.731+0000] {dag.py:4180} INFO - Setting next_dagrun for latest_only to 2024-11-25 00:00:00+00:00, run_after=2024-11-25 04:00:00+00:00
[2024-11-25T06:24:50.764+0000] {processor.py:208} INFO - Processing /home/airflow/.local/lib/python3.12/site-packages/airflow/example_dags/example_latest_only.py took 0.121 seconds
[2024-11-25T06:25:21.000+0000] {processor.py:186} INFO - Started process (PID=3454) to work on /home/airflow/.local/lib/python3.12/site-packages/airflow/example_dags/example_latest_only.py
[2024-11-25T06:25:21.002+0000] {processor.py:914} INFO - Processing file /home/airflow/.local/lib/python3.12/site-packages/airflow/example_dags/example_latest_only.py for tasks to queue
[2024-11-25T06:25:21.007+0000] {logging_mixin.py:190} INFO - [2024-11-25T06:25:21.006+0000] {dagbag.py:588} INFO - Filling up the DagBag from /home/airflow/.local/lib/python3.12/site-packages/airflow/example_dags/example_latest_only.py
[2024-11-25T06:25:21.019+0000] {processor.py:925} INFO - DAG(s) 'latest_only' retrieved from /home/airflow/.local/lib/python3.12/site-packages/airflow/example_dags/example_latest_only.py
[2024-11-25T06:25:21.050+0000] {logging_mixin.py:190} INFO - [2024-11-25T06:25:21.050+0000] {dag.py:3239} INFO - Sync 1 DAGs
[2024-11-25T06:25:21.104+0000] {logging_mixin.py:190} INFO - [2024-11-25T06:25:21.103+0000] {dag.py:4180} INFO - Setting next_dagrun for latest_only to 2024-11-25 00:00:00+00:00, run_after=2024-11-25 04:00:00+00:00
[2024-11-25T06:25:21.180+0000] {processor.py:208} INFO - Processing /home/airflow/.local/lib/python3.12/site-packages/airflow/example_dags/example_latest_only.py took 0.190 seconds
[2024-11-25T06:25:52.310+0000] {processor.py:186} INFO - Started process (PID=3742) to work on /home/airflow/.local/lib/python3.12/site-packages/airflow/example_dags/example_latest_only.py
[2024-11-25T06:25:52.312+0000] {processor.py:914} INFO - Processing file /home/airflow/.local/lib/python3.12/site-packages/airflow/example_dags/example_latest_only.py for tasks to queue
[2024-11-25T06:25:52.316+0000] {logging_mixin.py:190} INFO - [2024-11-25T06:25:52.316+0000] {dagbag.py:588} INFO - Filling up the DagBag from /home/airflow/.local/lib/python3.12/site-packages/airflow/example_dags/example_latest_only.py
[2024-11-25T06:25:52.328+0000] {processor.py:925} INFO - DAG(s) 'latest_only' retrieved from /home/airflow/.local/lib/python3.12/site-packages/airflow/example_dags/example_latest_only.py
[2024-11-25T06:25:52.366+0000] {logging_mixin.py:190} INFO - [2024-11-25T06:25:52.366+0000] {dag.py:3239} INFO - Sync 1 DAGs
[2024-11-25T06:25:52.406+0000] {logging_mixin.py:190} INFO - [2024-11-25T06:25:52.406+0000] {dag.py:4180} INFO - Setting next_dagrun for latest_only to 2024-11-25 00:00:00+00:00, run_after=2024-11-25 04:00:00+00:00
[2024-11-25T06:25:52.441+0000] {processor.py:208} INFO - Processing /home/airflow/.local/lib/python3.12/site-packages/airflow/example_dags/example_latest_only.py took 0.143 seconds
[2024-11-25T06:26:23.568+0000] {processor.py:186} INFO - Started process (PID=4035) to work on /home/airflow/.local/lib/python3.12/site-packages/airflow/example_dags/example_latest_only.py
[2024-11-25T06:26:23.570+0000] {processor.py:914} INFO - Processing file /home/airflow/.local/lib/python3.12/site-packages/airflow/example_dags/example_latest_only.py for tasks to queue
[2024-11-25T06:26:23.577+0000] {logging_mixin.py:190} INFO - [2024-11-25T06:26:23.576+0000] {dagbag.py:588} INFO - Filling up the DagBag from /home/airflow/.local/lib/python3.12/site-packages/airflow/example_dags/example_latest_only.py
[2024-11-25T06:26:23.597+0000] {processor.py:925} INFO - DAG(s) 'latest_only' retrieved from /home/airflow/.local/lib/python3.12/site-packages/airflow/example_dags/example_latest_only.py
[2024-11-25T06:26:23.654+0000] {logging_mixin.py:190} INFO - [2024-11-25T06:26:23.653+0000] {dag.py:3239} INFO - Sync 1 DAGs
[2024-11-25T06:26:23.744+0000] {logging_mixin.py:190} INFO - [2024-11-25T06:26:23.743+0000] {dag.py:4180} INFO - Setting next_dagrun for latest_only to 2024-11-25 00:00:00+00:00, run_after=2024-11-25 04:00:00+00:00
[2024-11-25T06:26:23.812+0000] {processor.py:208} INFO - Processing /home/airflow/.local/lib/python3.12/site-packages/airflow/example_dags/example_latest_only.py took 0.258 seconds
[2024-11-25T06:26:54.108+0000] {processor.py:186} INFO - Started process (PID=4325) to work on /home/airflow/.local/lib/python3.12/site-packages/airflow/example_dags/example_latest_only.py
[2024-11-25T06:26:54.110+0000] {processor.py:914} INFO - Processing file /home/airflow/.local/lib/python3.12/site-packages/airflow/example_dags/example_latest_only.py for tasks to queue
[2024-11-25T06:26:54.113+0000] {logging_mixin.py:190} INFO - [2024-11-25T06:26:54.112+0000] {dagbag.py:588} INFO - Filling up the DagBag from /home/airflow/.local/lib/python3.12/site-packages/airflow/example_dags/example_latest_only.py
[2024-11-25T06:26:54.125+0000] {processor.py:925} INFO - DAG(s) 'latest_only' retrieved from /home/airflow/.local/lib/python3.12/site-packages/airflow/example_dags/example_latest_only.py
[2024-11-25T06:26:54.168+0000] {logging_mixin.py:190} INFO - [2024-11-25T06:26:54.167+0000] {dag.py:3239} INFO - Sync 1 DAGs
[2024-11-25T06:26:54.216+0000] {logging_mixin.py:190} INFO - [2024-11-25T06:26:54.216+0000] {dag.py:4180} INFO - Setting next_dagrun for latest_only to 2024-11-25 00:00:00+00:00, run_after=2024-11-25 04:00:00+00:00
[2024-11-25T06:26:54.258+0000] {processor.py:208} INFO - Processing /home/airflow/.local/lib/python3.12/site-packages/airflow/example_dags/example_latest_only.py took 0.159 seconds
[2024-11-25T06:27:24.889+0000] {processor.py:186} INFO - Started process (PID=4616) to work on /home/airflow/.local/lib/python3.12/site-packages/airflow/example_dags/example_latest_only.py
[2024-11-25T06:27:24.891+0000] {processor.py:914} INFO - Processing file /home/airflow/.local/lib/python3.12/site-packages/airflow/example_dags/example_latest_only.py for tasks to queue
[2024-11-25T06:27:24.895+0000] {logging_mixin.py:190} INFO - [2024-11-25T06:27:24.894+0000] {dagbag.py:588} INFO - Filling up the DagBag from /home/airflow/.local/lib/python3.12/site-packages/airflow/example_dags/example_latest_only.py
[2024-11-25T06:27:24.909+0000] {processor.py:925} INFO - DAG(s) 'latest_only' retrieved from /home/airflow/.local/lib/python3.12/site-packages/airflow/example_dags/example_latest_only.py
[2024-11-25T06:27:24.934+0000] {logging_mixin.py:190} INFO - [2024-11-25T06:27:24.934+0000] {dag.py:3239} INFO - Sync 1 DAGs
[2024-11-25T06:27:24.968+0000] {logging_mixin.py:190} INFO - [2024-11-25T06:27:24.968+0000] {dag.py:4180} INFO - Setting next_dagrun for latest_only to 2024-11-25 00:00:00+00:00, run_after=2024-11-25 04:00:00+00:00
[2024-11-25T06:27:25.007+0000] {processor.py:208} INFO - Processing /home/airflow/.local/lib/python3.12/site-packages/airflow/example_dags/example_latest_only.py took 0.125 seconds
[2024-11-25T06:27:56.092+0000] {processor.py:186} INFO - Started process (PID=4907) to work on /home/airflow/.local/lib/python3.12/site-packages/airflow/example_dags/example_latest_only.py
[2024-11-25T06:27:56.094+0000] {processor.py:914} INFO - Processing file /home/airflow/.local/lib/python3.12/site-packages/airflow/example_dags/example_latest_only.py for tasks to queue
[2024-11-25T06:27:56.097+0000] {logging_mixin.py:190} INFO - [2024-11-25T06:27:56.096+0000] {dagbag.py:588} INFO - Filling up the DagBag from /home/airflow/.local/lib/python3.12/site-packages/airflow/example_dags/example_latest_only.py
[2024-11-25T06:27:56.108+0000] {processor.py:925} INFO - DAG(s) 'latest_only' retrieved from /home/airflow/.local/lib/python3.12/site-packages/airflow/example_dags/example_latest_only.py
[2024-11-25T06:27:56.142+0000] {logging_mixin.py:190} INFO - [2024-11-25T06:27:56.141+0000] {dag.py:3239} INFO - Sync 1 DAGs
[2024-11-25T06:27:56.187+0000] {logging_mixin.py:190} INFO - [2024-11-25T06:27:56.187+0000] {dag.py:4180} INFO - Setting next_dagrun for latest_only to 2024-11-25 00:00:00+00:00, run_after=2024-11-25 04:00:00+00:00
[2024-11-25T06:27:56.229+0000] {processor.py:208} INFO - Processing /home/airflow/.local/lib/python3.12/site-packages/airflow/example_dags/example_latest_only.py took 0.145 seconds
[2024-11-25T06:28:27.429+0000] {processor.py:186} INFO - Started process (PID=5198) to work on /home/airflow/.local/lib/python3.12/site-packages/airflow/example_dags/example_latest_only.py
[2024-11-25T06:28:27.431+0000] {processor.py:914} INFO - Processing file /home/airflow/.local/lib/python3.12/site-packages/airflow/example_dags/example_latest_only.py for tasks to queue
[2024-11-25T06:28:27.437+0000] {logging_mixin.py:190} INFO - [2024-11-25T06:28:27.436+0000] {dagbag.py:588} INFO - Filling up the DagBag from /home/airflow/.local/lib/python3.12/site-packages/airflow/example_dags/example_latest_only.py
[2024-11-25T06:28:27.451+0000] {processor.py:925} INFO - DAG(s) 'latest_only' retrieved from /home/airflow/.local/lib/python3.12/site-packages/airflow/example_dags/example_latest_only.py
[2024-11-25T06:28:27.494+0000] {logging_mixin.py:190} INFO - [2024-11-25T06:28:27.494+0000] {dag.py:3239} INFO - Sync 1 DAGs
[2024-11-25T06:28:27.552+0000] {logging_mixin.py:190} INFO - [2024-11-25T06:28:27.551+0000] {dag.py:4180} INFO - Setting next_dagrun for latest_only to 2024-11-25 00:00:00+00:00, run_after=2024-11-25 04:00:00+00:00
[2024-11-25T06:28:27.585+0000] {processor.py:208} INFO - Processing /home/airflow/.local/lib/python3.12/site-packages/airflow/example_dags/example_latest_only.py took 0.166 seconds
[2024-11-25T06:28:57.709+0000] {processor.py:186} INFO - Started process (PID=5486) to work on /home/airflow/.local/lib/python3.12/site-packages/airflow/example_dags/example_latest_only.py
[2024-11-25T06:28:57.710+0000] {processor.py:914} INFO - Processing file /home/airflow/.local/lib/python3.12/site-packages/airflow/example_dags/example_latest_only.py for tasks to queue
[2024-11-25T06:28:57.713+0000] {logging_mixin.py:190} INFO - [2024-11-25T06:28:57.713+0000] {dagbag.py:588} INFO - Filling up the DagBag from /home/airflow/.local/lib/python3.12/site-packages/airflow/example_dags/example_latest_only.py
[2024-11-25T06:28:57.724+0000] {processor.py:925} INFO - DAG(s) 'latest_only' retrieved from /home/airflow/.local/lib/python3.12/site-packages/airflow/example_dags/example_latest_only.py
[2024-11-25T06:28:57.752+0000] {logging_mixin.py:190} INFO - [2024-11-25T06:28:57.751+0000] {dag.py:3239} INFO - Sync 1 DAGs
[2024-11-25T06:28:57.787+0000] {logging_mixin.py:190} INFO - [2024-11-25T06:28:57.786+0000] {dag.py:4180} INFO - Setting next_dagrun for latest_only to 2024-11-25 00:00:00+00:00, run_after=2024-11-25 04:00:00+00:00
[2024-11-25T06:28:57.817+0000] {processor.py:208} INFO - Processing /home/airflow/.local/lib/python3.12/site-packages/airflow/example_dags/example_latest_only.py took 0.114 seconds
[2024-11-25T06:29:28.624+0000] {processor.py:186} INFO - Started process (PID=5776) to work on /home/airflow/.local/lib/python3.12/site-packages/airflow/example_dags/example_latest_only.py
[2024-11-25T06:29:28.628+0000] {processor.py:914} INFO - Processing file /home/airflow/.local/lib/python3.12/site-packages/airflow/example_dags/example_latest_only.py for tasks to queue
[2024-11-25T06:29:28.636+0000] {logging_mixin.py:190} INFO - [2024-11-25T06:29:28.632+0000] {dagbag.py:588} INFO - Filling up the DagBag from /home/airflow/.local/lib/python3.12/site-packages/airflow/example_dags/example_latest_only.py
[2024-11-25T06:29:28.662+0000] {processor.py:925} INFO - DAG(s) 'latest_only' retrieved from /home/airflow/.local/lib/python3.12/site-packages/airflow/example_dags/example_latest_only.py
[2024-11-25T06:29:28.736+0000] {logging_mixin.py:190} INFO - [2024-11-25T06:29:28.735+0000] {dag.py:3239} INFO - Sync 1 DAGs
[2024-11-25T06:29:28.785+0000] {logging_mixin.py:190} INFO - [2024-11-25T06:29:28.785+0000] {dag.py:4180} INFO - Setting next_dagrun for latest_only to 2024-11-25 00:00:00+00:00, run_after=2024-11-25 04:00:00+00:00
[2024-11-25T06:29:28.821+0000] {processor.py:208} INFO - Processing /home/airflow/.local/lib/python3.12/site-packages/airflow/example_dags/example_latest_only.py took 0.217 seconds
[2024-11-25T06:29:59.349+0000] {processor.py:186} INFO - Started process (PID=6062) to work on /home/airflow/.local/lib/python3.12/site-packages/airflow/example_dags/example_latest_only.py
[2024-11-25T06:29:59.351+0000] {processor.py:914} INFO - Processing file /home/airflow/.local/lib/python3.12/site-packages/airflow/example_dags/example_latest_only.py for tasks to queue
[2024-11-25T06:29:59.355+0000] {logging_mixin.py:190} INFO - [2024-11-25T06:29:59.355+0000] {dagbag.py:588} INFO - Filling up the DagBag from /home/airflow/.local/lib/python3.12/site-packages/airflow/example_dags/example_latest_only.py
[2024-11-25T06:29:59.373+0000] {processor.py:925} INFO - DAG(s) 'latest_only' retrieved from /home/airflow/.local/lib/python3.12/site-packages/airflow/example_dags/example_latest_only.py
[2024-11-25T06:29:59.421+0000] {logging_mixin.py:190} INFO - [2024-11-25T06:29:59.421+0000] {dag.py:3239} INFO - Sync 1 DAGs
[2024-11-25T06:29:59.466+0000] {logging_mixin.py:190} INFO - [2024-11-25T06:29:59.466+0000] {dag.py:4180} INFO - Setting next_dagrun for latest_only to 2024-11-25 00:00:00+00:00, run_after=2024-11-25 04:00:00+00:00
[2024-11-25T06:29:59.501+0000] {processor.py:208} INFO - Processing /home/airflow/.local/lib/python3.12/site-packages/airflow/example_dags/example_latest_only.py took 0.168 seconds
[2024-11-25T06:30:32.149+0000] {processor.py:186} INFO - Started process (PID=6348) to work on /home/airflow/.local/lib/python3.12/site-packages/airflow/example_dags/example_latest_only.py
[2024-11-25T06:30:32.151+0000] {processor.py:914} INFO - Processing file /home/airflow/.local/lib/python3.12/site-packages/airflow/example_dags/example_latest_only.py for tasks to queue
[2024-11-25T06:30:32.156+0000] {logging_mixin.py:190} INFO - [2024-11-25T06:30:32.156+0000] {dagbag.py:588} INFO - Filling up the DagBag from /home/airflow/.local/lib/python3.12/site-packages/airflow/example_dags/example_latest_only.py
[2024-11-25T06:30:32.167+0000] {processor.py:925} INFO - DAG(s) 'latest_only' retrieved from /home/airflow/.local/lib/python3.12/site-packages/airflow/example_dags/example_latest_only.py
[2024-11-25T06:30:32.200+0000] {logging_mixin.py:190} INFO - [2024-11-25T06:30:32.200+0000] {dag.py:3239} INFO - Sync 1 DAGs
[2024-11-25T06:30:32.245+0000] {logging_mixin.py:190} INFO - [2024-11-25T06:30:32.245+0000] {dag.py:4180} INFO - Setting next_dagrun for latest_only to 2024-11-25 00:00:00+00:00, run_after=2024-11-25 04:00:00+00:00
[2024-11-25T06:30:32.285+0000] {processor.py:208} INFO - Processing /home/airflow/.local/lib/python3.12/site-packages/airflow/example_dags/example_latest_only.py took 0.147 seconds
[2024-11-25T06:31:02.646+0000] {processor.py:186} INFO - Started process (PID=6639) to work on /home/airflow/.local/lib/python3.12/site-packages/airflow/example_dags/example_latest_only.py
[2024-11-25T06:31:02.649+0000] {processor.py:914} INFO - Processing file /home/airflow/.local/lib/python3.12/site-packages/airflow/example_dags/example_latest_only.py for tasks to queue
[2024-11-25T06:31:02.655+0000] {logging_mixin.py:190} INFO - [2024-11-25T06:31:02.654+0000] {dagbag.py:588} INFO - Filling up the DagBag from /home/airflow/.local/lib/python3.12/site-packages/airflow/example_dags/example_latest_only.py
[2024-11-25T06:31:02.669+0000] {processor.py:925} INFO - DAG(s) 'latest_only' retrieved from /home/airflow/.local/lib/python3.12/site-packages/airflow/example_dags/example_latest_only.py
[2024-11-25T06:31:02.709+0000] {logging_mixin.py:190} INFO - [2024-11-25T06:31:02.708+0000] {dag.py:3239} INFO - Sync 1 DAGs
[2024-11-25T06:31:02.754+0000] {logging_mixin.py:190} INFO - [2024-11-25T06:31:02.754+0000] {dag.py:4180} INFO - Setting next_dagrun for latest_only to 2024-11-25 00:00:00+00:00, run_after=2024-11-25 04:00:00+00:00
[2024-11-25T06:31:02.789+0000] {processor.py:208} INFO - Processing /home/airflow/.local/lib/python3.12/site-packages/airflow/example_dags/example_latest_only.py took 0.152 seconds
[2024-11-25T06:31:34.434+0000] {processor.py:186} INFO - Started process (PID=6927) to work on /home/airflow/.local/lib/python3.12/site-packages/airflow/example_dags/example_latest_only.py
[2024-11-25T06:31:34.436+0000] {processor.py:914} INFO - Processing file /home/airflow/.local/lib/python3.12/site-packages/airflow/example_dags/example_latest_only.py for tasks to queue
[2024-11-25T06:31:34.441+0000] {logging_mixin.py:190} INFO - [2024-11-25T06:31:34.441+0000] {dagbag.py:588} INFO - Filling up the DagBag from /home/airflow/.local/lib/python3.12/site-packages/airflow/example_dags/example_latest_only.py
[2024-11-25T06:31:34.454+0000] {processor.py:925} INFO - DAG(s) 'latest_only' retrieved from /home/airflow/.local/lib/python3.12/site-packages/airflow/example_dags/example_latest_only.py
[2024-11-25T06:31:34.488+0000] {logging_mixin.py:190} INFO - [2024-11-25T06:31:34.488+0000] {dag.py:3239} INFO - Sync 1 DAGs
[2024-11-25T06:31:34.529+0000] {logging_mixin.py:190} INFO - [2024-11-25T06:31:34.529+0000] {dag.py:4180} INFO - Setting next_dagrun for latest_only to 2024-11-25 00:00:00+00:00, run_after=2024-11-25 04:00:00+00:00
[2024-11-25T06:31:34.562+0000] {processor.py:208} INFO - Processing /home/airflow/.local/lib/python3.12/site-packages/airflow/example_dags/example_latest_only.py took 0.137 seconds
[2024-11-25T06:32:04.771+0000] {processor.py:186} INFO - Started process (PID=7186) to work on /home/airflow/.local/lib/python3.12/site-packages/airflow/example_dags/example_latest_only.py
[2024-11-25T06:32:04.772+0000] {processor.py:914} INFO - Processing file /home/airflow/.local/lib/python3.12/site-packages/airflow/example_dags/example_latest_only.py for tasks to queue
[2024-11-25T06:32:04.775+0000] {logging_mixin.py:190} INFO - [2024-11-25T06:32:04.775+0000] {dagbag.py:588} INFO - Filling up the DagBag from /home/airflow/.local/lib/python3.12/site-packages/airflow/example_dags/example_latest_only.py
[2024-11-25T06:32:04.784+0000] {processor.py:925} INFO - DAG(s) 'latest_only' retrieved from /home/airflow/.local/lib/python3.12/site-packages/airflow/example_dags/example_latest_only.py
[2024-11-25T06:32:04.815+0000] {logging_mixin.py:190} INFO - [2024-11-25T06:32:04.815+0000] {dag.py:3239} INFO - Sync 1 DAGs
[2024-11-25T06:32:04.851+0000] {logging_mixin.py:190} INFO - [2024-11-25T06:32:04.851+0000] {dag.py:4180} INFO - Setting next_dagrun for latest_only to 2024-11-25 00:00:00+00:00, run_after=2024-11-25 04:00:00+00:00
[2024-11-25T06:32:04.891+0000] {processor.py:208} INFO - Processing /home/airflow/.local/lib/python3.12/site-packages/airflow/example_dags/example_latest_only.py took 0.128 seconds
[2024-11-25T06:32:35.644+0000] {processor.py:186} INFO - Started process (PID=7474) to work on /home/airflow/.local/lib/python3.12/site-packages/airflow/example_dags/example_latest_only.py
[2024-11-25T06:32:35.645+0000] {processor.py:914} INFO - Processing file /home/airflow/.local/lib/python3.12/site-packages/airflow/example_dags/example_latest_only.py for tasks to queue
[2024-11-25T06:32:35.648+0000] {logging_mixin.py:190} INFO - [2024-11-25T06:32:35.647+0000] {dagbag.py:588} INFO - Filling up the DagBag from /home/airflow/.local/lib/python3.12/site-packages/airflow/example_dags/example_latest_only.py
[2024-11-25T06:32:35.662+0000] {processor.py:925} INFO - DAG(s) 'latest_only' retrieved from /home/airflow/.local/lib/python3.12/site-packages/airflow/example_dags/example_latest_only.py
[2024-11-25T06:32:35.703+0000] {logging_mixin.py:190} INFO - [2024-11-25T06:32:35.703+0000] {dag.py:3239} INFO - Sync 1 DAGs
[2024-11-25T06:32:35.779+0000] {logging_mixin.py:190} INFO - [2024-11-25T06:32:35.779+0000] {dag.py:4180} INFO - Setting next_dagrun for latest_only to 2024-11-25 00:00:00+00:00, run_after=2024-11-25 04:00:00+00:00
[2024-11-25T06:32:35.848+0000] {processor.py:208} INFO - Processing /home/airflow/.local/lib/python3.12/site-packages/airflow/example_dags/example_latest_only.py took 0.213 seconds
[2024-11-25T06:33:05.946+0000] {processor.py:186} INFO - Started process (PID=7765) to work on /home/airflow/.local/lib/python3.12/site-packages/airflow/example_dags/example_latest_only.py
[2024-11-25T06:33:05.948+0000] {processor.py:914} INFO - Processing file /home/airflow/.local/lib/python3.12/site-packages/airflow/example_dags/example_latest_only.py for tasks to queue
[2024-11-25T06:33:05.951+0000] {logging_mixin.py:190} INFO - [2024-11-25T06:33:05.951+0000] {dagbag.py:588} INFO - Filling up the DagBag from /home/airflow/.local/lib/python3.12/site-packages/airflow/example_dags/example_latest_only.py
[2024-11-25T06:33:05.960+0000] {processor.py:925} INFO - DAG(s) 'latest_only' retrieved from /home/airflow/.local/lib/python3.12/site-packages/airflow/example_dags/example_latest_only.py
[2024-11-25T06:33:05.989+0000] {logging_mixin.py:190} INFO - [2024-11-25T06:33:05.989+0000] {dag.py:3239} INFO - Sync 1 DAGs
[2024-11-25T06:33:06.021+0000] {logging_mixin.py:190} INFO - [2024-11-25T06:33:06.021+0000] {dag.py:4180} INFO - Setting next_dagrun for latest_only to 2024-11-25 00:00:00+00:00, run_after=2024-11-25 04:00:00+00:00
[2024-11-25T06:33:06.048+0000] {processor.py:208} INFO - Processing /home/airflow/.local/lib/python3.12/site-packages/airflow/example_dags/example_latest_only.py took 0.109 seconds
[2024-11-25T06:33:36.577+0000] {processor.py:186} INFO - Started process (PID=8051) to work on /home/airflow/.local/lib/python3.12/site-packages/airflow/example_dags/example_latest_only.py
[2024-11-25T06:33:36.579+0000] {processor.py:914} INFO - Processing file /home/airflow/.local/lib/python3.12/site-packages/airflow/example_dags/example_latest_only.py for tasks to queue
[2024-11-25T06:33:36.584+0000] {logging_mixin.py:190} INFO - [2024-11-25T06:33:36.583+0000] {dagbag.py:588} INFO - Filling up the DagBag from /home/airflow/.local/lib/python3.12/site-packages/airflow/example_dags/example_latest_only.py
[2024-11-25T06:33:36.598+0000] {processor.py:925} INFO - DAG(s) 'latest_only' retrieved from /home/airflow/.local/lib/python3.12/site-packages/airflow/example_dags/example_latest_only.py
[2024-11-25T06:33:36.627+0000] {logging_mixin.py:190} INFO - [2024-11-25T06:33:36.626+0000] {dag.py:3239} INFO - Sync 1 DAGs
[2024-11-25T06:33:36.668+0000] {logging_mixin.py:190} INFO - [2024-11-25T06:33:36.668+0000] {dag.py:4180} INFO - Setting next_dagrun for latest_only to 2024-11-25 00:00:00+00:00, run_after=2024-11-25 04:00:00+00:00
[2024-11-25T06:33:36.697+0000] {processor.py:208} INFO - Processing /home/airflow/.local/lib/python3.12/site-packages/airflow/example_dags/example_latest_only.py took 0.129 seconds
[2024-11-25T06:34:07.033+0000] {processor.py:186} INFO - Started process (PID=8342) to work on /home/airflow/.local/lib/python3.12/site-packages/airflow/example_dags/example_latest_only.py
[2024-11-25T06:34:07.034+0000] {processor.py:914} INFO - Processing file /home/airflow/.local/lib/python3.12/site-packages/airflow/example_dags/example_latest_only.py for tasks to queue
[2024-11-25T06:34:07.037+0000] {logging_mixin.py:190} INFO - [2024-11-25T06:34:07.037+0000] {dagbag.py:588} INFO - Filling up the DagBag from /home/airflow/.local/lib/python3.12/site-packages/airflow/example_dags/example_latest_only.py
[2024-11-25T06:34:07.047+0000] {processor.py:925} INFO - DAG(s) 'latest_only' retrieved from /home/airflow/.local/lib/python3.12/site-packages/airflow/example_dags/example_latest_only.py
[2024-11-25T06:34:07.080+0000] {logging_mixin.py:190} INFO - [2024-11-25T06:34:07.079+0000] {dag.py:3239} INFO - Sync 1 DAGs
[2024-11-25T06:34:07.128+0000] {logging_mixin.py:190} INFO - [2024-11-25T06:34:07.128+0000] {dag.py:4180} INFO - Setting next_dagrun for latest_only to 2024-11-25 00:00:00+00:00, run_after=2024-11-25 04:00:00+00:00
[2024-11-25T06:34:07.169+0000] {processor.py:208} INFO - Processing /home/airflow/.local/lib/python3.12/site-packages/airflow/example_dags/example_latest_only.py took 0.143 seconds
[2024-11-25T06:34:37.312+0000] {processor.py:186} INFO - Started process (PID=8633) to work on /home/airflow/.local/lib/python3.12/site-packages/airflow/example_dags/example_latest_only.py
[2024-11-25T06:34:37.314+0000] {processor.py:914} INFO - Processing file /home/airflow/.local/lib/python3.12/site-packages/airflow/example_dags/example_latest_only.py for tasks to queue
[2024-11-25T06:34:37.317+0000] {logging_mixin.py:190} INFO - [2024-11-25T06:34:37.317+0000] {dagbag.py:588} INFO - Filling up the DagBag from /home/airflow/.local/lib/python3.12/site-packages/airflow/example_dags/example_latest_only.py
[2024-11-25T06:34:37.327+0000] {processor.py:925} INFO - DAG(s) 'latest_only' retrieved from /home/airflow/.local/lib/python3.12/site-packages/airflow/example_dags/example_latest_only.py
[2024-11-25T06:34:37.360+0000] {logging_mixin.py:190} INFO - [2024-11-25T06:34:37.360+0000] {dag.py:3239} INFO - Sync 1 DAGs
[2024-11-25T06:34:37.421+0000] {logging_mixin.py:190} INFO - [2024-11-25T06:34:37.420+0000] {dag.py:4180} INFO - Setting next_dagrun for latest_only to 2024-11-25 00:00:00+00:00, run_after=2024-11-25 04:00:00+00:00
[2024-11-25T06:34:37.457+0000] {processor.py:208} INFO - Processing /home/airflow/.local/lib/python3.12/site-packages/airflow/example_dags/example_latest_only.py took 0.152 seconds
[2024-11-25T06:35:07.595+0000] {processor.py:186} INFO - Started process (PID=8924) to work on /home/airflow/.local/lib/python3.12/site-packages/airflow/example_dags/example_latest_only.py
[2024-11-25T06:35:07.596+0000] {processor.py:914} INFO - Processing file /home/airflow/.local/lib/python3.12/site-packages/airflow/example_dags/example_latest_only.py for tasks to queue
[2024-11-25T06:35:07.608+0000] {logging_mixin.py:190} INFO - [2024-11-25T06:35:07.607+0000] {dagbag.py:588} INFO - Filling up the DagBag from /home/airflow/.local/lib/python3.12/site-packages/airflow/example_dags/example_latest_only.py
[2024-11-25T06:35:07.624+0000] {processor.py:925} INFO - DAG(s) 'latest_only' retrieved from /home/airflow/.local/lib/python3.12/site-packages/airflow/example_dags/example_latest_only.py
[2024-11-25T06:35:07.655+0000] {logging_mixin.py:190} INFO - [2024-11-25T06:35:07.654+0000] {dag.py:3239} INFO - Sync 1 DAGs
[2024-11-25T06:35:07.703+0000] {logging_mixin.py:190} INFO - [2024-11-25T06:35:07.702+0000] {dag.py:4180} INFO - Setting next_dagrun for latest_only to 2024-11-25 00:00:00+00:00, run_after=2024-11-25 04:00:00+00:00
[2024-11-25T06:35:07.737+0000] {processor.py:208} INFO - Processing /home/airflow/.local/lib/python3.12/site-packages/airflow/example_dags/example_latest_only.py took 0.150 seconds
[2024-11-25T06:35:38.141+0000] {processor.py:186} INFO - Started process (PID=9215) to work on /home/airflow/.local/lib/python3.12/site-packages/airflow/example_dags/example_latest_only.py
[2024-11-25T06:35:38.142+0000] {processor.py:914} INFO - Processing file /home/airflow/.local/lib/python3.12/site-packages/airflow/example_dags/example_latest_only.py for tasks to queue
[2024-11-25T06:35:38.148+0000] {logging_mixin.py:190} INFO - [2024-11-25T06:35:38.148+0000] {dagbag.py:588} INFO - Filling up the DagBag from /home/airflow/.local/lib/python3.12/site-packages/airflow/example_dags/example_latest_only.py
[2024-11-25T06:35:38.174+0000] {processor.py:925} INFO - DAG(s) 'latest_only' retrieved from /home/airflow/.local/lib/python3.12/site-packages/airflow/example_dags/example_latest_only.py
[2024-11-25T06:35:38.224+0000] {logging_mixin.py:190} INFO - [2024-11-25T06:35:38.224+0000] {dag.py:3239} INFO - Sync 1 DAGs
[2024-11-25T06:35:38.276+0000] {logging_mixin.py:190} INFO - [2024-11-25T06:35:38.276+0000] {dag.py:4180} INFO - Setting next_dagrun for latest_only to 2024-11-25 00:00:00+00:00, run_after=2024-11-25 04:00:00+00:00
[2024-11-25T06:35:38.326+0000] {processor.py:208} INFO - Processing /home/airflow/.local/lib/python3.12/site-packages/airflow/example_dags/example_latest_only.py took 0.210 seconds
[2024-11-25T06:36:08.996+0000] {processor.py:186} INFO - Started process (PID=9504) to work on /home/airflow/.local/lib/python3.12/site-packages/airflow/example_dags/example_latest_only.py
[2024-11-25T06:36:09.001+0000] {processor.py:914} INFO - Processing file /home/airflow/.local/lib/python3.12/site-packages/airflow/example_dags/example_latest_only.py for tasks to queue
[2024-11-25T06:36:09.012+0000] {logging_mixin.py:190} INFO - [2024-11-25T06:36:09.011+0000] {dagbag.py:588} INFO - Filling up the DagBag from /home/airflow/.local/lib/python3.12/site-packages/airflow/example_dags/example_latest_only.py
[2024-11-25T06:36:09.038+0000] {processor.py:925} INFO - DAG(s) 'latest_only' retrieved from /home/airflow/.local/lib/python3.12/site-packages/airflow/example_dags/example_latest_only.py
[2024-11-25T06:36:09.091+0000] {logging_mixin.py:190} INFO - [2024-11-25T06:36:09.090+0000] {dag.py:3239} INFO - Sync 1 DAGs
[2024-11-25T06:36:09.158+0000] {logging_mixin.py:190} INFO - [2024-11-25T06:36:09.158+0000] {dag.py:4180} INFO - Setting next_dagrun for latest_only to 2024-11-25 00:00:00+00:00, run_after=2024-11-25 04:00:00+00:00
[2024-11-25T06:36:09.196+0000] {processor.py:208} INFO - Processing /home/airflow/.local/lib/python3.12/site-packages/airflow/example_dags/example_latest_only.py took 0.221 seconds
[2024-11-25T06:36:39.306+0000] {processor.py:186} INFO - Started process (PID=9795) to work on /home/airflow/.local/lib/python3.12/site-packages/airflow/example_dags/example_latest_only.py
[2024-11-25T06:36:39.307+0000] {processor.py:914} INFO - Processing file /home/airflow/.local/lib/python3.12/site-packages/airflow/example_dags/example_latest_only.py for tasks to queue
[2024-11-25T06:36:39.311+0000] {logging_mixin.py:190} INFO - [2024-11-25T06:36:39.310+0000] {dagbag.py:588} INFO - Filling up the DagBag from /home/airflow/.local/lib/python3.12/site-packages/airflow/example_dags/example_latest_only.py
[2024-11-25T06:36:39.321+0000] {processor.py:925} INFO - DAG(s) 'latest_only' retrieved from /home/airflow/.local/lib/python3.12/site-packages/airflow/example_dags/example_latest_only.py
[2024-11-25T06:36:39.354+0000] {logging_mixin.py:190} INFO - [2024-11-25T06:36:39.354+0000] {dag.py:3239} INFO - Sync 1 DAGs
[2024-11-25T06:36:39.405+0000] {logging_mixin.py:190} INFO - [2024-11-25T06:36:39.404+0000] {dag.py:4180} INFO - Setting next_dagrun for latest_only to 2024-11-25 00:00:00+00:00, run_after=2024-11-25 04:00:00+00:00
[2024-11-25T06:36:39.462+0000] {processor.py:208} INFO - Processing /home/airflow/.local/lib/python3.12/site-packages/airflow/example_dags/example_latest_only.py took 0.166 seconds
[2024-11-25T06:37:09.760+0000] {processor.py:186} INFO - Started process (PID=10086) to work on /home/airflow/.local/lib/python3.12/site-packages/airflow/example_dags/example_latest_only.py
[2024-11-25T06:37:09.761+0000] {processor.py:914} INFO - Processing file /home/airflow/.local/lib/python3.12/site-packages/airflow/example_dags/example_latest_only.py for tasks to queue
[2024-11-25T06:37:09.764+0000] {logging_mixin.py:190} INFO - [2024-11-25T06:37:09.763+0000] {dagbag.py:588} INFO - Filling up the DagBag from /home/airflow/.local/lib/python3.12/site-packages/airflow/example_dags/example_latest_only.py
[2024-11-25T06:37:09.772+0000] {processor.py:925} INFO - DAG(s) 'latest_only' retrieved from /home/airflow/.local/lib/python3.12/site-packages/airflow/example_dags/example_latest_only.py
[2024-11-25T06:37:09.796+0000] {logging_mixin.py:190} INFO - [2024-11-25T06:37:09.796+0000] {dag.py:3239} INFO - Sync 1 DAGs
[2024-11-25T06:37:09.827+0000] {logging_mixin.py:190} INFO - [2024-11-25T06:37:09.827+0000] {dag.py:4180} INFO - Setting next_dagrun for latest_only to 2024-11-25 00:00:00+00:00, run_after=2024-11-25 04:00:00+00:00
[2024-11-25T06:37:09.859+0000] {processor.py:208} INFO - Processing /home/airflow/.local/lib/python3.12/site-packages/airflow/example_dags/example_latest_only.py took 0.107 seconds
[2024-11-25T06:37:40.374+0000] {processor.py:186} INFO - Started process (PID=10374) to work on /home/airflow/.local/lib/python3.12/site-packages/airflow/example_dags/example_latest_only.py
[2024-11-25T06:37:40.375+0000] {processor.py:914} INFO - Processing file /home/airflow/.local/lib/python3.12/site-packages/airflow/example_dags/example_latest_only.py for tasks to queue
[2024-11-25T06:37:40.378+0000] {logging_mixin.py:190} INFO - [2024-11-25T06:37:40.377+0000] {dagbag.py:588} INFO - Filling up the DagBag from /home/airflow/.local/lib/python3.12/site-packages/airflow/example_dags/example_latest_only.py
[2024-11-25T06:37:40.386+0000] {processor.py:925} INFO - DAG(s) 'latest_only' retrieved from /home/airflow/.local/lib/python3.12/site-packages/airflow/example_dags/example_latest_only.py
[2024-11-25T06:37:40.410+0000] {logging_mixin.py:190} INFO - [2024-11-25T06:37:40.409+0000] {dag.py:3239} INFO - Sync 1 DAGs
[2024-11-25T06:37:40.448+0000] {logging_mixin.py:190} INFO - [2024-11-25T06:37:40.447+0000] {dag.py:4180} INFO - Setting next_dagrun for latest_only to 2024-11-25 00:00:00+00:00, run_after=2024-11-25 04:00:00+00:00
[2024-11-25T06:37:40.491+0000] {processor.py:208} INFO - Processing /home/airflow/.local/lib/python3.12/site-packages/airflow/example_dags/example_latest_only.py took 0.124 seconds
[2024-11-25T06:38:12.664+0000] {processor.py:186} INFO - Started process (PID=10663) to work on /home/airflow/.local/lib/python3.12/site-packages/airflow/example_dags/example_latest_only.py
[2024-11-25T06:38:12.667+0000] {processor.py:914} INFO - Processing file /home/airflow/.local/lib/python3.12/site-packages/airflow/example_dags/example_latest_only.py for tasks to queue
[2024-11-25T06:38:12.680+0000] {logging_mixin.py:190} INFO - [2024-11-25T06:38:12.679+0000] {dagbag.py:588} INFO - Filling up the DagBag from /home/airflow/.local/lib/python3.12/site-packages/airflow/example_dags/example_latest_only.py
[2024-11-25T06:38:12.705+0000] {processor.py:925} INFO - DAG(s) 'latest_only' retrieved from /home/airflow/.local/lib/python3.12/site-packages/airflow/example_dags/example_latest_only.py
[2024-11-25T06:38:12.773+0000] {logging_mixin.py:190} INFO - [2024-11-25T06:38:12.773+0000] {dag.py:3239} INFO - Sync 1 DAGs
[2024-11-25T06:38:12.887+0000] {logging_mixin.py:190} INFO - [2024-11-25T06:38:12.886+0000] {dag.py:4180} INFO - Setting next_dagrun for latest_only to 2024-11-25 00:00:00+00:00, run_after=2024-11-25 04:00:00+00:00
[2024-11-25T06:38:12.995+0000] {processor.py:208} INFO - Processing /home/airflow/.local/lib/python3.12/site-packages/airflow/example_dags/example_latest_only.py took 0.353 seconds
[2024-11-25T06:38:43.114+0000] {processor.py:186} INFO - Started process (PID=10954) to work on /home/airflow/.local/lib/python3.12/site-packages/airflow/example_dags/example_latest_only.py
[2024-11-25T06:38:43.115+0000] {processor.py:914} INFO - Processing file /home/airflow/.local/lib/python3.12/site-packages/airflow/example_dags/example_latest_only.py for tasks to queue
[2024-11-25T06:38:43.118+0000] {logging_mixin.py:190} INFO - [2024-11-25T06:38:43.118+0000] {dagbag.py:588} INFO - Filling up the DagBag from /home/airflow/.local/lib/python3.12/site-packages/airflow/example_dags/example_latest_only.py
[2024-11-25T06:38:43.126+0000] {processor.py:925} INFO - DAG(s) 'latest_only' retrieved from /home/airflow/.local/lib/python3.12/site-packages/airflow/example_dags/example_latest_only.py
[2024-11-25T06:38:43.186+0000] {logging_mixin.py:190} INFO - [2024-11-25T06:38:43.185+0000] {dag.py:3239} INFO - Sync 1 DAGs
[2024-11-25T06:38:43.230+0000] {logging_mixin.py:190} INFO - [2024-11-25T06:38:43.230+0000] {dag.py:4180} INFO - Setting next_dagrun for latest_only to 2024-11-25 00:00:00+00:00, run_after=2024-11-25 04:00:00+00:00
[2024-11-25T06:38:43.259+0000] {processor.py:208} INFO - Processing /home/airflow/.local/lib/python3.12/site-packages/airflow/example_dags/example_latest_only.py took 0.151 seconds
[2024-11-25T06:39:13.877+0000] {processor.py:186} INFO - Started process (PID=11237) to work on /home/airflow/.local/lib/python3.12/site-packages/airflow/example_dags/example_latest_only.py
[2024-11-25T06:39:13.880+0000] {processor.py:914} INFO - Processing file /home/airflow/.local/lib/python3.12/site-packages/airflow/example_dags/example_latest_only.py for tasks to queue
[2024-11-25T06:39:13.883+0000] {logging_mixin.py:190} INFO - [2024-11-25T06:39:13.883+0000] {dagbag.py:588} INFO - Filling up the DagBag from /home/airflow/.local/lib/python3.12/site-packages/airflow/example_dags/example_latest_only.py
[2024-11-25T06:39:13.903+0000] {processor.py:925} INFO - DAG(s) 'latest_only' retrieved from /home/airflow/.local/lib/python3.12/site-packages/airflow/example_dags/example_latest_only.py
[2024-11-25T06:39:13.965+0000] {logging_mixin.py:190} INFO - [2024-11-25T06:39:13.964+0000] {dag.py:3239} INFO - Sync 1 DAGs
[2024-11-25T06:39:14.052+0000] {logging_mixin.py:190} INFO - [2024-11-25T06:39:14.052+0000] {dag.py:4180} INFO - Setting next_dagrun for latest_only to 2024-11-25 00:00:00+00:00, run_after=2024-11-25 04:00:00+00:00
[2024-11-25T06:39:14.088+0000] {processor.py:208} INFO - Processing /home/airflow/.local/lib/python3.12/site-packages/airflow/example_dags/example_latest_only.py took 0.221 seconds
[2024-11-25T06:39:44.382+0000] {processor.py:186} INFO - Started process (PID=11528) to work on /home/airflow/.local/lib/python3.12/site-packages/airflow/example_dags/example_latest_only.py
[2024-11-25T06:39:44.384+0000] {processor.py:914} INFO - Processing file /home/airflow/.local/lib/python3.12/site-packages/airflow/example_dags/example_latest_only.py for tasks to queue
[2024-11-25T06:39:44.388+0000] {logging_mixin.py:190} INFO - [2024-11-25T06:39:44.388+0000] {dagbag.py:588} INFO - Filling up the DagBag from /home/airflow/.local/lib/python3.12/site-packages/airflow/example_dags/example_latest_only.py
[2024-11-25T06:39:44.412+0000] {processor.py:925} INFO - DAG(s) 'latest_only' retrieved from /home/airflow/.local/lib/python3.12/site-packages/airflow/example_dags/example_latest_only.py
[2024-11-25T06:39:44.494+0000] {logging_mixin.py:190} INFO - [2024-11-25T06:39:44.493+0000] {dag.py:3239} INFO - Sync 1 DAGs
[2024-11-25T06:39:44.584+0000] {logging_mixin.py:190} INFO - [2024-11-25T06:39:44.583+0000] {dag.py:4180} INFO - Setting next_dagrun for latest_only to 2024-11-25 00:00:00+00:00, run_after=2024-11-25 04:00:00+00:00
[2024-11-25T06:39:44.645+0000] {processor.py:208} INFO - Processing /home/airflow/.local/lib/python3.12/site-packages/airflow/example_dags/example_latest_only.py took 0.279 seconds
[2024-11-25T06:40:15.614+0000] {processor.py:186} INFO - Started process (PID=11819) to work on /home/airflow/.local/lib/python3.12/site-packages/airflow/example_dags/example_latest_only.py
[2024-11-25T06:40:15.616+0000] {processor.py:914} INFO - Processing file /home/airflow/.local/lib/python3.12/site-packages/airflow/example_dags/example_latest_only.py for tasks to queue
[2024-11-25T06:40:15.620+0000] {logging_mixin.py:190} INFO - [2024-11-25T06:40:15.620+0000] {dagbag.py:588} INFO - Filling up the DagBag from /home/airflow/.local/lib/python3.12/site-packages/airflow/example_dags/example_latest_only.py
[2024-11-25T06:40:15.636+0000] {processor.py:925} INFO - DAG(s) 'latest_only' retrieved from /home/airflow/.local/lib/python3.12/site-packages/airflow/example_dags/example_latest_only.py
[2024-11-25T06:40:15.676+0000] {logging_mixin.py:190} INFO - [2024-11-25T06:40:15.676+0000] {dag.py:3239} INFO - Sync 1 DAGs
[2024-11-25T06:40:15.729+0000] {logging_mixin.py:190} INFO - [2024-11-25T06:40:15.728+0000] {dag.py:4180} INFO - Setting next_dagrun for latest_only to 2024-11-25 00:00:00+00:00, run_after=2024-11-25 04:00:00+00:00
[2024-11-25T06:40:15.765+0000] {processor.py:208} INFO - Processing /home/airflow/.local/lib/python3.12/site-packages/airflow/example_dags/example_latest_only.py took 0.161 seconds
[2024-11-25T06:40:46.027+0000] {processor.py:186} INFO - Started process (PID=12110) to work on /home/airflow/.local/lib/python3.12/site-packages/airflow/example_dags/example_latest_only.py
[2024-11-25T06:40:46.028+0000] {processor.py:914} INFO - Processing file /home/airflow/.local/lib/python3.12/site-packages/airflow/example_dags/example_latest_only.py for tasks to queue
[2024-11-25T06:40:46.031+0000] {logging_mixin.py:190} INFO - [2024-11-25T06:40:46.031+0000] {dagbag.py:588} INFO - Filling up the DagBag from /home/airflow/.local/lib/python3.12/site-packages/airflow/example_dags/example_latest_only.py
[2024-11-25T06:40:46.041+0000] {processor.py:925} INFO - DAG(s) 'latest_only' retrieved from /home/airflow/.local/lib/python3.12/site-packages/airflow/example_dags/example_latest_only.py
[2024-11-25T06:40:46.066+0000] {logging_mixin.py:190} INFO - [2024-11-25T06:40:46.066+0000] {dag.py:3239} INFO - Sync 1 DAGs
[2024-11-25T06:40:46.098+0000] {logging_mixin.py:190} INFO - [2024-11-25T06:40:46.098+0000] {dag.py:4180} INFO - Setting next_dagrun for latest_only to 2024-11-25 00:00:00+00:00, run_after=2024-11-25 04:00:00+00:00
[2024-11-25T06:40:46.127+0000] {processor.py:208} INFO - Processing /home/airflow/.local/lib/python3.12/site-packages/airflow/example_dags/example_latest_only.py took 0.107 seconds
[2024-11-25T06:41:16.204+0000] {processor.py:186} INFO - Started process (PID=12401) to work on /home/airflow/.local/lib/python3.12/site-packages/airflow/example_dags/example_latest_only.py
[2024-11-25T06:41:16.206+0000] {processor.py:914} INFO - Processing file /home/airflow/.local/lib/python3.12/site-packages/airflow/example_dags/example_latest_only.py for tasks to queue
[2024-11-25T06:41:16.209+0000] {logging_mixin.py:190} INFO - [2024-11-25T06:41:16.209+0000] {dagbag.py:588} INFO - Filling up the DagBag from /home/airflow/.local/lib/python3.12/site-packages/airflow/example_dags/example_latest_only.py
[2024-11-25T06:41:16.219+0000] {processor.py:925} INFO - DAG(s) 'latest_only' retrieved from /home/airflow/.local/lib/python3.12/site-packages/airflow/example_dags/example_latest_only.py
[2024-11-25T06:41:16.249+0000] {logging_mixin.py:190} INFO - [2024-11-25T06:41:16.248+0000] {dag.py:3239} INFO - Sync 1 DAGs
[2024-11-25T06:41:16.280+0000] {logging_mixin.py:190} INFO - [2024-11-25T06:41:16.280+0000] {dag.py:4180} INFO - Setting next_dagrun for latest_only to 2024-11-25 00:00:00+00:00, run_after=2024-11-25 04:00:00+00:00
[2024-11-25T06:41:16.310+0000] {processor.py:208} INFO - Processing /home/airflow/.local/lib/python3.12/site-packages/airflow/example_dags/example_latest_only.py took 0.114 seconds
[2024-11-25T06:41:46.636+0000] {processor.py:186} INFO - Started process (PID=12675) to work on /home/airflow/.local/lib/python3.12/site-packages/airflow/example_dags/example_latest_only.py
[2024-11-25T06:41:46.638+0000] {processor.py:914} INFO - Processing file /home/airflow/.local/lib/python3.12/site-packages/airflow/example_dags/example_latest_only.py for tasks to queue
[2024-11-25T06:41:46.641+0000] {logging_mixin.py:190} INFO - [2024-11-25T06:41:46.640+0000] {dagbag.py:588} INFO - Filling up the DagBag from /home/airflow/.local/lib/python3.12/site-packages/airflow/example_dags/example_latest_only.py
[2024-11-25T06:41:46.650+0000] {processor.py:925} INFO - DAG(s) 'latest_only' retrieved from /home/airflow/.local/lib/python3.12/site-packages/airflow/example_dags/example_latest_only.py
[2024-11-25T06:41:46.680+0000] {logging_mixin.py:190} INFO - [2024-11-25T06:41:46.680+0000] {dag.py:3239} INFO - Sync 1 DAGs
[2024-11-25T06:41:46.726+0000] {logging_mixin.py:190} INFO - [2024-11-25T06:41:46.725+0000] {dag.py:4180} INFO - Setting next_dagrun for latest_only to 2024-11-25 00:00:00+00:00, run_after=2024-11-25 04:00:00+00:00
[2024-11-25T06:41:46.761+0000] {processor.py:208} INFO - Processing /home/airflow/.local/lib/python3.12/site-packages/airflow/example_dags/example_latest_only.py took 0.131 seconds
[2024-11-25T06:42:18.121+0000] {processor.py:186} INFO - Started process (PID=12966) to work on /home/airflow/.local/lib/python3.12/site-packages/airflow/example_dags/example_latest_only.py
[2024-11-25T06:42:18.123+0000] {processor.py:914} INFO - Processing file /home/airflow/.local/lib/python3.12/site-packages/airflow/example_dags/example_latest_only.py for tasks to queue
[2024-11-25T06:42:18.128+0000] {logging_mixin.py:190} INFO - [2024-11-25T06:42:18.127+0000] {dagbag.py:588} INFO - Filling up the DagBag from /home/airflow/.local/lib/python3.12/site-packages/airflow/example_dags/example_latest_only.py
[2024-11-25T06:42:18.144+0000] {processor.py:925} INFO - DAG(s) 'latest_only' retrieved from /home/airflow/.local/lib/python3.12/site-packages/airflow/example_dags/example_latest_only.py
[2024-11-25T06:42:18.179+0000] {logging_mixin.py:190} INFO - [2024-11-25T06:42:18.179+0000] {dag.py:3239} INFO - Sync 1 DAGs
[2024-11-25T06:42:18.228+0000] {logging_mixin.py:190} INFO - [2024-11-25T06:42:18.228+0000] {dag.py:4180} INFO - Setting next_dagrun for latest_only to 2024-11-25 00:00:00+00:00, run_after=2024-11-25 04:00:00+00:00
[2024-11-25T06:42:18.288+0000] {processor.py:208} INFO - Processing /home/airflow/.local/lib/python3.12/site-packages/airflow/example_dags/example_latest_only.py took 0.179 seconds
[2024-11-25T06:42:48.373+0000] {processor.py:186} INFO - Started process (PID=13254) to work on /home/airflow/.local/lib/python3.12/site-packages/airflow/example_dags/example_latest_only.py
[2024-11-25T06:42:48.374+0000] {processor.py:914} INFO - Processing file /home/airflow/.local/lib/python3.12/site-packages/airflow/example_dags/example_latest_only.py for tasks to queue
[2024-11-25T06:42:48.376+0000] {logging_mixin.py:190} INFO - [2024-11-25T06:42:48.376+0000] {dagbag.py:588} INFO - Filling up the DagBag from /home/airflow/.local/lib/python3.12/site-packages/airflow/example_dags/example_latest_only.py
[2024-11-25T06:42:48.384+0000] {processor.py:925} INFO - DAG(s) 'latest_only' retrieved from /home/airflow/.local/lib/python3.12/site-packages/airflow/example_dags/example_latest_only.py
[2024-11-25T06:42:48.409+0000] {logging_mixin.py:190} INFO - [2024-11-25T06:42:48.408+0000] {dag.py:3239} INFO - Sync 1 DAGs
[2024-11-25T06:42:48.452+0000] {logging_mixin.py:190} INFO - [2024-11-25T06:42:48.451+0000] {dag.py:4180} INFO - Setting next_dagrun for latest_only to 2024-11-25 00:00:00+00:00, run_after=2024-11-25 04:00:00+00:00
[2024-11-25T06:42:48.520+0000] {processor.py:208} INFO - Processing /home/airflow/.local/lib/python3.12/site-packages/airflow/example_dags/example_latest_only.py took 0.154 seconds
[2024-11-25T06:43:19.158+0000] {processor.py:186} INFO - Started process (PID=13543) to work on /home/airflow/.local/lib/python3.12/site-packages/airflow/example_dags/example_latest_only.py
[2024-11-25T06:43:19.159+0000] {processor.py:914} INFO - Processing file /home/airflow/.local/lib/python3.12/site-packages/airflow/example_dags/example_latest_only.py for tasks to queue
[2024-11-25T06:43:19.163+0000] {logging_mixin.py:190} INFO - [2024-11-25T06:43:19.162+0000] {dagbag.py:588} INFO - Filling up the DagBag from /home/airflow/.local/lib/python3.12/site-packages/airflow/example_dags/example_latest_only.py
[2024-11-25T06:43:19.176+0000] {processor.py:925} INFO - DAG(s) 'latest_only' retrieved from /home/airflow/.local/lib/python3.12/site-packages/airflow/example_dags/example_latest_only.py
[2024-11-25T06:43:19.219+0000] {logging_mixin.py:190} INFO - [2024-11-25T06:43:19.218+0000] {dag.py:3239} INFO - Sync 1 DAGs
[2024-11-25T06:43:19.271+0000] {logging_mixin.py:190} INFO - [2024-11-25T06:43:19.271+0000] {dag.py:4180} INFO - Setting next_dagrun for latest_only to 2024-11-25 00:00:00+00:00, run_after=2024-11-25 04:00:00+00:00
[2024-11-25T06:43:19.321+0000] {processor.py:208} INFO - Processing /home/airflow/.local/lib/python3.12/site-packages/airflow/example_dags/example_latest_only.py took 0.173 seconds
[2024-11-25T06:43:49.530+0000] {processor.py:186} INFO - Started process (PID=13831) to work on /home/airflow/.local/lib/python3.12/site-packages/airflow/example_dags/example_latest_only.py
[2024-11-25T06:43:49.531+0000] {processor.py:914} INFO - Processing file /home/airflow/.local/lib/python3.12/site-packages/airflow/example_dags/example_latest_only.py for tasks to queue
[2024-11-25T06:43:49.536+0000] {logging_mixin.py:190} INFO - [2024-11-25T06:43:49.535+0000] {dagbag.py:588} INFO - Filling up the DagBag from /home/airflow/.local/lib/python3.12/site-packages/airflow/example_dags/example_latest_only.py
[2024-11-25T06:43:49.547+0000] {processor.py:925} INFO - DAG(s) 'latest_only' retrieved from /home/airflow/.local/lib/python3.12/site-packages/airflow/example_dags/example_latest_only.py
[2024-11-25T06:43:49.576+0000] {logging_mixin.py:190} INFO - [2024-11-25T06:43:49.576+0000] {dag.py:3239} INFO - Sync 1 DAGs
[2024-11-25T06:43:49.623+0000] {logging_mixin.py:190} INFO - [2024-11-25T06:43:49.623+0000] {dag.py:4180} INFO - Setting next_dagrun for latest_only to 2024-11-25 00:00:00+00:00, run_after=2024-11-25 04:00:00+00:00
[2024-11-25T06:43:49.653+0000] {processor.py:208} INFO - Processing /home/airflow/.local/lib/python3.12/site-packages/airflow/example_dags/example_latest_only.py took 0.132 seconds
