[2024-11-25T06:16:01.723+0000] {processor.py:186} INFO - Started process (PID=273) to work on /home/airflow/.local/lib/python3.12/site-packages/airflow/example_dags/example_inlet_event_extra.py
[2024-11-25T06:16:01.725+0000] {processor.py:914} INFO - Processing file /home/airflow/.local/lib/python3.12/site-packages/airflow/example_dags/example_inlet_event_extra.py for tasks to queue
[2024-11-25T06:16:01.728+0000] {logging_mixin.py:190} INFO - [2024-11-25T06:16:01.727+0000] {dagbag.py:588} INFO - Filling up the DagBag from /home/airflow/.local/lib/python3.12/site-packages/airflow/example_dags/example_inlet_event_extra.py
[2024-11-25T06:16:03.248+0000] {processor.py:925} INFO - DAG(s) 'read_dataset_event', 'read_dataset_event_from_classic' retrieved from /home/airflow/.local/lib/python3.12/site-packages/airflow/example_dags/example_inlet_event_extra.py
[2024-11-25T06:16:03.548+0000] {logging_mixin.py:190} INFO - [2024-11-25T06:16:03.546+0000] {override.py:1911} INFO - Created Permission View: can read on DAG:read_dataset_event
[2024-11-25T06:16:03.625+0000] {logging_mixin.py:190} INFO - [2024-11-25T06:16:03.624+0000] {override.py:1911} INFO - Created Permission View: can delete on DAG:read_dataset_event
[2024-11-25T06:16:03.657+0000] {logging_mixin.py:190} INFO - [2024-11-25T06:16:03.656+0000] {override.py:1911} INFO - Created Permission View: can edit on DAG:read_dataset_event
[2024-11-25T06:16:03.705+0000] {logging_mixin.py:190} INFO - [2024-11-25T06:16:03.704+0000] {override.py:1911} INFO - Created Permission View: menu access on DAG Run:read_dataset_event
[2024-11-25T06:16:03.740+0000] {logging_mixin.py:190} INFO - [2024-11-25T06:16:03.739+0000] {override.py:1911} INFO - Created Permission View: can read on DAG Run:read_dataset_event
[2024-11-25T06:16:03.767+0000] {logging_mixin.py:190} INFO - [2024-11-25T06:16:03.765+0000] {override.py:1911} INFO - Created Permission View: can create on DAG Run:read_dataset_event
[2024-11-25T06:16:03.796+0000] {logging_mixin.py:190} INFO - [2024-11-25T06:16:03.795+0000] {override.py:1911} INFO - Created Permission View: can delete on DAG Run:read_dataset_event
[2024-11-25T06:16:03.895+0000] {logging_mixin.py:190} INFO - [2024-11-25T06:16:03.894+0000] {override.py:1911} INFO - Created Permission View: can read on DAG:read_dataset_event_from_classic
[2024-11-25T06:16:03.937+0000] {logging_mixin.py:190} INFO - [2024-11-25T06:16:03.931+0000] {override.py:1911} INFO - Created Permission View: can delete on DAG:read_dataset_event_from_classic
[2024-11-25T06:16:03.987+0000] {logging_mixin.py:190} INFO - [2024-11-25T06:16:03.986+0000] {override.py:1911} INFO - Created Permission View: can edit on DAG:read_dataset_event_from_classic
[2024-11-25T06:16:04.029+0000] {logging_mixin.py:190} INFO - [2024-11-25T06:16:04.028+0000] {override.py:1911} INFO - Created Permission View: menu access on DAG Run:read_dataset_event_from_classic
[2024-11-25T06:16:04.063+0000] {logging_mixin.py:190} INFO - [2024-11-25T06:16:04.062+0000] {override.py:1911} INFO - Created Permission View: can read on DAG Run:read_dataset_event_from_classic
[2024-11-25T06:16:04.103+0000] {logging_mixin.py:190} INFO - [2024-11-25T06:16:04.102+0000] {override.py:1911} INFO - Created Permission View: can create on DAG Run:read_dataset_event_from_classic
[2024-11-25T06:16:04.159+0000] {logging_mixin.py:190} INFO - [2024-11-25T06:16:04.158+0000] {override.py:1911} INFO - Created Permission View: can delete on DAG Run:read_dataset_event_from_classic
[2024-11-25T06:16:04.167+0000] {logging_mixin.py:190} INFO - [2024-11-25T06:16:04.166+0000] {dag.py:3239} INFO - Sync 2 DAGs
[2024-11-25T06:16:04.223+0000] {logging_mixin.py:190} INFO - [2024-11-25T06:16:04.222+0000] {dag.py:3262} INFO - Creating ORM DAG for read_dataset_event_from_classic
[2024-11-25T06:16:04.225+0000] {logging_mixin.py:190} INFO - [2024-11-25T06:16:04.225+0000] {dag.py:3262} INFO - Creating ORM DAG for read_dataset_event
[2024-11-25T06:16:04.268+0000] {logging_mixin.py:190} INFO - [2024-11-25T06:16:04.267+0000] {dag.py:4180} INFO - Setting next_dagrun for read_dataset_event to 2024-11-24 00:00:00+00:00, run_after=2024-11-25 00:00:00+00:00
[2024-11-25T06:16:04.273+0000] {logging_mixin.py:190} INFO - [2024-11-25T06:16:04.272+0000] {dag.py:4180} INFO - Setting next_dagrun for read_dataset_event_from_classic to 2024-11-24 00:00:00+00:00, run_after=2024-11-25 00:00:00+00:00
[2024-11-25T06:16:04.334+0000] {processor.py:208} INFO - Processing /home/airflow/.local/lib/python3.12/site-packages/airflow/example_dags/example_inlet_event_extra.py took 2.619 seconds
[2024-11-25T06:16:34.522+0000] {processor.py:186} INFO - Started process (PID=571) to work on /home/airflow/.local/lib/python3.12/site-packages/airflow/example_dags/example_inlet_event_extra.py
[2024-11-25T06:16:34.523+0000] {processor.py:914} INFO - Processing file /home/airflow/.local/lib/python3.12/site-packages/airflow/example_dags/example_inlet_event_extra.py for tasks to queue
[2024-11-25T06:16:34.527+0000] {logging_mixin.py:190} INFO - [2024-11-25T06:16:34.526+0000] {dagbag.py:588} INFO - Filling up the DagBag from /home/airflow/.local/lib/python3.12/site-packages/airflow/example_dags/example_inlet_event_extra.py
[2024-11-25T06:16:35.581+0000] {processor.py:925} INFO - DAG(s) 'read_dataset_event_from_classic', 'read_dataset_event' retrieved from /home/airflow/.local/lib/python3.12/site-packages/airflow/example_dags/example_inlet_event_extra.py
[2024-11-25T06:16:35.631+0000] {logging_mixin.py:190} INFO - [2024-11-25T06:16:35.630+0000] {dag.py:3239} INFO - Sync 2 DAGs
[2024-11-25T06:16:35.691+0000] {logging_mixin.py:190} INFO - [2024-11-25T06:16:35.690+0000] {dag.py:4180} INFO - Setting next_dagrun for read_dataset_event to 2024-11-24 00:00:00+00:00, run_after=2024-11-25 00:00:00+00:00
[2024-11-25T06:16:35.700+0000] {logging_mixin.py:190} INFO - [2024-11-25T06:16:35.700+0000] {dag.py:4180} INFO - Setting next_dagrun for read_dataset_event_from_classic to 2024-11-24 00:00:00+00:00, run_after=2024-11-25 00:00:00+00:00
[2024-11-25T06:16:35.751+0000] {processor.py:208} INFO - Processing /home/airflow/.local/lib/python3.12/site-packages/airflow/example_dags/example_inlet_event_extra.py took 1.237 seconds
[2024-11-25T06:17:05.937+0000] {processor.py:186} INFO - Started process (PID=867) to work on /home/airflow/.local/lib/python3.12/site-packages/airflow/example_dags/example_inlet_event_extra.py
[2024-11-25T06:17:05.939+0000] {processor.py:914} INFO - Processing file /home/airflow/.local/lib/python3.12/site-packages/airflow/example_dags/example_inlet_event_extra.py for tasks to queue
[2024-11-25T06:17:05.942+0000] {logging_mixin.py:190} INFO - [2024-11-25T06:17:05.942+0000] {dagbag.py:588} INFO - Filling up the DagBag from /home/airflow/.local/lib/python3.12/site-packages/airflow/example_dags/example_inlet_event_extra.py
[2024-11-25T06:17:06.893+0000] {processor.py:925} INFO - DAG(s) 'read_dataset_event_from_classic', 'read_dataset_event' retrieved from /home/airflow/.local/lib/python3.12/site-packages/airflow/example_dags/example_inlet_event_extra.py
[2024-11-25T06:17:06.930+0000] {logging_mixin.py:190} INFO - [2024-11-25T06:17:06.929+0000] {dag.py:3239} INFO - Sync 2 DAGs
[2024-11-25T06:17:06.976+0000] {logging_mixin.py:190} INFO - [2024-11-25T06:17:06.975+0000] {dag.py:4180} INFO - Setting next_dagrun for read_dataset_event to 2024-11-24 00:00:00+00:00, run_after=2024-11-25 00:00:00+00:00
[2024-11-25T06:17:06.985+0000] {logging_mixin.py:190} INFO - [2024-11-25T06:17:06.985+0000] {dag.py:4180} INFO - Setting next_dagrun for read_dataset_event_from_classic to 2024-11-24 00:00:00+00:00, run_after=2024-11-25 00:00:00+00:00
[2024-11-25T06:17:07.020+0000] {processor.py:208} INFO - Processing /home/airflow/.local/lib/python3.12/site-packages/airflow/example_dags/example_inlet_event_extra.py took 1.102 seconds
[2024-11-25T06:19:45.692+0000] {processor.py:186} INFO - Started process (PID=295) to work on /home/airflow/.local/lib/python3.12/site-packages/airflow/example_dags/example_inlet_event_extra.py
[2024-11-25T06:19:45.693+0000] {processor.py:914} INFO - Processing file /home/airflow/.local/lib/python3.12/site-packages/airflow/example_dags/example_inlet_event_extra.py for tasks to queue
[2024-11-25T06:19:45.696+0000] {logging_mixin.py:190} INFO - [2024-11-25T06:19:45.696+0000] {dagbag.py:588} INFO - Filling up the DagBag from /home/airflow/.local/lib/python3.12/site-packages/airflow/example_dags/example_inlet_event_extra.py
[2024-11-25T06:19:46.682+0000] {processor.py:925} INFO - DAG(s) 'read_dataset_event', 'read_dataset_event_from_classic' retrieved from /home/airflow/.local/lib/python3.12/site-packages/airflow/example_dags/example_inlet_event_extra.py
[2024-11-25T06:19:46.713+0000] {logging_mixin.py:190} INFO - [2024-11-25T06:19:46.712+0000] {dag.py:3239} INFO - Sync 2 DAGs
[2024-11-25T06:19:46.764+0000] {logging_mixin.py:190} INFO - [2024-11-25T06:19:46.763+0000] {dag.py:4180} INFO - Setting next_dagrun for read_dataset_event to 2024-11-24 00:00:00+00:00, run_after=2024-11-25 00:00:00+00:00
[2024-11-25T06:19:46.773+0000] {logging_mixin.py:190} INFO - [2024-11-25T06:19:46.773+0000] {dag.py:4180} INFO - Setting next_dagrun for read_dataset_event_from_classic to 2024-11-24 00:00:00+00:00, run_after=2024-11-25 00:00:00+00:00
[2024-11-25T06:19:46.805+0000] {processor.py:208} INFO - Processing /home/airflow/.local/lib/python3.12/site-packages/airflow/example_dags/example_inlet_event_extra.py took 1.120 seconds
[2024-11-25T06:20:16.942+0000] {processor.py:186} INFO - Started process (PID=586) to work on /home/airflow/.local/lib/python3.12/site-packages/airflow/example_dags/example_inlet_event_extra.py
[2024-11-25T06:20:16.944+0000] {processor.py:914} INFO - Processing file /home/airflow/.local/lib/python3.12/site-packages/airflow/example_dags/example_inlet_event_extra.py for tasks to queue
[2024-11-25T06:20:16.948+0000] {logging_mixin.py:190} INFO - [2024-11-25T06:20:16.947+0000] {dagbag.py:588} INFO - Filling up the DagBag from /home/airflow/.local/lib/python3.12/site-packages/airflow/example_dags/example_inlet_event_extra.py
[2024-11-25T06:20:17.698+0000] {processor.py:925} INFO - DAG(s) 'read_dataset_event', 'read_dataset_event_from_classic' retrieved from /home/airflow/.local/lib/python3.12/site-packages/airflow/example_dags/example_inlet_event_extra.py
[2024-11-25T06:20:17.732+0000] {logging_mixin.py:190} INFO - [2024-11-25T06:20:17.732+0000] {dag.py:3239} INFO - Sync 2 DAGs
[2024-11-25T06:20:17.790+0000] {logging_mixin.py:190} INFO - [2024-11-25T06:20:17.790+0000] {dag.py:4180} INFO - Setting next_dagrun for read_dataset_event to 2024-11-24 00:00:00+00:00, run_after=2024-11-25 00:00:00+00:00
[2024-11-25T06:20:17.803+0000] {logging_mixin.py:190} INFO - [2024-11-25T06:20:17.803+0000] {dag.py:4180} INFO - Setting next_dagrun for read_dataset_event_from_classic to 2024-11-24 00:00:00+00:00, run_after=2024-11-25 00:00:00+00:00
[2024-11-25T06:20:17.847+0000] {processor.py:208} INFO - Processing /home/airflow/.local/lib/python3.12/site-packages/airflow/example_dags/example_inlet_event_extra.py took 0.910 seconds
[2024-11-25T06:20:48.263+0000] {processor.py:186} INFO - Started process (PID=898) to work on /home/airflow/.local/lib/python3.12/site-packages/airflow/example_dags/example_inlet_event_extra.py
[2024-11-25T06:20:48.265+0000] {processor.py:914} INFO - Processing file /home/airflow/.local/lib/python3.12/site-packages/airflow/example_dags/example_inlet_event_extra.py for tasks to queue
[2024-11-25T06:20:48.269+0000] {logging_mixin.py:190} INFO - [2024-11-25T06:20:48.268+0000] {dagbag.py:588} INFO - Filling up the DagBag from /home/airflow/.local/lib/python3.12/site-packages/airflow/example_dags/example_inlet_event_extra.py
[2024-11-25T06:20:49.386+0000] {processor.py:925} INFO - DAG(s) 'read_dataset_event', 'read_dataset_event_from_classic' retrieved from /home/airflow/.local/lib/python3.12/site-packages/airflow/example_dags/example_inlet_event_extra.py
[2024-11-25T06:20:49.428+0000] {logging_mixin.py:190} INFO - [2024-11-25T06:20:49.428+0000] {dag.py:3239} INFO - Sync 2 DAGs
[2024-11-25T06:20:49.473+0000] {logging_mixin.py:190} INFO - [2024-11-25T06:20:49.472+0000] {dag.py:4180} INFO - Setting next_dagrun for read_dataset_event to 2024-11-24 00:00:00+00:00, run_after=2024-11-25 00:00:00+00:00
[2024-11-25T06:20:49.482+0000] {logging_mixin.py:190} INFO - [2024-11-25T06:20:49.482+0000] {dag.py:4180} INFO - Setting next_dagrun for read_dataset_event_from_classic to 2024-11-24 00:00:00+00:00, run_after=2024-11-25 00:00:00+00:00
[2024-11-25T06:20:49.515+0000] {processor.py:208} INFO - Processing /home/airflow/.local/lib/python3.12/site-packages/airflow/example_dags/example_inlet_event_extra.py took 1.260 seconds
[2024-11-25T06:21:19.634+0000] {processor.py:186} INFO - Started process (PID=1189) to work on /home/airflow/.local/lib/python3.12/site-packages/airflow/example_dags/example_inlet_event_extra.py
[2024-11-25T06:21:19.636+0000] {processor.py:914} INFO - Processing file /home/airflow/.local/lib/python3.12/site-packages/airflow/example_dags/example_inlet_event_extra.py for tasks to queue
[2024-11-25T06:21:19.642+0000] {logging_mixin.py:190} INFO - [2024-11-25T06:21:19.642+0000] {dagbag.py:588} INFO - Filling up the DagBag from /home/airflow/.local/lib/python3.12/site-packages/airflow/example_dags/example_inlet_event_extra.py
[2024-11-25T06:21:20.847+0000] {processor.py:925} INFO - DAG(s) 'read_dataset_event_from_classic', 'read_dataset_event' retrieved from /home/airflow/.local/lib/python3.12/site-packages/airflow/example_dags/example_inlet_event_extra.py
[2024-11-25T06:21:20.901+0000] {logging_mixin.py:190} INFO - [2024-11-25T06:21:20.900+0000] {dag.py:3239} INFO - Sync 2 DAGs
[2024-11-25T06:21:20.997+0000] {logging_mixin.py:190} INFO - [2024-11-25T06:21:20.997+0000] {dag.py:4180} INFO - Setting next_dagrun for read_dataset_event to 2024-11-24 00:00:00+00:00, run_after=2024-11-25 00:00:00+00:00
[2024-11-25T06:21:21.021+0000] {logging_mixin.py:190} INFO - [2024-11-25T06:21:21.020+0000] {dag.py:4180} INFO - Setting next_dagrun for read_dataset_event_from_classic to 2024-11-24 00:00:00+00:00, run_after=2024-11-25 00:00:00+00:00
[2024-11-25T06:21:21.084+0000] {processor.py:208} INFO - Processing /home/airflow/.local/lib/python3.12/site-packages/airflow/example_dags/example_inlet_event_extra.py took 1.461 seconds
[2024-11-25T06:21:51.276+0000] {processor.py:186} INFO - Started process (PID=1480) to work on /home/airflow/.local/lib/python3.12/site-packages/airflow/example_dags/example_inlet_event_extra.py
[2024-11-25T06:21:51.278+0000] {processor.py:914} INFO - Processing file /home/airflow/.local/lib/python3.12/site-packages/airflow/example_dags/example_inlet_event_extra.py for tasks to queue
[2024-11-25T06:21:51.280+0000] {logging_mixin.py:190} INFO - [2024-11-25T06:21:51.280+0000] {dagbag.py:588} INFO - Filling up the DagBag from /home/airflow/.local/lib/python3.12/site-packages/airflow/example_dags/example_inlet_event_extra.py
[2024-11-25T06:21:52.481+0000] {processor.py:925} INFO - DAG(s) 'read_dataset_event_from_classic', 'read_dataset_event' retrieved from /home/airflow/.local/lib/python3.12/site-packages/airflow/example_dags/example_inlet_event_extra.py
[2024-11-25T06:21:52.539+0000] {logging_mixin.py:190} INFO - [2024-11-25T06:21:52.538+0000] {dag.py:3239} INFO - Sync 2 DAGs
[2024-11-25T06:21:52.603+0000] {logging_mixin.py:190} INFO - [2024-11-25T06:21:52.602+0000] {dag.py:4180} INFO - Setting next_dagrun for read_dataset_event to 2024-11-24 00:00:00+00:00, run_after=2024-11-25 00:00:00+00:00
[2024-11-25T06:21:52.619+0000] {logging_mixin.py:190} INFO - [2024-11-25T06:21:52.618+0000] {dag.py:4180} INFO - Setting next_dagrun for read_dataset_event_from_classic to 2024-11-24 00:00:00+00:00, run_after=2024-11-25 00:00:00+00:00
[2024-11-25T06:21:52.683+0000] {processor.py:208} INFO - Processing /home/airflow/.local/lib/python3.12/site-packages/airflow/example_dags/example_inlet_event_extra.py took 1.412 seconds
[2024-11-25T06:22:23.452+0000] {processor.py:186} INFO - Started process (PID=1771) to work on /home/airflow/.local/lib/python3.12/site-packages/airflow/example_dags/example_inlet_event_extra.py
[2024-11-25T06:22:23.454+0000] {processor.py:914} INFO - Processing file /home/airflow/.local/lib/python3.12/site-packages/airflow/example_dags/example_inlet_event_extra.py for tasks to queue
[2024-11-25T06:22:23.457+0000] {logging_mixin.py:190} INFO - [2024-11-25T06:22:23.457+0000] {dagbag.py:588} INFO - Filling up the DagBag from /home/airflow/.local/lib/python3.12/site-packages/airflow/example_dags/example_inlet_event_extra.py
[2024-11-25T06:22:24.136+0000] {processor.py:925} INFO - DAG(s) 'read_dataset_event', 'read_dataset_event_from_classic' retrieved from /home/airflow/.local/lib/python3.12/site-packages/airflow/example_dags/example_inlet_event_extra.py
[2024-11-25T06:22:24.168+0000] {logging_mixin.py:190} INFO - [2024-11-25T06:22:24.167+0000] {dag.py:3239} INFO - Sync 2 DAGs
[2024-11-25T06:22:24.207+0000] {logging_mixin.py:190} INFO - [2024-11-25T06:22:24.207+0000] {dag.py:4180} INFO - Setting next_dagrun for read_dataset_event to 2024-11-24 00:00:00+00:00, run_after=2024-11-25 00:00:00+00:00
[2024-11-25T06:22:24.216+0000] {logging_mixin.py:190} INFO - [2024-11-25T06:22:24.215+0000] {dag.py:4180} INFO - Setting next_dagrun for read_dataset_event_from_classic to 2024-11-24 00:00:00+00:00, run_after=2024-11-25 00:00:00+00:00
[2024-11-25T06:22:24.240+0000] {processor.py:208} INFO - Processing /home/airflow/.local/lib/python3.12/site-packages/airflow/example_dags/example_inlet_event_extra.py took 0.795 seconds
[2024-11-25T06:22:54.360+0000] {processor.py:186} INFO - Started process (PID=2060) to work on /home/airflow/.local/lib/python3.12/site-packages/airflow/example_dags/example_inlet_event_extra.py
[2024-11-25T06:22:54.363+0000] {processor.py:914} INFO - Processing file /home/airflow/.local/lib/python3.12/site-packages/airflow/example_dags/example_inlet_event_extra.py for tasks to queue
[2024-11-25T06:22:54.367+0000] {logging_mixin.py:190} INFO - [2024-11-25T06:22:54.367+0000] {dagbag.py:588} INFO - Filling up the DagBag from /home/airflow/.local/lib/python3.12/site-packages/airflow/example_dags/example_inlet_event_extra.py
[2024-11-25T06:22:55.148+0000] {processor.py:925} INFO - DAG(s) 'read_dataset_event', 'read_dataset_event_from_classic' retrieved from /home/airflow/.local/lib/python3.12/site-packages/airflow/example_dags/example_inlet_event_extra.py
[2024-11-25T06:22:55.183+0000] {logging_mixin.py:190} INFO - [2024-11-25T06:22:55.183+0000] {dag.py:3239} INFO - Sync 2 DAGs
[2024-11-25T06:22:55.218+0000] {logging_mixin.py:190} INFO - [2024-11-25T06:22:55.218+0000] {dag.py:4180} INFO - Setting next_dagrun for read_dataset_event to 2024-11-24 00:00:00+00:00, run_after=2024-11-25 00:00:00+00:00
[2024-11-25T06:22:55.227+0000] {logging_mixin.py:190} INFO - [2024-11-25T06:22:55.227+0000] {dag.py:4180} INFO - Setting next_dagrun for read_dataset_event_from_classic to 2024-11-24 00:00:00+00:00, run_after=2024-11-25 00:00:00+00:00
[2024-11-25T06:22:55.253+0000] {processor.py:208} INFO - Processing /home/airflow/.local/lib/python3.12/site-packages/airflow/example_dags/example_inlet_event_extra.py took 0.903 seconds
[2024-11-25T06:23:25.961+0000] {processor.py:186} INFO - Started process (PID=2354) to work on /home/airflow/.local/lib/python3.12/site-packages/airflow/example_dags/example_inlet_event_extra.py
[2024-11-25T06:23:25.962+0000] {processor.py:914} INFO - Processing file /home/airflow/.local/lib/python3.12/site-packages/airflow/example_dags/example_inlet_event_extra.py for tasks to queue
[2024-11-25T06:23:25.965+0000] {logging_mixin.py:190} INFO - [2024-11-25T06:23:25.964+0000] {dagbag.py:588} INFO - Filling up the DagBag from /home/airflow/.local/lib/python3.12/site-packages/airflow/example_dags/example_inlet_event_extra.py
[2024-11-25T06:23:26.813+0000] {processor.py:925} INFO - DAG(s) 'read_dataset_event', 'read_dataset_event_from_classic' retrieved from /home/airflow/.local/lib/python3.12/site-packages/airflow/example_dags/example_inlet_event_extra.py
[2024-11-25T06:23:26.849+0000] {logging_mixin.py:190} INFO - [2024-11-25T06:23:26.849+0000] {dag.py:3239} INFO - Sync 2 DAGs
[2024-11-25T06:23:26.884+0000] {logging_mixin.py:190} INFO - [2024-11-25T06:23:26.883+0000] {dag.py:4180} INFO - Setting next_dagrun for read_dataset_event to 2024-11-24 00:00:00+00:00, run_after=2024-11-25 00:00:00+00:00
[2024-11-25T06:23:26.895+0000] {logging_mixin.py:190} INFO - [2024-11-25T06:23:26.895+0000] {dag.py:4180} INFO - Setting next_dagrun for read_dataset_event_from_classic to 2024-11-24 00:00:00+00:00, run_after=2024-11-25 00:00:00+00:00
[2024-11-25T06:23:26.925+0000] {processor.py:208} INFO - Processing /home/airflow/.local/lib/python3.12/site-packages/airflow/example_dags/example_inlet_event_extra.py took 0.970 seconds
[2024-11-25T06:23:57.700+0000] {processor.py:186} INFO - Started process (PID=2645) to work on /home/airflow/.local/lib/python3.12/site-packages/airflow/example_dags/example_inlet_event_extra.py
[2024-11-25T06:23:57.701+0000] {processor.py:914} INFO - Processing file /home/airflow/.local/lib/python3.12/site-packages/airflow/example_dags/example_inlet_event_extra.py for tasks to queue
[2024-11-25T06:23:57.705+0000] {logging_mixin.py:190} INFO - [2024-11-25T06:23:57.704+0000] {dagbag.py:588} INFO - Filling up the DagBag from /home/airflow/.local/lib/python3.12/site-packages/airflow/example_dags/example_inlet_event_extra.py
[2024-11-25T06:23:58.635+0000] {processor.py:925} INFO - DAG(s) 'read_dataset_event', 'read_dataset_event_from_classic' retrieved from /home/airflow/.local/lib/python3.12/site-packages/airflow/example_dags/example_inlet_event_extra.py
[2024-11-25T06:23:58.663+0000] {logging_mixin.py:190} INFO - [2024-11-25T06:23:58.663+0000] {dag.py:3239} INFO - Sync 2 DAGs
[2024-11-25T06:23:58.704+0000] {logging_mixin.py:190} INFO - [2024-11-25T06:23:58.704+0000] {dag.py:4180} INFO - Setting next_dagrun for read_dataset_event to 2024-11-24 00:00:00+00:00, run_after=2024-11-25 00:00:00+00:00
[2024-11-25T06:23:58.712+0000] {logging_mixin.py:190} INFO - [2024-11-25T06:23:58.711+0000] {dag.py:4180} INFO - Setting next_dagrun for read_dataset_event_from_classic to 2024-11-24 00:00:00+00:00, run_after=2024-11-25 00:00:00+00:00
[2024-11-25T06:23:58.737+0000] {processor.py:208} INFO - Processing /home/airflow/.local/lib/python3.12/site-packages/airflow/example_dags/example_inlet_event_extra.py took 1.046 seconds
[2024-11-25T06:24:29.436+0000] {processor.py:186} INFO - Started process (PID=2935) to work on /home/airflow/.local/lib/python3.12/site-packages/airflow/example_dags/example_inlet_event_extra.py
[2024-11-25T06:24:29.437+0000] {processor.py:914} INFO - Processing file /home/airflow/.local/lib/python3.12/site-packages/airflow/example_dags/example_inlet_event_extra.py for tasks to queue
[2024-11-25T06:24:29.440+0000] {logging_mixin.py:190} INFO - [2024-11-25T06:24:29.439+0000] {dagbag.py:588} INFO - Filling up the DagBag from /home/airflow/.local/lib/python3.12/site-packages/airflow/example_dags/example_inlet_event_extra.py
[2024-11-25T06:24:30.584+0000] {processor.py:925} INFO - DAG(s) 'read_dataset_event', 'read_dataset_event_from_classic' retrieved from /home/airflow/.local/lib/python3.12/site-packages/airflow/example_dags/example_inlet_event_extra.py
[2024-11-25T06:24:30.630+0000] {logging_mixin.py:190} INFO - [2024-11-25T06:24:30.629+0000] {dag.py:3239} INFO - Sync 2 DAGs
[2024-11-25T06:24:30.702+0000] {logging_mixin.py:190} INFO - [2024-11-25T06:24:30.701+0000] {dag.py:4180} INFO - Setting next_dagrun for read_dataset_event to 2024-11-24 00:00:00+00:00, run_after=2024-11-25 00:00:00+00:00
[2024-11-25T06:24:30.716+0000] {logging_mixin.py:190} INFO - [2024-11-25T06:24:30.715+0000] {dag.py:4180} INFO - Setting next_dagrun for read_dataset_event_from_classic to 2024-11-24 00:00:00+00:00, run_after=2024-11-25 00:00:00+00:00
[2024-11-25T06:24:30.766+0000] {processor.py:208} INFO - Processing /home/airflow/.local/lib/python3.12/site-packages/airflow/example_dags/example_inlet_event_extra.py took 1.336 seconds
[2024-11-25T06:25:01.110+0000] {processor.py:186} INFO - Started process (PID=3226) to work on /home/airflow/.local/lib/python3.12/site-packages/airflow/example_dags/example_inlet_event_extra.py
[2024-11-25T06:25:01.112+0000] {processor.py:914} INFO - Processing file /home/airflow/.local/lib/python3.12/site-packages/airflow/example_dags/example_inlet_event_extra.py for tasks to queue
[2024-11-25T06:25:01.116+0000] {logging_mixin.py:190} INFO - [2024-11-25T06:25:01.115+0000] {dagbag.py:588} INFO - Filling up the DagBag from /home/airflow/.local/lib/python3.12/site-packages/airflow/example_dags/example_inlet_event_extra.py
[2024-11-25T06:25:02.075+0000] {processor.py:925} INFO - DAG(s) 'read_dataset_event_from_classic', 'read_dataset_event' retrieved from /home/airflow/.local/lib/python3.12/site-packages/airflow/example_dags/example_inlet_event_extra.py
[2024-11-25T06:25:02.122+0000] {logging_mixin.py:190} INFO - [2024-11-25T06:25:02.121+0000] {dag.py:3239} INFO - Sync 2 DAGs
[2024-11-25T06:25:02.174+0000] {logging_mixin.py:190} INFO - [2024-11-25T06:25:02.174+0000] {dag.py:4180} INFO - Setting next_dagrun for read_dataset_event to 2024-11-24 00:00:00+00:00, run_after=2024-11-25 00:00:00+00:00
[2024-11-25T06:25:02.187+0000] {logging_mixin.py:190} INFO - [2024-11-25T06:25:02.187+0000] {dag.py:4180} INFO - Setting next_dagrun for read_dataset_event_from_classic to 2024-11-24 00:00:00+00:00, run_after=2024-11-25 00:00:00+00:00
[2024-11-25T06:25:02.220+0000] {processor.py:208} INFO - Processing /home/airflow/.local/lib/python3.12/site-packages/airflow/example_dags/example_inlet_event_extra.py took 1.130 seconds
[2024-11-25T06:25:32.777+0000] {processor.py:186} INFO - Started process (PID=3517) to work on /home/airflow/.local/lib/python3.12/site-packages/airflow/example_dags/example_inlet_event_extra.py
[2024-11-25T06:25:32.779+0000] {processor.py:914} INFO - Processing file /home/airflow/.local/lib/python3.12/site-packages/airflow/example_dags/example_inlet_event_extra.py for tasks to queue
[2024-11-25T06:25:32.785+0000] {logging_mixin.py:190} INFO - [2024-11-25T06:25:32.784+0000] {dagbag.py:588} INFO - Filling up the DagBag from /home/airflow/.local/lib/python3.12/site-packages/airflow/example_dags/example_inlet_event_extra.py
[2024-11-25T06:25:34.558+0000] {processor.py:925} INFO - DAG(s) 'read_dataset_event', 'read_dataset_event_from_classic' retrieved from /home/airflow/.local/lib/python3.12/site-packages/airflow/example_dags/example_inlet_event_extra.py
[2024-11-25T06:25:34.625+0000] {logging_mixin.py:190} INFO - [2024-11-25T06:25:34.624+0000] {dag.py:3239} INFO - Sync 2 DAGs
[2024-11-25T06:25:34.751+0000] {logging_mixin.py:190} INFO - [2024-11-25T06:25:34.750+0000] {dag.py:4180} INFO - Setting next_dagrun for read_dataset_event to 2024-11-24 00:00:00+00:00, run_after=2024-11-25 00:00:00+00:00
[2024-11-25T06:25:34.785+0000] {logging_mixin.py:190} INFO - [2024-11-25T06:25:34.784+0000] {dag.py:4180} INFO - Setting next_dagrun for read_dataset_event_from_classic to 2024-11-24 00:00:00+00:00, run_after=2024-11-25 00:00:00+00:00
[2024-11-25T06:25:34.843+0000] {processor.py:208} INFO - Processing /home/airflow/.local/lib/python3.12/site-packages/airflow/example_dags/example_inlet_event_extra.py took 2.083 seconds
[2024-11-25T06:26:05.708+0000] {processor.py:186} INFO - Started process (PID=3804) to work on /home/airflow/.local/lib/python3.12/site-packages/airflow/example_dags/example_inlet_event_extra.py
[2024-11-25T06:26:05.712+0000] {processor.py:914} INFO - Processing file /home/airflow/.local/lib/python3.12/site-packages/airflow/example_dags/example_inlet_event_extra.py for tasks to queue
[2024-11-25T06:26:05.718+0000] {logging_mixin.py:190} INFO - [2024-11-25T06:26:05.717+0000] {dagbag.py:588} INFO - Filling up the DagBag from /home/airflow/.local/lib/python3.12/site-packages/airflow/example_dags/example_inlet_event_extra.py
[2024-11-25T06:26:07.639+0000] {processor.py:925} INFO - DAG(s) 'read_dataset_event_from_classic', 'read_dataset_event' retrieved from /home/airflow/.local/lib/python3.12/site-packages/airflow/example_dags/example_inlet_event_extra.py
[2024-11-25T06:26:07.761+0000] {logging_mixin.py:190} INFO - [2024-11-25T06:26:07.761+0000] {dag.py:3239} INFO - Sync 2 DAGs
[2024-11-25T06:26:07.918+0000] {logging_mixin.py:190} INFO - [2024-11-25T06:26:07.911+0000] {dag.py:4180} INFO - Setting next_dagrun for read_dataset_event to 2024-11-24 00:00:00+00:00, run_after=2024-11-25 00:00:00+00:00
[2024-11-25T06:26:07.932+0000] {logging_mixin.py:190} INFO - [2024-11-25T06:26:07.932+0000] {dag.py:4180} INFO - Setting next_dagrun for read_dataset_event_from_classic to 2024-11-24 00:00:00+00:00, run_after=2024-11-25 00:00:00+00:00
[2024-11-25T06:26:08.085+0000] {processor.py:208} INFO - Processing /home/airflow/.local/lib/python3.12/site-packages/airflow/example_dags/example_inlet_event_extra.py took 2.398 seconds
[2024-11-25T06:26:39.077+0000] {processor.py:186} INFO - Started process (PID=4095) to work on /home/airflow/.local/lib/python3.12/site-packages/airflow/example_dags/example_inlet_event_extra.py
[2024-11-25T06:26:39.079+0000] {processor.py:914} INFO - Processing file /home/airflow/.local/lib/python3.12/site-packages/airflow/example_dags/example_inlet_event_extra.py for tasks to queue
[2024-11-25T06:26:39.089+0000] {logging_mixin.py:190} INFO - [2024-11-25T06:26:39.088+0000] {dagbag.py:588} INFO - Filling up the DagBag from /home/airflow/.local/lib/python3.12/site-packages/airflow/example_dags/example_inlet_event_extra.py
[2024-11-25T06:26:41.664+0000] {processor.py:925} INFO - DAG(s) 'read_dataset_event_from_classic', 'read_dataset_event' retrieved from /home/airflow/.local/lib/python3.12/site-packages/airflow/example_dags/example_inlet_event_extra.py
[2024-11-25T06:26:41.757+0000] {logging_mixin.py:190} INFO - [2024-11-25T06:26:41.753+0000] {dag.py:3239} INFO - Sync 2 DAGs
[2024-11-25T06:26:41.870+0000] {logging_mixin.py:190} INFO - [2024-11-25T06:26:41.869+0000] {dag.py:4180} INFO - Setting next_dagrun for read_dataset_event to 2024-11-24 00:00:00+00:00, run_after=2024-11-25 00:00:00+00:00
[2024-11-25T06:26:41.890+0000] {logging_mixin.py:190} INFO - [2024-11-25T06:26:41.889+0000] {dag.py:4180} INFO - Setting next_dagrun for read_dataset_event_from_classic to 2024-11-24 00:00:00+00:00, run_after=2024-11-25 00:00:00+00:00
[2024-11-25T06:26:41.984+0000] {processor.py:208} INFO - Processing /home/airflow/.local/lib/python3.12/site-packages/airflow/example_dags/example_inlet_event_extra.py took 2.920 seconds
[2024-11-25T06:27:12.545+0000] {processor.py:186} INFO - Started process (PID=4387) to work on /home/airflow/.local/lib/python3.12/site-packages/airflow/example_dags/example_inlet_event_extra.py
[2024-11-25T06:27:12.547+0000] {processor.py:914} INFO - Processing file /home/airflow/.local/lib/python3.12/site-packages/airflow/example_dags/example_inlet_event_extra.py for tasks to queue
[2024-11-25T06:27:12.551+0000] {logging_mixin.py:190} INFO - [2024-11-25T06:27:12.550+0000] {dagbag.py:588} INFO - Filling up the DagBag from /home/airflow/.local/lib/python3.12/site-packages/airflow/example_dags/example_inlet_event_extra.py
[2024-11-25T06:27:13.325+0000] {processor.py:925} INFO - DAG(s) 'read_dataset_event', 'read_dataset_event_from_classic' retrieved from /home/airflow/.local/lib/python3.12/site-packages/airflow/example_dags/example_inlet_event_extra.py
[2024-11-25T06:27:13.364+0000] {logging_mixin.py:190} INFO - [2024-11-25T06:27:13.364+0000] {dag.py:3239} INFO - Sync 2 DAGs
[2024-11-25T06:27:13.401+0000] {logging_mixin.py:190} INFO - [2024-11-25T06:27:13.400+0000] {dag.py:4180} INFO - Setting next_dagrun for read_dataset_event to 2024-11-24 00:00:00+00:00, run_after=2024-11-25 00:00:00+00:00
[2024-11-25T06:27:13.409+0000] {logging_mixin.py:190} INFO - [2024-11-25T06:27:13.408+0000] {dag.py:4180} INFO - Setting next_dagrun for read_dataset_event_from_classic to 2024-11-24 00:00:00+00:00, run_after=2024-11-25 00:00:00+00:00
[2024-11-25T06:27:13.435+0000] {processor.py:208} INFO - Processing /home/airflow/.local/lib/python3.12/site-packages/airflow/example_dags/example_inlet_event_extra.py took 0.896 seconds
[2024-11-25T06:27:44.292+0000] {processor.py:186} INFO - Started process (PID=4683) to work on /home/airflow/.local/lib/python3.12/site-packages/airflow/example_dags/example_inlet_event_extra.py
[2024-11-25T06:27:44.299+0000] {processor.py:914} INFO - Processing file /home/airflow/.local/lib/python3.12/site-packages/airflow/example_dags/example_inlet_event_extra.py for tasks to queue
[2024-11-25T06:27:44.306+0000] {logging_mixin.py:190} INFO - [2024-11-25T06:27:44.305+0000] {dagbag.py:588} INFO - Filling up the DagBag from /home/airflow/.local/lib/python3.12/site-packages/airflow/example_dags/example_inlet_event_extra.py
[2024-11-25T06:27:45.642+0000] {processor.py:925} INFO - DAG(s) 'read_dataset_event_from_classic', 'read_dataset_event' retrieved from /home/airflow/.local/lib/python3.12/site-packages/airflow/example_dags/example_inlet_event_extra.py
[2024-11-25T06:27:45.705+0000] {logging_mixin.py:190} INFO - [2024-11-25T06:27:45.704+0000] {dag.py:3239} INFO - Sync 2 DAGs
[2024-11-25T06:27:45.788+0000] {logging_mixin.py:190} INFO - [2024-11-25T06:27:45.788+0000] {dag.py:4180} INFO - Setting next_dagrun for read_dataset_event to 2024-11-24 00:00:00+00:00, run_after=2024-11-25 00:00:00+00:00
[2024-11-25T06:27:45.807+0000] {logging_mixin.py:190} INFO - [2024-11-25T06:27:45.806+0000] {dag.py:4180} INFO - Setting next_dagrun for read_dataset_event_from_classic to 2024-11-24 00:00:00+00:00, run_after=2024-11-25 00:00:00+00:00
[2024-11-25T06:27:45.852+0000] {processor.py:208} INFO - Processing /home/airflow/.local/lib/python3.12/site-packages/airflow/example_dags/example_inlet_event_extra.py took 1.581 seconds
[2024-11-25T06:28:16.021+0000] {processor.py:186} INFO - Started process (PID=4974) to work on /home/airflow/.local/lib/python3.12/site-packages/airflow/example_dags/example_inlet_event_extra.py
[2024-11-25T06:28:16.023+0000] {processor.py:914} INFO - Processing file /home/airflow/.local/lib/python3.12/site-packages/airflow/example_dags/example_inlet_event_extra.py for tasks to queue
[2024-11-25T06:28:16.025+0000] {logging_mixin.py:190} INFO - [2024-11-25T06:28:16.025+0000] {dagbag.py:588} INFO - Filling up the DagBag from /home/airflow/.local/lib/python3.12/site-packages/airflow/example_dags/example_inlet_event_extra.py
[2024-11-25T06:28:16.982+0000] {processor.py:925} INFO - DAG(s) 'read_dataset_event_from_classic', 'read_dataset_event' retrieved from /home/airflow/.local/lib/python3.12/site-packages/airflow/example_dags/example_inlet_event_extra.py
[2024-11-25T06:28:17.024+0000] {logging_mixin.py:190} INFO - [2024-11-25T06:28:17.024+0000] {dag.py:3239} INFO - Sync 2 DAGs
[2024-11-25T06:28:17.067+0000] {logging_mixin.py:190} INFO - [2024-11-25T06:28:17.066+0000] {dag.py:4180} INFO - Setting next_dagrun for read_dataset_event to 2024-11-24 00:00:00+00:00, run_after=2024-11-25 00:00:00+00:00
[2024-11-25T06:28:17.075+0000] {logging_mixin.py:190} INFO - [2024-11-25T06:28:17.074+0000] {dag.py:4180} INFO - Setting next_dagrun for read_dataset_event_from_classic to 2024-11-24 00:00:00+00:00, run_after=2024-11-25 00:00:00+00:00
[2024-11-25T06:28:17.106+0000] {processor.py:208} INFO - Processing /home/airflow/.local/lib/python3.12/site-packages/airflow/example_dags/example_inlet_event_extra.py took 1.095 seconds
[2024-11-25T06:28:47.252+0000] {processor.py:186} INFO - Started process (PID=5285) to work on /home/airflow/.local/lib/python3.12/site-packages/airflow/example_dags/example_inlet_event_extra.py
[2024-11-25T06:28:47.253+0000] {processor.py:914} INFO - Processing file /home/airflow/.local/lib/python3.12/site-packages/airflow/example_dags/example_inlet_event_extra.py for tasks to queue
[2024-11-25T06:28:47.256+0000] {logging_mixin.py:190} INFO - [2024-11-25T06:28:47.255+0000] {dagbag.py:588} INFO - Filling up the DagBag from /home/airflow/.local/lib/python3.12/site-packages/airflow/example_dags/example_inlet_event_extra.py
[2024-11-25T06:28:48.157+0000] {processor.py:925} INFO - DAG(s) 'read_dataset_event', 'read_dataset_event_from_classic' retrieved from /home/airflow/.local/lib/python3.12/site-packages/airflow/example_dags/example_inlet_event_extra.py
[2024-11-25T06:28:48.188+0000] {logging_mixin.py:190} INFO - [2024-11-25T06:28:48.188+0000] {dag.py:3239} INFO - Sync 2 DAGs
[2024-11-25T06:28:48.231+0000] {logging_mixin.py:190} INFO - [2024-11-25T06:28:48.230+0000] {dag.py:4180} INFO - Setting next_dagrun for read_dataset_event to 2024-11-24 00:00:00+00:00, run_after=2024-11-25 00:00:00+00:00
[2024-11-25T06:28:48.240+0000] {logging_mixin.py:190} INFO - [2024-11-25T06:28:48.239+0000] {dag.py:4180} INFO - Setting next_dagrun for read_dataset_event_from_classic to 2024-11-24 00:00:00+00:00, run_after=2024-11-25 00:00:00+00:00
[2024-11-25T06:28:48.287+0000] {processor.py:208} INFO - Processing /home/airflow/.local/lib/python3.12/site-packages/airflow/example_dags/example_inlet_event_extra.py took 1.041 seconds
[2024-11-25T06:29:18.762+0000] {processor.py:186} INFO - Started process (PID=5576) to work on /home/airflow/.local/lib/python3.12/site-packages/airflow/example_dags/example_inlet_event_extra.py
[2024-11-25T06:29:18.764+0000] {processor.py:914} INFO - Processing file /home/airflow/.local/lib/python3.12/site-packages/airflow/example_dags/example_inlet_event_extra.py for tasks to queue
[2024-11-25T06:29:18.768+0000] {logging_mixin.py:190} INFO - [2024-11-25T06:29:18.767+0000] {dagbag.py:588} INFO - Filling up the DagBag from /home/airflow/.local/lib/python3.12/site-packages/airflow/example_dags/example_inlet_event_extra.py
[2024-11-25T06:29:20.334+0000] {processor.py:925} INFO - DAG(s) 'read_dataset_event_from_classic', 'read_dataset_event' retrieved from /home/airflow/.local/lib/python3.12/site-packages/airflow/example_dags/example_inlet_event_extra.py
[2024-11-25T06:29:20.381+0000] {logging_mixin.py:190} INFO - [2024-11-25T06:29:20.381+0000] {dag.py:3239} INFO - Sync 2 DAGs
[2024-11-25T06:29:20.431+0000] {logging_mixin.py:190} INFO - [2024-11-25T06:29:20.430+0000] {dag.py:4180} INFO - Setting next_dagrun for read_dataset_event to 2024-11-24 00:00:00+00:00, run_after=2024-11-25 00:00:00+00:00
[2024-11-25T06:29:20.440+0000] {logging_mixin.py:190} INFO - [2024-11-25T06:29:20.439+0000] {dag.py:4180} INFO - Setting next_dagrun for read_dataset_event_from_classic to 2024-11-24 00:00:00+00:00, run_after=2024-11-25 00:00:00+00:00
[2024-11-25T06:29:20.470+0000] {processor.py:208} INFO - Processing /home/airflow/.local/lib/python3.12/site-packages/airflow/example_dags/example_inlet_event_extra.py took 1.717 seconds
[2024-11-25T06:29:50.567+0000] {processor.py:186} INFO - Started process (PID=5884) to work on /home/airflow/.local/lib/python3.12/site-packages/airflow/example_dags/example_inlet_event_extra.py
[2024-11-25T06:29:50.569+0000] {processor.py:914} INFO - Processing file /home/airflow/.local/lib/python3.12/site-packages/airflow/example_dags/example_inlet_event_extra.py for tasks to queue
[2024-11-25T06:29:50.572+0000] {logging_mixin.py:190} INFO - [2024-11-25T06:29:50.571+0000] {dagbag.py:588} INFO - Filling up the DagBag from /home/airflow/.local/lib/python3.12/site-packages/airflow/example_dags/example_inlet_event_extra.py
[2024-11-25T06:29:51.935+0000] {processor.py:925} INFO - DAG(s) 'read_dataset_event_from_classic', 'read_dataset_event' retrieved from /home/airflow/.local/lib/python3.12/site-packages/airflow/example_dags/example_inlet_event_extra.py
[2024-11-25T06:29:51.978+0000] {logging_mixin.py:190} INFO - [2024-11-25T06:29:51.978+0000] {dag.py:3239} INFO - Sync 2 DAGs
[2024-11-25T06:29:52.056+0000] {logging_mixin.py:190} INFO - [2024-11-25T06:29:52.055+0000] {dag.py:4180} INFO - Setting next_dagrun for read_dataset_event to 2024-11-24 00:00:00+00:00, run_after=2024-11-25 00:00:00+00:00
[2024-11-25T06:29:52.066+0000] {logging_mixin.py:190} INFO - [2024-11-25T06:29:52.066+0000] {dag.py:4180} INFO - Setting next_dagrun for read_dataset_event_from_classic to 2024-11-24 00:00:00+00:00, run_after=2024-11-25 00:00:00+00:00
[2024-11-25T06:29:52.107+0000] {processor.py:208} INFO - Processing /home/airflow/.local/lib/python3.12/site-packages/airflow/example_dags/example_inlet_event_extra.py took 1.548 seconds
[2024-11-25T06:30:23.002+0000] {processor.py:186} INFO - Started process (PID=6195) to work on /home/airflow/.local/lib/python3.12/site-packages/airflow/example_dags/example_inlet_event_extra.py
[2024-11-25T06:30:23.013+0000] {processor.py:914} INFO - Processing file /home/airflow/.local/lib/python3.12/site-packages/airflow/example_dags/example_inlet_event_extra.py for tasks to queue
[2024-11-25T06:30:23.028+0000] {logging_mixin.py:190} INFO - [2024-11-25T06:30:23.027+0000] {dagbag.py:588} INFO - Filling up the DagBag from /home/airflow/.local/lib/python3.12/site-packages/airflow/example_dags/example_inlet_event_extra.py
[2024-11-25T06:30:25.903+0000] {processor.py:925} INFO - DAG(s) 'read_dataset_event_from_classic', 'read_dataset_event' retrieved from /home/airflow/.local/lib/python3.12/site-packages/airflow/example_dags/example_inlet_event_extra.py
[2024-11-25T06:30:25.967+0000] {logging_mixin.py:190} INFO - [2024-11-25T06:30:25.966+0000] {dag.py:3239} INFO - Sync 2 DAGs
[2024-11-25T06:30:26.074+0000] {logging_mixin.py:190} INFO - [2024-11-25T06:30:26.074+0000] {dag.py:4180} INFO - Setting next_dagrun for read_dataset_event to 2024-11-24 00:00:00+00:00, run_after=2024-11-25 00:00:00+00:00
[2024-11-25T06:30:26.092+0000] {logging_mixin.py:190} INFO - [2024-11-25T06:30:26.091+0000] {dag.py:4180} INFO - Setting next_dagrun for read_dataset_event_from_classic to 2024-11-24 00:00:00+00:00, run_after=2024-11-25 00:00:00+00:00
[2024-11-25T06:30:26.140+0000] {processor.py:208} INFO - Processing /home/airflow/.local/lib/python3.12/site-packages/airflow/example_dags/example_inlet_event_extra.py took 3.158 seconds
[2024-11-25T06:30:56.811+0000] {processor.py:186} INFO - Started process (PID=6516) to work on /home/airflow/.local/lib/python3.12/site-packages/airflow/example_dags/example_inlet_event_extra.py
[2024-11-25T06:30:56.814+0000] {processor.py:914} INFO - Processing file /home/airflow/.local/lib/python3.12/site-packages/airflow/example_dags/example_inlet_event_extra.py for tasks to queue
[2024-11-25T06:30:56.819+0000] {logging_mixin.py:190} INFO - [2024-11-25T06:30:56.818+0000] {dagbag.py:588} INFO - Filling up the DagBag from /home/airflow/.local/lib/python3.12/site-packages/airflow/example_dags/example_inlet_event_extra.py
[2024-11-25T06:30:58.034+0000] {processor.py:925} INFO - DAG(s) 'read_dataset_event', 'read_dataset_event_from_classic' retrieved from /home/airflow/.local/lib/python3.12/site-packages/airflow/example_dags/example_inlet_event_extra.py
[2024-11-25T06:30:58.077+0000] {logging_mixin.py:190} INFO - [2024-11-25T06:30:58.076+0000] {dag.py:3239} INFO - Sync 2 DAGs
[2024-11-25T06:30:58.135+0000] {logging_mixin.py:190} INFO - [2024-11-25T06:30:58.135+0000] {dag.py:4180} INFO - Setting next_dagrun for read_dataset_event to 2024-11-24 00:00:00+00:00, run_after=2024-11-25 00:00:00+00:00
[2024-11-25T06:30:58.149+0000] {logging_mixin.py:190} INFO - [2024-11-25T06:30:58.148+0000] {dag.py:4180} INFO - Setting next_dagrun for read_dataset_event_from_classic to 2024-11-24 00:00:00+00:00, run_after=2024-11-25 00:00:00+00:00
[2024-11-25T06:30:58.183+0000] {processor.py:208} INFO - Processing /home/airflow/.local/lib/python3.12/site-packages/airflow/example_dags/example_inlet_event_extra.py took 1.387 seconds
[2024-11-25T06:31:28.612+0000] {processor.py:186} INFO - Started process (PID=6822) to work on /home/airflow/.local/lib/python3.12/site-packages/airflow/example_dags/example_inlet_event_extra.py
[2024-11-25T06:31:28.614+0000] {processor.py:914} INFO - Processing file /home/airflow/.local/lib/python3.12/site-packages/airflow/example_dags/example_inlet_event_extra.py for tasks to queue
[2024-11-25T06:31:28.619+0000] {logging_mixin.py:190} INFO - [2024-11-25T06:31:28.618+0000] {dagbag.py:588} INFO - Filling up the DagBag from /home/airflow/.local/lib/python3.12/site-packages/airflow/example_dags/example_inlet_event_extra.py
[2024-11-25T06:31:29.762+0000] {processor.py:925} INFO - DAG(s) 'read_dataset_event_from_classic', 'read_dataset_event' retrieved from /home/airflow/.local/lib/python3.12/site-packages/airflow/example_dags/example_inlet_event_extra.py
[2024-11-25T06:31:29.808+0000] {logging_mixin.py:190} INFO - [2024-11-25T06:31:29.807+0000] {dag.py:3239} INFO - Sync 2 DAGs
[2024-11-25T06:31:29.866+0000] {logging_mixin.py:190} INFO - [2024-11-25T06:31:29.866+0000] {dag.py:4180} INFO - Setting next_dagrun for read_dataset_event to 2024-11-24 00:00:00+00:00, run_after=2024-11-25 00:00:00+00:00
[2024-11-25T06:31:29.880+0000] {logging_mixin.py:190} INFO - [2024-11-25T06:31:29.879+0000] {dag.py:4180} INFO - Setting next_dagrun for read_dataset_event_from_classic to 2024-11-24 00:00:00+00:00, run_after=2024-11-25 00:00:00+00:00
[2024-11-25T06:31:29.914+0000] {processor.py:208} INFO - Processing /home/airflow/.local/lib/python3.12/site-packages/airflow/example_dags/example_inlet_event_extra.py took 1.314 seconds
[2024-11-25T06:32:00.468+0000] {processor.py:186} INFO - Started process (PID=7136) to work on /home/airflow/.local/lib/python3.12/site-packages/airflow/example_dags/example_inlet_event_extra.py
[2024-11-25T06:32:00.470+0000] {processor.py:914} INFO - Processing file /home/airflow/.local/lib/python3.12/site-packages/airflow/example_dags/example_inlet_event_extra.py for tasks to queue
[2024-11-25T06:32:00.474+0000] {logging_mixin.py:190} INFO - [2024-11-25T06:32:00.474+0000] {dagbag.py:588} INFO - Filling up the DagBag from /home/airflow/.local/lib/python3.12/site-packages/airflow/example_dags/example_inlet_event_extra.py
[2024-11-25T06:32:01.703+0000] {processor.py:925} INFO - DAG(s) 'read_dataset_event', 'read_dataset_event_from_classic' retrieved from /home/airflow/.local/lib/python3.12/site-packages/airflow/example_dags/example_inlet_event_extra.py
[2024-11-25T06:32:01.826+0000] {logging_mixin.py:190} INFO - [2024-11-25T06:32:01.825+0000] {dag.py:3239} INFO - Sync 2 DAGs
[2024-11-25T06:32:01.926+0000] {logging_mixin.py:190} INFO - [2024-11-25T06:32:01.925+0000] {dag.py:4180} INFO - Setting next_dagrun for read_dataset_event to 2024-11-24 00:00:00+00:00, run_after=2024-11-25 00:00:00+00:00
[2024-11-25T06:32:01.945+0000] {logging_mixin.py:190} INFO - [2024-11-25T06:32:01.944+0000] {dag.py:4180} INFO - Setting next_dagrun for read_dataset_event_from_classic to 2024-11-24 00:00:00+00:00, run_after=2024-11-25 00:00:00+00:00
[2024-11-25T06:32:02.005+0000] {processor.py:208} INFO - Processing /home/airflow/.local/lib/python3.12/site-packages/airflow/example_dags/example_inlet_event_extra.py took 1.545 seconds
[2024-11-25T06:32:32.927+0000] {processor.py:186} INFO - Started process (PID=7447) to work on /home/airflow/.local/lib/python3.12/site-packages/airflow/example_dags/example_inlet_event_extra.py
[2024-11-25T06:32:32.929+0000] {processor.py:914} INFO - Processing file /home/airflow/.local/lib/python3.12/site-packages/airflow/example_dags/example_inlet_event_extra.py for tasks to queue
[2024-11-25T06:32:32.934+0000] {logging_mixin.py:190} INFO - [2024-11-25T06:32:32.933+0000] {dagbag.py:588} INFO - Filling up the DagBag from /home/airflow/.local/lib/python3.12/site-packages/airflow/example_dags/example_inlet_event_extra.py
[2024-11-25T06:32:34.249+0000] {processor.py:925} INFO - DAG(s) 'read_dataset_event_from_classic', 'read_dataset_event' retrieved from /home/airflow/.local/lib/python3.12/site-packages/airflow/example_dags/example_inlet_event_extra.py
[2024-11-25T06:32:34.295+0000] {logging_mixin.py:190} INFO - [2024-11-25T06:32:34.294+0000] {dag.py:3239} INFO - Sync 2 DAGs
[2024-11-25T06:32:34.349+0000] {logging_mixin.py:190} INFO - [2024-11-25T06:32:34.349+0000] {dag.py:4180} INFO - Setting next_dagrun for read_dataset_event to 2024-11-24 00:00:00+00:00, run_after=2024-11-25 00:00:00+00:00
[2024-11-25T06:32:34.372+0000] {logging_mixin.py:190} INFO - [2024-11-25T06:32:34.372+0000] {dag.py:4180} INFO - Setting next_dagrun for read_dataset_event_from_classic to 2024-11-24 00:00:00+00:00, run_after=2024-11-25 00:00:00+00:00
[2024-11-25T06:32:34.415+0000] {processor.py:208} INFO - Processing /home/airflow/.local/lib/python3.12/site-packages/airflow/example_dags/example_inlet_event_extra.py took 1.495 seconds
[2024-11-25T06:33:04.758+0000] {processor.py:186} INFO - Started process (PID=7748) to work on /home/airflow/.local/lib/python3.12/site-packages/airflow/example_dags/example_inlet_event_extra.py
[2024-11-25T06:33:04.759+0000] {processor.py:914} INFO - Processing file /home/airflow/.local/lib/python3.12/site-packages/airflow/example_dags/example_inlet_event_extra.py for tasks to queue
[2024-11-25T06:33:04.762+0000] {logging_mixin.py:190} INFO - [2024-11-25T06:33:04.761+0000] {dagbag.py:588} INFO - Filling up the DagBag from /home/airflow/.local/lib/python3.12/site-packages/airflow/example_dags/example_inlet_event_extra.py
[2024-11-25T06:33:05.757+0000] {processor.py:925} INFO - DAG(s) 'read_dataset_event', 'read_dataset_event_from_classic' retrieved from /home/airflow/.local/lib/python3.12/site-packages/airflow/example_dags/example_inlet_event_extra.py
[2024-11-25T06:33:05.793+0000] {logging_mixin.py:190} INFO - [2024-11-25T06:33:05.792+0000] {dag.py:3239} INFO - Sync 2 DAGs
[2024-11-25T06:33:05.831+0000] {logging_mixin.py:190} INFO - [2024-11-25T06:33:05.830+0000] {dag.py:4180} INFO - Setting next_dagrun for read_dataset_event to 2024-11-24 00:00:00+00:00, run_after=2024-11-25 00:00:00+00:00
[2024-11-25T06:33:05.839+0000] {logging_mixin.py:190} INFO - [2024-11-25T06:33:05.839+0000] {dag.py:4180} INFO - Setting next_dagrun for read_dataset_event_from_classic to 2024-11-24 00:00:00+00:00, run_after=2024-11-25 00:00:00+00:00
[2024-11-25T06:33:05.867+0000] {processor.py:208} INFO - Processing /home/airflow/.local/lib/python3.12/site-packages/airflow/example_dags/example_inlet_event_extra.py took 1.117 seconds
[2024-11-25T06:33:36.759+0000] {processor.py:186} INFO - Started process (PID=8061) to work on /home/airflow/.local/lib/python3.12/site-packages/airflow/example_dags/example_inlet_event_extra.py
[2024-11-25T06:33:36.760+0000] {processor.py:914} INFO - Processing file /home/airflow/.local/lib/python3.12/site-packages/airflow/example_dags/example_inlet_event_extra.py for tasks to queue
[2024-11-25T06:33:36.763+0000] {logging_mixin.py:190} INFO - [2024-11-25T06:33:36.762+0000] {dagbag.py:588} INFO - Filling up the DagBag from /home/airflow/.local/lib/python3.12/site-packages/airflow/example_dags/example_inlet_event_extra.py
[2024-11-25T06:33:37.505+0000] {processor.py:925} INFO - DAG(s) 'read_dataset_event_from_classic', 'read_dataset_event' retrieved from /home/airflow/.local/lib/python3.12/site-packages/airflow/example_dags/example_inlet_event_extra.py
[2024-11-25T06:33:37.535+0000] {logging_mixin.py:190} INFO - [2024-11-25T06:33:37.535+0000] {dag.py:3239} INFO - Sync 2 DAGs
[2024-11-25T06:33:37.571+0000] {logging_mixin.py:190} INFO - [2024-11-25T06:33:37.570+0000] {dag.py:4180} INFO - Setting next_dagrun for read_dataset_event to 2024-11-24 00:00:00+00:00, run_after=2024-11-25 00:00:00+00:00
[2024-11-25T06:33:37.581+0000] {logging_mixin.py:190} INFO - [2024-11-25T06:33:37.581+0000] {dag.py:4180} INFO - Setting next_dagrun for read_dataset_event_from_classic to 2024-11-24 00:00:00+00:00, run_after=2024-11-25 00:00:00+00:00
[2024-11-25T06:33:37.610+0000] {processor.py:208} INFO - Processing /home/airflow/.local/lib/python3.12/site-packages/airflow/example_dags/example_inlet_event_extra.py took 0.858 seconds
[2024-11-25T06:34:08.513+0000] {processor.py:186} INFO - Started process (PID=8352) to work on /home/airflow/.local/lib/python3.12/site-packages/airflow/example_dags/example_inlet_event_extra.py
[2024-11-25T06:34:08.515+0000] {processor.py:914} INFO - Processing file /home/airflow/.local/lib/python3.12/site-packages/airflow/example_dags/example_inlet_event_extra.py for tasks to queue
[2024-11-25T06:34:08.521+0000] {logging_mixin.py:190} INFO - [2024-11-25T06:34:08.520+0000] {dagbag.py:588} INFO - Filling up the DagBag from /home/airflow/.local/lib/python3.12/site-packages/airflow/example_dags/example_inlet_event_extra.py
[2024-11-25T06:34:10.336+0000] {processor.py:925} INFO - DAG(s) 'read_dataset_event', 'read_dataset_event_from_classic' retrieved from /home/airflow/.local/lib/python3.12/site-packages/airflow/example_dags/example_inlet_event_extra.py
[2024-11-25T06:34:10.379+0000] {logging_mixin.py:190} INFO - [2024-11-25T06:34:10.378+0000] {dag.py:3239} INFO - Sync 2 DAGs
[2024-11-25T06:34:10.489+0000] {logging_mixin.py:190} INFO - [2024-11-25T06:34:10.489+0000] {dag.py:4180} INFO - Setting next_dagrun for read_dataset_event to 2024-11-24 00:00:00+00:00, run_after=2024-11-25 00:00:00+00:00
[2024-11-25T06:34:10.500+0000] {logging_mixin.py:190} INFO - [2024-11-25T06:34:10.500+0000] {dag.py:4180} INFO - Setting next_dagrun for read_dataset_event_from_classic to 2024-11-24 00:00:00+00:00, run_after=2024-11-25 00:00:00+00:00
[2024-11-25T06:34:10.623+0000] {processor.py:208} INFO - Processing /home/airflow/.local/lib/python3.12/site-packages/airflow/example_dags/example_inlet_event_extra.py took 2.130 seconds
[2024-11-25T06:34:40.899+0000] {processor.py:186} INFO - Started process (PID=8676) to work on /home/airflow/.local/lib/python3.12/site-packages/airflow/example_dags/example_inlet_event_extra.py
[2024-11-25T06:34:40.900+0000] {processor.py:914} INFO - Processing file /home/airflow/.local/lib/python3.12/site-packages/airflow/example_dags/example_inlet_event_extra.py for tasks to queue
[2024-11-25T06:34:40.904+0000] {logging_mixin.py:190} INFO - [2024-11-25T06:34:40.904+0000] {dagbag.py:588} INFO - Filling up the DagBag from /home/airflow/.local/lib/python3.12/site-packages/airflow/example_dags/example_inlet_event_extra.py
[2024-11-25T06:34:41.762+0000] {processor.py:925} INFO - DAG(s) 'read_dataset_event', 'read_dataset_event_from_classic' retrieved from /home/airflow/.local/lib/python3.12/site-packages/airflow/example_dags/example_inlet_event_extra.py
[2024-11-25T06:34:41.790+0000] {logging_mixin.py:190} INFO - [2024-11-25T06:34:41.790+0000] {dag.py:3239} INFO - Sync 2 DAGs
[2024-11-25T06:34:41.819+0000] {logging_mixin.py:190} INFO - [2024-11-25T06:34:41.819+0000] {dag.py:4180} INFO - Setting next_dagrun for read_dataset_event to 2024-11-24 00:00:00+00:00, run_after=2024-11-25 00:00:00+00:00
[2024-11-25T06:34:41.826+0000] {logging_mixin.py:190} INFO - [2024-11-25T06:34:41.826+0000] {dag.py:4180} INFO - Setting next_dagrun for read_dataset_event_from_classic to 2024-11-24 00:00:00+00:00, run_after=2024-11-25 00:00:00+00:00
[2024-11-25T06:34:41.848+0000] {processor.py:208} INFO - Processing /home/airflow/.local/lib/python3.12/site-packages/airflow/example_dags/example_inlet_event_extra.py took 0.957 seconds
[2024-11-25T06:35:12.497+0000] {processor.py:186} INFO - Started process (PID=8984) to work on /home/airflow/.local/lib/python3.12/site-packages/airflow/example_dags/example_inlet_event_extra.py
[2024-11-25T06:35:12.498+0000] {processor.py:914} INFO - Processing file /home/airflow/.local/lib/python3.12/site-packages/airflow/example_dags/example_inlet_event_extra.py for tasks to queue
[2024-11-25T06:35:12.501+0000] {logging_mixin.py:190} INFO - [2024-11-25T06:35:12.501+0000] {dagbag.py:588} INFO - Filling up the DagBag from /home/airflow/.local/lib/python3.12/site-packages/airflow/example_dags/example_inlet_event_extra.py
[2024-11-25T06:35:13.140+0000] {processor.py:925} INFO - DAG(s) 'read_dataset_event_from_classic', 'read_dataset_event' retrieved from /home/airflow/.local/lib/python3.12/site-packages/airflow/example_dags/example_inlet_event_extra.py
[2024-11-25T06:35:13.168+0000] {logging_mixin.py:190} INFO - [2024-11-25T06:35:13.167+0000] {dag.py:3239} INFO - Sync 2 DAGs
[2024-11-25T06:35:13.198+0000] {logging_mixin.py:190} INFO - [2024-11-25T06:35:13.198+0000] {dag.py:4180} INFO - Setting next_dagrun for read_dataset_event to 2024-11-24 00:00:00+00:00, run_after=2024-11-25 00:00:00+00:00
[2024-11-25T06:35:13.204+0000] {logging_mixin.py:190} INFO - [2024-11-25T06:35:13.204+0000] {dag.py:4180} INFO - Setting next_dagrun for read_dataset_event_from_classic to 2024-11-24 00:00:00+00:00, run_after=2024-11-25 00:00:00+00:00
[2024-11-25T06:35:13.226+0000] {processor.py:208} INFO - Processing /home/airflow/.local/lib/python3.12/site-packages/airflow/example_dags/example_inlet_event_extra.py took 0.734 seconds
[2024-11-25T06:35:44.224+0000] {processor.py:186} INFO - Started process (PID=9285) to work on /home/airflow/.local/lib/python3.12/site-packages/airflow/example_dags/example_inlet_event_extra.py
[2024-11-25T06:35:44.226+0000] {processor.py:914} INFO - Processing file /home/airflow/.local/lib/python3.12/site-packages/airflow/example_dags/example_inlet_event_extra.py for tasks to queue
[2024-11-25T06:35:44.230+0000] {logging_mixin.py:190} INFO - [2024-11-25T06:35:44.230+0000] {dagbag.py:588} INFO - Filling up the DagBag from /home/airflow/.local/lib/python3.12/site-packages/airflow/example_dags/example_inlet_event_extra.py
[2024-11-25T06:35:45.525+0000] {processor.py:925} INFO - DAG(s) 'read_dataset_event', 'read_dataset_event_from_classic' retrieved from /home/airflow/.local/lib/python3.12/site-packages/airflow/example_dags/example_inlet_event_extra.py
[2024-11-25T06:35:45.565+0000] {logging_mixin.py:190} INFO - [2024-11-25T06:35:45.564+0000] {dag.py:3239} INFO - Sync 2 DAGs
[2024-11-25T06:35:45.619+0000] {logging_mixin.py:190} INFO - [2024-11-25T06:35:45.618+0000] {dag.py:4180} INFO - Setting next_dagrun for read_dataset_event to 2024-11-24 00:00:00+00:00, run_after=2024-11-25 00:00:00+00:00
[2024-11-25T06:35:45.627+0000] {logging_mixin.py:190} INFO - [2024-11-25T06:35:45.627+0000] {dag.py:4180} INFO - Setting next_dagrun for read_dataset_event_from_classic to 2024-11-24 00:00:00+00:00, run_after=2024-11-25 00:00:00+00:00
[2024-11-25T06:35:45.671+0000] {processor.py:208} INFO - Processing /home/airflow/.local/lib/python3.12/site-packages/airflow/example_dags/example_inlet_event_extra.py took 1.457 seconds
[2024-11-25T06:36:16.597+0000] {processor.py:186} INFO - Started process (PID=9576) to work on /home/airflow/.local/lib/python3.12/site-packages/airflow/example_dags/example_inlet_event_extra.py
[2024-11-25T06:36:16.599+0000] {processor.py:914} INFO - Processing file /home/airflow/.local/lib/python3.12/site-packages/airflow/example_dags/example_inlet_event_extra.py for tasks to queue
[2024-11-25T06:36:16.602+0000] {logging_mixin.py:190} INFO - [2024-11-25T06:36:16.602+0000] {dagbag.py:588} INFO - Filling up the DagBag from /home/airflow/.local/lib/python3.12/site-packages/airflow/example_dags/example_inlet_event_extra.py
[2024-11-25T06:36:18.132+0000] {processor.py:925} INFO - DAG(s) 'read_dataset_event', 'read_dataset_event_from_classic' retrieved from /home/airflow/.local/lib/python3.12/site-packages/airflow/example_dags/example_inlet_event_extra.py
[2024-11-25T06:36:18.171+0000] {logging_mixin.py:190} INFO - [2024-11-25T06:36:18.170+0000] {dag.py:3239} INFO - Sync 2 DAGs
[2024-11-25T06:36:18.221+0000] {logging_mixin.py:190} INFO - [2024-11-25T06:36:18.221+0000] {dag.py:4180} INFO - Setting next_dagrun for read_dataset_event to 2024-11-24 00:00:00+00:00, run_after=2024-11-25 00:00:00+00:00
[2024-11-25T06:36:18.231+0000] {logging_mixin.py:190} INFO - [2024-11-25T06:36:18.230+0000] {dag.py:4180} INFO - Setting next_dagrun for read_dataset_event_from_classic to 2024-11-24 00:00:00+00:00, run_after=2024-11-25 00:00:00+00:00
[2024-11-25T06:36:18.271+0000] {processor.py:208} INFO - Processing /home/airflow/.local/lib/python3.12/site-packages/airflow/example_dags/example_inlet_event_extra.py took 1.684 seconds
[2024-11-25T06:36:49.591+0000] {processor.py:186} INFO - Started process (PID=9892) to work on /home/airflow/.local/lib/python3.12/site-packages/airflow/example_dags/example_inlet_event_extra.py
[2024-11-25T06:36:49.594+0000] {processor.py:914} INFO - Processing file /home/airflow/.local/lib/python3.12/site-packages/airflow/example_dags/example_inlet_event_extra.py for tasks to queue
[2024-11-25T06:36:49.599+0000] {logging_mixin.py:190} INFO - [2024-11-25T06:36:49.598+0000] {dagbag.py:588} INFO - Filling up the DagBag from /home/airflow/.local/lib/python3.12/site-packages/airflow/example_dags/example_inlet_event_extra.py
[2024-11-25T06:36:50.791+0000] {processor.py:925} INFO - DAG(s) 'read_dataset_event_from_classic', 'read_dataset_event' retrieved from /home/airflow/.local/lib/python3.12/site-packages/airflow/example_dags/example_inlet_event_extra.py
[2024-11-25T06:36:50.849+0000] {logging_mixin.py:190} INFO - [2024-11-25T06:36:50.849+0000] {dag.py:3239} INFO - Sync 2 DAGs
[2024-11-25T06:36:50.897+0000] {logging_mixin.py:190} INFO - [2024-11-25T06:36:50.897+0000] {dag.py:4180} INFO - Setting next_dagrun for read_dataset_event to 2024-11-24 00:00:00+00:00, run_after=2024-11-25 00:00:00+00:00
[2024-11-25T06:36:50.909+0000] {logging_mixin.py:190} INFO - [2024-11-25T06:36:50.908+0000] {dag.py:4180} INFO - Setting next_dagrun for read_dataset_event_from_classic to 2024-11-24 00:00:00+00:00, run_after=2024-11-25 00:00:00+00:00
[2024-11-25T06:36:50.947+0000] {processor.py:208} INFO - Processing /home/airflow/.local/lib/python3.12/site-packages/airflow/example_dags/example_inlet_event_extra.py took 1.377 seconds
[2024-11-25T06:37:21.312+0000] {processor.py:186} INFO - Started process (PID=10189) to work on /home/airflow/.local/lib/python3.12/site-packages/airflow/example_dags/example_inlet_event_extra.py
[2024-11-25T06:37:21.314+0000] {processor.py:914} INFO - Processing file /home/airflow/.local/lib/python3.12/site-packages/airflow/example_dags/example_inlet_event_extra.py for tasks to queue
[2024-11-25T06:37:21.316+0000] {logging_mixin.py:190} INFO - [2024-11-25T06:37:21.316+0000] {dagbag.py:588} INFO - Filling up the DagBag from /home/airflow/.local/lib/python3.12/site-packages/airflow/example_dags/example_inlet_event_extra.py
[2024-11-25T06:37:22.223+0000] {processor.py:925} INFO - DAG(s) 'read_dataset_event', 'read_dataset_event_from_classic' retrieved from /home/airflow/.local/lib/python3.12/site-packages/airflow/example_dags/example_inlet_event_extra.py
[2024-11-25T06:37:22.256+0000] {logging_mixin.py:190} INFO - [2024-11-25T06:37:22.255+0000] {dag.py:3239} INFO - Sync 2 DAGs
[2024-11-25T06:37:22.296+0000] {logging_mixin.py:190} INFO - [2024-11-25T06:37:22.296+0000] {dag.py:4180} INFO - Setting next_dagrun for read_dataset_event to 2024-11-24 00:00:00+00:00, run_after=2024-11-25 00:00:00+00:00
[2024-11-25T06:37:22.305+0000] {logging_mixin.py:190} INFO - [2024-11-25T06:37:22.304+0000] {dag.py:4180} INFO - Setting next_dagrun for read_dataset_event_from_classic to 2024-11-24 00:00:00+00:00, run_after=2024-11-25 00:00:00+00:00
[2024-11-25T06:37:22.331+0000] {processor.py:208} INFO - Processing /home/airflow/.local/lib/python3.12/site-packages/airflow/example_dags/example_inlet_event_extra.py took 1.024 seconds
[2024-11-25T06:37:53.166+0000] {processor.py:186} INFO - Started process (PID=10480) to work on /home/airflow/.local/lib/python3.12/site-packages/airflow/example_dags/example_inlet_event_extra.py
[2024-11-25T06:37:53.168+0000] {processor.py:914} INFO - Processing file /home/airflow/.local/lib/python3.12/site-packages/airflow/example_dags/example_inlet_event_extra.py for tasks to queue
[2024-11-25T06:37:53.172+0000] {logging_mixin.py:190} INFO - [2024-11-25T06:37:53.171+0000] {dagbag.py:588} INFO - Filling up the DagBag from /home/airflow/.local/lib/python3.12/site-packages/airflow/example_dags/example_inlet_event_extra.py
[2024-11-25T06:37:54.218+0000] {processor.py:925} INFO - DAG(s) 'read_dataset_event_from_classic', 'read_dataset_event' retrieved from /home/airflow/.local/lib/python3.12/site-packages/airflow/example_dags/example_inlet_event_extra.py
[2024-11-25T06:37:54.250+0000] {logging_mixin.py:190} INFO - [2024-11-25T06:37:54.250+0000] {dag.py:3239} INFO - Sync 2 DAGs
[2024-11-25T06:37:54.296+0000] {logging_mixin.py:190} INFO - [2024-11-25T06:37:54.295+0000] {dag.py:4180} INFO - Setting next_dagrun for read_dataset_event to 2024-11-24 00:00:00+00:00, run_after=2024-11-25 00:00:00+00:00
[2024-11-25T06:37:54.313+0000] {logging_mixin.py:190} INFO - [2024-11-25T06:37:54.312+0000] {dag.py:4180} INFO - Setting next_dagrun for read_dataset_event_from_classic to 2024-11-24 00:00:00+00:00, run_after=2024-11-25 00:00:00+00:00
[2024-11-25T06:37:54.366+0000] {processor.py:208} INFO - Processing /home/airflow/.local/lib/python3.12/site-packages/airflow/example_dags/example_inlet_event_extra.py took 1.207 seconds
[2024-11-25T06:38:24.939+0000] {processor.py:186} INFO - Started process (PID=10774) to work on /home/airflow/.local/lib/python3.12/site-packages/airflow/example_dags/example_inlet_event_extra.py
[2024-11-25T06:38:24.941+0000] {processor.py:914} INFO - Processing file /home/airflow/.local/lib/python3.12/site-packages/airflow/example_dags/example_inlet_event_extra.py for tasks to queue
[2024-11-25T06:38:24.944+0000] {logging_mixin.py:190} INFO - [2024-11-25T06:38:24.944+0000] {dagbag.py:588} INFO - Filling up the DagBag from /home/airflow/.local/lib/python3.12/site-packages/airflow/example_dags/example_inlet_event_extra.py
[2024-11-25T06:38:25.891+0000] {processor.py:925} INFO - DAG(s) 'read_dataset_event', 'read_dataset_event_from_classic' retrieved from /home/airflow/.local/lib/python3.12/site-packages/airflow/example_dags/example_inlet_event_extra.py
[2024-11-25T06:38:25.935+0000] {logging_mixin.py:190} INFO - [2024-11-25T06:38:25.934+0000] {dag.py:3239} INFO - Sync 2 DAGs
[2024-11-25T06:38:25.981+0000] {logging_mixin.py:190} INFO - [2024-11-25T06:38:25.981+0000] {dag.py:4180} INFO - Setting next_dagrun for read_dataset_event to 2024-11-24 00:00:00+00:00, run_after=2024-11-25 00:00:00+00:00
[2024-11-25T06:38:25.990+0000] {logging_mixin.py:190} INFO - [2024-11-25T06:38:25.990+0000] {dag.py:4180} INFO - Setting next_dagrun for read_dataset_event_from_classic to 2024-11-24 00:00:00+00:00, run_after=2024-11-25 00:00:00+00:00
[2024-11-25T06:38:26.018+0000] {processor.py:208} INFO - Processing /home/airflow/.local/lib/python3.12/site-packages/airflow/example_dags/example_inlet_event_extra.py took 1.089 seconds
[2024-11-25T06:38:56.270+0000] {processor.py:186} INFO - Started process (PID=11065) to work on /home/airflow/.local/lib/python3.12/site-packages/airflow/example_dags/example_inlet_event_extra.py
[2024-11-25T06:38:56.272+0000] {processor.py:914} INFO - Processing file /home/airflow/.local/lib/python3.12/site-packages/airflow/example_dags/example_inlet_event_extra.py for tasks to queue
[2024-11-25T06:38:56.276+0000] {logging_mixin.py:190} INFO - [2024-11-25T06:38:56.275+0000] {dagbag.py:588} INFO - Filling up the DagBag from /home/airflow/.local/lib/python3.12/site-packages/airflow/example_dags/example_inlet_event_extra.py
[2024-11-25T06:38:57.093+0000] {processor.py:925} INFO - DAG(s) 'read_dataset_event_from_classic', 'read_dataset_event' retrieved from /home/airflow/.local/lib/python3.12/site-packages/airflow/example_dags/example_inlet_event_extra.py
[2024-11-25T06:38:57.138+0000] {logging_mixin.py:190} INFO - [2024-11-25T06:38:57.137+0000] {dag.py:3239} INFO - Sync 2 DAGs
[2024-11-25T06:38:57.186+0000] {logging_mixin.py:190} INFO - [2024-11-25T06:38:57.185+0000] {dag.py:4180} INFO - Setting next_dagrun for read_dataset_event to 2024-11-24 00:00:00+00:00, run_after=2024-11-25 00:00:00+00:00
[2024-11-25T06:38:57.196+0000] {logging_mixin.py:190} INFO - [2024-11-25T06:38:57.195+0000] {dag.py:4180} INFO - Setting next_dagrun for read_dataset_event_from_classic to 2024-11-24 00:00:00+00:00, run_after=2024-11-25 00:00:00+00:00
[2024-11-25T06:38:57.231+0000] {processor.py:208} INFO - Processing /home/airflow/.local/lib/python3.12/site-packages/airflow/example_dags/example_inlet_event_extra.py took 0.968 seconds
[2024-11-25T06:39:27.846+0000] {processor.py:186} INFO - Started process (PID=11356) to work on /home/airflow/.local/lib/python3.12/site-packages/airflow/example_dags/example_inlet_event_extra.py
[2024-11-25T06:39:27.848+0000] {processor.py:914} INFO - Processing file /home/airflow/.local/lib/python3.12/site-packages/airflow/example_dags/example_inlet_event_extra.py for tasks to queue
[2024-11-25T06:39:27.852+0000] {logging_mixin.py:190} INFO - [2024-11-25T06:39:27.851+0000] {dagbag.py:588} INFO - Filling up the DagBag from /home/airflow/.local/lib/python3.12/site-packages/airflow/example_dags/example_inlet_event_extra.py
[2024-11-25T06:39:29.190+0000] {processor.py:925} INFO - DAG(s) 'read_dataset_event', 'read_dataset_event_from_classic' retrieved from /home/airflow/.local/lib/python3.12/site-packages/airflow/example_dags/example_inlet_event_extra.py
[2024-11-25T06:39:29.251+0000] {logging_mixin.py:190} INFO - [2024-11-25T06:39:29.251+0000] {dag.py:3239} INFO - Sync 2 DAGs
[2024-11-25T06:39:29.321+0000] {logging_mixin.py:190} INFO - [2024-11-25T06:39:29.321+0000] {dag.py:4180} INFO - Setting next_dagrun for read_dataset_event to 2024-11-24 00:00:00+00:00, run_after=2024-11-25 00:00:00+00:00
[2024-11-25T06:39:29.333+0000] {logging_mixin.py:190} INFO - [2024-11-25T06:39:29.332+0000] {dag.py:4180} INFO - Setting next_dagrun for read_dataset_event_from_classic to 2024-11-24 00:00:00+00:00, run_after=2024-11-25 00:00:00+00:00
[2024-11-25T06:39:29.372+0000] {processor.py:208} INFO - Processing /home/airflow/.local/lib/python3.12/site-packages/airflow/example_dags/example_inlet_event_extra.py took 1.534 seconds
[2024-11-25T06:39:59.845+0000] {processor.py:186} INFO - Started process (PID=11647) to work on /home/airflow/.local/lib/python3.12/site-packages/airflow/example_dags/example_inlet_event_extra.py
[2024-11-25T06:39:59.847+0000] {processor.py:914} INFO - Processing file /home/airflow/.local/lib/python3.12/site-packages/airflow/example_dags/example_inlet_event_extra.py for tasks to queue
[2024-11-25T06:39:59.850+0000] {logging_mixin.py:190} INFO - [2024-11-25T06:39:59.849+0000] {dagbag.py:588} INFO - Filling up the DagBag from /home/airflow/.local/lib/python3.12/site-packages/airflow/example_dags/example_inlet_event_extra.py
[2024-11-25T06:40:00.717+0000] {processor.py:925} INFO - DAG(s) 'read_dataset_event', 'read_dataset_event_from_classic' retrieved from /home/airflow/.local/lib/python3.12/site-packages/airflow/example_dags/example_inlet_event_extra.py
[2024-11-25T06:40:00.750+0000] {logging_mixin.py:190} INFO - [2024-11-25T06:40:00.749+0000] {dag.py:3239} INFO - Sync 2 DAGs
[2024-11-25T06:40:00.786+0000] {logging_mixin.py:190} INFO - [2024-11-25T06:40:00.785+0000] {dag.py:4180} INFO - Setting next_dagrun for read_dataset_event to 2024-11-24 00:00:00+00:00, run_after=2024-11-25 00:00:00+00:00
[2024-11-25T06:40:00.795+0000] {logging_mixin.py:190} INFO - [2024-11-25T06:40:00.794+0000] {dag.py:4180} INFO - Setting next_dagrun for read_dataset_event_from_classic to 2024-11-24 00:00:00+00:00, run_after=2024-11-25 00:00:00+00:00
[2024-11-25T06:40:00.822+0000] {processor.py:208} INFO - Processing /home/airflow/.local/lib/python3.12/site-packages/airflow/example_dags/example_inlet_event_extra.py took 0.983 seconds
[2024-11-25T06:40:31.513+0000] {processor.py:186} INFO - Started process (PID=11938) to work on /home/airflow/.local/lib/python3.12/site-packages/airflow/example_dags/example_inlet_event_extra.py
[2024-11-25T06:40:31.515+0000] {processor.py:914} INFO - Processing file /home/airflow/.local/lib/python3.12/site-packages/airflow/example_dags/example_inlet_event_extra.py for tasks to queue
[2024-11-25T06:40:31.519+0000] {logging_mixin.py:190} INFO - [2024-11-25T06:40:31.518+0000] {dagbag.py:588} INFO - Filling up the DagBag from /home/airflow/.local/lib/python3.12/site-packages/airflow/example_dags/example_inlet_event_extra.py
[2024-11-25T06:40:32.744+0000] {processor.py:925} INFO - DAG(s) 'read_dataset_event_from_classic', 'read_dataset_event' retrieved from /home/airflow/.local/lib/python3.12/site-packages/airflow/example_dags/example_inlet_event_extra.py
[2024-11-25T06:40:32.781+0000] {logging_mixin.py:190} INFO - [2024-11-25T06:40:32.780+0000] {dag.py:3239} INFO - Sync 2 DAGs
[2024-11-25T06:40:32.831+0000] {logging_mixin.py:190} INFO - [2024-11-25T06:40:32.830+0000] {dag.py:4180} INFO - Setting next_dagrun for read_dataset_event to 2024-11-24 00:00:00+00:00, run_after=2024-11-25 00:00:00+00:00
[2024-11-25T06:40:32.843+0000] {logging_mixin.py:190} INFO - [2024-11-25T06:40:32.842+0000] {dag.py:4180} INFO - Setting next_dagrun for read_dataset_event_from_classic to 2024-11-24 00:00:00+00:00, run_after=2024-11-25 00:00:00+00:00
[2024-11-25T06:40:32.875+0000] {processor.py:208} INFO - Processing /home/airflow/.local/lib/python3.12/site-packages/airflow/example_dags/example_inlet_event_extra.py took 1.370 seconds
[2024-11-25T06:41:03.902+0000] {processor.py:186} INFO - Started process (PID=12229) to work on /home/airflow/.local/lib/python3.12/site-packages/airflow/example_dags/example_inlet_event_extra.py
[2024-11-25T06:41:03.903+0000] {processor.py:914} INFO - Processing file /home/airflow/.local/lib/python3.12/site-packages/airflow/example_dags/example_inlet_event_extra.py for tasks to queue
[2024-11-25T06:41:03.906+0000] {logging_mixin.py:190} INFO - [2024-11-25T06:41:03.905+0000] {dagbag.py:588} INFO - Filling up the DagBag from /home/airflow/.local/lib/python3.12/site-packages/airflow/example_dags/example_inlet_event_extra.py
[2024-11-25T06:41:04.807+0000] {processor.py:925} INFO - DAG(s) 'read_dataset_event', 'read_dataset_event_from_classic' retrieved from /home/airflow/.local/lib/python3.12/site-packages/airflow/example_dags/example_inlet_event_extra.py
[2024-11-25T06:41:04.843+0000] {logging_mixin.py:190} INFO - [2024-11-25T06:41:04.843+0000] {dag.py:3239} INFO - Sync 2 DAGs
[2024-11-25T06:41:04.881+0000] {logging_mixin.py:190} INFO - [2024-11-25T06:41:04.881+0000] {dag.py:4180} INFO - Setting next_dagrun for read_dataset_event to 2024-11-24 00:00:00+00:00, run_after=2024-11-25 00:00:00+00:00
[2024-11-25T06:41:04.890+0000] {logging_mixin.py:190} INFO - [2024-11-25T06:41:04.889+0000] {dag.py:4180} INFO - Setting next_dagrun for read_dataset_event_from_classic to 2024-11-24 00:00:00+00:00, run_after=2024-11-25 00:00:00+00:00
[2024-11-25T06:41:04.920+0000] {processor.py:208} INFO - Processing /home/airflow/.local/lib/python3.12/site-packages/airflow/example_dags/example_inlet_event_extra.py took 1.027 seconds
[2024-11-25T06:41:35.339+0000] {processor.py:186} INFO - Started process (PID=12520) to work on /home/airflow/.local/lib/python3.12/site-packages/airflow/example_dags/example_inlet_event_extra.py
[2024-11-25T06:41:35.340+0000] {processor.py:914} INFO - Processing file /home/airflow/.local/lib/python3.12/site-packages/airflow/example_dags/example_inlet_event_extra.py for tasks to queue
[2024-11-25T06:41:35.346+0000] {logging_mixin.py:190} INFO - [2024-11-25T06:41:35.345+0000] {dagbag.py:588} INFO - Filling up the DagBag from /home/airflow/.local/lib/python3.12/site-packages/airflow/example_dags/example_inlet_event_extra.py
[2024-11-25T06:41:36.121+0000] {processor.py:925} INFO - DAG(s) 'read_dataset_event_from_classic', 'read_dataset_event' retrieved from /home/airflow/.local/lib/python3.12/site-packages/airflow/example_dags/example_inlet_event_extra.py
[2024-11-25T06:41:36.155+0000] {logging_mixin.py:190} INFO - [2024-11-25T06:41:36.155+0000] {dag.py:3239} INFO - Sync 2 DAGs
[2024-11-25T06:41:36.191+0000] {logging_mixin.py:190} INFO - [2024-11-25T06:41:36.191+0000] {dag.py:4180} INFO - Setting next_dagrun for read_dataset_event to 2024-11-24 00:00:00+00:00, run_after=2024-11-25 00:00:00+00:00
[2024-11-25T06:41:36.198+0000] {logging_mixin.py:190} INFO - [2024-11-25T06:41:36.198+0000] {dag.py:4180} INFO - Setting next_dagrun for read_dataset_event_from_classic to 2024-11-24 00:00:00+00:00, run_after=2024-11-25 00:00:00+00:00
[2024-11-25T06:41:36.226+0000] {processor.py:208} INFO - Processing /home/airflow/.local/lib/python3.12/site-packages/airflow/example_dags/example_inlet_event_extra.py took 0.896 seconds
[2024-11-25T06:42:06.564+0000] {processor.py:186} INFO - Started process (PID=12811) to work on /home/airflow/.local/lib/python3.12/site-packages/airflow/example_dags/example_inlet_event_extra.py
[2024-11-25T06:42:06.566+0000] {processor.py:914} INFO - Processing file /home/airflow/.local/lib/python3.12/site-packages/airflow/example_dags/example_inlet_event_extra.py for tasks to queue
[2024-11-25T06:42:06.569+0000] {logging_mixin.py:190} INFO - [2024-11-25T06:42:06.568+0000] {dagbag.py:588} INFO - Filling up the DagBag from /home/airflow/.local/lib/python3.12/site-packages/airflow/example_dags/example_inlet_event_extra.py
[2024-11-25T06:42:07.613+0000] {processor.py:925} INFO - DAG(s) 'read_dataset_event_from_classic', 'read_dataset_event' retrieved from /home/airflow/.local/lib/python3.12/site-packages/airflow/example_dags/example_inlet_event_extra.py
[2024-11-25T06:42:07.651+0000] {logging_mixin.py:190} INFO - [2024-11-25T06:42:07.651+0000] {dag.py:3239} INFO - Sync 2 DAGs
[2024-11-25T06:42:07.694+0000] {logging_mixin.py:190} INFO - [2024-11-25T06:42:07.694+0000] {dag.py:4180} INFO - Setting next_dagrun for read_dataset_event to 2024-11-24 00:00:00+00:00, run_after=2024-11-25 00:00:00+00:00
[2024-11-25T06:42:07.704+0000] {logging_mixin.py:190} INFO - [2024-11-25T06:42:07.704+0000] {dag.py:4180} INFO - Setting next_dagrun for read_dataset_event_from_classic to 2024-11-24 00:00:00+00:00, run_after=2024-11-25 00:00:00+00:00
[2024-11-25T06:42:07.738+0000] {processor.py:208} INFO - Processing /home/airflow/.local/lib/python3.12/site-packages/airflow/example_dags/example_inlet_event_extra.py took 1.181 seconds
[2024-11-25T06:42:37.886+0000] {processor.py:186} INFO - Started process (PID=13099) to work on /home/airflow/.local/lib/python3.12/site-packages/airflow/example_dags/example_inlet_event_extra.py
[2024-11-25T06:42:37.887+0000] {processor.py:914} INFO - Processing file /home/airflow/.local/lib/python3.12/site-packages/airflow/example_dags/example_inlet_event_extra.py for tasks to queue
[2024-11-25T06:42:37.890+0000] {logging_mixin.py:190} INFO - [2024-11-25T06:42:37.889+0000] {dagbag.py:588} INFO - Filling up the DagBag from /home/airflow/.local/lib/python3.12/site-packages/airflow/example_dags/example_inlet_event_extra.py
[2024-11-25T06:42:38.600+0000] {processor.py:925} INFO - DAG(s) 'read_dataset_event_from_classic', 'read_dataset_event' retrieved from /home/airflow/.local/lib/python3.12/site-packages/airflow/example_dags/example_inlet_event_extra.py
[2024-11-25T06:42:38.629+0000] {logging_mixin.py:190} INFO - [2024-11-25T06:42:38.628+0000] {dag.py:3239} INFO - Sync 2 DAGs
[2024-11-25T06:42:38.665+0000] {logging_mixin.py:190} INFO - [2024-11-25T06:42:38.665+0000] {dag.py:4180} INFO - Setting next_dagrun for read_dataset_event to 2024-11-24 00:00:00+00:00, run_after=2024-11-25 00:00:00+00:00
[2024-11-25T06:42:38.674+0000] {logging_mixin.py:190} INFO - [2024-11-25T06:42:38.673+0000] {dag.py:4180} INFO - Setting next_dagrun for read_dataset_event_from_classic to 2024-11-24 00:00:00+00:00, run_after=2024-11-25 00:00:00+00:00
[2024-11-25T06:42:38.700+0000] {processor.py:208} INFO - Processing /home/airflow/.local/lib/python3.12/site-packages/airflow/example_dags/example_inlet_event_extra.py took 0.820 seconds
[2024-11-25T06:43:09.655+0000] {processor.py:186} INFO - Started process (PID=13390) to work on /home/airflow/.local/lib/python3.12/site-packages/airflow/example_dags/example_inlet_event_extra.py
[2024-11-25T06:43:09.656+0000] {processor.py:914} INFO - Processing file /home/airflow/.local/lib/python3.12/site-packages/airflow/example_dags/example_inlet_event_extra.py for tasks to queue
[2024-11-25T06:43:09.660+0000] {logging_mixin.py:190} INFO - [2024-11-25T06:43:09.660+0000] {dagbag.py:588} INFO - Filling up the DagBag from /home/airflow/.local/lib/python3.12/site-packages/airflow/example_dags/example_inlet_event_extra.py
[2024-11-25T06:43:10.616+0000] {processor.py:925} INFO - DAG(s) 'read_dataset_event_from_classic', 'read_dataset_event' retrieved from /home/airflow/.local/lib/python3.12/site-packages/airflow/example_dags/example_inlet_event_extra.py
[2024-11-25T06:43:10.653+0000] {logging_mixin.py:190} INFO - [2024-11-25T06:43:10.653+0000] {dag.py:3239} INFO - Sync 2 DAGs
[2024-11-25T06:43:10.702+0000] {logging_mixin.py:190} INFO - [2024-11-25T06:43:10.702+0000] {dag.py:4180} INFO - Setting next_dagrun for read_dataset_event to 2024-11-24 00:00:00+00:00, run_after=2024-11-25 00:00:00+00:00
[2024-11-25T06:43:10.712+0000] {logging_mixin.py:190} INFO - [2024-11-25T06:43:10.712+0000] {dag.py:4180} INFO - Setting next_dagrun for read_dataset_event_from_classic to 2024-11-24 00:00:00+00:00, run_after=2024-11-25 00:00:00+00:00
[2024-11-25T06:43:10.745+0000] {processor.py:208} INFO - Processing /home/airflow/.local/lib/python3.12/site-packages/airflow/example_dags/example_inlet_event_extra.py took 1.099 seconds
[2024-11-25T06:43:41.015+0000] {processor.py:186} INFO - Started process (PID=13686) to work on /home/airflow/.local/lib/python3.12/site-packages/airflow/example_dags/example_inlet_event_extra.py
[2024-11-25T06:43:41.017+0000] {processor.py:914} INFO - Processing file /home/airflow/.local/lib/python3.12/site-packages/airflow/example_dags/example_inlet_event_extra.py for tasks to queue
[2024-11-25T06:43:41.022+0000] {logging_mixin.py:190} INFO - [2024-11-25T06:43:41.021+0000] {dagbag.py:588} INFO - Filling up the DagBag from /home/airflow/.local/lib/python3.12/site-packages/airflow/example_dags/example_inlet_event_extra.py
[2024-11-25T06:43:42.258+0000] {processor.py:925} INFO - DAG(s) 'read_dataset_event', 'read_dataset_event_from_classic' retrieved from /home/airflow/.local/lib/python3.12/site-packages/airflow/example_dags/example_inlet_event_extra.py
[2024-11-25T06:43:42.319+0000] {logging_mixin.py:190} INFO - [2024-11-25T06:43:42.318+0000] {dag.py:3239} INFO - Sync 2 DAGs
[2024-11-25T06:43:42.386+0000] {logging_mixin.py:190} INFO - [2024-11-25T06:43:42.385+0000] {dag.py:4180} INFO - Setting next_dagrun for read_dataset_event to 2024-11-24 00:00:00+00:00, run_after=2024-11-25 00:00:00+00:00
[2024-11-25T06:43:42.397+0000] {logging_mixin.py:190} INFO - [2024-11-25T06:43:42.396+0000] {dag.py:4180} INFO - Setting next_dagrun for read_dataset_event_from_classic to 2024-11-24 00:00:00+00:00, run_after=2024-11-25 00:00:00+00:00
[2024-11-25T06:43:42.438+0000] {processor.py:208} INFO - Processing /home/airflow/.local/lib/python3.12/site-packages/airflow/example_dags/example_inlet_event_extra.py took 1.435 seconds
