[2024-11-25T06:16:06.265+0000] {processor.py:186} INFO - Started process (PID=309) to work on /home/airflow/.local/lib/python3.12/site-packages/airflow/example_dags/example_python_operator.py
[2024-11-25T06:16:06.267+0000] {processor.py:914} INFO - Processing file /home/airflow/.local/lib/python3.12/site-packages/airflow/example_dags/example_python_operator.py for tasks to queue
[2024-11-25T06:16:06.272+0000] {logging_mixin.py:190} INFO - [2024-11-25T06:16:06.271+0000] {dagbag.py:588} INFO - Filling up the DagBag from /home/airflow/.local/lib/python3.12/site-packages/airflow/example_dags/example_python_operator.py
[2024-11-25T06:16:06.319+0000] {processor.py:925} INFO - DAG(s) 'example_python_operator' retrieved from /home/airflow/.local/lib/python3.12/site-packages/airflow/example_dags/example_python_operator.py
[2024-11-25T06:16:06.800+0000] {logging_mixin.py:190} INFO - [2024-11-25T06:16:06.799+0000] {override.py:1911} INFO - Created Permission View: can read on DAG:example_python_operator
[2024-11-25T06:16:06.850+0000] {logging_mixin.py:190} INFO - [2024-11-25T06:16:06.850+0000] {override.py:1911} INFO - Created Permission View: can delete on DAG:example_python_operator
[2024-11-25T06:16:06.885+0000] {logging_mixin.py:190} INFO - [2024-11-25T06:16:06.884+0000] {override.py:1911} INFO - Created Permission View: can edit on DAG:example_python_operator
[2024-11-25T06:16:06.910+0000] {logging_mixin.py:190} INFO - [2024-11-25T06:16:06.910+0000] {override.py:1911} INFO - Created Permission View: menu access on DAG Run:example_python_operator
[2024-11-25T06:16:06.933+0000] {logging_mixin.py:190} INFO - [2024-11-25T06:16:06.932+0000] {override.py:1911} INFO - Created Permission View: can read on DAG Run:example_python_operator
[2024-11-25T06:16:07.029+0000] {logging_mixin.py:190} INFO - [2024-11-25T06:16:07.028+0000] {override.py:1911} INFO - Created Permission View: can create on DAG Run:example_python_operator
[2024-11-25T06:16:07.048+0000] {logging_mixin.py:190} INFO - [2024-11-25T06:16:07.048+0000] {override.py:1911} INFO - Created Permission View: can delete on DAG Run:example_python_operator
[2024-11-25T06:16:07.050+0000] {logging_mixin.py:190} INFO - [2024-11-25T06:16:07.049+0000] {dag.py:3239} INFO - Sync 1 DAGs
[2024-11-25T06:16:07.076+0000] {logging_mixin.py:190} INFO - [2024-11-25T06:16:07.076+0000] {dag.py:3262} INFO - Creating ORM DAG for example_python_operator
[2024-11-25T06:16:07.079+0000] {logging_mixin.py:190} INFO - [2024-11-25T06:16:07.078+0000] {dag.py:4180} INFO - Setting next_dagrun for example_python_operator to None, run_after=None
[2024-11-25T06:16:07.123+0000] {processor.py:208} INFO - Processing /home/airflow/.local/lib/python3.12/site-packages/airflow/example_dags/example_python_operator.py took 0.871 seconds
[2024-11-25T06:16:37.890+0000] {processor.py:186} INFO - Started process (PID=595) to work on /home/airflow/.local/lib/python3.12/site-packages/airflow/example_dags/example_python_operator.py
[2024-11-25T06:16:37.892+0000] {processor.py:914} INFO - Processing file /home/airflow/.local/lib/python3.12/site-packages/airflow/example_dags/example_python_operator.py for tasks to queue
[2024-11-25T06:16:37.898+0000] {logging_mixin.py:190} INFO - [2024-11-25T06:16:37.896+0000] {dagbag.py:588} INFO - Filling up the DagBag from /home/airflow/.local/lib/python3.12/site-packages/airflow/example_dags/example_python_operator.py
[2024-11-25T06:16:37.923+0000] {processor.py:925} INFO - DAG(s) 'example_python_operator' retrieved from /home/airflow/.local/lib/python3.12/site-packages/airflow/example_dags/example_python_operator.py
[2024-11-25T06:16:37.984+0000] {logging_mixin.py:190} INFO - [2024-11-25T06:16:37.984+0000] {dag.py:3239} INFO - Sync 1 DAGs
[2024-11-25T06:16:38.044+0000] {logging_mixin.py:190} INFO - [2024-11-25T06:16:38.044+0000] {dag.py:4180} INFO - Setting next_dagrun for example_python_operator to None, run_after=None
[2024-11-25T06:16:38.117+0000] {processor.py:208} INFO - Processing /home/airflow/.local/lib/python3.12/site-packages/airflow/example_dags/example_python_operator.py took 0.235 seconds
[2024-11-25T06:17:08.286+0000] {processor.py:186} INFO - Started process (PID=886) to work on /home/airflow/.local/lib/python3.12/site-packages/airflow/example_dags/example_python_operator.py
[2024-11-25T06:17:08.288+0000] {processor.py:914} INFO - Processing file /home/airflow/.local/lib/python3.12/site-packages/airflow/example_dags/example_python_operator.py for tasks to queue
[2024-11-25T06:17:08.291+0000] {logging_mixin.py:190} INFO - [2024-11-25T06:17:08.290+0000] {dagbag.py:588} INFO - Filling up the DagBag from /home/airflow/.local/lib/python3.12/site-packages/airflow/example_dags/example_python_operator.py
[2024-11-25T06:17:08.305+0000] {processor.py:925} INFO - DAG(s) 'example_python_operator' retrieved from /home/airflow/.local/lib/python3.12/site-packages/airflow/example_dags/example_python_operator.py
[2024-11-25T06:17:08.346+0000] {logging_mixin.py:190} INFO - [2024-11-25T06:17:08.346+0000] {dag.py:3239} INFO - Sync 1 DAGs
[2024-11-25T06:17:08.372+0000] {logging_mixin.py:190} INFO - [2024-11-25T06:17:08.372+0000] {dag.py:4180} INFO - Setting next_dagrun for example_python_operator to None, run_after=None
[2024-11-25T06:17:08.402+0000] {processor.py:208} INFO - Processing /home/airflow/.local/lib/python3.12/site-packages/airflow/example_dags/example_python_operator.py took 0.123 seconds
[2024-11-25T06:19:47.472+0000] {processor.py:186} INFO - Started process (PID=325) to work on /home/airflow/.local/lib/python3.12/site-packages/airflow/example_dags/example_python_operator.py
[2024-11-25T06:19:47.473+0000] {processor.py:914} INFO - Processing file /home/airflow/.local/lib/python3.12/site-packages/airflow/example_dags/example_python_operator.py for tasks to queue
[2024-11-25T06:19:47.476+0000] {logging_mixin.py:190} INFO - [2024-11-25T06:19:47.476+0000] {dagbag.py:588} INFO - Filling up the DagBag from /home/airflow/.local/lib/python3.12/site-packages/airflow/example_dags/example_python_operator.py
[2024-11-25T06:19:47.494+0000] {processor.py:925} INFO - DAG(s) 'example_python_operator' retrieved from /home/airflow/.local/lib/python3.12/site-packages/airflow/example_dags/example_python_operator.py
[2024-11-25T06:19:47.707+0000] {logging_mixin.py:190} INFO - [2024-11-25T06:19:47.707+0000] {dag.py:3239} INFO - Sync 1 DAGs
[2024-11-25T06:19:47.728+0000] {logging_mixin.py:190} INFO - [2024-11-25T06:19:47.728+0000] {dag.py:4180} INFO - Setting next_dagrun for example_python_operator to None, run_after=None
[2024-11-25T06:19:47.773+0000] {processor.py:208} INFO - Processing /home/airflow/.local/lib/python3.12/site-packages/airflow/example_dags/example_python_operator.py took 0.308 seconds
[2024-11-25T06:20:17.947+0000] {processor.py:186} INFO - Started process (PID=617) to work on /home/airflow/.local/lib/python3.12/site-packages/airflow/example_dags/example_python_operator.py
[2024-11-25T06:20:17.949+0000] {processor.py:914} INFO - Processing file /home/airflow/.local/lib/python3.12/site-packages/airflow/example_dags/example_python_operator.py for tasks to queue
[2024-11-25T06:20:17.953+0000] {logging_mixin.py:190} INFO - [2024-11-25T06:20:17.952+0000] {dagbag.py:588} INFO - Filling up the DagBag from /home/airflow/.local/lib/python3.12/site-packages/airflow/example_dags/example_python_operator.py
[2024-11-25T06:20:17.975+0000] {processor.py:925} INFO - DAG(s) 'example_python_operator' retrieved from /home/airflow/.local/lib/python3.12/site-packages/airflow/example_dags/example_python_operator.py
[2024-11-25T06:20:18.015+0000] {logging_mixin.py:190} INFO - [2024-11-25T06:20:18.014+0000] {dag.py:3239} INFO - Sync 1 DAGs
[2024-11-25T06:20:18.040+0000] {logging_mixin.py:190} INFO - [2024-11-25T06:20:18.040+0000] {dag.py:4180} INFO - Setting next_dagrun for example_python_operator to None, run_after=None
[2024-11-25T06:20:18.096+0000] {processor.py:208} INFO - Processing /home/airflow/.local/lib/python3.12/site-packages/airflow/example_dags/example_python_operator.py took 0.157 seconds
[2024-11-25T06:20:49.169+0000] {processor.py:186} INFO - Started process (PID=903) to work on /home/airflow/.local/lib/python3.12/site-packages/airflow/example_dags/example_python_operator.py
[2024-11-25T06:20:49.171+0000] {processor.py:914} INFO - Processing file /home/airflow/.local/lib/python3.12/site-packages/airflow/example_dags/example_python_operator.py for tasks to queue
[2024-11-25T06:20:49.174+0000] {logging_mixin.py:190} INFO - [2024-11-25T06:20:49.173+0000] {dagbag.py:588} INFO - Filling up the DagBag from /home/airflow/.local/lib/python3.12/site-packages/airflow/example_dags/example_python_operator.py
[2024-11-25T06:20:49.199+0000] {processor.py:925} INFO - DAG(s) 'example_python_operator' retrieved from /home/airflow/.local/lib/python3.12/site-packages/airflow/example_dags/example_python_operator.py
[2024-11-25T06:20:49.235+0000] {logging_mixin.py:190} INFO - [2024-11-25T06:20:49.234+0000] {dag.py:3239} INFO - Sync 1 DAGs
[2024-11-25T06:20:49.258+0000] {logging_mixin.py:190} INFO - [2024-11-25T06:20:49.257+0000] {dag.py:4180} INFO - Setting next_dagrun for example_python_operator to None, run_after=None
[2024-11-25T06:20:49.292+0000] {processor.py:208} INFO - Processing /home/airflow/.local/lib/python3.12/site-packages/airflow/example_dags/example_python_operator.py took 0.132 seconds
[2024-11-25T06:21:20.988+0000] {processor.py:186} INFO - Started process (PID=1194) to work on /home/airflow/.local/lib/python3.12/site-packages/airflow/example_dags/example_python_operator.py
[2024-11-25T06:21:20.994+0000] {processor.py:914} INFO - Processing file /home/airflow/.local/lib/python3.12/site-packages/airflow/example_dags/example_python_operator.py for tasks to queue
[2024-11-25T06:21:21.004+0000] {logging_mixin.py:190} INFO - [2024-11-25T06:21:21.003+0000] {dagbag.py:588} INFO - Filling up the DagBag from /home/airflow/.local/lib/python3.12/site-packages/airflow/example_dags/example_python_operator.py
[2024-11-25T06:21:21.048+0000] {processor.py:925} INFO - DAG(s) 'example_python_operator' retrieved from /home/airflow/.local/lib/python3.12/site-packages/airflow/example_dags/example_python_operator.py
[2024-11-25T06:21:21.127+0000] {logging_mixin.py:190} INFO - [2024-11-25T06:21:21.127+0000] {dag.py:3239} INFO - Sync 1 DAGs
[2024-11-25T06:21:21.191+0000] {logging_mixin.py:190} INFO - [2024-11-25T06:21:21.191+0000] {dag.py:4180} INFO - Setting next_dagrun for example_python_operator to None, run_after=None
[2024-11-25T06:21:21.243+0000] {processor.py:208} INFO - Processing /home/airflow/.local/lib/python3.12/site-packages/airflow/example_dags/example_python_operator.py took 0.274 seconds
[2024-11-25T06:21:52.775+0000] {processor.py:186} INFO - Started process (PID=1485) to work on /home/airflow/.local/lib/python3.12/site-packages/airflow/example_dags/example_python_operator.py
[2024-11-25T06:21:52.776+0000] {processor.py:914} INFO - Processing file /home/airflow/.local/lib/python3.12/site-packages/airflow/example_dags/example_python_operator.py for tasks to queue
[2024-11-25T06:21:52.780+0000] {logging_mixin.py:190} INFO - [2024-11-25T06:21:52.779+0000] {dagbag.py:588} INFO - Filling up the DagBag from /home/airflow/.local/lib/python3.12/site-packages/airflow/example_dags/example_python_operator.py
[2024-11-25T06:21:52.801+0000] {processor.py:925} INFO - DAG(s) 'example_python_operator' retrieved from /home/airflow/.local/lib/python3.12/site-packages/airflow/example_dags/example_python_operator.py
[2024-11-25T06:21:52.841+0000] {logging_mixin.py:190} INFO - [2024-11-25T06:21:52.841+0000] {dag.py:3239} INFO - Sync 1 DAGs
[2024-11-25T06:21:52.869+0000] {logging_mixin.py:190} INFO - [2024-11-25T06:21:52.869+0000] {dag.py:4180} INFO - Setting next_dagrun for example_python_operator to None, run_after=None
[2024-11-25T06:21:52.915+0000] {processor.py:208} INFO - Processing /home/airflow/.local/lib/python3.12/site-packages/airflow/example_dags/example_python_operator.py took 0.150 seconds
[2024-11-25T06:22:24.297+0000] {processor.py:186} INFO - Started process (PID=1776) to work on /home/airflow/.local/lib/python3.12/site-packages/airflow/example_dags/example_python_operator.py
[2024-11-25T06:22:24.298+0000] {processor.py:914} INFO - Processing file /home/airflow/.local/lib/python3.12/site-packages/airflow/example_dags/example_python_operator.py for tasks to queue
[2024-11-25T06:22:24.302+0000] {logging_mixin.py:190} INFO - [2024-11-25T06:22:24.301+0000] {dagbag.py:588} INFO - Filling up the DagBag from /home/airflow/.local/lib/python3.12/site-packages/airflow/example_dags/example_python_operator.py
[2024-11-25T06:22:24.316+0000] {processor.py:925} INFO - DAG(s) 'example_python_operator' retrieved from /home/airflow/.local/lib/python3.12/site-packages/airflow/example_dags/example_python_operator.py
[2024-11-25T06:22:24.344+0000] {logging_mixin.py:190} INFO - [2024-11-25T06:22:24.344+0000] {dag.py:3239} INFO - Sync 1 DAGs
[2024-11-25T06:22:24.370+0000] {logging_mixin.py:190} INFO - [2024-11-25T06:22:24.370+0000] {dag.py:4180} INFO - Setting next_dagrun for example_python_operator to None, run_after=None
[2024-11-25T06:22:24.404+0000] {processor.py:208} INFO - Processing /home/airflow/.local/lib/python3.12/site-packages/airflow/example_dags/example_python_operator.py took 0.113 seconds
[2024-11-25T06:22:55.318+0000] {processor.py:186} INFO - Started process (PID=2068) to work on /home/airflow/.local/lib/python3.12/site-packages/airflow/example_dags/example_python_operator.py
[2024-11-25T06:22:55.320+0000] {processor.py:914} INFO - Processing file /home/airflow/.local/lib/python3.12/site-packages/airflow/example_dags/example_python_operator.py for tasks to queue
[2024-11-25T06:22:55.323+0000] {logging_mixin.py:190} INFO - [2024-11-25T06:22:55.322+0000] {dagbag.py:588} INFO - Filling up the DagBag from /home/airflow/.local/lib/python3.12/site-packages/airflow/example_dags/example_python_operator.py
[2024-11-25T06:22:55.340+0000] {processor.py:925} INFO - DAG(s) 'example_python_operator' retrieved from /home/airflow/.local/lib/python3.12/site-packages/airflow/example_dags/example_python_operator.py
[2024-11-25T06:22:55.377+0000] {logging_mixin.py:190} INFO - [2024-11-25T06:22:55.377+0000] {dag.py:3239} INFO - Sync 1 DAGs
[2024-11-25T06:22:55.397+0000] {logging_mixin.py:190} INFO - [2024-11-25T06:22:55.397+0000] {dag.py:4180} INFO - Setting next_dagrun for example_python_operator to None, run_after=None
[2024-11-25T06:22:55.433+0000] {processor.py:208} INFO - Processing /home/airflow/.local/lib/python3.12/site-packages/airflow/example_dags/example_python_operator.py took 0.123 seconds
[2024-11-25T06:23:26.998+0000] {processor.py:186} INFO - Started process (PID=2359) to work on /home/airflow/.local/lib/python3.12/site-packages/airflow/example_dags/example_python_operator.py
[2024-11-25T06:23:26.999+0000] {processor.py:914} INFO - Processing file /home/airflow/.local/lib/python3.12/site-packages/airflow/example_dags/example_python_operator.py for tasks to queue
[2024-11-25T06:23:27.003+0000] {logging_mixin.py:190} INFO - [2024-11-25T06:23:27.003+0000] {dagbag.py:588} INFO - Filling up the DagBag from /home/airflow/.local/lib/python3.12/site-packages/airflow/example_dags/example_python_operator.py
[2024-11-25T06:23:27.020+0000] {processor.py:925} INFO - DAG(s) 'example_python_operator' retrieved from /home/airflow/.local/lib/python3.12/site-packages/airflow/example_dags/example_python_operator.py
[2024-11-25T06:23:27.049+0000] {logging_mixin.py:190} INFO - [2024-11-25T06:23:27.049+0000] {dag.py:3239} INFO - Sync 1 DAGs
[2024-11-25T06:23:27.067+0000] {logging_mixin.py:190} INFO - [2024-11-25T06:23:27.067+0000] {dag.py:4180} INFO - Setting next_dagrun for example_python_operator to None, run_after=None
[2024-11-25T06:23:27.106+0000] {processor.py:208} INFO - Processing /home/airflow/.local/lib/python3.12/site-packages/airflow/example_dags/example_python_operator.py took 0.116 seconds
[2024-11-25T06:23:58.806+0000] {processor.py:186} INFO - Started process (PID=2650) to work on /home/airflow/.local/lib/python3.12/site-packages/airflow/example_dags/example_python_operator.py
[2024-11-25T06:23:58.808+0000] {processor.py:914} INFO - Processing file /home/airflow/.local/lib/python3.12/site-packages/airflow/example_dags/example_python_operator.py for tasks to queue
[2024-11-25T06:23:58.811+0000] {logging_mixin.py:190} INFO - [2024-11-25T06:23:58.810+0000] {dagbag.py:588} INFO - Filling up the DagBag from /home/airflow/.local/lib/python3.12/site-packages/airflow/example_dags/example_python_operator.py
[2024-11-25T06:23:58.827+0000] {processor.py:925} INFO - DAG(s) 'example_python_operator' retrieved from /home/airflow/.local/lib/python3.12/site-packages/airflow/example_dags/example_python_operator.py
[2024-11-25T06:23:58.858+0000] {logging_mixin.py:190} INFO - [2024-11-25T06:23:58.858+0000] {dag.py:3239} INFO - Sync 1 DAGs
[2024-11-25T06:23:58.879+0000] {logging_mixin.py:190} INFO - [2024-11-25T06:23:58.879+0000] {dag.py:4180} INFO - Setting next_dagrun for example_python_operator to None, run_after=None
[2024-11-25T06:23:58.909+0000] {processor.py:208} INFO - Processing /home/airflow/.local/lib/python3.12/site-packages/airflow/example_dags/example_python_operator.py took 0.109 seconds
[2024-11-25T06:24:30.865+0000] {processor.py:186} INFO - Started process (PID=2940) to work on /home/airflow/.local/lib/python3.12/site-packages/airflow/example_dags/example_python_operator.py
[2024-11-25T06:24:30.867+0000] {processor.py:914} INFO - Processing file /home/airflow/.local/lib/python3.12/site-packages/airflow/example_dags/example_python_operator.py for tasks to queue
[2024-11-25T06:24:30.870+0000] {logging_mixin.py:190} INFO - [2024-11-25T06:24:30.869+0000] {dagbag.py:588} INFO - Filling up the DagBag from /home/airflow/.local/lib/python3.12/site-packages/airflow/example_dags/example_python_operator.py
[2024-11-25T06:24:30.898+0000] {processor.py:925} INFO - DAG(s) 'example_python_operator' retrieved from /home/airflow/.local/lib/python3.12/site-packages/airflow/example_dags/example_python_operator.py
[2024-11-25T06:24:30.946+0000] {logging_mixin.py:190} INFO - [2024-11-25T06:24:30.945+0000] {dag.py:3239} INFO - Sync 1 DAGs
[2024-11-25T06:24:30.990+0000] {logging_mixin.py:190} INFO - [2024-11-25T06:24:30.989+0000] {dag.py:4180} INFO - Setting next_dagrun for example_python_operator to None, run_after=None
[2024-11-25T06:24:31.061+0000] {processor.py:208} INFO - Processing /home/airflow/.local/lib/python3.12/site-packages/airflow/example_dags/example_python_operator.py took 0.207 seconds
[2024-11-25T06:25:02.303+0000] {processor.py:186} INFO - Started process (PID=3231) to work on /home/airflow/.local/lib/python3.12/site-packages/airflow/example_dags/example_python_operator.py
[2024-11-25T06:25:02.305+0000] {processor.py:914} INFO - Processing file /home/airflow/.local/lib/python3.12/site-packages/airflow/example_dags/example_python_operator.py for tasks to queue
[2024-11-25T06:25:02.309+0000] {logging_mixin.py:190} INFO - [2024-11-25T06:25:02.308+0000] {dagbag.py:588} INFO - Filling up the DagBag from /home/airflow/.local/lib/python3.12/site-packages/airflow/example_dags/example_python_operator.py
[2024-11-25T06:25:02.330+0000] {processor.py:925} INFO - DAG(s) 'example_python_operator' retrieved from /home/airflow/.local/lib/python3.12/site-packages/airflow/example_dags/example_python_operator.py
[2024-11-25T06:25:02.390+0000] {logging_mixin.py:190} INFO - [2024-11-25T06:25:02.389+0000] {dag.py:3239} INFO - Sync 1 DAGs
[2024-11-25T06:25:02.422+0000] {logging_mixin.py:190} INFO - [2024-11-25T06:25:02.421+0000] {dag.py:4180} INFO - Setting next_dagrun for example_python_operator to None, run_after=None
[2024-11-25T06:25:02.473+0000] {processor.py:208} INFO - Processing /home/airflow/.local/lib/python3.12/site-packages/airflow/example_dags/example_python_operator.py took 0.177 seconds
[2024-11-25T06:25:35.209+0000] {processor.py:186} INFO - Started process (PID=3522) to work on /home/airflow/.local/lib/python3.12/site-packages/airflow/example_dags/example_python_operator.py
[2024-11-25T06:25:35.212+0000] {processor.py:914} INFO - Processing file /home/airflow/.local/lib/python3.12/site-packages/airflow/example_dags/example_python_operator.py for tasks to queue
[2024-11-25T06:25:35.218+0000] {logging_mixin.py:190} INFO - [2024-11-25T06:25:35.217+0000] {dagbag.py:588} INFO - Filling up the DagBag from /home/airflow/.local/lib/python3.12/site-packages/airflow/example_dags/example_python_operator.py
[2024-11-25T06:25:35.315+0000] {processor.py:925} INFO - DAG(s) 'example_python_operator' retrieved from /home/airflow/.local/lib/python3.12/site-packages/airflow/example_dags/example_python_operator.py
[2024-11-25T06:25:35.438+0000] {logging_mixin.py:190} INFO - [2024-11-25T06:25:35.438+0000] {dag.py:3239} INFO - Sync 1 DAGs
[2024-11-25T06:25:35.563+0000] {logging_mixin.py:190} INFO - [2024-11-25T06:25:35.562+0000] {dag.py:4180} INFO - Setting next_dagrun for example_python_operator to None, run_after=None
[2024-11-25T06:25:35.784+0000] {processor.py:208} INFO - Processing /home/airflow/.local/lib/python3.12/site-packages/airflow/example_dags/example_python_operator.py took 0.628 seconds
[2024-11-25T06:26:08.676+0000] {processor.py:186} INFO - Started process (PID=3812) to work on /home/airflow/.local/lib/python3.12/site-packages/airflow/example_dags/example_python_operator.py
[2024-11-25T06:26:08.689+0000] {processor.py:914} INFO - Processing file /home/airflow/.local/lib/python3.12/site-packages/airflow/example_dags/example_python_operator.py for tasks to queue
[2024-11-25T06:26:08.696+0000] {logging_mixin.py:190} INFO - [2024-11-25T06:26:08.695+0000] {dagbag.py:588} INFO - Filling up the DagBag from /home/airflow/.local/lib/python3.12/site-packages/airflow/example_dags/example_python_operator.py
[2024-11-25T06:26:08.765+0000] {processor.py:925} INFO - DAG(s) 'example_python_operator' retrieved from /home/airflow/.local/lib/python3.12/site-packages/airflow/example_dags/example_python_operator.py
[2024-11-25T06:26:08.849+0000] {logging_mixin.py:190} INFO - [2024-11-25T06:26:08.848+0000] {dag.py:3239} INFO - Sync 1 DAGs
[2024-11-25T06:26:08.902+0000] {logging_mixin.py:190} INFO - [2024-11-25T06:26:08.901+0000] {dag.py:4180} INFO - Setting next_dagrun for example_python_operator to None, run_after=None
[2024-11-25T06:26:09.010+0000] {processor.py:208} INFO - Processing /home/airflow/.local/lib/python3.12/site-packages/airflow/example_dags/example_python_operator.py took 0.345 seconds
[2024-11-25T06:26:42.183+0000] {processor.py:186} INFO - Started process (PID=4103) to work on /home/airflow/.local/lib/python3.12/site-packages/airflow/example_dags/example_python_operator.py
[2024-11-25T06:26:42.185+0000] {processor.py:914} INFO - Processing file /home/airflow/.local/lib/python3.12/site-packages/airflow/example_dags/example_python_operator.py for tasks to queue
[2024-11-25T06:26:42.195+0000] {logging_mixin.py:190} INFO - [2024-11-25T06:26:42.194+0000] {dagbag.py:588} INFO - Filling up the DagBag from /home/airflow/.local/lib/python3.12/site-packages/airflow/example_dags/example_python_operator.py
[2024-11-25T06:26:42.244+0000] {processor.py:925} INFO - DAG(s) 'example_python_operator' retrieved from /home/airflow/.local/lib/python3.12/site-packages/airflow/example_dags/example_python_operator.py
[2024-11-25T06:26:42.304+0000] {logging_mixin.py:190} INFO - [2024-11-25T06:26:42.303+0000] {dag.py:3239} INFO - Sync 1 DAGs
[2024-11-25T06:26:42.368+0000] {logging_mixin.py:190} INFO - [2024-11-25T06:26:42.368+0000] {dag.py:4180} INFO - Setting next_dagrun for example_python_operator to None, run_after=None
[2024-11-25T06:26:42.443+0000] {processor.py:208} INFO - Processing /home/airflow/.local/lib/python3.12/site-packages/airflow/example_dags/example_python_operator.py took 0.283 seconds
[2024-11-25T06:27:12.557+0000] {processor.py:186} INFO - Started process (PID=4390) to work on /home/airflow/.local/lib/python3.12/site-packages/airflow/example_dags/example_python_operator.py
[2024-11-25T06:27:12.559+0000] {processor.py:914} INFO - Processing file /home/airflow/.local/lib/python3.12/site-packages/airflow/example_dags/example_python_operator.py for tasks to queue
[2024-11-25T06:27:12.562+0000] {logging_mixin.py:190} INFO - [2024-11-25T06:27:12.562+0000] {dagbag.py:588} INFO - Filling up the DagBag from /home/airflow/.local/lib/python3.12/site-packages/airflow/example_dags/example_python_operator.py
[2024-11-25T06:27:12.580+0000] {processor.py:925} INFO - DAG(s) 'example_python_operator' retrieved from /home/airflow/.local/lib/python3.12/site-packages/airflow/example_dags/example_python_operator.py
[2024-11-25T06:27:12.614+0000] {logging_mixin.py:190} INFO - [2024-11-25T06:27:12.613+0000] {dag.py:3239} INFO - Sync 1 DAGs
[2024-11-25T06:27:12.633+0000] {logging_mixin.py:190} INFO - [2024-11-25T06:27:12.633+0000] {dag.py:4180} INFO - Setting next_dagrun for example_python_operator to None, run_after=None
[2024-11-25T06:27:12.663+0000] {processor.py:208} INFO - Processing /home/airflow/.local/lib/python3.12/site-packages/airflow/example_dags/example_python_operator.py took 0.114 seconds
[2024-11-25T06:27:43.131+0000] {processor.py:186} INFO - Started process (PID=4678) to work on /home/airflow/.local/lib/python3.12/site-packages/airflow/example_dags/example_python_operator.py
[2024-11-25T06:27:43.134+0000] {processor.py:914} INFO - Processing file /home/airflow/.local/lib/python3.12/site-packages/airflow/example_dags/example_python_operator.py for tasks to queue
[2024-11-25T06:27:43.139+0000] {logging_mixin.py:190} INFO - [2024-11-25T06:27:43.138+0000] {dagbag.py:588} INFO - Filling up the DagBag from /home/airflow/.local/lib/python3.12/site-packages/airflow/example_dags/example_python_operator.py
[2024-11-25T06:27:43.168+0000] {processor.py:925} INFO - DAG(s) 'example_python_operator' retrieved from /home/airflow/.local/lib/python3.12/site-packages/airflow/example_dags/example_python_operator.py
[2024-11-25T06:27:43.246+0000] {logging_mixin.py:190} INFO - [2024-11-25T06:27:43.245+0000] {dag.py:3239} INFO - Sync 1 DAGs
[2024-11-25T06:27:43.297+0000] {logging_mixin.py:190} INFO - [2024-11-25T06:27:43.296+0000] {dag.py:4180} INFO - Setting next_dagrun for example_python_operator to None, run_after=None
[2024-11-25T06:27:43.356+0000] {processor.py:208} INFO - Processing /home/airflow/.local/lib/python3.12/site-packages/airflow/example_dags/example_python_operator.py took 0.242 seconds
[2024-11-25T06:28:14.023+0000] {processor.py:186} INFO - Started process (PID=4969) to work on /home/airflow/.local/lib/python3.12/site-packages/airflow/example_dags/example_python_operator.py
[2024-11-25T06:28:14.039+0000] {processor.py:914} INFO - Processing file /home/airflow/.local/lib/python3.12/site-packages/airflow/example_dags/example_python_operator.py for tasks to queue
[2024-11-25T06:28:14.047+0000] {logging_mixin.py:190} INFO - [2024-11-25T06:28:14.046+0000] {dagbag.py:588} INFO - Filling up the DagBag from /home/airflow/.local/lib/python3.12/site-packages/airflow/example_dags/example_python_operator.py
[2024-11-25T06:28:14.078+0000] {processor.py:925} INFO - DAG(s) 'example_python_operator' retrieved from /home/airflow/.local/lib/python3.12/site-packages/airflow/example_dags/example_python_operator.py
[2024-11-25T06:28:14.150+0000] {logging_mixin.py:190} INFO - [2024-11-25T06:28:14.150+0000] {dag.py:3239} INFO - Sync 1 DAGs
[2024-11-25T06:28:14.178+0000] {logging_mixin.py:190} INFO - [2024-11-25T06:28:14.178+0000] {dag.py:4180} INFO - Setting next_dagrun for example_python_operator to None, run_after=None
[2024-11-25T06:28:14.212+0000] {processor.py:208} INFO - Processing /home/airflow/.local/lib/python3.12/site-packages/airflow/example_dags/example_python_operator.py took 0.201 seconds
[2024-11-25T06:28:44.372+0000] {processor.py:186} INFO - Started process (PID=5260) to work on /home/airflow/.local/lib/python3.12/site-packages/airflow/example_dags/example_python_operator.py
[2024-11-25T06:28:44.374+0000] {processor.py:914} INFO - Processing file /home/airflow/.local/lib/python3.12/site-packages/airflow/example_dags/example_python_operator.py for tasks to queue
[2024-11-25T06:28:44.379+0000] {logging_mixin.py:190} INFO - [2024-11-25T06:28:44.378+0000] {dagbag.py:588} INFO - Filling up the DagBag from /home/airflow/.local/lib/python3.12/site-packages/airflow/example_dags/example_python_operator.py
[2024-11-25T06:28:44.402+0000] {processor.py:925} INFO - DAG(s) 'example_python_operator' retrieved from /home/airflow/.local/lib/python3.12/site-packages/airflow/example_dags/example_python_operator.py
[2024-11-25T06:28:44.436+0000] {logging_mixin.py:190} INFO - [2024-11-25T06:28:44.436+0000] {dag.py:3239} INFO - Sync 1 DAGs
[2024-11-25T06:28:44.458+0000] {logging_mixin.py:190} INFO - [2024-11-25T06:28:44.458+0000] {dag.py:4180} INFO - Setting next_dagrun for example_python_operator to None, run_after=None
[2024-11-25T06:28:44.485+0000] {processor.py:208} INFO - Processing /home/airflow/.local/lib/python3.12/site-packages/airflow/example_dags/example_python_operator.py took 0.122 seconds
[2024-11-25T06:29:15.148+0000] {processor.py:186} INFO - Started process (PID=5551) to work on /home/airflow/.local/lib/python3.12/site-packages/airflow/example_dags/example_python_operator.py
[2024-11-25T06:29:15.150+0000] {processor.py:914} INFO - Processing file /home/airflow/.local/lib/python3.12/site-packages/airflow/example_dags/example_python_operator.py for tasks to queue
[2024-11-25T06:29:15.154+0000] {logging_mixin.py:190} INFO - [2024-11-25T06:29:15.153+0000] {dagbag.py:588} INFO - Filling up the DagBag from /home/airflow/.local/lib/python3.12/site-packages/airflow/example_dags/example_python_operator.py
[2024-11-25T06:29:15.171+0000] {processor.py:925} INFO - DAG(s) 'example_python_operator' retrieved from /home/airflow/.local/lib/python3.12/site-packages/airflow/example_dags/example_python_operator.py
[2024-11-25T06:29:15.206+0000] {logging_mixin.py:190} INFO - [2024-11-25T06:29:15.205+0000] {dag.py:3239} INFO - Sync 1 DAGs
[2024-11-25T06:29:15.231+0000] {logging_mixin.py:190} INFO - [2024-11-25T06:29:15.231+0000] {dag.py:4180} INFO - Setting next_dagrun for example_python_operator to None, run_after=None
[2024-11-25T06:29:15.280+0000] {processor.py:208} INFO - Processing /home/airflow/.local/lib/python3.12/site-packages/airflow/example_dags/example_python_operator.py took 0.139 seconds
[2024-11-25T06:29:45.489+0000] {processor.py:186} INFO - Started process (PID=5843) to work on /home/airflow/.local/lib/python3.12/site-packages/airflow/example_dags/example_python_operator.py
[2024-11-25T06:29:45.491+0000] {processor.py:914} INFO - Processing file /home/airflow/.local/lib/python3.12/site-packages/airflow/example_dags/example_python_operator.py for tasks to queue
[2024-11-25T06:29:45.495+0000] {logging_mixin.py:190} INFO - [2024-11-25T06:29:45.494+0000] {dagbag.py:588} INFO - Filling up the DagBag from /home/airflow/.local/lib/python3.12/site-packages/airflow/example_dags/example_python_operator.py
[2024-11-25T06:29:45.524+0000] {processor.py:925} INFO - DAG(s) 'example_python_operator' retrieved from /home/airflow/.local/lib/python3.12/site-packages/airflow/example_dags/example_python_operator.py
[2024-11-25T06:29:45.571+0000] {logging_mixin.py:190} INFO - [2024-11-25T06:29:45.570+0000] {dag.py:3239} INFO - Sync 1 DAGs
[2024-11-25T06:29:45.596+0000] {logging_mixin.py:190} INFO - [2024-11-25T06:29:45.596+0000] {dag.py:4180} INFO - Setting next_dagrun for example_python_operator to None, run_after=None
[2024-11-25T06:29:45.629+0000] {processor.py:208} INFO - Processing /home/airflow/.local/lib/python3.12/site-packages/airflow/example_dags/example_python_operator.py took 0.150 seconds
[2024-11-25T06:30:15.744+0000] {processor.py:186} INFO - Started process (PID=6134) to work on /home/airflow/.local/lib/python3.12/site-packages/airflow/example_dags/example_python_operator.py
[2024-11-25T06:30:15.746+0000] {processor.py:914} INFO - Processing file /home/airflow/.local/lib/python3.12/site-packages/airflow/example_dags/example_python_operator.py for tasks to queue
[2024-11-25T06:30:15.751+0000] {logging_mixin.py:190} INFO - [2024-11-25T06:30:15.750+0000] {dagbag.py:588} INFO - Filling up the DagBag from /home/airflow/.local/lib/python3.12/site-packages/airflow/example_dags/example_python_operator.py
[2024-11-25T06:30:15.777+0000] {processor.py:925} INFO - DAG(s) 'example_python_operator' retrieved from /home/airflow/.local/lib/python3.12/site-packages/airflow/example_dags/example_python_operator.py
[2024-11-25T06:30:15.816+0000] {logging_mixin.py:190} INFO - [2024-11-25T06:30:15.815+0000] {dag.py:3239} INFO - Sync 1 DAGs
[2024-11-25T06:30:15.845+0000] {logging_mixin.py:190} INFO - [2024-11-25T06:30:15.844+0000] {dag.py:4180} INFO - Setting next_dagrun for example_python_operator to None, run_after=None
[2024-11-25T06:30:15.877+0000] {processor.py:208} INFO - Processing /home/airflow/.local/lib/python3.12/site-packages/airflow/example_dags/example_python_operator.py took 0.144 seconds
[2024-11-25T06:30:46.287+0000] {processor.py:186} INFO - Started process (PID=6425) to work on /home/airflow/.local/lib/python3.12/site-packages/airflow/example_dags/example_python_operator.py
[2024-11-25T06:30:46.289+0000] {processor.py:914} INFO - Processing file /home/airflow/.local/lib/python3.12/site-packages/airflow/example_dags/example_python_operator.py for tasks to queue
[2024-11-25T06:30:46.293+0000] {logging_mixin.py:190} INFO - [2024-11-25T06:30:46.293+0000] {dagbag.py:588} INFO - Filling up the DagBag from /home/airflow/.local/lib/python3.12/site-packages/airflow/example_dags/example_python_operator.py
[2024-11-25T06:30:46.318+0000] {processor.py:925} INFO - DAG(s) 'example_python_operator' retrieved from /home/airflow/.local/lib/python3.12/site-packages/airflow/example_dags/example_python_operator.py
[2024-11-25T06:30:46.400+0000] {logging_mixin.py:190} INFO - [2024-11-25T06:30:46.399+0000] {dag.py:3239} INFO - Sync 1 DAGs
[2024-11-25T06:30:46.477+0000] {logging_mixin.py:190} INFO - [2024-11-25T06:30:46.476+0000] {dag.py:4180} INFO - Setting next_dagrun for example_python_operator to None, run_after=None
[2024-11-25T06:30:46.539+0000] {processor.py:208} INFO - Processing /home/airflow/.local/lib/python3.12/site-packages/airflow/example_dags/example_python_operator.py took 0.263 seconds
[2024-11-25T06:31:16.880+0000] {processor.py:186} INFO - Started process (PID=6716) to work on /home/airflow/.local/lib/python3.12/site-packages/airflow/example_dags/example_python_operator.py
[2024-11-25T06:31:16.886+0000] {processor.py:914} INFO - Processing file /home/airflow/.local/lib/python3.12/site-packages/airflow/example_dags/example_python_operator.py for tasks to queue
[2024-11-25T06:31:16.892+0000] {logging_mixin.py:190} INFO - [2024-11-25T06:31:16.891+0000] {dagbag.py:588} INFO - Filling up the DagBag from /home/airflow/.local/lib/python3.12/site-packages/airflow/example_dags/example_python_operator.py
[2024-11-25T06:31:16.921+0000] {processor.py:925} INFO - DAG(s) 'example_python_operator' retrieved from /home/airflow/.local/lib/python3.12/site-packages/airflow/example_dags/example_python_operator.py
[2024-11-25T06:31:16.975+0000] {logging_mixin.py:190} INFO - [2024-11-25T06:31:16.975+0000] {dag.py:3239} INFO - Sync 1 DAGs
[2024-11-25T06:31:17.014+0000] {logging_mixin.py:190} INFO - [2024-11-25T06:31:17.013+0000] {dag.py:4180} INFO - Setting next_dagrun for example_python_operator to None, run_after=None
[2024-11-25T06:31:17.093+0000] {processor.py:208} INFO - Processing /home/airflow/.local/lib/python3.12/site-packages/airflow/example_dags/example_python_operator.py took 0.232 seconds
[2024-11-25T06:31:47.340+0000] {processor.py:186} INFO - Started process (PID=7007) to work on /home/airflow/.local/lib/python3.12/site-packages/airflow/example_dags/example_python_operator.py
[2024-11-25T06:31:47.342+0000] {processor.py:914} INFO - Processing file /home/airflow/.local/lib/python3.12/site-packages/airflow/example_dags/example_python_operator.py for tasks to queue
[2024-11-25T06:31:47.346+0000] {logging_mixin.py:190} INFO - [2024-11-25T06:31:47.346+0000] {dagbag.py:588} INFO - Filling up the DagBag from /home/airflow/.local/lib/python3.12/site-packages/airflow/example_dags/example_python_operator.py
[2024-11-25T06:31:47.369+0000] {processor.py:925} INFO - DAG(s) 'example_python_operator' retrieved from /home/airflow/.local/lib/python3.12/site-packages/airflow/example_dags/example_python_operator.py
[2024-11-25T06:31:47.411+0000] {logging_mixin.py:190} INFO - [2024-11-25T06:31:47.411+0000] {dag.py:3239} INFO - Sync 1 DAGs
[2024-11-25T06:31:47.434+0000] {logging_mixin.py:190} INFO - [2024-11-25T06:31:47.434+0000] {dag.py:4180} INFO - Setting next_dagrun for example_python_operator to None, run_after=None
[2024-11-25T06:31:47.472+0000] {processor.py:208} INFO - Processing /home/airflow/.local/lib/python3.12/site-packages/airflow/example_dags/example_python_operator.py took 0.141 seconds
[2024-11-25T06:32:17.597+0000] {processor.py:186} INFO - Started process (PID=7298) to work on /home/airflow/.local/lib/python3.12/site-packages/airflow/example_dags/example_python_operator.py
[2024-11-25T06:32:17.598+0000] {processor.py:914} INFO - Processing file /home/airflow/.local/lib/python3.12/site-packages/airflow/example_dags/example_python_operator.py for tasks to queue
[2024-11-25T06:32:17.602+0000] {logging_mixin.py:190} INFO - [2024-11-25T06:32:17.601+0000] {dagbag.py:588} INFO - Filling up the DagBag from /home/airflow/.local/lib/python3.12/site-packages/airflow/example_dags/example_python_operator.py
[2024-11-25T06:32:17.623+0000] {processor.py:925} INFO - DAG(s) 'example_python_operator' retrieved from /home/airflow/.local/lib/python3.12/site-packages/airflow/example_dags/example_python_operator.py
[2024-11-25T06:32:17.664+0000] {logging_mixin.py:190} INFO - [2024-11-25T06:32:17.664+0000] {dag.py:3239} INFO - Sync 1 DAGs
[2024-11-25T06:32:17.689+0000] {logging_mixin.py:190} INFO - [2024-11-25T06:32:17.688+0000] {dag.py:4180} INFO - Setting next_dagrun for example_python_operator to None, run_after=None
[2024-11-25T06:32:17.763+0000] {processor.py:208} INFO - Processing /home/airflow/.local/lib/python3.12/site-packages/airflow/example_dags/example_python_operator.py took 0.174 seconds
[2024-11-25T06:32:48.586+0000] {processor.py:186} INFO - Started process (PID=7589) to work on /home/airflow/.local/lib/python3.12/site-packages/airflow/example_dags/example_python_operator.py
[2024-11-25T06:32:48.589+0000] {processor.py:914} INFO - Processing file /home/airflow/.local/lib/python3.12/site-packages/airflow/example_dags/example_python_operator.py for tasks to queue
[2024-11-25T06:32:48.594+0000] {logging_mixin.py:190} INFO - [2024-11-25T06:32:48.593+0000] {dagbag.py:588} INFO - Filling up the DagBag from /home/airflow/.local/lib/python3.12/site-packages/airflow/example_dags/example_python_operator.py
[2024-11-25T06:32:48.625+0000] {processor.py:925} INFO - DAG(s) 'example_python_operator' retrieved from /home/airflow/.local/lib/python3.12/site-packages/airflow/example_dags/example_python_operator.py
[2024-11-25T06:32:48.676+0000] {logging_mixin.py:190} INFO - [2024-11-25T06:32:48.675+0000] {dag.py:3239} INFO - Sync 1 DAGs
[2024-11-25T06:32:48.710+0000] {logging_mixin.py:190} INFO - [2024-11-25T06:32:48.709+0000] {dag.py:4180} INFO - Setting next_dagrun for example_python_operator to None, run_after=None
[2024-11-25T06:32:48.765+0000] {processor.py:208} INFO - Processing /home/airflow/.local/lib/python3.12/site-packages/airflow/example_dags/example_python_operator.py took 0.190 seconds
[2024-11-25T06:33:19.441+0000] {processor.py:186} INFO - Started process (PID=7880) to work on /home/airflow/.local/lib/python3.12/site-packages/airflow/example_dags/example_python_operator.py
[2024-11-25T06:33:19.443+0000] {processor.py:914} INFO - Processing file /home/airflow/.local/lib/python3.12/site-packages/airflow/example_dags/example_python_operator.py for tasks to queue
[2024-11-25T06:33:19.446+0000] {logging_mixin.py:190} INFO - [2024-11-25T06:33:19.445+0000] {dagbag.py:588} INFO - Filling up the DagBag from /home/airflow/.local/lib/python3.12/site-packages/airflow/example_dags/example_python_operator.py
[2024-11-25T06:33:19.470+0000] {processor.py:925} INFO - DAG(s) 'example_python_operator' retrieved from /home/airflow/.local/lib/python3.12/site-packages/airflow/example_dags/example_python_operator.py
[2024-11-25T06:33:19.503+0000] {logging_mixin.py:190} INFO - [2024-11-25T06:33:19.502+0000] {dag.py:3239} INFO - Sync 1 DAGs
[2024-11-25T06:33:19.522+0000] {logging_mixin.py:190} INFO - [2024-11-25T06:33:19.521+0000] {dag.py:4180} INFO - Setting next_dagrun for example_python_operator to None, run_after=None
[2024-11-25T06:33:19.575+0000] {processor.py:208} INFO - Processing /home/airflow/.local/lib/python3.12/site-packages/airflow/example_dags/example_python_operator.py took 0.142 seconds
[2024-11-25T06:33:50.254+0000] {processor.py:186} INFO - Started process (PID=8171) to work on /home/airflow/.local/lib/python3.12/site-packages/airflow/example_dags/example_python_operator.py
[2024-11-25T06:33:50.257+0000] {processor.py:914} INFO - Processing file /home/airflow/.local/lib/python3.12/site-packages/airflow/example_dags/example_python_operator.py for tasks to queue
[2024-11-25T06:33:50.260+0000] {logging_mixin.py:190} INFO - [2024-11-25T06:33:50.260+0000] {dagbag.py:588} INFO - Filling up the DagBag from /home/airflow/.local/lib/python3.12/site-packages/airflow/example_dags/example_python_operator.py
[2024-11-25T06:33:50.287+0000] {processor.py:925} INFO - DAG(s) 'example_python_operator' retrieved from /home/airflow/.local/lib/python3.12/site-packages/airflow/example_dags/example_python_operator.py
[2024-11-25T06:33:50.320+0000] {logging_mixin.py:190} INFO - [2024-11-25T06:33:50.319+0000] {dag.py:3239} INFO - Sync 1 DAGs
[2024-11-25T06:33:50.341+0000] {logging_mixin.py:190} INFO - [2024-11-25T06:33:50.340+0000] {dag.py:4180} INFO - Setting next_dagrun for example_python_operator to None, run_after=None
[2024-11-25T06:33:50.370+0000] {processor.py:208} INFO - Processing /home/airflow/.local/lib/python3.12/site-packages/airflow/example_dags/example_python_operator.py took 0.125 seconds
[2024-11-25T06:34:20.872+0000] {processor.py:186} INFO - Started process (PID=8466) to work on /home/airflow/.local/lib/python3.12/site-packages/airflow/example_dags/example_python_operator.py
[2024-11-25T06:34:20.873+0000] {processor.py:914} INFO - Processing file /home/airflow/.local/lib/python3.12/site-packages/airflow/example_dags/example_python_operator.py for tasks to queue
[2024-11-25T06:34:20.878+0000] {logging_mixin.py:190} INFO - [2024-11-25T06:34:20.877+0000] {dagbag.py:588} INFO - Filling up the DagBag from /home/airflow/.local/lib/python3.12/site-packages/airflow/example_dags/example_python_operator.py
[2024-11-25T06:34:20.901+0000] {processor.py:925} INFO - DAG(s) 'example_python_operator' retrieved from /home/airflow/.local/lib/python3.12/site-packages/airflow/example_dags/example_python_operator.py
[2024-11-25T06:34:21.041+0000] {logging_mixin.py:190} INFO - [2024-11-25T06:34:21.041+0000] {dag.py:3239} INFO - Sync 1 DAGs
[2024-11-25T06:34:21.151+0000] {logging_mixin.py:190} INFO - [2024-11-25T06:34:21.150+0000] {dag.py:4180} INFO - Setting next_dagrun for example_python_operator to None, run_after=None
[2024-11-25T06:34:21.210+0000] {processor.py:208} INFO - Processing /home/airflow/.local/lib/python3.12/site-packages/airflow/example_dags/example_python_operator.py took 0.354 seconds
[2024-11-25T06:34:51.356+0000] {processor.py:186} INFO - Started process (PID=8754) to work on /home/airflow/.local/lib/python3.12/site-packages/airflow/example_dags/example_python_operator.py
[2024-11-25T06:34:51.358+0000] {processor.py:914} INFO - Processing file /home/airflow/.local/lib/python3.12/site-packages/airflow/example_dags/example_python_operator.py for tasks to queue
[2024-11-25T06:34:51.361+0000] {logging_mixin.py:190} INFO - [2024-11-25T06:34:51.361+0000] {dagbag.py:588} INFO - Filling up the DagBag from /home/airflow/.local/lib/python3.12/site-packages/airflow/example_dags/example_python_operator.py
[2024-11-25T06:34:51.383+0000] {processor.py:925} INFO - DAG(s) 'example_python_operator' retrieved from /home/airflow/.local/lib/python3.12/site-packages/airflow/example_dags/example_python_operator.py
[2024-11-25T06:34:51.452+0000] {logging_mixin.py:190} INFO - [2024-11-25T06:34:51.451+0000] {dag.py:3239} INFO - Sync 1 DAGs
[2024-11-25T06:34:51.494+0000] {logging_mixin.py:190} INFO - [2024-11-25T06:34:51.493+0000] {dag.py:4180} INFO - Setting next_dagrun for example_python_operator to None, run_after=None
[2024-11-25T06:34:51.539+0000] {processor.py:208} INFO - Processing /home/airflow/.local/lib/python3.12/site-packages/airflow/example_dags/example_python_operator.py took 0.191 seconds
[2024-11-25T06:35:21.975+0000] {processor.py:186} INFO - Started process (PID=9045) to work on /home/airflow/.local/lib/python3.12/site-packages/airflow/example_dags/example_python_operator.py
[2024-11-25T06:35:21.977+0000] {processor.py:914} INFO - Processing file /home/airflow/.local/lib/python3.12/site-packages/airflow/example_dags/example_python_operator.py for tasks to queue
[2024-11-25T06:35:21.980+0000] {logging_mixin.py:190} INFO - [2024-11-25T06:35:21.980+0000] {dagbag.py:588} INFO - Filling up the DagBag from /home/airflow/.local/lib/python3.12/site-packages/airflow/example_dags/example_python_operator.py
[2024-11-25T06:35:21.998+0000] {processor.py:925} INFO - DAG(s) 'example_python_operator' retrieved from /home/airflow/.local/lib/python3.12/site-packages/airflow/example_dags/example_python_operator.py
[2024-11-25T06:35:22.031+0000] {logging_mixin.py:190} INFO - [2024-11-25T06:35:22.030+0000] {dag.py:3239} INFO - Sync 1 DAGs
[2024-11-25T06:35:22.051+0000] {logging_mixin.py:190} INFO - [2024-11-25T06:35:22.050+0000] {dag.py:4180} INFO - Setting next_dagrun for example_python_operator to None, run_after=None
[2024-11-25T06:35:22.080+0000] {processor.py:208} INFO - Processing /home/airflow/.local/lib/python3.12/site-packages/airflow/example_dags/example_python_operator.py took 0.110 seconds
[2024-11-25T06:35:52.593+0000] {processor.py:186} INFO - Started process (PID=9334) to work on /home/airflow/.local/lib/python3.12/site-packages/airflow/example_dags/example_python_operator.py
[2024-11-25T06:35:52.596+0000] {processor.py:914} INFO - Processing file /home/airflow/.local/lib/python3.12/site-packages/airflow/example_dags/example_python_operator.py for tasks to queue
[2024-11-25T06:35:52.601+0000] {logging_mixin.py:190} INFO - [2024-11-25T06:35:52.600+0000] {dagbag.py:588} INFO - Filling up the DagBag from /home/airflow/.local/lib/python3.12/site-packages/airflow/example_dags/example_python_operator.py
[2024-11-25T06:35:52.634+0000] {processor.py:925} INFO - DAG(s) 'example_python_operator' retrieved from /home/airflow/.local/lib/python3.12/site-packages/airflow/example_dags/example_python_operator.py
[2024-11-25T06:35:52.681+0000] {logging_mixin.py:190} INFO - [2024-11-25T06:35:52.680+0000] {dag.py:3239} INFO - Sync 1 DAGs
[2024-11-25T06:35:52.716+0000] {logging_mixin.py:190} INFO - [2024-11-25T06:35:52.715+0000] {dag.py:4180} INFO - Setting next_dagrun for example_python_operator to None, run_after=None
[2024-11-25T06:35:52.758+0000] {processor.py:208} INFO - Processing /home/airflow/.local/lib/python3.12/site-packages/airflow/example_dags/example_python_operator.py took 0.182 seconds
[2024-11-25T06:36:23.016+0000] {processor.py:186} INFO - Started process (PID=9620) to work on /home/airflow/.local/lib/python3.12/site-packages/airflow/example_dags/example_python_operator.py
[2024-11-25T06:36:23.019+0000] {processor.py:914} INFO - Processing file /home/airflow/.local/lib/python3.12/site-packages/airflow/example_dags/example_python_operator.py for tasks to queue
[2024-11-25T06:36:23.023+0000] {logging_mixin.py:190} INFO - [2024-11-25T06:36:23.022+0000] {dagbag.py:588} INFO - Filling up the DagBag from /home/airflow/.local/lib/python3.12/site-packages/airflow/example_dags/example_python_operator.py
[2024-11-25T06:36:23.055+0000] {processor.py:925} INFO - DAG(s) 'example_python_operator' retrieved from /home/airflow/.local/lib/python3.12/site-packages/airflow/example_dags/example_python_operator.py
[2024-11-25T06:36:23.106+0000] {logging_mixin.py:190} INFO - [2024-11-25T06:36:23.106+0000] {dag.py:3239} INFO - Sync 1 DAGs
[2024-11-25T06:36:23.138+0000] {logging_mixin.py:190} INFO - [2024-11-25T06:36:23.138+0000] {dag.py:4180} INFO - Setting next_dagrun for example_python_operator to None, run_after=None
[2024-11-25T06:36:23.180+0000] {processor.py:208} INFO - Processing /home/airflow/.local/lib/python3.12/site-packages/airflow/example_dags/example_python_operator.py took 0.176 seconds
[2024-11-25T06:36:53.311+0000] {processor.py:186} INFO - Started process (PID=9908) to work on /home/airflow/.local/lib/python3.12/site-packages/airflow/example_dags/example_python_operator.py
[2024-11-25T06:36:53.312+0000] {processor.py:914} INFO - Processing file /home/airflow/.local/lib/python3.12/site-packages/airflow/example_dags/example_python_operator.py for tasks to queue
[2024-11-25T06:36:53.315+0000] {logging_mixin.py:190} INFO - [2024-11-25T06:36:53.314+0000] {dagbag.py:588} INFO - Filling up the DagBag from /home/airflow/.local/lib/python3.12/site-packages/airflow/example_dags/example_python_operator.py
[2024-11-25T06:36:53.329+0000] {processor.py:925} INFO - DAG(s) 'example_python_operator' retrieved from /home/airflow/.local/lib/python3.12/site-packages/airflow/example_dags/example_python_operator.py
[2024-11-25T06:36:53.360+0000] {logging_mixin.py:190} INFO - [2024-11-25T06:36:53.360+0000] {dag.py:3239} INFO - Sync 1 DAGs
[2024-11-25T06:36:53.381+0000] {logging_mixin.py:190} INFO - [2024-11-25T06:36:53.381+0000] {dag.py:4180} INFO - Setting next_dagrun for example_python_operator to None, run_after=None
[2024-11-25T06:36:53.417+0000] {processor.py:208} INFO - Processing /home/airflow/.local/lib/python3.12/site-packages/airflow/example_dags/example_python_operator.py took 0.113 seconds
[2024-11-25T06:37:24.348+0000] {processor.py:186} INFO - Started process (PID=10199) to work on /home/airflow/.local/lib/python3.12/site-packages/airflow/example_dags/example_python_operator.py
[2024-11-25T06:37:24.350+0000] {processor.py:914} INFO - Processing file /home/airflow/.local/lib/python3.12/site-packages/airflow/example_dags/example_python_operator.py for tasks to queue
[2024-11-25T06:37:24.352+0000] {logging_mixin.py:190} INFO - [2024-11-25T06:37:24.352+0000] {dagbag.py:588} INFO - Filling up the DagBag from /home/airflow/.local/lib/python3.12/site-packages/airflow/example_dags/example_python_operator.py
[2024-11-25T06:37:24.366+0000] {processor.py:925} INFO - DAG(s) 'example_python_operator' retrieved from /home/airflow/.local/lib/python3.12/site-packages/airflow/example_dags/example_python_operator.py
[2024-11-25T06:37:24.392+0000] {logging_mixin.py:190} INFO - [2024-11-25T06:37:24.391+0000] {dag.py:3239} INFO - Sync 1 DAGs
[2024-11-25T06:37:24.410+0000] {logging_mixin.py:190} INFO - [2024-11-25T06:37:24.410+0000] {dag.py:4180} INFO - Setting next_dagrun for example_python_operator to None, run_after=None
[2024-11-25T06:37:24.444+0000] {processor.py:208} INFO - Processing /home/airflow/.local/lib/python3.12/site-packages/airflow/example_dags/example_python_operator.py took 0.101 seconds
[2024-11-25T06:37:54.752+0000] {processor.py:186} INFO - Started process (PID=10490) to work on /home/airflow/.local/lib/python3.12/site-packages/airflow/example_dags/example_python_operator.py
[2024-11-25T06:37:54.753+0000] {processor.py:914} INFO - Processing file /home/airflow/.local/lib/python3.12/site-packages/airflow/example_dags/example_python_operator.py for tasks to queue
[2024-11-25T06:37:54.757+0000] {logging_mixin.py:190} INFO - [2024-11-25T06:37:54.756+0000] {dagbag.py:588} INFO - Filling up the DagBag from /home/airflow/.local/lib/python3.12/site-packages/airflow/example_dags/example_python_operator.py
[2024-11-25T06:37:54.772+0000] {processor.py:925} INFO - DAG(s) 'example_python_operator' retrieved from /home/airflow/.local/lib/python3.12/site-packages/airflow/example_dags/example_python_operator.py
[2024-11-25T06:37:54.799+0000] {logging_mixin.py:190} INFO - [2024-11-25T06:37:54.799+0000] {dag.py:3239} INFO - Sync 1 DAGs
[2024-11-25T06:37:54.816+0000] {logging_mixin.py:190} INFO - [2024-11-25T06:37:54.816+0000] {dag.py:4180} INFO - Setting next_dagrun for example_python_operator to None, run_after=None
[2024-11-25T06:37:54.844+0000] {processor.py:208} INFO - Processing /home/airflow/.local/lib/python3.12/site-packages/airflow/example_dags/example_python_operator.py took 0.098 seconds
[2024-11-25T06:38:26.088+0000] {processor.py:186} INFO - Started process (PID=10779) to work on /home/airflow/.local/lib/python3.12/site-packages/airflow/example_dags/example_python_operator.py
[2024-11-25T06:38:26.089+0000] {processor.py:914} INFO - Processing file /home/airflow/.local/lib/python3.12/site-packages/airflow/example_dags/example_python_operator.py for tasks to queue
[2024-11-25T06:38:26.093+0000] {logging_mixin.py:190} INFO - [2024-11-25T06:38:26.092+0000] {dagbag.py:588} INFO - Filling up the DagBag from /home/airflow/.local/lib/python3.12/site-packages/airflow/example_dags/example_python_operator.py
[2024-11-25T06:38:26.111+0000] {processor.py:925} INFO - DAG(s) 'example_python_operator' retrieved from /home/airflow/.local/lib/python3.12/site-packages/airflow/example_dags/example_python_operator.py
[2024-11-25T06:38:26.146+0000] {logging_mixin.py:190} INFO - [2024-11-25T06:38:26.146+0000] {dag.py:3239} INFO - Sync 1 DAGs
[2024-11-25T06:38:26.166+0000] {logging_mixin.py:190} INFO - [2024-11-25T06:38:26.165+0000] {dag.py:4180} INFO - Setting next_dagrun for example_python_operator to None, run_after=None
[2024-11-25T06:38:26.193+0000] {processor.py:208} INFO - Processing /home/airflow/.local/lib/python3.12/site-packages/airflow/example_dags/example_python_operator.py took 0.113 seconds
[2024-11-25T06:38:57.337+0000] {processor.py:186} INFO - Started process (PID=11070) to work on /home/airflow/.local/lib/python3.12/site-packages/airflow/example_dags/example_python_operator.py
[2024-11-25T06:38:57.339+0000] {processor.py:914} INFO - Processing file /home/airflow/.local/lib/python3.12/site-packages/airflow/example_dags/example_python_operator.py for tasks to queue
[2024-11-25T06:38:57.343+0000] {logging_mixin.py:190} INFO - [2024-11-25T06:38:57.342+0000] {dagbag.py:588} INFO - Filling up the DagBag from /home/airflow/.local/lib/python3.12/site-packages/airflow/example_dags/example_python_operator.py
[2024-11-25T06:38:57.367+0000] {processor.py:925} INFO - DAG(s) 'example_python_operator' retrieved from /home/airflow/.local/lib/python3.12/site-packages/airflow/example_dags/example_python_operator.py
[2024-11-25T06:38:57.422+0000] {logging_mixin.py:190} INFO - [2024-11-25T06:38:57.421+0000] {dag.py:3239} INFO - Sync 1 DAGs
[2024-11-25T06:38:57.470+0000] {logging_mixin.py:190} INFO - [2024-11-25T06:38:57.470+0000] {dag.py:4180} INFO - Setting next_dagrun for example_python_operator to None, run_after=None
[2024-11-25T06:38:57.522+0000] {processor.py:208} INFO - Processing /home/airflow/.local/lib/python3.12/site-packages/airflow/example_dags/example_python_operator.py took 0.196 seconds
[2024-11-25T06:39:29.459+0000] {processor.py:186} INFO - Started process (PID=11361) to work on /home/airflow/.local/lib/python3.12/site-packages/airflow/example_dags/example_python_operator.py
[2024-11-25T06:39:29.461+0000] {processor.py:914} INFO - Processing file /home/airflow/.local/lib/python3.12/site-packages/airflow/example_dags/example_python_operator.py for tasks to queue
[2024-11-25T06:39:29.466+0000] {logging_mixin.py:190} INFO - [2024-11-25T06:39:29.466+0000] {dagbag.py:588} INFO - Filling up the DagBag from /home/airflow/.local/lib/python3.12/site-packages/airflow/example_dags/example_python_operator.py
[2024-11-25T06:39:29.490+0000] {processor.py:925} INFO - DAG(s) 'example_python_operator' retrieved from /home/airflow/.local/lib/python3.12/site-packages/airflow/example_dags/example_python_operator.py
[2024-11-25T06:39:29.539+0000] {logging_mixin.py:190} INFO - [2024-11-25T06:39:29.538+0000] {dag.py:3239} INFO - Sync 1 DAGs
[2024-11-25T06:39:29.578+0000] {logging_mixin.py:190} INFO - [2024-11-25T06:39:29.577+0000] {dag.py:4180} INFO - Setting next_dagrun for example_python_operator to None, run_after=None
[2024-11-25T06:39:29.619+0000] {processor.py:208} INFO - Processing /home/airflow/.local/lib/python3.12/site-packages/airflow/example_dags/example_python_operator.py took 0.172 seconds
[2024-11-25T06:40:00.891+0000] {processor.py:186} INFO - Started process (PID=11652) to work on /home/airflow/.local/lib/python3.12/site-packages/airflow/example_dags/example_python_operator.py
[2024-11-25T06:40:00.892+0000] {processor.py:914} INFO - Processing file /home/airflow/.local/lib/python3.12/site-packages/airflow/example_dags/example_python_operator.py for tasks to queue
[2024-11-25T06:40:00.896+0000] {logging_mixin.py:190} INFO - [2024-11-25T06:40:00.895+0000] {dagbag.py:588} INFO - Filling up the DagBag from /home/airflow/.local/lib/python3.12/site-packages/airflow/example_dags/example_python_operator.py
[2024-11-25T06:40:00.911+0000] {processor.py:925} INFO - DAG(s) 'example_python_operator' retrieved from /home/airflow/.local/lib/python3.12/site-packages/airflow/example_dags/example_python_operator.py
[2024-11-25T06:40:00.948+0000] {logging_mixin.py:190} INFO - [2024-11-25T06:40:00.947+0000] {dag.py:3239} INFO - Sync 1 DAGs
[2024-11-25T06:40:00.971+0000] {logging_mixin.py:190} INFO - [2024-11-25T06:40:00.970+0000] {dag.py:4180} INFO - Setting next_dagrun for example_python_operator to None, run_after=None
[2024-11-25T06:40:01.007+0000] {processor.py:208} INFO - Processing /home/airflow/.local/lib/python3.12/site-packages/airflow/example_dags/example_python_operator.py took 0.124 seconds
[2024-11-25T06:40:32.967+0000] {processor.py:186} INFO - Started process (PID=11943) to work on /home/airflow/.local/lib/python3.12/site-packages/airflow/example_dags/example_python_operator.py
[2024-11-25T06:40:32.969+0000] {processor.py:914} INFO - Processing file /home/airflow/.local/lib/python3.12/site-packages/airflow/example_dags/example_python_operator.py for tasks to queue
[2024-11-25T06:40:32.974+0000] {logging_mixin.py:190} INFO - [2024-11-25T06:40:32.973+0000] {dagbag.py:588} INFO - Filling up the DagBag from /home/airflow/.local/lib/python3.12/site-packages/airflow/example_dags/example_python_operator.py
[2024-11-25T06:40:33.000+0000] {processor.py:925} INFO - DAG(s) 'example_python_operator' retrieved from /home/airflow/.local/lib/python3.12/site-packages/airflow/example_dags/example_python_operator.py
[2024-11-25T06:40:33.037+0000] {logging_mixin.py:190} INFO - [2024-11-25T06:40:33.036+0000] {dag.py:3239} INFO - Sync 1 DAGs
[2024-11-25T06:40:33.062+0000] {logging_mixin.py:190} INFO - [2024-11-25T06:40:33.061+0000] {dag.py:4180} INFO - Setting next_dagrun for example_python_operator to None, run_after=None
[2024-11-25T06:40:33.097+0000] {processor.py:208} INFO - Processing /home/airflow/.local/lib/python3.12/site-packages/airflow/example_dags/example_python_operator.py took 0.139 seconds
[2024-11-25T06:41:05.007+0000] {processor.py:186} INFO - Started process (PID=12234) to work on /home/airflow/.local/lib/python3.12/site-packages/airflow/example_dags/example_python_operator.py
[2024-11-25T06:41:05.009+0000] {processor.py:914} INFO - Processing file /home/airflow/.local/lib/python3.12/site-packages/airflow/example_dags/example_python_operator.py for tasks to queue
[2024-11-25T06:41:05.013+0000] {logging_mixin.py:190} INFO - [2024-11-25T06:41:05.012+0000] {dagbag.py:588} INFO - Filling up the DagBag from /home/airflow/.local/lib/python3.12/site-packages/airflow/example_dags/example_python_operator.py
[2024-11-25T06:41:05.030+0000] {processor.py:925} INFO - DAG(s) 'example_python_operator' retrieved from /home/airflow/.local/lib/python3.12/site-packages/airflow/example_dags/example_python_operator.py
[2024-11-25T06:41:05.063+0000] {logging_mixin.py:190} INFO - [2024-11-25T06:41:05.063+0000] {dag.py:3239} INFO - Sync 1 DAGs
[2024-11-25T06:41:05.085+0000] {logging_mixin.py:190} INFO - [2024-11-25T06:41:05.084+0000] {dag.py:4180} INFO - Setting next_dagrun for example_python_operator to None, run_after=None
[2024-11-25T06:41:05.115+0000] {processor.py:208} INFO - Processing /home/airflow/.local/lib/python3.12/site-packages/airflow/example_dags/example_python_operator.py took 0.115 seconds
[2024-11-25T06:41:36.292+0000] {processor.py:186} INFO - Started process (PID=12525) to work on /home/airflow/.local/lib/python3.12/site-packages/airflow/example_dags/example_python_operator.py
[2024-11-25T06:41:36.294+0000] {processor.py:914} INFO - Processing file /home/airflow/.local/lib/python3.12/site-packages/airflow/example_dags/example_python_operator.py for tasks to queue
[2024-11-25T06:41:36.297+0000] {logging_mixin.py:190} INFO - [2024-11-25T06:41:36.297+0000] {dagbag.py:588} INFO - Filling up the DagBag from /home/airflow/.local/lib/python3.12/site-packages/airflow/example_dags/example_python_operator.py
[2024-11-25T06:41:36.315+0000] {processor.py:925} INFO - DAG(s) 'example_python_operator' retrieved from /home/airflow/.local/lib/python3.12/site-packages/airflow/example_dags/example_python_operator.py
[2024-11-25T06:41:36.361+0000] {logging_mixin.py:190} INFO - [2024-11-25T06:41:36.361+0000] {dag.py:3239} INFO - Sync 1 DAGs
[2024-11-25T06:41:36.390+0000] {logging_mixin.py:190} INFO - [2024-11-25T06:41:36.390+0000] {dag.py:4180} INFO - Setting next_dagrun for example_python_operator to None, run_after=None
[2024-11-25T06:41:36.438+0000] {processor.py:208} INFO - Processing /home/airflow/.local/lib/python3.12/site-packages/airflow/example_dags/example_python_operator.py took 0.152 seconds
[2024-11-25T06:42:07.827+0000] {processor.py:186} INFO - Started process (PID=12816) to work on /home/airflow/.local/lib/python3.12/site-packages/airflow/example_dags/example_python_operator.py
[2024-11-25T06:42:07.830+0000] {processor.py:914} INFO - Processing file /home/airflow/.local/lib/python3.12/site-packages/airflow/example_dags/example_python_operator.py for tasks to queue
[2024-11-25T06:42:07.834+0000] {logging_mixin.py:190} INFO - [2024-11-25T06:42:07.833+0000] {dagbag.py:588} INFO - Filling up the DagBag from /home/airflow/.local/lib/python3.12/site-packages/airflow/example_dags/example_python_operator.py
[2024-11-25T06:42:07.862+0000] {processor.py:925} INFO - DAG(s) 'example_python_operator' retrieved from /home/airflow/.local/lib/python3.12/site-packages/airflow/example_dags/example_python_operator.py
[2024-11-25T06:42:07.911+0000] {logging_mixin.py:190} INFO - [2024-11-25T06:42:07.910+0000] {dag.py:3239} INFO - Sync 1 DAGs
[2024-11-25T06:42:07.948+0000] {logging_mixin.py:190} INFO - [2024-11-25T06:42:07.947+0000] {dag.py:4180} INFO - Setting next_dagrun for example_python_operator to None, run_after=None
[2024-11-25T06:42:08.017+0000] {processor.py:208} INFO - Processing /home/airflow/.local/lib/python3.12/site-packages/airflow/example_dags/example_python_operator.py took 0.201 seconds
[2024-11-25T06:42:38.769+0000] {processor.py:186} INFO - Started process (PID=13107) to work on /home/airflow/.local/lib/python3.12/site-packages/airflow/example_dags/example_python_operator.py
[2024-11-25T06:42:38.771+0000] {processor.py:914} INFO - Processing file /home/airflow/.local/lib/python3.12/site-packages/airflow/example_dags/example_python_operator.py for tasks to queue
[2024-11-25T06:42:38.774+0000] {logging_mixin.py:190} INFO - [2024-11-25T06:42:38.773+0000] {dagbag.py:588} INFO - Filling up the DagBag from /home/airflow/.local/lib/python3.12/site-packages/airflow/example_dags/example_python_operator.py
[2024-11-25T06:42:38.790+0000] {processor.py:925} INFO - DAG(s) 'example_python_operator' retrieved from /home/airflow/.local/lib/python3.12/site-packages/airflow/example_dags/example_python_operator.py
[2024-11-25T06:42:38.819+0000] {logging_mixin.py:190} INFO - [2024-11-25T06:42:38.819+0000] {dag.py:3239} INFO - Sync 1 DAGs
[2024-11-25T06:42:38.839+0000] {logging_mixin.py:190} INFO - [2024-11-25T06:42:38.839+0000] {dag.py:4180} INFO - Setting next_dagrun for example_python_operator to None, run_after=None
[2024-11-25T06:42:38.867+0000] {processor.py:208} INFO - Processing /home/airflow/.local/lib/python3.12/site-packages/airflow/example_dags/example_python_operator.py took 0.105 seconds
[2024-11-25T06:43:09.655+0000] {processor.py:186} INFO - Started process (PID=13393) to work on /home/airflow/.local/lib/python3.12/site-packages/airflow/example_dags/example_python_operator.py
[2024-11-25T06:43:09.657+0000] {processor.py:914} INFO - Processing file /home/airflow/.local/lib/python3.12/site-packages/airflow/example_dags/example_python_operator.py for tasks to queue
[2024-11-25T06:43:09.661+0000] {logging_mixin.py:190} INFO - [2024-11-25T06:43:09.660+0000] {dagbag.py:588} INFO - Filling up the DagBag from /home/airflow/.local/lib/python3.12/site-packages/airflow/example_dags/example_python_operator.py
[2024-11-25T06:43:09.685+0000] {processor.py:925} INFO - DAG(s) 'example_python_operator' retrieved from /home/airflow/.local/lib/python3.12/site-packages/airflow/example_dags/example_python_operator.py
[2024-11-25T06:43:09.725+0000] {logging_mixin.py:190} INFO - [2024-11-25T06:43:09.725+0000] {dag.py:3239} INFO - Sync 1 DAGs
[2024-11-25T06:43:09.806+0000] {logging_mixin.py:190} INFO - [2024-11-25T06:43:09.806+0000] {dag.py:4180} INFO - Setting next_dagrun for example_python_operator to None, run_after=None
[2024-11-25T06:43:09.840+0000] {processor.py:208} INFO - Processing /home/airflow/.local/lib/python3.12/site-packages/airflow/example_dags/example_python_operator.py took 0.194 seconds
[2024-11-25T06:43:39.990+0000] {processor.py:186} INFO - Started process (PID=13681) to work on /home/airflow/.local/lib/python3.12/site-packages/airflow/example_dags/example_python_operator.py
[2024-11-25T06:43:39.992+0000] {processor.py:914} INFO - Processing file /home/airflow/.local/lib/python3.12/site-packages/airflow/example_dags/example_python_operator.py for tasks to queue
[2024-11-25T06:43:39.995+0000] {logging_mixin.py:190} INFO - [2024-11-25T06:43:39.995+0000] {dagbag.py:588} INFO - Filling up the DagBag from /home/airflow/.local/lib/python3.12/site-packages/airflow/example_dags/example_python_operator.py
[2024-11-25T06:43:40.014+0000] {processor.py:925} INFO - DAG(s) 'example_python_operator' retrieved from /home/airflow/.local/lib/python3.12/site-packages/airflow/example_dags/example_python_operator.py
[2024-11-25T06:43:40.050+0000] {logging_mixin.py:190} INFO - [2024-11-25T06:43:40.050+0000] {dag.py:3239} INFO - Sync 1 DAGs
[2024-11-25T06:43:40.072+0000] {logging_mixin.py:190} INFO - [2024-11-25T06:43:40.072+0000] {dag.py:4180} INFO - Setting next_dagrun for example_python_operator to None, run_after=None
[2024-11-25T06:43:40.106+0000] {processor.py:208} INFO - Processing /home/airflow/.local/lib/python3.12/site-packages/airflow/example_dags/example_python_operator.py took 0.122 seconds
