[2024-11-27T08:57:55.901+0000] {local_task_job_runner.py:123} INFO - ::group::Pre task execution logs
[2024-11-27T08:57:55.940+0000] {taskinstance.py:2613} INFO - Dependencies all met for dep_context=non-requeueable deps ti=<TaskInstance: fist_dag_v3.second_task manual__2024-11-27T08:57:53.600269+00:00 [queued]>
[2024-11-27T08:57:55.963+0000] {taskinstance.py:2613} INFO - Dependencies all met for dep_context=requeueable deps ti=<TaskInstance: fist_dag_v3.second_task manual__2024-11-27T08:57:53.600269+00:00 [queued]>
[2024-11-27T08:57:55.965+0000] {taskinstance.py:2866} INFO - Starting attempt 1 of 6
[2024-11-27T08:57:55.994+0000] {taskinstance.py:2889} INFO - Executing <Task(BashOperator): second_task> on 2024-11-27 08:57:53.600269+00:00
[2024-11-27T08:57:56.018+0000] {standard_task_runner.py:104} INFO - Running: ['***', 'tasks', 'run', 'fist_dag_v3', 'second_task', 'manual__2024-11-27T08:57:53.600269+00:00', '--job-id', '8', '--raw', '--subdir', 'DAGS_FOLDER/first_dag.py', '--cfg-path', '/tmp/tmp58t7cai3']
[2024-11-27T08:57:56.018+0000] {logging_mixin.py:190} WARNING - /home/***/.local/lib/python3.12/site-packages/***/task/task_runner/standard_task_runner.py:70 DeprecationWarning: This process (pid=960) is multi-threaded, use of fork() may lead to deadlocks in the child.
[2024-11-27T08:57:56.021+0000] {standard_task_runner.py:105} INFO - Job 8: Subtask second_task
[2024-11-27T08:57:56.022+0000] {standard_task_runner.py:72} INFO - Started process 963 to run task
[2024-11-27T08:57:56.105+0000] {task_command.py:467} INFO - Running <TaskInstance: fist_dag_v3.second_task manual__2024-11-27T08:57:53.600269+00:00 [running]> on host ba06481f48a9
[2024-11-27T08:57:56.242+0000] {taskinstance.py:3132} INFO - Exporting env vars: AIRFLOW_CTX_DAG_OWNER='coder2j' AIRFLOW_CTX_DAG_ID='fist_dag_v3' AIRFLOW_CTX_TASK_ID='second_task' AIRFLOW_CTX_EXECUTION_DATE='2024-11-27T08:57:53.600269+00:00' AIRFLOW_CTX_TRY_NUMBER='1' AIRFLOW_CTX_DAG_RUN_ID='manual__2024-11-27T08:57:53.600269+00:00'
[2024-11-27T08:57:56.244+0000] {taskinstance.py:731} INFO - ::endgroup::
[2024-11-27T08:57:56.276+0000] {subprocess.py:78} INFO - Tmp dir root location: /tmp
[2024-11-27T08:57:56.278+0000] {subprocess.py:88} INFO - Running command: ['/usr/bin/bash', '-c', 'echo hey, i am task2 and will be running after task1!']
[2024-11-27T08:57:56.301+0000] {subprocess.py:99} INFO - Output:
[2024-11-27T08:57:56.308+0000] {subprocess.py:106} INFO - hey, i am task2 and will be running after task1!
[2024-11-27T08:57:56.310+0000] {subprocess.py:110} INFO - Command exited with return code 0
[2024-11-27T08:57:56.387+0000] {taskinstance.py:340} INFO - ::group::Post task execution logs
[2024-11-27T08:57:56.388+0000] {taskinstance.py:352} INFO - Marking task as SUCCESS. dag_id=fist_dag_v3, task_id=second_task, run_id=manual__2024-11-27T08:57:53.600269+00:00, execution_date=20241127T085753, start_date=20241127T085755, end_date=20241127T085756
[2024-11-27T08:57:56.441+0000] {local_task_job_runner.py:266} INFO - Task exited with return code 0
[2024-11-27T08:57:56.455+0000] {local_task_job_runner.py:245} INFO - ::endgroup::
