[2024-11-30T19:49:37.632+0000] {local_task_job_runner.py:123} INFO - ::group::Pre task execution logs
[2024-11-30T19:49:37.671+0000] {taskinstance.py:2613} INFO - Dependencies all met for dep_context=non-requeueable deps ti=<TaskInstance: fist_dag_v5.first_task scheduled__2024-11-28T00:00:00+00:00 [queued]>
[2024-11-30T19:49:37.691+0000] {taskinstance.py:2613} INFO - Dependencies all met for dep_context=requeueable deps ti=<TaskInstance: fist_dag_v5.first_task scheduled__2024-11-28T00:00:00+00:00 [queued]>
[2024-11-30T19:49:37.692+0000] {taskinstance.py:2866} INFO - Starting attempt 1 of 6
[2024-11-30T19:49:37.725+0000] {taskinstance.py:2889} INFO - Executing <Task(BashOperator): first_task> on 2024-11-28 00:00:00+00:00
[2024-11-30T19:49:37.739+0000] {standard_task_runner.py:104} INFO - Running: ['***', 'tasks', 'run', 'fist_dag_v5', 'first_task', 'scheduled__2024-11-28T00:00:00+00:00', '--job-id', '12', '--raw', '--subdir', 'DAGS_FOLDER/first_dag.py', '--cfg-path', '/tmp/tmphq9a4x3w']
[2024-11-30T19:49:37.742+0000] {logging_mixin.py:190} WARNING - /home/***/.local/lib/python3.12/site-packages/***/task/task_runner/standard_task_runner.py:70 DeprecationWarning: This process (pid=855) is multi-threaded, use of fork() may lead to deadlocks in the child.
[2024-11-30T19:49:37.748+0000] {standard_task_runner.py:72} INFO - Started process 857 to run task
[2024-11-30T19:49:37.748+0000] {standard_task_runner.py:105} INFO - Job 12: Subtask first_task
[2024-11-30T19:49:37.854+0000] {task_command.py:467} INFO - Running <TaskInstance: fist_dag_v5.first_task scheduled__2024-11-28T00:00:00+00:00 [running]> on host ba06481f48a9
[2024-11-30T19:49:38.000+0000] {taskinstance.py:3132} INFO - Exporting env vars: AIRFLOW_CTX_DAG_OWNER='coder2j' AIRFLOW_CTX_DAG_ID='fist_dag_v5' AIRFLOW_CTX_TASK_ID='first_task' AIRFLOW_CTX_EXECUTION_DATE='2024-11-28T00:00:00+00:00' AIRFLOW_CTX_TRY_NUMBER='1' AIRFLOW_CTX_DAG_RUN_ID='scheduled__2024-11-28T00:00:00+00:00'
[2024-11-30T19:49:38.002+0000] {taskinstance.py:731} INFO - ::endgroup::
[2024-11-30T19:49:38.037+0000] {subprocess.py:78} INFO - Tmp dir root location: /tmp
[2024-11-30T19:49:38.039+0000] {subprocess.py:88} INFO - Running command: ['/usr/bin/bash', '-c', 'echo hello world, this is the first task!']
[2024-11-30T19:49:38.055+0000] {subprocess.py:99} INFO - Output:
[2024-11-30T19:49:38.057+0000] {subprocess.py:106} INFO - hello world, this is the first task!
[2024-11-30T19:49:38.058+0000] {subprocess.py:110} INFO - Command exited with return code 0
[2024-11-30T19:49:38.103+0000] {taskinstance.py:340} INFO - ::group::Post task execution logs
[2024-11-30T19:49:38.104+0000] {taskinstance.py:352} INFO - Marking task as SUCCESS. dag_id=fist_dag_v5, task_id=first_task, run_id=scheduled__2024-11-28T00:00:00+00:00, execution_date=20241128T000000, start_date=20241130T194937, end_date=20241130T194938
[2024-11-30T19:49:38.207+0000] {local_task_job_runner.py:266} INFO - Task exited with return code 0
[2024-11-30T19:49:38.274+0000] {taskinstance.py:3895} INFO - 2 downstream tasks scheduled from follow-on schedule check
[2024-11-30T19:49:38.307+0000] {local_task_job_runner.py:245} INFO - ::endgroup::
