[2025-03-29T14:58:46.703+0000] {local_task_job_runner.py:123} INFO - ::group::Pre task execution logs
[2025-03-29T14:58:47.013+0000] {taskinstance.py:2613} INFO - Dependencies all met for dep_context=non-requeueable deps ti=<TaskInstance: fist_dag_v5.second_task scheduled__2025-03-17T00:00:00+00:00 [queued]>
[2025-03-29T14:58:47.141+0000] {taskinstance.py:2613} INFO - Dependencies all met for dep_context=requeueable deps ti=<TaskInstance: fist_dag_v5.second_task scheduled__2025-03-17T00:00:00+00:00 [queued]>
[2025-03-29T14:58:47.176+0000] {taskinstance.py:2866} INFO - Starting attempt 1 of 6
[2025-03-29T14:58:48.724+0000] {taskinstance.py:2889} INFO - Executing <Task(BashOperator): second_task> on 2025-03-17 00:00:00+00:00
[2025-03-29T14:58:48.799+0000] {logging_mixin.py:190} WARNING - /home/***/.local/lib/python3.12/site-packages/***/task/task_runner/standard_task_runner.py:70 DeprecationWarning: This process (pid=2163) is multi-threaded, use of fork() may lead to deadlocks in the child.
[2025-03-29T14:58:48.820+0000] {standard_task_runner.py:72} INFO - Started process 2199 to run task
[2025-03-29T14:58:48.859+0000] {standard_task_runner.py:104} INFO - Running: ['***', 'tasks', 'run', 'fist_dag_v5', 'second_task', 'scheduled__2025-03-17T00:00:00+00:00', '--job-id', '690', '--raw', '--subdir', 'DAGS_FOLDER/first_dag.py', '--cfg-path', '/tmp/tmpbz3zf0vd']
[2025-03-29T14:58:48.915+0000] {standard_task_runner.py:105} INFO - Job 690: Subtask second_task
[2025-03-29T14:58:49.399+0000] {task_command.py:467} INFO - Running <TaskInstance: fist_dag_v5.second_task scheduled__2025-03-17T00:00:00+00:00 [running]> on host ba06481f48a9
[2025-03-29T14:58:50.546+0000] {taskinstance.py:3132} INFO - Exporting env vars: AIRFLOW_CTX_DAG_OWNER='coder2j' AIRFLOW_CTX_DAG_ID='fist_dag_v5' AIRFLOW_CTX_TASK_ID='second_task' AIRFLOW_CTX_EXECUTION_DATE='2025-03-17T00:00:00+00:00' AIRFLOW_CTX_TRY_NUMBER='1' AIRFLOW_CTX_DAG_RUN_ID='scheduled__2025-03-17T00:00:00+00:00'
[2025-03-29T14:58:50.564+0000] {taskinstance.py:731} INFO - ::endgroup::
[2025-03-29T14:58:50.682+0000] {subprocess.py:78} INFO - Tmp dir root location: /tmp
[2025-03-29T14:58:50.688+0000] {subprocess.py:88} INFO - Running command: ['/usr/bin/bash', '-c', 'echo hey, i am task2 and will be running after task1!']
[2025-03-29T14:58:50.808+0000] {subprocess.py:99} INFO - Output:
[2025-03-29T14:58:50.812+0000] {subprocess.py:106} INFO - hey, i am task2 and will be running after task1!
[2025-03-29T14:58:50.814+0000] {subprocess.py:110} INFO - Command exited with return code 0
[2025-03-29T14:58:51.076+0000] {taskinstance.py:340} INFO - ::group::Post task execution logs
[2025-03-29T14:58:51.084+0000] {taskinstance.py:352} INFO - Marking task as SUCCESS. dag_id=fist_dag_v5, task_id=second_task, run_id=scheduled__2025-03-17T00:00:00+00:00, execution_date=20250317T000000, start_date=20250329T145847, end_date=20250329T145851
[2025-03-29T14:58:51.329+0000] {local_task_job_runner.py:266} INFO - Task exited with return code 0
[2025-03-29T14:58:51.479+0000] {taskinstance.py:3895} INFO - 0 downstream tasks scheduled from follow-on schedule check
[2025-03-29T14:58:51.534+0000] {local_task_job_runner.py:245} INFO - ::endgroup::
