[2024-12-18T03:08:29.094+0000] {processor.py:186} INFO - Started process (PID=167) to work on /opt/airflow/dags/create_dag_with_python_operator.py
[2024-12-18T03:08:29.099+0000] {processor.py:914} INFO - Processing file /opt/airflow/dags/create_dag_with_python_operator.py for tasks to queue
[2024-12-18T03:08:29.111+0000] {logging_mixin.py:190} INFO - [2024-12-18T03:08:29.110+0000] {dagbag.py:588} INFO - Filling up the DagBag from /opt/airflow/dags/create_dag_with_python_operator.py
[2024-12-18T03:08:29.339+0000] {processor.py:925} INFO - DAG(s) 'fist_dag_using_python_operator_v06' retrieved from /opt/airflow/dags/create_dag_with_python_operator.py
[2024-12-18T03:08:29.473+0000] {logging_mixin.py:190} INFO - [2024-12-18T03:08:29.471+0000] {dag.py:3239} INFO - Sync 1 DAGs
[2024-12-18T03:08:29.577+0000] {logging_mixin.py:190} INFO - [2024-12-18T03:08:29.577+0000] {dag.py:4180} INFO - Setting next_dagrun for fist_dag_using_python_operator_v06 to 2024-12-18 00:00:00+00:00, run_after=2024-12-19 00:00:00+00:00
[2024-12-18T03:08:29.646+0000] {processor.py:208} INFO - Processing /opt/airflow/dags/create_dag_with_python_operator.py took 0.573 seconds
[2024-12-18T03:09:00.519+0000] {processor.py:186} INFO - Started process (PID=205) to work on /opt/airflow/dags/create_dag_with_python_operator.py
[2024-12-18T03:09:00.523+0000] {processor.py:914} INFO - Processing file /opt/airflow/dags/create_dag_with_python_operator.py for tasks to queue
[2024-12-18T03:09:00.526+0000] {logging_mixin.py:190} INFO - [2024-12-18T03:09:00.526+0000] {dagbag.py:588} INFO - Filling up the DagBag from /opt/airflow/dags/create_dag_with_python_operator.py
[2024-12-18T03:09:00.685+0000] {processor.py:925} INFO - DAG(s) 'fist_dag_using_python_operator_v06' retrieved from /opt/airflow/dags/create_dag_with_python_operator.py
[2024-12-18T03:09:00.781+0000] {logging_mixin.py:190} INFO - [2024-12-18T03:09:00.780+0000] {dag.py:3239} INFO - Sync 1 DAGs
[2024-12-18T03:09:00.885+0000] {logging_mixin.py:190} INFO - [2024-12-18T03:09:00.885+0000] {dag.py:4180} INFO - Setting next_dagrun for fist_dag_using_python_operator_v06 to 2024-12-18 00:00:00+00:00, run_after=2024-12-19 00:00:00+00:00
[2024-12-18T03:09:00.977+0000] {processor.py:208} INFO - Processing /opt/airflow/dags/create_dag_with_python_operator.py took 0.477 seconds
[2024-12-18T03:09:31.496+0000] {processor.py:186} INFO - Started process (PID=227) to work on /opt/airflow/dags/create_dag_with_python_operator.py
[2024-12-18T03:09:31.497+0000] {processor.py:914} INFO - Processing file /opt/airflow/dags/create_dag_with_python_operator.py for tasks to queue
[2024-12-18T03:09:31.502+0000] {logging_mixin.py:190} INFO - [2024-12-18T03:09:31.501+0000] {dagbag.py:588} INFO - Filling up the DagBag from /opt/airflow/dags/create_dag_with_python_operator.py
[2024-12-18T03:09:31.540+0000] {processor.py:925} INFO - DAG(s) 'fist_dag_using_python_operator_v06' retrieved from /opt/airflow/dags/create_dag_with_python_operator.py
[2024-12-18T03:09:31.587+0000] {logging_mixin.py:190} INFO - [2024-12-18T03:09:31.586+0000] {dag.py:3239} INFO - Sync 1 DAGs
[2024-12-18T03:09:31.634+0000] {logging_mixin.py:190} INFO - [2024-12-18T03:09:31.633+0000] {dag.py:4180} INFO - Setting next_dagrun for fist_dag_using_python_operator_v06 to 2024-12-18 00:00:00+00:00, run_after=2024-12-19 00:00:00+00:00
[2024-12-18T03:09:31.672+0000] {processor.py:208} INFO - Processing /opt/airflow/dags/create_dag_with_python_operator.py took 0.184 seconds
[2024-12-18T03:10:01.883+0000] {processor.py:186} INFO - Started process (PID=243) to work on /opt/airflow/dags/create_dag_with_python_operator.py
[2024-12-18T03:10:01.884+0000] {processor.py:914} INFO - Processing file /opt/airflow/dags/create_dag_with_python_operator.py for tasks to queue
[2024-12-18T03:10:01.888+0000] {logging_mixin.py:190} INFO - [2024-12-18T03:10:01.887+0000] {dagbag.py:588} INFO - Filling up the DagBag from /opt/airflow/dags/create_dag_with_python_operator.py
[2024-12-18T03:10:01.932+0000] {processor.py:925} INFO - DAG(s) 'fist_dag_using_python_operator_v06' retrieved from /opt/airflow/dags/create_dag_with_python_operator.py
[2024-12-18T03:10:01.974+0000] {logging_mixin.py:190} INFO - [2024-12-18T03:10:01.974+0000] {dag.py:3239} INFO - Sync 1 DAGs
[2024-12-18T03:10:02.019+0000] {logging_mixin.py:190} INFO - [2024-12-18T03:10:02.019+0000] {dag.py:4180} INFO - Setting next_dagrun for fist_dag_using_python_operator_v06 to 2024-12-18 00:00:00+00:00, run_after=2024-12-19 00:00:00+00:00
[2024-12-18T03:10:02.057+0000] {processor.py:208} INFO - Processing /opt/airflow/dags/create_dag_with_python_operator.py took 0.182 seconds
[2024-12-18T03:10:32.455+0000] {processor.py:186} INFO - Started process (PID=259) to work on /opt/airflow/dags/create_dag_with_python_operator.py
[2024-12-18T03:10:32.459+0000] {processor.py:914} INFO - Processing file /opt/airflow/dags/create_dag_with_python_operator.py for tasks to queue
[2024-12-18T03:10:32.463+0000] {logging_mixin.py:190} INFO - [2024-12-18T03:10:32.462+0000] {dagbag.py:588} INFO - Filling up the DagBag from /opt/airflow/dags/create_dag_with_python_operator.py
[2024-12-18T03:10:32.526+0000] {processor.py:925} INFO - DAG(s) 'fist_dag_using_python_operator_v06' retrieved from /opt/airflow/dags/create_dag_with_python_operator.py
[2024-12-18T03:10:32.589+0000] {logging_mixin.py:190} INFO - [2024-12-18T03:10:32.589+0000] {dag.py:3239} INFO - Sync 1 DAGs
[2024-12-18T03:10:32.653+0000] {logging_mixin.py:190} INFO - [2024-12-18T03:10:32.653+0000] {dag.py:4180} INFO - Setting next_dagrun for fist_dag_using_python_operator_v06 to 2024-12-18 00:00:00+00:00, run_after=2024-12-19 00:00:00+00:00
[2024-12-18T03:10:32.696+0000] {processor.py:208} INFO - Processing /opt/airflow/dags/create_dag_with_python_operator.py took 0.254 seconds
[2024-12-18T03:11:06.215+0000] {processor.py:186} INFO - Started process (PID=275) to work on /opt/airflow/dags/create_dag_with_python_operator.py
[2024-12-18T03:11:06.216+0000] {processor.py:914} INFO - Processing file /opt/airflow/dags/create_dag_with_python_operator.py for tasks to queue
[2024-12-18T03:11:06.220+0000] {logging_mixin.py:190} INFO - [2024-12-18T03:11:06.220+0000] {dagbag.py:588} INFO - Filling up the DagBag from /opt/airflow/dags/create_dag_with_python_operator.py
[2024-12-18T03:11:06.310+0000] {processor.py:925} INFO - DAG(s) 'fist_dag_using_python_operator_v06' retrieved from /opt/airflow/dags/create_dag_with_python_operator.py
[2024-12-18T03:11:06.391+0000] {logging_mixin.py:190} INFO - [2024-12-18T03:11:06.390+0000] {dag.py:3239} INFO - Sync 1 DAGs
[2024-12-18T03:11:06.499+0000] {logging_mixin.py:190} INFO - [2024-12-18T03:11:06.488+0000] {dag.py:4180} INFO - Setting next_dagrun for fist_dag_using_python_operator_v06 to 2024-12-18 00:00:00+00:00, run_after=2024-12-19 00:00:00+00:00
[2024-12-18T03:11:06.578+0000] {processor.py:208} INFO - Processing /opt/airflow/dags/create_dag_with_python_operator.py took 0.381 seconds
[2024-12-18T03:11:37.130+0000] {processor.py:186} INFO - Started process (PID=291) to work on /opt/airflow/dags/create_dag_with_python_operator.py
[2024-12-18T03:11:37.135+0000] {processor.py:914} INFO - Processing file /opt/airflow/dags/create_dag_with_python_operator.py for tasks to queue
[2024-12-18T03:11:37.141+0000] {logging_mixin.py:190} INFO - [2024-12-18T03:11:37.139+0000] {dagbag.py:588} INFO - Filling up the DagBag from /opt/airflow/dags/create_dag_with_python_operator.py
[2024-12-18T03:11:37.192+0000] {processor.py:925} INFO - DAG(s) 'fist_dag_using_python_operator_v06' retrieved from /opt/airflow/dags/create_dag_with_python_operator.py
[2024-12-18T03:11:37.241+0000] {logging_mixin.py:190} INFO - [2024-12-18T03:11:37.241+0000] {dag.py:3239} INFO - Sync 1 DAGs
[2024-12-18T03:11:37.295+0000] {logging_mixin.py:190} INFO - [2024-12-18T03:11:37.295+0000] {dag.py:4180} INFO - Setting next_dagrun for fist_dag_using_python_operator_v06 to 2024-12-18 00:00:00+00:00, run_after=2024-12-19 00:00:00+00:00
[2024-12-18T03:11:37.339+0000] {processor.py:208} INFO - Processing /opt/airflow/dags/create_dag_with_python_operator.py took 0.222 seconds
[2024-12-18T06:57:01.691+0000] {processor.py:186} INFO - Started process (PID=174) to work on /opt/airflow/dags/create_dag_with_python_operator.py
[2024-12-18T06:57:01.693+0000] {processor.py:914} INFO - Processing file /opt/airflow/dags/create_dag_with_python_operator.py for tasks to queue
[2024-12-18T06:57:01.697+0000] {logging_mixin.py:190} INFO - [2024-12-18T06:57:01.697+0000] {dagbag.py:588} INFO - Filling up the DagBag from /opt/airflow/dags/create_dag_with_python_operator.py
[2024-12-18T06:57:01.753+0000] {processor.py:925} INFO - DAG(s) 'fist_dag_using_python_operator_v06' retrieved from /opt/airflow/dags/create_dag_with_python_operator.py
[2024-12-18T06:57:01.804+0000] {logging_mixin.py:190} INFO - [2024-12-18T06:57:01.803+0000] {dag.py:3239} INFO - Sync 1 DAGs
[2024-12-18T06:57:01.853+0000] {logging_mixin.py:190} INFO - [2024-12-18T06:57:01.853+0000] {dag.py:4180} INFO - Setting next_dagrun for fist_dag_using_python_operator_v06 to 2024-12-18 00:00:00+00:00, run_after=2024-12-19 00:00:00+00:00
[2024-12-18T06:57:01.890+0000] {processor.py:208} INFO - Processing /opt/airflow/dags/create_dag_with_python_operator.py took 0.212 seconds
