[2024-12-10T08:43:11.555+0000] {local_task_job_runner.py:123} INFO - ::group::Pre task execution logs
[2024-12-10T08:43:11.663+0000] {taskinstance.py:2613} INFO - Dependencies all met for dep_context=non-requeueable deps ti=<TaskInstance: fist_dag_v5.first_task scheduled__2024-11-30T00:00:00+00:00 [queued]>
[2024-12-10T08:43:11.720+0000] {taskinstance.py:2613} INFO - Dependencies all met for dep_context=requeueable deps ti=<TaskInstance: fist_dag_v5.first_task scheduled__2024-11-30T00:00:00+00:00 [queued]>
[2024-12-10T08:43:11.735+0000] {taskinstance.py:2866} INFO - Starting attempt 1 of 6
[2024-12-10T08:43:11.823+0000] {taskinstance.py:2889} INFO - Executing <Task(BashOperator): first_task> on 2024-11-30 00:00:00+00:00
[2024-12-10T08:43:11.876+0000] {logging_mixin.py:190} WARNING - /home/***/.local/lib/python3.12/site-packages/***/task/task_runner/standard_task_runner.py:70 DeprecationWarning: This process (pid=174) is multi-threaded, use of fork() may lead to deadlocks in the child.
[2024-12-10T08:43:11.894+0000] {standard_task_runner.py:72} INFO - Started process 194 to run task
[2024-12-10T08:43:11.883+0000] {standard_task_runner.py:104} INFO - Running: ['***', 'tasks', 'run', 'fist_dag_v5', 'first_task', 'scheduled__2024-11-30T00:00:00+00:00', '--job-id', '25', '--raw', '--subdir', 'DAGS_FOLDER/first_dag.py', '--cfg-path', '/tmp/tmp9b2vnk7z']
[2024-12-10T08:43:11.931+0000] {standard_task_runner.py:105} INFO - Job 25: Subtask first_task
[2024-12-10T08:43:12.322+0000] {task_command.py:467} INFO - Running <TaskInstance: fist_dag_v5.first_task scheduled__2024-11-30T00:00:00+00:00 [running]> on host ba06481f48a9
[2024-12-10T08:43:13.045+0000] {taskinstance.py:3132} INFO - Exporting env vars: AIRFLOW_CTX_DAG_OWNER='coder2j' AIRFLOW_CTX_DAG_ID='fist_dag_v5' AIRFLOW_CTX_TASK_ID='first_task' AIRFLOW_CTX_EXECUTION_DATE='2024-11-30T00:00:00+00:00' AIRFLOW_CTX_TRY_NUMBER='1' AIRFLOW_CTX_DAG_RUN_ID='scheduled__2024-11-30T00:00:00+00:00'
[2024-12-10T08:43:13.055+0000] {taskinstance.py:731} INFO - ::endgroup::
[2024-12-10T08:43:13.451+0000] {subprocess.py:78} INFO - Tmp dir root location: /tmp
[2024-12-10T08:43:13.468+0000] {subprocess.py:88} INFO - Running command: ['/usr/bin/bash', '-c', 'echo hello world, this is the first task!']
[2024-12-10T08:43:13.544+0000] {subprocess.py:99} INFO - Output:
[2024-12-10T08:43:13.559+0000] {subprocess.py:106} INFO - hello world, this is the first task!
[2024-12-10T08:43:13.607+0000] {subprocess.py:110} INFO - Command exited with return code 0
[2024-12-10T08:43:13.957+0000] {taskinstance.py:340} INFO - ::group::Post task execution logs
[2024-12-10T08:43:13.998+0000] {taskinstance.py:352} INFO - Marking task as SUCCESS. dag_id=fist_dag_v5, task_id=first_task, run_id=scheduled__2024-11-30T00:00:00+00:00, execution_date=20241130T000000, start_date=20241210T084311, end_date=20241210T084313
[2024-12-10T08:43:14.845+0000] {local_task_job_runner.py:266} INFO - Task exited with return code 0
[2024-12-10T08:43:15.000+0000] {taskinstance.py:3895} INFO - 2 downstream tasks scheduled from follow-on schedule check
[2024-12-10T08:43:15.064+0000] {local_task_job_runner.py:245} INFO - ::endgroup::
