[2025-03-29T14:58:04.705+0000] {local_task_job_runner.py:123} INFO - ::group::Pre task execution logs
[2025-03-29T14:58:04.812+0000] {taskinstance.py:2613} INFO - Dependencies all met for dep_context=non-requeueable deps ti=<TaskInstance: fist_dag_v5.first_task scheduled__2025-02-26T00:00:00+00:00 [queued]>
[2025-03-29T14:58:04.861+0000] {taskinstance.py:2613} INFO - Dependencies all met for dep_context=requeueable deps ti=<TaskInstance: fist_dag_v5.first_task scheduled__2025-02-26T00:00:00+00:00 [queued]>
[2025-03-29T14:58:04.863+0000] {taskinstance.py:2866} INFO - Starting attempt 1 of 6
[2025-03-29T14:58:04.969+0000] {taskinstance.py:2889} INFO - Executing <Task(BashOperator): first_task> on 2025-02-26 00:00:00+00:00
[2025-03-29T14:58:04.988+0000] {logging_mixin.py:190} WARNING - /home/***/.local/lib/python3.12/site-packages/***/task/task_runner/standard_task_runner.py:70 DeprecationWarning: This process (pid=1704) is multi-threaded, use of fork() may lead to deadlocks in the child.
[2025-03-29T14:58:04.992+0000] {standard_task_runner.py:72} INFO - Started process 1712 to run task
[2025-03-29T14:58:05.009+0000] {standard_task_runner.py:104} INFO - Running: ['***', 'tasks', 'run', 'fist_dag_v5', 'first_task', 'scheduled__2025-02-26T00:00:00+00:00', '--job-id', '551', '--raw', '--subdir', 'DAGS_FOLDER/first_dag.py', '--cfg-path', '/tmp/tmpe8yauzvt']
[2025-03-29T14:58:05.024+0000] {standard_task_runner.py:105} INFO - Job 551: Subtask first_task
[2025-03-29T14:58:05.212+0000] {task_command.py:467} INFO - Running <TaskInstance: fist_dag_v5.first_task scheduled__2025-02-26T00:00:00+00:00 [running]> on host ba06481f48a9
[2025-03-29T14:58:05.523+0000] {taskinstance.py:3132} INFO - Exporting env vars: AIRFLOW_CTX_DAG_OWNER='coder2j' AIRFLOW_CTX_DAG_ID='fist_dag_v5' AIRFLOW_CTX_TASK_ID='first_task' AIRFLOW_CTX_EXECUTION_DATE='2025-02-26T00:00:00+00:00' AIRFLOW_CTX_TRY_NUMBER='1' AIRFLOW_CTX_DAG_RUN_ID='scheduled__2025-02-26T00:00:00+00:00'
[2025-03-29T14:58:05.528+0000] {taskinstance.py:731} INFO - ::endgroup::
[2025-03-29T14:58:05.571+0000] {subprocess.py:78} INFO - Tmp dir root location: /tmp
[2025-03-29T14:58:05.575+0000] {subprocess.py:88} INFO - Running command: ['/usr/bin/bash', '-c', 'echo hello world, this is the first task!']
[2025-03-29T14:58:05.661+0000] {subprocess.py:99} INFO - Output:
[2025-03-29T14:58:05.680+0000] {subprocess.py:106} INFO - hello world, this is the first task!
[2025-03-29T14:58:05.692+0000] {subprocess.py:110} INFO - Command exited with return code 0
[2025-03-29T14:58:05.832+0000] {taskinstance.py:340} INFO - ::group::Post task execution logs
[2025-03-29T14:58:05.835+0000] {taskinstance.py:352} INFO - Marking task as SUCCESS. dag_id=fist_dag_v5, task_id=first_task, run_id=scheduled__2025-02-26T00:00:00+00:00, execution_date=20250226T000000, start_date=20250329T145804, end_date=20250329T145805
[2025-03-29T14:58:06.423+0000] {local_task_job_runner.py:266} INFO - Task exited with return code 0
[2025-03-29T14:58:06.514+0000] {taskinstance.py:3895} INFO - 2 downstream tasks scheduled from follow-on schedule check
[2025-03-29T14:58:06.539+0000] {local_task_job_runner.py:245} INFO - ::endgroup::
