[2025-04-04T23:21:53.929+0000] {local_task_job_runner.py:123} INFO - ::group::Pre task execution logs
[2025-04-04T23:21:53.972+0000] {taskinstance.py:2613} INFO - Dependencies all met for dep_context=non-requeueable deps ti=<TaskInstance: dag_with_postgres_operator_v05.insert_into_table scheduled__2025-04-01T00:00:00+00:00 [queued]>
[2025-04-04T23:21:54.005+0000] {taskinstance.py:2613} INFO - Dependencies all met for dep_context=requeueable deps ti=<TaskInstance: dag_with_postgres_operator_v05.insert_into_table scheduled__2025-04-01T00:00:00+00:00 [queued]>
[2025-04-04T23:21:54.008+0000] {taskinstance.py:2866} INFO - Starting attempt 1 of 6
[2025-04-04T23:21:54.053+0000] {taskinstance.py:2889} INFO - Executing <Task(PostgresOperator): insert_into_table> on 2025-04-01 00:00:00+00:00
[2025-04-04T23:21:54.071+0000] {logging_mixin.py:190} WARNING - /home/***/.local/lib/python3.12/site-packages/***/task/task_runner/standard_task_runner.py:70 DeprecationWarning: This process (pid=2009) is multi-threaded, use of fork() may lead to deadlocks in the child.
[2025-04-04T23:21:54.070+0000] {standard_task_runner.py:104} INFO - Running: ['***', 'tasks', 'run', 'dag_with_postgres_operator_v05', 'insert_into_table', 'scheduled__2025-04-01T00:00:00+00:00', '--job-id', '883', '--raw', '--subdir', 'DAGS_FOLDER/dag_with_postgres_operator.py', '--cfg-path', '/tmp/tmpfom797p0']
[2025-04-04T23:21:54.076+0000] {standard_task_runner.py:72} INFO - Started process 2015 to run task
[2025-04-04T23:21:54.077+0000] {standard_task_runner.py:105} INFO - Job 883: Subtask insert_into_table
[2025-04-04T23:21:54.216+0000] {task_command.py:467} INFO - Running <TaskInstance: dag_with_postgres_operator_v05.insert_into_table scheduled__2025-04-01T00:00:00+00:00 [running]> on host ba06481f48a9
[2025-04-04T23:21:54.398+0000] {taskinstance.py:3132} INFO - Exporting env vars: AIRFLOW_CTX_DAG_OWNER='acilrestu12' AIRFLOW_CTX_DAG_ID='dag_with_postgres_operator_v05' AIRFLOW_CTX_TASK_ID='insert_into_table' AIRFLOW_CTX_EXECUTION_DATE='2025-04-01T00:00:00+00:00' AIRFLOW_CTX_TRY_NUMBER='1' AIRFLOW_CTX_DAG_RUN_ID='scheduled__2025-04-01T00:00:00+00:00'
[2025-04-04T23:21:54.400+0000] {taskinstance.py:731} INFO - ::endgroup::
[2025-04-04T23:21:54.432+0000] {sql.py:278} INFO - Executing: 
            INSERT INTO dag_runs (dt, dag_id, run_id)
            VALUES ('2025-04-01', 'dag_with_postgres_operator_v05', 'scheduled__2025-04-01T00:00:00+00:00');
        
[2025-04-04T23:21:54.454+0000] {base.py:84} INFO - Retrieving connection 'postgres_localhost'
[2025-04-04T23:21:54.472+0000] {base.py:84} INFO - Retrieving connection 'postgres_localhost'
[2025-04-04T23:21:54.493+0000] {sql.py:544} INFO - Running statement: 
            INSERT INTO dag_runs (dt, dag_id, run_id)
            VALUES ('2025-04-01', 'dag_with_postgres_operator_v05', 'scheduled__2025-04-01T00:00:00+00:00');
        , parameters: None
[2025-04-04T23:21:54.499+0000] {sql.py:553} INFO - Rows affected: 1
[2025-04-04T23:21:54.523+0000] {taskinstance.py:340} INFO - ::group::Post task execution logs
[2025-04-04T23:21:54.524+0000] {taskinstance.py:352} INFO - Marking task as SUCCESS. dag_id=dag_with_postgres_operator_v05, task_id=insert_into_table, run_id=scheduled__2025-04-01T00:00:00+00:00, execution_date=20250401T000000, start_date=20250404T232153, end_date=20250404T232154
[2025-04-04T23:21:54.577+0000] {local_task_job_runner.py:266} INFO - Task exited with return code 0
[2025-04-04T23:21:54.620+0000] {taskinstance.py:3895} INFO - 0 downstream tasks scheduled from follow-on schedule check
[2025-04-04T23:21:54.627+0000] {local_task_job_runner.py:245} INFO - ::endgroup::
