[2025-06-10T07:44:32.715+0000] {processor.py:186} INFO - Started process (PID=231) to work on /opt/airflow/dags/create_dag_with_python_operator.py
[2025-06-10T07:44:32.732+0000] {processor.py:914} INFO - Processing file /opt/airflow/dags/create_dag_with_python_operator.py for tasks to queue
[2025-06-10T07:44:32.742+0000] {logging_mixin.py:190} INFO - [2025-06-10T07:44:32.741+0000] {dagbag.py:588} INFO - Filling up the DagBag from /opt/airflow/dags/create_dag_with_python_operator.py
[2025-06-10T07:44:32.871+0000] {processor.py:925} INFO - DAG(s) 'fist_dag_using_python_operator_v06' retrieved from /opt/airflow/dags/create_dag_with_python_operator.py
[2025-06-10T07:44:32.992+0000] {logging_mixin.py:190} INFO - [2025-06-10T07:44:32.992+0000] {dag.py:3239} INFO - Sync 1 DAGs
[2025-06-10T07:44:33.126+0000] {logging_mixin.py:190} INFO - [2025-06-10T07:44:33.126+0000] {dag.py:4180} INFO - Setting next_dagrun for fist_dag_using_python_operator_v06 to 2025-04-01 00:00:00+00:00, run_after=2025-04-02 00:00:00+00:00
[2025-06-10T07:44:33.309+0000] {processor.py:208} INFO - Processing /opt/airflow/dags/create_dag_with_python_operator.py took 0.623 seconds
[2025-06-10T07:45:03.796+0000] {processor.py:186} INFO - Started process (PID=285) to work on /opt/airflow/dags/create_dag_with_python_operator.py
[2025-06-10T07:45:03.800+0000] {processor.py:914} INFO - Processing file /opt/airflow/dags/create_dag_with_python_operator.py for tasks to queue
[2025-06-10T07:45:03.818+0000] {logging_mixin.py:190} INFO - [2025-06-10T07:45:03.816+0000] {dagbag.py:588} INFO - Filling up the DagBag from /opt/airflow/dags/create_dag_with_python_operator.py
[2025-06-10T07:45:03.898+0000] {processor.py:925} INFO - DAG(s) 'fist_dag_using_python_operator_v06' retrieved from /opt/airflow/dags/create_dag_with_python_operator.py
[2025-06-10T07:45:03.974+0000] {logging_mixin.py:190} INFO - [2025-06-10T07:45:03.973+0000] {dag.py:3239} INFO - Sync 1 DAGs
[2025-06-10T07:45:04.100+0000] {logging_mixin.py:190} INFO - [2025-06-10T07:45:04.099+0000] {dag.py:4180} INFO - Setting next_dagrun for fist_dag_using_python_operator_v06 to 2025-04-01 00:00:00+00:00, run_after=2025-04-02 00:00:00+00:00
[2025-06-10T07:45:04.269+0000] {processor.py:208} INFO - Processing /opt/airflow/dags/create_dag_with_python_operator.py took 0.494 seconds
[2025-06-10T07:45:35.002+0000] {processor.py:186} INFO - Started process (PID=341) to work on /opt/airflow/dags/create_dag_with_python_operator.py
[2025-06-10T07:45:35.026+0000] {processor.py:914} INFO - Processing file /opt/airflow/dags/create_dag_with_python_operator.py for tasks to queue
[2025-06-10T07:45:35.066+0000] {logging_mixin.py:190} INFO - [2025-06-10T07:45:35.066+0000] {dagbag.py:588} INFO - Filling up the DagBag from /opt/airflow/dags/create_dag_with_python_operator.py
[2025-06-10T07:45:35.207+0000] {processor.py:925} INFO - DAG(s) 'fist_dag_using_python_operator_v06' retrieved from /opt/airflow/dags/create_dag_with_python_operator.py
[2025-06-10T07:45:35.308+0000] {logging_mixin.py:190} INFO - [2025-06-10T07:45:35.307+0000] {dag.py:3239} INFO - Sync 1 DAGs
[2025-06-10T07:45:35.415+0000] {logging_mixin.py:190} INFO - [2025-06-10T07:45:35.406+0000] {dag.py:4180} INFO - Setting next_dagrun for fist_dag_using_python_operator_v06 to 2025-04-01 00:00:00+00:00, run_after=2025-04-02 00:00:00+00:00
[2025-06-10T07:45:35.488+0000] {processor.py:208} INFO - Processing /opt/airflow/dags/create_dag_with_python_operator.py took 0.579 seconds
[2025-06-10T07:46:06.209+0000] {processor.py:186} INFO - Started process (PID=400) to work on /opt/airflow/dags/create_dag_with_python_operator.py
[2025-06-10T07:46:06.211+0000] {processor.py:914} INFO - Processing file /opt/airflow/dags/create_dag_with_python_operator.py for tasks to queue
[2025-06-10T07:46:06.217+0000] {logging_mixin.py:190} INFO - [2025-06-10T07:46:06.216+0000] {dagbag.py:588} INFO - Filling up the DagBag from /opt/airflow/dags/create_dag_with_python_operator.py
[2025-06-10T07:46:06.290+0000] {processor.py:925} INFO - DAG(s) 'fist_dag_using_python_operator_v06' retrieved from /opt/airflow/dags/create_dag_with_python_operator.py
[2025-06-10T07:46:06.466+0000] {logging_mixin.py:190} INFO - [2025-06-10T07:46:06.466+0000] {dag.py:3239} INFO - Sync 1 DAGs
[2025-06-10T07:46:06.636+0000] {logging_mixin.py:190} INFO - [2025-06-10T07:46:06.636+0000] {dag.py:4180} INFO - Setting next_dagrun for fist_dag_using_python_operator_v06 to 2025-04-01 00:00:00+00:00, run_after=2025-04-02 00:00:00+00:00
[2025-06-10T07:46:06.754+0000] {processor.py:208} INFO - Processing /opt/airflow/dags/create_dag_with_python_operator.py took 0.555 seconds
[2025-06-10T07:46:37.204+0000] {processor.py:186} INFO - Started process (PID=462) to work on /opt/airflow/dags/create_dag_with_python_operator.py
[2025-06-10T07:46:37.208+0000] {processor.py:914} INFO - Processing file /opt/airflow/dags/create_dag_with_python_operator.py for tasks to queue
[2025-06-10T07:46:37.213+0000] {logging_mixin.py:190} INFO - [2025-06-10T07:46:37.212+0000] {dagbag.py:588} INFO - Filling up the DagBag from /opt/airflow/dags/create_dag_with_python_operator.py
[2025-06-10T07:46:37.271+0000] {processor.py:925} INFO - DAG(s) 'fist_dag_using_python_operator_v06' retrieved from /opt/airflow/dags/create_dag_with_python_operator.py
[2025-06-10T07:46:37.319+0000] {logging_mixin.py:190} INFO - [2025-06-10T07:46:37.318+0000] {dag.py:3239} INFO - Sync 1 DAGs
[2025-06-10T07:46:37.377+0000] {logging_mixin.py:190} INFO - [2025-06-10T07:46:37.377+0000] {dag.py:4180} INFO - Setting next_dagrun for fist_dag_using_python_operator_v06 to 2025-04-01 00:00:00+00:00, run_after=2025-04-02 00:00:00+00:00
[2025-06-10T07:46:37.426+0000] {processor.py:208} INFO - Processing /opt/airflow/dags/create_dag_with_python_operator.py took 0.249 seconds
[2025-06-10T07:47:07.898+0000] {processor.py:186} INFO - Started process (PID=518) to work on /opt/airflow/dags/create_dag_with_python_operator.py
[2025-06-10T07:47:07.900+0000] {processor.py:914} INFO - Processing file /opt/airflow/dags/create_dag_with_python_operator.py for tasks to queue
[2025-06-10T07:47:07.904+0000] {logging_mixin.py:190} INFO - [2025-06-10T07:47:07.904+0000] {dagbag.py:588} INFO - Filling up the DagBag from /opt/airflow/dags/create_dag_with_python_operator.py
[2025-06-10T07:47:07.947+0000] {processor.py:925} INFO - DAG(s) 'fist_dag_using_python_operator_v06' retrieved from /opt/airflow/dags/create_dag_with_python_operator.py
[2025-06-10T07:47:08.000+0000] {logging_mixin.py:190} INFO - [2025-06-10T07:47:07.999+0000] {dag.py:3239} INFO - Sync 1 DAGs
[2025-06-10T07:47:08.057+0000] {logging_mixin.py:190} INFO - [2025-06-10T07:47:08.056+0000] {dag.py:4180} INFO - Setting next_dagrun for fist_dag_using_python_operator_v06 to 2025-04-01 00:00:00+00:00, run_after=2025-04-02 00:00:00+00:00
[2025-06-10T07:47:08.103+0000] {processor.py:208} INFO - Processing /opt/airflow/dags/create_dag_with_python_operator.py took 0.217 seconds
[2025-06-10T07:47:38.293+0000] {processor.py:186} INFO - Started process (PID=572) to work on /opt/airflow/dags/create_dag_with_python_operator.py
[2025-06-10T07:47:38.296+0000] {processor.py:914} INFO - Processing file /opt/airflow/dags/create_dag_with_python_operator.py for tasks to queue
[2025-06-10T07:47:38.303+0000] {logging_mixin.py:190} INFO - [2025-06-10T07:47:38.302+0000] {dagbag.py:588} INFO - Filling up the DagBag from /opt/airflow/dags/create_dag_with_python_operator.py
[2025-06-10T07:47:38.365+0000] {processor.py:925} INFO - DAG(s) 'fist_dag_using_python_operator_v06' retrieved from /opt/airflow/dags/create_dag_with_python_operator.py
[2025-06-10T07:47:38.421+0000] {logging_mixin.py:190} INFO - [2025-06-10T07:47:38.420+0000] {dag.py:3239} INFO - Sync 1 DAGs
[2025-06-10T07:47:38.474+0000] {logging_mixin.py:190} INFO - [2025-06-10T07:47:38.473+0000] {dag.py:4180} INFO - Setting next_dagrun for fist_dag_using_python_operator_v06 to 2025-04-01 00:00:00+00:00, run_after=2025-04-02 00:00:00+00:00
[2025-06-10T07:47:38.514+0000] {processor.py:208} INFO - Processing /opt/airflow/dags/create_dag_with_python_operator.py took 0.240 seconds
[2025-06-10T07:48:09.348+0000] {processor.py:186} INFO - Started process (PID=635) to work on /opt/airflow/dags/create_dag_with_python_operator.py
[2025-06-10T07:48:09.371+0000] {processor.py:914} INFO - Processing file /opt/airflow/dags/create_dag_with_python_operator.py for tasks to queue
[2025-06-10T07:48:09.533+0000] {logging_mixin.py:190} INFO - [2025-06-10T07:48:09.531+0000] {dagbag.py:588} INFO - Filling up the DagBag from /opt/airflow/dags/create_dag_with_python_operator.py
[2025-06-10T07:48:09.634+0000] {processor.py:925} INFO - DAG(s) 'fist_dag_using_python_operator_v06' retrieved from /opt/airflow/dags/create_dag_with_python_operator.py
[2025-06-10T07:48:09.902+0000] {logging_mixin.py:190} INFO - [2025-06-10T07:48:09.902+0000] {dag.py:3239} INFO - Sync 1 DAGs
[2025-06-10T07:48:10.006+0000] {logging_mixin.py:190} INFO - [2025-06-10T07:48:10.005+0000] {dag.py:4180} INFO - Setting next_dagrun for fist_dag_using_python_operator_v06 to 2025-04-01 00:00:00+00:00, run_after=2025-04-02 00:00:00+00:00
[2025-06-10T07:48:10.093+0000] {processor.py:208} INFO - Processing /opt/airflow/dags/create_dag_with_python_operator.py took 0.840 seconds
[2025-06-10T07:48:40.707+0000] {processor.py:186} INFO - Started process (PID=693) to work on /opt/airflow/dags/create_dag_with_python_operator.py
[2025-06-10T07:48:40.709+0000] {processor.py:914} INFO - Processing file /opt/airflow/dags/create_dag_with_python_operator.py for tasks to queue
[2025-06-10T07:48:40.715+0000] {logging_mixin.py:190} INFO - [2025-06-10T07:48:40.714+0000] {dagbag.py:588} INFO - Filling up the DagBag from /opt/airflow/dags/create_dag_with_python_operator.py
[2025-06-10T07:48:40.813+0000] {processor.py:925} INFO - DAG(s) 'fist_dag_using_python_operator_v06' retrieved from /opt/airflow/dags/create_dag_with_python_operator.py
[2025-06-10T07:48:40.882+0000] {logging_mixin.py:190} INFO - [2025-06-10T07:48:40.881+0000] {dag.py:3239} INFO - Sync 1 DAGs
[2025-06-10T07:48:40.975+0000] {logging_mixin.py:190} INFO - [2025-06-10T07:48:40.975+0000] {dag.py:4180} INFO - Setting next_dagrun for fist_dag_using_python_operator_v06 to 2025-04-01 00:00:00+00:00, run_after=2025-04-02 00:00:00+00:00
[2025-06-10T07:48:41.063+0000] {processor.py:208} INFO - Processing /opt/airflow/dags/create_dag_with_python_operator.py took 0.376 seconds
[2025-06-10T07:49:11.219+0000] {processor.py:186} INFO - Started process (PID=749) to work on /opt/airflow/dags/create_dag_with_python_operator.py
[2025-06-10T07:49:11.221+0000] {processor.py:914} INFO - Processing file /opt/airflow/dags/create_dag_with_python_operator.py for tasks to queue
[2025-06-10T07:49:11.225+0000] {logging_mixin.py:190} INFO - [2025-06-10T07:49:11.225+0000] {dagbag.py:588} INFO - Filling up the DagBag from /opt/airflow/dags/create_dag_with_python_operator.py
[2025-06-10T07:49:11.262+0000] {processor.py:925} INFO - DAG(s) 'fist_dag_using_python_operator_v06' retrieved from /opt/airflow/dags/create_dag_with_python_operator.py
[2025-06-10T07:49:11.312+0000] {logging_mixin.py:190} INFO - [2025-06-10T07:49:11.312+0000] {dag.py:3239} INFO - Sync 1 DAGs
[2025-06-10T07:49:11.377+0000] {logging_mixin.py:190} INFO - [2025-06-10T07:49:11.376+0000] {dag.py:4180} INFO - Setting next_dagrun for fist_dag_using_python_operator_v06 to 2025-04-01 00:00:00+00:00, run_after=2025-04-02 00:00:00+00:00
[2025-06-10T07:49:11.418+0000] {processor.py:208} INFO - Processing /opt/airflow/dags/create_dag_with_python_operator.py took 0.211 seconds
[2025-06-10T07:52:43.948+0000] {processor.py:186} INFO - Started process (PID=217) to work on /opt/airflow/dags/create_dag_with_python_operator.py
[2025-06-10T07:52:43.950+0000] {processor.py:914} INFO - Processing file /opt/airflow/dags/create_dag_with_python_operator.py for tasks to queue
[2025-06-10T07:52:43.958+0000] {logging_mixin.py:190} INFO - [2025-06-10T07:52:43.957+0000] {dagbag.py:588} INFO - Filling up the DagBag from /opt/airflow/dags/create_dag_with_python_operator.py
[2025-06-10T07:52:44.013+0000] {processor.py:925} INFO - DAG(s) 'fist_dag_using_python_operator_v06' retrieved from /opt/airflow/dags/create_dag_with_python_operator.py
[2025-06-10T07:52:44.080+0000] {logging_mixin.py:190} INFO - [2025-06-10T07:52:44.080+0000] {dag.py:3239} INFO - Sync 1 DAGs
[2025-06-10T07:52:44.139+0000] {logging_mixin.py:190} INFO - [2025-06-10T07:52:44.139+0000] {dag.py:4180} INFO - Setting next_dagrun for fist_dag_using_python_operator_v06 to 2025-04-01 00:00:00+00:00, run_after=2025-04-02 00:00:00+00:00
[2025-06-10T07:52:44.183+0000] {processor.py:208} INFO - Processing /opt/airflow/dags/create_dag_with_python_operator.py took 0.251 seconds
[2025-06-10T07:53:15.415+0000] {processor.py:186} INFO - Started process (PID=273) to work on /opt/airflow/dags/create_dag_with_python_operator.py
[2025-06-10T07:53:15.416+0000] {processor.py:914} INFO - Processing file /opt/airflow/dags/create_dag_with_python_operator.py for tasks to queue
[2025-06-10T07:53:15.425+0000] {logging_mixin.py:190} INFO - [2025-06-10T07:53:15.424+0000] {dagbag.py:588} INFO - Filling up the DagBag from /opt/airflow/dags/create_dag_with_python_operator.py
[2025-06-10T07:53:15.478+0000] {processor.py:925} INFO - DAG(s) 'fist_dag_using_python_operator_v06' retrieved from /opt/airflow/dags/create_dag_with_python_operator.py
[2025-06-10T07:53:15.553+0000] {logging_mixin.py:190} INFO - [2025-06-10T07:53:15.552+0000] {dag.py:3239} INFO - Sync 1 DAGs
[2025-06-10T07:53:15.663+0000] {logging_mixin.py:190} INFO - [2025-06-10T07:53:15.663+0000] {dag.py:4180} INFO - Setting next_dagrun for fist_dag_using_python_operator_v06 to 2025-04-01 00:00:00+00:00, run_after=2025-04-02 00:00:00+00:00
[2025-06-10T07:53:15.733+0000] {processor.py:208} INFO - Processing /opt/airflow/dags/create_dag_with_python_operator.py took 0.333 seconds
[2025-06-10T07:53:46.202+0000] {processor.py:186} INFO - Started process (PID=338) to work on /opt/airflow/dags/create_dag_with_python_operator.py
[2025-06-10T07:53:46.203+0000] {processor.py:914} INFO - Processing file /opt/airflow/dags/create_dag_with_python_operator.py for tasks to queue
[2025-06-10T07:53:46.207+0000] {logging_mixin.py:190} INFO - [2025-06-10T07:53:46.206+0000] {dagbag.py:588} INFO - Filling up the DagBag from /opt/airflow/dags/create_dag_with_python_operator.py
[2025-06-10T07:53:46.233+0000] {processor.py:925} INFO - DAG(s) 'fist_dag_using_python_operator_v06' retrieved from /opt/airflow/dags/create_dag_with_python_operator.py
[2025-06-10T07:53:46.264+0000] {logging_mixin.py:190} INFO - [2025-06-10T07:53:46.263+0000] {dag.py:3239} INFO - Sync 1 DAGs
[2025-06-10T07:53:46.310+0000] {logging_mixin.py:190} INFO - [2025-06-10T07:53:46.309+0000] {dag.py:4180} INFO - Setting next_dagrun for fist_dag_using_python_operator_v06 to 2025-04-01 00:00:00+00:00, run_after=2025-04-02 00:00:00+00:00
[2025-06-10T07:53:46.351+0000] {processor.py:208} INFO - Processing /opt/airflow/dags/create_dag_with_python_operator.py took 0.157 seconds
[2025-06-10T07:54:16.764+0000] {processor.py:186} INFO - Started process (PID=394) to work on /opt/airflow/dags/create_dag_with_python_operator.py
[2025-06-10T07:54:16.765+0000] {processor.py:914} INFO - Processing file /opt/airflow/dags/create_dag_with_python_operator.py for tasks to queue
[2025-06-10T07:54:16.769+0000] {logging_mixin.py:190} INFO - [2025-06-10T07:54:16.768+0000] {dagbag.py:588} INFO - Filling up the DagBag from /opt/airflow/dags/create_dag_with_python_operator.py
[2025-06-10T07:54:16.803+0000] {processor.py:925} INFO - DAG(s) 'fist_dag_using_python_operator_v06' retrieved from /opt/airflow/dags/create_dag_with_python_operator.py
[2025-06-10T07:54:16.843+0000] {logging_mixin.py:190} INFO - [2025-06-10T07:54:16.843+0000] {dag.py:3239} INFO - Sync 1 DAGs
[2025-06-10T07:54:16.885+0000] {logging_mixin.py:190} INFO - [2025-06-10T07:54:16.884+0000] {dag.py:4180} INFO - Setting next_dagrun for fist_dag_using_python_operator_v06 to 2025-04-01 00:00:00+00:00, run_after=2025-04-02 00:00:00+00:00
[2025-06-10T07:54:16.916+0000] {processor.py:208} INFO - Processing /opt/airflow/dags/create_dag_with_python_operator.py took 0.161 seconds
[2025-06-10T07:54:47.305+0000] {processor.py:186} INFO - Started process (PID=450) to work on /opt/airflow/dags/create_dag_with_python_operator.py
[2025-06-10T07:54:47.307+0000] {processor.py:914} INFO - Processing file /opt/airflow/dags/create_dag_with_python_operator.py for tasks to queue
[2025-06-10T07:54:47.309+0000] {logging_mixin.py:190} INFO - [2025-06-10T07:54:47.309+0000] {dagbag.py:588} INFO - Filling up the DagBag from /opt/airflow/dags/create_dag_with_python_operator.py
[2025-06-10T07:54:47.345+0000] {processor.py:925} INFO - DAG(s) 'fist_dag_using_python_operator_v06' retrieved from /opt/airflow/dags/create_dag_with_python_operator.py
[2025-06-10T07:54:47.386+0000] {logging_mixin.py:190} INFO - [2025-06-10T07:54:47.385+0000] {dag.py:3239} INFO - Sync 1 DAGs
[2025-06-10T07:54:47.427+0000] {logging_mixin.py:190} INFO - [2025-06-10T07:54:47.427+0000] {dag.py:4180} INFO - Setting next_dagrun for fist_dag_using_python_operator_v06 to 2025-04-01 00:00:00+00:00, run_after=2025-04-02 00:00:00+00:00
[2025-06-10T07:54:47.475+0000] {processor.py:208} INFO - Processing /opt/airflow/dags/create_dag_with_python_operator.py took 0.179 seconds
[2025-06-10T07:55:18.701+0000] {processor.py:186} INFO - Started process (PID=506) to work on /opt/airflow/dags/create_dag_with_python_operator.py
[2025-06-10T07:55:18.703+0000] {processor.py:914} INFO - Processing file /opt/airflow/dags/create_dag_with_python_operator.py for tasks to queue
[2025-06-10T07:55:18.711+0000] {logging_mixin.py:190} INFO - [2025-06-10T07:55:18.711+0000] {dagbag.py:588} INFO - Filling up the DagBag from /opt/airflow/dags/create_dag_with_python_operator.py
[2025-06-10T07:55:18.770+0000] {processor.py:925} INFO - DAG(s) 'fist_dag_using_python_operator_v06' retrieved from /opt/airflow/dags/create_dag_with_python_operator.py
[2025-06-10T07:55:18.827+0000] {logging_mixin.py:190} INFO - [2025-06-10T07:55:18.827+0000] {dag.py:3239} INFO - Sync 1 DAGs
[2025-06-10T07:55:18.927+0000] {logging_mixin.py:190} INFO - [2025-06-10T07:55:18.927+0000] {dag.py:4180} INFO - Setting next_dagrun for fist_dag_using_python_operator_v06 to 2025-04-01 00:00:00+00:00, run_after=2025-04-02 00:00:00+00:00
[2025-06-10T07:55:19.004+0000] {processor.py:208} INFO - Processing /opt/airflow/dags/create_dag_with_python_operator.py took 0.324 seconds
[2025-06-10T07:55:49.168+0000] {processor.py:186} INFO - Started process (PID=569) to work on /opt/airflow/dags/create_dag_with_python_operator.py
[2025-06-10T07:55:49.170+0000] {processor.py:914} INFO - Processing file /opt/airflow/dags/create_dag_with_python_operator.py for tasks to queue
[2025-06-10T07:55:49.172+0000] {logging_mixin.py:190} INFO - [2025-06-10T07:55:49.172+0000] {dagbag.py:588} INFO - Filling up the DagBag from /opt/airflow/dags/create_dag_with_python_operator.py
[2025-06-10T07:55:49.206+0000] {processor.py:925} INFO - DAG(s) 'fist_dag_using_python_operator_v06' retrieved from /opt/airflow/dags/create_dag_with_python_operator.py
[2025-06-10T07:55:49.251+0000] {logging_mixin.py:190} INFO - [2025-06-10T07:55:49.250+0000] {dag.py:3239} INFO - Sync 1 DAGs
[2025-06-10T07:55:49.292+0000] {logging_mixin.py:190} INFO - [2025-06-10T07:55:49.292+0000] {dag.py:4180} INFO - Setting next_dagrun for fist_dag_using_python_operator_v06 to 2025-04-01 00:00:00+00:00, run_after=2025-04-02 00:00:00+00:00
[2025-06-10T07:55:49.329+0000] {processor.py:208} INFO - Processing /opt/airflow/dags/create_dag_with_python_operator.py took 0.170 seconds
[2025-06-10T07:56:19.635+0000] {processor.py:186} INFO - Started process (PID=629) to work on /opt/airflow/dags/create_dag_with_python_operator.py
[2025-06-10T07:56:19.640+0000] {processor.py:914} INFO - Processing file /opt/airflow/dags/create_dag_with_python_operator.py for tasks to queue
[2025-06-10T07:56:19.645+0000] {logging_mixin.py:190} INFO - [2025-06-10T07:56:19.644+0000] {dagbag.py:588} INFO - Filling up the DagBag from /opt/airflow/dags/create_dag_with_python_operator.py
[2025-06-10T07:56:19.839+0000] {processor.py:925} INFO - DAG(s) 'fist_dag_using_python_operator_v06' retrieved from /opt/airflow/dags/create_dag_with_python_operator.py
[2025-06-10T07:56:19.938+0000] {logging_mixin.py:190} INFO - [2025-06-10T07:56:19.938+0000] {dag.py:3239} INFO - Sync 1 DAGs
[2025-06-10T07:56:20.024+0000] {logging_mixin.py:190} INFO - [2025-06-10T07:56:20.023+0000] {dag.py:4180} INFO - Setting next_dagrun for fist_dag_using_python_operator_v06 to 2025-04-01 00:00:00+00:00, run_after=2025-04-02 00:00:00+00:00
[2025-06-10T07:56:20.105+0000] {processor.py:208} INFO - Processing /opt/airflow/dags/create_dag_with_python_operator.py took 0.487 seconds
[2025-06-10T07:56:50.378+0000] {processor.py:186} INFO - Started process (PID=686) to work on /opt/airflow/dags/create_dag_with_python_operator.py
[2025-06-10T07:56:50.382+0000] {processor.py:914} INFO - Processing file /opt/airflow/dags/create_dag_with_python_operator.py for tasks to queue
[2025-06-10T07:56:50.388+0000] {logging_mixin.py:190} INFO - [2025-06-10T07:56:50.387+0000] {dagbag.py:588} INFO - Filling up the DagBag from /opt/airflow/dags/create_dag_with_python_operator.py
[2025-06-10T07:56:50.441+0000] {processor.py:925} INFO - DAG(s) 'fist_dag_using_python_operator_v06' retrieved from /opt/airflow/dags/create_dag_with_python_operator.py
[2025-06-10T07:56:50.498+0000] {logging_mixin.py:190} INFO - [2025-06-10T07:56:50.497+0000] {dag.py:3239} INFO - Sync 1 DAGs
[2025-06-10T07:56:50.563+0000] {logging_mixin.py:190} INFO - [2025-06-10T07:56:50.562+0000] {dag.py:4180} INFO - Setting next_dagrun for fist_dag_using_python_operator_v06 to 2025-04-01 00:00:00+00:00, run_after=2025-04-02 00:00:00+00:00
[2025-06-10T07:56:50.608+0000] {processor.py:208} INFO - Processing /opt/airflow/dags/create_dag_with_python_operator.py took 0.244 seconds
[2025-06-10T07:57:20.913+0000] {processor.py:186} INFO - Started process (PID=757) to work on /opt/airflow/dags/create_dag_with_python_operator.py
[2025-06-10T07:57:20.914+0000] {processor.py:914} INFO - Processing file /opt/airflow/dags/create_dag_with_python_operator.py for tasks to queue
[2025-06-10T07:57:20.916+0000] {logging_mixin.py:190} INFO - [2025-06-10T07:57:20.916+0000] {dagbag.py:588} INFO - Filling up the DagBag from /opt/airflow/dags/create_dag_with_python_operator.py
[2025-06-10T07:57:20.953+0000] {processor.py:925} INFO - DAG(s) 'fist_dag_using_python_operator_v06' retrieved from /opt/airflow/dags/create_dag_with_python_operator.py
[2025-06-10T07:57:21.046+0000] {logging_mixin.py:190} INFO - [2025-06-10T07:57:21.046+0000] {dag.py:3239} INFO - Sync 1 DAGs
[2025-06-10T07:57:21.127+0000] {logging_mixin.py:190} INFO - [2025-06-10T07:57:21.126+0000] {dag.py:4180} INFO - Setting next_dagrun for fist_dag_using_python_operator_v06 to 2025-04-01 00:00:00+00:00, run_after=2025-04-02 00:00:00+00:00
[2025-06-10T07:57:21.193+0000] {processor.py:208} INFO - Processing /opt/airflow/dags/create_dag_with_python_operator.py took 0.289 seconds
[2025-06-10T07:57:52.015+0000] {processor.py:186} INFO - Started process (PID=813) to work on /opt/airflow/dags/create_dag_with_python_operator.py
[2025-06-10T07:57:52.016+0000] {processor.py:914} INFO - Processing file /opt/airflow/dags/create_dag_with_python_operator.py for tasks to queue
[2025-06-10T07:57:52.018+0000] {logging_mixin.py:190} INFO - [2025-06-10T07:57:52.018+0000] {dagbag.py:588} INFO - Filling up the DagBag from /opt/airflow/dags/create_dag_with_python_operator.py
[2025-06-10T07:57:52.052+0000] {processor.py:925} INFO - DAG(s) 'fist_dag_using_python_operator_v06' retrieved from /opt/airflow/dags/create_dag_with_python_operator.py
[2025-06-10T07:57:52.088+0000] {logging_mixin.py:190} INFO - [2025-06-10T07:57:52.087+0000] {dag.py:3239} INFO - Sync 1 DAGs
[2025-06-10T07:57:52.131+0000] {logging_mixin.py:190} INFO - [2025-06-10T07:57:52.131+0000] {dag.py:4180} INFO - Setting next_dagrun for fist_dag_using_python_operator_v06 to 2025-04-01 00:00:00+00:00, run_after=2025-04-02 00:00:00+00:00
[2025-06-10T07:57:52.171+0000] {processor.py:208} INFO - Processing /opt/airflow/dags/create_dag_with_python_operator.py took 0.166 seconds
[2025-06-10T07:58:22.517+0000] {processor.py:186} INFO - Started process (PID=870) to work on /opt/airflow/dags/create_dag_with_python_operator.py
[2025-06-10T07:58:22.519+0000] {processor.py:914} INFO - Processing file /opt/airflow/dags/create_dag_with_python_operator.py for tasks to queue
[2025-06-10T07:58:22.523+0000] {logging_mixin.py:190} INFO - [2025-06-10T07:58:22.522+0000] {dagbag.py:588} INFO - Filling up the DagBag from /opt/airflow/dags/create_dag_with_python_operator.py
[2025-06-10T07:58:22.571+0000] {processor.py:925} INFO - DAG(s) 'fist_dag_using_python_operator_v06' retrieved from /opt/airflow/dags/create_dag_with_python_operator.py
[2025-06-10T07:58:22.645+0000] {logging_mixin.py:190} INFO - [2025-06-10T07:58:22.644+0000] {dag.py:3239} INFO - Sync 1 DAGs
[2025-06-10T07:58:22.725+0000] {logging_mixin.py:190} INFO - [2025-06-10T07:58:22.724+0000] {dag.py:4180} INFO - Setting next_dagrun for fist_dag_using_python_operator_v06 to 2025-04-01 00:00:00+00:00, run_after=2025-04-02 00:00:00+00:00
[2025-06-10T07:58:22.771+0000] {processor.py:208} INFO - Processing /opt/airflow/dags/create_dag_with_python_operator.py took 0.266 seconds
[2025-06-10T07:58:53.033+0000] {processor.py:186} INFO - Started process (PID=926) to work on /opt/airflow/dags/create_dag_with_python_operator.py
[2025-06-10T07:58:53.035+0000] {processor.py:914} INFO - Processing file /opt/airflow/dags/create_dag_with_python_operator.py for tasks to queue
[2025-06-10T07:58:53.038+0000] {logging_mixin.py:190} INFO - [2025-06-10T07:58:53.037+0000] {dagbag.py:588} INFO - Filling up the DagBag from /opt/airflow/dags/create_dag_with_python_operator.py
[2025-06-10T07:58:53.088+0000] {processor.py:925} INFO - DAG(s) 'fist_dag_using_python_operator_v06' retrieved from /opt/airflow/dags/create_dag_with_python_operator.py
[2025-06-10T07:58:53.136+0000] {logging_mixin.py:190} INFO - [2025-06-10T07:58:53.136+0000] {dag.py:3239} INFO - Sync 1 DAGs
[2025-06-10T07:58:53.194+0000] {logging_mixin.py:190} INFO - [2025-06-10T07:58:53.194+0000] {dag.py:4180} INFO - Setting next_dagrun for fist_dag_using_python_operator_v06 to 2025-04-01 00:00:00+00:00, run_after=2025-04-02 00:00:00+00:00
[2025-06-10T07:58:53.255+0000] {processor.py:208} INFO - Processing /opt/airflow/dags/create_dag_with_python_operator.py took 0.232 seconds
[2025-06-10T07:59:23.748+0000] {processor.py:186} INFO - Started process (PID=982) to work on /opt/airflow/dags/create_dag_with_python_operator.py
[2025-06-10T07:59:23.758+0000] {processor.py:914} INFO - Processing file /opt/airflow/dags/create_dag_with_python_operator.py for tasks to queue
[2025-06-10T07:59:23.763+0000] {logging_mixin.py:190} INFO - [2025-06-10T07:59:23.762+0000] {dagbag.py:588} INFO - Filling up the DagBag from /opt/airflow/dags/create_dag_with_python_operator.py
[2025-06-10T07:59:23.978+0000] {processor.py:925} INFO - DAG(s) 'fist_dag_using_python_operator_v06' retrieved from /opt/airflow/dags/create_dag_with_python_operator.py
[2025-06-10T07:59:24.075+0000] {logging_mixin.py:190} INFO - [2025-06-10T07:59:24.074+0000] {dag.py:3239} INFO - Sync 1 DAGs
[2025-06-10T07:59:24.159+0000] {logging_mixin.py:190} INFO - [2025-06-10T07:59:24.158+0000] {dag.py:4180} INFO - Setting next_dagrun for fist_dag_using_python_operator_v06 to 2025-04-01 00:00:00+00:00, run_after=2025-04-02 00:00:00+00:00
[2025-06-10T07:59:24.234+0000] {processor.py:208} INFO - Processing /opt/airflow/dags/create_dag_with_python_operator.py took 0.503 seconds
[2025-06-10T07:59:54.409+0000] {processor.py:186} INFO - Started process (PID=1039) to work on /opt/airflow/dags/create_dag_with_python_operator.py
[2025-06-10T07:59:54.411+0000] {processor.py:914} INFO - Processing file /opt/airflow/dags/create_dag_with_python_operator.py for tasks to queue
[2025-06-10T07:59:54.414+0000] {logging_mixin.py:190} INFO - [2025-06-10T07:59:54.413+0000] {dagbag.py:588} INFO - Filling up the DagBag from /opt/airflow/dags/create_dag_with_python_operator.py
[2025-06-10T07:59:54.450+0000] {processor.py:925} INFO - DAG(s) 'fist_dag_using_python_operator_v06' retrieved from /opt/airflow/dags/create_dag_with_python_operator.py
[2025-06-10T07:59:54.493+0000] {logging_mixin.py:190} INFO - [2025-06-10T07:59:54.493+0000] {dag.py:3239} INFO - Sync 1 DAGs
[2025-06-10T07:59:54.546+0000] {logging_mixin.py:190} INFO - [2025-06-10T07:59:54.545+0000] {dag.py:4180} INFO - Setting next_dagrun for fist_dag_using_python_operator_v06 to 2025-04-01 00:00:00+00:00, run_after=2025-04-02 00:00:00+00:00
[2025-06-10T07:59:54.611+0000] {processor.py:208} INFO - Processing /opt/airflow/dags/create_dag_with_python_operator.py took 0.214 seconds
[2025-06-10T08:00:25.511+0000] {processor.py:186} INFO - Started process (PID=1095) to work on /opt/airflow/dags/create_dag_with_python_operator.py
[2025-06-10T08:00:25.517+0000] {processor.py:914} INFO - Processing file /opt/airflow/dags/create_dag_with_python_operator.py for tasks to queue
[2025-06-10T08:00:25.523+0000] {logging_mixin.py:190} INFO - [2025-06-10T08:00:25.521+0000] {dagbag.py:588} INFO - Filling up the DagBag from /opt/airflow/dags/create_dag_with_python_operator.py
[2025-06-10T08:00:25.648+0000] {processor.py:925} INFO - DAG(s) 'fist_dag_using_python_operator_v06' retrieved from /opt/airflow/dags/create_dag_with_python_operator.py
[2025-06-10T08:00:25.725+0000] {logging_mixin.py:190} INFO - [2025-06-10T08:00:25.724+0000] {dag.py:3239} INFO - Sync 1 DAGs
[2025-06-10T08:00:25.788+0000] {logging_mixin.py:190} INFO - [2025-06-10T08:00:25.787+0000] {dag.py:4180} INFO - Setting next_dagrun for fist_dag_using_python_operator_v06 to 2025-04-01 00:00:00+00:00, run_after=2025-04-02 00:00:00+00:00
[2025-06-10T08:00:25.835+0000] {processor.py:208} INFO - Processing /opt/airflow/dags/create_dag_with_python_operator.py took 0.348 seconds
[2025-06-10T08:00:56.239+0000] {processor.py:186} INFO - Started process (PID=1151) to work on /opt/airflow/dags/create_dag_with_python_operator.py
[2025-06-10T08:00:56.242+0000] {processor.py:914} INFO - Processing file /opt/airflow/dags/create_dag_with_python_operator.py for tasks to queue
[2025-06-10T08:00:56.253+0000] {logging_mixin.py:190} INFO - [2025-06-10T08:00:56.246+0000] {dagbag.py:588} INFO - Filling up the DagBag from /opt/airflow/dags/create_dag_with_python_operator.py
[2025-06-10T08:00:56.320+0000] {processor.py:925} INFO - DAG(s) 'fist_dag_using_python_operator_v06' retrieved from /opt/airflow/dags/create_dag_with_python_operator.py
[2025-06-10T08:00:56.433+0000] {logging_mixin.py:190} INFO - [2025-06-10T08:00:56.432+0000] {dag.py:3239} INFO - Sync 1 DAGs
[2025-06-10T08:00:56.568+0000] {logging_mixin.py:190} INFO - [2025-06-10T08:00:56.567+0000] {dag.py:4180} INFO - Setting next_dagrun for fist_dag_using_python_operator_v06 to 2025-04-01 00:00:00+00:00, run_after=2025-04-02 00:00:00+00:00
[2025-06-10T08:00:56.634+0000] {processor.py:208} INFO - Processing /opt/airflow/dags/create_dag_with_python_operator.py took 0.419 seconds
[2025-06-10T08:01:26.953+0000] {processor.py:186} INFO - Started process (PID=1209) to work on /opt/airflow/dags/create_dag_with_python_operator.py
[2025-06-10T08:01:26.955+0000] {processor.py:914} INFO - Processing file /opt/airflow/dags/create_dag_with_python_operator.py for tasks to queue
[2025-06-10T08:01:26.957+0000] {logging_mixin.py:190} INFO - [2025-06-10T08:01:26.957+0000] {dagbag.py:588} INFO - Filling up the DagBag from /opt/airflow/dags/create_dag_with_python_operator.py
[2025-06-10T08:01:27.056+0000] {processor.py:925} INFO - DAG(s) 'fist_dag_using_python_operator_v06' retrieved from /opt/airflow/dags/create_dag_with_python_operator.py
[2025-06-10T08:01:27.116+0000] {logging_mixin.py:190} INFO - [2025-06-10T08:01:27.116+0000] {dag.py:3239} INFO - Sync 1 DAGs
[2025-06-10T08:01:27.185+0000] {logging_mixin.py:190} INFO - [2025-06-10T08:01:27.185+0000] {dag.py:4180} INFO - Setting next_dagrun for fist_dag_using_python_operator_v06 to 2025-04-01 00:00:00+00:00, run_after=2025-04-02 00:00:00+00:00
[2025-06-10T08:01:27.227+0000] {processor.py:208} INFO - Processing /opt/airflow/dags/create_dag_with_python_operator.py took 0.284 seconds
[2025-06-10T08:01:57.954+0000] {processor.py:186} INFO - Started process (PID=1263) to work on /opt/airflow/dags/create_dag_with_python_operator.py
[2025-06-10T08:01:57.956+0000] {processor.py:914} INFO - Processing file /opt/airflow/dags/create_dag_with_python_operator.py for tasks to queue
[2025-06-10T08:01:57.959+0000] {logging_mixin.py:190} INFO - [2025-06-10T08:01:57.958+0000] {dagbag.py:588} INFO - Filling up the DagBag from /opt/airflow/dags/create_dag_with_python_operator.py
[2025-06-10T08:01:58.016+0000] {processor.py:925} INFO - DAG(s) 'fist_dag_using_python_operator_v06' retrieved from /opt/airflow/dags/create_dag_with_python_operator.py
[2025-06-10T08:01:58.079+0000] {logging_mixin.py:190} INFO - [2025-06-10T08:01:58.079+0000] {dag.py:3239} INFO - Sync 1 DAGs
[2025-06-10T08:01:58.184+0000] {logging_mixin.py:190} INFO - [2025-06-10T08:01:58.183+0000] {dag.py:4180} INFO - Setting next_dagrun for fist_dag_using_python_operator_v06 to 2025-04-01 00:00:00+00:00, run_after=2025-04-02 00:00:00+00:00
[2025-06-10T08:01:58.271+0000] {processor.py:208} INFO - Processing /opt/airflow/dags/create_dag_with_python_operator.py took 0.329 seconds
[2025-06-10T08:02:28.883+0000] {processor.py:186} INFO - Started process (PID=1320) to work on /opt/airflow/dags/create_dag_with_python_operator.py
[2025-06-10T08:02:28.885+0000] {processor.py:914} INFO - Processing file /opt/airflow/dags/create_dag_with_python_operator.py for tasks to queue
[2025-06-10T08:02:28.888+0000] {logging_mixin.py:190} INFO - [2025-06-10T08:02:28.887+0000] {dagbag.py:588} INFO - Filling up the DagBag from /opt/airflow/dags/create_dag_with_python_operator.py
[2025-06-10T08:02:28.932+0000] {processor.py:925} INFO - DAG(s) 'fist_dag_using_python_operator_v06' retrieved from /opt/airflow/dags/create_dag_with_python_operator.py
[2025-06-10T08:02:28.983+0000] {logging_mixin.py:190} INFO - [2025-06-10T08:02:28.983+0000] {dag.py:3239} INFO - Sync 1 DAGs
[2025-06-10T08:02:29.038+0000] {logging_mixin.py:190} INFO - [2025-06-10T08:02:29.038+0000] {dag.py:4180} INFO - Setting next_dagrun for fist_dag_using_python_operator_v06 to 2025-04-01 00:00:00+00:00, run_after=2025-04-02 00:00:00+00:00
[2025-06-10T08:02:29.077+0000] {processor.py:208} INFO - Processing /opt/airflow/dags/create_dag_with_python_operator.py took 0.206 seconds
[2025-06-10T08:02:59.771+0000] {processor.py:186} INFO - Started process (PID=1376) to work on /opt/airflow/dags/create_dag_with_python_operator.py
[2025-06-10T08:02:59.772+0000] {processor.py:914} INFO - Processing file /opt/airflow/dags/create_dag_with_python_operator.py for tasks to queue
[2025-06-10T08:02:59.775+0000] {logging_mixin.py:190} INFO - [2025-06-10T08:02:59.774+0000] {dagbag.py:588} INFO - Filling up the DagBag from /opt/airflow/dags/create_dag_with_python_operator.py
[2025-06-10T08:02:59.813+0000] {processor.py:925} INFO - DAG(s) 'fist_dag_using_python_operator_v06' retrieved from /opt/airflow/dags/create_dag_with_python_operator.py
[2025-06-10T08:02:59.864+0000] {logging_mixin.py:190} INFO - [2025-06-10T08:02:59.863+0000] {dag.py:3239} INFO - Sync 1 DAGs
[2025-06-10T08:02:59.929+0000] {logging_mixin.py:190} INFO - [2025-06-10T08:02:59.928+0000] {dag.py:4180} INFO - Setting next_dagrun for fist_dag_using_python_operator_v06 to 2025-04-01 00:00:00+00:00, run_after=2025-04-02 00:00:00+00:00
[2025-06-10T08:02:59.989+0000] {processor.py:208} INFO - Processing /opt/airflow/dags/create_dag_with_python_operator.py took 0.231 seconds
[2025-06-10T08:03:30.782+0000] {processor.py:186} INFO - Started process (PID=1432) to work on /opt/airflow/dags/create_dag_with_python_operator.py
[2025-06-10T08:03:30.784+0000] {processor.py:914} INFO - Processing file /opt/airflow/dags/create_dag_with_python_operator.py for tasks to queue
[2025-06-10T08:03:30.799+0000] {logging_mixin.py:190} INFO - [2025-06-10T08:03:30.798+0000] {dagbag.py:588} INFO - Filling up the DagBag from /opt/airflow/dags/create_dag_with_python_operator.py
[2025-06-10T08:03:30.944+0000] {processor.py:925} INFO - DAG(s) 'fist_dag_using_python_operator_v06' retrieved from /opt/airflow/dags/create_dag_with_python_operator.py
[2025-06-10T08:03:31.043+0000] {logging_mixin.py:190} INFO - [2025-06-10T08:03:31.043+0000] {dag.py:3239} INFO - Sync 1 DAGs
[2025-06-10T08:03:31.186+0000] {logging_mixin.py:190} INFO - [2025-06-10T08:03:31.185+0000] {dag.py:4180} INFO - Setting next_dagrun for fist_dag_using_python_operator_v06 to 2025-04-01 00:00:00+00:00, run_after=2025-04-02 00:00:00+00:00
[2025-06-10T08:03:31.318+0000] {processor.py:208} INFO - Processing /opt/airflow/dags/create_dag_with_python_operator.py took 0.570 seconds
[2025-06-10T08:04:01.680+0000] {processor.py:186} INFO - Started process (PID=1488) to work on /opt/airflow/dags/create_dag_with_python_operator.py
[2025-06-10T08:04:01.682+0000] {processor.py:914} INFO - Processing file /opt/airflow/dags/create_dag_with_python_operator.py for tasks to queue
[2025-06-10T08:04:01.686+0000] {logging_mixin.py:190} INFO - [2025-06-10T08:04:01.685+0000] {dagbag.py:588} INFO - Filling up the DagBag from /opt/airflow/dags/create_dag_with_python_operator.py
[2025-06-10T08:04:01.738+0000] {processor.py:925} INFO - DAG(s) 'fist_dag_using_python_operator_v06' retrieved from /opt/airflow/dags/create_dag_with_python_operator.py
[2025-06-10T08:04:01.802+0000] {logging_mixin.py:190} INFO - [2025-06-10T08:04:01.801+0000] {dag.py:3239} INFO - Sync 1 DAGs
[2025-06-10T08:04:01.855+0000] {logging_mixin.py:190} INFO - [2025-06-10T08:04:01.855+0000] {dag.py:4180} INFO - Setting next_dagrun for fist_dag_using_python_operator_v06 to 2025-04-01 00:00:00+00:00, run_after=2025-04-02 00:00:00+00:00
[2025-06-10T08:04:01.900+0000] {processor.py:208} INFO - Processing /opt/airflow/dags/create_dag_with_python_operator.py took 0.235 seconds
[2025-06-10T08:04:32.201+0000] {processor.py:186} INFO - Started process (PID=1544) to work on /opt/airflow/dags/create_dag_with_python_operator.py
[2025-06-10T08:04:32.206+0000] {processor.py:914} INFO - Processing file /opt/airflow/dags/create_dag_with_python_operator.py for tasks to queue
[2025-06-10T08:04:32.209+0000] {logging_mixin.py:190} INFO - [2025-06-10T08:04:32.208+0000] {dagbag.py:588} INFO - Filling up the DagBag from /opt/airflow/dags/create_dag_with_python_operator.py
[2025-06-10T08:04:32.248+0000] {processor.py:925} INFO - DAG(s) 'fist_dag_using_python_operator_v06' retrieved from /opt/airflow/dags/create_dag_with_python_operator.py
[2025-06-10T08:04:32.289+0000] {logging_mixin.py:190} INFO - [2025-06-10T08:04:32.288+0000] {dag.py:3239} INFO - Sync 1 DAGs
[2025-06-10T08:04:32.332+0000] {logging_mixin.py:190} INFO - [2025-06-10T08:04:32.332+0000] {dag.py:4180} INFO - Setting next_dagrun for fist_dag_using_python_operator_v06 to 2025-04-01 00:00:00+00:00, run_after=2025-04-02 00:00:00+00:00
[2025-06-10T08:04:32.368+0000] {processor.py:208} INFO - Processing /opt/airflow/dags/create_dag_with_python_operator.py took 0.181 seconds
[2025-06-10T08:05:03.123+0000] {processor.py:186} INFO - Started process (PID=1600) to work on /opt/airflow/dags/create_dag_with_python_operator.py
[2025-06-10T08:05:03.126+0000] {processor.py:914} INFO - Processing file /opt/airflow/dags/create_dag_with_python_operator.py for tasks to queue
[2025-06-10T08:05:03.129+0000] {logging_mixin.py:190} INFO - [2025-06-10T08:05:03.128+0000] {dagbag.py:588} INFO - Filling up the DagBag from /opt/airflow/dags/create_dag_with_python_operator.py
[2025-06-10T08:05:03.166+0000] {processor.py:925} INFO - DAG(s) 'fist_dag_using_python_operator_v06' retrieved from /opt/airflow/dags/create_dag_with_python_operator.py
[2025-06-10T08:05:03.211+0000] {logging_mixin.py:190} INFO - [2025-06-10T08:05:03.211+0000] {dag.py:3239} INFO - Sync 1 DAGs
[2025-06-10T08:05:03.251+0000] {logging_mixin.py:190} INFO - [2025-06-10T08:05:03.250+0000] {dag.py:4180} INFO - Setting next_dagrun for fist_dag_using_python_operator_v06 to 2025-04-01 00:00:00+00:00, run_after=2025-04-02 00:00:00+00:00
[2025-06-10T08:05:03.286+0000] {processor.py:208} INFO - Processing /opt/airflow/dags/create_dag_with_python_operator.py took 0.173 seconds
[2025-06-10T08:05:33.549+0000] {processor.py:186} INFO - Started process (PID=1656) to work on /opt/airflow/dags/create_dag_with_python_operator.py
[2025-06-10T08:05:33.550+0000] {processor.py:914} INFO - Processing file /opt/airflow/dags/create_dag_with_python_operator.py for tasks to queue
[2025-06-10T08:05:33.553+0000] {logging_mixin.py:190} INFO - [2025-06-10T08:05:33.552+0000] {dagbag.py:588} INFO - Filling up the DagBag from /opt/airflow/dags/create_dag_with_python_operator.py
[2025-06-10T08:05:33.587+0000] {processor.py:925} INFO - DAG(s) 'fist_dag_using_python_operator_v06' retrieved from /opt/airflow/dags/create_dag_with_python_operator.py
[2025-06-10T08:05:33.626+0000] {logging_mixin.py:190} INFO - [2025-06-10T08:05:33.625+0000] {dag.py:3239} INFO - Sync 1 DAGs
[2025-06-10T08:05:33.667+0000] {logging_mixin.py:190} INFO - [2025-06-10T08:05:33.666+0000] {dag.py:4180} INFO - Setting next_dagrun for fist_dag_using_python_operator_v06 to 2025-04-01 00:00:00+00:00, run_after=2025-04-02 00:00:00+00:00
[2025-06-10T08:05:33.703+0000] {processor.py:208} INFO - Processing /opt/airflow/dags/create_dag_with_python_operator.py took 0.166 seconds
[2025-06-10T08:06:04.023+0000] {processor.py:186} INFO - Started process (PID=1712) to work on /opt/airflow/dags/create_dag_with_python_operator.py
[2025-06-10T08:06:04.025+0000] {processor.py:914} INFO - Processing file /opt/airflow/dags/create_dag_with_python_operator.py for tasks to queue
[2025-06-10T08:06:04.029+0000] {logging_mixin.py:190} INFO - [2025-06-10T08:06:04.029+0000] {dagbag.py:588} INFO - Filling up the DagBag from /opt/airflow/dags/create_dag_with_python_operator.py
[2025-06-10T08:06:04.071+0000] {processor.py:925} INFO - DAG(s) 'fist_dag_using_python_operator_v06' retrieved from /opt/airflow/dags/create_dag_with_python_operator.py
[2025-06-10T08:06:04.123+0000] {logging_mixin.py:190} INFO - [2025-06-10T08:06:04.122+0000] {dag.py:3239} INFO - Sync 1 DAGs
[2025-06-10T08:06:04.196+0000] {logging_mixin.py:190} INFO - [2025-06-10T08:06:04.196+0000] {dag.py:4180} INFO - Setting next_dagrun for fist_dag_using_python_operator_v06 to 2025-04-01 00:00:00+00:00, run_after=2025-04-02 00:00:00+00:00
[2025-06-10T08:06:04.255+0000] {processor.py:208} INFO - Processing /opt/airflow/dags/create_dag_with_python_operator.py took 0.245 seconds
[2025-06-10T08:06:34.584+0000] {processor.py:186} INFO - Started process (PID=1770) to work on /opt/airflow/dags/create_dag_with_python_operator.py
[2025-06-10T08:06:34.585+0000] {processor.py:914} INFO - Processing file /opt/airflow/dags/create_dag_with_python_operator.py for tasks to queue
[2025-06-10T08:06:34.587+0000] {logging_mixin.py:190} INFO - [2025-06-10T08:06:34.587+0000] {dagbag.py:588} INFO - Filling up the DagBag from /opt/airflow/dags/create_dag_with_python_operator.py
[2025-06-10T08:06:34.618+0000] {processor.py:925} INFO - DAG(s) 'fist_dag_using_python_operator_v06' retrieved from /opt/airflow/dags/create_dag_with_python_operator.py
[2025-06-10T08:06:34.653+0000] {logging_mixin.py:190} INFO - [2025-06-10T08:06:34.652+0000] {dag.py:3239} INFO - Sync 1 DAGs
[2025-06-10T08:06:34.696+0000] {logging_mixin.py:190} INFO - [2025-06-10T08:06:34.696+0000] {dag.py:4180} INFO - Setting next_dagrun for fist_dag_using_python_operator_v06 to 2025-04-01 00:00:00+00:00, run_after=2025-04-02 00:00:00+00:00
[2025-06-10T08:06:34.728+0000] {processor.py:208} INFO - Processing /opt/airflow/dags/create_dag_with_python_operator.py took 0.152 seconds
[2025-06-10T08:07:05.484+0000] {processor.py:186} INFO - Started process (PID=1826) to work on /opt/airflow/dags/create_dag_with_python_operator.py
[2025-06-10T08:07:05.486+0000] {processor.py:914} INFO - Processing file /opt/airflow/dags/create_dag_with_python_operator.py for tasks to queue
[2025-06-10T08:07:05.491+0000] {logging_mixin.py:190} INFO - [2025-06-10T08:07:05.491+0000] {dagbag.py:588} INFO - Filling up the DagBag from /opt/airflow/dags/create_dag_with_python_operator.py
[2025-06-10T08:07:05.567+0000] {processor.py:925} INFO - DAG(s) 'fist_dag_using_python_operator_v06' retrieved from /opt/airflow/dags/create_dag_with_python_operator.py
[2025-06-10T08:07:05.656+0000] {logging_mixin.py:190} INFO - [2025-06-10T08:07:05.655+0000] {dag.py:3239} INFO - Sync 1 DAGs
[2025-06-10T08:07:05.772+0000] {logging_mixin.py:190} INFO - [2025-06-10T08:07:05.771+0000] {dag.py:4180} INFO - Setting next_dagrun for fist_dag_using_python_operator_v06 to 2025-04-01 00:00:00+00:00, run_after=2025-04-02 00:00:00+00:00
[2025-06-10T08:07:05.811+0000] {processor.py:208} INFO - Processing /opt/airflow/dags/create_dag_with_python_operator.py took 0.340 seconds
[2025-06-10T08:07:36.113+0000] {processor.py:186} INFO - Started process (PID=1882) to work on /opt/airflow/dags/create_dag_with_python_operator.py
[2025-06-10T08:07:36.115+0000] {processor.py:914} INFO - Processing file /opt/airflow/dags/create_dag_with_python_operator.py for tasks to queue
[2025-06-10T08:07:36.117+0000] {logging_mixin.py:190} INFO - [2025-06-10T08:07:36.117+0000] {dagbag.py:588} INFO - Filling up the DagBag from /opt/airflow/dags/create_dag_with_python_operator.py
[2025-06-10T08:07:36.156+0000] {processor.py:925} INFO - DAG(s) 'fist_dag_using_python_operator_v06' retrieved from /opt/airflow/dags/create_dag_with_python_operator.py
[2025-06-10T08:07:36.202+0000] {logging_mixin.py:190} INFO - [2025-06-10T08:07:36.201+0000] {dag.py:3239} INFO - Sync 1 DAGs
[2025-06-10T08:07:36.266+0000] {logging_mixin.py:190} INFO - [2025-06-10T08:07:36.265+0000] {dag.py:4180} INFO - Setting next_dagrun for fist_dag_using_python_operator_v06 to 2025-04-01 00:00:00+00:00, run_after=2025-04-02 00:00:00+00:00
[2025-06-10T08:07:36.312+0000] {processor.py:208} INFO - Processing /opt/airflow/dags/create_dag_with_python_operator.py took 0.211 seconds
[2025-06-10T08:08:06.915+0000] {processor.py:186} INFO - Started process (PID=1938) to work on /opt/airflow/dags/create_dag_with_python_operator.py
[2025-06-10T08:08:06.919+0000] {processor.py:914} INFO - Processing file /opt/airflow/dags/create_dag_with_python_operator.py for tasks to queue
[2025-06-10T08:08:06.926+0000] {logging_mixin.py:190} INFO - [2025-06-10T08:08:06.923+0000] {dagbag.py:588} INFO - Filling up the DagBag from /opt/airflow/dags/create_dag_with_python_operator.py
[2025-06-10T08:08:07.009+0000] {processor.py:925} INFO - DAG(s) 'fist_dag_using_python_operator_v06' retrieved from /opt/airflow/dags/create_dag_with_python_operator.py
[2025-06-10T08:08:07.079+0000] {logging_mixin.py:190} INFO - [2025-06-10T08:08:07.078+0000] {dag.py:3239} INFO - Sync 1 DAGs
[2025-06-10T08:08:07.170+0000] {logging_mixin.py:190} INFO - [2025-06-10T08:08:07.169+0000] {dag.py:4180} INFO - Setting next_dagrun for fist_dag_using_python_operator_v06 to 2025-04-01 00:00:00+00:00, run_after=2025-04-02 00:00:00+00:00
[2025-06-10T08:08:07.233+0000] {processor.py:208} INFO - Processing /opt/airflow/dags/create_dag_with_python_operator.py took 0.332 seconds
[2025-06-10T08:08:37.571+0000] {processor.py:186} INFO - Started process (PID=1994) to work on /opt/airflow/dags/create_dag_with_python_operator.py
[2025-06-10T08:08:37.572+0000] {processor.py:914} INFO - Processing file /opt/airflow/dags/create_dag_with_python_operator.py for tasks to queue
[2025-06-10T08:08:37.575+0000] {logging_mixin.py:190} INFO - [2025-06-10T08:08:37.574+0000] {dagbag.py:588} INFO - Filling up the DagBag from /opt/airflow/dags/create_dag_with_python_operator.py
[2025-06-10T08:08:37.616+0000] {processor.py:925} INFO - DAG(s) 'fist_dag_using_python_operator_v06' retrieved from /opt/airflow/dags/create_dag_with_python_operator.py
[2025-06-10T08:08:37.665+0000] {logging_mixin.py:190} INFO - [2025-06-10T08:08:37.665+0000] {dag.py:3239} INFO - Sync 1 DAGs
[2025-06-10T08:08:37.721+0000] {logging_mixin.py:190} INFO - [2025-06-10T08:08:37.721+0000] {dag.py:4180} INFO - Setting next_dagrun for fist_dag_using_python_operator_v06 to 2025-04-01 00:00:00+00:00, run_after=2025-04-02 00:00:00+00:00
[2025-06-10T08:08:37.793+0000] {processor.py:208} INFO - Processing /opt/airflow/dags/create_dag_with_python_operator.py took 0.233 seconds
[2025-06-10T08:09:08.609+0000] {processor.py:186} INFO - Started process (PID=2050) to work on /opt/airflow/dags/create_dag_with_python_operator.py
[2025-06-10T08:09:08.615+0000] {processor.py:914} INFO - Processing file /opt/airflow/dags/create_dag_with_python_operator.py for tasks to queue
[2025-06-10T08:09:08.618+0000] {logging_mixin.py:190} INFO - [2025-06-10T08:09:08.617+0000] {dagbag.py:588} INFO - Filling up the DagBag from /opt/airflow/dags/create_dag_with_python_operator.py
[2025-06-10T08:09:08.683+0000] {processor.py:925} INFO - DAG(s) 'fist_dag_using_python_operator_v06' retrieved from /opt/airflow/dags/create_dag_with_python_operator.py
[2025-06-10T08:09:08.745+0000] {logging_mixin.py:190} INFO - [2025-06-10T08:09:08.744+0000] {dag.py:3239} INFO - Sync 1 DAGs
[2025-06-10T08:09:08.816+0000] {logging_mixin.py:190} INFO - [2025-06-10T08:09:08.814+0000] {dag.py:4180} INFO - Setting next_dagrun for fist_dag_using_python_operator_v06 to 2025-04-01 00:00:00+00:00, run_after=2025-04-02 00:00:00+00:00
[2025-06-10T08:09:08.866+0000] {processor.py:208} INFO - Processing /opt/airflow/dags/create_dag_with_python_operator.py took 0.280 seconds
[2025-06-10T08:09:39.844+0000] {processor.py:186} INFO - Started process (PID=2106) to work on /opt/airflow/dags/create_dag_with_python_operator.py
[2025-06-10T08:09:39.848+0000] {processor.py:914} INFO - Processing file /opt/airflow/dags/create_dag_with_python_operator.py for tasks to queue
[2025-06-10T08:09:39.850+0000] {logging_mixin.py:190} INFO - [2025-06-10T08:09:39.849+0000] {dagbag.py:588} INFO - Filling up the DagBag from /opt/airflow/dags/create_dag_with_python_operator.py
[2025-06-10T08:09:39.928+0000] {processor.py:925} INFO - DAG(s) 'fist_dag_using_python_operator_v06' retrieved from /opt/airflow/dags/create_dag_with_python_operator.py
[2025-06-10T08:09:40.002+0000] {logging_mixin.py:190} INFO - [2025-06-10T08:09:40.002+0000] {dag.py:3239} INFO - Sync 1 DAGs
[2025-06-10T08:09:40.117+0000] {logging_mixin.py:190} INFO - [2025-06-10T08:09:40.116+0000] {dag.py:4180} INFO - Setting next_dagrun for fist_dag_using_python_operator_v06 to 2025-04-01 00:00:00+00:00, run_after=2025-04-02 00:00:00+00:00
[2025-06-10T08:09:40.185+0000] {processor.py:208} INFO - Processing /opt/airflow/dags/create_dag_with_python_operator.py took 0.356 seconds
[2025-06-10T08:10:11.154+0000] {processor.py:186} INFO - Started process (PID=2162) to work on /opt/airflow/dags/create_dag_with_python_operator.py
[2025-06-10T08:10:11.157+0000] {processor.py:914} INFO - Processing file /opt/airflow/dags/create_dag_with_python_operator.py for tasks to queue
[2025-06-10T08:10:11.164+0000] {logging_mixin.py:190} INFO - [2025-06-10T08:10:11.163+0000] {dagbag.py:588} INFO - Filling up the DagBag from /opt/airflow/dags/create_dag_with_python_operator.py
[2025-06-10T08:10:11.212+0000] {processor.py:925} INFO - DAG(s) 'fist_dag_using_python_operator_v06' retrieved from /opt/airflow/dags/create_dag_with_python_operator.py
[2025-06-10T08:10:11.271+0000] {logging_mixin.py:190} INFO - [2025-06-10T08:10:11.270+0000] {dag.py:3239} INFO - Sync 1 DAGs
[2025-06-10T08:10:11.338+0000] {logging_mixin.py:190} INFO - [2025-06-10T08:10:11.338+0000] {dag.py:4180} INFO - Setting next_dagrun for fist_dag_using_python_operator_v06 to 2025-04-01 00:00:00+00:00, run_after=2025-04-02 00:00:00+00:00
[2025-06-10T08:10:11.382+0000] {processor.py:208} INFO - Processing /opt/airflow/dags/create_dag_with_python_operator.py took 0.242 seconds
[2025-06-10T08:10:42.142+0000] {processor.py:186} INFO - Started process (PID=2218) to work on /opt/airflow/dags/create_dag_with_python_operator.py
[2025-06-10T08:10:42.145+0000] {processor.py:914} INFO - Processing file /opt/airflow/dags/create_dag_with_python_operator.py for tasks to queue
[2025-06-10T08:10:42.150+0000] {logging_mixin.py:190} INFO - [2025-06-10T08:10:42.149+0000] {dagbag.py:588} INFO - Filling up the DagBag from /opt/airflow/dags/create_dag_with_python_operator.py
[2025-06-10T08:10:42.201+0000] {processor.py:925} INFO - DAG(s) 'fist_dag_using_python_operator_v06' retrieved from /opt/airflow/dags/create_dag_with_python_operator.py
[2025-06-10T08:10:42.247+0000] {logging_mixin.py:190} INFO - [2025-06-10T08:10:42.247+0000] {dag.py:3239} INFO - Sync 1 DAGs
[2025-06-10T08:10:42.293+0000] {logging_mixin.py:190} INFO - [2025-06-10T08:10:42.293+0000] {dag.py:4180} INFO - Setting next_dagrun for fist_dag_using_python_operator_v06 to 2025-04-01 00:00:00+00:00, run_after=2025-04-02 00:00:00+00:00
[2025-06-10T08:10:42.333+0000] {processor.py:208} INFO - Processing /opt/airflow/dags/create_dag_with_python_operator.py took 0.205 seconds
[2025-06-10T08:11:12.784+0000] {processor.py:186} INFO - Started process (PID=2274) to work on /opt/airflow/dags/create_dag_with_python_operator.py
[2025-06-10T08:11:12.798+0000] {processor.py:914} INFO - Processing file /opt/airflow/dags/create_dag_with_python_operator.py for tasks to queue
[2025-06-10T08:11:12.801+0000] {logging_mixin.py:190} INFO - [2025-06-10T08:11:12.800+0000] {dagbag.py:588} INFO - Filling up the DagBag from /opt/airflow/dags/create_dag_with_python_operator.py
[2025-06-10T08:11:12.890+0000] {processor.py:925} INFO - DAG(s) 'fist_dag_using_python_operator_v06' retrieved from /opt/airflow/dags/create_dag_with_python_operator.py
[2025-06-10T08:11:13.070+0000] {logging_mixin.py:190} INFO - [2025-06-10T08:11:13.070+0000] {dag.py:3239} INFO - Sync 1 DAGs
[2025-06-10T08:11:13.260+0000] {logging_mixin.py:190} INFO - [2025-06-10T08:11:13.259+0000] {dag.py:4180} INFO - Setting next_dagrun for fist_dag_using_python_operator_v06 to 2025-04-01 00:00:00+00:00, run_after=2025-04-02 00:00:00+00:00
[2025-06-10T08:11:13.376+0000] {processor.py:208} INFO - Processing /opt/airflow/dags/create_dag_with_python_operator.py took 0.623 seconds
[2025-06-10T08:11:44.162+0000] {processor.py:186} INFO - Started process (PID=2330) to work on /opt/airflow/dags/create_dag_with_python_operator.py
[2025-06-10T08:11:44.163+0000] {processor.py:914} INFO - Processing file /opt/airflow/dags/create_dag_with_python_operator.py for tasks to queue
[2025-06-10T08:11:44.165+0000] {logging_mixin.py:190} INFO - [2025-06-10T08:11:44.165+0000] {dagbag.py:588} INFO - Filling up the DagBag from /opt/airflow/dags/create_dag_with_python_operator.py
[2025-06-10T08:11:44.203+0000] {processor.py:925} INFO - DAG(s) 'fist_dag_using_python_operator_v06' retrieved from /opt/airflow/dags/create_dag_with_python_operator.py
[2025-06-10T08:11:44.247+0000] {logging_mixin.py:190} INFO - [2025-06-10T08:11:44.246+0000] {dag.py:3239} INFO - Sync 1 DAGs
[2025-06-10T08:11:44.299+0000] {logging_mixin.py:190} INFO - [2025-06-10T08:11:44.298+0000] {dag.py:4180} INFO - Setting next_dagrun for fist_dag_using_python_operator_v06 to 2025-04-01 00:00:00+00:00, run_after=2025-04-02 00:00:00+00:00
[2025-06-10T08:11:44.369+0000] {processor.py:208} INFO - Processing /opt/airflow/dags/create_dag_with_python_operator.py took 0.214 seconds
[2025-06-10T08:12:14.735+0000] {processor.py:186} INFO - Started process (PID=2386) to work on /opt/airflow/dags/create_dag_with_python_operator.py
[2025-06-10T08:12:14.737+0000] {processor.py:914} INFO - Processing file /opt/airflow/dags/create_dag_with_python_operator.py for tasks to queue
[2025-06-10T08:12:14.740+0000] {logging_mixin.py:190} INFO - [2025-06-10T08:12:14.739+0000] {dagbag.py:588} INFO - Filling up the DagBag from /opt/airflow/dags/create_dag_with_python_operator.py
[2025-06-10T08:12:14.776+0000] {processor.py:925} INFO - DAG(s) 'fist_dag_using_python_operator_v06' retrieved from /opt/airflow/dags/create_dag_with_python_operator.py
[2025-06-10T08:12:14.828+0000] {logging_mixin.py:190} INFO - [2025-06-10T08:12:14.827+0000] {dag.py:3239} INFO - Sync 1 DAGs
[2025-06-10T08:12:14.875+0000] {logging_mixin.py:190} INFO - [2025-06-10T08:12:14.875+0000] {dag.py:4180} INFO - Setting next_dagrun for fist_dag_using_python_operator_v06 to 2025-04-01 00:00:00+00:00, run_after=2025-04-02 00:00:00+00:00
[2025-06-10T08:12:14.915+0000] {processor.py:208} INFO - Processing /opt/airflow/dags/create_dag_with_python_operator.py took 0.189 seconds
[2025-06-10T08:12:45.644+0000] {processor.py:186} INFO - Started process (PID=2448) to work on /opt/airflow/dags/create_dag_with_python_operator.py
[2025-06-10T08:12:45.645+0000] {processor.py:914} INFO - Processing file /opt/airflow/dags/create_dag_with_python_operator.py for tasks to queue
[2025-06-10T08:12:45.647+0000] {logging_mixin.py:190} INFO - [2025-06-10T08:12:45.647+0000] {dagbag.py:588} INFO - Filling up the DagBag from /opt/airflow/dags/create_dag_with_python_operator.py
[2025-06-10T08:12:45.685+0000] {processor.py:925} INFO - DAG(s) 'fist_dag_using_python_operator_v06' retrieved from /opt/airflow/dags/create_dag_with_python_operator.py
[2025-06-10T08:12:45.739+0000] {logging_mixin.py:190} INFO - [2025-06-10T08:12:45.738+0000] {dag.py:3239} INFO - Sync 1 DAGs
[2025-06-10T08:12:45.798+0000] {logging_mixin.py:190} INFO - [2025-06-10T08:12:45.797+0000] {dag.py:4180} INFO - Setting next_dagrun for fist_dag_using_python_operator_v06 to 2025-04-01 00:00:00+00:00, run_after=2025-04-02 00:00:00+00:00
[2025-06-10T08:12:45.840+0000] {processor.py:208} INFO - Processing /opt/airflow/dags/create_dag_with_python_operator.py took 0.205 seconds
[2025-06-10T08:13:16.261+0000] {processor.py:186} INFO - Started process (PID=2504) to work on /opt/airflow/dags/create_dag_with_python_operator.py
[2025-06-10T08:13:16.263+0000] {processor.py:914} INFO - Processing file /opt/airflow/dags/create_dag_with_python_operator.py for tasks to queue
[2025-06-10T08:13:16.265+0000] {logging_mixin.py:190} INFO - [2025-06-10T08:13:16.264+0000] {dagbag.py:588} INFO - Filling up the DagBag from /opt/airflow/dags/create_dag_with_python_operator.py
[2025-06-10T08:13:16.304+0000] {processor.py:925} INFO - DAG(s) 'fist_dag_using_python_operator_v06' retrieved from /opt/airflow/dags/create_dag_with_python_operator.py
[2025-06-10T08:13:16.348+0000] {logging_mixin.py:190} INFO - [2025-06-10T08:13:16.347+0000] {dag.py:3239} INFO - Sync 1 DAGs
[2025-06-10T08:13:16.403+0000] {logging_mixin.py:190} INFO - [2025-06-10T08:13:16.402+0000] {dag.py:4180} INFO - Setting next_dagrun for fist_dag_using_python_operator_v06 to 2025-04-01 00:00:00+00:00, run_after=2025-04-02 00:00:00+00:00
[2025-06-10T08:13:16.448+0000] {processor.py:208} INFO - Processing /opt/airflow/dags/create_dag_with_python_operator.py took 0.202 seconds
[2025-06-10T08:13:47.139+0000] {processor.py:186} INFO - Started process (PID=2560) to work on /opt/airflow/dags/create_dag_with_python_operator.py
[2025-06-10T08:13:47.141+0000] {processor.py:914} INFO - Processing file /opt/airflow/dags/create_dag_with_python_operator.py for tasks to queue
[2025-06-10T08:13:47.144+0000] {logging_mixin.py:190} INFO - [2025-06-10T08:13:47.143+0000] {dagbag.py:588} INFO - Filling up the DagBag from /opt/airflow/dags/create_dag_with_python_operator.py
[2025-06-10T08:13:47.187+0000] {processor.py:925} INFO - DAG(s) 'fist_dag_using_python_operator_v06' retrieved from /opt/airflow/dags/create_dag_with_python_operator.py
[2025-06-10T08:13:47.247+0000] {logging_mixin.py:190} INFO - [2025-06-10T08:13:47.247+0000] {dag.py:3239} INFO - Sync 1 DAGs
[2025-06-10T08:13:47.300+0000] {logging_mixin.py:190} INFO - [2025-06-10T08:13:47.299+0000] {dag.py:4180} INFO - Setting next_dagrun for fist_dag_using_python_operator_v06 to 2025-04-01 00:00:00+00:00, run_after=2025-04-02 00:00:00+00:00
[2025-06-10T08:13:47.361+0000] {processor.py:208} INFO - Processing /opt/airflow/dags/create_dag_with_python_operator.py took 0.232 seconds
[2025-06-10T08:14:17.641+0000] {processor.py:186} INFO - Started process (PID=2616) to work on /opt/airflow/dags/create_dag_with_python_operator.py
[2025-06-10T08:14:17.642+0000] {processor.py:914} INFO - Processing file /opt/airflow/dags/create_dag_with_python_operator.py for tasks to queue
[2025-06-10T08:14:17.645+0000] {logging_mixin.py:190} INFO - [2025-06-10T08:14:17.644+0000] {dagbag.py:588} INFO - Filling up the DagBag from /opt/airflow/dags/create_dag_with_python_operator.py
[2025-06-10T08:14:17.681+0000] {processor.py:925} INFO - DAG(s) 'fist_dag_using_python_operator_v06' retrieved from /opt/airflow/dags/create_dag_with_python_operator.py
[2025-06-10T08:14:17.729+0000] {logging_mixin.py:190} INFO - [2025-06-10T08:14:17.728+0000] {dag.py:3239} INFO - Sync 1 DAGs
[2025-06-10T08:14:17.778+0000] {logging_mixin.py:190} INFO - [2025-06-10T08:14:17.777+0000] {dag.py:4180} INFO - Setting next_dagrun for fist_dag_using_python_operator_v06 to 2025-04-01 00:00:00+00:00, run_after=2025-04-02 00:00:00+00:00
[2025-06-10T08:14:17.818+0000] {processor.py:208} INFO - Processing /opt/airflow/dags/create_dag_with_python_operator.py took 0.185 seconds
[2025-06-10T08:14:48.422+0000] {processor.py:186} INFO - Started process (PID=2672) to work on /opt/airflow/dags/create_dag_with_python_operator.py
[2025-06-10T08:14:48.424+0000] {processor.py:914} INFO - Processing file /opt/airflow/dags/create_dag_with_python_operator.py for tasks to queue
[2025-06-10T08:14:48.426+0000] {logging_mixin.py:190} INFO - [2025-06-10T08:14:48.425+0000] {dagbag.py:588} INFO - Filling up the DagBag from /opt/airflow/dags/create_dag_with_python_operator.py
[2025-06-10T08:14:48.463+0000] {processor.py:925} INFO - DAG(s) 'fist_dag_using_python_operator_v06' retrieved from /opt/airflow/dags/create_dag_with_python_operator.py
[2025-06-10T08:14:48.541+0000] {logging_mixin.py:190} INFO - [2025-06-10T08:14:48.540+0000] {dag.py:3239} INFO - Sync 1 DAGs
[2025-06-10T08:14:48.649+0000] {logging_mixin.py:190} INFO - [2025-06-10T08:14:48.649+0000] {dag.py:4180} INFO - Setting next_dagrun for fist_dag_using_python_operator_v06 to 2025-04-01 00:00:00+00:00, run_after=2025-04-02 00:00:00+00:00
[2025-06-10T08:14:48.689+0000] {processor.py:208} INFO - Processing /opt/airflow/dags/create_dag_with_python_operator.py took 0.277 seconds
[2025-06-10T08:15:19.212+0000] {processor.py:186} INFO - Started process (PID=2728) to work on /opt/airflow/dags/create_dag_with_python_operator.py
[2025-06-10T08:15:19.213+0000] {processor.py:914} INFO - Processing file /opt/airflow/dags/create_dag_with_python_operator.py for tasks to queue
[2025-06-10T08:15:19.216+0000] {logging_mixin.py:190} INFO - [2025-06-10T08:15:19.215+0000] {dagbag.py:588} INFO - Filling up the DagBag from /opt/airflow/dags/create_dag_with_python_operator.py
[2025-06-10T08:15:19.263+0000] {processor.py:925} INFO - DAG(s) 'fist_dag_using_python_operator_v06' retrieved from /opt/airflow/dags/create_dag_with_python_operator.py
[2025-06-10T08:15:19.323+0000] {logging_mixin.py:190} INFO - [2025-06-10T08:15:19.323+0000] {dag.py:3239} INFO - Sync 1 DAGs
[2025-06-10T08:15:19.402+0000] {logging_mixin.py:190} INFO - [2025-06-10T08:15:19.402+0000] {dag.py:4180} INFO - Setting next_dagrun for fist_dag_using_python_operator_v06 to 2025-04-01 00:00:00+00:00, run_after=2025-04-02 00:00:00+00:00
[2025-06-10T08:15:19.447+0000] {processor.py:208} INFO - Processing /opt/airflow/dags/create_dag_with_python_operator.py took 0.249 seconds
[2025-06-10T08:15:49.975+0000] {processor.py:186} INFO - Started process (PID=2784) to work on /opt/airflow/dags/create_dag_with_python_operator.py
[2025-06-10T08:15:49.978+0000] {processor.py:914} INFO - Processing file /opt/airflow/dags/create_dag_with_python_operator.py for tasks to queue
[2025-06-10T08:15:49.982+0000] {logging_mixin.py:190} INFO - [2025-06-10T08:15:49.981+0000] {dagbag.py:588} INFO - Filling up the DagBag from /opt/airflow/dags/create_dag_with_python_operator.py
[2025-06-10T08:15:50.026+0000] {processor.py:925} INFO - DAG(s) 'fist_dag_using_python_operator_v06' retrieved from /opt/airflow/dags/create_dag_with_python_operator.py
[2025-06-10T08:15:50.078+0000] {logging_mixin.py:190} INFO - [2025-06-10T08:15:50.078+0000] {dag.py:3239} INFO - Sync 1 DAGs
[2025-06-10T08:15:50.139+0000] {logging_mixin.py:190} INFO - [2025-06-10T08:15:50.139+0000] {dag.py:4180} INFO - Setting next_dagrun for fist_dag_using_python_operator_v06 to 2025-04-01 00:00:00+00:00, run_after=2025-04-02 00:00:00+00:00
[2025-06-10T08:15:50.181+0000] {processor.py:208} INFO - Processing /opt/airflow/dags/create_dag_with_python_operator.py took 0.220 seconds
[2025-06-10T08:16:20.876+0000] {processor.py:186} INFO - Started process (PID=2840) to work on /opt/airflow/dags/create_dag_with_python_operator.py
[2025-06-10T08:16:20.880+0000] {processor.py:914} INFO - Processing file /opt/airflow/dags/create_dag_with_python_operator.py for tasks to queue
[2025-06-10T08:16:20.883+0000] {logging_mixin.py:190} INFO - [2025-06-10T08:16:20.882+0000] {dagbag.py:588} INFO - Filling up the DagBag from /opt/airflow/dags/create_dag_with_python_operator.py
[2025-06-10T08:16:20.937+0000] {processor.py:925} INFO - DAG(s) 'fist_dag_using_python_operator_v06' retrieved from /opt/airflow/dags/create_dag_with_python_operator.py
[2025-06-10T08:16:21.001+0000] {logging_mixin.py:190} INFO - [2025-06-10T08:16:21.001+0000] {dag.py:3239} INFO - Sync 1 DAGs
[2025-06-10T08:16:21.057+0000] {logging_mixin.py:190} INFO - [2025-06-10T08:16:21.057+0000] {dag.py:4180} INFO - Setting next_dagrun for fist_dag_using_python_operator_v06 to 2025-04-01 00:00:00+00:00, run_after=2025-04-02 00:00:00+00:00
[2025-06-10T08:16:21.105+0000] {processor.py:208} INFO - Processing /opt/airflow/dags/create_dag_with_python_operator.py took 0.241 seconds
[2025-06-10T08:16:51.684+0000] {processor.py:186} INFO - Started process (PID=2896) to work on /opt/airflow/dags/create_dag_with_python_operator.py
[2025-06-10T08:16:51.686+0000] {processor.py:914} INFO - Processing file /opt/airflow/dags/create_dag_with_python_operator.py for tasks to queue
[2025-06-10T08:16:51.689+0000] {logging_mixin.py:190} INFO - [2025-06-10T08:16:51.688+0000] {dagbag.py:588} INFO - Filling up the DagBag from /opt/airflow/dags/create_dag_with_python_operator.py
[2025-06-10T08:16:51.733+0000] {processor.py:925} INFO - DAG(s) 'fist_dag_using_python_operator_v06' retrieved from /opt/airflow/dags/create_dag_with_python_operator.py
[2025-06-10T08:16:51.782+0000] {logging_mixin.py:190} INFO - [2025-06-10T08:16:51.781+0000] {dag.py:3239} INFO - Sync 1 DAGs
[2025-06-10T08:16:51.843+0000] {logging_mixin.py:190} INFO - [2025-06-10T08:16:51.843+0000] {dag.py:4180} INFO - Setting next_dagrun for fist_dag_using_python_operator_v06 to 2025-04-01 00:00:00+00:00, run_after=2025-04-02 00:00:00+00:00
[2025-06-10T08:16:51.895+0000] {processor.py:208} INFO - Processing /opt/airflow/dags/create_dag_with_python_operator.py took 0.223 seconds
[2025-06-10T08:17:22.594+0000] {processor.py:186} INFO - Started process (PID=2952) to work on /opt/airflow/dags/create_dag_with_python_operator.py
[2025-06-10T08:17:22.595+0000] {processor.py:914} INFO - Processing file /opt/airflow/dags/create_dag_with_python_operator.py for tasks to queue
[2025-06-10T08:17:22.598+0000] {logging_mixin.py:190} INFO - [2025-06-10T08:17:22.597+0000] {dagbag.py:588} INFO - Filling up the DagBag from /opt/airflow/dags/create_dag_with_python_operator.py
[2025-06-10T08:17:22.626+0000] {processor.py:925} INFO - DAG(s) 'fist_dag_using_python_operator_v06' retrieved from /opt/airflow/dags/create_dag_with_python_operator.py
[2025-06-10T08:17:22.657+0000] {logging_mixin.py:190} INFO - [2025-06-10T08:17:22.657+0000] {dag.py:3239} INFO - Sync 1 DAGs
[2025-06-10T08:17:22.706+0000] {logging_mixin.py:190} INFO - [2025-06-10T08:17:22.705+0000] {dag.py:4180} INFO - Setting next_dagrun for fist_dag_using_python_operator_v06 to 2025-04-01 00:00:00+00:00, run_after=2025-04-02 00:00:00+00:00
[2025-06-10T08:17:22.737+0000] {processor.py:208} INFO - Processing /opt/airflow/dags/create_dag_with_python_operator.py took 0.151 seconds
[2025-06-10T08:17:53.429+0000] {processor.py:186} INFO - Started process (PID=3008) to work on /opt/airflow/dags/create_dag_with_python_operator.py
[2025-06-10T08:17:53.431+0000] {processor.py:914} INFO - Processing file /opt/airflow/dags/create_dag_with_python_operator.py for tasks to queue
[2025-06-10T08:17:53.433+0000] {logging_mixin.py:190} INFO - [2025-06-10T08:17:53.432+0000] {dagbag.py:588} INFO - Filling up the DagBag from /opt/airflow/dags/create_dag_with_python_operator.py
[2025-06-10T08:17:53.459+0000] {processor.py:925} INFO - DAG(s) 'fist_dag_using_python_operator_v06' retrieved from /opt/airflow/dags/create_dag_with_python_operator.py
[2025-06-10T08:17:53.496+0000] {logging_mixin.py:190} INFO - [2025-06-10T08:17:53.496+0000] {dag.py:3239} INFO - Sync 1 DAGs
[2025-06-10T08:17:53.537+0000] {logging_mixin.py:190} INFO - [2025-06-10T08:17:53.537+0000] {dag.py:4180} INFO - Setting next_dagrun for fist_dag_using_python_operator_v06 to 2025-04-01 00:00:00+00:00, run_after=2025-04-02 00:00:00+00:00
[2025-06-10T08:17:53.574+0000] {processor.py:208} INFO - Processing /opt/airflow/dags/create_dag_with_python_operator.py took 0.152 seconds
[2025-06-10T08:18:24.132+0000] {processor.py:186} INFO - Started process (PID=3064) to work on /opt/airflow/dags/create_dag_with_python_operator.py
[2025-06-10T08:18:24.135+0000] {processor.py:914} INFO - Processing file /opt/airflow/dags/create_dag_with_python_operator.py for tasks to queue
[2025-06-10T08:18:24.137+0000] {logging_mixin.py:190} INFO - [2025-06-10T08:18:24.137+0000] {dagbag.py:588} INFO - Filling up the DagBag from /opt/airflow/dags/create_dag_with_python_operator.py
[2025-06-10T08:18:24.200+0000] {processor.py:925} INFO - DAG(s) 'fist_dag_using_python_operator_v06' retrieved from /opt/airflow/dags/create_dag_with_python_operator.py
[2025-06-10T08:18:24.289+0000] {logging_mixin.py:190} INFO - [2025-06-10T08:18:24.288+0000] {dag.py:3239} INFO - Sync 1 DAGs
[2025-06-10T08:18:24.412+0000] {logging_mixin.py:190} INFO - [2025-06-10T08:18:24.411+0000] {dag.py:4180} INFO - Setting next_dagrun for fist_dag_using_python_operator_v06 to 2025-04-01 00:00:00+00:00, run_after=2025-04-02 00:00:00+00:00
[2025-06-10T08:18:24.531+0000] {processor.py:208} INFO - Processing /opt/airflow/dags/create_dag_with_python_operator.py took 0.414 seconds
[2025-06-10T08:18:54.924+0000] {processor.py:186} INFO - Started process (PID=3121) to work on /opt/airflow/dags/create_dag_with_python_operator.py
[2025-06-10T08:18:54.927+0000] {processor.py:914} INFO - Processing file /opt/airflow/dags/create_dag_with_python_operator.py for tasks to queue
[2025-06-10T08:18:54.930+0000] {logging_mixin.py:190} INFO - [2025-06-10T08:18:54.929+0000] {dagbag.py:588} INFO - Filling up the DagBag from /opt/airflow/dags/create_dag_with_python_operator.py
[2025-06-10T08:18:54.973+0000] {processor.py:925} INFO - DAG(s) 'fist_dag_using_python_operator_v06' retrieved from /opt/airflow/dags/create_dag_with_python_operator.py
[2025-06-10T08:18:55.028+0000] {logging_mixin.py:190} INFO - [2025-06-10T08:18:55.027+0000] {dag.py:3239} INFO - Sync 1 DAGs
[2025-06-10T08:18:55.079+0000] {logging_mixin.py:190} INFO - [2025-06-10T08:18:55.079+0000] {dag.py:4180} INFO - Setting next_dagrun for fist_dag_using_python_operator_v06 to 2025-04-01 00:00:00+00:00, run_after=2025-04-02 00:00:00+00:00
[2025-06-10T08:18:55.114+0000] {processor.py:208} INFO - Processing /opt/airflow/dags/create_dag_with_python_operator.py took 0.202 seconds
[2025-06-10T08:19:25.537+0000] {processor.py:186} INFO - Started process (PID=3177) to work on /opt/airflow/dags/create_dag_with_python_operator.py
[2025-06-10T08:19:25.539+0000] {processor.py:914} INFO - Processing file /opt/airflow/dags/create_dag_with_python_operator.py for tasks to queue
[2025-06-10T08:19:25.542+0000] {logging_mixin.py:190} INFO - [2025-06-10T08:19:25.541+0000] {dagbag.py:588} INFO - Filling up the DagBag from /opt/airflow/dags/create_dag_with_python_operator.py
[2025-06-10T08:19:25.591+0000] {processor.py:925} INFO - DAG(s) 'fist_dag_using_python_operator_v06' retrieved from /opt/airflow/dags/create_dag_with_python_operator.py
[2025-06-10T08:19:25.641+0000] {logging_mixin.py:190} INFO - [2025-06-10T08:19:25.640+0000] {dag.py:3239} INFO - Sync 1 DAGs
[2025-06-10T08:19:25.720+0000] {logging_mixin.py:190} INFO - [2025-06-10T08:19:25.719+0000] {dag.py:4180} INFO - Setting next_dagrun for fist_dag_using_python_operator_v06 to 2025-04-01 00:00:00+00:00, run_after=2025-04-02 00:00:00+00:00
[2025-06-10T08:19:25.781+0000] {processor.py:208} INFO - Processing /opt/airflow/dags/create_dag_with_python_operator.py took 0.253 seconds
[2025-06-10T08:19:56.268+0000] {processor.py:186} INFO - Started process (PID=3234) to work on /opt/airflow/dags/create_dag_with_python_operator.py
[2025-06-10T08:19:56.270+0000] {processor.py:914} INFO - Processing file /opt/airflow/dags/create_dag_with_python_operator.py for tasks to queue
[2025-06-10T08:19:56.275+0000] {logging_mixin.py:190} INFO - [2025-06-10T08:19:56.274+0000] {dagbag.py:588} INFO - Filling up the DagBag from /opt/airflow/dags/create_dag_with_python_operator.py
[2025-06-10T08:19:56.306+0000] {processor.py:925} INFO - DAG(s) 'fist_dag_using_python_operator_v06' retrieved from /opt/airflow/dags/create_dag_with_python_operator.py
[2025-06-10T08:19:56.358+0000] {logging_mixin.py:190} INFO - [2025-06-10T08:19:56.358+0000] {dag.py:3239} INFO - Sync 1 DAGs
[2025-06-10T08:19:56.412+0000] {logging_mixin.py:190} INFO - [2025-06-10T08:19:56.412+0000] {dag.py:4180} INFO - Setting next_dagrun for fist_dag_using_python_operator_v06 to 2025-04-01 00:00:00+00:00, run_after=2025-04-02 00:00:00+00:00
[2025-06-10T08:19:56.467+0000] {processor.py:208} INFO - Processing /opt/airflow/dags/create_dag_with_python_operator.py took 0.210 seconds
[2025-06-10T08:20:26.817+0000] {processor.py:186} INFO - Started process (PID=3290) to work on /opt/airflow/dags/create_dag_with_python_operator.py
[2025-06-10T08:20:26.819+0000] {processor.py:914} INFO - Processing file /opt/airflow/dags/create_dag_with_python_operator.py for tasks to queue
[2025-06-10T08:20:26.822+0000] {logging_mixin.py:190} INFO - [2025-06-10T08:20:26.821+0000] {dagbag.py:588} INFO - Filling up the DagBag from /opt/airflow/dags/create_dag_with_python_operator.py
[2025-06-10T08:20:26.864+0000] {processor.py:925} INFO - DAG(s) 'fist_dag_using_python_operator_v06' retrieved from /opt/airflow/dags/create_dag_with_python_operator.py
[2025-06-10T08:20:26.931+0000] {logging_mixin.py:190} INFO - [2025-06-10T08:20:26.930+0000] {dag.py:3239} INFO - Sync 1 DAGs
[2025-06-10T08:20:26.983+0000] {logging_mixin.py:190} INFO - [2025-06-10T08:20:26.983+0000] {dag.py:4180} INFO - Setting next_dagrun for fist_dag_using_python_operator_v06 to 2025-04-01 00:00:00+00:00, run_after=2025-04-02 00:00:00+00:00
[2025-06-10T08:20:27.019+0000] {processor.py:208} INFO - Processing /opt/airflow/dags/create_dag_with_python_operator.py took 0.214 seconds
[2025-06-10T08:20:57.389+0000] {processor.py:186} INFO - Started process (PID=3346) to work on /opt/airflow/dags/create_dag_with_python_operator.py
[2025-06-10T08:20:57.392+0000] {processor.py:914} INFO - Processing file /opt/airflow/dags/create_dag_with_python_operator.py for tasks to queue
[2025-06-10T08:20:57.396+0000] {logging_mixin.py:190} INFO - [2025-06-10T08:20:57.395+0000] {dagbag.py:588} INFO - Filling up the DagBag from /opt/airflow/dags/create_dag_with_python_operator.py
[2025-06-10T08:20:57.447+0000] {processor.py:925} INFO - DAG(s) 'fist_dag_using_python_operator_v06' retrieved from /opt/airflow/dags/create_dag_with_python_operator.py
[2025-06-10T08:20:57.493+0000] {logging_mixin.py:190} INFO - [2025-06-10T08:20:57.493+0000] {dag.py:3239} INFO - Sync 1 DAGs
[2025-06-10T08:20:57.546+0000] {logging_mixin.py:190} INFO - [2025-06-10T08:20:57.545+0000] {dag.py:4180} INFO - Setting next_dagrun for fist_dag_using_python_operator_v06 to 2025-04-01 00:00:00+00:00, run_after=2025-04-02 00:00:00+00:00
[2025-06-10T08:20:57.598+0000] {processor.py:208} INFO - Processing /opt/airflow/dags/create_dag_with_python_operator.py took 0.222 seconds
[2025-06-10T08:21:28.154+0000] {processor.py:186} INFO - Started process (PID=3402) to work on /opt/airflow/dags/create_dag_with_python_operator.py
[2025-06-10T08:21:28.156+0000] {processor.py:914} INFO - Processing file /opt/airflow/dags/create_dag_with_python_operator.py for tasks to queue
[2025-06-10T08:21:28.159+0000] {logging_mixin.py:190} INFO - [2025-06-10T08:21:28.159+0000] {dagbag.py:588} INFO - Filling up the DagBag from /opt/airflow/dags/create_dag_with_python_operator.py
[2025-06-10T08:21:28.200+0000] {processor.py:925} INFO - DAG(s) 'fist_dag_using_python_operator_v06' retrieved from /opt/airflow/dags/create_dag_with_python_operator.py
[2025-06-10T08:21:28.249+0000] {logging_mixin.py:190} INFO - [2025-06-10T08:21:28.249+0000] {dag.py:3239} INFO - Sync 1 DAGs
[2025-06-10T08:21:28.305+0000] {logging_mixin.py:190} INFO - [2025-06-10T08:21:28.305+0000] {dag.py:4180} INFO - Setting next_dagrun for fist_dag_using_python_operator_v06 to 2025-04-01 00:00:00+00:00, run_after=2025-04-02 00:00:00+00:00
[2025-06-10T08:21:28.362+0000] {processor.py:208} INFO - Processing /opt/airflow/dags/create_dag_with_python_operator.py took 0.216 seconds
[2025-06-10T08:21:58.705+0000] {processor.py:186} INFO - Started process (PID=3458) to work on /opt/airflow/dags/create_dag_with_python_operator.py
[2025-06-10T08:21:58.707+0000] {processor.py:914} INFO - Processing file /opt/airflow/dags/create_dag_with_python_operator.py for tasks to queue
[2025-06-10T08:21:58.711+0000] {logging_mixin.py:190} INFO - [2025-06-10T08:21:58.711+0000] {dagbag.py:588} INFO - Filling up the DagBag from /opt/airflow/dags/create_dag_with_python_operator.py
[2025-06-10T08:21:58.956+0000] {processor.py:925} INFO - DAG(s) 'fist_dag_using_python_operator_v06' retrieved from /opt/airflow/dags/create_dag_with_python_operator.py
[2025-06-10T08:21:59.071+0000] {logging_mixin.py:190} INFO - [2025-06-10T08:21:59.067+0000] {dag.py:3239} INFO - Sync 1 DAGs
[2025-06-10T08:21:59.185+0000] {logging_mixin.py:190} INFO - [2025-06-10T08:21:59.185+0000] {dag.py:4180} INFO - Setting next_dagrun for fist_dag_using_python_operator_v06 to 2025-04-01 00:00:00+00:00, run_after=2025-04-02 00:00:00+00:00
[2025-06-10T08:21:59.366+0000] {processor.py:208} INFO - Processing /opt/airflow/dags/create_dag_with_python_operator.py took 0.676 seconds
