[2025-06-10T07:44:27.206+0000] {processor.py:186} INFO - Started process (PID=196) to work on /opt/airflow/dags/dag_with_python_dependencies.py
[2025-06-10T07:44:27.216+0000] {processor.py:914} INFO - Processing file /opt/airflow/dags/dag_with_python_dependencies.py for tasks to queue
[2025-06-10T07:44:27.220+0000] {logging_mixin.py:190} INFO - [2025-06-10T07:44:27.220+0000] {dagbag.py:588} INFO - Filling up the DagBag from /opt/airflow/dags/dag_with_python_dependencies.py
[2025-06-10T07:44:27.286+0000] {processor.py:925} INFO - DAG(s) 'dag_with_python_dependencies_v03' retrieved from /opt/airflow/dags/dag_with_python_dependencies.py
[2025-06-10T07:44:27.395+0000] {logging_mixin.py:190} INFO - [2025-06-10T07:44:27.394+0000] {dag.py:3239} INFO - Sync 1 DAGs
[2025-06-10T07:44:27.567+0000] {logging_mixin.py:190} INFO - [2025-06-10T07:44:27.567+0000] {dag.py:4180} INFO - Setting next_dagrun for dag_with_python_dependencies_v03 to 2025-04-08 00:00:00+00:00, run_after=2025-04-09 00:00:00+00:00
[2025-06-10T07:44:27.829+0000] {processor.py:208} INFO - Processing /opt/airflow/dags/dag_with_python_dependencies.py took 0.644 seconds
[2025-06-10T07:44:58.434+0000] {processor.py:186} INFO - Started process (PID=252) to work on /opt/airflow/dags/dag_with_python_dependencies.py
[2025-06-10T07:44:58.457+0000] {processor.py:914} INFO - Processing file /opt/airflow/dags/dag_with_python_dependencies.py for tasks to queue
[2025-06-10T07:44:58.473+0000] {logging_mixin.py:190} INFO - [2025-06-10T07:44:58.472+0000] {dagbag.py:588} INFO - Filling up the DagBag from /opt/airflow/dags/dag_with_python_dependencies.py
[2025-06-10T07:44:58.558+0000] {processor.py:925} INFO - DAG(s) 'dag_with_python_dependencies_v03' retrieved from /opt/airflow/dags/dag_with_python_dependencies.py
[2025-06-10T07:44:58.669+0000] {logging_mixin.py:190} INFO - [2025-06-10T07:44:58.668+0000] {dag.py:3239} INFO - Sync 1 DAGs
[2025-06-10T07:44:58.812+0000] {logging_mixin.py:190} INFO - [2025-06-10T07:44:58.811+0000] {dag.py:4180} INFO - Setting next_dagrun for dag_with_python_dependencies_v03 to 2025-04-08 00:00:00+00:00, run_after=2025-04-09 00:00:00+00:00
[2025-06-10T07:44:58.929+0000] {processor.py:208} INFO - Processing /opt/airflow/dags/dag_with_python_dependencies.py took 0.522 seconds
[2025-06-10T07:45:29.459+0000] {processor.py:186} INFO - Started process (PID=308) to work on /opt/airflow/dags/dag_with_python_dependencies.py
[2025-06-10T07:45:29.462+0000] {processor.py:914} INFO - Processing file /opt/airflow/dags/dag_with_python_dependencies.py for tasks to queue
[2025-06-10T07:45:29.476+0000] {logging_mixin.py:190} INFO - [2025-06-10T07:45:29.475+0000] {dagbag.py:588} INFO - Filling up the DagBag from /opt/airflow/dags/dag_with_python_dependencies.py
[2025-06-10T07:45:29.564+0000] {processor.py:925} INFO - DAG(s) 'dag_with_python_dependencies_v03' retrieved from /opt/airflow/dags/dag_with_python_dependencies.py
[2025-06-10T07:45:29.718+0000] {logging_mixin.py:190} INFO - [2025-06-10T07:45:29.717+0000] {dag.py:3239} INFO - Sync 1 DAGs
[2025-06-10T07:45:29.811+0000] {logging_mixin.py:190} INFO - [2025-06-10T07:45:29.810+0000] {dag.py:4180} INFO - Setting next_dagrun for dag_with_python_dependencies_v03 to 2025-04-08 00:00:00+00:00, run_after=2025-04-09 00:00:00+00:00
[2025-06-10T07:45:29.876+0000] {processor.py:208} INFO - Processing /opt/airflow/dags/dag_with_python_dependencies.py took 0.443 seconds
[2025-06-10T07:46:00.519+0000] {processor.py:186} INFO - Started process (PID=364) to work on /opt/airflow/dags/dag_with_python_dependencies.py
[2025-06-10T07:46:00.521+0000] {processor.py:914} INFO - Processing file /opt/airflow/dags/dag_with_python_dependencies.py for tasks to queue
[2025-06-10T07:46:00.528+0000] {logging_mixin.py:190} INFO - [2025-06-10T07:46:00.527+0000] {dagbag.py:588} INFO - Filling up the DagBag from /opt/airflow/dags/dag_with_python_dependencies.py
[2025-06-10T07:46:00.593+0000] {processor.py:925} INFO - DAG(s) 'dag_with_python_dependencies_v03' retrieved from /opt/airflow/dags/dag_with_python_dependencies.py
[2025-06-10T07:46:00.657+0000] {logging_mixin.py:190} INFO - [2025-06-10T07:46:00.657+0000] {dag.py:3239} INFO - Sync 1 DAGs
[2025-06-10T07:46:00.789+0000] {logging_mixin.py:190} INFO - [2025-06-10T07:46:00.788+0000] {dag.py:4180} INFO - Setting next_dagrun for dag_with_python_dependencies_v03 to 2025-04-08 00:00:00+00:00, run_after=2025-04-09 00:00:00+00:00
[2025-06-10T07:46:00.921+0000] {processor.py:208} INFO - Processing /opt/airflow/dags/dag_with_python_dependencies.py took 0.416 seconds
[2025-06-10T07:46:31.321+0000] {processor.py:186} INFO - Started process (PID=427) to work on /opt/airflow/dags/dag_with_python_dependencies.py
[2025-06-10T07:46:31.322+0000] {processor.py:914} INFO - Processing file /opt/airflow/dags/dag_with_python_dependencies.py for tasks to queue
[2025-06-10T07:46:31.326+0000] {logging_mixin.py:190} INFO - [2025-06-10T07:46:31.326+0000] {dagbag.py:588} INFO - Filling up the DagBag from /opt/airflow/dags/dag_with_python_dependencies.py
[2025-06-10T07:46:31.366+0000] {processor.py:925} INFO - DAG(s) 'dag_with_python_dependencies_v03' retrieved from /opt/airflow/dags/dag_with_python_dependencies.py
[2025-06-10T07:46:31.413+0000] {logging_mixin.py:190} INFO - [2025-06-10T07:46:31.412+0000] {dag.py:3239} INFO - Sync 1 DAGs
[2025-06-10T07:46:31.462+0000] {logging_mixin.py:190} INFO - [2025-06-10T07:46:31.462+0000] {dag.py:4180} INFO - Setting next_dagrun for dag_with_python_dependencies_v03 to 2025-04-08 00:00:00+00:00, run_after=2025-04-09 00:00:00+00:00
[2025-06-10T07:46:31.504+0000] {processor.py:208} INFO - Processing /opt/airflow/dags/dag_with_python_dependencies.py took 0.194 seconds
[2025-06-10T07:47:02.102+0000] {processor.py:186} INFO - Started process (PID=483) to work on /opt/airflow/dags/dag_with_python_dependencies.py
[2025-06-10T07:47:02.104+0000] {processor.py:914} INFO - Processing file /opt/airflow/dags/dag_with_python_dependencies.py for tasks to queue
[2025-06-10T07:47:02.108+0000] {logging_mixin.py:190} INFO - [2025-06-10T07:47:02.108+0000] {dagbag.py:588} INFO - Filling up the DagBag from /opt/airflow/dags/dag_with_python_dependencies.py
[2025-06-10T07:47:02.144+0000] {processor.py:925} INFO - DAG(s) 'dag_with_python_dependencies_v03' retrieved from /opt/airflow/dags/dag_with_python_dependencies.py
[2025-06-10T07:47:02.185+0000] {logging_mixin.py:190} INFO - [2025-06-10T07:47:02.185+0000] {dag.py:3239} INFO - Sync 1 DAGs
[2025-06-10T07:47:02.229+0000] {logging_mixin.py:190} INFO - [2025-06-10T07:47:02.228+0000] {dag.py:4180} INFO - Setting next_dagrun for dag_with_python_dependencies_v03 to 2025-04-08 00:00:00+00:00, run_after=2025-04-09 00:00:00+00:00
[2025-06-10T07:47:02.275+0000] {processor.py:208} INFO - Processing /opt/airflow/dags/dag_with_python_dependencies.py took 0.185 seconds
[2025-06-10T07:47:33.148+0000] {processor.py:186} INFO - Started process (PID=539) to work on /opt/airflow/dags/dag_with_python_dependencies.py
[2025-06-10T07:47:33.173+0000] {processor.py:914} INFO - Processing file /opt/airflow/dags/dag_with_python_dependencies.py for tasks to queue
[2025-06-10T07:47:33.180+0000] {logging_mixin.py:190} INFO - [2025-06-10T07:47:33.179+0000] {dagbag.py:588} INFO - Filling up the DagBag from /opt/airflow/dags/dag_with_python_dependencies.py
[2025-06-10T07:47:33.255+0000] {processor.py:925} INFO - DAG(s) 'dag_with_python_dependencies_v03' retrieved from /opt/airflow/dags/dag_with_python_dependencies.py
[2025-06-10T07:47:33.322+0000] {logging_mixin.py:190} INFO - [2025-06-10T07:47:33.322+0000] {dag.py:3239} INFO - Sync 1 DAGs
[2025-06-10T07:47:33.419+0000] {logging_mixin.py:190} INFO - [2025-06-10T07:47:33.418+0000] {dag.py:4180} INFO - Setting next_dagrun for dag_with_python_dependencies_v03 to 2025-04-08 00:00:00+00:00, run_after=2025-04-09 00:00:00+00:00
[2025-06-10T07:47:33.502+0000] {processor.py:208} INFO - Processing /opt/airflow/dags/dag_with_python_dependencies.py took 0.379 seconds
[2025-06-10T07:48:03.953+0000] {processor.py:186} INFO - Started process (PID=602) to work on /opt/airflow/dags/dag_with_python_dependencies.py
[2025-06-10T07:48:03.970+0000] {processor.py:914} INFO - Processing file /opt/airflow/dags/dag_with_python_dependencies.py for tasks to queue
[2025-06-10T07:48:03.990+0000] {logging_mixin.py:190} INFO - [2025-06-10T07:48:03.984+0000] {dagbag.py:588} INFO - Filling up the DagBag from /opt/airflow/dags/dag_with_python_dependencies.py
[2025-06-10T07:48:04.184+0000] {processor.py:925} INFO - DAG(s) 'dag_with_python_dependencies_v03' retrieved from /opt/airflow/dags/dag_with_python_dependencies.py
[2025-06-10T07:48:04.260+0000] {logging_mixin.py:190} INFO - [2025-06-10T07:48:04.259+0000] {dag.py:3239} INFO - Sync 1 DAGs
[2025-06-10T07:48:04.356+0000] {logging_mixin.py:190} INFO - [2025-06-10T07:48:04.355+0000] {dag.py:4180} INFO - Setting next_dagrun for dag_with_python_dependencies_v03 to 2025-04-08 00:00:00+00:00, run_after=2025-04-09 00:00:00+00:00
[2025-06-10T07:48:04.403+0000] {processor.py:208} INFO - Processing /opt/airflow/dags/dag_with_python_dependencies.py took 0.475 seconds
[2025-06-10T07:48:35.121+0000] {processor.py:186} INFO - Started process (PID=658) to work on /opt/airflow/dags/dag_with_python_dependencies.py
[2025-06-10T07:48:35.125+0000] {processor.py:914} INFO - Processing file /opt/airflow/dags/dag_with_python_dependencies.py for tasks to queue
[2025-06-10T07:48:35.134+0000] {logging_mixin.py:190} INFO - [2025-06-10T07:48:35.132+0000] {dagbag.py:588} INFO - Filling up the DagBag from /opt/airflow/dags/dag_with_python_dependencies.py
[2025-06-10T07:48:35.216+0000] {processor.py:925} INFO - DAG(s) 'dag_with_python_dependencies_v03' retrieved from /opt/airflow/dags/dag_with_python_dependencies.py
[2025-06-10T07:48:35.364+0000] {logging_mixin.py:190} INFO - [2025-06-10T07:48:35.363+0000] {dag.py:3239} INFO - Sync 1 DAGs
[2025-06-10T07:48:35.516+0000] {logging_mixin.py:190} INFO - [2025-06-10T07:48:35.516+0000] {dag.py:4180} INFO - Setting next_dagrun for dag_with_python_dependencies_v03 to 2025-04-08 00:00:00+00:00, run_after=2025-04-09 00:00:00+00:00
[2025-06-10T07:48:35.658+0000] {processor.py:208} INFO - Processing /opt/airflow/dags/dag_with_python_dependencies.py took 0.552 seconds
[2025-06-10T07:49:06.658+0000] {processor.py:186} INFO - Started process (PID=714) to work on /opt/airflow/dags/dag_with_python_dependencies.py
[2025-06-10T07:49:06.659+0000] {processor.py:914} INFO - Processing file /opt/airflow/dags/dag_with_python_dependencies.py for tasks to queue
[2025-06-10T07:49:06.663+0000] {logging_mixin.py:190} INFO - [2025-06-10T07:49:06.662+0000] {dagbag.py:588} INFO - Filling up the DagBag from /opt/airflow/dags/dag_with_python_dependencies.py
[2025-06-10T07:49:06.700+0000] {processor.py:925} INFO - DAG(s) 'dag_with_python_dependencies_v03' retrieved from /opt/airflow/dags/dag_with_python_dependencies.py
[2025-06-10T07:49:06.747+0000] {logging_mixin.py:190} INFO - [2025-06-10T07:49:06.746+0000] {dag.py:3239} INFO - Sync 1 DAGs
[2025-06-10T07:49:06.795+0000] {logging_mixin.py:190} INFO - [2025-06-10T07:49:06.795+0000] {dag.py:4180} INFO - Setting next_dagrun for dag_with_python_dependencies_v03 to 2025-04-08 00:00:00+00:00, run_after=2025-04-09 00:00:00+00:00
[2025-06-10T07:49:06.831+0000] {processor.py:208} INFO - Processing /opt/airflow/dags/dag_with_python_dependencies.py took 0.184 seconds
[2025-06-10T07:49:37.544+0000] {processor.py:186} INFO - Started process (PID=770) to work on /opt/airflow/dags/dag_with_python_dependencies.py
[2025-06-10T07:49:37.546+0000] {processor.py:914} INFO - Processing file /opt/airflow/dags/dag_with_python_dependencies.py for tasks to queue
[2025-06-10T07:49:37.551+0000] {logging_mixin.py:190} INFO - [2025-06-10T07:49:37.550+0000] {dagbag.py:588} INFO - Filling up the DagBag from /opt/airflow/dags/dag_with_python_dependencies.py
[2025-06-10T07:49:37.600+0000] {processor.py:925} INFO - DAG(s) 'dag_with_python_dependencies_v03' retrieved from /opt/airflow/dags/dag_with_python_dependencies.py
[2025-06-10T07:49:37.654+0000] {logging_mixin.py:190} INFO - [2025-06-10T07:49:37.654+0000] {dag.py:3239} INFO - Sync 1 DAGs
[2025-06-10T07:49:37.717+0000] {logging_mixin.py:190} INFO - [2025-06-10T07:49:37.717+0000] {dag.py:4180} INFO - Setting next_dagrun for dag_with_python_dependencies_v03 to 2025-04-08 00:00:00+00:00, run_after=2025-04-09 00:00:00+00:00
[2025-06-10T07:49:37.774+0000] {processor.py:208} INFO - Processing /opt/airflow/dags/dag_with_python_dependencies.py took 0.242 seconds
[2025-06-10T07:52:41.097+0000] {processor.py:186} INFO - Started process (PID=177) to work on /opt/airflow/dags/dag_with_python_dependencies.py
[2025-06-10T07:52:41.099+0000] {processor.py:914} INFO - Processing file /opt/airflow/dags/dag_with_python_dependencies.py for tasks to queue
[2025-06-10T07:52:41.104+0000] {logging_mixin.py:190} INFO - [2025-06-10T07:52:41.104+0000] {dagbag.py:588} INFO - Filling up the DagBag from /opt/airflow/dags/dag_with_python_dependencies.py
[2025-06-10T07:52:41.187+0000] {processor.py:925} INFO - DAG(s) 'dag_with_python_dependencies_v03' retrieved from /opt/airflow/dags/dag_with_python_dependencies.py
[2025-06-10T07:52:41.271+0000] {logging_mixin.py:190} INFO - [2025-06-10T07:52:41.271+0000] {dag.py:3239} INFO - Sync 1 DAGs
[2025-06-10T07:52:41.362+0000] {logging_mixin.py:190} INFO - [2025-06-10T07:52:41.358+0000] {dag.py:4180} INFO - Setting next_dagrun for dag_with_python_dependencies_v03 to 2025-04-08 00:00:00+00:00, run_after=2025-04-09 00:00:00+00:00
[2025-06-10T07:52:41.411+0000] {processor.py:208} INFO - Processing /opt/airflow/dags/dag_with_python_dependencies.py took 0.338 seconds
[2025-06-10T07:53:11.541+0000] {processor.py:186} INFO - Started process (PID=232) to work on /opt/airflow/dags/dag_with_python_dependencies.py
[2025-06-10T07:53:11.542+0000] {processor.py:914} INFO - Processing file /opt/airflow/dags/dag_with_python_dependencies.py for tasks to queue
[2025-06-10T07:53:11.547+0000] {logging_mixin.py:190} INFO - [2025-06-10T07:53:11.546+0000] {dagbag.py:588} INFO - Filling up the DagBag from /opt/airflow/dags/dag_with_python_dependencies.py
[2025-06-10T07:53:11.592+0000] {processor.py:925} INFO - DAG(s) 'dag_with_python_dependencies_v03' retrieved from /opt/airflow/dags/dag_with_python_dependencies.py
[2025-06-10T07:53:11.677+0000] {logging_mixin.py:190} INFO - [2025-06-10T07:53:11.677+0000] {dag.py:3239} INFO - Sync 1 DAGs
[2025-06-10T07:53:11.765+0000] {logging_mixin.py:190} INFO - [2025-06-10T07:53:11.765+0000] {dag.py:4180} INFO - Setting next_dagrun for dag_with_python_dependencies_v03 to 2025-04-08 00:00:00+00:00, run_after=2025-04-09 00:00:00+00:00
[2025-06-10T07:53:11.826+0000] {processor.py:208} INFO - Processing /opt/airflow/dags/dag_with_python_dependencies.py took 0.295 seconds
[2025-06-10T07:53:42.080+0000] {processor.py:186} INFO - Started process (PID=303) to work on /opt/airflow/dags/dag_with_python_dependencies.py
[2025-06-10T07:53:42.082+0000] {processor.py:914} INFO - Processing file /opt/airflow/dags/dag_with_python_dependencies.py for tasks to queue
[2025-06-10T07:53:42.090+0000] {logging_mixin.py:190} INFO - [2025-06-10T07:53:42.089+0000] {dagbag.py:588} INFO - Filling up the DagBag from /opt/airflow/dags/dag_with_python_dependencies.py
[2025-06-10T07:53:42.123+0000] {processor.py:925} INFO - DAG(s) 'dag_with_python_dependencies_v03' retrieved from /opt/airflow/dags/dag_with_python_dependencies.py
[2025-06-10T07:53:42.183+0000] {logging_mixin.py:190} INFO - [2025-06-10T07:53:42.183+0000] {dag.py:3239} INFO - Sync 1 DAGs
[2025-06-10T07:53:42.249+0000] {logging_mixin.py:190} INFO - [2025-06-10T07:53:42.248+0000] {dag.py:4180} INFO - Setting next_dagrun for dag_with_python_dependencies_v03 to 2025-04-08 00:00:00+00:00, run_after=2025-04-09 00:00:00+00:00
[2025-06-10T07:53:42.288+0000] {processor.py:208} INFO - Processing /opt/airflow/dags/dag_with_python_dependencies.py took 0.218 seconds
[2025-06-10T07:54:12.455+0000] {processor.py:186} INFO - Started process (PID=357) to work on /opt/airflow/dags/dag_with_python_dependencies.py
[2025-06-10T07:54:12.458+0000] {processor.py:914} INFO - Processing file /opt/airflow/dags/dag_with_python_dependencies.py for tasks to queue
[2025-06-10T07:54:12.462+0000] {logging_mixin.py:190} INFO - [2025-06-10T07:54:12.461+0000] {dagbag.py:588} INFO - Filling up the DagBag from /opt/airflow/dags/dag_with_python_dependencies.py
[2025-06-10T07:54:12.538+0000] {processor.py:925} INFO - DAG(s) 'dag_with_python_dependencies_v03' retrieved from /opt/airflow/dags/dag_with_python_dependencies.py
[2025-06-10T07:54:12.583+0000] {logging_mixin.py:190} INFO - [2025-06-10T07:54:12.583+0000] {dag.py:3239} INFO - Sync 1 DAGs
[2025-06-10T07:54:12.632+0000] {logging_mixin.py:190} INFO - [2025-06-10T07:54:12.632+0000] {dag.py:4180} INFO - Setting next_dagrun for dag_with_python_dependencies_v03 to 2025-04-08 00:00:00+00:00, run_after=2025-04-09 00:00:00+00:00
[2025-06-10T07:54:12.677+0000] {processor.py:208} INFO - Processing /opt/airflow/dags/dag_with_python_dependencies.py took 0.234 seconds
[2025-06-10T07:54:43.121+0000] {processor.py:186} INFO - Started process (PID=413) to work on /opt/airflow/dags/dag_with_python_dependencies.py
[2025-06-10T07:54:43.123+0000] {processor.py:914} INFO - Processing file /opt/airflow/dags/dag_with_python_dependencies.py for tasks to queue
[2025-06-10T07:54:43.127+0000] {logging_mixin.py:190} INFO - [2025-06-10T07:54:43.126+0000] {dagbag.py:588} INFO - Filling up the DagBag from /opt/airflow/dags/dag_with_python_dependencies.py
[2025-06-10T07:54:43.202+0000] {processor.py:925} INFO - DAG(s) 'dag_with_python_dependencies_v03' retrieved from /opt/airflow/dags/dag_with_python_dependencies.py
[2025-06-10T07:54:43.275+0000] {logging_mixin.py:190} INFO - [2025-06-10T07:54:43.274+0000] {dag.py:3239} INFO - Sync 1 DAGs
[2025-06-10T07:54:43.344+0000] {logging_mixin.py:190} INFO - [2025-06-10T07:54:43.344+0000] {dag.py:4180} INFO - Setting next_dagrun for dag_with_python_dependencies_v03 to 2025-04-08 00:00:00+00:00, run_after=2025-04-09 00:00:00+00:00
[2025-06-10T07:54:43.392+0000] {processor.py:208} INFO - Processing /opt/airflow/dags/dag_with_python_dependencies.py took 0.285 seconds
[2025-06-10T07:55:13.824+0000] {processor.py:186} INFO - Started process (PID=469) to work on /opt/airflow/dags/dag_with_python_dependencies.py
[2025-06-10T07:55:13.829+0000] {processor.py:914} INFO - Processing file /opt/airflow/dags/dag_with_python_dependencies.py for tasks to queue
[2025-06-10T07:55:13.838+0000] {logging_mixin.py:190} INFO - [2025-06-10T07:55:13.837+0000] {dagbag.py:588} INFO - Filling up the DagBag from /opt/airflow/dags/dag_with_python_dependencies.py
[2025-06-10T07:55:13.891+0000] {processor.py:925} INFO - DAG(s) 'dag_with_python_dependencies_v03' retrieved from /opt/airflow/dags/dag_with_python_dependencies.py
[2025-06-10T07:55:13.942+0000] {logging_mixin.py:190} INFO - [2025-06-10T07:55:13.941+0000] {dag.py:3239} INFO - Sync 1 DAGs
[2025-06-10T07:55:14.011+0000] {logging_mixin.py:190} INFO - [2025-06-10T07:55:14.010+0000] {dag.py:4180} INFO - Setting next_dagrun for dag_with_python_dependencies_v03 to 2025-04-08 00:00:00+00:00, run_after=2025-04-09 00:00:00+00:00
[2025-06-10T07:55:14.057+0000] {processor.py:208} INFO - Processing /opt/airflow/dags/dag_with_python_dependencies.py took 0.258 seconds
[2025-06-10T07:55:44.251+0000] {processor.py:186} INFO - Started process (PID=532) to work on /opt/airflow/dags/dag_with_python_dependencies.py
[2025-06-10T07:55:44.253+0000] {processor.py:914} INFO - Processing file /opt/airflow/dags/dag_with_python_dependencies.py for tasks to queue
[2025-06-10T07:55:44.256+0000] {logging_mixin.py:190} INFO - [2025-06-10T07:55:44.255+0000] {dagbag.py:588} INFO - Filling up the DagBag from /opt/airflow/dags/dag_with_python_dependencies.py
[2025-06-10T07:55:44.294+0000] {processor.py:925} INFO - DAG(s) 'dag_with_python_dependencies_v03' retrieved from /opt/airflow/dags/dag_with_python_dependencies.py
[2025-06-10T07:55:44.348+0000] {logging_mixin.py:190} INFO - [2025-06-10T07:55:44.347+0000] {dag.py:3239} INFO - Sync 1 DAGs
[2025-06-10T07:55:44.457+0000] {logging_mixin.py:190} INFO - [2025-06-10T07:55:44.457+0000] {dag.py:4180} INFO - Setting next_dagrun for dag_with_python_dependencies_v03 to 2025-04-08 00:00:00+00:00, run_after=2025-04-09 00:00:00+00:00
[2025-06-10T07:55:44.519+0000] {processor.py:208} INFO - Processing /opt/airflow/dags/dag_with_python_dependencies.py took 0.278 seconds
[2025-06-10T07:56:15.093+0000] {processor.py:186} INFO - Started process (PID=588) to work on /opt/airflow/dags/dag_with_python_dependencies.py
[2025-06-10T07:56:15.094+0000] {processor.py:914} INFO - Processing file /opt/airflow/dags/dag_with_python_dependencies.py for tasks to queue
[2025-06-10T07:56:15.097+0000] {logging_mixin.py:190} INFO - [2025-06-10T07:56:15.096+0000] {dagbag.py:588} INFO - Filling up the DagBag from /opt/airflow/dags/dag_with_python_dependencies.py
[2025-06-10T07:56:15.156+0000] {processor.py:925} INFO - DAG(s) 'dag_with_python_dependencies_v03' retrieved from /opt/airflow/dags/dag_with_python_dependencies.py
[2025-06-10T07:56:15.258+0000] {logging_mixin.py:190} INFO - [2025-06-10T07:56:15.257+0000] {dag.py:3239} INFO - Sync 1 DAGs
[2025-06-10T07:56:15.407+0000] {logging_mixin.py:190} INFO - [2025-06-10T07:56:15.406+0000] {dag.py:4180} INFO - Setting next_dagrun for dag_with_python_dependencies_v03 to 2025-04-08 00:00:00+00:00, run_after=2025-04-09 00:00:00+00:00
[2025-06-10T07:56:15.498+0000] {processor.py:208} INFO - Processing /opt/airflow/dags/dag_with_python_dependencies.py took 0.420 seconds
[2025-06-10T07:56:45.981+0000] {processor.py:186} INFO - Started process (PID=653) to work on /opt/airflow/dags/dag_with_python_dependencies.py
[2025-06-10T07:56:45.997+0000] {processor.py:914} INFO - Processing file /opt/airflow/dags/dag_with_python_dependencies.py for tasks to queue
[2025-06-10T07:56:46.004+0000] {logging_mixin.py:190} INFO - [2025-06-10T07:56:46.003+0000] {dagbag.py:588} INFO - Filling up the DagBag from /opt/airflow/dags/dag_with_python_dependencies.py
[2025-06-10T07:56:46.081+0000] {processor.py:925} INFO - DAG(s) 'dag_with_python_dependencies_v03' retrieved from /opt/airflow/dags/dag_with_python_dependencies.py
[2025-06-10T07:56:46.238+0000] {logging_mixin.py:190} INFO - [2025-06-10T07:56:46.237+0000] {dag.py:3239} INFO - Sync 1 DAGs
[2025-06-10T07:56:46.310+0000] {logging_mixin.py:190} INFO - [2025-06-10T07:56:46.310+0000] {dag.py:4180} INFO - Setting next_dagrun for dag_with_python_dependencies_v03 to 2025-04-08 00:00:00+00:00, run_after=2025-04-09 00:00:00+00:00
[2025-06-10T07:56:46.348+0000] {processor.py:208} INFO - Processing /opt/airflow/dags/dag_with_python_dependencies.py took 0.389 seconds
[2025-06-10T07:57:16.494+0000] {processor.py:186} INFO - Started process (PID=712) to work on /opt/airflow/dags/dag_with_python_dependencies.py
[2025-06-10T07:57:16.496+0000] {processor.py:914} INFO - Processing file /opt/airflow/dags/dag_with_python_dependencies.py for tasks to queue
[2025-06-10T07:57:16.500+0000] {logging_mixin.py:190} INFO - [2025-06-10T07:57:16.499+0000] {dagbag.py:588} INFO - Filling up the DagBag from /opt/airflow/dags/dag_with_python_dependencies.py
[2025-06-10T07:57:16.586+0000] {processor.py:925} INFO - DAG(s) 'dag_with_python_dependencies_v03' retrieved from /opt/airflow/dags/dag_with_python_dependencies.py
[2025-06-10T07:57:16.644+0000] {logging_mixin.py:190} INFO - [2025-06-10T07:57:16.643+0000] {dag.py:3239} INFO - Sync 1 DAGs
[2025-06-10T07:57:16.726+0000] {logging_mixin.py:190} INFO - [2025-06-10T07:57:16.725+0000] {dag.py:4180} INFO - Setting next_dagrun for dag_with_python_dependencies_v03 to 2025-04-08 00:00:00+00:00, run_after=2025-04-09 00:00:00+00:00
[2025-06-10T07:57:16.780+0000] {processor.py:208} INFO - Processing /opt/airflow/dags/dag_with_python_dependencies.py took 0.300 seconds
[2025-06-10T07:57:47.033+0000] {processor.py:186} INFO - Started process (PID=780) to work on /opt/airflow/dags/dag_with_python_dependencies.py
[2025-06-10T07:57:47.035+0000] {processor.py:914} INFO - Processing file /opt/airflow/dags/dag_with_python_dependencies.py for tasks to queue
[2025-06-10T07:57:47.038+0000] {logging_mixin.py:190} INFO - [2025-06-10T07:57:47.037+0000] {dagbag.py:588} INFO - Filling up the DagBag from /opt/airflow/dags/dag_with_python_dependencies.py
[2025-06-10T07:57:47.077+0000] {processor.py:925} INFO - DAG(s) 'dag_with_python_dependencies_v03' retrieved from /opt/airflow/dags/dag_with_python_dependencies.py
[2025-06-10T07:57:47.121+0000] {logging_mixin.py:190} INFO - [2025-06-10T07:57:47.121+0000] {dag.py:3239} INFO - Sync 1 DAGs
[2025-06-10T07:57:47.179+0000] {logging_mixin.py:190} INFO - [2025-06-10T07:57:47.178+0000] {dag.py:4180} INFO - Setting next_dagrun for dag_with_python_dependencies_v03 to 2025-04-08 00:00:00+00:00, run_after=2025-04-09 00:00:00+00:00
[2025-06-10T07:57:47.224+0000] {processor.py:208} INFO - Processing /opt/airflow/dags/dag_with_python_dependencies.py took 0.216 seconds
[2025-06-10T07:58:17.445+0000] {processor.py:186} INFO - Started process (PID=837) to work on /opt/airflow/dags/dag_with_python_dependencies.py
[2025-06-10T07:58:17.448+0000] {processor.py:914} INFO - Processing file /opt/airflow/dags/dag_with_python_dependencies.py for tasks to queue
[2025-06-10T07:58:17.451+0000] {logging_mixin.py:190} INFO - [2025-06-10T07:58:17.450+0000] {dagbag.py:588} INFO - Filling up the DagBag from /opt/airflow/dags/dag_with_python_dependencies.py
[2025-06-10T07:58:17.493+0000] {processor.py:925} INFO - DAG(s) 'dag_with_python_dependencies_v03' retrieved from /opt/airflow/dags/dag_with_python_dependencies.py
[2025-06-10T07:58:17.551+0000] {logging_mixin.py:190} INFO - [2025-06-10T07:58:17.550+0000] {dag.py:3239} INFO - Sync 1 DAGs
[2025-06-10T07:58:17.635+0000] {logging_mixin.py:190} INFO - [2025-06-10T07:58:17.635+0000] {dag.py:4180} INFO - Setting next_dagrun for dag_with_python_dependencies_v03 to 2025-04-08 00:00:00+00:00, run_after=2025-04-09 00:00:00+00:00
[2025-06-10T07:58:17.726+0000] {processor.py:208} INFO - Processing /opt/airflow/dags/dag_with_python_dependencies.py took 0.293 seconds
[2025-06-10T07:58:48.082+0000] {processor.py:186} INFO - Started process (PID=891) to work on /opt/airflow/dags/dag_with_python_dependencies.py
[2025-06-10T07:58:48.084+0000] {processor.py:914} INFO - Processing file /opt/airflow/dags/dag_with_python_dependencies.py for tasks to queue
[2025-06-10T07:58:48.087+0000] {logging_mixin.py:190} INFO - [2025-06-10T07:58:48.086+0000] {dagbag.py:588} INFO - Filling up the DagBag from /opt/airflow/dags/dag_with_python_dependencies.py
[2025-06-10T07:58:48.148+0000] {processor.py:925} INFO - DAG(s) 'dag_with_python_dependencies_v03' retrieved from /opt/airflow/dags/dag_with_python_dependencies.py
[2025-06-10T07:58:48.206+0000] {logging_mixin.py:190} INFO - [2025-06-10T07:58:48.205+0000] {dag.py:3239} INFO - Sync 1 DAGs
[2025-06-10T07:58:48.270+0000] {logging_mixin.py:190} INFO - [2025-06-10T07:58:48.269+0000] {dag.py:4180} INFO - Setting next_dagrun for dag_with_python_dependencies_v03 to 2025-04-08 00:00:00+00:00, run_after=2025-04-09 00:00:00+00:00
[2025-06-10T07:58:48.322+0000] {processor.py:208} INFO - Processing /opt/airflow/dags/dag_with_python_dependencies.py took 0.258 seconds
[2025-06-10T07:59:18.626+0000] {processor.py:186} INFO - Started process (PID=949) to work on /opt/airflow/dags/dag_with_python_dependencies.py
[2025-06-10T07:59:18.628+0000] {processor.py:914} INFO - Processing file /opt/airflow/dags/dag_with_python_dependencies.py for tasks to queue
[2025-06-10T07:59:18.631+0000] {logging_mixin.py:190} INFO - [2025-06-10T07:59:18.630+0000] {dagbag.py:588} INFO - Filling up the DagBag from /opt/airflow/dags/dag_with_python_dependencies.py
[2025-06-10T07:59:18.677+0000] {processor.py:925} INFO - DAG(s) 'dag_with_python_dependencies_v03' retrieved from /opt/airflow/dags/dag_with_python_dependencies.py
[2025-06-10T07:59:18.727+0000] {logging_mixin.py:190} INFO - [2025-06-10T07:59:18.726+0000] {dag.py:3239} INFO - Sync 1 DAGs
[2025-06-10T07:59:18.782+0000] {logging_mixin.py:190} INFO - [2025-06-10T07:59:18.781+0000] {dag.py:4180} INFO - Setting next_dagrun for dag_with_python_dependencies_v03 to 2025-04-08 00:00:00+00:00, run_after=2025-04-09 00:00:00+00:00
[2025-06-10T07:59:18.828+0000] {processor.py:208} INFO - Processing /opt/airflow/dags/dag_with_python_dependencies.py took 0.213 seconds
[2025-06-10T07:59:49.444+0000] {processor.py:186} INFO - Started process (PID=1004) to work on /opt/airflow/dags/dag_with_python_dependencies.py
[2025-06-10T07:59:49.447+0000] {processor.py:914} INFO - Processing file /opt/airflow/dags/dag_with_python_dependencies.py for tasks to queue
[2025-06-10T07:59:49.451+0000] {logging_mixin.py:190} INFO - [2025-06-10T07:59:49.450+0000] {dagbag.py:588} INFO - Filling up the DagBag from /opt/airflow/dags/dag_with_python_dependencies.py
[2025-06-10T07:59:49.492+0000] {processor.py:925} INFO - DAG(s) 'dag_with_python_dependencies_v03' retrieved from /opt/airflow/dags/dag_with_python_dependencies.py
[2025-06-10T07:59:49.535+0000] {logging_mixin.py:190} INFO - [2025-06-10T07:59:49.534+0000] {dag.py:3239} INFO - Sync 1 DAGs
[2025-06-10T07:59:49.589+0000] {logging_mixin.py:190} INFO - [2025-06-10T07:59:49.588+0000] {dag.py:4180} INFO - Setting next_dagrun for dag_with_python_dependencies_v03 to 2025-04-08 00:00:00+00:00, run_after=2025-04-09 00:00:00+00:00
[2025-06-10T07:59:49.631+0000] {processor.py:208} INFO - Processing /opt/airflow/dags/dag_with_python_dependencies.py took 0.207 seconds
[2025-06-10T08:00:19.792+0000] {processor.py:186} INFO - Started process (PID=1060) to work on /opt/airflow/dags/dag_with_python_dependencies.py
[2025-06-10T08:00:19.794+0000] {processor.py:914} INFO - Processing file /opt/airflow/dags/dag_with_python_dependencies.py for tasks to queue
[2025-06-10T08:00:19.798+0000] {logging_mixin.py:190} INFO - [2025-06-10T08:00:19.797+0000] {dagbag.py:588} INFO - Filling up the DagBag from /opt/airflow/dags/dag_with_python_dependencies.py
[2025-06-10T08:00:19.871+0000] {processor.py:925} INFO - DAG(s) 'dag_with_python_dependencies_v03' retrieved from /opt/airflow/dags/dag_with_python_dependencies.py
[2025-06-10T08:00:20.000+0000] {logging_mixin.py:190} INFO - [2025-06-10T08:00:19.999+0000] {dag.py:3239} INFO - Sync 1 DAGs
[2025-06-10T08:00:20.085+0000] {logging_mixin.py:190} INFO - [2025-06-10T08:00:20.083+0000] {dag.py:4180} INFO - Setting next_dagrun for dag_with_python_dependencies_v03 to 2025-04-08 00:00:00+00:00, run_after=2025-04-09 00:00:00+00:00
[2025-06-10T08:00:20.140+0000] {processor.py:208} INFO - Processing /opt/airflow/dags/dag_with_python_dependencies.py took 0.361 seconds
[2025-06-10T08:00:50.786+0000] {processor.py:186} INFO - Started process (PID=1116) to work on /opt/airflow/dags/dag_with_python_dependencies.py
[2025-06-10T08:00:50.788+0000] {processor.py:914} INFO - Processing file /opt/airflow/dags/dag_with_python_dependencies.py for tasks to queue
[2025-06-10T08:00:50.793+0000] {logging_mixin.py:190} INFO - [2025-06-10T08:00:50.790+0000] {dagbag.py:588} INFO - Filling up the DagBag from /opt/airflow/dags/dag_with_python_dependencies.py
[2025-06-10T08:00:50.837+0000] {processor.py:925} INFO - DAG(s) 'dag_with_python_dependencies_v03' retrieved from /opt/airflow/dags/dag_with_python_dependencies.py
[2025-06-10T08:00:50.890+0000] {logging_mixin.py:190} INFO - [2025-06-10T08:00:50.890+0000] {dag.py:3239} INFO - Sync 1 DAGs
[2025-06-10T08:00:50.988+0000] {logging_mixin.py:190} INFO - [2025-06-10T08:00:50.988+0000] {dag.py:4180} INFO - Setting next_dagrun for dag_with_python_dependencies_v03 to 2025-04-08 00:00:00+00:00, run_after=2025-04-09 00:00:00+00:00
[2025-06-10T08:00:51.075+0000] {processor.py:208} INFO - Processing /opt/airflow/dags/dag_with_python_dependencies.py took 0.299 seconds
[2025-06-10T08:01:21.664+0000] {processor.py:186} INFO - Started process (PID=1172) to work on /opt/airflow/dags/dag_with_python_dependencies.py
[2025-06-10T08:01:21.668+0000] {processor.py:914} INFO - Processing file /opt/airflow/dags/dag_with_python_dependencies.py for tasks to queue
[2025-06-10T08:01:21.671+0000] {logging_mixin.py:190} INFO - [2025-06-10T08:01:21.670+0000] {dagbag.py:588} INFO - Filling up the DagBag from /opt/airflow/dags/dag_with_python_dependencies.py
[2025-06-10T08:01:21.715+0000] {processor.py:925} INFO - DAG(s) 'dag_with_python_dependencies_v03' retrieved from /opt/airflow/dags/dag_with_python_dependencies.py
[2025-06-10T08:01:21.777+0000] {logging_mixin.py:190} INFO - [2025-06-10T08:01:21.776+0000] {dag.py:3239} INFO - Sync 1 DAGs
[2025-06-10T08:01:21.865+0000] {logging_mixin.py:190} INFO - [2025-06-10T08:01:21.864+0000] {dag.py:4180} INFO - Setting next_dagrun for dag_with_python_dependencies_v03 to 2025-04-08 00:00:00+00:00, run_after=2025-04-09 00:00:00+00:00
[2025-06-10T08:01:21.920+0000] {processor.py:208} INFO - Processing /opt/airflow/dags/dag_with_python_dependencies.py took 0.265 seconds
[2025-06-10T08:01:52.300+0000] {processor.py:186} INFO - Started process (PID=1228) to work on /opt/airflow/dags/dag_with_python_dependencies.py
[2025-06-10T08:01:52.304+0000] {processor.py:914} INFO - Processing file /opt/airflow/dags/dag_with_python_dependencies.py for tasks to queue
[2025-06-10T08:01:52.307+0000] {logging_mixin.py:190} INFO - [2025-06-10T08:01:52.307+0000] {dagbag.py:588} INFO - Filling up the DagBag from /opt/airflow/dags/dag_with_python_dependencies.py
[2025-06-10T08:01:52.409+0000] {processor.py:925} INFO - DAG(s) 'dag_with_python_dependencies_v03' retrieved from /opt/airflow/dags/dag_with_python_dependencies.py
[2025-06-10T08:01:52.538+0000] {logging_mixin.py:190} INFO - [2025-06-10T08:01:52.538+0000] {dag.py:3239} INFO - Sync 1 DAGs
[2025-06-10T08:01:52.674+0000] {logging_mixin.py:190} INFO - [2025-06-10T08:01:52.673+0000] {dag.py:4180} INFO - Setting next_dagrun for dag_with_python_dependencies_v03 to 2025-04-08 00:00:00+00:00, run_after=2025-04-09 00:00:00+00:00
[2025-06-10T08:01:52.803+0000] {processor.py:208} INFO - Processing /opt/airflow/dags/dag_with_python_dependencies.py took 0.526 seconds
[2025-06-10T08:02:23.044+0000] {processor.py:186} INFO - Started process (PID=1285) to work on /opt/airflow/dags/dag_with_python_dependencies.py
[2025-06-10T08:02:23.051+0000] {processor.py:914} INFO - Processing file /opt/airflow/dags/dag_with_python_dependencies.py for tasks to queue
[2025-06-10T08:02:23.055+0000] {logging_mixin.py:190} INFO - [2025-06-10T08:02:23.054+0000] {dagbag.py:588} INFO - Filling up the DagBag from /opt/airflow/dags/dag_with_python_dependencies.py
[2025-06-10T08:02:23.125+0000] {processor.py:925} INFO - DAG(s) 'dag_with_python_dependencies_v03' retrieved from /opt/airflow/dags/dag_with_python_dependencies.py
[2025-06-10T08:02:23.182+0000] {logging_mixin.py:190} INFO - [2025-06-10T08:02:23.180+0000] {dag.py:3239} INFO - Sync 1 DAGs
[2025-06-10T08:02:23.251+0000] {logging_mixin.py:190} INFO - [2025-06-10T08:02:23.250+0000] {dag.py:4180} INFO - Setting next_dagrun for dag_with_python_dependencies_v03 to 2025-04-08 00:00:00+00:00, run_after=2025-04-09 00:00:00+00:00
[2025-06-10T08:02:23.302+0000] {processor.py:208} INFO - Processing /opt/airflow/dags/dag_with_python_dependencies.py took 0.275 seconds
[2025-06-10T08:02:53.765+0000] {processor.py:186} INFO - Started process (PID=1341) to work on /opt/airflow/dags/dag_with_python_dependencies.py
[2025-06-10T08:02:53.768+0000] {processor.py:914} INFO - Processing file /opt/airflow/dags/dag_with_python_dependencies.py for tasks to queue
[2025-06-10T08:02:53.771+0000] {logging_mixin.py:190} INFO - [2025-06-10T08:02:53.770+0000] {dagbag.py:588} INFO - Filling up the DagBag from /opt/airflow/dags/dag_with_python_dependencies.py
[2025-06-10T08:02:53.828+0000] {processor.py:925} INFO - DAG(s) 'dag_with_python_dependencies_v03' retrieved from /opt/airflow/dags/dag_with_python_dependencies.py
[2025-06-10T08:02:53.909+0000] {logging_mixin.py:190} INFO - [2025-06-10T08:02:53.909+0000] {dag.py:3239} INFO - Sync 1 DAGs
[2025-06-10T08:02:53.999+0000] {logging_mixin.py:190} INFO - [2025-06-10T08:02:53.998+0000] {dag.py:4180} INFO - Setting next_dagrun for dag_with_python_dependencies_v03 to 2025-04-08 00:00:00+00:00, run_after=2025-04-09 00:00:00+00:00
[2025-06-10T08:02:54.073+0000] {processor.py:208} INFO - Processing /opt/airflow/dags/dag_with_python_dependencies.py took 0.328 seconds
[2025-06-10T08:03:24.909+0000] {processor.py:186} INFO - Started process (PID=1397) to work on /opt/airflow/dags/dag_with_python_dependencies.py
[2025-06-10T08:03:24.912+0000] {processor.py:914} INFO - Processing file /opt/airflow/dags/dag_with_python_dependencies.py for tasks to queue
[2025-06-10T08:03:24.930+0000] {logging_mixin.py:190} INFO - [2025-06-10T08:03:24.929+0000] {dagbag.py:588} INFO - Filling up the DagBag from /opt/airflow/dags/dag_with_python_dependencies.py
[2025-06-10T08:03:25.025+0000] {processor.py:925} INFO - DAG(s) 'dag_with_python_dependencies_v03' retrieved from /opt/airflow/dags/dag_with_python_dependencies.py
[2025-06-10T08:03:25.102+0000] {logging_mixin.py:190} INFO - [2025-06-10T08:03:25.101+0000] {dag.py:3239} INFO - Sync 1 DAGs
[2025-06-10T08:03:25.320+0000] {logging_mixin.py:190} INFO - [2025-06-10T08:03:25.319+0000] {dag.py:4180} INFO - Setting next_dagrun for dag_with_python_dependencies_v03 to 2025-04-08 00:00:00+00:00, run_after=2025-04-09 00:00:00+00:00
[2025-06-10T08:03:25.458+0000] {processor.py:208} INFO - Processing /opt/airflow/dags/dag_with_python_dependencies.py took 0.575 seconds
[2025-06-10T08:03:56.160+0000] {processor.py:186} INFO - Started process (PID=1453) to work on /opt/airflow/dags/dag_with_python_dependencies.py
[2025-06-10T08:03:56.164+0000] {processor.py:914} INFO - Processing file /opt/airflow/dags/dag_with_python_dependencies.py for tasks to queue
[2025-06-10T08:03:56.166+0000] {logging_mixin.py:190} INFO - [2025-06-10T08:03:56.166+0000] {dagbag.py:588} INFO - Filling up the DagBag from /opt/airflow/dags/dag_with_python_dependencies.py
[2025-06-10T08:03:56.233+0000] {processor.py:925} INFO - DAG(s) 'dag_with_python_dependencies_v03' retrieved from /opt/airflow/dags/dag_with_python_dependencies.py
[2025-06-10T08:03:56.275+0000] {logging_mixin.py:190} INFO - [2025-06-10T08:03:56.275+0000] {dag.py:3239} INFO - Sync 1 DAGs
[2025-06-10T08:03:56.354+0000] {logging_mixin.py:190} INFO - [2025-06-10T08:03:56.354+0000] {dag.py:4180} INFO - Setting next_dagrun for dag_with_python_dependencies_v03 to 2025-04-08 00:00:00+00:00, run_after=2025-04-09 00:00:00+00:00
[2025-06-10T08:03:56.516+0000] {processor.py:208} INFO - Processing /opt/airflow/dags/dag_with_python_dependencies.py took 0.374 seconds
[2025-06-10T08:04:26.913+0000] {processor.py:186} INFO - Started process (PID=1511) to work on /opt/airflow/dags/dag_with_python_dependencies.py
[2025-06-10T08:04:26.915+0000] {processor.py:914} INFO - Processing file /opt/airflow/dags/dag_with_python_dependencies.py for tasks to queue
[2025-06-10T08:04:26.917+0000] {logging_mixin.py:190} INFO - [2025-06-10T08:04:26.917+0000] {dagbag.py:588} INFO - Filling up the DagBag from /opt/airflow/dags/dag_with_python_dependencies.py
[2025-06-10T08:04:26.953+0000] {processor.py:925} INFO - DAG(s) 'dag_with_python_dependencies_v03' retrieved from /opt/airflow/dags/dag_with_python_dependencies.py
[2025-06-10T08:04:27.000+0000] {logging_mixin.py:190} INFO - [2025-06-10T08:04:26.999+0000] {dag.py:3239} INFO - Sync 1 DAGs
[2025-06-10T08:04:27.065+0000] {logging_mixin.py:190} INFO - [2025-06-10T08:04:27.064+0000] {dag.py:4180} INFO - Setting next_dagrun for dag_with_python_dependencies_v03 to 2025-04-08 00:00:00+00:00, run_after=2025-04-09 00:00:00+00:00
[2025-06-10T08:04:27.130+0000] {processor.py:208} INFO - Processing /opt/airflow/dags/dag_with_python_dependencies.py took 0.225 seconds
[2025-06-10T08:04:57.384+0000] {processor.py:186} INFO - Started process (PID=1567) to work on /opt/airflow/dags/dag_with_python_dependencies.py
[2025-06-10T08:04:57.385+0000] {processor.py:914} INFO - Processing file /opt/airflow/dags/dag_with_python_dependencies.py for tasks to queue
[2025-06-10T08:04:57.387+0000] {logging_mixin.py:190} INFO - [2025-06-10T08:04:57.387+0000] {dagbag.py:588} INFO - Filling up the DagBag from /opt/airflow/dags/dag_with_python_dependencies.py
[2025-06-10T08:04:57.414+0000] {processor.py:925} INFO - DAG(s) 'dag_with_python_dependencies_v03' retrieved from /opt/airflow/dags/dag_with_python_dependencies.py
[2025-06-10T08:04:57.449+0000] {logging_mixin.py:190} INFO - [2025-06-10T08:04:57.449+0000] {dag.py:3239} INFO - Sync 1 DAGs
[2025-06-10T08:04:57.499+0000] {logging_mixin.py:190} INFO - [2025-06-10T08:04:57.499+0000] {dag.py:4180} INFO - Setting next_dagrun for dag_with_python_dependencies_v03 to 2025-04-08 00:00:00+00:00, run_after=2025-04-09 00:00:00+00:00
[2025-06-10T08:04:57.573+0000] {processor.py:208} INFO - Processing /opt/airflow/dags/dag_with_python_dependencies.py took 0.197 seconds
[2025-06-10T08:05:28.029+0000] {processor.py:186} INFO - Started process (PID=1621) to work on /opt/airflow/dags/dag_with_python_dependencies.py
[2025-06-10T08:05:28.031+0000] {processor.py:914} INFO - Processing file /opt/airflow/dags/dag_with_python_dependencies.py for tasks to queue
[2025-06-10T08:05:28.034+0000] {logging_mixin.py:190} INFO - [2025-06-10T08:05:28.034+0000] {dagbag.py:588} INFO - Filling up the DagBag from /opt/airflow/dags/dag_with_python_dependencies.py
[2025-06-10T08:05:28.126+0000] {processor.py:925} INFO - DAG(s) 'dag_with_python_dependencies_v03' retrieved from /opt/airflow/dags/dag_with_python_dependencies.py
[2025-06-10T08:05:28.211+0000] {logging_mixin.py:190} INFO - [2025-06-10T08:05:28.211+0000] {dag.py:3239} INFO - Sync 1 DAGs
[2025-06-10T08:05:28.326+0000] {logging_mixin.py:190} INFO - [2025-06-10T08:05:28.322+0000] {dag.py:4180} INFO - Setting next_dagrun for dag_with_python_dependencies_v03 to 2025-04-08 00:00:00+00:00, run_after=2025-04-09 00:00:00+00:00
[2025-06-10T08:05:28.414+0000] {processor.py:208} INFO - Processing /opt/airflow/dags/dag_with_python_dependencies.py took 0.406 seconds
[2025-06-10T08:05:58.710+0000] {processor.py:186} INFO - Started process (PID=1677) to work on /opt/airflow/dags/dag_with_python_dependencies.py
[2025-06-10T08:05:58.712+0000] {processor.py:914} INFO - Processing file /opt/airflow/dags/dag_with_python_dependencies.py for tasks to queue
[2025-06-10T08:05:58.716+0000] {logging_mixin.py:190} INFO - [2025-06-10T08:05:58.716+0000] {dagbag.py:588} INFO - Filling up the DagBag from /opt/airflow/dags/dag_with_python_dependencies.py
[2025-06-10T08:05:58.769+0000] {processor.py:925} INFO - DAG(s) 'dag_with_python_dependencies_v03' retrieved from /opt/airflow/dags/dag_with_python_dependencies.py
[2025-06-10T08:05:58.827+0000] {logging_mixin.py:190} INFO - [2025-06-10T08:05:58.827+0000] {dag.py:3239} INFO - Sync 1 DAGs
[2025-06-10T08:05:58.883+0000] {logging_mixin.py:190} INFO - [2025-06-10T08:05:58.883+0000] {dag.py:4180} INFO - Setting next_dagrun for dag_with_python_dependencies_v03 to 2025-04-08 00:00:00+00:00, run_after=2025-04-09 00:00:00+00:00
[2025-06-10T08:05:58.930+0000] {processor.py:208} INFO - Processing /opt/airflow/dags/dag_with_python_dependencies.py took 0.235 seconds
[2025-06-10T08:06:29.334+0000] {processor.py:186} INFO - Started process (PID=1733) to work on /opt/airflow/dags/dag_with_python_dependencies.py
[2025-06-10T08:06:29.336+0000] {processor.py:914} INFO - Processing file /opt/airflow/dags/dag_with_python_dependencies.py for tasks to queue
[2025-06-10T08:06:29.339+0000] {logging_mixin.py:190} INFO - [2025-06-10T08:06:29.338+0000] {dagbag.py:588} INFO - Filling up the DagBag from /opt/airflow/dags/dag_with_python_dependencies.py
[2025-06-10T08:06:29.386+0000] {processor.py:925} INFO - DAG(s) 'dag_with_python_dependencies_v03' retrieved from /opt/airflow/dags/dag_with_python_dependencies.py
[2025-06-10T08:06:29.430+0000] {logging_mixin.py:190} INFO - [2025-06-10T08:06:29.429+0000] {dag.py:3239} INFO - Sync 1 DAGs
[2025-06-10T08:06:29.479+0000] {logging_mixin.py:190} INFO - [2025-06-10T08:06:29.478+0000] {dag.py:4180} INFO - Setting next_dagrun for dag_with_python_dependencies_v03 to 2025-04-08 00:00:00+00:00, run_after=2025-04-09 00:00:00+00:00
[2025-06-10T08:06:29.516+0000] {processor.py:208} INFO - Processing /opt/airflow/dags/dag_with_python_dependencies.py took 0.194 seconds
[2025-06-10T08:06:59.842+0000] {processor.py:186} INFO - Started process (PID=1789) to work on /opt/airflow/dags/dag_with_python_dependencies.py
[2025-06-10T08:06:59.847+0000] {processor.py:914} INFO - Processing file /opt/airflow/dags/dag_with_python_dependencies.py for tasks to queue
[2025-06-10T08:06:59.850+0000] {logging_mixin.py:190} INFO - [2025-06-10T08:06:59.850+0000] {dagbag.py:588} INFO - Filling up the DagBag from /opt/airflow/dags/dag_with_python_dependencies.py
[2025-06-10T08:06:59.932+0000] {processor.py:925} INFO - DAG(s) 'dag_with_python_dependencies_v03' retrieved from /opt/airflow/dags/dag_with_python_dependencies.py
[2025-06-10T08:07:00.012+0000] {logging_mixin.py:190} INFO - [2025-06-10T08:07:00.012+0000] {dag.py:3239} INFO - Sync 1 DAGs
[2025-06-10T08:07:00.101+0000] {logging_mixin.py:190} INFO - [2025-06-10T08:07:00.100+0000] {dag.py:4180} INFO - Setting next_dagrun for dag_with_python_dependencies_v03 to 2025-04-08 00:00:00+00:00, run_after=2025-04-09 00:00:00+00:00
[2025-06-10T08:07:00.155+0000] {processor.py:208} INFO - Processing /opt/airflow/dags/dag_with_python_dependencies.py took 0.336 seconds
[2025-06-10T08:07:30.398+0000] {processor.py:186} INFO - Started process (PID=1845) to work on /opt/airflow/dags/dag_with_python_dependencies.py
[2025-06-10T08:07:30.399+0000] {processor.py:914} INFO - Processing file /opt/airflow/dags/dag_with_python_dependencies.py for tasks to queue
[2025-06-10T08:07:30.401+0000] {logging_mixin.py:190} INFO - [2025-06-10T08:07:30.401+0000] {dagbag.py:588} INFO - Filling up the DagBag from /opt/airflow/dags/dag_with_python_dependencies.py
[2025-06-10T08:07:30.444+0000] {processor.py:925} INFO - DAG(s) 'dag_with_python_dependencies_v03' retrieved from /opt/airflow/dags/dag_with_python_dependencies.py
[2025-06-10T08:07:30.524+0000] {logging_mixin.py:190} INFO - [2025-06-10T08:07:30.523+0000] {dag.py:3239} INFO - Sync 1 DAGs
[2025-06-10T08:07:30.619+0000] {logging_mixin.py:190} INFO - [2025-06-10T08:07:30.619+0000] {dag.py:4180} INFO - Setting next_dagrun for dag_with_python_dependencies_v03 to 2025-04-08 00:00:00+00:00, run_after=2025-04-09 00:00:00+00:00
[2025-06-10T08:07:30.704+0000] {processor.py:208} INFO - Processing /opt/airflow/dags/dag_with_python_dependencies.py took 0.315 seconds
[2025-06-10T08:08:00.944+0000] {processor.py:186} INFO - Started process (PID=1901) to work on /opt/airflow/dags/dag_with_python_dependencies.py
[2025-06-10T08:08:00.946+0000] {processor.py:914} INFO - Processing file /opt/airflow/dags/dag_with_python_dependencies.py for tasks to queue
[2025-06-10T08:08:00.958+0000] {logging_mixin.py:190} INFO - [2025-06-10T08:08:00.957+0000] {dagbag.py:588} INFO - Filling up the DagBag from /opt/airflow/dags/dag_with_python_dependencies.py
[2025-06-10T08:08:01.026+0000] {processor.py:925} INFO - DAG(s) 'dag_with_python_dependencies_v03' retrieved from /opt/airflow/dags/dag_with_python_dependencies.py
[2025-06-10T08:08:01.132+0000] {logging_mixin.py:190} INFO - [2025-06-10T08:08:01.131+0000] {dag.py:3239} INFO - Sync 1 DAGs
[2025-06-10T08:08:01.248+0000] {logging_mixin.py:190} INFO - [2025-06-10T08:08:01.247+0000] {dag.py:4180} INFO - Setting next_dagrun for dag_with_python_dependencies_v03 to 2025-04-08 00:00:00+00:00, run_after=2025-04-09 00:00:00+00:00
[2025-06-10T08:08:01.347+0000] {processor.py:208} INFO - Processing /opt/airflow/dags/dag_with_python_dependencies.py took 0.421 seconds
[2025-06-10T08:08:31.772+0000] {processor.py:186} INFO - Started process (PID=1957) to work on /opt/airflow/dags/dag_with_python_dependencies.py
[2025-06-10T08:08:31.773+0000] {processor.py:914} INFO - Processing file /opt/airflow/dags/dag_with_python_dependencies.py for tasks to queue
[2025-06-10T08:08:31.776+0000] {logging_mixin.py:190} INFO - [2025-06-10T08:08:31.775+0000] {dagbag.py:588} INFO - Filling up the DagBag from /opt/airflow/dags/dag_with_python_dependencies.py
[2025-06-10T08:08:31.822+0000] {processor.py:925} INFO - DAG(s) 'dag_with_python_dependencies_v03' retrieved from /opt/airflow/dags/dag_with_python_dependencies.py
[2025-06-10T08:08:31.878+0000] {logging_mixin.py:190} INFO - [2025-06-10T08:08:31.877+0000] {dag.py:3239} INFO - Sync 1 DAGs
[2025-06-10T08:08:31.984+0000] {logging_mixin.py:190} INFO - [2025-06-10T08:08:31.984+0000] {dag.py:4180} INFO - Setting next_dagrun for dag_with_python_dependencies_v03 to 2025-04-08 00:00:00+00:00, run_after=2025-04-09 00:00:00+00:00
[2025-06-10T08:08:32.041+0000] {processor.py:208} INFO - Processing /opt/airflow/dags/dag_with_python_dependencies.py took 0.281 seconds
[2025-06-10T08:09:02.824+0000] {processor.py:186} INFO - Started process (PID=2013) to work on /opt/airflow/dags/dag_with_python_dependencies.py
[2025-06-10T08:09:02.825+0000] {processor.py:914} INFO - Processing file /opt/airflow/dags/dag_with_python_dependencies.py for tasks to queue
[2025-06-10T08:09:02.829+0000] {logging_mixin.py:190} INFO - [2025-06-10T08:09:02.828+0000] {dagbag.py:588} INFO - Filling up the DagBag from /opt/airflow/dags/dag_with_python_dependencies.py
[2025-06-10T08:09:02.869+0000] {processor.py:925} INFO - DAG(s) 'dag_with_python_dependencies_v03' retrieved from /opt/airflow/dags/dag_with_python_dependencies.py
[2025-06-10T08:09:02.923+0000] {logging_mixin.py:190} INFO - [2025-06-10T08:09:02.922+0000] {dag.py:3239} INFO - Sync 1 DAGs
[2025-06-10T08:09:02.975+0000] {logging_mixin.py:190} INFO - [2025-06-10T08:09:02.974+0000] {dag.py:4180} INFO - Setting next_dagrun for dag_with_python_dependencies_v03 to 2025-04-08 00:00:00+00:00, run_after=2025-04-09 00:00:00+00:00
[2025-06-10T08:09:03.016+0000] {processor.py:208} INFO - Processing /opt/airflow/dags/dag_with_python_dependencies.py took 0.212 seconds
[2025-06-10T08:09:33.976+0000] {processor.py:186} INFO - Started process (PID=2069) to work on /opt/airflow/dags/dag_with_python_dependencies.py
[2025-06-10T08:09:33.980+0000] {processor.py:914} INFO - Processing file /opt/airflow/dags/dag_with_python_dependencies.py for tasks to queue
[2025-06-10T08:09:33.984+0000] {logging_mixin.py:190} INFO - [2025-06-10T08:09:33.983+0000] {dagbag.py:588} INFO - Filling up the DagBag from /opt/airflow/dags/dag_with_python_dependencies.py
[2025-06-10T08:09:34.057+0000] {processor.py:925} INFO - DAG(s) 'dag_with_python_dependencies_v03' retrieved from /opt/airflow/dags/dag_with_python_dependencies.py
[2025-06-10T08:09:34.112+0000] {logging_mixin.py:190} INFO - [2025-06-10T08:09:34.112+0000] {dag.py:3239} INFO - Sync 1 DAGs
[2025-06-10T08:09:34.187+0000] {logging_mixin.py:190} INFO - [2025-06-10T08:09:34.186+0000] {dag.py:4180} INFO - Setting next_dagrun for dag_with_python_dependencies_v03 to 2025-04-08 00:00:00+00:00, run_after=2025-04-09 00:00:00+00:00
[2025-06-10T08:09:34.243+0000] {processor.py:208} INFO - Processing /opt/airflow/dags/dag_with_python_dependencies.py took 0.300 seconds
[2025-06-10T08:10:04.970+0000] {processor.py:186} INFO - Started process (PID=2125) to work on /opt/airflow/dags/dag_with_python_dependencies.py
[2025-06-10T08:10:04.972+0000] {processor.py:914} INFO - Processing file /opt/airflow/dags/dag_with_python_dependencies.py for tasks to queue
[2025-06-10T08:10:04.974+0000] {logging_mixin.py:190} INFO - [2025-06-10T08:10:04.974+0000] {dagbag.py:588} INFO - Filling up the DagBag from /opt/airflow/dags/dag_with_python_dependencies.py
[2025-06-10T08:10:05.014+0000] {processor.py:925} INFO - DAG(s) 'dag_with_python_dependencies_v03' retrieved from /opt/airflow/dags/dag_with_python_dependencies.py
[2025-06-10T08:10:05.054+0000] {logging_mixin.py:190} INFO - [2025-06-10T08:10:05.053+0000] {dag.py:3239} INFO - Sync 1 DAGs
[2025-06-10T08:10:05.140+0000] {logging_mixin.py:190} INFO - [2025-06-10T08:10:05.139+0000] {dag.py:4180} INFO - Setting next_dagrun for dag_with_python_dependencies_v03 to 2025-04-08 00:00:00+00:00, run_after=2025-04-09 00:00:00+00:00
[2025-06-10T08:10:05.191+0000] {processor.py:208} INFO - Processing /opt/airflow/dags/dag_with_python_dependencies.py took 0.235 seconds
[2025-06-10T08:10:36.087+0000] {processor.py:186} INFO - Started process (PID=2181) to work on /opt/airflow/dags/dag_with_python_dependencies.py
[2025-06-10T08:10:36.089+0000] {processor.py:914} INFO - Processing file /opt/airflow/dags/dag_with_python_dependencies.py for tasks to queue
[2025-06-10T08:10:36.091+0000] {logging_mixin.py:190} INFO - [2025-06-10T08:10:36.090+0000] {dagbag.py:588} INFO - Filling up the DagBag from /opt/airflow/dags/dag_with_python_dependencies.py
[2025-06-10T08:10:36.135+0000] {processor.py:925} INFO - DAG(s) 'dag_with_python_dependencies_v03' retrieved from /opt/airflow/dags/dag_with_python_dependencies.py
[2025-06-10T08:10:36.182+0000] {logging_mixin.py:190} INFO - [2025-06-10T08:10:36.182+0000] {dag.py:3239} INFO - Sync 1 DAGs
[2025-06-10T08:10:36.246+0000] {logging_mixin.py:190} INFO - [2025-06-10T08:10:36.245+0000] {dag.py:4180} INFO - Setting next_dagrun for dag_with_python_dependencies_v03 to 2025-04-08 00:00:00+00:00, run_after=2025-04-09 00:00:00+00:00
[2025-06-10T08:10:36.297+0000] {processor.py:208} INFO - Processing /opt/airflow/dags/dag_with_python_dependencies.py took 0.222 seconds
[2025-06-10T08:11:06.486+0000] {processor.py:186} INFO - Started process (PID=2237) to work on /opt/airflow/dags/dag_with_python_dependencies.py
[2025-06-10T08:11:06.499+0000] {processor.py:914} INFO - Processing file /opt/airflow/dags/dag_with_python_dependencies.py for tasks to queue
[2025-06-10T08:11:06.502+0000] {logging_mixin.py:190} INFO - [2025-06-10T08:11:06.501+0000] {dagbag.py:588} INFO - Filling up the DagBag from /opt/airflow/dags/dag_with_python_dependencies.py
[2025-06-10T08:11:06.588+0000] {processor.py:925} INFO - DAG(s) 'dag_with_python_dependencies_v03' retrieved from /opt/airflow/dags/dag_with_python_dependencies.py
[2025-06-10T08:11:06.644+0000] {logging_mixin.py:190} INFO - [2025-06-10T08:11:06.643+0000] {dag.py:3239} INFO - Sync 1 DAGs
[2025-06-10T08:11:06.704+0000] {logging_mixin.py:190} INFO - [2025-06-10T08:11:06.703+0000] {dag.py:4180} INFO - Setting next_dagrun for dag_with_python_dependencies_v03 to 2025-04-08 00:00:00+00:00, run_after=2025-04-09 00:00:00+00:00
[2025-06-10T08:11:06.755+0000] {processor.py:208} INFO - Processing /opt/airflow/dags/dag_with_python_dependencies.py took 0.288 seconds
[2025-06-10T08:11:37.037+0000] {processor.py:186} INFO - Started process (PID=2293) to work on /opt/airflow/dags/dag_with_python_dependencies.py
[2025-06-10T08:11:37.040+0000] {processor.py:914} INFO - Processing file /opt/airflow/dags/dag_with_python_dependencies.py for tasks to queue
[2025-06-10T08:11:37.053+0000] {logging_mixin.py:190} INFO - [2025-06-10T08:11:37.043+0000] {dagbag.py:588} INFO - Filling up the DagBag from /opt/airflow/dags/dag_with_python_dependencies.py
[2025-06-10T08:11:37.147+0000] {processor.py:925} INFO - DAG(s) 'dag_with_python_dependencies_v03' retrieved from /opt/airflow/dags/dag_with_python_dependencies.py
[2025-06-10T08:11:37.291+0000] {logging_mixin.py:190} INFO - [2025-06-10T08:11:37.290+0000] {dag.py:3239} INFO - Sync 1 DAGs
[2025-06-10T08:11:37.392+0000] {logging_mixin.py:190} INFO - [2025-06-10T08:11:37.392+0000] {dag.py:4180} INFO - Setting next_dagrun for dag_with_python_dependencies_v03 to 2025-04-08 00:00:00+00:00, run_after=2025-04-09 00:00:00+00:00
[2025-06-10T08:11:37.494+0000] {processor.py:208} INFO - Processing /opt/airflow/dags/dag_with_python_dependencies.py took 0.497 seconds
[2025-06-10T08:12:08.014+0000] {processor.py:186} INFO - Started process (PID=2349) to work on /opt/airflow/dags/dag_with_python_dependencies.py
[2025-06-10T08:12:08.021+0000] {processor.py:914} INFO - Processing file /opt/airflow/dags/dag_with_python_dependencies.py for tasks to queue
[2025-06-10T08:12:08.024+0000] {logging_mixin.py:190} INFO - [2025-06-10T08:12:08.023+0000] {dagbag.py:588} INFO - Filling up the DagBag from /opt/airflow/dags/dag_with_python_dependencies.py
[2025-06-10T08:12:08.071+0000] {processor.py:925} INFO - DAG(s) 'dag_with_python_dependencies_v03' retrieved from /opt/airflow/dags/dag_with_python_dependencies.py
[2025-06-10T08:12:08.132+0000] {logging_mixin.py:190} INFO - [2025-06-10T08:12:08.131+0000] {dag.py:3239} INFO - Sync 1 DAGs
[2025-06-10T08:12:08.211+0000] {logging_mixin.py:190} INFO - [2025-06-10T08:12:08.207+0000] {dag.py:4180} INFO - Setting next_dagrun for dag_with_python_dependencies_v03 to 2025-04-08 00:00:00+00:00, run_after=2025-04-09 00:00:00+00:00
[2025-06-10T08:12:08.269+0000] {processor.py:208} INFO - Processing /opt/airflow/dags/dag_with_python_dependencies.py took 0.265 seconds
[2025-06-10T08:12:38.439+0000] {processor.py:186} INFO - Started process (PID=2405) to work on /opt/airflow/dags/dag_with_python_dependencies.py
[2025-06-10T08:12:38.440+0000] {processor.py:914} INFO - Processing file /opt/airflow/dags/dag_with_python_dependencies.py for tasks to queue
[2025-06-10T08:12:38.442+0000] {logging_mixin.py:190} INFO - [2025-06-10T08:12:38.442+0000] {dagbag.py:588} INFO - Filling up the DagBag from /opt/airflow/dags/dag_with_python_dependencies.py
[2025-06-10T08:12:38.473+0000] {processor.py:925} INFO - DAG(s) 'dag_with_python_dependencies_v03' retrieved from /opt/airflow/dags/dag_with_python_dependencies.py
[2025-06-10T08:12:38.513+0000] {logging_mixin.py:190} INFO - [2025-06-10T08:12:38.513+0000] {dag.py:3239} INFO - Sync 1 DAGs
[2025-06-10T08:12:38.572+0000] {logging_mixin.py:190} INFO - [2025-06-10T08:12:38.571+0000] {dag.py:4180} INFO - Setting next_dagrun for dag_with_python_dependencies_v03 to 2025-04-08 00:00:00+00:00, run_after=2025-04-09 00:00:00+00:00
[2025-06-10T08:12:38.611+0000] {processor.py:208} INFO - Processing /opt/airflow/dags/dag_with_python_dependencies.py took 0.181 seconds
[2025-06-10T08:13:09.545+0000] {processor.py:186} INFO - Started process (PID=2461) to work on /opt/airflow/dags/dag_with_python_dependencies.py
[2025-06-10T08:13:09.547+0000] {processor.py:914} INFO - Processing file /opt/airflow/dags/dag_with_python_dependencies.py for tasks to queue
[2025-06-10T08:13:09.549+0000] {logging_mixin.py:190} INFO - [2025-06-10T08:13:09.548+0000] {dagbag.py:588} INFO - Filling up the DagBag from /opt/airflow/dags/dag_with_python_dependencies.py
[2025-06-10T08:13:09.589+0000] {processor.py:925} INFO - DAG(s) 'dag_with_python_dependencies_v03' retrieved from /opt/airflow/dags/dag_with_python_dependencies.py
[2025-06-10T08:13:09.633+0000] {logging_mixin.py:190} INFO - [2025-06-10T08:13:09.633+0000] {dag.py:3239} INFO - Sync 1 DAGs
[2025-06-10T08:13:09.679+0000] {logging_mixin.py:190} INFO - [2025-06-10T08:13:09.678+0000] {dag.py:4180} INFO - Setting next_dagrun for dag_with_python_dependencies_v03 to 2025-04-08 00:00:00+00:00, run_after=2025-04-09 00:00:00+00:00
[2025-06-10T08:13:09.717+0000] {processor.py:208} INFO - Processing /opt/airflow/dags/dag_with_python_dependencies.py took 0.181 seconds
[2025-06-10T08:13:40.195+0000] {processor.py:186} INFO - Started process (PID=2517) to work on /opt/airflow/dags/dag_with_python_dependencies.py
[2025-06-10T08:13:40.197+0000] {processor.py:914} INFO - Processing file /opt/airflow/dags/dag_with_python_dependencies.py for tasks to queue
[2025-06-10T08:13:40.200+0000] {logging_mixin.py:190} INFO - [2025-06-10T08:13:40.199+0000] {dagbag.py:588} INFO - Filling up the DagBag from /opt/airflow/dags/dag_with_python_dependencies.py
[2025-06-10T08:13:40.232+0000] {processor.py:925} INFO - DAG(s) 'dag_with_python_dependencies_v03' retrieved from /opt/airflow/dags/dag_with_python_dependencies.py
[2025-06-10T08:13:40.268+0000] {logging_mixin.py:190} INFO - [2025-06-10T08:13:40.267+0000] {dag.py:3239} INFO - Sync 1 DAGs
[2025-06-10T08:13:40.308+0000] {logging_mixin.py:190} INFO - [2025-06-10T08:13:40.308+0000] {dag.py:4180} INFO - Setting next_dagrun for dag_with_python_dependencies_v03 to 2025-04-08 00:00:00+00:00, run_after=2025-04-09 00:00:00+00:00
[2025-06-10T08:13:40.342+0000] {processor.py:208} INFO - Processing /opt/airflow/dags/dag_with_python_dependencies.py took 0.157 seconds
[2025-06-10T08:14:10.851+0000] {processor.py:186} INFO - Started process (PID=2573) to work on /opt/airflow/dags/dag_with_python_dependencies.py
[2025-06-10T08:14:10.853+0000] {processor.py:914} INFO - Processing file /opt/airflow/dags/dag_with_python_dependencies.py for tasks to queue
[2025-06-10T08:14:10.856+0000] {logging_mixin.py:190} INFO - [2025-06-10T08:14:10.856+0000] {dagbag.py:588} INFO - Filling up the DagBag from /opt/airflow/dags/dag_with_python_dependencies.py
[2025-06-10T08:14:10.926+0000] {processor.py:925} INFO - DAG(s) 'dag_with_python_dependencies_v03' retrieved from /opt/airflow/dags/dag_with_python_dependencies.py
[2025-06-10T08:14:10.992+0000] {logging_mixin.py:190} INFO - [2025-06-10T08:14:10.992+0000] {dag.py:3239} INFO - Sync 1 DAGs
[2025-06-10T08:14:11.081+0000] {logging_mixin.py:190} INFO - [2025-06-10T08:14:11.081+0000] {dag.py:4180} INFO - Setting next_dagrun for dag_with_python_dependencies_v03 to 2025-04-08 00:00:00+00:00, run_after=2025-04-09 00:00:00+00:00
[2025-06-10T08:14:11.133+0000] {processor.py:208} INFO - Processing /opt/airflow/dags/dag_with_python_dependencies.py took 0.298 seconds
[2025-06-10T08:14:41.867+0000] {processor.py:186} INFO - Started process (PID=2629) to work on /opt/airflow/dags/dag_with_python_dependencies.py
[2025-06-10T08:14:41.870+0000] {processor.py:914} INFO - Processing file /opt/airflow/dags/dag_with_python_dependencies.py for tasks to queue
[2025-06-10T08:14:41.873+0000] {logging_mixin.py:190} INFO - [2025-06-10T08:14:41.872+0000] {dagbag.py:588} INFO - Filling up the DagBag from /opt/airflow/dags/dag_with_python_dependencies.py
[2025-06-10T08:14:41.912+0000] {processor.py:925} INFO - DAG(s) 'dag_with_python_dependencies_v03' retrieved from /opt/airflow/dags/dag_with_python_dependencies.py
[2025-06-10T08:14:41.956+0000] {logging_mixin.py:190} INFO - [2025-06-10T08:14:41.955+0000] {dag.py:3239} INFO - Sync 1 DAGs
[2025-06-10T08:14:42.018+0000] {logging_mixin.py:190} INFO - [2025-06-10T08:14:42.017+0000] {dag.py:4180} INFO - Setting next_dagrun for dag_with_python_dependencies_v03 to 2025-04-08 00:00:00+00:00, run_after=2025-04-09 00:00:00+00:00
[2025-06-10T08:14:42.067+0000] {processor.py:208} INFO - Processing /opt/airflow/dags/dag_with_python_dependencies.py took 0.211 seconds
[2025-06-10T08:15:12.480+0000] {processor.py:186} INFO - Started process (PID=2685) to work on /opt/airflow/dags/dag_with_python_dependencies.py
[2025-06-10T08:15:12.482+0000] {processor.py:914} INFO - Processing file /opt/airflow/dags/dag_with_python_dependencies.py for tasks to queue
[2025-06-10T08:15:12.486+0000] {logging_mixin.py:190} INFO - [2025-06-10T08:15:12.485+0000] {dagbag.py:588} INFO - Filling up the DagBag from /opt/airflow/dags/dag_with_python_dependencies.py
[2025-06-10T08:15:12.526+0000] {processor.py:925} INFO - DAG(s) 'dag_with_python_dependencies_v03' retrieved from /opt/airflow/dags/dag_with_python_dependencies.py
[2025-06-10T08:15:12.584+0000] {logging_mixin.py:190} INFO - [2025-06-10T08:15:12.583+0000] {dag.py:3239} INFO - Sync 1 DAGs
[2025-06-10T08:15:12.658+0000] {logging_mixin.py:190} INFO - [2025-06-10T08:15:12.657+0000] {dag.py:4180} INFO - Setting next_dagrun for dag_with_python_dependencies_v03 to 2025-04-08 00:00:00+00:00, run_after=2025-04-09 00:00:00+00:00
[2025-06-10T08:15:12.710+0000] {processor.py:208} INFO - Processing /opt/airflow/dags/dag_with_python_dependencies.py took 0.246 seconds
[2025-06-10T08:15:43.412+0000] {processor.py:186} INFO - Started process (PID=2741) to work on /opt/airflow/dags/dag_with_python_dependencies.py
[2025-06-10T08:15:43.414+0000] {processor.py:914} INFO - Processing file /opt/airflow/dags/dag_with_python_dependencies.py for tasks to queue
[2025-06-10T08:15:43.418+0000] {logging_mixin.py:190} INFO - [2025-06-10T08:15:43.417+0000] {dagbag.py:588} INFO - Filling up the DagBag from /opt/airflow/dags/dag_with_python_dependencies.py
[2025-06-10T08:15:43.462+0000] {processor.py:925} INFO - DAG(s) 'dag_with_python_dependencies_v03' retrieved from /opt/airflow/dags/dag_with_python_dependencies.py
[2025-06-10T08:15:43.505+0000] {logging_mixin.py:190} INFO - [2025-06-10T08:15:43.505+0000] {dag.py:3239} INFO - Sync 1 DAGs
[2025-06-10T08:15:43.556+0000] {logging_mixin.py:190} INFO - [2025-06-10T08:15:43.555+0000] {dag.py:4180} INFO - Setting next_dagrun for dag_with_python_dependencies_v03 to 2025-04-08 00:00:00+00:00, run_after=2025-04-09 00:00:00+00:00
[2025-06-10T08:15:43.592+0000] {processor.py:208} INFO - Processing /opt/airflow/dags/dag_with_python_dependencies.py took 0.192 seconds
[2025-06-10T08:16:13.956+0000] {processor.py:186} INFO - Started process (PID=2797) to work on /opt/airflow/dags/dag_with_python_dependencies.py
[2025-06-10T08:16:13.958+0000] {processor.py:914} INFO - Processing file /opt/airflow/dags/dag_with_python_dependencies.py for tasks to queue
[2025-06-10T08:16:13.963+0000] {logging_mixin.py:190} INFO - [2025-06-10T08:16:13.963+0000] {dagbag.py:588} INFO - Filling up the DagBag from /opt/airflow/dags/dag_with_python_dependencies.py
[2025-06-10T08:16:13.998+0000] {processor.py:925} INFO - DAG(s) 'dag_with_python_dependencies_v03' retrieved from /opt/airflow/dags/dag_with_python_dependencies.py
[2025-06-10T08:16:14.040+0000] {logging_mixin.py:190} INFO - [2025-06-10T08:16:14.039+0000] {dag.py:3239} INFO - Sync 1 DAGs
[2025-06-10T08:16:14.093+0000] {logging_mixin.py:190} INFO - [2025-06-10T08:16:14.093+0000] {dag.py:4180} INFO - Setting next_dagrun for dag_with_python_dependencies_v03 to 2025-04-08 00:00:00+00:00, run_after=2025-04-09 00:00:00+00:00
[2025-06-10T08:16:14.146+0000] {processor.py:208} INFO - Processing /opt/airflow/dags/dag_with_python_dependencies.py took 0.199 seconds
[2025-06-10T08:16:44.950+0000] {processor.py:186} INFO - Started process (PID=2853) to work on /opt/airflow/dags/dag_with_python_dependencies.py
[2025-06-10T08:16:44.952+0000] {processor.py:914} INFO - Processing file /opt/airflow/dags/dag_with_python_dependencies.py for tasks to queue
[2025-06-10T08:16:44.955+0000] {logging_mixin.py:190} INFO - [2025-06-10T08:16:44.954+0000] {dagbag.py:588} INFO - Filling up the DagBag from /opt/airflow/dags/dag_with_python_dependencies.py
[2025-06-10T08:16:44.996+0000] {processor.py:925} INFO - DAG(s) 'dag_with_python_dependencies_v03' retrieved from /opt/airflow/dags/dag_with_python_dependencies.py
[2025-06-10T08:16:45.055+0000] {logging_mixin.py:190} INFO - [2025-06-10T08:16:45.054+0000] {dag.py:3239} INFO - Sync 1 DAGs
[2025-06-10T08:16:45.129+0000] {logging_mixin.py:190} INFO - [2025-06-10T08:16:45.129+0000] {dag.py:4180} INFO - Setting next_dagrun for dag_with_python_dependencies_v03 to 2025-04-08 00:00:00+00:00, run_after=2025-04-09 00:00:00+00:00
[2025-06-10T08:16:45.189+0000] {processor.py:208} INFO - Processing /opt/airflow/dags/dag_with_python_dependencies.py took 0.252 seconds
[2025-06-10T08:17:15.562+0000] {processor.py:186} INFO - Started process (PID=2909) to work on /opt/airflow/dags/dag_with_python_dependencies.py
[2025-06-10T08:17:15.563+0000] {processor.py:914} INFO - Processing file /opt/airflow/dags/dag_with_python_dependencies.py for tasks to queue
[2025-06-10T08:17:15.576+0000] {logging_mixin.py:190} INFO - [2025-06-10T08:17:15.575+0000] {dagbag.py:588} INFO - Filling up the DagBag from /opt/airflow/dags/dag_with_python_dependencies.py
[2025-06-10T08:17:15.613+0000] {processor.py:925} INFO - DAG(s) 'dag_with_python_dependencies_v03' retrieved from /opt/airflow/dags/dag_with_python_dependencies.py
[2025-06-10T08:17:15.674+0000] {logging_mixin.py:190} INFO - [2025-06-10T08:17:15.674+0000] {dag.py:3239} INFO - Sync 1 DAGs
[2025-06-10T08:17:15.744+0000] {logging_mixin.py:190} INFO - [2025-06-10T08:17:15.742+0000] {dag.py:4180} INFO - Setting next_dagrun for dag_with_python_dependencies_v03 to 2025-04-08 00:00:00+00:00, run_after=2025-04-09 00:00:00+00:00
[2025-06-10T08:17:15.778+0000] {processor.py:208} INFO - Processing /opt/airflow/dags/dag_with_python_dependencies.py took 0.228 seconds
[2025-06-10T08:17:46.608+0000] {processor.py:186} INFO - Started process (PID=2971) to work on /opt/airflow/dags/dag_with_python_dependencies.py
[2025-06-10T08:17:46.611+0000] {processor.py:914} INFO - Processing file /opt/airflow/dags/dag_with_python_dependencies.py for tasks to queue
[2025-06-10T08:17:46.620+0000] {logging_mixin.py:190} INFO - [2025-06-10T08:17:46.618+0000] {dagbag.py:588} INFO - Filling up the DagBag from /opt/airflow/dags/dag_with_python_dependencies.py
[2025-06-10T08:17:46.683+0000] {processor.py:925} INFO - DAG(s) 'dag_with_python_dependencies_v03' retrieved from /opt/airflow/dags/dag_with_python_dependencies.py
[2025-06-10T08:17:46.743+0000] {logging_mixin.py:190} INFO - [2025-06-10T08:17:46.743+0000] {dag.py:3239} INFO - Sync 1 DAGs
[2025-06-10T08:17:46.818+0000] {logging_mixin.py:190} INFO - [2025-06-10T08:17:46.818+0000] {dag.py:4180} INFO - Setting next_dagrun for dag_with_python_dependencies_v03 to 2025-04-08 00:00:00+00:00, run_after=2025-04-09 00:00:00+00:00
[2025-06-10T08:17:46.885+0000] {processor.py:208} INFO - Processing /opt/airflow/dags/dag_with_python_dependencies.py took 0.299 seconds
[2025-06-10T08:18:17.408+0000] {processor.py:186} INFO - Started process (PID=3027) to work on /opt/airflow/dags/dag_with_python_dependencies.py
[2025-06-10T08:18:17.410+0000] {processor.py:914} INFO - Processing file /opt/airflow/dags/dag_with_python_dependencies.py for tasks to queue
[2025-06-10T08:18:17.413+0000] {logging_mixin.py:190} INFO - [2025-06-10T08:18:17.412+0000] {dagbag.py:588} INFO - Filling up the DagBag from /opt/airflow/dags/dag_with_python_dependencies.py
[2025-06-10T08:18:17.589+0000] {processor.py:925} INFO - DAG(s) 'dag_with_python_dependencies_v03' retrieved from /opt/airflow/dags/dag_with_python_dependencies.py
[2025-06-10T08:18:17.725+0000] {logging_mixin.py:190} INFO - [2025-06-10T08:18:17.724+0000] {dag.py:3239} INFO - Sync 1 DAGs
[2025-06-10T08:18:17.840+0000] {logging_mixin.py:190} INFO - [2025-06-10T08:18:17.839+0000] {dag.py:4180} INFO - Setting next_dagrun for dag_with_python_dependencies_v03 to 2025-04-08 00:00:00+00:00, run_after=2025-04-09 00:00:00+00:00
[2025-06-10T08:18:18.013+0000] {processor.py:208} INFO - Processing /opt/airflow/dags/dag_with_python_dependencies.py took 0.616 seconds
[2025-06-10T08:18:48.941+0000] {processor.py:186} INFO - Started process (PID=3084) to work on /opt/airflow/dags/dag_with_python_dependencies.py
[2025-06-10T08:18:48.944+0000] {processor.py:914} INFO - Processing file /opt/airflow/dags/dag_with_python_dependencies.py for tasks to queue
[2025-06-10T08:18:48.955+0000] {logging_mixin.py:190} INFO - [2025-06-10T08:18:48.954+0000] {dagbag.py:588} INFO - Filling up the DagBag from /opt/airflow/dags/dag_with_python_dependencies.py
[2025-06-10T08:18:49.013+0000] {processor.py:925} INFO - DAG(s) 'dag_with_python_dependencies_v03' retrieved from /opt/airflow/dags/dag_with_python_dependencies.py
[2025-06-10T08:18:49.080+0000] {logging_mixin.py:190} INFO - [2025-06-10T08:18:49.080+0000] {dag.py:3239} INFO - Sync 1 DAGs
[2025-06-10T08:18:49.152+0000] {logging_mixin.py:190} INFO - [2025-06-10T08:18:49.151+0000] {dag.py:4180} INFO - Setting next_dagrun for dag_with_python_dependencies_v03 to 2025-04-08 00:00:00+00:00, run_after=2025-04-09 00:00:00+00:00
[2025-06-10T08:18:49.215+0000] {processor.py:208} INFO - Processing /opt/airflow/dags/dag_with_python_dependencies.py took 0.294 seconds
[2025-06-10T08:19:19.495+0000] {processor.py:186} INFO - Started process (PID=3137) to work on /opt/airflow/dags/dag_with_python_dependencies.py
[2025-06-10T08:19:19.497+0000] {processor.py:914} INFO - Processing file /opt/airflow/dags/dag_with_python_dependencies.py for tasks to queue
[2025-06-10T08:19:19.501+0000] {logging_mixin.py:190} INFO - [2025-06-10T08:19:19.501+0000] {dagbag.py:588} INFO - Filling up the DagBag from /opt/airflow/dags/dag_with_python_dependencies.py
[2025-06-10T08:19:19.554+0000] {processor.py:925} INFO - DAG(s) 'dag_with_python_dependencies_v03' retrieved from /opt/airflow/dags/dag_with_python_dependencies.py
[2025-06-10T08:19:19.602+0000] {logging_mixin.py:190} INFO - [2025-06-10T08:19:19.602+0000] {dag.py:3239} INFO - Sync 1 DAGs
[2025-06-10T08:19:19.658+0000] {logging_mixin.py:190} INFO - [2025-06-10T08:19:19.657+0000] {dag.py:4180} INFO - Setting next_dagrun for dag_with_python_dependencies_v03 to 2025-04-08 00:00:00+00:00, run_after=2025-04-09 00:00:00+00:00
[2025-06-10T08:19:19.715+0000] {processor.py:208} INFO - Processing /opt/airflow/dags/dag_with_python_dependencies.py took 0.232 seconds
[2025-06-10T08:19:49.990+0000] {processor.py:186} INFO - Started process (PID=3194) to work on /opt/airflow/dags/dag_with_python_dependencies.py
[2025-06-10T08:19:49.991+0000] {processor.py:914} INFO - Processing file /opt/airflow/dags/dag_with_python_dependencies.py for tasks to queue
[2025-06-10T08:19:49.993+0000] {logging_mixin.py:190} INFO - [2025-06-10T08:19:49.993+0000] {dagbag.py:588} INFO - Filling up the DagBag from /opt/airflow/dags/dag_with_python_dependencies.py
[2025-06-10T08:19:50.028+0000] {processor.py:925} INFO - DAG(s) 'dag_with_python_dependencies_v03' retrieved from /opt/airflow/dags/dag_with_python_dependencies.py
[2025-06-10T08:19:50.068+0000] {logging_mixin.py:190} INFO - [2025-06-10T08:19:50.068+0000] {dag.py:3239} INFO - Sync 1 DAGs
[2025-06-10T08:19:50.113+0000] {logging_mixin.py:190} INFO - [2025-06-10T08:19:50.113+0000] {dag.py:4180} INFO - Setting next_dagrun for dag_with_python_dependencies_v03 to 2025-04-08 00:00:00+00:00, run_after=2025-04-09 00:00:00+00:00
[2025-06-10T08:19:50.152+0000] {processor.py:208} INFO - Processing /opt/airflow/dags/dag_with_python_dependencies.py took 0.171 seconds
[2025-06-10T08:20:20.255+0000] {processor.py:186} INFO - Started process (PID=3250) to work on /opt/airflow/dags/dag_with_python_dependencies.py
[2025-06-10T08:20:20.257+0000] {processor.py:914} INFO - Processing file /opt/airflow/dags/dag_with_python_dependencies.py for tasks to queue
[2025-06-10T08:20:20.260+0000] {logging_mixin.py:190} INFO - [2025-06-10T08:20:20.259+0000] {dagbag.py:588} INFO - Filling up the DagBag from /opt/airflow/dags/dag_with_python_dependencies.py
[2025-06-10T08:20:20.309+0000] {processor.py:925} INFO - DAG(s) 'dag_with_python_dependencies_v03' retrieved from /opt/airflow/dags/dag_with_python_dependencies.py
[2025-06-10T08:20:20.363+0000] {logging_mixin.py:190} INFO - [2025-06-10T08:20:20.363+0000] {dag.py:3239} INFO - Sync 1 DAGs
[2025-06-10T08:20:20.422+0000] {logging_mixin.py:190} INFO - [2025-06-10T08:20:20.421+0000] {dag.py:4180} INFO - Setting next_dagrun for dag_with_python_dependencies_v03 to 2025-04-08 00:00:00+00:00, run_after=2025-04-09 00:00:00+00:00
[2025-06-10T08:20:20.462+0000] {processor.py:208} INFO - Processing /opt/airflow/dags/dag_with_python_dependencies.py took 0.216 seconds
[2025-06-10T08:20:50.805+0000] {processor.py:186} INFO - Started process (PID=3306) to work on /opt/airflow/dags/dag_with_python_dependencies.py
[2025-06-10T08:20:50.806+0000] {processor.py:914} INFO - Processing file /opt/airflow/dags/dag_with_python_dependencies.py for tasks to queue
[2025-06-10T08:20:50.809+0000] {logging_mixin.py:190} INFO - [2025-06-10T08:20:50.809+0000] {dagbag.py:588} INFO - Filling up the DagBag from /opt/airflow/dags/dag_with_python_dependencies.py
[2025-06-10T08:20:50.841+0000] {processor.py:925} INFO - DAG(s) 'dag_with_python_dependencies_v03' retrieved from /opt/airflow/dags/dag_with_python_dependencies.py
[2025-06-10T08:20:50.905+0000] {logging_mixin.py:190} INFO - [2025-06-10T08:20:50.904+0000] {dag.py:3239} INFO - Sync 1 DAGs
[2025-06-10T08:20:50.968+0000] {logging_mixin.py:190} INFO - [2025-06-10T08:20:50.967+0000] {dag.py:4180} INFO - Setting next_dagrun for dag_with_python_dependencies_v03 to 2025-04-08 00:00:00+00:00, run_after=2025-04-09 00:00:00+00:00
[2025-06-10T08:20:51.010+0000] {processor.py:208} INFO - Processing /opt/airflow/dags/dag_with_python_dependencies.py took 0.214 seconds
[2025-06-10T08:21:21.789+0000] {processor.py:186} INFO - Started process (PID=3362) to work on /opt/airflow/dags/dag_with_python_dependencies.py
[2025-06-10T08:21:21.791+0000] {processor.py:914} INFO - Processing file /opt/airflow/dags/dag_with_python_dependencies.py for tasks to queue
[2025-06-10T08:21:21.794+0000] {logging_mixin.py:190} INFO - [2025-06-10T08:21:21.793+0000] {dagbag.py:588} INFO - Filling up the DagBag from /opt/airflow/dags/dag_with_python_dependencies.py
[2025-06-10T08:21:21.838+0000] {processor.py:925} INFO - DAG(s) 'dag_with_python_dependencies_v03' retrieved from /opt/airflow/dags/dag_with_python_dependencies.py
[2025-06-10T08:21:21.875+0000] {logging_mixin.py:190} INFO - [2025-06-10T08:21:21.875+0000] {dag.py:3239} INFO - Sync 1 DAGs
[2025-06-10T08:21:21.918+0000] {logging_mixin.py:190} INFO - [2025-06-10T08:21:21.918+0000] {dag.py:4180} INFO - Setting next_dagrun for dag_with_python_dependencies_v03 to 2025-04-08 00:00:00+00:00, run_after=2025-04-09 00:00:00+00:00
[2025-06-10T08:21:21.952+0000] {processor.py:208} INFO - Processing /opt/airflow/dags/dag_with_python_dependencies.py took 0.174 seconds
[2025-06-10T08:21:52.323+0000] {processor.py:186} INFO - Started process (PID=3418) to work on /opt/airflow/dags/dag_with_python_dependencies.py
[2025-06-10T08:21:52.328+0000] {processor.py:914} INFO - Processing file /opt/airflow/dags/dag_with_python_dependencies.py for tasks to queue
[2025-06-10T08:21:52.335+0000] {logging_mixin.py:190} INFO - [2025-06-10T08:21:52.333+0000] {dagbag.py:588} INFO - Filling up the DagBag from /opt/airflow/dags/dag_with_python_dependencies.py
[2025-06-10T08:21:52.388+0000] {processor.py:925} INFO - DAG(s) 'dag_with_python_dependencies_v03' retrieved from /opt/airflow/dags/dag_with_python_dependencies.py
[2025-06-10T08:21:52.467+0000] {logging_mixin.py:190} INFO - [2025-06-10T08:21:52.466+0000] {dag.py:3239} INFO - Sync 1 DAGs
[2025-06-10T08:21:52.587+0000] {logging_mixin.py:190} INFO - [2025-06-10T08:21:52.587+0000] {dag.py:4180} INFO - Setting next_dagrun for dag_with_python_dependencies_v03 to 2025-04-08 00:00:00+00:00, run_after=2025-04-09 00:00:00+00:00
[2025-06-10T08:21:52.642+0000] {processor.py:208} INFO - Processing /opt/airflow/dags/dag_with_python_dependencies.py took 0.340 seconds
