[2025-06-10T07:44:31.255+0000] {processor.py:186} INFO - Started process (PID=214) to work on /opt/airflow/dags/dag_with_minio_s3.py
[2025-06-10T07:44:31.267+0000] {processor.py:914} INFO - Processing file /opt/airflow/dags/dag_with_minio_s3.py for tasks to queue
[2025-06-10T07:44:31.274+0000] {logging_mixin.py:190} INFO - [2025-06-10T07:44:31.273+0000] {dagbag.py:588} INFO - Filling up the DagBag from /opt/airflow/dags/dag_with_minio_s3.py
[2025-06-10T07:44:31.384+0000] {processor.py:925} INFO - DAG(s) 'dag_with_minio_s3_v05' retrieved from /opt/airflow/dags/dag_with_minio_s3.py
[2025-06-10T07:44:31.531+0000] {logging_mixin.py:190} INFO - [2025-06-10T07:44:31.530+0000] {dag.py:3239} INFO - Sync 1 DAGs
[2025-06-10T07:44:31.672+0000] {logging_mixin.py:190} INFO - [2025-06-10T07:44:31.662+0000] {dag.py:4180} INFO - Setting next_dagrun for dag_with_minio_s3_v05 to 2025-06-09 00:00:00+00:00, run_after=2025-06-10 00:00:00+00:00
[2025-06-10T07:44:31.756+0000] {processor.py:208} INFO - Processing /opt/airflow/dags/dag_with_minio_s3.py took 0.530 seconds
[2025-06-10T07:45:02.718+0000] {processor.py:186} INFO - Started process (PID=272) to work on /opt/airflow/dags/dag_with_minio_s3.py
[2025-06-10T07:45:02.724+0000] {processor.py:914} INFO - Processing file /opt/airflow/dags/dag_with_minio_s3.py for tasks to queue
[2025-06-10T07:45:02.738+0000] {logging_mixin.py:190} INFO - [2025-06-10T07:45:02.737+0000] {dagbag.py:588} INFO - Filling up the DagBag from /opt/airflow/dags/dag_with_minio_s3.py
[2025-06-10T07:45:02.819+0000] {processor.py:925} INFO - DAG(s) 'dag_with_minio_s3_v05' retrieved from /opt/airflow/dags/dag_with_minio_s3.py
[2025-06-10T07:45:02.937+0000] {logging_mixin.py:190} INFO - [2025-06-10T07:45:02.936+0000] {dag.py:3239} INFO - Sync 1 DAGs
[2025-06-10T07:45:03.055+0000] {logging_mixin.py:190} INFO - [2025-06-10T07:45:03.054+0000] {dag.py:4180} INFO - Setting next_dagrun for dag_with_minio_s3_v05 to 2025-06-09 00:00:00+00:00, run_after=2025-06-10 00:00:00+00:00
[2025-06-10T07:45:03.134+0000] {processor.py:208} INFO - Processing /opt/airflow/dags/dag_with_minio_s3.py took 0.442 seconds
[2025-06-10T07:45:33.474+0000] {processor.py:186} INFO - Started process (PID=328) to work on /opt/airflow/dags/dag_with_minio_s3.py
[2025-06-10T07:45:33.476+0000] {processor.py:914} INFO - Processing file /opt/airflow/dags/dag_with_minio_s3.py for tasks to queue
[2025-06-10T07:45:33.484+0000] {logging_mixin.py:190} INFO - [2025-06-10T07:45:33.484+0000] {dagbag.py:588} INFO - Filling up the DagBag from /opt/airflow/dags/dag_with_minio_s3.py
[2025-06-10T07:45:33.524+0000] {processor.py:925} INFO - DAG(s) 'dag_with_minio_s3_v05' retrieved from /opt/airflow/dags/dag_with_minio_s3.py
[2025-06-10T07:45:33.597+0000] {logging_mixin.py:190} INFO - [2025-06-10T07:45:33.596+0000] {dag.py:3239} INFO - Sync 1 DAGs
[2025-06-10T07:45:33.683+0000] {logging_mixin.py:190} INFO - [2025-06-10T07:45:33.683+0000] {dag.py:4180} INFO - Setting next_dagrun for dag_with_minio_s3_v05 to 2025-06-09 00:00:00+00:00, run_after=2025-06-10 00:00:00+00:00
[2025-06-10T07:45:33.738+0000] {processor.py:208} INFO - Processing /opt/airflow/dags/dag_with_minio_s3.py took 0.276 seconds
[2025-06-10T07:46:05.058+0000] {processor.py:186} INFO - Started process (PID=383) to work on /opt/airflow/dags/dag_with_minio_s3.py
[2025-06-10T07:46:05.061+0000] {processor.py:914} INFO - Processing file /opt/airflow/dags/dag_with_minio_s3.py for tasks to queue
[2025-06-10T07:46:05.078+0000] {logging_mixin.py:190} INFO - [2025-06-10T07:46:05.067+0000] {dagbag.py:588} INFO - Filling up the DagBag from /opt/airflow/dags/dag_with_minio_s3.py
[2025-06-10T07:46:05.274+0000] {processor.py:925} INFO - DAG(s) 'dag_with_minio_s3_v05' retrieved from /opt/airflow/dags/dag_with_minio_s3.py
[2025-06-10T07:46:05.374+0000] {logging_mixin.py:190} INFO - [2025-06-10T07:46:05.373+0000] {dag.py:3239} INFO - Sync 1 DAGs
[2025-06-10T07:46:05.596+0000] {logging_mixin.py:190} INFO - [2025-06-10T07:46:05.596+0000] {dag.py:4180} INFO - Setting next_dagrun for dag_with_minio_s3_v05 to 2025-06-09 00:00:00+00:00, run_after=2025-06-10 00:00:00+00:00
[2025-06-10T07:46:05.778+0000] {processor.py:208} INFO - Processing /opt/airflow/dags/dag_with_minio_s3.py took 0.752 seconds
[2025-06-10T07:46:36.185+0000] {processor.py:186} INFO - Started process (PID=447) to work on /opt/airflow/dags/dag_with_minio_s3.py
[2025-06-10T07:46:36.187+0000] {processor.py:914} INFO - Processing file /opt/airflow/dags/dag_with_minio_s3.py for tasks to queue
[2025-06-10T07:46:36.192+0000] {logging_mixin.py:190} INFO - [2025-06-10T07:46:36.191+0000] {dagbag.py:588} INFO - Filling up the DagBag from /opt/airflow/dags/dag_with_minio_s3.py
[2025-06-10T07:46:36.238+0000] {processor.py:925} INFO - DAG(s) 'dag_with_minio_s3_v05' retrieved from /opt/airflow/dags/dag_with_minio_s3.py
[2025-06-10T07:46:36.297+0000] {logging_mixin.py:190} INFO - [2025-06-10T07:46:36.296+0000] {dag.py:3239} INFO - Sync 1 DAGs
[2025-06-10T07:46:36.367+0000] {logging_mixin.py:190} INFO - [2025-06-10T07:46:36.367+0000] {dag.py:4180} INFO - Setting next_dagrun for dag_with_minio_s3_v05 to 2025-06-09 00:00:00+00:00, run_after=2025-06-10 00:00:00+00:00
[2025-06-10T07:46:36.429+0000] {processor.py:208} INFO - Processing /opt/airflow/dags/dag_with_minio_s3.py took 0.255 seconds
[2025-06-10T07:47:06.733+0000] {processor.py:186} INFO - Started process (PID=503) to work on /opt/airflow/dags/dag_with_minio_s3.py
[2025-06-10T07:47:06.736+0000] {processor.py:914} INFO - Processing file /opt/airflow/dags/dag_with_minio_s3.py for tasks to queue
[2025-06-10T07:47:06.743+0000] {logging_mixin.py:190} INFO - [2025-06-10T07:47:06.742+0000] {dagbag.py:588} INFO - Filling up the DagBag from /opt/airflow/dags/dag_with_minio_s3.py
[2025-06-10T07:47:06.798+0000] {processor.py:925} INFO - DAG(s) 'dag_with_minio_s3_v05' retrieved from /opt/airflow/dags/dag_with_minio_s3.py
[2025-06-10T07:47:06.892+0000] {logging_mixin.py:190} INFO - [2025-06-10T07:47:06.891+0000] {dag.py:3239} INFO - Sync 1 DAGs
[2025-06-10T07:47:06.988+0000] {logging_mixin.py:190} INFO - [2025-06-10T07:47:06.988+0000] {dag.py:4180} INFO - Setting next_dagrun for dag_with_minio_s3_v05 to 2025-06-09 00:00:00+00:00, run_after=2025-06-10 00:00:00+00:00
[2025-06-10T07:47:07.042+0000] {processor.py:208} INFO - Processing /opt/airflow/dags/dag_with_minio_s3.py took 0.328 seconds
[2025-06-10T07:47:37.348+0000] {processor.py:186} INFO - Started process (PID=559) to work on /opt/airflow/dags/dag_with_minio_s3.py
[2025-06-10T07:47:37.350+0000] {processor.py:914} INFO - Processing file /opt/airflow/dags/dag_with_minio_s3.py for tasks to queue
[2025-06-10T07:47:37.355+0000] {logging_mixin.py:190} INFO - [2025-06-10T07:47:37.355+0000] {dagbag.py:588} INFO - Filling up the DagBag from /opt/airflow/dags/dag_with_minio_s3.py
[2025-06-10T07:47:37.403+0000] {processor.py:925} INFO - DAG(s) 'dag_with_minio_s3_v05' retrieved from /opt/airflow/dags/dag_with_minio_s3.py
[2025-06-10T07:47:37.471+0000] {logging_mixin.py:190} INFO - [2025-06-10T07:47:37.469+0000] {dag.py:3239} INFO - Sync 1 DAGs
[2025-06-10T07:47:37.601+0000] {logging_mixin.py:190} INFO - [2025-06-10T07:47:37.601+0000] {dag.py:4180} INFO - Setting next_dagrun for dag_with_minio_s3_v05 to 2025-06-09 00:00:00+00:00, run_after=2025-06-10 00:00:00+00:00
[2025-06-10T07:47:37.679+0000] {processor.py:208} INFO - Processing /opt/airflow/dags/dag_with_minio_s3.py took 0.349 seconds
[2025-06-10T07:48:08.287+0000] {processor.py:186} INFO - Started process (PID=620) to work on /opt/airflow/dags/dag_with_minio_s3.py
[2025-06-10T07:48:08.288+0000] {processor.py:914} INFO - Processing file /opt/airflow/dags/dag_with_minio_s3.py for tasks to queue
[2025-06-10T07:48:08.297+0000] {logging_mixin.py:190} INFO - [2025-06-10T07:48:08.296+0000] {dagbag.py:588} INFO - Filling up the DagBag from /opt/airflow/dags/dag_with_minio_s3.py
[2025-06-10T07:48:08.394+0000] {processor.py:925} INFO - DAG(s) 'dag_with_minio_s3_v05' retrieved from /opt/airflow/dags/dag_with_minio_s3.py
[2025-06-10T07:48:08.509+0000] {logging_mixin.py:190} INFO - [2025-06-10T07:48:08.508+0000] {dag.py:3239} INFO - Sync 1 DAGs
[2025-06-10T07:48:08.670+0000] {logging_mixin.py:190} INFO - [2025-06-10T07:48:08.669+0000] {dag.py:4180} INFO - Setting next_dagrun for dag_with_minio_s3_v05 to 2025-06-09 00:00:00+00:00, run_after=2025-06-10 00:00:00+00:00
[2025-06-10T07:48:08.799+0000] {processor.py:208} INFO - Processing /opt/airflow/dags/dag_with_minio_s3.py took 0.534 seconds
[2025-06-10T07:48:39.335+0000] {processor.py:186} INFO - Started process (PID=678) to work on /opt/airflow/dags/dag_with_minio_s3.py
[2025-06-10T07:48:39.337+0000] {processor.py:914} INFO - Processing file /opt/airflow/dags/dag_with_minio_s3.py for tasks to queue
[2025-06-10T07:48:39.344+0000] {logging_mixin.py:190} INFO - [2025-06-10T07:48:39.343+0000] {dagbag.py:588} INFO - Filling up the DagBag from /opt/airflow/dags/dag_with_minio_s3.py
[2025-06-10T07:48:39.390+0000] {processor.py:925} INFO - DAG(s) 'dag_with_minio_s3_v05' retrieved from /opt/airflow/dags/dag_with_minio_s3.py
[2025-06-10T07:48:39.470+0000] {logging_mixin.py:190} INFO - [2025-06-10T07:48:39.469+0000] {dag.py:3239} INFO - Sync 1 DAGs
[2025-06-10T07:48:39.567+0000] {logging_mixin.py:190} INFO - [2025-06-10T07:48:39.566+0000] {dag.py:4180} INFO - Setting next_dagrun for dag_with_minio_s3_v05 to 2025-06-09 00:00:00+00:00, run_after=2025-06-10 00:00:00+00:00
[2025-06-10T07:48:39.654+0000] {processor.py:208} INFO - Processing /opt/airflow/dags/dag_with_minio_s3.py took 0.332 seconds
[2025-06-10T07:49:10.254+0000] {processor.py:186} INFO - Started process (PID=734) to work on /opt/airflow/dags/dag_with_minio_s3.py
[2025-06-10T07:49:10.256+0000] {processor.py:914} INFO - Processing file /opt/airflow/dags/dag_with_minio_s3.py for tasks to queue
[2025-06-10T07:49:10.260+0000] {logging_mixin.py:190} INFO - [2025-06-10T07:49:10.259+0000] {dagbag.py:588} INFO - Filling up the DagBag from /opt/airflow/dags/dag_with_minio_s3.py
[2025-06-10T07:49:10.297+0000] {processor.py:925} INFO - DAG(s) 'dag_with_minio_s3_v05' retrieved from /opt/airflow/dags/dag_with_minio_s3.py
[2025-06-10T07:49:10.340+0000] {logging_mixin.py:190} INFO - [2025-06-10T07:49:10.339+0000] {dag.py:3239} INFO - Sync 1 DAGs
[2025-06-10T07:49:10.394+0000] {logging_mixin.py:190} INFO - [2025-06-10T07:49:10.393+0000] {dag.py:4180} INFO - Setting next_dagrun for dag_with_minio_s3_v05 to 2025-06-09 00:00:00+00:00, run_after=2025-06-10 00:00:00+00:00
[2025-06-10T07:49:10.432+0000] {processor.py:208} INFO - Processing /opt/airflow/dags/dag_with_minio_s3.py took 0.187 seconds
[2025-06-10T07:52:43.111+0000] {processor.py:186} INFO - Started process (PID=202) to work on /opt/airflow/dags/dag_with_minio_s3.py
[2025-06-10T07:52:43.114+0000] {processor.py:914} INFO - Processing file /opt/airflow/dags/dag_with_minio_s3.py for tasks to queue
[2025-06-10T07:52:43.119+0000] {logging_mixin.py:190} INFO - [2025-06-10T07:52:43.119+0000] {dagbag.py:588} INFO - Filling up the DagBag from /opt/airflow/dags/dag_with_minio_s3.py
[2025-06-10T07:52:43.176+0000] {processor.py:925} INFO - DAG(s) 'dag_with_minio_s3_v05' retrieved from /opt/airflow/dags/dag_with_minio_s3.py
[2025-06-10T07:52:43.257+0000] {logging_mixin.py:190} INFO - [2025-06-10T07:52:43.256+0000] {dag.py:3239} INFO - Sync 1 DAGs
[2025-06-10T07:52:43.385+0000] {logging_mixin.py:190} INFO - [2025-06-10T07:52:43.384+0000] {dag.py:4180} INFO - Setting next_dagrun for dag_with_minio_s3_v05 to 2025-06-09 00:00:00+00:00, run_after=2025-06-10 00:00:00+00:00
[2025-06-10T07:52:43.482+0000] {processor.py:208} INFO - Processing /opt/airflow/dags/dag_with_minio_s3.py took 0.388 seconds
[2025-06-10T07:53:14.257+0000] {processor.py:186} INFO - Started process (PID=258) to work on /opt/airflow/dags/dag_with_minio_s3.py
[2025-06-10T07:53:14.260+0000] {processor.py:914} INFO - Processing file /opt/airflow/dags/dag_with_minio_s3.py for tasks to queue
[2025-06-10T07:53:14.267+0000] {logging_mixin.py:190} INFO - [2025-06-10T07:53:14.266+0000] {dagbag.py:588} INFO - Filling up the DagBag from /opt/airflow/dags/dag_with_minio_s3.py
[2025-06-10T07:53:14.342+0000] {processor.py:925} INFO - DAG(s) 'dag_with_minio_s3_v05' retrieved from /opt/airflow/dags/dag_with_minio_s3.py
[2025-06-10T07:53:14.442+0000] {logging_mixin.py:190} INFO - [2025-06-10T07:53:14.441+0000] {dag.py:3239} INFO - Sync 1 DAGs
[2025-06-10T07:53:14.591+0000] {logging_mixin.py:190} INFO - [2025-06-10T07:53:14.590+0000] {dag.py:4180} INFO - Setting next_dagrun for dag_with_minio_s3_v05 to 2025-06-09 00:00:00+00:00, run_after=2025-06-10 00:00:00+00:00
[2025-06-10T07:53:14.668+0000] {processor.py:208} INFO - Processing /opt/airflow/dags/dag_with_minio_s3.py took 0.432 seconds
[2025-06-10T07:53:44.895+0000] {processor.py:186} INFO - Started process (PID=321) to work on /opt/airflow/dags/dag_with_minio_s3.py
[2025-06-10T07:53:44.897+0000] {processor.py:914} INFO - Processing file /opt/airflow/dags/dag_with_minio_s3.py for tasks to queue
[2025-06-10T07:53:44.901+0000] {logging_mixin.py:190} INFO - [2025-06-10T07:53:44.900+0000] {dagbag.py:588} INFO - Filling up the DagBag from /opt/airflow/dags/dag_with_minio_s3.py
[2025-06-10T07:53:44.932+0000] {processor.py:925} INFO - DAG(s) 'dag_with_minio_s3_v05' retrieved from /opt/airflow/dags/dag_with_minio_s3.py
[2025-06-10T07:53:44.968+0000] {logging_mixin.py:190} INFO - [2025-06-10T07:53:44.967+0000] {dag.py:3239} INFO - Sync 1 DAGs
[2025-06-10T07:53:45.015+0000] {logging_mixin.py:190} INFO - [2025-06-10T07:53:45.014+0000] {dag.py:4180} INFO - Setting next_dagrun for dag_with_minio_s3_v05 to 2025-06-09 00:00:00+00:00, run_after=2025-06-10 00:00:00+00:00
[2025-06-10T07:53:45.051+0000] {processor.py:208} INFO - Processing /opt/airflow/dags/dag_with_minio_s3.py took 0.165 seconds
[2025-06-10T07:54:15.396+0000] {processor.py:186} INFO - Started process (PID=377) to work on /opt/airflow/dags/dag_with_minio_s3.py
[2025-06-10T07:54:15.400+0000] {processor.py:914} INFO - Processing file /opt/airflow/dags/dag_with_minio_s3.py for tasks to queue
[2025-06-10T07:54:15.405+0000] {logging_mixin.py:190} INFO - [2025-06-10T07:54:15.405+0000] {dagbag.py:588} INFO - Filling up the DagBag from /opt/airflow/dags/dag_with_minio_s3.py
[2025-06-10T07:54:15.457+0000] {processor.py:925} INFO - DAG(s) 'dag_with_minio_s3_v05' retrieved from /opt/airflow/dags/dag_with_minio_s3.py
[2025-06-10T07:54:15.500+0000] {logging_mixin.py:190} INFO - [2025-06-10T07:54:15.500+0000] {dag.py:3239} INFO - Sync 1 DAGs
[2025-06-10T07:54:15.571+0000] {logging_mixin.py:190} INFO - [2025-06-10T07:54:15.571+0000] {dag.py:4180} INFO - Setting next_dagrun for dag_with_minio_s3_v05 to 2025-06-09 00:00:00+00:00, run_after=2025-06-10 00:00:00+00:00
[2025-06-10T07:54:15.615+0000] {processor.py:208} INFO - Processing /opt/airflow/dags/dag_with_minio_s3.py took 0.234 seconds
[2025-06-10T07:54:45.788+0000] {processor.py:186} INFO - Started process (PID=433) to work on /opt/airflow/dags/dag_with_minio_s3.py
[2025-06-10T07:54:45.790+0000] {processor.py:914} INFO - Processing file /opt/airflow/dags/dag_with_minio_s3.py for tasks to queue
[2025-06-10T07:54:45.792+0000] {logging_mixin.py:190} INFO - [2025-06-10T07:54:45.792+0000] {dagbag.py:588} INFO - Filling up the DagBag from /opt/airflow/dags/dag_with_minio_s3.py
[2025-06-10T07:54:45.831+0000] {processor.py:925} INFO - DAG(s) 'dag_with_minio_s3_v05' retrieved from /opt/airflow/dags/dag_with_minio_s3.py
[2025-06-10T07:54:45.884+0000] {logging_mixin.py:190} INFO - [2025-06-10T07:54:45.884+0000] {dag.py:3239} INFO - Sync 1 DAGs
[2025-06-10T07:54:45.946+0000] {logging_mixin.py:190} INFO - [2025-06-10T07:54:45.946+0000] {dag.py:4180} INFO - Setting next_dagrun for dag_with_minio_s3_v05 to 2025-06-09 00:00:00+00:00, run_after=2025-06-10 00:00:00+00:00
[2025-06-10T07:54:45.994+0000] {processor.py:208} INFO - Processing /opt/airflow/dags/dag_with_minio_s3.py took 0.217 seconds
[2025-06-10T07:55:16.404+0000] {processor.py:186} INFO - Started process (PID=489) to work on /opt/airflow/dags/dag_with_minio_s3.py
[2025-06-10T07:55:16.407+0000] {processor.py:914} INFO - Processing file /opt/airflow/dags/dag_with_minio_s3.py for tasks to queue
[2025-06-10T07:55:16.414+0000] {logging_mixin.py:190} INFO - [2025-06-10T07:55:16.413+0000] {dagbag.py:588} INFO - Filling up the DagBag from /opt/airflow/dags/dag_with_minio_s3.py
[2025-06-10T07:55:16.469+0000] {processor.py:925} INFO - DAG(s) 'dag_with_minio_s3_v05' retrieved from /opt/airflow/dags/dag_with_minio_s3.py
[2025-06-10T07:55:16.523+0000] {logging_mixin.py:190} INFO - [2025-06-10T07:55:16.522+0000] {dag.py:3239} INFO - Sync 1 DAGs
[2025-06-10T07:55:16.612+0000] {logging_mixin.py:190} INFO - [2025-06-10T07:55:16.612+0000] {dag.py:4180} INFO - Setting next_dagrun for dag_with_minio_s3_v05 to 2025-06-09 00:00:00+00:00, run_after=2025-06-10 00:00:00+00:00
[2025-06-10T07:55:16.688+0000] {processor.py:208} INFO - Processing /opt/airflow/dags/dag_with_minio_s3.py took 0.297 seconds
[2025-06-10T07:55:47.524+0000] {processor.py:186} INFO - Started process (PID=554) to work on /opt/airflow/dags/dag_with_minio_s3.py
[2025-06-10T07:55:47.526+0000] {processor.py:914} INFO - Processing file /opt/airflow/dags/dag_with_minio_s3.py for tasks to queue
[2025-06-10T07:55:47.529+0000] {logging_mixin.py:190} INFO - [2025-06-10T07:55:47.528+0000] {dagbag.py:588} INFO - Filling up the DagBag from /opt/airflow/dags/dag_with_minio_s3.py
[2025-06-10T07:55:47.573+0000] {processor.py:925} INFO - DAG(s) 'dag_with_minio_s3_v05' retrieved from /opt/airflow/dags/dag_with_minio_s3.py
[2025-06-10T07:55:47.621+0000] {logging_mixin.py:190} INFO - [2025-06-10T07:55:47.621+0000] {dag.py:3239} INFO - Sync 1 DAGs
[2025-06-10T07:55:47.690+0000] {logging_mixin.py:190} INFO - [2025-06-10T07:55:47.689+0000] {dag.py:4180} INFO - Setting next_dagrun for dag_with_minio_s3_v05 to 2025-06-09 00:00:00+00:00, run_after=2025-06-10 00:00:00+00:00
[2025-06-10T07:55:47.736+0000] {processor.py:208} INFO - Processing /opt/airflow/dags/dag_with_minio_s3.py took 0.223 seconds
[2025-06-10T07:56:18.566+0000] {processor.py:186} INFO - Started process (PID=614) to work on /opt/airflow/dags/dag_with_minio_s3.py
[2025-06-10T07:56:18.568+0000] {processor.py:914} INFO - Processing file /opt/airflow/dags/dag_with_minio_s3.py for tasks to queue
[2025-06-10T07:56:18.570+0000] {logging_mixin.py:190} INFO - [2025-06-10T07:56:18.570+0000] {dagbag.py:588} INFO - Filling up the DagBag from /opt/airflow/dags/dag_with_minio_s3.py
[2025-06-10T07:56:18.617+0000] {processor.py:925} INFO - DAG(s) 'dag_with_minio_s3_v05' retrieved from /opt/airflow/dags/dag_with_minio_s3.py
[2025-06-10T07:56:18.673+0000] {logging_mixin.py:190} INFO - [2025-06-10T07:56:18.673+0000] {dag.py:3239} INFO - Sync 1 DAGs
[2025-06-10T07:56:18.735+0000] {logging_mixin.py:190} INFO - [2025-06-10T07:56:18.734+0000] {dag.py:4180} INFO - Setting next_dagrun for dag_with_minio_s3_v05 to 2025-06-09 00:00:00+00:00, run_after=2025-06-10 00:00:00+00:00
[2025-06-10T07:56:18.789+0000] {processor.py:208} INFO - Processing /opt/airflow/dags/dag_with_minio_s3.py took 0.234 seconds
[2025-06-10T07:56:48.964+0000] {processor.py:186} INFO - Started process (PID=673) to work on /opt/airflow/dags/dag_with_minio_s3.py
[2025-06-10T07:56:48.966+0000] {processor.py:914} INFO - Processing file /opt/airflow/dags/dag_with_minio_s3.py for tasks to queue
[2025-06-10T07:56:48.969+0000] {logging_mixin.py:190} INFO - [2025-06-10T07:56:48.968+0000] {dagbag.py:588} INFO - Filling up the DagBag from /opt/airflow/dags/dag_with_minio_s3.py
[2025-06-10T07:56:49.028+0000] {processor.py:925} INFO - DAG(s) 'dag_with_minio_s3_v05' retrieved from /opt/airflow/dags/dag_with_minio_s3.py
[2025-06-10T07:56:49.084+0000] {logging_mixin.py:190} INFO - [2025-06-10T07:56:49.083+0000] {dag.py:3239} INFO - Sync 1 DAGs
[2025-06-10T07:56:49.144+0000] {logging_mixin.py:190} INFO - [2025-06-10T07:56:49.144+0000] {dag.py:4180} INFO - Setting next_dagrun for dag_with_minio_s3_v05 to 2025-06-09 00:00:00+00:00, run_after=2025-06-10 00:00:00+00:00
[2025-06-10T07:56:49.200+0000] {processor.py:208} INFO - Processing /opt/airflow/dags/dag_with_minio_s3.py took 0.254 seconds
[2025-06-10T07:57:19.501+0000] {processor.py:186} INFO - Started process (PID=739) to work on /opt/airflow/dags/dag_with_minio_s3.py
[2025-06-10T07:57:19.502+0000] {processor.py:914} INFO - Processing file /opt/airflow/dags/dag_with_minio_s3.py for tasks to queue
[2025-06-10T07:57:19.504+0000] {logging_mixin.py:190} INFO - [2025-06-10T07:57:19.504+0000] {dagbag.py:588} INFO - Filling up the DagBag from /opt/airflow/dags/dag_with_minio_s3.py
[2025-06-10T07:57:19.532+0000] {processor.py:925} INFO - DAG(s) 'dag_with_minio_s3_v05' retrieved from /opt/airflow/dags/dag_with_minio_s3.py
[2025-06-10T07:57:19.567+0000] {logging_mixin.py:190} INFO - [2025-06-10T07:57:19.566+0000] {dag.py:3239} INFO - Sync 1 DAGs
[2025-06-10T07:57:19.639+0000] {logging_mixin.py:190} INFO - [2025-06-10T07:57:19.638+0000] {dag.py:4180} INFO - Setting next_dagrun for dag_with_minio_s3_v05 to 2025-06-09 00:00:00+00:00, run_after=2025-06-10 00:00:00+00:00
[2025-06-10T07:57:19.723+0000] {processor.py:208} INFO - Processing /opt/airflow/dags/dag_with_minio_s3.py took 0.228 seconds
[2025-06-10T07:57:49.914+0000] {processor.py:186} INFO - Started process (PID=800) to work on /opt/airflow/dags/dag_with_minio_s3.py
[2025-06-10T07:57:49.916+0000] {processor.py:914} INFO - Processing file /opt/airflow/dags/dag_with_minio_s3.py for tasks to queue
[2025-06-10T07:57:49.918+0000] {logging_mixin.py:190} INFO - [2025-06-10T07:57:49.917+0000] {dagbag.py:588} INFO - Filling up the DagBag from /opt/airflow/dags/dag_with_minio_s3.py
[2025-06-10T07:57:49.950+0000] {processor.py:925} INFO - DAG(s) 'dag_with_minio_s3_v05' retrieved from /opt/airflow/dags/dag_with_minio_s3.py
[2025-06-10T07:57:49.989+0000] {logging_mixin.py:190} INFO - [2025-06-10T07:57:49.988+0000] {dag.py:3239} INFO - Sync 1 DAGs
[2025-06-10T07:57:50.032+0000] {logging_mixin.py:190} INFO - [2025-06-10T07:57:50.031+0000] {dag.py:4180} INFO - Setting next_dagrun for dag_with_minio_s3_v05 to 2025-06-09 00:00:00+00:00, run_after=2025-06-10 00:00:00+00:00
[2025-06-10T07:57:50.064+0000] {processor.py:208} INFO - Processing /opt/airflow/dags/dag_with_minio_s3.py took 0.162 seconds
[2025-06-10T07:58:20.423+0000] {processor.py:186} INFO - Started process (PID=857) to work on /opt/airflow/dags/dag_with_minio_s3.py
[2025-06-10T07:58:20.425+0000] {processor.py:914} INFO - Processing file /opt/airflow/dags/dag_with_minio_s3.py for tasks to queue
[2025-06-10T07:58:20.427+0000] {logging_mixin.py:190} INFO - [2025-06-10T07:58:20.426+0000] {dagbag.py:588} INFO - Filling up the DagBag from /opt/airflow/dags/dag_with_minio_s3.py
[2025-06-10T07:58:20.471+0000] {processor.py:925} INFO - DAG(s) 'dag_with_minio_s3_v05' retrieved from /opt/airflow/dags/dag_with_minio_s3.py
[2025-06-10T07:58:20.529+0000] {logging_mixin.py:190} INFO - [2025-06-10T07:58:20.528+0000] {dag.py:3239} INFO - Sync 1 DAGs
[2025-06-10T07:58:20.585+0000] {logging_mixin.py:190} INFO - [2025-06-10T07:58:20.584+0000] {dag.py:4180} INFO - Setting next_dagrun for dag_with_minio_s3_v05 to 2025-06-09 00:00:00+00:00, run_after=2025-06-10 00:00:00+00:00
[2025-06-10T07:58:20.660+0000] {processor.py:208} INFO - Processing /opt/airflow/dags/dag_with_minio_s3.py took 0.246 seconds
[2025-06-10T07:58:50.891+0000] {processor.py:186} INFO - Started process (PID=913) to work on /opt/airflow/dags/dag_with_minio_s3.py
[2025-06-10T07:58:50.893+0000] {processor.py:914} INFO - Processing file /opt/airflow/dags/dag_with_minio_s3.py for tasks to queue
[2025-06-10T07:58:50.896+0000] {logging_mixin.py:190} INFO - [2025-06-10T07:58:50.895+0000] {dagbag.py:588} INFO - Filling up the DagBag from /opt/airflow/dags/dag_with_minio_s3.py
[2025-06-10T07:58:50.936+0000] {processor.py:925} INFO - DAG(s) 'dag_with_minio_s3_v05' retrieved from /opt/airflow/dags/dag_with_minio_s3.py
[2025-06-10T07:58:50.974+0000] {logging_mixin.py:190} INFO - [2025-06-10T07:58:50.974+0000] {dag.py:3239} INFO - Sync 1 DAGs
[2025-06-10T07:58:51.032+0000] {logging_mixin.py:190} INFO - [2025-06-10T07:58:51.031+0000] {dag.py:4180} INFO - Setting next_dagrun for dag_with_minio_s3_v05 to 2025-06-09 00:00:00+00:00, run_after=2025-06-10 00:00:00+00:00
[2025-06-10T07:58:51.066+0000] {processor.py:208} INFO - Processing /opt/airflow/dags/dag_with_minio_s3.py took 0.183 seconds
[2025-06-10T07:59:21.247+0000] {processor.py:186} INFO - Started process (PID=969) to work on /opt/airflow/dags/dag_with_minio_s3.py
[2025-06-10T07:59:21.249+0000] {processor.py:914} INFO - Processing file /opt/airflow/dags/dag_with_minio_s3.py for tasks to queue
[2025-06-10T07:59:21.252+0000] {logging_mixin.py:190} INFO - [2025-06-10T07:59:21.251+0000] {dagbag.py:588} INFO - Filling up the DagBag from /opt/airflow/dags/dag_with_minio_s3.py
[2025-06-10T07:59:21.282+0000] {processor.py:925} INFO - DAG(s) 'dag_with_minio_s3_v05' retrieved from /opt/airflow/dags/dag_with_minio_s3.py
[2025-06-10T07:59:21.313+0000] {logging_mixin.py:190} INFO - [2025-06-10T07:59:21.313+0000] {dag.py:3239} INFO - Sync 1 DAGs
[2025-06-10T07:59:21.374+0000] {logging_mixin.py:190} INFO - [2025-06-10T07:59:21.373+0000] {dag.py:4180} INFO - Setting next_dagrun for dag_with_minio_s3_v05 to 2025-06-09 00:00:00+00:00, run_after=2025-06-10 00:00:00+00:00
[2025-06-10T07:59:21.439+0000] {processor.py:208} INFO - Processing /opt/airflow/dags/dag_with_minio_s3.py took 0.200 seconds
[2025-06-10T07:59:52.103+0000] {processor.py:186} INFO - Started process (PID=1026) to work on /opt/airflow/dags/dag_with_minio_s3.py
[2025-06-10T07:59:52.105+0000] {processor.py:914} INFO - Processing file /opt/airflow/dags/dag_with_minio_s3.py for tasks to queue
[2025-06-10T07:59:52.108+0000] {logging_mixin.py:190} INFO - [2025-06-10T07:59:52.107+0000] {dagbag.py:588} INFO - Filling up the DagBag from /opt/airflow/dags/dag_with_minio_s3.py
[2025-06-10T07:59:52.141+0000] {processor.py:925} INFO - DAG(s) 'dag_with_minio_s3_v05' retrieved from /opt/airflow/dags/dag_with_minio_s3.py
[2025-06-10T07:59:52.179+0000] {logging_mixin.py:190} INFO - [2025-06-10T07:59:52.179+0000] {dag.py:3239} INFO - Sync 1 DAGs
[2025-06-10T07:59:52.219+0000] {logging_mixin.py:190} INFO - [2025-06-10T07:59:52.219+0000] {dag.py:4180} INFO - Setting next_dagrun for dag_with_minio_s3_v05 to 2025-06-09 00:00:00+00:00, run_after=2025-06-10 00:00:00+00:00
[2025-06-10T07:59:52.254+0000] {processor.py:208} INFO - Processing /opt/airflow/dags/dag_with_minio_s3.py took 0.159 seconds
[2025-06-10T08:00:22.987+0000] {processor.py:186} INFO - Started process (PID=1082) to work on /opt/airflow/dags/dag_with_minio_s3.py
[2025-06-10T08:00:22.988+0000] {processor.py:914} INFO - Processing file /opt/airflow/dags/dag_with_minio_s3.py for tasks to queue
[2025-06-10T08:00:22.992+0000] {logging_mixin.py:190} INFO - [2025-06-10T08:00:22.992+0000] {dagbag.py:588} INFO - Filling up the DagBag from /opt/airflow/dags/dag_with_minio_s3.py
[2025-06-10T08:00:23.049+0000] {processor.py:925} INFO - DAG(s) 'dag_with_minio_s3_v05' retrieved from /opt/airflow/dags/dag_with_minio_s3.py
[2025-06-10T08:00:23.102+0000] {logging_mixin.py:190} INFO - [2025-06-10T08:00:23.101+0000] {dag.py:3239} INFO - Sync 1 DAGs
[2025-06-10T08:00:23.162+0000] {logging_mixin.py:190} INFO - [2025-06-10T08:00:23.162+0000] {dag.py:4180} INFO - Setting next_dagrun for dag_with_minio_s3_v05 to 2025-06-09 00:00:00+00:00, run_after=2025-06-10 00:00:00+00:00
[2025-06-10T08:00:23.209+0000] {processor.py:208} INFO - Processing /opt/airflow/dags/dag_with_minio_s3.py took 0.232 seconds
[2025-06-10T08:00:54.542+0000] {processor.py:186} INFO - Started process (PID=1138) to work on /opt/airflow/dags/dag_with_minio_s3.py
[2025-06-10T08:00:54.544+0000] {processor.py:914} INFO - Processing file /opt/airflow/dags/dag_with_minio_s3.py for tasks to queue
[2025-06-10T08:00:54.547+0000] {logging_mixin.py:190} INFO - [2025-06-10T08:00:54.547+0000] {dagbag.py:588} INFO - Filling up the DagBag from /opt/airflow/dags/dag_with_minio_s3.py
[2025-06-10T08:00:54.584+0000] {processor.py:925} INFO - DAG(s) 'dag_with_minio_s3_v05' retrieved from /opt/airflow/dags/dag_with_minio_s3.py
[2025-06-10T08:00:54.639+0000] {logging_mixin.py:190} INFO - [2025-06-10T08:00:54.638+0000] {dag.py:3239} INFO - Sync 1 DAGs
[2025-06-10T08:00:54.738+0000] {logging_mixin.py:190} INFO - [2025-06-10T08:00:54.738+0000] {dag.py:4180} INFO - Setting next_dagrun for dag_with_minio_s3_v05 to 2025-06-09 00:00:00+00:00, run_after=2025-06-10 00:00:00+00:00
[2025-06-10T08:00:54.804+0000] {processor.py:208} INFO - Processing /opt/airflow/dags/dag_with_minio_s3.py took 0.270 seconds
[2025-06-10T08:01:25.383+0000] {processor.py:186} INFO - Started process (PID=1192) to work on /opt/airflow/dags/dag_with_minio_s3.py
[2025-06-10T08:01:25.385+0000] {processor.py:914} INFO - Processing file /opt/airflow/dags/dag_with_minio_s3.py for tasks to queue
[2025-06-10T08:01:25.387+0000] {logging_mixin.py:190} INFO - [2025-06-10T08:01:25.387+0000] {dagbag.py:588} INFO - Filling up the DagBag from /opt/airflow/dags/dag_with_minio_s3.py
[2025-06-10T08:01:25.424+0000] {processor.py:925} INFO - DAG(s) 'dag_with_minio_s3_v05' retrieved from /opt/airflow/dags/dag_with_minio_s3.py
[2025-06-10T08:01:25.461+0000] {logging_mixin.py:190} INFO - [2025-06-10T08:01:25.460+0000] {dag.py:3239} INFO - Sync 1 DAGs
[2025-06-10T08:01:25.507+0000] {logging_mixin.py:190} INFO - [2025-06-10T08:01:25.507+0000] {dag.py:4180} INFO - Setting next_dagrun for dag_with_minio_s3_v05 to 2025-06-09 00:00:00+00:00, run_after=2025-06-10 00:00:00+00:00
[2025-06-10T08:01:25.547+0000] {processor.py:208} INFO - Processing /opt/airflow/dags/dag_with_minio_s3.py took 0.177 seconds
[2025-06-10T08:01:55.852+0000] {processor.py:186} INFO - Started process (PID=1248) to work on /opt/airflow/dags/dag_with_minio_s3.py
[2025-06-10T08:01:55.854+0000] {processor.py:914} INFO - Processing file /opt/airflow/dags/dag_with_minio_s3.py for tasks to queue
[2025-06-10T08:01:55.857+0000] {logging_mixin.py:190} INFO - [2025-06-10T08:01:55.857+0000] {dagbag.py:588} INFO - Filling up the DagBag from /opt/airflow/dags/dag_with_minio_s3.py
[2025-06-10T08:01:55.894+0000] {processor.py:925} INFO - DAG(s) 'dag_with_minio_s3_v05' retrieved from /opt/airflow/dags/dag_with_minio_s3.py
[2025-06-10T08:01:55.944+0000] {logging_mixin.py:190} INFO - [2025-06-10T08:01:55.944+0000] {dag.py:3239} INFO - Sync 1 DAGs
[2025-06-10T08:01:56.043+0000] {logging_mixin.py:190} INFO - [2025-06-10T08:01:56.042+0000] {dag.py:4180} INFO - Setting next_dagrun for dag_with_minio_s3_v05 to 2025-06-09 00:00:00+00:00, run_after=2025-06-10 00:00:00+00:00
[2025-06-10T08:01:56.095+0000] {processor.py:208} INFO - Processing /opt/airflow/dags/dag_with_minio_s3.py took 0.256 seconds
[2025-06-10T08:02:26.556+0000] {processor.py:186} INFO - Started process (PID=1305) to work on /opt/airflow/dags/dag_with_minio_s3.py
[2025-06-10T08:02:26.558+0000] {processor.py:914} INFO - Processing file /opt/airflow/dags/dag_with_minio_s3.py for tasks to queue
[2025-06-10T08:02:26.560+0000] {logging_mixin.py:190} INFO - [2025-06-10T08:02:26.560+0000] {dagbag.py:588} INFO - Filling up the DagBag from /opt/airflow/dags/dag_with_minio_s3.py
[2025-06-10T08:02:26.593+0000] {processor.py:925} INFO - DAG(s) 'dag_with_minio_s3_v05' retrieved from /opt/airflow/dags/dag_with_minio_s3.py
[2025-06-10T08:02:26.634+0000] {logging_mixin.py:190} INFO - [2025-06-10T08:02:26.633+0000] {dag.py:3239} INFO - Sync 1 DAGs
[2025-06-10T08:02:26.683+0000] {logging_mixin.py:190} INFO - [2025-06-10T08:02:26.683+0000] {dag.py:4180} INFO - Setting next_dagrun for dag_with_minio_s3_v05 to 2025-06-09 00:00:00+00:00, run_after=2025-06-10 00:00:00+00:00
[2025-06-10T08:02:26.719+0000] {processor.py:208} INFO - Processing /opt/airflow/dags/dag_with_minio_s3.py took 0.173 seconds
[2025-06-10T08:02:57.347+0000] {processor.py:186} INFO - Started process (PID=1363) to work on /opt/airflow/dags/dag_with_minio_s3.py
[2025-06-10T08:02:57.349+0000] {processor.py:914} INFO - Processing file /opt/airflow/dags/dag_with_minio_s3.py for tasks to queue
[2025-06-10T08:02:57.351+0000] {logging_mixin.py:190} INFO - [2025-06-10T08:02:57.351+0000] {dagbag.py:588} INFO - Filling up the DagBag from /opt/airflow/dags/dag_with_minio_s3.py
[2025-06-10T08:02:57.391+0000] {processor.py:925} INFO - DAG(s) 'dag_with_minio_s3_v05' retrieved from /opt/airflow/dags/dag_with_minio_s3.py
[2025-06-10T08:02:57.442+0000] {logging_mixin.py:190} INFO - [2025-06-10T08:02:57.441+0000] {dag.py:3239} INFO - Sync 1 DAGs
[2025-06-10T08:02:57.543+0000] {logging_mixin.py:190} INFO - [2025-06-10T08:02:57.543+0000] {dag.py:4180} INFO - Setting next_dagrun for dag_with_minio_s3_v05 to 2025-06-09 00:00:00+00:00, run_after=2025-06-10 00:00:00+00:00
[2025-06-10T08:02:57.587+0000] {processor.py:208} INFO - Processing /opt/airflow/dags/dag_with_minio_s3.py took 0.250 seconds
[2025-06-10T08:03:28.174+0000] {processor.py:186} INFO - Started process (PID=1417) to work on /opt/airflow/dags/dag_with_minio_s3.py
[2025-06-10T08:03:28.176+0000] {processor.py:914} INFO - Processing file /opt/airflow/dags/dag_with_minio_s3.py for tasks to queue
[2025-06-10T08:03:28.179+0000] {logging_mixin.py:190} INFO - [2025-06-10T08:03:28.179+0000] {dagbag.py:588} INFO - Filling up the DagBag from /opt/airflow/dags/dag_with_minio_s3.py
[2025-06-10T08:03:28.257+0000] {processor.py:925} INFO - DAG(s) 'dag_with_minio_s3_v05' retrieved from /opt/airflow/dags/dag_with_minio_s3.py
[2025-06-10T08:03:28.344+0000] {logging_mixin.py:190} INFO - [2025-06-10T08:03:28.343+0000] {dag.py:3239} INFO - Sync 1 DAGs
[2025-06-10T08:03:28.461+0000] {logging_mixin.py:190} INFO - [2025-06-10T08:03:28.459+0000] {dag.py:4180} INFO - Setting next_dagrun for dag_with_minio_s3_v05 to 2025-06-09 00:00:00+00:00, run_after=2025-06-10 00:00:00+00:00
[2025-06-10T08:03:28.554+0000] {processor.py:208} INFO - Processing /opt/airflow/dags/dag_with_minio_s3.py took 0.387 seconds
[2025-06-10T08:03:59.276+0000] {processor.py:186} INFO - Started process (PID=1473) to work on /opt/airflow/dags/dag_with_minio_s3.py
[2025-06-10T08:03:59.278+0000] {processor.py:914} INFO - Processing file /opt/airflow/dags/dag_with_minio_s3.py for tasks to queue
[2025-06-10T08:03:59.282+0000] {logging_mixin.py:190} INFO - [2025-06-10T08:03:59.281+0000] {dagbag.py:588} INFO - Filling up the DagBag from /opt/airflow/dags/dag_with_minio_s3.py
[2025-06-10T08:03:59.335+0000] {processor.py:925} INFO - DAG(s) 'dag_with_minio_s3_v05' retrieved from /opt/airflow/dags/dag_with_minio_s3.py
[2025-06-10T08:03:59.373+0000] {logging_mixin.py:190} INFO - [2025-06-10T08:03:59.372+0000] {dag.py:3239} INFO - Sync 1 DAGs
[2025-06-10T08:03:59.420+0000] {logging_mixin.py:190} INFO - [2025-06-10T08:03:59.420+0000] {dag.py:4180} INFO - Setting next_dagrun for dag_with_minio_s3_v05 to 2025-06-09 00:00:00+00:00, run_after=2025-06-10 00:00:00+00:00
[2025-06-10T08:03:59.460+0000] {processor.py:208} INFO - Processing /opt/airflow/dags/dag_with_minio_s3.py took 0.206 seconds
[2025-06-10T08:04:29.969+0000] {processor.py:186} INFO - Started process (PID=1529) to work on /opt/airflow/dags/dag_with_minio_s3.py
[2025-06-10T08:04:29.972+0000] {processor.py:914} INFO - Processing file /opt/airflow/dags/dag_with_minio_s3.py for tasks to queue
[2025-06-10T08:04:29.985+0000] {logging_mixin.py:190} INFO - [2025-06-10T08:04:29.975+0000] {dagbag.py:588} INFO - Filling up the DagBag from /opt/airflow/dags/dag_with_minio_s3.py
[2025-06-10T08:04:30.106+0000] {processor.py:925} INFO - DAG(s) 'dag_with_minio_s3_v05' retrieved from /opt/airflow/dags/dag_with_minio_s3.py
[2025-06-10T08:04:30.193+0000] {logging_mixin.py:190} INFO - [2025-06-10T08:04:30.192+0000] {dag.py:3239} INFO - Sync 1 DAGs
[2025-06-10T08:04:30.260+0000] {logging_mixin.py:190} INFO - [2025-06-10T08:04:30.260+0000] {dag.py:4180} INFO - Setting next_dagrun for dag_with_minio_s3_v05 to 2025-06-09 00:00:00+00:00, run_after=2025-06-10 00:00:00+00:00
[2025-06-10T08:04:30.304+0000] {processor.py:208} INFO - Processing /opt/airflow/dags/dag_with_minio_s3.py took 0.363 seconds
[2025-06-10T08:05:00.743+0000] {processor.py:186} INFO - Started process (PID=1587) to work on /opt/airflow/dags/dag_with_minio_s3.py
[2025-06-10T08:05:00.744+0000] {processor.py:914} INFO - Processing file /opt/airflow/dags/dag_with_minio_s3.py for tasks to queue
[2025-06-10T08:05:00.746+0000] {logging_mixin.py:190} INFO - [2025-06-10T08:05:00.746+0000] {dagbag.py:588} INFO - Filling up the DagBag from /opt/airflow/dags/dag_with_minio_s3.py
[2025-06-10T08:05:00.789+0000] {processor.py:925} INFO - DAG(s) 'dag_with_minio_s3_v05' retrieved from /opt/airflow/dags/dag_with_minio_s3.py
[2025-06-10T08:05:00.832+0000] {logging_mixin.py:190} INFO - [2025-06-10T08:05:00.831+0000] {dag.py:3239} INFO - Sync 1 DAGs
[2025-06-10T08:05:00.889+0000] {logging_mixin.py:190} INFO - [2025-06-10T08:05:00.889+0000] {dag.py:4180} INFO - Setting next_dagrun for dag_with_minio_s3_v05 to 2025-06-09 00:00:00+00:00, run_after=2025-06-10 00:00:00+00:00
[2025-06-10T08:05:00.938+0000] {processor.py:208} INFO - Processing /opt/airflow/dags/dag_with_minio_s3.py took 0.203 seconds
[2025-06-10T08:05:31.189+0000] {processor.py:186} INFO - Started process (PID=1643) to work on /opt/airflow/dags/dag_with_minio_s3.py
[2025-06-10T08:05:31.191+0000] {processor.py:914} INFO - Processing file /opt/airflow/dags/dag_with_minio_s3.py for tasks to queue
[2025-06-10T08:05:31.193+0000] {logging_mixin.py:190} INFO - [2025-06-10T08:05:31.192+0000] {dagbag.py:588} INFO - Filling up the DagBag from /opt/airflow/dags/dag_with_minio_s3.py
[2025-06-10T08:05:31.226+0000] {processor.py:925} INFO - DAG(s) 'dag_with_minio_s3_v05' retrieved from /opt/airflow/dags/dag_with_minio_s3.py
[2025-06-10T08:05:31.265+0000] {logging_mixin.py:190} INFO - [2025-06-10T08:05:31.264+0000] {dag.py:3239} INFO - Sync 1 DAGs
[2025-06-10T08:05:31.306+0000] {logging_mixin.py:190} INFO - [2025-06-10T08:05:31.305+0000] {dag.py:4180} INFO - Setting next_dagrun for dag_with_minio_s3_v05 to 2025-06-09 00:00:00+00:00, run_after=2025-06-10 00:00:00+00:00
[2025-06-10T08:05:31.337+0000] {processor.py:208} INFO - Processing /opt/airflow/dags/dag_with_minio_s3.py took 0.158 seconds
[2025-06-10T08:06:01.894+0000] {processor.py:186} INFO - Started process (PID=1699) to work on /opt/airflow/dags/dag_with_minio_s3.py
[2025-06-10T08:06:01.896+0000] {processor.py:914} INFO - Processing file /opt/airflow/dags/dag_with_minio_s3.py for tasks to queue
[2025-06-10T08:06:01.898+0000] {logging_mixin.py:190} INFO - [2025-06-10T08:06:01.898+0000] {dagbag.py:588} INFO - Filling up the DagBag from /opt/airflow/dags/dag_with_minio_s3.py
[2025-06-10T08:06:01.928+0000] {processor.py:925} INFO - DAG(s) 'dag_with_minio_s3_v05' retrieved from /opt/airflow/dags/dag_with_minio_s3.py
[2025-06-10T08:06:01.991+0000] {logging_mixin.py:190} INFO - [2025-06-10T08:06:01.990+0000] {dag.py:3239} INFO - Sync 1 DAGs
[2025-06-10T08:06:02.095+0000] {logging_mixin.py:190} INFO - [2025-06-10T08:06:02.094+0000] {dag.py:4180} INFO - Setting next_dagrun for dag_with_minio_s3_v05 to 2025-06-09 00:00:00+00:00, run_after=2025-06-10 00:00:00+00:00
[2025-06-10T08:06:02.144+0000] {processor.py:208} INFO - Processing /opt/airflow/dags/dag_with_minio_s3.py took 0.262 seconds
[2025-06-10T08:06:32.928+0000] {processor.py:186} INFO - Started process (PID=1755) to work on /opt/airflow/dags/dag_with_minio_s3.py
[2025-06-10T08:06:32.929+0000] {processor.py:914} INFO - Processing file /opt/airflow/dags/dag_with_minio_s3.py for tasks to queue
[2025-06-10T08:06:32.931+0000] {logging_mixin.py:190} INFO - [2025-06-10T08:06:32.931+0000] {dagbag.py:588} INFO - Filling up the DagBag from /opt/airflow/dags/dag_with_minio_s3.py
[2025-06-10T08:06:32.960+0000] {processor.py:925} INFO - DAG(s) 'dag_with_minio_s3_v05' retrieved from /opt/airflow/dags/dag_with_minio_s3.py
[2025-06-10T08:06:32.994+0000] {logging_mixin.py:190} INFO - [2025-06-10T08:06:32.994+0000] {dag.py:3239} INFO - Sync 1 DAGs
[2025-06-10T08:06:33.045+0000] {logging_mixin.py:190} INFO - [2025-06-10T08:06:33.045+0000] {dag.py:4180} INFO - Setting next_dagrun for dag_with_minio_s3_v05 to 2025-06-09 00:00:00+00:00, run_after=2025-06-10 00:00:00+00:00
[2025-06-10T08:06:33.081+0000] {processor.py:208} INFO - Processing /opt/airflow/dags/dag_with_minio_s3.py took 0.161 seconds
[2025-06-10T08:07:03.661+0000] {processor.py:186} INFO - Started process (PID=1811) to work on /opt/airflow/dags/dag_with_minio_s3.py
[2025-06-10T08:07:03.663+0000] {processor.py:914} INFO - Processing file /opt/airflow/dags/dag_with_minio_s3.py for tasks to queue
[2025-06-10T08:07:03.664+0000] {logging_mixin.py:190} INFO - [2025-06-10T08:07:03.664+0000] {dagbag.py:588} INFO - Filling up the DagBag from /opt/airflow/dags/dag_with_minio_s3.py
[2025-06-10T08:07:03.691+0000] {processor.py:925} INFO - DAG(s) 'dag_with_minio_s3_v05' retrieved from /opt/airflow/dags/dag_with_minio_s3.py
[2025-06-10T08:07:03.727+0000] {logging_mixin.py:190} INFO - [2025-06-10T08:07:03.727+0000] {dag.py:3239} INFO - Sync 1 DAGs
[2025-06-10T08:07:03.790+0000] {logging_mixin.py:190} INFO - [2025-06-10T08:07:03.789+0000] {dag.py:4180} INFO - Setting next_dagrun for dag_with_minio_s3_v05 to 2025-06-09 00:00:00+00:00, run_after=2025-06-10 00:00:00+00:00
[2025-06-10T08:07:03.828+0000] {processor.py:208} INFO - Processing /opt/airflow/dags/dag_with_minio_s3.py took 0.175 seconds
[2025-06-10T08:07:34.216+0000] {processor.py:186} INFO - Started process (PID=1867) to work on /opt/airflow/dags/dag_with_minio_s3.py
[2025-06-10T08:07:34.218+0000] {processor.py:914} INFO - Processing file /opt/airflow/dags/dag_with_minio_s3.py for tasks to queue
[2025-06-10T08:07:34.220+0000] {logging_mixin.py:190} INFO - [2025-06-10T08:07:34.220+0000] {dagbag.py:588} INFO - Filling up the DagBag from /opt/airflow/dags/dag_with_minio_s3.py
[2025-06-10T08:07:34.265+0000] {processor.py:925} INFO - DAG(s) 'dag_with_minio_s3_v05' retrieved from /opt/airflow/dags/dag_with_minio_s3.py
[2025-06-10T08:07:34.315+0000] {logging_mixin.py:190} INFO - [2025-06-10T08:07:34.315+0000] {dag.py:3239} INFO - Sync 1 DAGs
[2025-06-10T08:07:34.390+0000] {logging_mixin.py:190} INFO - [2025-06-10T08:07:34.390+0000] {dag.py:4180} INFO - Setting next_dagrun for dag_with_minio_s3_v05 to 2025-06-09 00:00:00+00:00, run_after=2025-06-10 00:00:00+00:00
[2025-06-10T08:07:34.432+0000] {processor.py:208} INFO - Processing /opt/airflow/dags/dag_with_minio_s3.py took 0.233 seconds
[2025-06-10T08:08:05.238+0000] {processor.py:186} INFO - Started process (PID=1923) to work on /opt/airflow/dags/dag_with_minio_s3.py
[2025-06-10T08:08:05.241+0000] {processor.py:914} INFO - Processing file /opt/airflow/dags/dag_with_minio_s3.py for tasks to queue
[2025-06-10T08:08:05.247+0000] {logging_mixin.py:190} INFO - [2025-06-10T08:08:05.245+0000] {dagbag.py:588} INFO - Filling up the DagBag from /opt/airflow/dags/dag_with_minio_s3.py
[2025-06-10T08:08:05.312+0000] {processor.py:925} INFO - DAG(s) 'dag_with_minio_s3_v05' retrieved from /opt/airflow/dags/dag_with_minio_s3.py
[2025-06-10T08:08:05.408+0000] {logging_mixin.py:190} INFO - [2025-06-10T08:08:05.408+0000] {dag.py:3239} INFO - Sync 1 DAGs
[2025-06-10T08:08:05.492+0000] {logging_mixin.py:190} INFO - [2025-06-10T08:08:05.492+0000] {dag.py:4180} INFO - Setting next_dagrun for dag_with_minio_s3_v05 to 2025-06-09 00:00:00+00:00, run_after=2025-06-10 00:00:00+00:00
[2025-06-10T08:08:05.545+0000] {processor.py:208} INFO - Processing /opt/airflow/dags/dag_with_minio_s3.py took 0.319 seconds
[2025-06-10T08:08:35.816+0000] {processor.py:186} INFO - Started process (PID=1979) to work on /opt/airflow/dags/dag_with_minio_s3.py
[2025-06-10T08:08:35.817+0000] {processor.py:914} INFO - Processing file /opt/airflow/dags/dag_with_minio_s3.py for tasks to queue
[2025-06-10T08:08:35.820+0000] {logging_mixin.py:190} INFO - [2025-06-10T08:08:35.819+0000] {dagbag.py:588} INFO - Filling up the DagBag from /opt/airflow/dags/dag_with_minio_s3.py
[2025-06-10T08:08:35.865+0000] {processor.py:925} INFO - DAG(s) 'dag_with_minio_s3_v05' retrieved from /opt/airflow/dags/dag_with_minio_s3.py
[2025-06-10T08:08:35.912+0000] {logging_mixin.py:190} INFO - [2025-06-10T08:08:35.911+0000] {dag.py:3239} INFO - Sync 1 DAGs
[2025-06-10T08:08:35.970+0000] {logging_mixin.py:190} INFO - [2025-06-10T08:08:35.969+0000] {dag.py:4180} INFO - Setting next_dagrun for dag_with_minio_s3_v05 to 2025-06-09 00:00:00+00:00, run_after=2025-06-10 00:00:00+00:00
[2025-06-10T08:08:36.022+0000] {processor.py:208} INFO - Processing /opt/airflow/dags/dag_with_minio_s3.py took 0.217 seconds
[2025-06-10T08:09:06.745+0000] {processor.py:186} INFO - Started process (PID=2035) to work on /opt/airflow/dags/dag_with_minio_s3.py
[2025-06-10T08:09:06.746+0000] {processor.py:914} INFO - Processing file /opt/airflow/dags/dag_with_minio_s3.py for tasks to queue
[2025-06-10T08:09:06.750+0000] {logging_mixin.py:190} INFO - [2025-06-10T08:09:06.750+0000] {dagbag.py:588} INFO - Filling up the DagBag from /opt/airflow/dags/dag_with_minio_s3.py
[2025-06-10T08:09:06.799+0000] {processor.py:925} INFO - DAG(s) 'dag_with_minio_s3_v05' retrieved from /opt/airflow/dags/dag_with_minio_s3.py
[2025-06-10T08:09:06.849+0000] {logging_mixin.py:190} INFO - [2025-06-10T08:09:06.848+0000] {dag.py:3239} INFO - Sync 1 DAGs
[2025-06-10T08:09:06.905+0000] {logging_mixin.py:190} INFO - [2025-06-10T08:09:06.904+0000] {dag.py:4180} INFO - Setting next_dagrun for dag_with_minio_s3_v05 to 2025-06-09 00:00:00+00:00, run_after=2025-06-10 00:00:00+00:00
[2025-06-10T08:09:06.952+0000] {processor.py:208} INFO - Processing /opt/airflow/dags/dag_with_minio_s3.py took 0.220 seconds
[2025-06-10T08:09:37.605+0000] {processor.py:186} INFO - Started process (PID=2091) to work on /opt/airflow/dags/dag_with_minio_s3.py
[2025-06-10T08:09:37.607+0000] {processor.py:914} INFO - Processing file /opt/airflow/dags/dag_with_minio_s3.py for tasks to queue
[2025-06-10T08:09:37.611+0000] {logging_mixin.py:190} INFO - [2025-06-10T08:09:37.610+0000] {dagbag.py:588} INFO - Filling up the DagBag from /opt/airflow/dags/dag_with_minio_s3.py
[2025-06-10T08:09:37.764+0000] {processor.py:925} INFO - DAG(s) 'dag_with_minio_s3_v05' retrieved from /opt/airflow/dags/dag_with_minio_s3.py
[2025-06-10T08:09:37.819+0000] {logging_mixin.py:190} INFO - [2025-06-10T08:09:37.819+0000] {dag.py:3239} INFO - Sync 1 DAGs
[2025-06-10T08:09:37.892+0000] {logging_mixin.py:190} INFO - [2025-06-10T08:09:37.892+0000] {dag.py:4180} INFO - Setting next_dagrun for dag_with_minio_s3_v05 to 2025-06-09 00:00:00+00:00, run_after=2025-06-10 00:00:00+00:00
[2025-06-10T08:09:37.946+0000] {processor.py:208} INFO - Processing /opt/airflow/dags/dag_with_minio_s3.py took 0.357 seconds
[2025-06-10T08:10:08.161+0000] {processor.py:186} INFO - Started process (PID=2147) to work on /opt/airflow/dags/dag_with_minio_s3.py
[2025-06-10T08:10:08.174+0000] {processor.py:914} INFO - Processing file /opt/airflow/dags/dag_with_minio_s3.py for tasks to queue
[2025-06-10T08:10:08.178+0000] {logging_mixin.py:190} INFO - [2025-06-10T08:10:08.177+0000] {dagbag.py:588} INFO - Filling up the DagBag from /opt/airflow/dags/dag_with_minio_s3.py
[2025-06-10T08:10:08.238+0000] {processor.py:925} INFO - DAG(s) 'dag_with_minio_s3_v05' retrieved from /opt/airflow/dags/dag_with_minio_s3.py
[2025-06-10T08:10:08.301+0000] {logging_mixin.py:190} INFO - [2025-06-10T08:10:08.301+0000] {dag.py:3239} INFO - Sync 1 DAGs
[2025-06-10T08:10:08.375+0000] {logging_mixin.py:190} INFO - [2025-06-10T08:10:08.374+0000] {dag.py:4180} INFO - Setting next_dagrun for dag_with_minio_s3_v05 to 2025-06-09 00:00:00+00:00, run_after=2025-06-10 00:00:00+00:00
[2025-06-10T08:10:08.424+0000] {processor.py:208} INFO - Processing /opt/airflow/dags/dag_with_minio_s3.py took 0.287 seconds
[2025-06-10T08:10:39.213+0000] {processor.py:186} INFO - Started process (PID=2203) to work on /opt/airflow/dags/dag_with_minio_s3.py
[2025-06-10T08:10:39.214+0000] {processor.py:914} INFO - Processing file /opt/airflow/dags/dag_with_minio_s3.py for tasks to queue
[2025-06-10T08:10:39.219+0000] {logging_mixin.py:190} INFO - [2025-06-10T08:10:39.219+0000] {dagbag.py:588} INFO - Filling up the DagBag from /opt/airflow/dags/dag_with_minio_s3.py
[2025-06-10T08:10:39.267+0000] {processor.py:925} INFO - DAG(s) 'dag_with_minio_s3_v05' retrieved from /opt/airflow/dags/dag_with_minio_s3.py
[2025-06-10T08:10:39.340+0000] {logging_mixin.py:190} INFO - [2025-06-10T08:10:39.339+0000] {dag.py:3239} INFO - Sync 1 DAGs
[2025-06-10T08:10:39.408+0000] {logging_mixin.py:190} INFO - [2025-06-10T08:10:39.408+0000] {dag.py:4180} INFO - Setting next_dagrun for dag_with_minio_s3_v05 to 2025-06-09 00:00:00+00:00, run_after=2025-06-10 00:00:00+00:00
[2025-06-10T08:10:39.450+0000] {processor.py:208} INFO - Processing /opt/airflow/dags/dag_with_minio_s3.py took 0.248 seconds
[2025-06-10T08:11:10.442+0000] {processor.py:186} INFO - Started process (PID=2257) to work on /opt/airflow/dags/dag_with_minio_s3.py
[2025-06-10T08:11:10.446+0000] {processor.py:914} INFO - Processing file /opt/airflow/dags/dag_with_minio_s3.py for tasks to queue
[2025-06-10T08:11:10.450+0000] {logging_mixin.py:190} INFO - [2025-06-10T08:11:10.449+0000] {dagbag.py:588} INFO - Filling up the DagBag from /opt/airflow/dags/dag_with_minio_s3.py
[2025-06-10T08:11:10.530+0000] {processor.py:925} INFO - DAG(s) 'dag_with_minio_s3_v05' retrieved from /opt/airflow/dags/dag_with_minio_s3.py
[2025-06-10T08:11:10.646+0000] {logging_mixin.py:190} INFO - [2025-06-10T08:11:10.646+0000] {dag.py:3239} INFO - Sync 1 DAGs
[2025-06-10T08:11:10.824+0000] {logging_mixin.py:190} INFO - [2025-06-10T08:11:10.823+0000] {dag.py:4180} INFO - Setting next_dagrun for dag_with_minio_s3_v05 to 2025-06-09 00:00:00+00:00, run_after=2025-06-10 00:00:00+00:00
[2025-06-10T08:11:11.068+0000] {processor.py:208} INFO - Processing /opt/airflow/dags/dag_with_minio_s3.py took 0.659 seconds
[2025-06-10T08:11:41.469+0000] {processor.py:186} INFO - Started process (PID=2313) to work on /opt/airflow/dags/dag_with_minio_s3.py
[2025-06-10T08:11:41.471+0000] {processor.py:914} INFO - Processing file /opt/airflow/dags/dag_with_minio_s3.py for tasks to queue
[2025-06-10T08:11:41.473+0000] {logging_mixin.py:190} INFO - [2025-06-10T08:11:41.473+0000] {dagbag.py:588} INFO - Filling up the DagBag from /opt/airflow/dags/dag_with_minio_s3.py
[2025-06-10T08:11:41.527+0000] {processor.py:925} INFO - DAG(s) 'dag_with_minio_s3_v05' retrieved from /opt/airflow/dags/dag_with_minio_s3.py
[2025-06-10T08:11:41.569+0000] {logging_mixin.py:190} INFO - [2025-06-10T08:11:41.568+0000] {dag.py:3239} INFO - Sync 1 DAGs
[2025-06-10T08:11:41.648+0000] {logging_mixin.py:190} INFO - [2025-06-10T08:11:41.648+0000] {dag.py:4180} INFO - Setting next_dagrun for dag_with_minio_s3_v05 to 2025-06-09 00:00:00+00:00, run_after=2025-06-10 00:00:00+00:00
[2025-06-10T08:11:41.692+0000] {processor.py:208} INFO - Processing /opt/airflow/dags/dag_with_minio_s3.py took 0.237 seconds
[2025-06-10T08:12:12.013+0000] {processor.py:186} INFO - Started process (PID=2371) to work on /opt/airflow/dags/dag_with_minio_s3.py
[2025-06-10T08:12:12.016+0000] {processor.py:914} INFO - Processing file /opt/airflow/dags/dag_with_minio_s3.py for tasks to queue
[2025-06-10T08:12:12.020+0000] {logging_mixin.py:190} INFO - [2025-06-10T08:12:12.019+0000] {dagbag.py:588} INFO - Filling up the DagBag from /opt/airflow/dags/dag_with_minio_s3.py
[2025-06-10T08:12:12.091+0000] {processor.py:925} INFO - DAG(s) 'dag_with_minio_s3_v05' retrieved from /opt/airflow/dags/dag_with_minio_s3.py
[2025-06-10T08:12:12.148+0000] {logging_mixin.py:190} INFO - [2025-06-10T08:12:12.148+0000] {dag.py:3239} INFO - Sync 1 DAGs
[2025-06-10T08:12:12.209+0000] {logging_mixin.py:190} INFO - [2025-06-10T08:12:12.209+0000] {dag.py:4180} INFO - Setting next_dagrun for dag_with_minio_s3_v05 to 2025-06-09 00:00:00+00:00, run_after=2025-06-10 00:00:00+00:00
[2025-06-10T08:12:12.247+0000] {processor.py:208} INFO - Processing /opt/airflow/dags/dag_with_minio_s3.py took 0.251 seconds
[2025-06-10T08:12:43.285+0000] {processor.py:186} INFO - Started process (PID=2427) to work on /opt/airflow/dags/dag_with_minio_s3.py
[2025-06-10T08:12:43.287+0000] {processor.py:914} INFO - Processing file /opt/airflow/dags/dag_with_minio_s3.py for tasks to queue
[2025-06-10T08:12:43.290+0000] {logging_mixin.py:190} INFO - [2025-06-10T08:12:43.289+0000] {dagbag.py:588} INFO - Filling up the DagBag from /opt/airflow/dags/dag_with_minio_s3.py
[2025-06-10T08:12:43.322+0000] {processor.py:925} INFO - DAG(s) 'dag_with_minio_s3_v05' retrieved from /opt/airflow/dags/dag_with_minio_s3.py
[2025-06-10T08:12:43.363+0000] {logging_mixin.py:190} INFO - [2025-06-10T08:12:43.363+0000] {dag.py:3239} INFO - Sync 1 DAGs
[2025-06-10T08:12:43.405+0000] {logging_mixin.py:190} INFO - [2025-06-10T08:12:43.405+0000] {dag.py:4180} INFO - Setting next_dagrun for dag_with_minio_s3_v05 to 2025-06-09 00:00:00+00:00, run_after=2025-06-10 00:00:00+00:00
[2025-06-10T08:12:43.448+0000] {processor.py:208} INFO - Processing /opt/airflow/dags/dag_with_minio_s3.py took 0.172 seconds
[2025-06-10T08:13:14.209+0000] {processor.py:186} INFO - Started process (PID=2483) to work on /opt/airflow/dags/dag_with_minio_s3.py
[2025-06-10T08:13:14.211+0000] {processor.py:914} INFO - Processing file /opt/airflow/dags/dag_with_minio_s3.py for tasks to queue
[2025-06-10T08:13:14.213+0000] {logging_mixin.py:190} INFO - [2025-06-10T08:13:14.213+0000] {dagbag.py:588} INFO - Filling up the DagBag from /opt/airflow/dags/dag_with_minio_s3.py
[2025-06-10T08:13:14.304+0000] {processor.py:925} INFO - DAG(s) 'dag_with_minio_s3_v05' retrieved from /opt/airflow/dags/dag_with_minio_s3.py
[2025-06-10T08:13:14.368+0000] {logging_mixin.py:190} INFO - [2025-06-10T08:13:14.368+0000] {dag.py:3239} INFO - Sync 1 DAGs
[2025-06-10T08:13:14.454+0000] {logging_mixin.py:190} INFO - [2025-06-10T08:13:14.452+0000] {dag.py:4180} INFO - Setting next_dagrun for dag_with_minio_s3_v05 to 2025-06-09 00:00:00+00:00, run_after=2025-06-10 00:00:00+00:00
[2025-06-10T08:13:14.518+0000] {processor.py:208} INFO - Processing /opt/airflow/dags/dag_with_minio_s3.py took 0.320 seconds
[2025-06-10T08:13:44.789+0000] {processor.py:186} INFO - Started process (PID=2539) to work on /opt/airflow/dags/dag_with_minio_s3.py
[2025-06-10T08:13:44.791+0000] {processor.py:914} INFO - Processing file /opt/airflow/dags/dag_with_minio_s3.py for tasks to queue
[2025-06-10T08:13:44.795+0000] {logging_mixin.py:190} INFO - [2025-06-10T08:13:44.793+0000] {dagbag.py:588} INFO - Filling up the DagBag from /opt/airflow/dags/dag_with_minio_s3.py
[2025-06-10T08:13:44.824+0000] {processor.py:925} INFO - DAG(s) 'dag_with_minio_s3_v05' retrieved from /opt/airflow/dags/dag_with_minio_s3.py
[2025-06-10T08:13:44.863+0000] {logging_mixin.py:190} INFO - [2025-06-10T08:13:44.863+0000] {dag.py:3239} INFO - Sync 1 DAGs
[2025-06-10T08:13:44.914+0000] {logging_mixin.py:190} INFO - [2025-06-10T08:13:44.914+0000] {dag.py:4180} INFO - Setting next_dagrun for dag_with_minio_s3_v05 to 2025-06-09 00:00:00+00:00, run_after=2025-06-10 00:00:00+00:00
[2025-06-10T08:13:44.957+0000] {processor.py:208} INFO - Processing /opt/airflow/dags/dag_with_minio_s3.py took 0.180 seconds
[2025-06-10T08:14:15.530+0000] {processor.py:186} INFO - Started process (PID=2601) to work on /opt/airflow/dags/dag_with_minio_s3.py
[2025-06-10T08:14:15.533+0000] {processor.py:914} INFO - Processing file /opt/airflow/dags/dag_with_minio_s3.py for tasks to queue
[2025-06-10T08:14:15.550+0000] {logging_mixin.py:190} INFO - [2025-06-10T08:14:15.549+0000] {dagbag.py:588} INFO - Filling up the DagBag from /opt/airflow/dags/dag_with_minio_s3.py
[2025-06-10T08:14:15.709+0000] {processor.py:925} INFO - DAG(s) 'dag_with_minio_s3_v05' retrieved from /opt/airflow/dags/dag_with_minio_s3.py
[2025-06-10T08:14:15.804+0000] {logging_mixin.py:190} INFO - [2025-06-10T08:14:15.803+0000] {dag.py:3239} INFO - Sync 1 DAGs
[2025-06-10T08:14:15.927+0000] {logging_mixin.py:190} INFO - [2025-06-10T08:14:15.926+0000] {dag.py:4180} INFO - Setting next_dagrun for dag_with_minio_s3_v05 to 2025-06-09 00:00:00+00:00, run_after=2025-06-10 00:00:00+00:00
[2025-06-10T08:14:16.025+0000] {processor.py:208} INFO - Processing /opt/airflow/dags/dag_with_minio_s3.py took 0.518 seconds
[2025-06-10T08:14:46.480+0000] {processor.py:186} INFO - Started process (PID=2657) to work on /opt/airflow/dags/dag_with_minio_s3.py
[2025-06-10T08:14:46.493+0000] {processor.py:914} INFO - Processing file /opt/airflow/dags/dag_with_minio_s3.py for tasks to queue
[2025-06-10T08:14:46.496+0000] {logging_mixin.py:190} INFO - [2025-06-10T08:14:46.495+0000] {dagbag.py:588} INFO - Filling up the DagBag from /opt/airflow/dags/dag_with_minio_s3.py
[2025-06-10T08:14:46.613+0000] {processor.py:925} INFO - DAG(s) 'dag_with_minio_s3_v05' retrieved from /opt/airflow/dags/dag_with_minio_s3.py
[2025-06-10T08:14:46.771+0000] {logging_mixin.py:190} INFO - [2025-06-10T08:14:46.771+0000] {dag.py:3239} INFO - Sync 1 DAGs
[2025-06-10T08:14:46.893+0000] {logging_mixin.py:190} INFO - [2025-06-10T08:14:46.893+0000] {dag.py:4180} INFO - Setting next_dagrun for dag_with_minio_s3_v05 to 2025-06-09 00:00:00+00:00, run_after=2025-06-10 00:00:00+00:00
[2025-06-10T08:14:46.959+0000] {processor.py:208} INFO - Processing /opt/airflow/dags/dag_with_minio_s3.py took 0.496 seconds
[2025-06-10T08:15:17.334+0000] {processor.py:186} INFO - Started process (PID=2713) to work on /opt/airflow/dags/dag_with_minio_s3.py
[2025-06-10T08:15:17.340+0000] {processor.py:914} INFO - Processing file /opt/airflow/dags/dag_with_minio_s3.py for tasks to queue
[2025-06-10T08:15:17.343+0000] {logging_mixin.py:190} INFO - [2025-06-10T08:15:17.342+0000] {dagbag.py:588} INFO - Filling up the DagBag from /opt/airflow/dags/dag_with_minio_s3.py
[2025-06-10T08:15:17.443+0000] {processor.py:925} INFO - DAG(s) 'dag_with_minio_s3_v05' retrieved from /opt/airflow/dags/dag_with_minio_s3.py
[2025-06-10T08:15:17.577+0000] {logging_mixin.py:190} INFO - [2025-06-10T08:15:17.576+0000] {dag.py:3239} INFO - Sync 1 DAGs
[2025-06-10T08:15:17.677+0000] {logging_mixin.py:190} INFO - [2025-06-10T08:15:17.677+0000] {dag.py:4180} INFO - Setting next_dagrun for dag_with_minio_s3_v05 to 2025-06-09 00:00:00+00:00, run_after=2025-06-10 00:00:00+00:00
[2025-06-10T08:15:17.754+0000] {processor.py:208} INFO - Processing /opt/airflow/dags/dag_with_minio_s3.py took 0.440 seconds
[2025-06-10T08:15:48.500+0000] {processor.py:186} INFO - Started process (PID=2769) to work on /opt/airflow/dags/dag_with_minio_s3.py
[2025-06-10T08:15:48.502+0000] {processor.py:914} INFO - Processing file /opt/airflow/dags/dag_with_minio_s3.py for tasks to queue
[2025-06-10T08:15:48.506+0000] {logging_mixin.py:190} INFO - [2025-06-10T08:15:48.505+0000] {dagbag.py:588} INFO - Filling up the DagBag from /opt/airflow/dags/dag_with_minio_s3.py
[2025-06-10T08:15:48.552+0000] {processor.py:925} INFO - DAG(s) 'dag_with_minio_s3_v05' retrieved from /opt/airflow/dags/dag_with_minio_s3.py
[2025-06-10T08:15:48.627+0000] {logging_mixin.py:190} INFO - [2025-06-10T08:15:48.626+0000] {dag.py:3239} INFO - Sync 1 DAGs
[2025-06-10T08:15:48.693+0000] {logging_mixin.py:190} INFO - [2025-06-10T08:15:48.692+0000] {dag.py:4180} INFO - Setting next_dagrun for dag_with_minio_s3_v05 to 2025-06-09 00:00:00+00:00, run_after=2025-06-10 00:00:00+00:00
[2025-06-10T08:15:48.765+0000] {processor.py:208} INFO - Processing /opt/airflow/dags/dag_with_minio_s3.py took 0.279 seconds
[2025-06-10T08:16:19.532+0000] {processor.py:186} INFO - Started process (PID=2825) to work on /opt/airflow/dags/dag_with_minio_s3.py
[2025-06-10T08:16:19.533+0000] {processor.py:914} INFO - Processing file /opt/airflow/dags/dag_with_minio_s3.py for tasks to queue
[2025-06-10T08:16:19.535+0000] {logging_mixin.py:190} INFO - [2025-06-10T08:16:19.535+0000] {dagbag.py:588} INFO - Filling up the DagBag from /opt/airflow/dags/dag_with_minio_s3.py
[2025-06-10T08:16:19.573+0000] {processor.py:925} INFO - DAG(s) 'dag_with_minio_s3_v05' retrieved from /opt/airflow/dags/dag_with_minio_s3.py
[2025-06-10T08:16:19.616+0000] {logging_mixin.py:190} INFO - [2025-06-10T08:16:19.615+0000] {dag.py:3239} INFO - Sync 1 DAGs
[2025-06-10T08:16:19.660+0000] {logging_mixin.py:190} INFO - [2025-06-10T08:16:19.659+0000] {dag.py:4180} INFO - Setting next_dagrun for dag_with_minio_s3_v05 to 2025-06-09 00:00:00+00:00, run_after=2025-06-10 00:00:00+00:00
[2025-06-10T08:16:19.704+0000] {processor.py:208} INFO - Processing /opt/airflow/dags/dag_with_minio_s3.py took 0.181 seconds
[2025-06-10T08:16:50.199+0000] {processor.py:186} INFO - Started process (PID=2881) to work on /opt/airflow/dags/dag_with_minio_s3.py
[2025-06-10T08:16:50.201+0000] {processor.py:914} INFO - Processing file /opt/airflow/dags/dag_with_minio_s3.py for tasks to queue
[2025-06-10T08:16:50.205+0000] {logging_mixin.py:190} INFO - [2025-06-10T08:16:50.204+0000] {dagbag.py:588} INFO - Filling up the DagBag from /opt/airflow/dags/dag_with_minio_s3.py
[2025-06-10T08:16:50.269+0000] {processor.py:925} INFO - DAG(s) 'dag_with_minio_s3_v05' retrieved from /opt/airflow/dags/dag_with_minio_s3.py
[2025-06-10T08:16:50.340+0000] {logging_mixin.py:190} INFO - [2025-06-10T08:16:50.339+0000] {dag.py:3239} INFO - Sync 1 DAGs
[2025-06-10T08:16:50.405+0000] {logging_mixin.py:190} INFO - [2025-06-10T08:16:50.405+0000] {dag.py:4180} INFO - Setting next_dagrun for dag_with_minio_s3_v05 to 2025-06-09 00:00:00+00:00, run_after=2025-06-10 00:00:00+00:00
[2025-06-10T08:16:50.494+0000] {processor.py:208} INFO - Processing /opt/airflow/dags/dag_with_minio_s3.py took 0.311 seconds
[2025-06-10T08:17:21.274+0000] {processor.py:186} INFO - Started process (PID=2937) to work on /opt/airflow/dags/dag_with_minio_s3.py
[2025-06-10T08:17:21.275+0000] {processor.py:914} INFO - Processing file /opt/airflow/dags/dag_with_minio_s3.py for tasks to queue
[2025-06-10T08:17:21.277+0000] {logging_mixin.py:190} INFO - [2025-06-10T08:17:21.277+0000] {dagbag.py:588} INFO - Filling up the DagBag from /opt/airflow/dags/dag_with_minio_s3.py
[2025-06-10T08:17:21.307+0000] {processor.py:925} INFO - DAG(s) 'dag_with_minio_s3_v05' retrieved from /opt/airflow/dags/dag_with_minio_s3.py
[2025-06-10T08:17:21.353+0000] {logging_mixin.py:190} INFO - [2025-06-10T08:17:21.352+0000] {dag.py:3239} INFO - Sync 1 DAGs
[2025-06-10T08:17:21.426+0000] {logging_mixin.py:190} INFO - [2025-06-10T08:17:21.426+0000] {dag.py:4180} INFO - Setting next_dagrun for dag_with_minio_s3_v05 to 2025-06-09 00:00:00+00:00, run_after=2025-06-10 00:00:00+00:00
[2025-06-10T08:17:21.469+0000] {processor.py:208} INFO - Processing /opt/airflow/dags/dag_with_minio_s3.py took 0.207 seconds
[2025-06-10T08:17:52.111+0000] {processor.py:186} INFO - Started process (PID=2993) to work on /opt/airflow/dags/dag_with_minio_s3.py
[2025-06-10T08:17:52.112+0000] {processor.py:914} INFO - Processing file /opt/airflow/dags/dag_with_minio_s3.py for tasks to queue
[2025-06-10T08:17:52.115+0000] {logging_mixin.py:190} INFO - [2025-06-10T08:17:52.115+0000] {dagbag.py:588} INFO - Filling up the DagBag from /opt/airflow/dags/dag_with_minio_s3.py
[2025-06-10T08:17:52.148+0000] {processor.py:925} INFO - DAG(s) 'dag_with_minio_s3_v05' retrieved from /opt/airflow/dags/dag_with_minio_s3.py
[2025-06-10T08:17:52.187+0000] {logging_mixin.py:190} INFO - [2025-06-10T08:17:52.186+0000] {dag.py:3239} INFO - Sync 1 DAGs
[2025-06-10T08:17:52.241+0000] {logging_mixin.py:190} INFO - [2025-06-10T08:17:52.241+0000] {dag.py:4180} INFO - Setting next_dagrun for dag_with_minio_s3_v05 to 2025-06-09 00:00:00+00:00, run_after=2025-06-10 00:00:00+00:00
[2025-06-10T08:17:52.282+0000] {processor.py:208} INFO - Processing /opt/airflow/dags/dag_with_minio_s3.py took 0.178 seconds
[2025-06-10T08:18:22.686+0000] {processor.py:186} INFO - Started process (PID=3049) to work on /opt/airflow/dags/dag_with_minio_s3.py
[2025-06-10T08:18:22.688+0000] {processor.py:914} INFO - Processing file /opt/airflow/dags/dag_with_minio_s3.py for tasks to queue
[2025-06-10T08:18:22.693+0000] {logging_mixin.py:190} INFO - [2025-06-10T08:18:22.693+0000] {dagbag.py:588} INFO - Filling up the DagBag from /opt/airflow/dags/dag_with_minio_s3.py
[2025-06-10T08:18:22.750+0000] {processor.py:925} INFO - DAG(s) 'dag_with_minio_s3_v05' retrieved from /opt/airflow/dags/dag_with_minio_s3.py
[2025-06-10T08:18:22.809+0000] {logging_mixin.py:190} INFO - [2025-06-10T08:18:22.808+0000] {dag.py:3239} INFO - Sync 1 DAGs
[2025-06-10T08:18:22.870+0000] {logging_mixin.py:190} INFO - [2025-06-10T08:18:22.869+0000] {dag.py:4180} INFO - Setting next_dagrun for dag_with_minio_s3_v05 to 2025-06-09 00:00:00+00:00, run_after=2025-06-10 00:00:00+00:00
[2025-06-10T08:18:22.921+0000] {processor.py:208} INFO - Processing /opt/airflow/dags/dag_with_minio_s3.py took 0.253 seconds
[2025-06-10T08:18:53.537+0000] {processor.py:186} INFO - Started process (PID=3106) to work on /opt/airflow/dags/dag_with_minio_s3.py
[2025-06-10T08:18:53.539+0000] {processor.py:914} INFO - Processing file /opt/airflow/dags/dag_with_minio_s3.py for tasks to queue
[2025-06-10T08:18:53.542+0000] {logging_mixin.py:190} INFO - [2025-06-10T08:18:53.542+0000] {dagbag.py:588} INFO - Filling up the DagBag from /opt/airflow/dags/dag_with_minio_s3.py
[2025-06-10T08:18:53.621+0000] {processor.py:925} INFO - DAG(s) 'dag_with_minio_s3_v05' retrieved from /opt/airflow/dags/dag_with_minio_s3.py
[2025-06-10T08:18:53.673+0000] {logging_mixin.py:190} INFO - [2025-06-10T08:18:53.673+0000] {dag.py:3239} INFO - Sync 1 DAGs
[2025-06-10T08:18:53.733+0000] {logging_mixin.py:190} INFO - [2025-06-10T08:18:53.732+0000] {dag.py:4180} INFO - Setting next_dagrun for dag_with_minio_s3_v05 to 2025-06-09 00:00:00+00:00, run_after=2025-06-10 00:00:00+00:00
[2025-06-10T08:18:53.777+0000] {processor.py:208} INFO - Processing /opt/airflow/dags/dag_with_minio_s3.py took 0.256 seconds
[2025-06-10T08:19:24.227+0000] {processor.py:186} INFO - Started process (PID=3162) to work on /opt/airflow/dags/dag_with_minio_s3.py
[2025-06-10T08:19:24.229+0000] {processor.py:914} INFO - Processing file /opt/airflow/dags/dag_with_minio_s3.py for tasks to queue
[2025-06-10T08:19:24.232+0000] {logging_mixin.py:190} INFO - [2025-06-10T08:19:24.231+0000] {dagbag.py:588} INFO - Filling up the DagBag from /opt/airflow/dags/dag_with_minio_s3.py
[2025-06-10T08:19:24.272+0000] {processor.py:925} INFO - DAG(s) 'dag_with_minio_s3_v05' retrieved from /opt/airflow/dags/dag_with_minio_s3.py
[2025-06-10T08:19:24.313+0000] {logging_mixin.py:190} INFO - [2025-06-10T08:19:24.312+0000] {dag.py:3239} INFO - Sync 1 DAGs
[2025-06-10T08:19:24.361+0000] {logging_mixin.py:190} INFO - [2025-06-10T08:19:24.360+0000] {dag.py:4180} INFO - Setting next_dagrun for dag_with_minio_s3_v05 to 2025-06-09 00:00:00+00:00, run_after=2025-06-10 00:00:00+00:00
[2025-06-10T08:19:24.394+0000] {processor.py:208} INFO - Processing /opt/airflow/dags/dag_with_minio_s3.py took 0.177 seconds
[2025-06-10T08:19:54.933+0000] {processor.py:186} INFO - Started process (PID=3219) to work on /opt/airflow/dags/dag_with_minio_s3.py
[2025-06-10T08:19:54.934+0000] {processor.py:914} INFO - Processing file /opt/airflow/dags/dag_with_minio_s3.py for tasks to queue
[2025-06-10T08:19:54.936+0000] {logging_mixin.py:190} INFO - [2025-06-10T08:19:54.936+0000] {dagbag.py:588} INFO - Filling up the DagBag from /opt/airflow/dags/dag_with_minio_s3.py
[2025-06-10T08:19:54.975+0000] {processor.py:925} INFO - DAG(s) 'dag_with_minio_s3_v05' retrieved from /opt/airflow/dags/dag_with_minio_s3.py
[2025-06-10T08:19:55.022+0000] {logging_mixin.py:190} INFO - [2025-06-10T08:19:55.022+0000] {dag.py:3239} INFO - Sync 1 DAGs
[2025-06-10T08:19:55.077+0000] {logging_mixin.py:190} INFO - [2025-06-10T08:19:55.076+0000] {dag.py:4180} INFO - Setting next_dagrun for dag_with_minio_s3_v05 to 2025-06-09 00:00:00+00:00, run_after=2025-06-10 00:00:00+00:00
[2025-06-10T08:19:55.124+0000] {processor.py:208} INFO - Processing /opt/airflow/dags/dag_with_minio_s3.py took 0.202 seconds
[2025-06-10T08:20:25.215+0000] {processor.py:186} INFO - Started process (PID=3275) to work on /opt/airflow/dags/dag_with_minio_s3.py
[2025-06-10T08:20:25.217+0000] {processor.py:914} INFO - Processing file /opt/airflow/dags/dag_with_minio_s3.py for tasks to queue
[2025-06-10T08:20:25.220+0000] {logging_mixin.py:190} INFO - [2025-06-10T08:20:25.219+0000] {dagbag.py:588} INFO - Filling up the DagBag from /opt/airflow/dags/dag_with_minio_s3.py
[2025-06-10T08:20:25.255+0000] {processor.py:925} INFO - DAG(s) 'dag_with_minio_s3_v05' retrieved from /opt/airflow/dags/dag_with_minio_s3.py
[2025-06-10T08:20:25.292+0000] {logging_mixin.py:190} INFO - [2025-06-10T08:20:25.292+0000] {dag.py:3239} INFO - Sync 1 DAGs
[2025-06-10T08:20:25.345+0000] {logging_mixin.py:190} INFO - [2025-06-10T08:20:25.344+0000] {dag.py:4180} INFO - Setting next_dagrun for dag_with_minio_s3_v05 to 2025-06-09 00:00:00+00:00, run_after=2025-06-10 00:00:00+00:00
[2025-06-10T08:20:25.379+0000] {processor.py:208} INFO - Processing /opt/airflow/dags/dag_with_minio_s3.py took 0.177 seconds
[2025-06-10T08:20:55.529+0000] {processor.py:186} INFO - Started process (PID=3331) to work on /opt/airflow/dags/dag_with_minio_s3.py
[2025-06-10T08:20:55.530+0000] {processor.py:914} INFO - Processing file /opt/airflow/dags/dag_with_minio_s3.py for tasks to queue
[2025-06-10T08:20:55.532+0000] {logging_mixin.py:190} INFO - [2025-06-10T08:20:55.531+0000] {dagbag.py:588} INFO - Filling up the DagBag from /opt/airflow/dags/dag_with_minio_s3.py
[2025-06-10T08:20:55.586+0000] {processor.py:925} INFO - DAG(s) 'dag_with_minio_s3_v05' retrieved from /opt/airflow/dags/dag_with_minio_s3.py
[2025-06-10T08:20:55.648+0000] {logging_mixin.py:190} INFO - [2025-06-10T08:20:55.648+0000] {dag.py:3239} INFO - Sync 1 DAGs
[2025-06-10T08:20:55.749+0000] {logging_mixin.py:190} INFO - [2025-06-10T08:20:55.748+0000] {dag.py:4180} INFO - Setting next_dagrun for dag_with_minio_s3_v05 to 2025-06-09 00:00:00+00:00, run_after=2025-06-10 00:00:00+00:00
[2025-06-10T08:20:55.810+0000] {processor.py:208} INFO - Processing /opt/airflow/dags/dag_with_minio_s3.py took 0.291 seconds
[2025-06-10T08:21:26.599+0000] {processor.py:186} INFO - Started process (PID=3387) to work on /opt/airflow/dags/dag_with_minio_s3.py
[2025-06-10T08:21:26.602+0000] {processor.py:914} INFO - Processing file /opt/airflow/dags/dag_with_minio_s3.py for tasks to queue
[2025-06-10T08:21:26.605+0000] {logging_mixin.py:190} INFO - [2025-06-10T08:21:26.604+0000] {dagbag.py:588} INFO - Filling up the DagBag from /opt/airflow/dags/dag_with_minio_s3.py
[2025-06-10T08:21:26.661+0000] {processor.py:925} INFO - DAG(s) 'dag_with_minio_s3_v05' retrieved from /opt/airflow/dags/dag_with_minio_s3.py
[2025-06-10T08:21:26.735+0000] {logging_mixin.py:190} INFO - [2025-06-10T08:21:26.733+0000] {dag.py:3239} INFO - Sync 1 DAGs
[2025-06-10T08:21:26.840+0000] {logging_mixin.py:190} INFO - [2025-06-10T08:21:26.840+0000] {dag.py:4180} INFO - Setting next_dagrun for dag_with_minio_s3_v05 to 2025-06-09 00:00:00+00:00, run_after=2025-06-10 00:00:00+00:00
[2025-06-10T08:21:26.906+0000] {processor.py:208} INFO - Processing /opt/airflow/dags/dag_with_minio_s3.py took 0.329 seconds
[2025-06-10T08:21:57.248+0000] {processor.py:186} INFO - Started process (PID=3443) to work on /opt/airflow/dags/dag_with_minio_s3.py
[2025-06-10T08:21:57.249+0000] {processor.py:914} INFO - Processing file /opt/airflow/dags/dag_with_minio_s3.py for tasks to queue
[2025-06-10T08:21:57.251+0000] {logging_mixin.py:190} INFO - [2025-06-10T08:21:57.251+0000] {dagbag.py:588} INFO - Filling up the DagBag from /opt/airflow/dags/dag_with_minio_s3.py
[2025-06-10T08:21:57.307+0000] {processor.py:925} INFO - DAG(s) 'dag_with_minio_s3_v05' retrieved from /opt/airflow/dags/dag_with_minio_s3.py
[2025-06-10T08:21:57.362+0000] {logging_mixin.py:190} INFO - [2025-06-10T08:21:57.361+0000] {dag.py:3239} INFO - Sync 1 DAGs
[2025-06-10T08:21:57.426+0000] {logging_mixin.py:190} INFO - [2025-06-10T08:21:57.426+0000] {dag.py:4180} INFO - Setting next_dagrun for dag_with_minio_s3_v05 to 2025-06-09 00:00:00+00:00, run_after=2025-06-10 00:00:00+00:00
[2025-06-10T08:21:57.474+0000] {processor.py:208} INFO - Processing /opt/airflow/dags/dag_with_minio_s3.py took 0.241 seconds
