[2024-11-27T07:47:51.100+0000] {processor.py:186} INFO - Started process (PID=338) to work on /home/airflow/.local/lib/python3.12/site-packages/airflow/example_dags/example_branch_labels.py
[2024-11-27T07:47:51.111+0000] {processor.py:914} INFO - Processing file /home/airflow/.local/lib/python3.12/site-packages/airflow/example_dags/example_branch_labels.py for tasks to queue
[2024-11-27T07:47:51.116+0000] {logging_mixin.py:190} INFO - [2024-11-27T07:47:51.115+0000] {dagbag.py:588} INFO - Filling up the DagBag from /home/airflow/.local/lib/python3.12/site-packages/airflow/example_dags/example_branch_labels.py
[2024-11-27T07:47:51.149+0000] {processor.py:925} INFO - DAG(s) 'example_branch_labels' retrieved from /home/airflow/.local/lib/python3.12/site-packages/airflow/example_dags/example_branch_labels.py
[2024-11-27T07:47:51.216+0000] {logging_mixin.py:190} INFO - [2024-11-27T07:47:51.215+0000] {dag.py:3239} INFO - Sync 1 DAGs
[2024-11-27T07:47:51.308+0000] {logging_mixin.py:190} INFO - [2024-11-27T07:47:51.308+0000] {dag.py:4180} INFO - Setting next_dagrun for example_branch_labels to 2024-11-26 00:00:00+00:00, run_after=2024-11-27 00:00:00+00:00
[2024-11-27T07:47:51.378+0000] {processor.py:208} INFO - Processing /home/airflow/.local/lib/python3.12/site-packages/airflow/example_dags/example_branch_labels.py took 0.295 seconds
[2024-11-27T07:48:24.745+0000] {processor.py:186} INFO - Started process (PID=629) to work on /home/airflow/.local/lib/python3.12/site-packages/airflow/example_dags/example_branch_labels.py
[2024-11-27T07:48:24.746+0000] {processor.py:914} INFO - Processing file /home/airflow/.local/lib/python3.12/site-packages/airflow/example_dags/example_branch_labels.py for tasks to queue
[2024-11-27T07:48:24.750+0000] {logging_mixin.py:190} INFO - [2024-11-27T07:48:24.749+0000] {dagbag.py:588} INFO - Filling up the DagBag from /home/airflow/.local/lib/python3.12/site-packages/airflow/example_dags/example_branch_labels.py
[2024-11-27T07:48:24.767+0000] {processor.py:925} INFO - DAG(s) 'example_branch_labels' retrieved from /home/airflow/.local/lib/python3.12/site-packages/airflow/example_dags/example_branch_labels.py
[2024-11-27T07:48:24.801+0000] {logging_mixin.py:190} INFO - [2024-11-27T07:48:24.801+0000] {dag.py:3239} INFO - Sync 1 DAGs
[2024-11-27T07:48:24.843+0000] {logging_mixin.py:190} INFO - [2024-11-27T07:48:24.843+0000] {dag.py:4180} INFO - Setting next_dagrun for example_branch_labels to 2024-11-26 00:00:00+00:00, run_after=2024-11-27 00:00:00+00:00
[2024-11-27T07:48:24.884+0000] {processor.py:208} INFO - Processing /home/airflow/.local/lib/python3.12/site-packages/airflow/example_dags/example_branch_labels.py took 0.150 seconds
[2024-11-27T07:48:55.986+0000] {processor.py:186} INFO - Started process (PID=920) to work on /home/airflow/.local/lib/python3.12/site-packages/airflow/example_dags/example_branch_labels.py
[2024-11-27T07:48:55.987+0000] {processor.py:914} INFO - Processing file /home/airflow/.local/lib/python3.12/site-packages/airflow/example_dags/example_branch_labels.py for tasks to queue
[2024-11-27T07:48:55.991+0000] {logging_mixin.py:190} INFO - [2024-11-27T07:48:55.991+0000] {dagbag.py:588} INFO - Filling up the DagBag from /home/airflow/.local/lib/python3.12/site-packages/airflow/example_dags/example_branch_labels.py
[2024-11-27T07:48:56.010+0000] {processor.py:925} INFO - DAG(s) 'example_branch_labels' retrieved from /home/airflow/.local/lib/python3.12/site-packages/airflow/example_dags/example_branch_labels.py
[2024-11-27T07:48:56.056+0000] {logging_mixin.py:190} INFO - [2024-11-27T07:48:56.055+0000] {dag.py:3239} INFO - Sync 1 DAGs
[2024-11-27T07:48:56.105+0000] {logging_mixin.py:190} INFO - [2024-11-27T07:48:56.105+0000] {dag.py:4180} INFO - Setting next_dagrun for example_branch_labels to 2024-11-26 00:00:00+00:00, run_after=2024-11-27 00:00:00+00:00
[2024-11-27T07:48:56.140+0000] {processor.py:208} INFO - Processing /home/airflow/.local/lib/python3.12/site-packages/airflow/example_dags/example_branch_labels.py took 0.161 seconds
[2024-11-27T07:49:30.546+0000] {processor.py:186} INFO - Started process (PID=1211) to work on /home/airflow/.local/lib/python3.12/site-packages/airflow/example_dags/example_branch_labels.py
[2024-11-27T07:49:30.550+0000] {processor.py:914} INFO - Processing file /home/airflow/.local/lib/python3.12/site-packages/airflow/example_dags/example_branch_labels.py for tasks to queue
[2024-11-27T07:49:30.556+0000] {logging_mixin.py:190} INFO - [2024-11-27T07:49:30.556+0000] {dagbag.py:588} INFO - Filling up the DagBag from /home/airflow/.local/lib/python3.12/site-packages/airflow/example_dags/example_branch_labels.py
[2024-11-27T07:49:30.609+0000] {processor.py:925} INFO - DAG(s) 'example_branch_labels' retrieved from /home/airflow/.local/lib/python3.12/site-packages/airflow/example_dags/example_branch_labels.py
[2024-11-27T07:49:30.693+0000] {logging_mixin.py:190} INFO - [2024-11-27T07:49:30.692+0000] {dag.py:3239} INFO - Sync 1 DAGs
[2024-11-27T07:49:30.811+0000] {logging_mixin.py:190} INFO - [2024-11-27T07:49:30.810+0000] {dag.py:4180} INFO - Setting next_dagrun for example_branch_labels to 2024-11-26 00:00:00+00:00, run_after=2024-11-27 00:00:00+00:00
[2024-11-27T07:49:30.876+0000] {processor.py:208} INFO - Processing /home/airflow/.local/lib/python3.12/site-packages/airflow/example_dags/example_branch_labels.py took 0.348 seconds
[2024-11-27T07:50:01.211+0000] {processor.py:186} INFO - Started process (PID=1503) to work on /home/airflow/.local/lib/python3.12/site-packages/airflow/example_dags/example_branch_labels.py
[2024-11-27T07:50:01.212+0000] {processor.py:914} INFO - Processing file /home/airflow/.local/lib/python3.12/site-packages/airflow/example_dags/example_branch_labels.py for tasks to queue
[2024-11-27T07:50:01.217+0000] {logging_mixin.py:190} INFO - [2024-11-27T07:50:01.216+0000] {dagbag.py:588} INFO - Filling up the DagBag from /home/airflow/.local/lib/python3.12/site-packages/airflow/example_dags/example_branch_labels.py
[2024-11-27T07:50:01.234+0000] {processor.py:925} INFO - DAG(s) 'example_branch_labels' retrieved from /home/airflow/.local/lib/python3.12/site-packages/airflow/example_dags/example_branch_labels.py
[2024-11-27T07:50:01.274+0000] {logging_mixin.py:190} INFO - [2024-11-27T07:50:01.273+0000] {dag.py:3239} INFO - Sync 1 DAGs
[2024-11-27T07:50:01.332+0000] {logging_mixin.py:190} INFO - [2024-11-27T07:50:01.331+0000] {dag.py:4180} INFO - Setting next_dagrun for example_branch_labels to 2024-11-26 00:00:00+00:00, run_after=2024-11-27 00:00:00+00:00
[2024-11-27T07:50:01.369+0000] {processor.py:208} INFO - Processing /home/airflow/.local/lib/python3.12/site-packages/airflow/example_dags/example_branch_labels.py took 0.168 seconds
[2024-11-27T07:50:32.547+0000] {processor.py:186} INFO - Started process (PID=1794) to work on /home/airflow/.local/lib/python3.12/site-packages/airflow/example_dags/example_branch_labels.py
[2024-11-27T07:50:32.550+0000] {processor.py:914} INFO - Processing file /home/airflow/.local/lib/python3.12/site-packages/airflow/example_dags/example_branch_labels.py for tasks to queue
[2024-11-27T07:50:32.555+0000] {logging_mixin.py:190} INFO - [2024-11-27T07:50:32.555+0000] {dagbag.py:588} INFO - Filling up the DagBag from /home/airflow/.local/lib/python3.12/site-packages/airflow/example_dags/example_branch_labels.py
[2024-11-27T07:50:32.578+0000] {processor.py:925} INFO - DAG(s) 'example_branch_labels' retrieved from /home/airflow/.local/lib/python3.12/site-packages/airflow/example_dags/example_branch_labels.py
[2024-11-27T07:50:32.636+0000] {logging_mixin.py:190} INFO - [2024-11-27T07:50:32.635+0000] {dag.py:3239} INFO - Sync 1 DAGs
[2024-11-27T07:50:32.691+0000] {logging_mixin.py:190} INFO - [2024-11-27T07:50:32.691+0000] {dag.py:4180} INFO - Setting next_dagrun for example_branch_labels to 2024-11-26 00:00:00+00:00, run_after=2024-11-27 00:00:00+00:00
[2024-11-27T07:50:32.724+0000] {processor.py:208} INFO - Processing /home/airflow/.local/lib/python3.12/site-packages/airflow/example_dags/example_branch_labels.py took 0.187 seconds
[2024-11-27T07:51:05.282+0000] {processor.py:186} INFO - Started process (PID=2085) to work on /home/airflow/.local/lib/python3.12/site-packages/airflow/example_dags/example_branch_labels.py
[2024-11-27T07:51:05.284+0000] {processor.py:914} INFO - Processing file /home/airflow/.local/lib/python3.12/site-packages/airflow/example_dags/example_branch_labels.py for tasks to queue
[2024-11-27T07:51:05.288+0000] {logging_mixin.py:190} INFO - [2024-11-27T07:51:05.288+0000] {dagbag.py:588} INFO - Filling up the DagBag from /home/airflow/.local/lib/python3.12/site-packages/airflow/example_dags/example_branch_labels.py
[2024-11-27T07:51:05.312+0000] {processor.py:925} INFO - DAG(s) 'example_branch_labels' retrieved from /home/airflow/.local/lib/python3.12/site-packages/airflow/example_dags/example_branch_labels.py
[2024-11-27T07:51:05.359+0000] {logging_mixin.py:190} INFO - [2024-11-27T07:51:05.359+0000] {dag.py:3239} INFO - Sync 1 DAGs
[2024-11-27T07:51:05.435+0000] {logging_mixin.py:190} INFO - [2024-11-27T07:51:05.433+0000] {dag.py:4180} INFO - Setting next_dagrun for example_branch_labels to 2024-11-26 00:00:00+00:00, run_after=2024-11-27 00:00:00+00:00
[2024-11-27T07:51:05.494+0000] {processor.py:208} INFO - Processing /home/airflow/.local/lib/python3.12/site-packages/airflow/example_dags/example_branch_labels.py took 0.223 seconds
[2024-11-27T07:51:37.116+0000] {processor.py:186} INFO - Started process (PID=2376) to work on /home/airflow/.local/lib/python3.12/site-packages/airflow/example_dags/example_branch_labels.py
[2024-11-27T07:51:37.118+0000] {processor.py:914} INFO - Processing file /home/airflow/.local/lib/python3.12/site-packages/airflow/example_dags/example_branch_labels.py for tasks to queue
[2024-11-27T07:51:37.123+0000] {logging_mixin.py:190} INFO - [2024-11-27T07:51:37.123+0000] {dagbag.py:588} INFO - Filling up the DagBag from /home/airflow/.local/lib/python3.12/site-packages/airflow/example_dags/example_branch_labels.py
[2024-11-27T07:51:37.146+0000] {processor.py:925} INFO - DAG(s) 'example_branch_labels' retrieved from /home/airflow/.local/lib/python3.12/site-packages/airflow/example_dags/example_branch_labels.py
[2024-11-27T07:51:37.197+0000] {logging_mixin.py:190} INFO - [2024-11-27T07:51:37.197+0000] {dag.py:3239} INFO - Sync 1 DAGs
[2024-11-27T07:51:37.294+0000] {logging_mixin.py:190} INFO - [2024-11-27T07:51:37.294+0000] {dag.py:4180} INFO - Setting next_dagrun for example_branch_labels to 2024-11-26 00:00:00+00:00, run_after=2024-11-27 00:00:00+00:00
[2024-11-27T07:51:37.356+0000] {processor.py:208} INFO - Processing /home/airflow/.local/lib/python3.12/site-packages/airflow/example_dags/example_branch_labels.py took 0.251 seconds
[2024-11-27T07:52:09.810+0000] {processor.py:186} INFO - Started process (PID=2673) to work on /home/airflow/.local/lib/python3.12/site-packages/airflow/example_dags/example_branch_labels.py
[2024-11-27T07:52:09.812+0000] {processor.py:914} INFO - Processing file /home/airflow/.local/lib/python3.12/site-packages/airflow/example_dags/example_branch_labels.py for tasks to queue
[2024-11-27T07:52:09.815+0000] {logging_mixin.py:190} INFO - [2024-11-27T07:52:09.814+0000] {dagbag.py:588} INFO - Filling up the DagBag from /home/airflow/.local/lib/python3.12/site-packages/airflow/example_dags/example_branch_labels.py
[2024-11-27T07:52:09.833+0000] {processor.py:925} INFO - DAG(s) 'example_branch_labels' retrieved from /home/airflow/.local/lib/python3.12/site-packages/airflow/example_dags/example_branch_labels.py
[2024-11-27T07:52:09.900+0000] {logging_mixin.py:190} INFO - [2024-11-27T07:52:09.899+0000] {dag.py:3239} INFO - Sync 1 DAGs
[2024-11-27T07:52:09.972+0000] {logging_mixin.py:190} INFO - [2024-11-27T07:52:09.971+0000] {dag.py:4180} INFO - Setting next_dagrun for example_branch_labels to 2024-11-26 00:00:00+00:00, run_after=2024-11-27 00:00:00+00:00
[2024-11-27T07:52:10.023+0000] {processor.py:208} INFO - Processing /home/airflow/.local/lib/python3.12/site-packages/airflow/example_dags/example_branch_labels.py took 0.222 seconds
[2024-11-27T07:52:41.372+0000] {processor.py:186} INFO - Started process (PID=2966) to work on /home/airflow/.local/lib/python3.12/site-packages/airflow/example_dags/example_branch_labels.py
[2024-11-27T07:52:41.374+0000] {processor.py:914} INFO - Processing file /home/airflow/.local/lib/python3.12/site-packages/airflow/example_dags/example_branch_labels.py for tasks to queue
[2024-11-27T07:52:41.377+0000] {logging_mixin.py:190} INFO - [2024-11-27T07:52:41.377+0000] {dagbag.py:588} INFO - Filling up the DagBag from /home/airflow/.local/lib/python3.12/site-packages/airflow/example_dags/example_branch_labels.py
[2024-11-27T07:52:41.389+0000] {processor.py:925} INFO - DAG(s) 'example_branch_labels' retrieved from /home/airflow/.local/lib/python3.12/site-packages/airflow/example_dags/example_branch_labels.py
[2024-11-27T07:52:41.419+0000] {logging_mixin.py:190} INFO - [2024-11-27T07:52:41.418+0000] {dag.py:3239} INFO - Sync 1 DAGs
[2024-11-27T07:52:41.455+0000] {logging_mixin.py:190} INFO - [2024-11-27T07:52:41.455+0000] {dag.py:4180} INFO - Setting next_dagrun for example_branch_labels to 2024-11-26 00:00:00+00:00, run_after=2024-11-27 00:00:00+00:00
[2024-11-27T07:52:41.486+0000] {processor.py:208} INFO - Processing /home/airflow/.local/lib/python3.12/site-packages/airflow/example_dags/example_branch_labels.py took 0.121 seconds
[2024-11-27T07:53:12.198+0000] {processor.py:186} INFO - Started process (PID=3255) to work on /home/airflow/.local/lib/python3.12/site-packages/airflow/example_dags/example_branch_labels.py
[2024-11-27T07:53:12.200+0000] {processor.py:914} INFO - Processing file /home/airflow/.local/lib/python3.12/site-packages/airflow/example_dags/example_branch_labels.py for tasks to queue
[2024-11-27T07:53:12.203+0000] {logging_mixin.py:190} INFO - [2024-11-27T07:53:12.203+0000] {dagbag.py:588} INFO - Filling up the DagBag from /home/airflow/.local/lib/python3.12/site-packages/airflow/example_dags/example_branch_labels.py
[2024-11-27T07:53:12.215+0000] {processor.py:925} INFO - DAG(s) 'example_branch_labels' retrieved from /home/airflow/.local/lib/python3.12/site-packages/airflow/example_dags/example_branch_labels.py
[2024-11-27T07:53:12.243+0000] {logging_mixin.py:190} INFO - [2024-11-27T07:53:12.242+0000] {dag.py:3239} INFO - Sync 1 DAGs
[2024-11-27T07:53:12.279+0000] {logging_mixin.py:190} INFO - [2024-11-27T07:53:12.279+0000] {dag.py:4180} INFO - Setting next_dagrun for example_branch_labels to 2024-11-26 00:00:00+00:00, run_after=2024-11-27 00:00:00+00:00
[2024-11-27T07:53:12.308+0000] {processor.py:208} INFO - Processing /home/airflow/.local/lib/python3.12/site-packages/airflow/example_dags/example_branch_labels.py took 0.118 seconds
[2024-11-27T07:53:45.056+0000] {processor.py:186} INFO - Started process (PID=3546) to work on /home/airflow/.local/lib/python3.12/site-packages/airflow/example_dags/example_branch_labels.py
[2024-11-27T07:53:45.058+0000] {processor.py:914} INFO - Processing file /home/airflow/.local/lib/python3.12/site-packages/airflow/example_dags/example_branch_labels.py for tasks to queue
[2024-11-27T07:53:45.063+0000] {logging_mixin.py:190} INFO - [2024-11-27T07:53:45.062+0000] {dagbag.py:588} INFO - Filling up the DagBag from /home/airflow/.local/lib/python3.12/site-packages/airflow/example_dags/example_branch_labels.py
[2024-11-27T07:53:45.082+0000] {processor.py:925} INFO - DAG(s) 'example_branch_labels' retrieved from /home/airflow/.local/lib/python3.12/site-packages/airflow/example_dags/example_branch_labels.py
[2024-11-27T07:53:45.114+0000] {logging_mixin.py:190} INFO - [2024-11-27T07:53:45.114+0000] {dag.py:3239} INFO - Sync 1 DAGs
[2024-11-27T07:53:45.159+0000] {logging_mixin.py:190} INFO - [2024-11-27T07:53:45.159+0000] {dag.py:4180} INFO - Setting next_dagrun for example_branch_labels to 2024-11-26 00:00:00+00:00, run_after=2024-11-27 00:00:00+00:00
[2024-11-27T07:53:45.197+0000] {processor.py:208} INFO - Processing /home/airflow/.local/lib/python3.12/site-packages/airflow/example_dags/example_branch_labels.py took 0.154 seconds
[2024-11-27T07:54:16.772+0000] {processor.py:186} INFO - Started process (PID=3837) to work on /home/airflow/.local/lib/python3.12/site-packages/airflow/example_dags/example_branch_labels.py
[2024-11-27T07:54:16.774+0000] {processor.py:914} INFO - Processing file /home/airflow/.local/lib/python3.12/site-packages/airflow/example_dags/example_branch_labels.py for tasks to queue
[2024-11-27T07:54:16.779+0000] {logging_mixin.py:190} INFO - [2024-11-27T07:54:16.778+0000] {dagbag.py:588} INFO - Filling up the DagBag from /home/airflow/.local/lib/python3.12/site-packages/airflow/example_dags/example_branch_labels.py
[2024-11-27T07:54:16.795+0000] {processor.py:925} INFO - DAG(s) 'example_branch_labels' retrieved from /home/airflow/.local/lib/python3.12/site-packages/airflow/example_dags/example_branch_labels.py
[2024-11-27T07:54:16.828+0000] {logging_mixin.py:190} INFO - [2024-11-27T07:54:16.828+0000] {dag.py:3239} INFO - Sync 1 DAGs
[2024-11-27T07:54:16.870+0000] {logging_mixin.py:190} INFO - [2024-11-27T07:54:16.870+0000] {dag.py:4180} INFO - Setting next_dagrun for example_branch_labels to 2024-11-26 00:00:00+00:00, run_after=2024-11-27 00:00:00+00:00
[2024-11-27T07:54:16.905+0000] {processor.py:208} INFO - Processing /home/airflow/.local/lib/python3.12/site-packages/airflow/example_dags/example_branch_labels.py took 0.146 seconds
[2024-11-27T07:54:48.484+0000] {processor.py:186} INFO - Started process (PID=4128) to work on /home/airflow/.local/lib/python3.12/site-packages/airflow/example_dags/example_branch_labels.py
[2024-11-27T07:54:48.485+0000] {processor.py:914} INFO - Processing file /home/airflow/.local/lib/python3.12/site-packages/airflow/example_dags/example_branch_labels.py for tasks to queue
[2024-11-27T07:54:48.488+0000] {logging_mixin.py:190} INFO - [2024-11-27T07:54:48.488+0000] {dagbag.py:588} INFO - Filling up the DagBag from /home/airflow/.local/lib/python3.12/site-packages/airflow/example_dags/example_branch_labels.py
[2024-11-27T07:54:48.501+0000] {processor.py:925} INFO - DAG(s) 'example_branch_labels' retrieved from /home/airflow/.local/lib/python3.12/site-packages/airflow/example_dags/example_branch_labels.py
[2024-11-27T07:54:48.539+0000] {logging_mixin.py:190} INFO - [2024-11-27T07:54:48.538+0000] {dag.py:3239} INFO - Sync 1 DAGs
[2024-11-27T07:54:48.575+0000] {logging_mixin.py:190} INFO - [2024-11-27T07:54:48.575+0000] {dag.py:4180} INFO - Setting next_dagrun for example_branch_labels to 2024-11-26 00:00:00+00:00, run_after=2024-11-27 00:00:00+00:00
[2024-11-27T07:54:48.610+0000] {processor.py:208} INFO - Processing /home/airflow/.local/lib/python3.12/site-packages/airflow/example_dags/example_branch_labels.py took 0.133 seconds
[2024-11-27T07:55:20.182+0000] {processor.py:186} INFO - Started process (PID=4419) to work on /home/airflow/.local/lib/python3.12/site-packages/airflow/example_dags/example_branch_labels.py
[2024-11-27T07:55:20.184+0000] {processor.py:914} INFO - Processing file /home/airflow/.local/lib/python3.12/site-packages/airflow/example_dags/example_branch_labels.py for tasks to queue
[2024-11-27T07:55:20.188+0000] {logging_mixin.py:190} INFO - [2024-11-27T07:55:20.187+0000] {dagbag.py:588} INFO - Filling up the DagBag from /home/airflow/.local/lib/python3.12/site-packages/airflow/example_dags/example_branch_labels.py
[2024-11-27T07:55:20.201+0000] {processor.py:925} INFO - DAG(s) 'example_branch_labels' retrieved from /home/airflow/.local/lib/python3.12/site-packages/airflow/example_dags/example_branch_labels.py
[2024-11-27T07:55:20.239+0000] {logging_mixin.py:190} INFO - [2024-11-27T07:55:20.238+0000] {dag.py:3239} INFO - Sync 1 DAGs
[2024-11-27T07:55:20.282+0000] {logging_mixin.py:190} INFO - [2024-11-27T07:55:20.281+0000] {dag.py:4180} INFO - Setting next_dagrun for example_branch_labels to 2024-11-26 00:00:00+00:00, run_after=2024-11-27 00:00:00+00:00
[2024-11-27T07:55:20.321+0000] {processor.py:208} INFO - Processing /home/airflow/.local/lib/python3.12/site-packages/airflow/example_dags/example_branch_labels.py took 0.149 seconds
[2024-11-27T07:55:52.387+0000] {processor.py:186} INFO - Started process (PID=4710) to work on /home/airflow/.local/lib/python3.12/site-packages/airflow/example_dags/example_branch_labels.py
[2024-11-27T07:55:52.389+0000] {processor.py:914} INFO - Processing file /home/airflow/.local/lib/python3.12/site-packages/airflow/example_dags/example_branch_labels.py for tasks to queue
[2024-11-27T07:55:52.394+0000] {logging_mixin.py:190} INFO - [2024-11-27T07:55:52.393+0000] {dagbag.py:588} INFO - Filling up the DagBag from /home/airflow/.local/lib/python3.12/site-packages/airflow/example_dags/example_branch_labels.py
[2024-11-27T07:55:52.415+0000] {processor.py:925} INFO - DAG(s) 'example_branch_labels' retrieved from /home/airflow/.local/lib/python3.12/site-packages/airflow/example_dags/example_branch_labels.py
[2024-11-27T07:55:52.457+0000] {logging_mixin.py:190} INFO - [2024-11-27T07:55:52.456+0000] {dag.py:3239} INFO - Sync 1 DAGs
[2024-11-27T07:55:52.506+0000] {logging_mixin.py:190} INFO - [2024-11-27T07:55:52.505+0000] {dag.py:4180} INFO - Setting next_dagrun for example_branch_labels to 2024-11-26 00:00:00+00:00, run_after=2024-11-27 00:00:00+00:00
[2024-11-27T07:55:52.557+0000] {processor.py:208} INFO - Processing /home/airflow/.local/lib/python3.12/site-packages/airflow/example_dags/example_branch_labels.py took 0.182 seconds
[2024-11-27T07:56:24.617+0000] {processor.py:186} INFO - Started process (PID=5001) to work on /home/airflow/.local/lib/python3.12/site-packages/airflow/example_dags/example_branch_labels.py
[2024-11-27T07:56:24.619+0000] {processor.py:914} INFO - Processing file /home/airflow/.local/lib/python3.12/site-packages/airflow/example_dags/example_branch_labels.py for tasks to queue
[2024-11-27T07:56:24.630+0000] {logging_mixin.py:190} INFO - [2024-11-27T07:56:24.629+0000] {dagbag.py:588} INFO - Filling up the DagBag from /home/airflow/.local/lib/python3.12/site-packages/airflow/example_dags/example_branch_labels.py
[2024-11-27T07:56:24.661+0000] {processor.py:925} INFO - DAG(s) 'example_branch_labels' retrieved from /home/airflow/.local/lib/python3.12/site-packages/airflow/example_dags/example_branch_labels.py
[2024-11-27T07:56:24.748+0000] {logging_mixin.py:190} INFO - [2024-11-27T07:56:24.748+0000] {dag.py:3239} INFO - Sync 1 DAGs
[2024-11-27T07:56:24.868+0000] {logging_mixin.py:190} INFO - [2024-11-27T07:56:24.867+0000] {dag.py:4180} INFO - Setting next_dagrun for example_branch_labels to 2024-11-26 00:00:00+00:00, run_after=2024-11-27 00:00:00+00:00
[2024-11-27T07:56:24.943+0000] {processor.py:208} INFO - Processing /home/airflow/.local/lib/python3.12/site-packages/airflow/example_dags/example_branch_labels.py took 0.343 seconds
[2024-11-27T07:56:56.278+0000] {processor.py:186} INFO - Started process (PID=5294) to work on /home/airflow/.local/lib/python3.12/site-packages/airflow/example_dags/example_branch_labels.py
[2024-11-27T07:56:56.280+0000] {processor.py:914} INFO - Processing file /home/airflow/.local/lib/python3.12/site-packages/airflow/example_dags/example_branch_labels.py for tasks to queue
[2024-11-27T07:56:56.286+0000] {logging_mixin.py:190} INFO - [2024-11-27T07:56:56.285+0000] {dagbag.py:588} INFO - Filling up the DagBag from /home/airflow/.local/lib/python3.12/site-packages/airflow/example_dags/example_branch_labels.py
[2024-11-27T07:56:56.305+0000] {processor.py:925} INFO - DAG(s) 'example_branch_labels' retrieved from /home/airflow/.local/lib/python3.12/site-packages/airflow/example_dags/example_branch_labels.py
[2024-11-27T07:56:56.350+0000] {logging_mixin.py:190} INFO - [2024-11-27T07:56:56.350+0000] {dag.py:3239} INFO - Sync 1 DAGs
[2024-11-27T07:56:56.408+0000] {logging_mixin.py:190} INFO - [2024-11-27T07:56:56.408+0000] {dag.py:4180} INFO - Setting next_dagrun for example_branch_labels to 2024-11-26 00:00:00+00:00, run_after=2024-11-27 00:00:00+00:00
[2024-11-27T07:56:56.502+0000] {processor.py:208} INFO - Processing /home/airflow/.local/lib/python3.12/site-packages/airflow/example_dags/example_branch_labels.py took 0.234 seconds
[2024-11-27T07:57:29.274+0000] {processor.py:186} INFO - Started process (PID=5583) to work on /home/airflow/.local/lib/python3.12/site-packages/airflow/example_dags/example_branch_labels.py
[2024-11-27T07:57:29.276+0000] {processor.py:914} INFO - Processing file /home/airflow/.local/lib/python3.12/site-packages/airflow/example_dags/example_branch_labels.py for tasks to queue
[2024-11-27T07:57:29.280+0000] {logging_mixin.py:190} INFO - [2024-11-27T07:57:29.280+0000] {dagbag.py:588} INFO - Filling up the DagBag from /home/airflow/.local/lib/python3.12/site-packages/airflow/example_dags/example_branch_labels.py
[2024-11-27T07:57:29.304+0000] {processor.py:925} INFO - DAG(s) 'example_branch_labels' retrieved from /home/airflow/.local/lib/python3.12/site-packages/airflow/example_dags/example_branch_labels.py
[2024-11-27T07:57:29.349+0000] {logging_mixin.py:190} INFO - [2024-11-27T07:57:29.349+0000] {dag.py:3239} INFO - Sync 1 DAGs
[2024-11-27T07:57:29.396+0000] {logging_mixin.py:190} INFO - [2024-11-27T07:57:29.395+0000] {dag.py:4180} INFO - Setting next_dagrun for example_branch_labels to 2024-11-26 00:00:00+00:00, run_after=2024-11-27 00:00:00+00:00
[2024-11-27T07:57:29.432+0000] {processor.py:208} INFO - Processing /home/airflow/.local/lib/python3.12/site-packages/airflow/example_dags/example_branch_labels.py took 0.172 seconds
[2024-11-27T07:58:00.656+0000] {processor.py:186} INFO - Started process (PID=5875) to work on /home/airflow/.local/lib/python3.12/site-packages/airflow/example_dags/example_branch_labels.py
[2024-11-27T07:58:00.658+0000] {processor.py:914} INFO - Processing file /home/airflow/.local/lib/python3.12/site-packages/airflow/example_dags/example_branch_labels.py for tasks to queue
[2024-11-27T07:58:00.662+0000] {logging_mixin.py:190} INFO - [2024-11-27T07:58:00.661+0000] {dagbag.py:588} INFO - Filling up the DagBag from /home/airflow/.local/lib/python3.12/site-packages/airflow/example_dags/example_branch_labels.py
[2024-11-27T07:58:00.677+0000] {processor.py:925} INFO - DAG(s) 'example_branch_labels' retrieved from /home/airflow/.local/lib/python3.12/site-packages/airflow/example_dags/example_branch_labels.py
[2024-11-27T07:58:00.714+0000] {logging_mixin.py:190} INFO - [2024-11-27T07:58:00.714+0000] {dag.py:3239} INFO - Sync 1 DAGs
[2024-11-27T07:58:00.761+0000] {logging_mixin.py:190} INFO - [2024-11-27T07:58:00.760+0000] {dag.py:4180} INFO - Setting next_dagrun for example_branch_labels to 2024-11-26 00:00:00+00:00, run_after=2024-11-27 00:00:00+00:00
[2024-11-27T07:58:00.796+0000] {processor.py:208} INFO - Processing /home/airflow/.local/lib/python3.12/site-packages/airflow/example_dags/example_branch_labels.py took 0.151 seconds
[2024-11-27T07:58:33.575+0000] {processor.py:186} INFO - Started process (PID=6186) to work on /home/airflow/.local/lib/python3.12/site-packages/airflow/example_dags/example_branch_labels.py
[2024-11-27T07:58:33.576+0000] {processor.py:914} INFO - Processing file /home/airflow/.local/lib/python3.12/site-packages/airflow/example_dags/example_branch_labels.py for tasks to queue
[2024-11-27T07:58:33.580+0000] {logging_mixin.py:190} INFO - [2024-11-27T07:58:33.579+0000] {dagbag.py:588} INFO - Filling up the DagBag from /home/airflow/.local/lib/python3.12/site-packages/airflow/example_dags/example_branch_labels.py
[2024-11-27T07:58:33.597+0000] {processor.py:925} INFO - DAG(s) 'example_branch_labels' retrieved from /home/airflow/.local/lib/python3.12/site-packages/airflow/example_dags/example_branch_labels.py
[2024-11-27T07:58:33.630+0000] {logging_mixin.py:190} INFO - [2024-11-27T07:58:33.630+0000] {dag.py:3239} INFO - Sync 1 DAGs
[2024-11-27T07:58:33.679+0000] {logging_mixin.py:190} INFO - [2024-11-27T07:58:33.678+0000] {dag.py:4180} INFO - Setting next_dagrun for example_branch_labels to 2024-11-26 00:00:00+00:00, run_after=2024-11-27 00:00:00+00:00
[2024-11-27T07:58:33.720+0000] {processor.py:208} INFO - Processing /home/airflow/.local/lib/python3.12/site-packages/airflow/example_dags/example_branch_labels.py took 0.153 seconds
[2024-11-27T07:59:06.817+0000] {processor.py:186} INFO - Started process (PID=6477) to work on /home/airflow/.local/lib/python3.12/site-packages/airflow/example_dags/example_branch_labels.py
[2024-11-27T07:59:06.820+0000] {processor.py:914} INFO - Processing file /home/airflow/.local/lib/python3.12/site-packages/airflow/example_dags/example_branch_labels.py for tasks to queue
[2024-11-27T07:59:06.825+0000] {logging_mixin.py:190} INFO - [2024-11-27T07:59:06.824+0000] {dagbag.py:588} INFO - Filling up the DagBag from /home/airflow/.local/lib/python3.12/site-packages/airflow/example_dags/example_branch_labels.py
[2024-11-27T07:59:06.871+0000] {processor.py:925} INFO - DAG(s) 'example_branch_labels' retrieved from /home/airflow/.local/lib/python3.12/site-packages/airflow/example_dags/example_branch_labels.py
[2024-11-27T07:59:06.973+0000] {logging_mixin.py:190} INFO - [2024-11-27T07:59:06.973+0000] {dag.py:3239} INFO - Sync 1 DAGs
[2024-11-27T07:59:07.052+0000] {logging_mixin.py:190} INFO - [2024-11-27T07:59:07.051+0000] {dag.py:4180} INFO - Setting next_dagrun for example_branch_labels to 2024-11-26 00:00:00+00:00, run_after=2024-11-27 00:00:00+00:00
[2024-11-27T07:59:07.094+0000] {processor.py:208} INFO - Processing /home/airflow/.local/lib/python3.12/site-packages/airflow/example_dags/example_branch_labels.py took 0.297 seconds
[2024-11-27T07:59:37.593+0000] {processor.py:186} INFO - Started process (PID=6768) to work on /home/airflow/.local/lib/python3.12/site-packages/airflow/example_dags/example_branch_labels.py
[2024-11-27T07:59:37.595+0000] {processor.py:914} INFO - Processing file /home/airflow/.local/lib/python3.12/site-packages/airflow/example_dags/example_branch_labels.py for tasks to queue
[2024-11-27T07:59:37.600+0000] {logging_mixin.py:190} INFO - [2024-11-27T07:59:37.600+0000] {dagbag.py:588} INFO - Filling up the DagBag from /home/airflow/.local/lib/python3.12/site-packages/airflow/example_dags/example_branch_labels.py
[2024-11-27T07:59:37.618+0000] {processor.py:925} INFO - DAG(s) 'example_branch_labels' retrieved from /home/airflow/.local/lib/python3.12/site-packages/airflow/example_dags/example_branch_labels.py
[2024-11-27T07:59:37.659+0000] {logging_mixin.py:190} INFO - [2024-11-27T07:59:37.659+0000] {dag.py:3239} INFO - Sync 1 DAGs
[2024-11-27T07:59:37.711+0000] {logging_mixin.py:190} INFO - [2024-11-27T07:59:37.710+0000] {dag.py:4180} INFO - Setting next_dagrun for example_branch_labels to 2024-11-26 00:00:00+00:00, run_after=2024-11-27 00:00:00+00:00
[2024-11-27T07:59:37.753+0000] {processor.py:208} INFO - Processing /home/airflow/.local/lib/python3.12/site-packages/airflow/example_dags/example_branch_labels.py took 0.181 seconds
[2024-11-27T08:00:08.852+0000] {processor.py:186} INFO - Started process (PID=7059) to work on /home/airflow/.local/lib/python3.12/site-packages/airflow/example_dags/example_branch_labels.py
[2024-11-27T08:00:08.854+0000] {processor.py:914} INFO - Processing file /home/airflow/.local/lib/python3.12/site-packages/airflow/example_dags/example_branch_labels.py for tasks to queue
[2024-11-27T08:00:08.858+0000] {logging_mixin.py:190} INFO - [2024-11-27T08:00:08.857+0000] {dagbag.py:588} INFO - Filling up the DagBag from /home/airflow/.local/lib/python3.12/site-packages/airflow/example_dags/example_branch_labels.py
[2024-11-27T08:00:08.874+0000] {processor.py:925} INFO - DAG(s) 'example_branch_labels' retrieved from /home/airflow/.local/lib/python3.12/site-packages/airflow/example_dags/example_branch_labels.py
[2024-11-27T08:00:08.913+0000] {logging_mixin.py:190} INFO - [2024-11-27T08:00:08.913+0000] {dag.py:3239} INFO - Sync 1 DAGs
[2024-11-27T08:00:08.961+0000] {logging_mixin.py:190} INFO - [2024-11-27T08:00:08.960+0000] {dag.py:4180} INFO - Setting next_dagrun for example_branch_labels to 2024-11-26 00:00:00+00:00, run_after=2024-11-27 00:00:00+00:00
[2024-11-27T08:00:09.006+0000] {processor.py:208} INFO - Processing /home/airflow/.local/lib/python3.12/site-packages/airflow/example_dags/example_branch_labels.py took 0.165 seconds
[2024-11-27T08:00:40.866+0000] {processor.py:186} INFO - Started process (PID=7366) to work on /home/airflow/.local/lib/python3.12/site-packages/airflow/example_dags/example_branch_labels.py
[2024-11-27T08:00:40.867+0000] {processor.py:914} INFO - Processing file /home/airflow/.local/lib/python3.12/site-packages/airflow/example_dags/example_branch_labels.py for tasks to queue
[2024-11-27T08:00:40.871+0000] {logging_mixin.py:190} INFO - [2024-11-27T08:00:40.870+0000] {dagbag.py:588} INFO - Filling up the DagBag from /home/airflow/.local/lib/python3.12/site-packages/airflow/example_dags/example_branch_labels.py
[2024-11-27T08:00:40.886+0000] {processor.py:925} INFO - DAG(s) 'example_branch_labels' retrieved from /home/airflow/.local/lib/python3.12/site-packages/airflow/example_dags/example_branch_labels.py
[2024-11-27T08:00:40.915+0000] {logging_mixin.py:190} INFO - [2024-11-27T08:00:40.915+0000] {dag.py:3239} INFO - Sync 1 DAGs
[2024-11-27T08:00:40.963+0000] {logging_mixin.py:190} INFO - [2024-11-27T08:00:40.962+0000] {dag.py:4180} INFO - Setting next_dagrun for example_branch_labels to 2024-11-26 00:00:00+00:00, run_after=2024-11-27 00:00:00+00:00
[2024-11-27T08:00:40.999+0000] {processor.py:208} INFO - Processing /home/airflow/.local/lib/python3.12/site-packages/airflow/example_dags/example_branch_labels.py took 0.141 seconds
[2024-11-27T08:01:13.696+0000] {processor.py:186} INFO - Started process (PID=7657) to work on /home/airflow/.local/lib/python3.12/site-packages/airflow/example_dags/example_branch_labels.py
[2024-11-27T08:01:13.697+0000] {processor.py:914} INFO - Processing file /home/airflow/.local/lib/python3.12/site-packages/airflow/example_dags/example_branch_labels.py for tasks to queue
[2024-11-27T08:01:13.700+0000] {logging_mixin.py:190} INFO - [2024-11-27T08:01:13.700+0000] {dagbag.py:588} INFO - Filling up the DagBag from /home/airflow/.local/lib/python3.12/site-packages/airflow/example_dags/example_branch_labels.py
[2024-11-27T08:01:13.715+0000] {processor.py:925} INFO - DAG(s) 'example_branch_labels' retrieved from /home/airflow/.local/lib/python3.12/site-packages/airflow/example_dags/example_branch_labels.py
[2024-11-27T08:01:13.753+0000] {logging_mixin.py:190} INFO - [2024-11-27T08:01:13.753+0000] {dag.py:3239} INFO - Sync 1 DAGs
[2024-11-27T08:01:13.800+0000] {logging_mixin.py:190} INFO - [2024-11-27T08:01:13.800+0000] {dag.py:4180} INFO - Setting next_dagrun for example_branch_labels to 2024-11-26 00:00:00+00:00, run_after=2024-11-27 00:00:00+00:00
[2024-11-27T08:01:13.837+0000] {processor.py:208} INFO - Processing /home/airflow/.local/lib/python3.12/site-packages/airflow/example_dags/example_branch_labels.py took 0.149 seconds
[2024-11-27T08:01:46.441+0000] {processor.py:186} INFO - Started process (PID=7980) to work on /home/airflow/.local/lib/python3.12/site-packages/airflow/example_dags/example_branch_labels.py
[2024-11-27T08:01:46.443+0000] {processor.py:914} INFO - Processing file /home/airflow/.local/lib/python3.12/site-packages/airflow/example_dags/example_branch_labels.py for tasks to queue
[2024-11-27T08:01:46.447+0000] {logging_mixin.py:190} INFO - [2024-11-27T08:01:46.446+0000] {dagbag.py:588} INFO - Filling up the DagBag from /home/airflow/.local/lib/python3.12/site-packages/airflow/example_dags/example_branch_labels.py
[2024-11-27T08:01:46.465+0000] {processor.py:925} INFO - DAG(s) 'example_branch_labels' retrieved from /home/airflow/.local/lib/python3.12/site-packages/airflow/example_dags/example_branch_labels.py
[2024-11-27T08:01:46.497+0000] {logging_mixin.py:190} INFO - [2024-11-27T08:01:46.497+0000] {dag.py:3239} INFO - Sync 1 DAGs
[2024-11-27T08:01:46.545+0000] {logging_mixin.py:190} INFO - [2024-11-27T08:01:46.544+0000] {dag.py:4180} INFO - Setting next_dagrun for example_branch_labels to 2024-11-26 00:00:00+00:00, run_after=2024-11-27 00:00:00+00:00
[2024-11-27T08:01:46.578+0000] {processor.py:208} INFO - Processing /home/airflow/.local/lib/python3.12/site-packages/airflow/example_dags/example_branch_labels.py took 0.149 seconds
[2024-11-27T08:02:25.626+0000] {processor.py:186} INFO - Started process (PID=8305) to work on /home/airflow/.local/lib/python3.12/site-packages/airflow/example_dags/example_branch_labels.py
[2024-11-27T08:02:25.629+0000] {processor.py:914} INFO - Processing file /home/airflow/.local/lib/python3.12/site-packages/airflow/example_dags/example_branch_labels.py for tasks to queue
[2024-11-27T08:02:25.642+0000] {logging_mixin.py:190} INFO - [2024-11-27T08:02:25.642+0000] {dagbag.py:588} INFO - Filling up the DagBag from /home/airflow/.local/lib/python3.12/site-packages/airflow/example_dags/example_branch_labels.py
[2024-11-27T08:02:25.670+0000] {processor.py:925} INFO - DAG(s) 'example_branch_labels' retrieved from /home/airflow/.local/lib/python3.12/site-packages/airflow/example_dags/example_branch_labels.py
[2024-11-27T08:02:25.747+0000] {logging_mixin.py:190} INFO - [2024-11-27T08:02:25.747+0000] {dag.py:3239} INFO - Sync 1 DAGs
[2024-11-27T08:02:25.883+0000] {logging_mixin.py:190} INFO - [2024-11-27T08:02:25.882+0000] {dag.py:4180} INFO - Setting next_dagrun for example_branch_labels to 2024-11-26 00:00:00+00:00, run_after=2024-11-27 00:00:00+00:00
[2024-11-27T08:02:26.046+0000] {processor.py:208} INFO - Processing /home/airflow/.local/lib/python3.12/site-packages/airflow/example_dags/example_branch_labels.py took 0.439 seconds
[2024-11-27T08:02:56.737+0000] {processor.py:186} INFO - Started process (PID=8596) to work on /home/airflow/.local/lib/python3.12/site-packages/airflow/example_dags/example_branch_labels.py
[2024-11-27T08:02:56.739+0000] {processor.py:914} INFO - Processing file /home/airflow/.local/lib/python3.12/site-packages/airflow/example_dags/example_branch_labels.py for tasks to queue
[2024-11-27T08:02:56.744+0000] {logging_mixin.py:190} INFO - [2024-11-27T08:02:56.743+0000] {dagbag.py:588} INFO - Filling up the DagBag from /home/airflow/.local/lib/python3.12/site-packages/airflow/example_dags/example_branch_labels.py
[2024-11-27T08:02:56.763+0000] {processor.py:925} INFO - DAG(s) 'example_branch_labels' retrieved from /home/airflow/.local/lib/python3.12/site-packages/airflow/example_dags/example_branch_labels.py
[2024-11-27T08:02:56.802+0000] {logging_mixin.py:190} INFO - [2024-11-27T08:02:56.801+0000] {dag.py:3239} INFO - Sync 1 DAGs
[2024-11-27T08:02:56.848+0000] {logging_mixin.py:190} INFO - [2024-11-27T08:02:56.847+0000] {dag.py:4180} INFO - Setting next_dagrun for example_branch_labels to 2024-11-26 00:00:00+00:00, run_after=2024-11-27 00:00:00+00:00
[2024-11-27T08:02:56.888+0000] {processor.py:208} INFO - Processing /home/airflow/.local/lib/python3.12/site-packages/airflow/example_dags/example_branch_labels.py took 0.161 seconds
[2024-11-27T08:03:27.835+0000] {processor.py:186} INFO - Started process (PID=8887) to work on /home/airflow/.local/lib/python3.12/site-packages/airflow/example_dags/example_branch_labels.py
[2024-11-27T08:03:27.837+0000] {processor.py:914} INFO - Processing file /home/airflow/.local/lib/python3.12/site-packages/airflow/example_dags/example_branch_labels.py for tasks to queue
[2024-11-27T08:03:27.844+0000] {logging_mixin.py:190} INFO - [2024-11-27T08:03:27.843+0000] {dagbag.py:588} INFO - Filling up the DagBag from /home/airflow/.local/lib/python3.12/site-packages/airflow/example_dags/example_branch_labels.py
[2024-11-27T08:03:27.860+0000] {processor.py:925} INFO - DAG(s) 'example_branch_labels' retrieved from /home/airflow/.local/lib/python3.12/site-packages/airflow/example_dags/example_branch_labels.py
[2024-11-27T08:03:27.903+0000] {logging_mixin.py:190} INFO - [2024-11-27T08:03:27.902+0000] {dag.py:3239} INFO - Sync 1 DAGs
[2024-11-27T08:03:27.961+0000] {logging_mixin.py:190} INFO - [2024-11-27T08:03:27.961+0000] {dag.py:4180} INFO - Setting next_dagrun for example_branch_labels to 2024-11-26 00:00:00+00:00, run_after=2024-11-27 00:00:00+00:00
[2024-11-27T08:03:27.991+0000] {processor.py:208} INFO - Processing /home/airflow/.local/lib/python3.12/site-packages/airflow/example_dags/example_branch_labels.py took 0.166 seconds
[2024-11-27T08:03:58.267+0000] {processor.py:186} INFO - Started process (PID=9179) to work on /home/airflow/.local/lib/python3.12/site-packages/airflow/example_dags/example_branch_labels.py
[2024-11-27T08:03:58.269+0000] {processor.py:914} INFO - Processing file /home/airflow/.local/lib/python3.12/site-packages/airflow/example_dags/example_branch_labels.py for tasks to queue
[2024-11-27T08:03:58.275+0000] {logging_mixin.py:190} INFO - [2024-11-27T08:03:58.274+0000] {dagbag.py:588} INFO - Filling up the DagBag from /home/airflow/.local/lib/python3.12/site-packages/airflow/example_dags/example_branch_labels.py
[2024-11-27T08:03:58.296+0000] {processor.py:925} INFO - DAG(s) 'example_branch_labels' retrieved from /home/airflow/.local/lib/python3.12/site-packages/airflow/example_dags/example_branch_labels.py
[2024-11-27T08:03:58.331+0000] {logging_mixin.py:190} INFO - [2024-11-27T08:03:58.330+0000] {dag.py:3239} INFO - Sync 1 DAGs
[2024-11-27T08:03:58.376+0000] {logging_mixin.py:190} INFO - [2024-11-27T08:03:58.375+0000] {dag.py:4180} INFO - Setting next_dagrun for example_branch_labels to 2024-11-26 00:00:00+00:00, run_after=2024-11-27 00:00:00+00:00
[2024-11-27T08:03:58.410+0000] {processor.py:208} INFO - Processing /home/airflow/.local/lib/python3.12/site-packages/airflow/example_dags/example_branch_labels.py took 0.153 seconds
[2024-11-27T08:04:28.806+0000] {processor.py:186} INFO - Started process (PID=9471) to work on /home/airflow/.local/lib/python3.12/site-packages/airflow/example_dags/example_branch_labels.py
[2024-11-27T08:04:28.807+0000] {processor.py:914} INFO - Processing file /home/airflow/.local/lib/python3.12/site-packages/airflow/example_dags/example_branch_labels.py for tasks to queue
[2024-11-27T08:04:28.811+0000] {logging_mixin.py:190} INFO - [2024-11-27T08:04:28.810+0000] {dagbag.py:588} INFO - Filling up the DagBag from /home/airflow/.local/lib/python3.12/site-packages/airflow/example_dags/example_branch_labels.py
[2024-11-27T08:04:28.826+0000] {processor.py:925} INFO - DAG(s) 'example_branch_labels' retrieved from /home/airflow/.local/lib/python3.12/site-packages/airflow/example_dags/example_branch_labels.py
[2024-11-27T08:04:28.857+0000] {logging_mixin.py:190} INFO - [2024-11-27T08:04:28.856+0000] {dag.py:3239} INFO - Sync 1 DAGs
[2024-11-27T08:04:28.895+0000] {logging_mixin.py:190} INFO - [2024-11-27T08:04:28.895+0000] {dag.py:4180} INFO - Setting next_dagrun for example_branch_labels to 2024-11-26 00:00:00+00:00, run_after=2024-11-27 00:00:00+00:00
[2024-11-27T08:04:28.923+0000] {processor.py:208} INFO - Processing /home/airflow/.local/lib/python3.12/site-packages/airflow/example_dags/example_branch_labels.py took 0.124 seconds
[2024-11-27T08:05:01.200+0000] {logging_mixin.py:190} INFO - [2024-11-27T08:05:01.199+0000] {process_utils.py:266} INFO - Waiting up to 5 seconds for processes to exit...
[2024-11-27T08:06:09.253+0000] {processor.py:186} INFO - Started process (PID=332) to work on /home/airflow/.local/lib/python3.12/site-packages/airflow/example_dags/example_branch_labels.py
[2024-11-27T08:06:09.255+0000] {processor.py:914} INFO - Processing file /home/airflow/.local/lib/python3.12/site-packages/airflow/example_dags/example_branch_labels.py for tasks to queue
[2024-11-27T08:06:09.259+0000] {logging_mixin.py:190} INFO - [2024-11-27T08:06:09.258+0000] {dagbag.py:588} INFO - Filling up the DagBag from /home/airflow/.local/lib/python3.12/site-packages/airflow/example_dags/example_branch_labels.py
[2024-11-27T08:06:09.284+0000] {processor.py:925} INFO - DAG(s) 'example_branch_labels' retrieved from /home/airflow/.local/lib/python3.12/site-packages/airflow/example_dags/example_branch_labels.py
[2024-11-27T08:06:09.322+0000] {logging_mixin.py:190} INFO - [2024-11-27T08:06:09.321+0000] {dag.py:3239} INFO - Sync 1 DAGs
[2024-11-27T08:06:09.367+0000] {logging_mixin.py:190} INFO - [2024-11-27T08:06:09.366+0000] {dag.py:4180} INFO - Setting next_dagrun for example_branch_labels to 2024-11-26 00:00:00+00:00, run_after=2024-11-27 00:00:00+00:00
[2024-11-27T08:06:09.399+0000] {processor.py:208} INFO - Processing /home/airflow/.local/lib/python3.12/site-packages/airflow/example_dags/example_branch_labels.py took 0.156 seconds
[2024-11-27T08:06:43.219+0000] {processor.py:186} INFO - Started process (PID=623) to work on /home/airflow/.local/lib/python3.12/site-packages/airflow/example_dags/example_branch_labels.py
[2024-11-27T08:06:43.221+0000] {processor.py:914} INFO - Processing file /home/airflow/.local/lib/python3.12/site-packages/airflow/example_dags/example_branch_labels.py for tasks to queue
[2024-11-27T08:06:43.227+0000] {logging_mixin.py:190} INFO - [2024-11-27T08:06:43.226+0000] {dagbag.py:588} INFO - Filling up the DagBag from /home/airflow/.local/lib/python3.12/site-packages/airflow/example_dags/example_branch_labels.py
[2024-11-27T08:06:43.247+0000] {processor.py:925} INFO - DAG(s) 'example_branch_labels' retrieved from /home/airflow/.local/lib/python3.12/site-packages/airflow/example_dags/example_branch_labels.py
[2024-11-27T08:06:43.312+0000] {logging_mixin.py:190} INFO - [2024-11-27T08:06:43.312+0000] {dag.py:3239} INFO - Sync 1 DAGs
[2024-11-27T08:06:43.380+0000] {logging_mixin.py:190} INFO - [2024-11-27T08:06:43.379+0000] {dag.py:4180} INFO - Setting next_dagrun for example_branch_labels to 2024-11-26 00:00:00+00:00, run_after=2024-11-27 00:00:00+00:00
[2024-11-27T08:06:43.424+0000] {processor.py:208} INFO - Processing /home/airflow/.local/lib/python3.12/site-packages/airflow/example_dags/example_branch_labels.py took 0.221 seconds
[2024-11-27T08:07:15.078+0000] {processor.py:186} INFO - Started process (PID=914) to work on /home/airflow/.local/lib/python3.12/site-packages/airflow/example_dags/example_branch_labels.py
[2024-11-27T08:07:15.080+0000] {processor.py:914} INFO - Processing file /home/airflow/.local/lib/python3.12/site-packages/airflow/example_dags/example_branch_labels.py for tasks to queue
[2024-11-27T08:07:15.085+0000] {logging_mixin.py:190} INFO - [2024-11-27T08:07:15.084+0000] {dagbag.py:588} INFO - Filling up the DagBag from /home/airflow/.local/lib/python3.12/site-packages/airflow/example_dags/example_branch_labels.py
[2024-11-27T08:07:15.102+0000] {processor.py:925} INFO - DAG(s) 'example_branch_labels' retrieved from /home/airflow/.local/lib/python3.12/site-packages/airflow/example_dags/example_branch_labels.py
[2024-11-27T08:07:15.145+0000] {logging_mixin.py:190} INFO - [2024-11-27T08:07:15.145+0000] {dag.py:3239} INFO - Sync 1 DAGs
[2024-11-27T08:07:15.208+0000] {logging_mixin.py:190} INFO - [2024-11-27T08:07:15.205+0000] {dag.py:4180} INFO - Setting next_dagrun for example_branch_labels to 2024-11-26 00:00:00+00:00, run_after=2024-11-27 00:00:00+00:00
[2024-11-27T08:07:15.256+0000] {processor.py:208} INFO - Processing /home/airflow/.local/lib/python3.12/site-packages/airflow/example_dags/example_branch_labels.py took 0.187 seconds
[2024-11-27T08:07:46.877+0000] {processor.py:186} INFO - Started process (PID=1211) to work on /home/airflow/.local/lib/python3.12/site-packages/airflow/example_dags/example_branch_labels.py
[2024-11-27T08:07:46.878+0000] {processor.py:914} INFO - Processing file /home/airflow/.local/lib/python3.12/site-packages/airflow/example_dags/example_branch_labels.py for tasks to queue
[2024-11-27T08:07:46.882+0000] {logging_mixin.py:190} INFO - [2024-11-27T08:07:46.882+0000] {dagbag.py:588} INFO - Filling up the DagBag from /home/airflow/.local/lib/python3.12/site-packages/airflow/example_dags/example_branch_labels.py
[2024-11-27T08:07:46.896+0000] {processor.py:925} INFO - DAG(s) 'example_branch_labels' retrieved from /home/airflow/.local/lib/python3.12/site-packages/airflow/example_dags/example_branch_labels.py
[2024-11-27T08:07:46.928+0000] {logging_mixin.py:190} INFO - [2024-11-27T08:07:46.928+0000] {dag.py:3239} INFO - Sync 1 DAGs
[2024-11-27T08:07:46.968+0000] {logging_mixin.py:190} INFO - [2024-11-27T08:07:46.967+0000] {dag.py:4180} INFO - Setting next_dagrun for example_branch_labels to 2024-11-26 00:00:00+00:00, run_after=2024-11-27 00:00:00+00:00
[2024-11-27T08:07:47.000+0000] {processor.py:208} INFO - Processing /home/airflow/.local/lib/python3.12/site-packages/airflow/example_dags/example_branch_labels.py took 0.130 seconds
