[2024-11-27T07:47:44.556+0000] {processor.py:186} INFO - Started process (PID=208) to work on /home/airflow/.local/lib/python3.12/site-packages/airflow/example_dags/example_branch_operator.py
[2024-11-27T07:47:44.558+0000] {processor.py:914} INFO - Processing file /home/airflow/.local/lib/python3.12/site-packages/airflow/example_dags/example_branch_operator.py for tasks to queue
[2024-11-27T07:47:44.562+0000] {logging_mixin.py:190} INFO - [2024-11-27T07:47:44.561+0000] {dagbag.py:588} INFO - Filling up the DagBag from /home/airflow/.local/lib/python3.12/site-packages/airflow/example_dags/example_branch_operator.py
[2024-11-27T07:47:44.601+0000] {processor.py:925} INFO - DAG(s) 'example_branch_operator' retrieved from /home/airflow/.local/lib/python3.12/site-packages/airflow/example_dags/example_branch_operator.py
[2024-11-27T07:47:44.892+0000] {logging_mixin.py:190} INFO - [2024-11-27T07:47:44.891+0000] {dag.py:3239} INFO - Sync 1 DAGs
[2024-11-27T07:47:44.936+0000] {logging_mixin.py:190} INFO - [2024-11-27T07:47:44.935+0000] {dag.py:4180} INFO - Setting next_dagrun for example_branch_operator to 2024-11-26 00:00:00+00:00, run_after=2024-11-27 00:00:00+00:00
[2024-11-27T07:47:44.991+0000] {processor.py:208} INFO - Processing /home/airflow/.local/lib/python3.12/site-packages/airflow/example_dags/example_branch_operator.py took 0.446 seconds
[2024-11-27T07:48:15.387+0000] {processor.py:186} INFO - Started process (PID=504) to work on /home/airflow/.local/lib/python3.12/site-packages/airflow/example_dags/example_branch_operator.py
[2024-11-27T07:48:15.397+0000] {processor.py:914} INFO - Processing file /home/airflow/.local/lib/python3.12/site-packages/airflow/example_dags/example_branch_operator.py for tasks to queue
[2024-11-27T07:48:15.403+0000] {logging_mixin.py:190} INFO - [2024-11-27T07:48:15.402+0000] {dagbag.py:588} INFO - Filling up the DagBag from /home/airflow/.local/lib/python3.12/site-packages/airflow/example_dags/example_branch_operator.py
[2024-11-27T07:48:15.476+0000] {processor.py:925} INFO - DAG(s) 'example_branch_operator' retrieved from /home/airflow/.local/lib/python3.12/site-packages/airflow/example_dags/example_branch_operator.py
[2024-11-27T07:48:15.606+0000] {logging_mixin.py:190} INFO - [2024-11-27T07:48:15.602+0000] {dag.py:3239} INFO - Sync 1 DAGs
[2024-11-27T07:48:15.717+0000] {logging_mixin.py:190} INFO - [2024-11-27T07:48:15.716+0000] {dag.py:4180} INFO - Setting next_dagrun for example_branch_operator to 2024-11-26 00:00:00+00:00, run_after=2024-11-27 00:00:00+00:00
[2024-11-27T07:48:15.934+0000] {processor.py:208} INFO - Processing /home/airflow/.local/lib/python3.12/site-packages/airflow/example_dags/example_branch_operator.py took 0.559 seconds
[2024-11-27T07:48:46.346+0000] {processor.py:186} INFO - Started process (PID=792) to work on /home/airflow/.local/lib/python3.12/site-packages/airflow/example_dags/example_branch_operator.py
[2024-11-27T07:48:46.348+0000] {processor.py:914} INFO - Processing file /home/airflow/.local/lib/python3.12/site-packages/airflow/example_dags/example_branch_operator.py for tasks to queue
[2024-11-27T07:48:46.352+0000] {logging_mixin.py:190} INFO - [2024-11-27T07:48:46.351+0000] {dagbag.py:588} INFO - Filling up the DagBag from /home/airflow/.local/lib/python3.12/site-packages/airflow/example_dags/example_branch_operator.py
[2024-11-27T07:48:46.389+0000] {processor.py:925} INFO - DAG(s) 'example_branch_operator' retrieved from /home/airflow/.local/lib/python3.12/site-packages/airflow/example_dags/example_branch_operator.py
[2024-11-27T07:48:46.434+0000] {logging_mixin.py:190} INFO - [2024-11-27T07:48:46.433+0000] {dag.py:3239} INFO - Sync 1 DAGs
[2024-11-27T07:48:46.484+0000] {logging_mixin.py:190} INFO - [2024-11-27T07:48:46.483+0000] {dag.py:4180} INFO - Setting next_dagrun for example_branch_operator to 2024-11-26 00:00:00+00:00, run_after=2024-11-27 00:00:00+00:00
[2024-11-27T07:48:46.520+0000] {processor.py:208} INFO - Processing /home/airflow/.local/lib/python3.12/site-packages/airflow/example_dags/example_branch_operator.py took 0.185 seconds
[2024-11-27T07:49:17.230+0000] {processor.py:186} INFO - Started process (PID=1083) to work on /home/airflow/.local/lib/python3.12/site-packages/airflow/example_dags/example_branch_operator.py
[2024-11-27T07:49:17.235+0000] {processor.py:914} INFO - Processing file /home/airflow/.local/lib/python3.12/site-packages/airflow/example_dags/example_branch_operator.py for tasks to queue
[2024-11-27T07:49:17.247+0000] {logging_mixin.py:190} INFO - [2024-11-27T07:49:17.246+0000] {dagbag.py:588} INFO - Filling up the DagBag from /home/airflow/.local/lib/python3.12/site-packages/airflow/example_dags/example_branch_operator.py
[2024-11-27T07:49:17.341+0000] {processor.py:925} INFO - DAG(s) 'example_branch_operator' retrieved from /home/airflow/.local/lib/python3.12/site-packages/airflow/example_dags/example_branch_operator.py
[2024-11-27T07:49:17.485+0000] {logging_mixin.py:190} INFO - [2024-11-27T07:49:17.485+0000] {dag.py:3239} INFO - Sync 1 DAGs
[2024-11-27T07:49:17.556+0000] {logging_mixin.py:190} INFO - [2024-11-27T07:49:17.555+0000] {dag.py:4180} INFO - Setting next_dagrun for example_branch_operator to 2024-11-26 00:00:00+00:00, run_after=2024-11-27 00:00:00+00:00
[2024-11-27T07:49:17.604+0000] {processor.py:208} INFO - Processing /home/airflow/.local/lib/python3.12/site-packages/airflow/example_dags/example_branch_operator.py took 0.389 seconds
[2024-11-27T07:49:47.795+0000] {processor.py:186} INFO - Started process (PID=1375) to work on /home/airflow/.local/lib/python3.12/site-packages/airflow/example_dags/example_branch_operator.py
[2024-11-27T07:49:47.797+0000] {processor.py:914} INFO - Processing file /home/airflow/.local/lib/python3.12/site-packages/airflow/example_dags/example_branch_operator.py for tasks to queue
[2024-11-27T07:49:47.812+0000] {logging_mixin.py:190} INFO - [2024-11-27T07:49:47.811+0000] {dagbag.py:588} INFO - Filling up the DagBag from /home/airflow/.local/lib/python3.12/site-packages/airflow/example_dags/example_branch_operator.py
[2024-11-27T07:49:47.895+0000] {processor.py:925} INFO - DAG(s) 'example_branch_operator' retrieved from /home/airflow/.local/lib/python3.12/site-packages/airflow/example_dags/example_branch_operator.py
[2024-11-27T07:49:47.987+0000] {logging_mixin.py:190} INFO - [2024-11-27T07:49:47.986+0000] {dag.py:3239} INFO - Sync 1 DAGs
[2024-11-27T07:49:48.064+0000] {logging_mixin.py:190} INFO - [2024-11-27T07:49:48.063+0000] {dag.py:4180} INFO - Setting next_dagrun for example_branch_operator to 2024-11-26 00:00:00+00:00, run_after=2024-11-27 00:00:00+00:00
[2024-11-27T07:49:48.143+0000] {processor.py:208} INFO - Processing /home/airflow/.local/lib/python3.12/site-packages/airflow/example_dags/example_branch_operator.py took 0.367 seconds
[2024-11-27T07:50:18.881+0000] {processor.py:186} INFO - Started process (PID=1666) to work on /home/airflow/.local/lib/python3.12/site-packages/airflow/example_dags/example_branch_operator.py
[2024-11-27T07:50:18.884+0000] {processor.py:914} INFO - Processing file /home/airflow/.local/lib/python3.12/site-packages/airflow/example_dags/example_branch_operator.py for tasks to queue
[2024-11-27T07:50:18.888+0000] {logging_mixin.py:190} INFO - [2024-11-27T07:50:18.888+0000] {dagbag.py:588} INFO - Filling up the DagBag from /home/airflow/.local/lib/python3.12/site-packages/airflow/example_dags/example_branch_operator.py
[2024-11-27T07:50:18.940+0000] {processor.py:925} INFO - DAG(s) 'example_branch_operator' retrieved from /home/airflow/.local/lib/python3.12/site-packages/airflow/example_dags/example_branch_operator.py
[2024-11-27T07:50:19.035+0000] {logging_mixin.py:190} INFO - [2024-11-27T07:50:19.035+0000] {dag.py:3239} INFO - Sync 1 DAGs
[2024-11-27T07:50:19.108+0000] {logging_mixin.py:190} INFO - [2024-11-27T07:50:19.107+0000] {dag.py:4180} INFO - Setting next_dagrun for example_branch_operator to 2024-11-26 00:00:00+00:00, run_after=2024-11-27 00:00:00+00:00
[2024-11-27T07:50:19.170+0000] {processor.py:208} INFO - Processing /home/airflow/.local/lib/python3.12/site-packages/airflow/example_dags/example_branch_operator.py took 0.303 seconds
[2024-11-27T07:50:49.346+0000] {processor.py:186} INFO - Started process (PID=1957) to work on /home/airflow/.local/lib/python3.12/site-packages/airflow/example_dags/example_branch_operator.py
[2024-11-27T07:50:49.347+0000] {processor.py:914} INFO - Processing file /home/airflow/.local/lib/python3.12/site-packages/airflow/example_dags/example_branch_operator.py for tasks to queue
[2024-11-27T07:50:49.351+0000] {logging_mixin.py:190} INFO - [2024-11-27T07:50:49.350+0000] {dagbag.py:588} INFO - Filling up the DagBag from /home/airflow/.local/lib/python3.12/site-packages/airflow/example_dags/example_branch_operator.py
[2024-11-27T07:50:49.378+0000] {processor.py:925} INFO - DAG(s) 'example_branch_operator' retrieved from /home/airflow/.local/lib/python3.12/site-packages/airflow/example_dags/example_branch_operator.py
[2024-11-27T07:50:49.430+0000] {logging_mixin.py:190} INFO - [2024-11-27T07:50:49.430+0000] {dag.py:3239} INFO - Sync 1 DAGs
[2024-11-27T07:50:49.478+0000] {logging_mixin.py:190} INFO - [2024-11-27T07:50:49.478+0000] {dag.py:4180} INFO - Setting next_dagrun for example_branch_operator to 2024-11-26 00:00:00+00:00, run_after=2024-11-27 00:00:00+00:00
[2024-11-27T07:50:49.517+0000] {processor.py:208} INFO - Processing /home/airflow/.local/lib/python3.12/site-packages/airflow/example_dags/example_branch_operator.py took 0.181 seconds
[2024-11-27T07:51:19.870+0000] {processor.py:186} INFO - Started process (PID=2248) to work on /home/airflow/.local/lib/python3.12/site-packages/airflow/example_dags/example_branch_operator.py
[2024-11-27T07:51:19.872+0000] {processor.py:914} INFO - Processing file /home/airflow/.local/lib/python3.12/site-packages/airflow/example_dags/example_branch_operator.py for tasks to queue
[2024-11-27T07:51:19.876+0000] {logging_mixin.py:190} INFO - [2024-11-27T07:51:19.875+0000] {dagbag.py:588} INFO - Filling up the DagBag from /home/airflow/.local/lib/python3.12/site-packages/airflow/example_dags/example_branch_operator.py
[2024-11-27T07:51:19.904+0000] {processor.py:925} INFO - DAG(s) 'example_branch_operator' retrieved from /home/airflow/.local/lib/python3.12/site-packages/airflow/example_dags/example_branch_operator.py
[2024-11-27T07:51:19.951+0000] {logging_mixin.py:190} INFO - [2024-11-27T07:51:19.951+0000] {dag.py:3239} INFO - Sync 1 DAGs
[2024-11-27T07:51:20.000+0000] {logging_mixin.py:190} INFO - [2024-11-27T07:51:19.999+0000] {dag.py:4180} INFO - Setting next_dagrun for example_branch_operator to 2024-11-26 00:00:00+00:00, run_after=2024-11-27 00:00:00+00:00
[2024-11-27T07:51:20.037+0000] {processor.py:208} INFO - Processing /home/airflow/.local/lib/python3.12/site-packages/airflow/example_dags/example_branch_operator.py took 0.176 seconds
[2024-11-27T07:51:50.672+0000] {processor.py:186} INFO - Started process (PID=2539) to work on /home/airflow/.local/lib/python3.12/site-packages/airflow/example_dags/example_branch_operator.py
[2024-11-27T07:51:50.673+0000] {processor.py:914} INFO - Processing file /home/airflow/.local/lib/python3.12/site-packages/airflow/example_dags/example_branch_operator.py for tasks to queue
[2024-11-27T07:51:50.677+0000] {logging_mixin.py:190} INFO - [2024-11-27T07:51:50.676+0000] {dagbag.py:588} INFO - Filling up the DagBag from /home/airflow/.local/lib/python3.12/site-packages/airflow/example_dags/example_branch_operator.py
[2024-11-27T07:51:50.705+0000] {processor.py:925} INFO - DAG(s) 'example_branch_operator' retrieved from /home/airflow/.local/lib/python3.12/site-packages/airflow/example_dags/example_branch_operator.py
[2024-11-27T07:51:50.770+0000] {logging_mixin.py:190} INFO - [2024-11-27T07:51:50.770+0000] {dag.py:3239} INFO - Sync 1 DAGs
[2024-11-27T07:51:50.840+0000] {logging_mixin.py:190} INFO - [2024-11-27T07:51:50.840+0000] {dag.py:4180} INFO - Setting next_dagrun for example_branch_operator to 2024-11-26 00:00:00+00:00, run_after=2024-11-27 00:00:00+00:00
[2024-11-27T07:51:50.904+0000] {processor.py:208} INFO - Processing /home/airflow/.local/lib/python3.12/site-packages/airflow/example_dags/example_branch_operator.py took 0.241 seconds
[2024-11-27T07:52:21.482+0000] {processor.py:186} INFO - Started process (PID=2830) to work on /home/airflow/.local/lib/python3.12/site-packages/airflow/example_dags/example_branch_operator.py
[2024-11-27T07:52:21.483+0000] {processor.py:914} INFO - Processing file /home/airflow/.local/lib/python3.12/site-packages/airflow/example_dags/example_branch_operator.py for tasks to queue
[2024-11-27T07:52:21.486+0000] {logging_mixin.py:190} INFO - [2024-11-27T07:52:21.486+0000] {dagbag.py:588} INFO - Filling up the DagBag from /home/airflow/.local/lib/python3.12/site-packages/airflow/example_dags/example_branch_operator.py
[2024-11-27T07:52:21.511+0000] {processor.py:925} INFO - DAG(s) 'example_branch_operator' retrieved from /home/airflow/.local/lib/python3.12/site-packages/airflow/example_dags/example_branch_operator.py
[2024-11-27T07:52:21.554+0000] {logging_mixin.py:190} INFO - [2024-11-27T07:52:21.554+0000] {dag.py:3239} INFO - Sync 1 DAGs
[2024-11-27T07:52:21.597+0000] {logging_mixin.py:190} INFO - [2024-11-27T07:52:21.597+0000] {dag.py:4180} INFO - Setting next_dagrun for example_branch_operator to 2024-11-26 00:00:00+00:00, run_after=2024-11-27 00:00:00+00:00
[2024-11-27T07:52:21.637+0000] {processor.py:208} INFO - Processing /home/airflow/.local/lib/python3.12/site-packages/airflow/example_dags/example_branch_operator.py took 0.162 seconds
[2024-11-27T07:52:52.193+0000] {processor.py:186} INFO - Started process (PID=3121) to work on /home/airflow/.local/lib/python3.12/site-packages/airflow/example_dags/example_branch_operator.py
[2024-11-27T07:52:52.195+0000] {processor.py:914} INFO - Processing file /home/airflow/.local/lib/python3.12/site-packages/airflow/example_dags/example_branch_operator.py for tasks to queue
[2024-11-27T07:52:52.199+0000] {logging_mixin.py:190} INFO - [2024-11-27T07:52:52.199+0000] {dagbag.py:588} INFO - Filling up the DagBag from /home/airflow/.local/lib/python3.12/site-packages/airflow/example_dags/example_branch_operator.py
[2024-11-27T07:52:52.249+0000] {processor.py:925} INFO - DAG(s) 'example_branch_operator' retrieved from /home/airflow/.local/lib/python3.12/site-packages/airflow/example_dags/example_branch_operator.py
[2024-11-27T07:52:52.365+0000] {logging_mixin.py:190} INFO - [2024-11-27T07:52:52.364+0000] {dag.py:3239} INFO - Sync 1 DAGs
[2024-11-27T07:52:52.448+0000] {logging_mixin.py:190} INFO - [2024-11-27T07:52:52.448+0000] {dag.py:4180} INFO - Setting next_dagrun for example_branch_operator to 2024-11-26 00:00:00+00:00, run_after=2024-11-27 00:00:00+00:00
[2024-11-27T07:52:52.494+0000] {processor.py:208} INFO - Processing /home/airflow/.local/lib/python3.12/site-packages/airflow/example_dags/example_branch_operator.py took 0.312 seconds
[2024-11-27T07:53:22.916+0000] {processor.py:186} INFO - Started process (PID=3412) to work on /home/airflow/.local/lib/python3.12/site-packages/airflow/example_dags/example_branch_operator.py
[2024-11-27T07:53:22.918+0000] {processor.py:914} INFO - Processing file /home/airflow/.local/lib/python3.12/site-packages/airflow/example_dags/example_branch_operator.py for tasks to queue
[2024-11-27T07:53:22.923+0000] {logging_mixin.py:190} INFO - [2024-11-27T07:53:22.922+0000] {dagbag.py:588} INFO - Filling up the DagBag from /home/airflow/.local/lib/python3.12/site-packages/airflow/example_dags/example_branch_operator.py
[2024-11-27T07:53:22.962+0000] {processor.py:925} INFO - DAG(s) 'example_branch_operator' retrieved from /home/airflow/.local/lib/python3.12/site-packages/airflow/example_dags/example_branch_operator.py
[2024-11-27T07:53:23.022+0000] {logging_mixin.py:190} INFO - [2024-11-27T07:53:23.020+0000] {dag.py:3239} INFO - Sync 1 DAGs
[2024-11-27T07:53:23.067+0000] {logging_mixin.py:190} INFO - [2024-11-27T07:53:23.067+0000] {dag.py:4180} INFO - Setting next_dagrun for example_branch_operator to 2024-11-26 00:00:00+00:00, run_after=2024-11-27 00:00:00+00:00
[2024-11-27T07:53:23.104+0000] {processor.py:208} INFO - Processing /home/airflow/.local/lib/python3.12/site-packages/airflow/example_dags/example_branch_operator.py took 0.205 seconds
[2024-11-27T07:53:53.637+0000] {processor.py:186} INFO - Started process (PID=3703) to work on /home/airflow/.local/lib/python3.12/site-packages/airflow/example_dags/example_branch_operator.py
[2024-11-27T07:53:53.639+0000] {processor.py:914} INFO - Processing file /home/airflow/.local/lib/python3.12/site-packages/airflow/example_dags/example_branch_operator.py for tasks to queue
[2024-11-27T07:53:53.643+0000] {logging_mixin.py:190} INFO - [2024-11-27T07:53:53.642+0000] {dagbag.py:588} INFO - Filling up the DagBag from /home/airflow/.local/lib/python3.12/site-packages/airflow/example_dags/example_branch_operator.py
[2024-11-27T07:53:53.678+0000] {processor.py:925} INFO - DAG(s) 'example_branch_operator' retrieved from /home/airflow/.local/lib/python3.12/site-packages/airflow/example_dags/example_branch_operator.py
[2024-11-27T07:53:53.733+0000] {logging_mixin.py:190} INFO - [2024-11-27T07:53:53.733+0000] {dag.py:3239} INFO - Sync 1 DAGs
[2024-11-27T07:53:53.780+0000] {logging_mixin.py:190} INFO - [2024-11-27T07:53:53.780+0000] {dag.py:4180} INFO - Setting next_dagrun for example_branch_operator to 2024-11-26 00:00:00+00:00, run_after=2024-11-27 00:00:00+00:00
[2024-11-27T07:53:53.845+0000] {processor.py:208} INFO - Processing /home/airflow/.local/lib/python3.12/site-packages/airflow/example_dags/example_branch_operator.py took 0.218 seconds
[2024-11-27T07:54:24.339+0000] {processor.py:186} INFO - Started process (PID=3994) to work on /home/airflow/.local/lib/python3.12/site-packages/airflow/example_dags/example_branch_operator.py
[2024-11-27T07:54:24.341+0000] {processor.py:914} INFO - Processing file /home/airflow/.local/lib/python3.12/site-packages/airflow/example_dags/example_branch_operator.py for tasks to queue
[2024-11-27T07:54:24.346+0000] {logging_mixin.py:190} INFO - [2024-11-27T07:54:24.345+0000] {dagbag.py:588} INFO - Filling up the DagBag from /home/airflow/.local/lib/python3.12/site-packages/airflow/example_dags/example_branch_operator.py
[2024-11-27T07:54:24.399+0000] {processor.py:925} INFO - DAG(s) 'example_branch_operator' retrieved from /home/airflow/.local/lib/python3.12/site-packages/airflow/example_dags/example_branch_operator.py
[2024-11-27T07:54:24.476+0000] {logging_mixin.py:190} INFO - [2024-11-27T07:54:24.475+0000] {dag.py:3239} INFO - Sync 1 DAGs
[2024-11-27T07:54:24.545+0000] {logging_mixin.py:190} INFO - [2024-11-27T07:54:24.544+0000] {dag.py:4180} INFO - Setting next_dagrun for example_branch_operator to 2024-11-26 00:00:00+00:00, run_after=2024-11-27 00:00:00+00:00
[2024-11-27T07:54:24.603+0000] {processor.py:208} INFO - Processing /home/airflow/.local/lib/python3.12/site-packages/airflow/example_dags/example_branch_operator.py took 0.278 seconds
[2024-11-27T07:54:55.434+0000] {processor.py:186} INFO - Started process (PID=4285) to work on /home/airflow/.local/lib/python3.12/site-packages/airflow/example_dags/example_branch_operator.py
[2024-11-27T07:54:55.435+0000] {processor.py:914} INFO - Processing file /home/airflow/.local/lib/python3.12/site-packages/airflow/example_dags/example_branch_operator.py for tasks to queue
[2024-11-27T07:54:55.439+0000] {logging_mixin.py:190} INFO - [2024-11-27T07:54:55.439+0000] {dagbag.py:588} INFO - Filling up the DagBag from /home/airflow/.local/lib/python3.12/site-packages/airflow/example_dags/example_branch_operator.py
[2024-11-27T07:54:55.474+0000] {processor.py:925} INFO - DAG(s) 'example_branch_operator' retrieved from /home/airflow/.local/lib/python3.12/site-packages/airflow/example_dags/example_branch_operator.py
[2024-11-27T07:54:55.521+0000] {logging_mixin.py:190} INFO - [2024-11-27T07:54:55.521+0000] {dag.py:3239} INFO - Sync 1 DAGs
[2024-11-27T07:54:55.570+0000] {logging_mixin.py:190} INFO - [2024-11-27T07:54:55.570+0000] {dag.py:4180} INFO - Setting next_dagrun for example_branch_operator to 2024-11-26 00:00:00+00:00, run_after=2024-11-27 00:00:00+00:00
[2024-11-27T07:54:55.608+0000] {processor.py:208} INFO - Processing /home/airflow/.local/lib/python3.12/site-packages/airflow/example_dags/example_branch_operator.py took 0.183 seconds
[2024-11-27T07:55:26.071+0000] {processor.py:186} INFO - Started process (PID=4574) to work on /home/airflow/.local/lib/python3.12/site-packages/airflow/example_dags/example_branch_operator.py
[2024-11-27T07:55:26.074+0000] {processor.py:914} INFO - Processing file /home/airflow/.local/lib/python3.12/site-packages/airflow/example_dags/example_branch_operator.py for tasks to queue
[2024-11-27T07:55:26.078+0000] {logging_mixin.py:190} INFO - [2024-11-27T07:55:26.077+0000] {dagbag.py:588} INFO - Filling up the DagBag from /home/airflow/.local/lib/python3.12/site-packages/airflow/example_dags/example_branch_operator.py
[2024-11-27T07:55:26.119+0000] {processor.py:925} INFO - DAG(s) 'example_branch_operator' retrieved from /home/airflow/.local/lib/python3.12/site-packages/airflow/example_dags/example_branch_operator.py
[2024-11-27T07:55:26.171+0000] {logging_mixin.py:190} INFO - [2024-11-27T07:55:26.170+0000] {dag.py:3239} INFO - Sync 1 DAGs
[2024-11-27T07:55:26.221+0000] {logging_mixin.py:190} INFO - [2024-11-27T07:55:26.221+0000] {dag.py:4180} INFO - Setting next_dagrun for example_branch_operator to 2024-11-26 00:00:00+00:00, run_after=2024-11-27 00:00:00+00:00
[2024-11-27T07:55:26.256+0000] {processor.py:208} INFO - Processing /home/airflow/.local/lib/python3.12/site-packages/airflow/example_dags/example_branch_operator.py took 0.193 seconds
[2024-11-27T07:55:56.398+0000] {processor.py:186} INFO - Started process (PID=4862) to work on /home/airflow/.local/lib/python3.12/site-packages/airflow/example_dags/example_branch_operator.py
[2024-11-27T07:55:56.399+0000] {processor.py:914} INFO - Processing file /home/airflow/.local/lib/python3.12/site-packages/airflow/example_dags/example_branch_operator.py for tasks to queue
[2024-11-27T07:55:56.402+0000] {logging_mixin.py:190} INFO - [2024-11-27T07:55:56.402+0000] {dagbag.py:588} INFO - Filling up the DagBag from /home/airflow/.local/lib/python3.12/site-packages/airflow/example_dags/example_branch_operator.py
[2024-11-27T07:55:56.424+0000] {processor.py:925} INFO - DAG(s) 'example_branch_operator' retrieved from /home/airflow/.local/lib/python3.12/site-packages/airflow/example_dags/example_branch_operator.py
[2024-11-27T07:55:56.466+0000] {logging_mixin.py:190} INFO - [2024-11-27T07:55:56.466+0000] {dag.py:3239} INFO - Sync 1 DAGs
[2024-11-27T07:55:56.506+0000] {logging_mixin.py:190} INFO - [2024-11-27T07:55:56.505+0000] {dag.py:4180} INFO - Setting next_dagrun for example_branch_operator to 2024-11-26 00:00:00+00:00, run_after=2024-11-27 00:00:00+00:00
[2024-11-27T07:55:56.536+0000] {processor.py:208} INFO - Processing /home/airflow/.local/lib/python3.12/site-packages/airflow/example_dags/example_branch_operator.py took 0.146 seconds
[2024-11-27T07:56:28.461+0000] {processor.py:186} INFO - Started process (PID=5116) to work on /home/airflow/.local/lib/python3.12/site-packages/airflow/example_dags/example_branch_operator.py
[2024-11-27T07:56:28.463+0000] {processor.py:914} INFO - Processing file /home/airflow/.local/lib/python3.12/site-packages/airflow/example_dags/example_branch_operator.py for tasks to queue
[2024-11-27T07:56:28.466+0000] {logging_mixin.py:190} INFO - [2024-11-27T07:56:28.466+0000] {dagbag.py:588} INFO - Filling up the DagBag from /home/airflow/.local/lib/python3.12/site-packages/airflow/example_dags/example_branch_operator.py
[2024-11-27T07:56:28.516+0000] {processor.py:925} INFO - DAG(s) 'example_branch_operator' retrieved from /home/airflow/.local/lib/python3.12/site-packages/airflow/example_dags/example_branch_operator.py
[2024-11-27T07:56:28.582+0000] {logging_mixin.py:190} INFO - [2024-11-27T07:56:28.581+0000] {dag.py:3239} INFO - Sync 1 DAGs
[2024-11-27T07:56:28.648+0000] {logging_mixin.py:190} INFO - [2024-11-27T07:56:28.647+0000] {dag.py:4180} INFO - Setting next_dagrun for example_branch_operator to 2024-11-26 00:00:00+00:00, run_after=2024-11-27 00:00:00+00:00
[2024-11-27T07:56:28.698+0000] {processor.py:208} INFO - Processing /home/airflow/.local/lib/python3.12/site-packages/airflow/example_dags/example_branch_operator.py took 0.252 seconds
[2024-11-27T07:57:00.726+0000] {processor.py:186} INFO - Started process (PID=5407) to work on /home/airflow/.local/lib/python3.12/site-packages/airflow/example_dags/example_branch_operator.py
[2024-11-27T07:57:00.729+0000] {processor.py:914} INFO - Processing file /home/airflow/.local/lib/python3.12/site-packages/airflow/example_dags/example_branch_operator.py for tasks to queue
[2024-11-27T07:57:00.739+0000] {logging_mixin.py:190} INFO - [2024-11-27T07:57:00.737+0000] {dagbag.py:588} INFO - Filling up the DagBag from /home/airflow/.local/lib/python3.12/site-packages/airflow/example_dags/example_branch_operator.py
[2024-11-27T07:57:00.836+0000] {processor.py:925} INFO - DAG(s) 'example_branch_operator' retrieved from /home/airflow/.local/lib/python3.12/site-packages/airflow/example_dags/example_branch_operator.py
[2024-11-27T07:57:00.990+0000] {logging_mixin.py:190} INFO - [2024-11-27T07:57:00.989+0000] {dag.py:3239} INFO - Sync 1 DAGs
[2024-11-27T07:57:01.101+0000] {logging_mixin.py:190} INFO - [2024-11-27T07:57:01.101+0000] {dag.py:4180} INFO - Setting next_dagrun for example_branch_operator to 2024-11-26 00:00:00+00:00, run_after=2024-11-27 00:00:00+00:00
[2024-11-27T07:57:01.266+0000] {processor.py:208} INFO - Processing /home/airflow/.local/lib/python3.12/site-packages/airflow/example_dags/example_branch_operator.py took 0.561 seconds
[2024-11-27T07:57:32.631+0000] {processor.py:186} INFO - Started process (PID=5700) to work on /home/airflow/.local/lib/python3.12/site-packages/airflow/example_dags/example_branch_operator.py
[2024-11-27T07:57:32.633+0000] {processor.py:914} INFO - Processing file /home/airflow/.local/lib/python3.12/site-packages/airflow/example_dags/example_branch_operator.py for tasks to queue
[2024-11-27T07:57:32.637+0000] {logging_mixin.py:190} INFO - [2024-11-27T07:57:32.637+0000] {dagbag.py:588} INFO - Filling up the DagBag from /home/airflow/.local/lib/python3.12/site-packages/airflow/example_dags/example_branch_operator.py
[2024-11-27T07:57:32.674+0000] {processor.py:925} INFO - DAG(s) 'example_branch_operator' retrieved from /home/airflow/.local/lib/python3.12/site-packages/airflow/example_dags/example_branch_operator.py
[2024-11-27T07:57:32.756+0000] {logging_mixin.py:190} INFO - [2024-11-27T07:57:32.755+0000] {dag.py:3239} INFO - Sync 1 DAGs
[2024-11-27T07:57:32.814+0000] {logging_mixin.py:190} INFO - [2024-11-27T07:57:32.813+0000] {dag.py:4180} INFO - Setting next_dagrun for example_branch_operator to 2024-11-26 00:00:00+00:00, run_after=2024-11-27 00:00:00+00:00
[2024-11-27T07:57:32.858+0000] {processor.py:208} INFO - Processing /home/airflow/.local/lib/python3.12/site-packages/airflow/example_dags/example_branch_operator.py took 0.236 seconds
[2024-11-27T07:58:03.220+0000] {processor.py:186} INFO - Started process (PID=5990) to work on /home/airflow/.local/lib/python3.12/site-packages/airflow/example_dags/example_branch_operator.py
[2024-11-27T07:58:03.221+0000] {processor.py:914} INFO - Processing file /home/airflow/.local/lib/python3.12/site-packages/airflow/example_dags/example_branch_operator.py for tasks to queue
[2024-11-27T07:58:03.225+0000] {logging_mixin.py:190} INFO - [2024-11-27T07:58:03.224+0000] {dagbag.py:588} INFO - Filling up the DagBag from /home/airflow/.local/lib/python3.12/site-packages/airflow/example_dags/example_branch_operator.py
[2024-11-27T07:58:03.258+0000] {processor.py:925} INFO - DAG(s) 'example_branch_operator' retrieved from /home/airflow/.local/lib/python3.12/site-packages/airflow/example_dags/example_branch_operator.py
[2024-11-27T07:58:03.312+0000] {logging_mixin.py:190} INFO - [2024-11-27T07:58:03.312+0000] {dag.py:3239} INFO - Sync 1 DAGs
[2024-11-27T07:58:03.372+0000] {logging_mixin.py:190} INFO - [2024-11-27T07:58:03.372+0000] {dag.py:4180} INFO - Setting next_dagrun for example_branch_operator to 2024-11-26 00:00:00+00:00, run_after=2024-11-27 00:00:00+00:00
[2024-11-27T07:58:03.406+0000] {processor.py:208} INFO - Processing /home/airflow/.local/lib/python3.12/site-packages/airflow/example_dags/example_branch_operator.py took 0.196 seconds
[2024-11-27T07:58:35.821+0000] {processor.py:186} INFO - Started process (PID=6281) to work on /home/airflow/.local/lib/python3.12/site-packages/airflow/example_dags/example_branch_operator.py
[2024-11-27T07:58:35.823+0000] {processor.py:914} INFO - Processing file /home/airflow/.local/lib/python3.12/site-packages/airflow/example_dags/example_branch_operator.py for tasks to queue
[2024-11-27T07:58:35.827+0000] {logging_mixin.py:190} INFO - [2024-11-27T07:58:35.826+0000] {dagbag.py:588} INFO - Filling up the DagBag from /home/airflow/.local/lib/python3.12/site-packages/airflow/example_dags/example_branch_operator.py
[2024-11-27T07:58:35.871+0000] {processor.py:925} INFO - DAG(s) 'example_branch_operator' retrieved from /home/airflow/.local/lib/python3.12/site-packages/airflow/example_dags/example_branch_operator.py
[2024-11-27T07:58:35.935+0000] {logging_mixin.py:190} INFO - [2024-11-27T07:58:35.935+0000] {dag.py:3239} INFO - Sync 1 DAGs
[2024-11-27T07:58:35.986+0000] {logging_mixin.py:190} INFO - [2024-11-27T07:58:35.986+0000] {dag.py:4180} INFO - Setting next_dagrun for example_branch_operator to 2024-11-26 00:00:00+00:00, run_after=2024-11-27 00:00:00+00:00
[2024-11-27T07:58:36.029+0000] {processor.py:208} INFO - Processing /home/airflow/.local/lib/python3.12/site-packages/airflow/example_dags/example_branch_operator.py took 0.219 seconds
[2024-11-27T07:59:09.048+0000] {processor.py:186} INFO - Started process (PID=6562) to work on /home/airflow/.local/lib/python3.12/site-packages/airflow/example_dags/example_branch_operator.py
[2024-11-27T07:59:09.049+0000] {processor.py:914} INFO - Processing file /home/airflow/.local/lib/python3.12/site-packages/airflow/example_dags/example_branch_operator.py for tasks to queue
[2024-11-27T07:59:09.053+0000] {logging_mixin.py:190} INFO - [2024-11-27T07:59:09.052+0000] {dagbag.py:588} INFO - Filling up the DagBag from /home/airflow/.local/lib/python3.12/site-packages/airflow/example_dags/example_branch_operator.py
[2024-11-27T07:59:09.080+0000] {processor.py:925} INFO - DAG(s) 'example_branch_operator' retrieved from /home/airflow/.local/lib/python3.12/site-packages/airflow/example_dags/example_branch_operator.py
[2024-11-27T07:59:09.129+0000] {logging_mixin.py:190} INFO - [2024-11-27T07:59:09.128+0000] {dag.py:3239} INFO - Sync 1 DAGs
[2024-11-27T07:59:09.175+0000] {logging_mixin.py:190} INFO - [2024-11-27T07:59:09.174+0000] {dag.py:4180} INFO - Setting next_dagrun for example_branch_operator to 2024-11-26 00:00:00+00:00, run_after=2024-11-27 00:00:00+00:00
[2024-11-27T07:59:09.209+0000] {processor.py:208} INFO - Processing /home/airflow/.local/lib/python3.12/site-packages/airflow/example_dags/example_branch_operator.py took 0.171 seconds
[2024-11-27T07:59:39.468+0000] {processor.py:186} INFO - Started process (PID=6853) to work on /home/airflow/.local/lib/python3.12/site-packages/airflow/example_dags/example_branch_operator.py
[2024-11-27T07:59:39.470+0000] {processor.py:914} INFO - Processing file /home/airflow/.local/lib/python3.12/site-packages/airflow/example_dags/example_branch_operator.py for tasks to queue
[2024-11-27T07:59:39.474+0000] {logging_mixin.py:190} INFO - [2024-11-27T07:59:39.473+0000] {dagbag.py:588} INFO - Filling up the DagBag from /home/airflow/.local/lib/python3.12/site-packages/airflow/example_dags/example_branch_operator.py
[2024-11-27T07:59:39.528+0000] {processor.py:925} INFO - DAG(s) 'example_branch_operator' retrieved from /home/airflow/.local/lib/python3.12/site-packages/airflow/example_dags/example_branch_operator.py
[2024-11-27T07:59:39.589+0000] {logging_mixin.py:190} INFO - [2024-11-27T07:59:39.589+0000] {dag.py:3239} INFO - Sync 1 DAGs
[2024-11-27T07:59:39.631+0000] {logging_mixin.py:190} INFO - [2024-11-27T07:59:39.631+0000] {dag.py:4180} INFO - Setting next_dagrun for example_branch_operator to 2024-11-26 00:00:00+00:00, run_after=2024-11-27 00:00:00+00:00
[2024-11-27T07:59:39.670+0000] {processor.py:208} INFO - Processing /home/airflow/.local/lib/python3.12/site-packages/airflow/example_dags/example_branch_operator.py took 0.209 seconds
[2024-11-27T08:00:11.311+0000] {processor.py:186} INFO - Started process (PID=7152) to work on /home/airflow/.local/lib/python3.12/site-packages/airflow/example_dags/example_branch_operator.py
[2024-11-27T08:00:11.313+0000] {processor.py:914} INFO - Processing file /home/airflow/.local/lib/python3.12/site-packages/airflow/example_dags/example_branch_operator.py for tasks to queue
[2024-11-27T08:00:11.316+0000] {logging_mixin.py:190} INFO - [2024-11-27T08:00:11.315+0000] {dagbag.py:588} INFO - Filling up the DagBag from /home/airflow/.local/lib/python3.12/site-packages/airflow/example_dags/example_branch_operator.py
[2024-11-27T08:00:11.348+0000] {processor.py:925} INFO - DAG(s) 'example_branch_operator' retrieved from /home/airflow/.local/lib/python3.12/site-packages/airflow/example_dags/example_branch_operator.py
[2024-11-27T08:00:11.392+0000] {logging_mixin.py:190} INFO - [2024-11-27T08:00:11.391+0000] {dag.py:3239} INFO - Sync 1 DAGs
[2024-11-27T08:00:11.432+0000] {logging_mixin.py:190} INFO - [2024-11-27T08:00:11.431+0000] {dag.py:4180} INFO - Setting next_dagrun for example_branch_operator to 2024-11-26 00:00:00+00:00, run_after=2024-11-27 00:00:00+00:00
[2024-11-27T08:00:11.460+0000] {processor.py:208} INFO - Processing /home/airflow/.local/lib/python3.12/site-packages/airflow/example_dags/example_branch_operator.py took 0.158 seconds
[2024-11-27T08:00:42.026+0000] {processor.py:186} INFO - Started process (PID=7401) to work on /home/airflow/.local/lib/python3.12/site-packages/airflow/example_dags/example_branch_operator.py
[2024-11-27T08:00:42.028+0000] {processor.py:914} INFO - Processing file /home/airflow/.local/lib/python3.12/site-packages/airflow/example_dags/example_branch_operator.py for tasks to queue
[2024-11-27T08:00:42.032+0000] {logging_mixin.py:190} INFO - [2024-11-27T08:00:42.031+0000] {dagbag.py:588} INFO - Filling up the DagBag from /home/airflow/.local/lib/python3.12/site-packages/airflow/example_dags/example_branch_operator.py
[2024-11-27T08:00:42.067+0000] {processor.py:925} INFO - DAG(s) 'example_branch_operator' retrieved from /home/airflow/.local/lib/python3.12/site-packages/airflow/example_dags/example_branch_operator.py
[2024-11-27T08:00:42.130+0000] {logging_mixin.py:190} INFO - [2024-11-27T08:00:42.130+0000] {dag.py:3239} INFO - Sync 1 DAGs
[2024-11-27T08:00:42.178+0000] {logging_mixin.py:190} INFO - [2024-11-27T08:00:42.178+0000] {dag.py:4180} INFO - Setting next_dagrun for example_branch_operator to 2024-11-26 00:00:00+00:00, run_after=2024-11-27 00:00:00+00:00
[2024-11-27T08:00:42.214+0000] {processor.py:208} INFO - Processing /home/airflow/.local/lib/python3.12/site-packages/airflow/example_dags/example_branch_operator.py took 0.198 seconds
[2024-11-27T08:01:14.360+0000] {processor.py:186} INFO - Started process (PID=7687) to work on /home/airflow/.local/lib/python3.12/site-packages/airflow/example_dags/example_branch_operator.py
[2024-11-27T08:01:14.362+0000] {processor.py:914} INFO - Processing file /home/airflow/.local/lib/python3.12/site-packages/airflow/example_dags/example_branch_operator.py for tasks to queue
[2024-11-27T08:01:14.367+0000] {logging_mixin.py:190} INFO - [2024-11-27T08:01:14.366+0000] {dagbag.py:588} INFO - Filling up the DagBag from /home/airflow/.local/lib/python3.12/site-packages/airflow/example_dags/example_branch_operator.py
[2024-11-27T08:01:14.400+0000] {processor.py:925} INFO - DAG(s) 'example_branch_operator' retrieved from /home/airflow/.local/lib/python3.12/site-packages/airflow/example_dags/example_branch_operator.py
[2024-11-27T08:01:14.447+0000] {logging_mixin.py:190} INFO - [2024-11-27T08:01:14.447+0000] {dag.py:3239} INFO - Sync 1 DAGs
[2024-11-27T08:01:14.496+0000] {logging_mixin.py:190} INFO - [2024-11-27T08:01:14.495+0000] {dag.py:4180} INFO - Setting next_dagrun for example_branch_operator to 2024-11-26 00:00:00+00:00, run_after=2024-11-27 00:00:00+00:00
[2024-11-27T08:01:14.528+0000] {processor.py:208} INFO - Processing /home/airflow/.local/lib/python3.12/site-packages/airflow/example_dags/example_branch_operator.py took 0.178 seconds
[2024-11-27T08:01:45.525+0000] {processor.py:186} INFO - Started process (PID=7950) to work on /home/airflow/.local/lib/python3.12/site-packages/airflow/example_dags/example_branch_operator.py
[2024-11-27T08:01:45.527+0000] {processor.py:914} INFO - Processing file /home/airflow/.local/lib/python3.12/site-packages/airflow/example_dags/example_branch_operator.py for tasks to queue
[2024-11-27T08:01:45.530+0000] {logging_mixin.py:190} INFO - [2024-11-27T08:01:45.530+0000] {dagbag.py:588} INFO - Filling up the DagBag from /home/airflow/.local/lib/python3.12/site-packages/airflow/example_dags/example_branch_operator.py
[2024-11-27T08:01:45.558+0000] {processor.py:925} INFO - DAG(s) 'example_branch_operator' retrieved from /home/airflow/.local/lib/python3.12/site-packages/airflow/example_dags/example_branch_operator.py
[2024-11-27T08:01:45.614+0000] {logging_mixin.py:190} INFO - [2024-11-27T08:01:45.614+0000] {dag.py:3239} INFO - Sync 1 DAGs
[2024-11-27T08:01:45.653+0000] {logging_mixin.py:190} INFO - [2024-11-27T08:01:45.653+0000] {dag.py:4180} INFO - Setting next_dagrun for example_branch_operator to 2024-11-26 00:00:00+00:00, run_after=2024-11-27 00:00:00+00:00
[2024-11-27T08:01:45.685+0000] {processor.py:208} INFO - Processing /home/airflow/.local/lib/python3.12/site-packages/airflow/example_dags/example_branch_operator.py took 0.169 seconds
[2024-11-27T08:02:16.583+0000] {processor.py:186} INFO - Started process (PID=8230) to work on /home/airflow/.local/lib/python3.12/site-packages/airflow/example_dags/example_branch_operator.py
[2024-11-27T08:02:16.584+0000] {processor.py:914} INFO - Processing file /home/airflow/.local/lib/python3.12/site-packages/airflow/example_dags/example_branch_operator.py for tasks to queue
[2024-11-27T08:02:16.589+0000] {logging_mixin.py:190} INFO - [2024-11-27T08:02:16.588+0000] {dagbag.py:588} INFO - Filling up the DagBag from /home/airflow/.local/lib/python3.12/site-packages/airflow/example_dags/example_branch_operator.py
[2024-11-27T08:02:16.635+0000] {processor.py:925} INFO - DAG(s) 'example_branch_operator' retrieved from /home/airflow/.local/lib/python3.12/site-packages/airflow/example_dags/example_branch_operator.py
[2024-11-27T08:02:16.700+0000] {logging_mixin.py:190} INFO - [2024-11-27T08:02:16.700+0000] {dag.py:3239} INFO - Sync 1 DAGs
[2024-11-27T08:02:16.746+0000] {logging_mixin.py:190} INFO - [2024-11-27T08:02:16.745+0000] {dag.py:4180} INFO - Setting next_dagrun for example_branch_operator to 2024-11-26 00:00:00+00:00, run_after=2024-11-27 00:00:00+00:00
[2024-11-27T08:02:16.779+0000] {processor.py:208} INFO - Processing /home/airflow/.local/lib/python3.12/site-packages/airflow/example_dags/example_branch_operator.py took 0.205 seconds
[2024-11-27T08:02:47.633+0000] {processor.py:186} INFO - Started process (PID=8516) to work on /home/airflow/.local/lib/python3.12/site-packages/airflow/example_dags/example_branch_operator.py
[2024-11-27T08:02:47.635+0000] {processor.py:914} INFO - Processing file /home/airflow/.local/lib/python3.12/site-packages/airflow/example_dags/example_branch_operator.py for tasks to queue
[2024-11-27T08:02:47.640+0000] {logging_mixin.py:190} INFO - [2024-11-27T08:02:47.639+0000] {dagbag.py:588} INFO - Filling up the DagBag from /home/airflow/.local/lib/python3.12/site-packages/airflow/example_dags/example_branch_operator.py
[2024-11-27T08:02:47.671+0000] {processor.py:925} INFO - DAG(s) 'example_branch_operator' retrieved from /home/airflow/.local/lib/python3.12/site-packages/airflow/example_dags/example_branch_operator.py
[2024-11-27T08:02:47.718+0000] {logging_mixin.py:190} INFO - [2024-11-27T08:02:47.717+0000] {dag.py:3239} INFO - Sync 1 DAGs
[2024-11-27T08:02:47.755+0000] {logging_mixin.py:190} INFO - [2024-11-27T08:02:47.754+0000] {dag.py:4180} INFO - Setting next_dagrun for example_branch_operator to 2024-11-26 00:00:00+00:00, run_after=2024-11-27 00:00:00+00:00
[2024-11-27T08:02:47.783+0000] {processor.py:208} INFO - Processing /home/airflow/.local/lib/python3.12/site-packages/airflow/example_dags/example_branch_operator.py took 0.160 seconds
[2024-11-27T08:03:18.022+0000] {processor.py:186} INFO - Started process (PID=8797) to work on /home/airflow/.local/lib/python3.12/site-packages/airflow/example_dags/example_branch_operator.py
[2024-11-27T08:03:18.024+0000] {processor.py:914} INFO - Processing file /home/airflow/.local/lib/python3.12/site-packages/airflow/example_dags/example_branch_operator.py for tasks to queue
[2024-11-27T08:03:18.029+0000] {logging_mixin.py:190} INFO - [2024-11-27T08:03:18.028+0000] {dagbag.py:588} INFO - Filling up the DagBag from /home/airflow/.local/lib/python3.12/site-packages/airflow/example_dags/example_branch_operator.py
[2024-11-27T08:03:18.107+0000] {processor.py:925} INFO - DAG(s) 'example_branch_operator' retrieved from /home/airflow/.local/lib/python3.12/site-packages/airflow/example_dags/example_branch_operator.py
[2024-11-27T08:03:18.173+0000] {logging_mixin.py:190} INFO - [2024-11-27T08:03:18.172+0000] {dag.py:3239} INFO - Sync 1 DAGs
[2024-11-27T08:03:18.224+0000] {logging_mixin.py:190} INFO - [2024-11-27T08:03:18.223+0000] {dag.py:4180} INFO - Setting next_dagrun for example_branch_operator to 2024-11-26 00:00:00+00:00, run_after=2024-11-27 00:00:00+00:00
[2024-11-27T08:03:18.271+0000] {processor.py:208} INFO - Processing /home/airflow/.local/lib/python3.12/site-packages/airflow/example_dags/example_branch_operator.py took 0.269 seconds
[2024-11-27T08:03:48.534+0000] {processor.py:186} INFO - Started process (PID=9089) to work on /home/airflow/.local/lib/python3.12/site-packages/airflow/example_dags/example_branch_operator.py
[2024-11-27T08:03:48.535+0000] {processor.py:914} INFO - Processing file /home/airflow/.local/lib/python3.12/site-packages/airflow/example_dags/example_branch_operator.py for tasks to queue
[2024-11-27T08:03:48.538+0000] {logging_mixin.py:190} INFO - [2024-11-27T08:03:48.538+0000] {dagbag.py:588} INFO - Filling up the DagBag from /home/airflow/.local/lib/python3.12/site-packages/airflow/example_dags/example_branch_operator.py
[2024-11-27T08:03:48.564+0000] {processor.py:925} INFO - DAG(s) 'example_branch_operator' retrieved from /home/airflow/.local/lib/python3.12/site-packages/airflow/example_dags/example_branch_operator.py
[2024-11-27T08:03:48.620+0000] {logging_mixin.py:190} INFO - [2024-11-27T08:03:48.620+0000] {dag.py:3239} INFO - Sync 1 DAGs
[2024-11-27T08:03:48.671+0000] {logging_mixin.py:190} INFO - [2024-11-27T08:03:48.671+0000] {dag.py:4180} INFO - Setting next_dagrun for example_branch_operator to 2024-11-26 00:00:00+00:00, run_after=2024-11-27 00:00:00+00:00
[2024-11-27T08:03:48.709+0000] {processor.py:208} INFO - Processing /home/airflow/.local/lib/python3.12/site-packages/airflow/example_dags/example_branch_operator.py took 0.183 seconds
[2024-11-27T08:04:18.994+0000] {processor.py:186} INFO - Started process (PID=9381) to work on /home/airflow/.local/lib/python3.12/site-packages/airflow/example_dags/example_branch_operator.py
[2024-11-27T08:04:18.996+0000] {processor.py:914} INFO - Processing file /home/airflow/.local/lib/python3.12/site-packages/airflow/example_dags/example_branch_operator.py for tasks to queue
[2024-11-27T08:04:19.000+0000] {logging_mixin.py:190} INFO - [2024-11-27T08:04:19.000+0000] {dagbag.py:588} INFO - Filling up the DagBag from /home/airflow/.local/lib/python3.12/site-packages/airflow/example_dags/example_branch_operator.py
[2024-11-27T08:04:19.072+0000] {processor.py:925} INFO - DAG(s) 'example_branch_operator' retrieved from /home/airflow/.local/lib/python3.12/site-packages/airflow/example_dags/example_branch_operator.py
[2024-11-27T08:04:19.196+0000] {logging_mixin.py:190} INFO - [2024-11-27T08:04:19.196+0000] {dag.py:3239} INFO - Sync 1 DAGs
[2024-11-27T08:04:19.280+0000] {logging_mixin.py:190} INFO - [2024-11-27T08:04:19.279+0000] {dag.py:4180} INFO - Setting next_dagrun for example_branch_operator to 2024-11-26 00:00:00+00:00, run_after=2024-11-27 00:00:00+00:00
[2024-11-27T08:04:19.355+0000] {processor.py:208} INFO - Processing /home/airflow/.local/lib/python3.12/site-packages/airflow/example_dags/example_branch_operator.py took 0.370 seconds
[2024-11-27T08:04:49.683+0000] {processor.py:186} INFO - Started process (PID=9672) to work on /home/airflow/.local/lib/python3.12/site-packages/airflow/example_dags/example_branch_operator.py
[2024-11-27T08:04:49.685+0000] {processor.py:914} INFO - Processing file /home/airflow/.local/lib/python3.12/site-packages/airflow/example_dags/example_branch_operator.py for tasks to queue
[2024-11-27T08:04:49.687+0000] {logging_mixin.py:190} INFO - [2024-11-27T08:04:49.687+0000] {dagbag.py:588} INFO - Filling up the DagBag from /home/airflow/.local/lib/python3.12/site-packages/airflow/example_dags/example_branch_operator.py
[2024-11-27T08:04:49.713+0000] {processor.py:925} INFO - DAG(s) 'example_branch_operator' retrieved from /home/airflow/.local/lib/python3.12/site-packages/airflow/example_dags/example_branch_operator.py
[2024-11-27T08:04:49.763+0000] {logging_mixin.py:190} INFO - [2024-11-27T08:04:49.762+0000] {dag.py:3239} INFO - Sync 1 DAGs
[2024-11-27T08:04:49.806+0000] {logging_mixin.py:190} INFO - [2024-11-27T08:04:49.805+0000] {dag.py:4180} INFO - Setting next_dagrun for example_branch_operator to 2024-11-26 00:00:00+00:00, run_after=2024-11-27 00:00:00+00:00
[2024-11-27T08:04:49.852+0000] {processor.py:208} INFO - Processing /home/airflow/.local/lib/python3.12/site-packages/airflow/example_dags/example_branch_operator.py took 0.176 seconds
[2024-11-27T08:06:03.807+0000] {processor.py:186} INFO - Started process (PID=204) to work on /home/airflow/.local/lib/python3.12/site-packages/airflow/example_dags/example_branch_operator.py
[2024-11-27T08:06:03.809+0000] {processor.py:914} INFO - Processing file /home/airflow/.local/lib/python3.12/site-packages/airflow/example_dags/example_branch_operator.py for tasks to queue
[2024-11-27T08:06:03.812+0000] {logging_mixin.py:190} INFO - [2024-11-27T08:06:03.812+0000] {dagbag.py:588} INFO - Filling up the DagBag from /home/airflow/.local/lib/python3.12/site-packages/airflow/example_dags/example_branch_operator.py
[2024-11-27T08:06:03.842+0000] {processor.py:925} INFO - DAG(s) 'example_branch_operator' retrieved from /home/airflow/.local/lib/python3.12/site-packages/airflow/example_dags/example_branch_operator.py
[2024-11-27T08:06:04.079+0000] {logging_mixin.py:190} INFO - [2024-11-27T08:06:04.079+0000] {dag.py:3239} INFO - Sync 1 DAGs
[2024-11-27T08:06:04.128+0000] {logging_mixin.py:190} INFO - [2024-11-27T08:06:04.127+0000] {dag.py:4180} INFO - Setting next_dagrun for example_branch_operator to 2024-11-26 00:00:00+00:00, run_after=2024-11-27 00:00:00+00:00
[2024-11-27T08:06:04.163+0000] {processor.py:208} INFO - Processing /home/airflow/.local/lib/python3.12/site-packages/airflow/example_dags/example_branch_operator.py took 0.363 seconds
[2024-11-27T08:06:34.674+0000] {processor.py:186} INFO - Started process (PID=505) to work on /home/airflow/.local/lib/python3.12/site-packages/airflow/example_dags/example_branch_operator.py
[2024-11-27T08:06:34.676+0000] {processor.py:914} INFO - Processing file /home/airflow/.local/lib/python3.12/site-packages/airflow/example_dags/example_branch_operator.py for tasks to queue
[2024-11-27T08:06:34.683+0000] {logging_mixin.py:190} INFO - [2024-11-27T08:06:34.682+0000] {dagbag.py:588} INFO - Filling up the DagBag from /home/airflow/.local/lib/python3.12/site-packages/airflow/example_dags/example_branch_operator.py
[2024-11-27T08:06:34.719+0000] {processor.py:925} INFO - DAG(s) 'example_branch_operator' retrieved from /home/airflow/.local/lib/python3.12/site-packages/airflow/example_dags/example_branch_operator.py
[2024-11-27T08:06:34.786+0000] {logging_mixin.py:190} INFO - [2024-11-27T08:06:34.785+0000] {dag.py:3239} INFO - Sync 1 DAGs
[2024-11-27T08:06:34.835+0000] {logging_mixin.py:190} INFO - [2024-11-27T08:06:34.834+0000] {dag.py:4180} INFO - Setting next_dagrun for example_branch_operator to 2024-11-26 00:00:00+00:00, run_after=2024-11-27 00:00:00+00:00
[2024-11-27T08:06:34.881+0000] {processor.py:208} INFO - Processing /home/airflow/.local/lib/python3.12/site-packages/airflow/example_dags/example_branch_operator.py took 0.219 seconds
[2024-11-27T08:07:05.082+0000] {processor.py:186} INFO - Started process (PID=791) to work on /home/airflow/.local/lib/python3.12/site-packages/airflow/example_dags/example_branch_operator.py
[2024-11-27T08:07:05.084+0000] {processor.py:914} INFO - Processing file /home/airflow/.local/lib/python3.12/site-packages/airflow/example_dags/example_branch_operator.py for tasks to queue
[2024-11-27T08:07:05.088+0000] {logging_mixin.py:190} INFO - [2024-11-27T08:07:05.087+0000] {dagbag.py:588} INFO - Filling up the DagBag from /home/airflow/.local/lib/python3.12/site-packages/airflow/example_dags/example_branch_operator.py
[2024-11-27T08:07:05.113+0000] {processor.py:925} INFO - DAG(s) 'example_branch_operator' retrieved from /home/airflow/.local/lib/python3.12/site-packages/airflow/example_dags/example_branch_operator.py
[2024-11-27T08:07:05.153+0000] {logging_mixin.py:190} INFO - [2024-11-27T08:07:05.152+0000] {dag.py:3239} INFO - Sync 1 DAGs
[2024-11-27T08:07:05.189+0000] {logging_mixin.py:190} INFO - [2024-11-27T08:07:05.189+0000] {dag.py:4180} INFO - Setting next_dagrun for example_branch_operator to 2024-11-26 00:00:00+00:00, run_after=2024-11-27 00:00:00+00:00
[2024-11-27T08:07:05.224+0000] {processor.py:208} INFO - Processing /home/airflow/.local/lib/python3.12/site-packages/airflow/example_dags/example_branch_operator.py took 0.148 seconds
[2024-11-27T08:07:35.387+0000] {processor.py:186} INFO - Started process (PID=1080) to work on /home/airflow/.local/lib/python3.12/site-packages/airflow/example_dags/example_branch_operator.py
[2024-11-27T08:07:35.390+0000] {processor.py:914} INFO - Processing file /home/airflow/.local/lib/python3.12/site-packages/airflow/example_dags/example_branch_operator.py for tasks to queue
[2024-11-27T08:07:35.396+0000] {logging_mixin.py:190} INFO - [2024-11-27T08:07:35.395+0000] {dagbag.py:588} INFO - Filling up the DagBag from /home/airflow/.local/lib/python3.12/site-packages/airflow/example_dags/example_branch_operator.py
[2024-11-27T08:07:35.446+0000] {processor.py:925} INFO - DAG(s) 'example_branch_operator' retrieved from /home/airflow/.local/lib/python3.12/site-packages/airflow/example_dags/example_branch_operator.py
[2024-11-27T08:07:35.503+0000] {logging_mixin.py:190} INFO - [2024-11-27T08:07:35.502+0000] {dag.py:3239} INFO - Sync 1 DAGs
[2024-11-27T08:07:35.561+0000] {logging_mixin.py:190} INFO - [2024-11-27T08:07:35.561+0000] {dag.py:4180} INFO - Setting next_dagrun for example_branch_operator to 2024-11-26 00:00:00+00:00, run_after=2024-11-27 00:00:00+00:00
[2024-11-27T08:07:35.609+0000] {processor.py:208} INFO - Processing /home/airflow/.local/lib/python3.12/site-packages/airflow/example_dags/example_branch_operator.py took 0.230 seconds
