[2024-11-27T07:47:46.541+0000] {processor.py:186} INFO - Started process (PID=253) to work on /home/airflow/.local/lib/python3.12/site-packages/airflow/example_dags/example_bash_operator.py
[2024-11-27T07:47:46.544+0000] {processor.py:914} INFO - Processing file /home/airflow/.local/lib/python3.12/site-packages/airflow/example_dags/example_bash_operator.py for tasks to queue
[2024-11-27T07:47:46.549+0000] {logging_mixin.py:190} INFO - [2024-11-27T07:47:46.548+0000] {dagbag.py:588} INFO - Filling up the DagBag from /home/airflow/.local/lib/python3.12/site-packages/airflow/example_dags/example_bash_operator.py
[2024-11-27T07:47:46.576+0000] {processor.py:925} INFO - DAG(s) 'example_bash_operator' retrieved from /home/airflow/.local/lib/python3.12/site-packages/airflow/example_dags/example_bash_operator.py
[2024-11-27T07:47:46.636+0000] {logging_mixin.py:190} INFO - [2024-11-27T07:47:46.635+0000] {dag.py:3239} INFO - Sync 1 DAGs
[2024-11-27T07:47:46.689+0000] {logging_mixin.py:190} INFO - [2024-11-27T07:47:46.689+0000] {dag.py:4180} INFO - Setting next_dagrun for example_bash_operator to 2024-11-26 00:00:00+00:00, run_after=2024-11-27 00:00:00+00:00
[2024-11-27T07:47:46.722+0000] {processor.py:208} INFO - Processing /home/airflow/.local/lib/python3.12/site-packages/airflow/example_dags/example_bash_operator.py took 0.192 seconds
[2024-11-27T07:48:17.741+0000] {processor.py:186} INFO - Started process (PID=541) to work on /home/airflow/.local/lib/python3.12/site-packages/airflow/example_dags/example_bash_operator.py
[2024-11-27T07:48:17.752+0000] {processor.py:914} INFO - Processing file /home/airflow/.local/lib/python3.12/site-packages/airflow/example_dags/example_bash_operator.py for tasks to queue
[2024-11-27T07:48:17.757+0000] {logging_mixin.py:190} INFO - [2024-11-27T07:48:17.757+0000] {dagbag.py:588} INFO - Filling up the DagBag from /home/airflow/.local/lib/python3.12/site-packages/airflow/example_dags/example_bash_operator.py
[2024-11-27T07:48:17.829+0000] {processor.py:925} INFO - DAG(s) 'example_bash_operator' retrieved from /home/airflow/.local/lib/python3.12/site-packages/airflow/example_dags/example_bash_operator.py
[2024-11-27T07:48:17.987+0000] {logging_mixin.py:190} INFO - [2024-11-27T07:48:17.986+0000] {dag.py:3239} INFO - Sync 1 DAGs
[2024-11-27T07:48:18.152+0000] {logging_mixin.py:190} INFO - [2024-11-27T07:48:18.151+0000] {dag.py:4180} INFO - Setting next_dagrun for example_bash_operator to 2024-11-26 00:00:00+00:00, run_after=2024-11-27 00:00:00+00:00
[2024-11-27T07:48:18.294+0000] {processor.py:208} INFO - Processing /home/airflow/.local/lib/python3.12/site-packages/airflow/example_dags/example_bash_operator.py took 0.576 seconds
[2024-11-27T07:48:49.044+0000] {processor.py:186} INFO - Started process (PID=832) to work on /home/airflow/.local/lib/python3.12/site-packages/airflow/example_dags/example_bash_operator.py
[2024-11-27T07:48:49.045+0000] {processor.py:914} INFO - Processing file /home/airflow/.local/lib/python3.12/site-packages/airflow/example_dags/example_bash_operator.py for tasks to queue
[2024-11-27T07:48:49.048+0000] {logging_mixin.py:190} INFO - [2024-11-27T07:48:49.048+0000] {dagbag.py:588} INFO - Filling up the DagBag from /home/airflow/.local/lib/python3.12/site-packages/airflow/example_dags/example_bash_operator.py
[2024-11-27T07:48:49.071+0000] {processor.py:925} INFO - DAG(s) 'example_bash_operator' retrieved from /home/airflow/.local/lib/python3.12/site-packages/airflow/example_dags/example_bash_operator.py
[2024-11-27T07:48:49.118+0000] {logging_mixin.py:190} INFO - [2024-11-27T07:48:49.118+0000] {dag.py:3239} INFO - Sync 1 DAGs
[2024-11-27T07:48:49.160+0000] {logging_mixin.py:190} INFO - [2024-11-27T07:48:49.160+0000] {dag.py:4180} INFO - Setting next_dagrun for example_bash_operator to 2024-11-26 00:00:00+00:00, run_after=2024-11-27 00:00:00+00:00
[2024-11-27T07:48:49.198+0000] {processor.py:208} INFO - Processing /home/airflow/.local/lib/python3.12/site-packages/airflow/example_dags/example_bash_operator.py took 0.161 seconds
[2024-11-27T07:49:19.577+0000] {processor.py:186} INFO - Started process (PID=1123) to work on /home/airflow/.local/lib/python3.12/site-packages/airflow/example_dags/example_bash_operator.py
[2024-11-27T07:49:19.578+0000] {processor.py:914} INFO - Processing file /home/airflow/.local/lib/python3.12/site-packages/airflow/example_dags/example_bash_operator.py for tasks to queue
[2024-11-27T07:49:19.582+0000] {logging_mixin.py:190} INFO - [2024-11-27T07:49:19.581+0000] {dagbag.py:588} INFO - Filling up the DagBag from /home/airflow/.local/lib/python3.12/site-packages/airflow/example_dags/example_bash_operator.py
[2024-11-27T07:49:19.605+0000] {processor.py:925} INFO - DAG(s) 'example_bash_operator' retrieved from /home/airflow/.local/lib/python3.12/site-packages/airflow/example_dags/example_bash_operator.py
[2024-11-27T07:49:19.655+0000] {logging_mixin.py:190} INFO - [2024-11-27T07:49:19.655+0000] {dag.py:3239} INFO - Sync 1 DAGs
[2024-11-27T07:49:19.758+0000] {logging_mixin.py:190} INFO - [2024-11-27T07:49:19.756+0000] {dag.py:4180} INFO - Setting next_dagrun for example_bash_operator to 2024-11-26 00:00:00+00:00, run_after=2024-11-27 00:00:00+00:00
[2024-11-27T07:49:19.811+0000] {processor.py:208} INFO - Processing /home/airflow/.local/lib/python3.12/site-packages/airflow/example_dags/example_bash_operator.py took 0.240 seconds
[2024-11-27T07:49:50.233+0000] {processor.py:186} INFO - Started process (PID=1420) to work on /home/airflow/.local/lib/python3.12/site-packages/airflow/example_dags/example_bash_operator.py
[2024-11-27T07:49:50.235+0000] {processor.py:914} INFO - Processing file /home/airflow/.local/lib/python3.12/site-packages/airflow/example_dags/example_bash_operator.py for tasks to queue
[2024-11-27T07:49:50.238+0000] {logging_mixin.py:190} INFO - [2024-11-27T07:49:50.238+0000] {dagbag.py:588} INFO - Filling up the DagBag from /home/airflow/.local/lib/python3.12/site-packages/airflow/example_dags/example_bash_operator.py
[2024-11-27T07:49:50.273+0000] {processor.py:925} INFO - DAG(s) 'example_bash_operator' retrieved from /home/airflow/.local/lib/python3.12/site-packages/airflow/example_dags/example_bash_operator.py
[2024-11-27T07:49:50.354+0000] {logging_mixin.py:190} INFO - [2024-11-27T07:49:50.353+0000] {dag.py:3239} INFO - Sync 1 DAGs
[2024-11-27T07:49:50.417+0000] {logging_mixin.py:190} INFO - [2024-11-27T07:49:50.417+0000] {dag.py:4180} INFO - Setting next_dagrun for example_bash_operator to 2024-11-26 00:00:00+00:00, run_after=2024-11-27 00:00:00+00:00
[2024-11-27T07:49:50.474+0000] {processor.py:208} INFO - Processing /home/airflow/.local/lib/python3.12/site-packages/airflow/example_dags/example_bash_operator.py took 0.252 seconds
[2024-11-27T07:50:20.810+0000] {processor.py:186} INFO - Started process (PID=1711) to work on /home/airflow/.local/lib/python3.12/site-packages/airflow/example_dags/example_bash_operator.py
[2024-11-27T07:50:20.812+0000] {processor.py:914} INFO - Processing file /home/airflow/.local/lib/python3.12/site-packages/airflow/example_dags/example_bash_operator.py for tasks to queue
[2024-11-27T07:50:20.816+0000] {logging_mixin.py:190} INFO - [2024-11-27T07:50:20.815+0000] {dagbag.py:588} INFO - Filling up the DagBag from /home/airflow/.local/lib/python3.12/site-packages/airflow/example_dags/example_bash_operator.py
[2024-11-27T07:50:20.838+0000] {processor.py:925} INFO - DAG(s) 'example_bash_operator' retrieved from /home/airflow/.local/lib/python3.12/site-packages/airflow/example_dags/example_bash_operator.py
[2024-11-27T07:50:20.942+0000] {logging_mixin.py:190} INFO - [2024-11-27T07:50:20.941+0000] {dag.py:3239} INFO - Sync 1 DAGs
[2024-11-27T07:50:21.007+0000] {logging_mixin.py:190} INFO - [2024-11-27T07:50:21.006+0000] {dag.py:4180} INFO - Setting next_dagrun for example_bash_operator to 2024-11-26 00:00:00+00:00, run_after=2024-11-27 00:00:00+00:00
[2024-11-27T07:50:21.057+0000] {processor.py:208} INFO - Processing /home/airflow/.local/lib/python3.12/site-packages/airflow/example_dags/example_bash_operator.py took 0.254 seconds
[2024-11-27T07:50:51.505+0000] {processor.py:186} INFO - Started process (PID=1997) to work on /home/airflow/.local/lib/python3.12/site-packages/airflow/example_dags/example_bash_operator.py
[2024-11-27T07:50:51.507+0000] {processor.py:914} INFO - Processing file /home/airflow/.local/lib/python3.12/site-packages/airflow/example_dags/example_bash_operator.py for tasks to queue
[2024-11-27T07:50:51.512+0000] {logging_mixin.py:190} INFO - [2024-11-27T07:50:51.511+0000] {dagbag.py:588} INFO - Filling up the DagBag from /home/airflow/.local/lib/python3.12/site-packages/airflow/example_dags/example_bash_operator.py
[2024-11-27T07:50:51.532+0000] {processor.py:925} INFO - DAG(s) 'example_bash_operator' retrieved from /home/airflow/.local/lib/python3.12/site-packages/airflow/example_dags/example_bash_operator.py
[2024-11-27T07:50:51.584+0000] {logging_mixin.py:190} INFO - [2024-11-27T07:50:51.583+0000] {dag.py:3239} INFO - Sync 1 DAGs
[2024-11-27T07:50:51.643+0000] {logging_mixin.py:190} INFO - [2024-11-27T07:50:51.643+0000] {dag.py:4180} INFO - Setting next_dagrun for example_bash_operator to 2024-11-26 00:00:00+00:00, run_after=2024-11-27 00:00:00+00:00
[2024-11-27T07:50:51.685+0000] {processor.py:208} INFO - Processing /home/airflow/.local/lib/python3.12/site-packages/airflow/example_dags/example_bash_operator.py took 0.189 seconds
[2024-11-27T07:51:21.862+0000] {processor.py:186} INFO - Started process (PID=2288) to work on /home/airflow/.local/lib/python3.12/site-packages/airflow/example_dags/example_bash_operator.py
[2024-11-27T07:51:21.863+0000] {processor.py:914} INFO - Processing file /home/airflow/.local/lib/python3.12/site-packages/airflow/example_dags/example_bash_operator.py for tasks to queue
[2024-11-27T07:51:21.866+0000] {logging_mixin.py:190} INFO - [2024-11-27T07:51:21.866+0000] {dagbag.py:588} INFO - Filling up the DagBag from /home/airflow/.local/lib/python3.12/site-packages/airflow/example_dags/example_bash_operator.py
[2024-11-27T07:51:21.882+0000] {processor.py:925} INFO - DAG(s) 'example_bash_operator' retrieved from /home/airflow/.local/lib/python3.12/site-packages/airflow/example_dags/example_bash_operator.py
[2024-11-27T07:51:21.916+0000] {logging_mixin.py:190} INFO - [2024-11-27T07:51:21.915+0000] {dag.py:3239} INFO - Sync 1 DAGs
[2024-11-27T07:51:21.946+0000] {logging_mixin.py:190} INFO - [2024-11-27T07:51:21.946+0000] {dag.py:4180} INFO - Setting next_dagrun for example_bash_operator to 2024-11-26 00:00:00+00:00, run_after=2024-11-27 00:00:00+00:00
[2024-11-27T07:51:21.977+0000] {processor.py:208} INFO - Processing /home/airflow/.local/lib/python3.12/site-packages/airflow/example_dags/example_bash_operator.py took 0.121 seconds
[2024-11-27T07:51:52.640+0000] {processor.py:186} INFO - Started process (PID=2579) to work on /home/airflow/.local/lib/python3.12/site-packages/airflow/example_dags/example_bash_operator.py
[2024-11-27T07:51:52.643+0000] {processor.py:914} INFO - Processing file /home/airflow/.local/lib/python3.12/site-packages/airflow/example_dags/example_bash_operator.py for tasks to queue
[2024-11-27T07:51:52.648+0000] {logging_mixin.py:190} INFO - [2024-11-27T07:51:52.647+0000] {dagbag.py:588} INFO - Filling up the DagBag from /home/airflow/.local/lib/python3.12/site-packages/airflow/example_dags/example_bash_operator.py
[2024-11-27T07:51:52.685+0000] {processor.py:925} INFO - DAG(s) 'example_bash_operator' retrieved from /home/airflow/.local/lib/python3.12/site-packages/airflow/example_dags/example_bash_operator.py
[2024-11-27T07:51:52.750+0000] {logging_mixin.py:190} INFO - [2024-11-27T07:51:52.749+0000] {dag.py:3239} INFO - Sync 1 DAGs
[2024-11-27T07:51:52.800+0000] {logging_mixin.py:190} INFO - [2024-11-27T07:51:52.800+0000] {dag.py:4180} INFO - Setting next_dagrun for example_bash_operator to 2024-11-26 00:00:00+00:00, run_after=2024-11-27 00:00:00+00:00
[2024-11-27T07:51:52.837+0000] {processor.py:208} INFO - Processing /home/airflow/.local/lib/python3.12/site-packages/airflow/example_dags/example_bash_operator.py took 0.209 seconds
[2024-11-27T07:52:23.270+0000] {processor.py:186} INFO - Started process (PID=2870) to work on /home/airflow/.local/lib/python3.12/site-packages/airflow/example_dags/example_bash_operator.py
[2024-11-27T07:52:23.272+0000] {processor.py:914} INFO - Processing file /home/airflow/.local/lib/python3.12/site-packages/airflow/example_dags/example_bash_operator.py for tasks to queue
[2024-11-27T07:52:23.276+0000] {logging_mixin.py:190} INFO - [2024-11-27T07:52:23.275+0000] {dagbag.py:588} INFO - Filling up the DagBag from /home/airflow/.local/lib/python3.12/site-packages/airflow/example_dags/example_bash_operator.py
[2024-11-27T07:52:23.301+0000] {processor.py:925} INFO - DAG(s) 'example_bash_operator' retrieved from /home/airflow/.local/lib/python3.12/site-packages/airflow/example_dags/example_bash_operator.py
[2024-11-27T07:52:23.346+0000] {logging_mixin.py:190} INFO - [2024-11-27T07:52:23.346+0000] {dag.py:3239} INFO - Sync 1 DAGs
[2024-11-27T07:52:23.385+0000] {logging_mixin.py:190} INFO - [2024-11-27T07:52:23.385+0000] {dag.py:4180} INFO - Setting next_dagrun for example_bash_operator to 2024-11-26 00:00:00+00:00, run_after=2024-11-27 00:00:00+00:00
[2024-11-27T07:52:23.418+0000] {processor.py:208} INFO - Processing /home/airflow/.local/lib/python3.12/site-packages/airflow/example_dags/example_bash_operator.py took 0.158 seconds
[2024-11-27T07:52:54.380+0000] {processor.py:186} INFO - Started process (PID=3161) to work on /home/airflow/.local/lib/python3.12/site-packages/airflow/example_dags/example_bash_operator.py
[2024-11-27T07:52:54.383+0000] {processor.py:914} INFO - Processing file /home/airflow/.local/lib/python3.12/site-packages/airflow/example_dags/example_bash_operator.py for tasks to queue
[2024-11-27T07:52:54.388+0000] {logging_mixin.py:190} INFO - [2024-11-27T07:52:54.387+0000] {dagbag.py:588} INFO - Filling up the DagBag from /home/airflow/.local/lib/python3.12/site-packages/airflow/example_dags/example_bash_operator.py
[2024-11-27T07:52:54.442+0000] {processor.py:925} INFO - DAG(s) 'example_bash_operator' retrieved from /home/airflow/.local/lib/python3.12/site-packages/airflow/example_dags/example_bash_operator.py
[2024-11-27T07:52:54.547+0000] {logging_mixin.py:190} INFO - [2024-11-27T07:52:54.546+0000] {dag.py:3239} INFO - Sync 1 DAGs
[2024-11-27T07:52:54.635+0000] {logging_mixin.py:190} INFO - [2024-11-27T07:52:54.634+0000] {dag.py:4180} INFO - Setting next_dagrun for example_bash_operator to 2024-11-26 00:00:00+00:00, run_after=2024-11-27 00:00:00+00:00
[2024-11-27T07:52:54.680+0000] {processor.py:208} INFO - Processing /home/airflow/.local/lib/python3.12/site-packages/airflow/example_dags/example_bash_operator.py took 0.312 seconds
[2024-11-27T07:53:24.864+0000] {processor.py:186} INFO - Started process (PID=3452) to work on /home/airflow/.local/lib/python3.12/site-packages/airflow/example_dags/example_bash_operator.py
[2024-11-27T07:53:24.893+0000] {processor.py:914} INFO - Processing file /home/airflow/.local/lib/python3.12/site-packages/airflow/example_dags/example_bash_operator.py for tasks to queue
[2024-11-27T07:53:24.897+0000] {logging_mixin.py:190} INFO - [2024-11-27T07:53:24.896+0000] {dagbag.py:588} INFO - Filling up the DagBag from /home/airflow/.local/lib/python3.12/site-packages/airflow/example_dags/example_bash_operator.py
[2024-11-27T07:53:24.931+0000] {processor.py:925} INFO - DAG(s) 'example_bash_operator' retrieved from /home/airflow/.local/lib/python3.12/site-packages/airflow/example_dags/example_bash_operator.py
[2024-11-27T07:53:25.044+0000] {logging_mixin.py:190} INFO - [2024-11-27T07:53:25.043+0000] {dag.py:3239} INFO - Sync 1 DAGs
[2024-11-27T07:53:25.148+0000] {logging_mixin.py:190} INFO - [2024-11-27T07:53:25.147+0000] {dag.py:4180} INFO - Setting next_dagrun for example_bash_operator to 2024-11-26 00:00:00+00:00, run_after=2024-11-27 00:00:00+00:00
[2024-11-27T07:53:25.238+0000] {processor.py:208} INFO - Processing /home/airflow/.local/lib/python3.12/site-packages/airflow/example_dags/example_bash_operator.py took 0.395 seconds
[2024-11-27T07:53:55.833+0000] {processor.py:186} INFO - Started process (PID=3743) to work on /home/airflow/.local/lib/python3.12/site-packages/airflow/example_dags/example_bash_operator.py
[2024-11-27T07:53:55.835+0000] {processor.py:914} INFO - Processing file /home/airflow/.local/lib/python3.12/site-packages/airflow/example_dags/example_bash_operator.py for tasks to queue
[2024-11-27T07:53:55.840+0000] {logging_mixin.py:190} INFO - [2024-11-27T07:53:55.839+0000] {dagbag.py:588} INFO - Filling up the DagBag from /home/airflow/.local/lib/python3.12/site-packages/airflow/example_dags/example_bash_operator.py
[2024-11-27T07:53:55.866+0000] {processor.py:925} INFO - DAG(s) 'example_bash_operator' retrieved from /home/airflow/.local/lib/python3.12/site-packages/airflow/example_dags/example_bash_operator.py
[2024-11-27T07:53:55.932+0000] {logging_mixin.py:190} INFO - [2024-11-27T07:53:55.932+0000] {dag.py:3239} INFO - Sync 1 DAGs
[2024-11-27T07:53:55.978+0000] {logging_mixin.py:190} INFO - [2024-11-27T07:53:55.978+0000] {dag.py:4180} INFO - Setting next_dagrun for example_bash_operator to 2024-11-26 00:00:00+00:00, run_after=2024-11-27 00:00:00+00:00
[2024-11-27T07:53:56.029+0000] {processor.py:208} INFO - Processing /home/airflow/.local/lib/python3.12/site-packages/airflow/example_dags/example_bash_operator.py took 0.208 seconds
[2024-11-27T07:54:26.296+0000] {processor.py:186} INFO - Started process (PID=4034) to work on /home/airflow/.local/lib/python3.12/site-packages/airflow/example_dags/example_bash_operator.py
[2024-11-27T07:54:26.300+0000] {processor.py:914} INFO - Processing file /home/airflow/.local/lib/python3.12/site-packages/airflow/example_dags/example_bash_operator.py for tasks to queue
[2024-11-27T07:54:26.303+0000] {logging_mixin.py:190} INFO - [2024-11-27T07:54:26.303+0000] {dagbag.py:588} INFO - Filling up the DagBag from /home/airflow/.local/lib/python3.12/site-packages/airflow/example_dags/example_bash_operator.py
[2024-11-27T07:54:26.326+0000] {processor.py:925} INFO - DAG(s) 'example_bash_operator' retrieved from /home/airflow/.local/lib/python3.12/site-packages/airflow/example_dags/example_bash_operator.py
[2024-11-27T07:54:26.377+0000] {logging_mixin.py:190} INFO - [2024-11-27T07:54:26.377+0000] {dag.py:3239} INFO - Sync 1 DAGs
[2024-11-27T07:54:26.415+0000] {logging_mixin.py:190} INFO - [2024-11-27T07:54:26.415+0000] {dag.py:4180} INFO - Setting next_dagrun for example_bash_operator to 2024-11-26 00:00:00+00:00, run_after=2024-11-27 00:00:00+00:00
[2024-11-27T07:54:26.448+0000] {processor.py:208} INFO - Processing /home/airflow/.local/lib/python3.12/site-packages/airflow/example_dags/example_bash_operator.py took 0.159 seconds
[2024-11-27T07:54:57.244+0000] {processor.py:186} INFO - Started process (PID=4325) to work on /home/airflow/.local/lib/python3.12/site-packages/airflow/example_dags/example_bash_operator.py
[2024-11-27T07:54:57.246+0000] {processor.py:914} INFO - Processing file /home/airflow/.local/lib/python3.12/site-packages/airflow/example_dags/example_bash_operator.py for tasks to queue
[2024-11-27T07:54:57.250+0000] {logging_mixin.py:190} INFO - [2024-11-27T07:54:57.249+0000] {dagbag.py:588} INFO - Filling up the DagBag from /home/airflow/.local/lib/python3.12/site-packages/airflow/example_dags/example_bash_operator.py
[2024-11-27T07:54:57.302+0000] {processor.py:925} INFO - DAG(s) 'example_bash_operator' retrieved from /home/airflow/.local/lib/python3.12/site-packages/airflow/example_dags/example_bash_operator.py
[2024-11-27T07:54:57.380+0000] {logging_mixin.py:190} INFO - [2024-11-27T07:54:57.379+0000] {dag.py:3239} INFO - Sync 1 DAGs
[2024-11-27T07:54:57.426+0000] {logging_mixin.py:190} INFO - [2024-11-27T07:54:57.426+0000] {dag.py:4180} INFO - Setting next_dagrun for example_bash_operator to 2024-11-26 00:00:00+00:00, run_after=2024-11-27 00:00:00+00:00
[2024-11-27T07:54:57.465+0000] {processor.py:208} INFO - Processing /home/airflow/.local/lib/python3.12/site-packages/airflow/example_dags/example_bash_operator.py took 0.232 seconds
[2024-11-27T07:55:28.312+0000] {processor.py:186} INFO - Started process (PID=4616) to work on /home/airflow/.local/lib/python3.12/site-packages/airflow/example_dags/example_bash_operator.py
[2024-11-27T07:55:28.314+0000] {processor.py:914} INFO - Processing file /home/airflow/.local/lib/python3.12/site-packages/airflow/example_dags/example_bash_operator.py for tasks to queue
[2024-11-27T07:55:28.319+0000] {logging_mixin.py:190} INFO - [2024-11-27T07:55:28.318+0000] {dagbag.py:588} INFO - Filling up the DagBag from /home/airflow/.local/lib/python3.12/site-packages/airflow/example_dags/example_bash_operator.py
[2024-11-27T07:55:28.341+0000] {processor.py:925} INFO - DAG(s) 'example_bash_operator' retrieved from /home/airflow/.local/lib/python3.12/site-packages/airflow/example_dags/example_bash_operator.py
[2024-11-27T07:55:28.394+0000] {logging_mixin.py:190} INFO - [2024-11-27T07:55:28.393+0000] {dag.py:3239} INFO - Sync 1 DAGs
[2024-11-27T07:55:28.436+0000] {logging_mixin.py:190} INFO - [2024-11-27T07:55:28.436+0000] {dag.py:4180} INFO - Setting next_dagrun for example_bash_operator to 2024-11-26 00:00:00+00:00, run_after=2024-11-27 00:00:00+00:00
[2024-11-27T07:55:28.472+0000] {processor.py:208} INFO - Processing /home/airflow/.local/lib/python3.12/site-packages/airflow/example_dags/example_bash_operator.py took 0.168 seconds
[2024-11-27T07:55:59.223+0000] {processor.py:186} INFO - Started process (PID=4907) to work on /home/airflow/.local/lib/python3.12/site-packages/airflow/example_dags/example_bash_operator.py
[2024-11-27T07:55:59.225+0000] {processor.py:914} INFO - Processing file /home/airflow/.local/lib/python3.12/site-packages/airflow/example_dags/example_bash_operator.py for tasks to queue
[2024-11-27T07:55:59.228+0000] {logging_mixin.py:190} INFO - [2024-11-27T07:55:59.228+0000] {dagbag.py:588} INFO - Filling up the DagBag from /home/airflow/.local/lib/python3.12/site-packages/airflow/example_dags/example_bash_operator.py
[2024-11-27T07:55:59.248+0000] {processor.py:925} INFO - DAG(s) 'example_bash_operator' retrieved from /home/airflow/.local/lib/python3.12/site-packages/airflow/example_dags/example_bash_operator.py
[2024-11-27T07:55:59.298+0000] {logging_mixin.py:190} INFO - [2024-11-27T07:55:59.297+0000] {dag.py:3239} INFO - Sync 1 DAGs
[2024-11-27T07:55:59.340+0000] {logging_mixin.py:190} INFO - [2024-11-27T07:55:59.339+0000] {dag.py:4180} INFO - Setting next_dagrun for example_bash_operator to 2024-11-26 00:00:00+00:00, run_after=2024-11-27 00:00:00+00:00
[2024-11-27T07:55:59.375+0000] {processor.py:208} INFO - Processing /home/airflow/.local/lib/python3.12/site-packages/airflow/example_dags/example_bash_operator.py took 0.159 seconds
[2024-11-27T07:56:30.612+0000] {processor.py:186} INFO - Started process (PID=5193) to work on /home/airflow/.local/lib/python3.12/site-packages/airflow/example_dags/example_bash_operator.py
[2024-11-27T07:56:30.614+0000] {processor.py:914} INFO - Processing file /home/airflow/.local/lib/python3.12/site-packages/airflow/example_dags/example_bash_operator.py for tasks to queue
[2024-11-27T07:56:30.618+0000] {logging_mixin.py:190} INFO - [2024-11-27T07:56:30.617+0000] {dagbag.py:588} INFO - Filling up the DagBag from /home/airflow/.local/lib/python3.12/site-packages/airflow/example_dags/example_bash_operator.py
[2024-11-27T07:56:30.643+0000] {processor.py:925} INFO - DAG(s) 'example_bash_operator' retrieved from /home/airflow/.local/lib/python3.12/site-packages/airflow/example_dags/example_bash_operator.py
[2024-11-27T07:56:30.691+0000] {logging_mixin.py:190} INFO - [2024-11-27T07:56:30.690+0000] {dag.py:3239} INFO - Sync 1 DAGs
[2024-11-27T07:56:30.742+0000] {logging_mixin.py:190} INFO - [2024-11-27T07:56:30.741+0000] {dag.py:4180} INFO - Setting next_dagrun for example_bash_operator to 2024-11-26 00:00:00+00:00, run_after=2024-11-27 00:00:00+00:00
[2024-11-27T07:56:30.777+0000] {processor.py:208} INFO - Processing /home/airflow/.local/lib/python3.12/site-packages/airflow/example_dags/example_bash_operator.py took 0.174 seconds
[2024-11-27T07:57:02.758+0000] {processor.py:186} INFO - Started process (PID=5447) to work on /home/airflow/.local/lib/python3.12/site-packages/airflow/example_dags/example_bash_operator.py
[2024-11-27T07:57:02.760+0000] {processor.py:914} INFO - Processing file /home/airflow/.local/lib/python3.12/site-packages/airflow/example_dags/example_bash_operator.py for tasks to queue
[2024-11-27T07:57:02.781+0000] {logging_mixin.py:190} INFO - [2024-11-27T07:57:02.781+0000] {dagbag.py:588} INFO - Filling up the DagBag from /home/airflow/.local/lib/python3.12/site-packages/airflow/example_dags/example_bash_operator.py
[2024-11-27T07:57:02.856+0000] {processor.py:925} INFO - DAG(s) 'example_bash_operator' retrieved from /home/airflow/.local/lib/python3.12/site-packages/airflow/example_dags/example_bash_operator.py
[2024-11-27T07:57:02.952+0000] {logging_mixin.py:190} INFO - [2024-11-27T07:57:02.951+0000] {dag.py:3239} INFO - Sync 1 DAGs
[2024-11-27T07:57:03.052+0000] {logging_mixin.py:190} INFO - [2024-11-27T07:57:03.052+0000] {dag.py:4180} INFO - Setting next_dagrun for example_bash_operator to 2024-11-26 00:00:00+00:00, run_after=2024-11-27 00:00:00+00:00
[2024-11-27T07:57:03.234+0000] {processor.py:208} INFO - Processing /home/airflow/.local/lib/python3.12/site-packages/airflow/example_dags/example_bash_operator.py took 0.500 seconds
[2024-11-27T07:57:33.900+0000] {processor.py:186} INFO - Started process (PID=5738) to work on /home/airflow/.local/lib/python3.12/site-packages/airflow/example_dags/example_bash_operator.py
[2024-11-27T07:57:33.902+0000] {processor.py:914} INFO - Processing file /home/airflow/.local/lib/python3.12/site-packages/airflow/example_dags/example_bash_operator.py for tasks to queue
[2024-11-27T07:57:33.907+0000] {logging_mixin.py:190} INFO - [2024-11-27T07:57:33.907+0000] {dagbag.py:588} INFO - Filling up the DagBag from /home/airflow/.local/lib/python3.12/site-packages/airflow/example_dags/example_bash_operator.py
[2024-11-27T07:57:33.929+0000] {processor.py:925} INFO - DAG(s) 'example_bash_operator' retrieved from /home/airflow/.local/lib/python3.12/site-packages/airflow/example_dags/example_bash_operator.py
[2024-11-27T07:57:33.984+0000] {logging_mixin.py:190} INFO - [2024-11-27T07:57:33.983+0000] {dag.py:3239} INFO - Sync 1 DAGs
[2024-11-27T07:57:34.030+0000] {logging_mixin.py:190} INFO - [2024-11-27T07:57:34.029+0000] {dag.py:4180} INFO - Setting next_dagrun for example_bash_operator to 2024-11-26 00:00:00+00:00, run_after=2024-11-27 00:00:00+00:00
[2024-11-27T07:57:34.084+0000] {processor.py:208} INFO - Processing /home/airflow/.local/lib/python3.12/site-packages/airflow/example_dags/example_bash_operator.py took 0.194 seconds
[2024-11-27T07:58:04.179+0000] {processor.py:186} INFO - Started process (PID=6030) to work on /home/airflow/.local/lib/python3.12/site-packages/airflow/example_dags/example_bash_operator.py
[2024-11-27T07:58:04.181+0000] {processor.py:914} INFO - Processing file /home/airflow/.local/lib/python3.12/site-packages/airflow/example_dags/example_bash_operator.py for tasks to queue
[2024-11-27T07:58:04.184+0000] {logging_mixin.py:190} INFO - [2024-11-27T07:58:04.183+0000] {dagbag.py:588} INFO - Filling up the DagBag from /home/airflow/.local/lib/python3.12/site-packages/airflow/example_dags/example_bash_operator.py
[2024-11-27T07:58:04.205+0000] {processor.py:925} INFO - DAG(s) 'example_bash_operator' retrieved from /home/airflow/.local/lib/python3.12/site-packages/airflow/example_dags/example_bash_operator.py
[2024-11-27T07:58:04.251+0000] {logging_mixin.py:190} INFO - [2024-11-27T07:58:04.250+0000] {dag.py:3239} INFO - Sync 1 DAGs
[2024-11-27T07:58:04.302+0000] {logging_mixin.py:190} INFO - [2024-11-27T07:58:04.301+0000] {dag.py:4180} INFO - Setting next_dagrun for example_bash_operator to 2024-11-26 00:00:00+00:00, run_after=2024-11-27 00:00:00+00:00
[2024-11-27T07:58:04.338+0000] {processor.py:208} INFO - Processing /home/airflow/.local/lib/python3.12/site-packages/airflow/example_dags/example_bash_operator.py took 0.166 seconds
[2024-11-27T07:58:37.639+0000] {processor.py:186} INFO - Started process (PID=6321) to work on /home/airflow/.local/lib/python3.12/site-packages/airflow/example_dags/example_bash_operator.py
[2024-11-27T07:58:37.641+0000] {processor.py:914} INFO - Processing file /home/airflow/.local/lib/python3.12/site-packages/airflow/example_dags/example_bash_operator.py for tasks to queue
[2024-11-27T07:58:37.649+0000] {logging_mixin.py:190} INFO - [2024-11-27T07:58:37.648+0000] {dagbag.py:588} INFO - Filling up the DagBag from /home/airflow/.local/lib/python3.12/site-packages/airflow/example_dags/example_bash_operator.py
[2024-11-27T07:58:37.705+0000] {processor.py:925} INFO - DAG(s) 'example_bash_operator' retrieved from /home/airflow/.local/lib/python3.12/site-packages/airflow/example_dags/example_bash_operator.py
[2024-11-27T07:58:37.829+0000] {logging_mixin.py:190} INFO - [2024-11-27T07:58:37.828+0000] {dag.py:3239} INFO - Sync 1 DAGs
[2024-11-27T07:58:37.941+0000] {logging_mixin.py:190} INFO - [2024-11-27T07:58:37.941+0000] {dag.py:4180} INFO - Setting next_dagrun for example_bash_operator to 2024-11-26 00:00:00+00:00, run_after=2024-11-27 00:00:00+00:00
[2024-11-27T07:58:38.059+0000] {processor.py:208} INFO - Processing /home/airflow/.local/lib/python3.12/site-packages/airflow/example_dags/example_bash_operator.py took 0.437 seconds
[2024-11-27T07:59:10.556+0000] {processor.py:186} INFO - Started process (PID=6608) to work on /home/airflow/.local/lib/python3.12/site-packages/airflow/example_dags/example_bash_operator.py
[2024-11-27T07:59:10.558+0000] {processor.py:914} INFO - Processing file /home/airflow/.local/lib/python3.12/site-packages/airflow/example_dags/example_bash_operator.py for tasks to queue
[2024-11-27T07:59:10.562+0000] {logging_mixin.py:190} INFO - [2024-11-27T07:59:10.561+0000] {dagbag.py:588} INFO - Filling up the DagBag from /home/airflow/.local/lib/python3.12/site-packages/airflow/example_dags/example_bash_operator.py
[2024-11-27T07:59:10.595+0000] {processor.py:925} INFO - DAG(s) 'example_bash_operator' retrieved from /home/airflow/.local/lib/python3.12/site-packages/airflow/example_dags/example_bash_operator.py
[2024-11-27T07:59:10.659+0000] {logging_mixin.py:190} INFO - [2024-11-27T07:59:10.659+0000] {dag.py:3239} INFO - Sync 1 DAGs
[2024-11-27T07:59:10.748+0000] {logging_mixin.py:190} INFO - [2024-11-27T07:59:10.747+0000] {dag.py:4180} INFO - Setting next_dagrun for example_bash_operator to 2024-11-26 00:00:00+00:00, run_after=2024-11-27 00:00:00+00:00
[2024-11-27T07:59:10.802+0000] {processor.py:208} INFO - Processing /home/airflow/.local/lib/python3.12/site-packages/airflow/example_dags/example_bash_operator.py took 0.256 seconds
[2024-11-27T07:59:41.531+0000] {processor.py:186} INFO - Started process (PID=6901) to work on /home/airflow/.local/lib/python3.12/site-packages/airflow/example_dags/example_bash_operator.py
[2024-11-27T07:59:41.532+0000] {processor.py:914} INFO - Processing file /home/airflow/.local/lib/python3.12/site-packages/airflow/example_dags/example_bash_operator.py for tasks to queue
[2024-11-27T07:59:41.536+0000] {logging_mixin.py:190} INFO - [2024-11-27T07:59:41.535+0000] {dagbag.py:588} INFO - Filling up the DagBag from /home/airflow/.local/lib/python3.12/site-packages/airflow/example_dags/example_bash_operator.py
[2024-11-27T07:59:41.554+0000] {processor.py:925} INFO - DAG(s) 'example_bash_operator' retrieved from /home/airflow/.local/lib/python3.12/site-packages/airflow/example_dags/example_bash_operator.py
[2024-11-27T07:59:41.597+0000] {logging_mixin.py:190} INFO - [2024-11-27T07:59:41.596+0000] {dag.py:3239} INFO - Sync 1 DAGs
[2024-11-27T07:59:41.632+0000] {logging_mixin.py:190} INFO - [2024-11-27T07:59:41.632+0000] {dag.py:4180} INFO - Setting next_dagrun for example_bash_operator to 2024-11-26 00:00:00+00:00, run_after=2024-11-27 00:00:00+00:00
[2024-11-27T07:59:41.666+0000] {processor.py:208} INFO - Processing /home/airflow/.local/lib/python3.12/site-packages/airflow/example_dags/example_bash_operator.py took 0.142 seconds
[2024-11-27T08:00:12.352+0000] {processor.py:186} INFO - Started process (PID=7192) to work on /home/airflow/.local/lib/python3.12/site-packages/airflow/example_dags/example_bash_operator.py
[2024-11-27T08:00:12.354+0000] {processor.py:914} INFO - Processing file /home/airflow/.local/lib/python3.12/site-packages/airflow/example_dags/example_bash_operator.py for tasks to queue
[2024-11-27T08:00:12.358+0000] {logging_mixin.py:190} INFO - [2024-11-27T08:00:12.357+0000] {dagbag.py:588} INFO - Filling up the DagBag from /home/airflow/.local/lib/python3.12/site-packages/airflow/example_dags/example_bash_operator.py
[2024-11-27T08:00:12.377+0000] {processor.py:925} INFO - DAG(s) 'example_bash_operator' retrieved from /home/airflow/.local/lib/python3.12/site-packages/airflow/example_dags/example_bash_operator.py
[2024-11-27T08:00:12.424+0000] {logging_mixin.py:190} INFO - [2024-11-27T08:00:12.423+0000] {dag.py:3239} INFO - Sync 1 DAGs
[2024-11-27T08:00:12.465+0000] {logging_mixin.py:190} INFO - [2024-11-27T08:00:12.464+0000] {dag.py:4180} INFO - Setting next_dagrun for example_bash_operator to 2024-11-26 00:00:00+00:00, run_after=2024-11-27 00:00:00+00:00
[2024-11-27T08:00:12.501+0000] {processor.py:208} INFO - Processing /home/airflow/.local/lib/python3.12/site-packages/airflow/example_dags/example_bash_operator.py took 0.158 seconds
[2024-11-27T08:00:43.852+0000] {processor.py:186} INFO - Started process (PID=7481) to work on /home/airflow/.local/lib/python3.12/site-packages/airflow/example_dags/example_bash_operator.py
[2024-11-27T08:00:43.854+0000] {processor.py:914} INFO - Processing file /home/airflow/.local/lib/python3.12/site-packages/airflow/example_dags/example_bash_operator.py for tasks to queue
[2024-11-27T08:00:43.859+0000] {logging_mixin.py:190} INFO - [2024-11-27T08:00:43.858+0000] {dagbag.py:588} INFO - Filling up the DagBag from /home/airflow/.local/lib/python3.12/site-packages/airflow/example_dags/example_bash_operator.py
[2024-11-27T08:00:43.881+0000] {processor.py:925} INFO - DAG(s) 'example_bash_operator' retrieved from /home/airflow/.local/lib/python3.12/site-packages/airflow/example_dags/example_bash_operator.py
[2024-11-27T08:00:43.933+0000] {logging_mixin.py:190} INFO - [2024-11-27T08:00:43.932+0000] {dag.py:3239} INFO - Sync 1 DAGs
[2024-11-27T08:00:43.982+0000] {logging_mixin.py:190} INFO - [2024-11-27T08:00:43.982+0000] {dag.py:4180} INFO - Setting next_dagrun for example_bash_operator to 2024-11-26 00:00:00+00:00, run_after=2024-11-27 00:00:00+00:00
[2024-11-27T08:00:44.016+0000] {processor.py:208} INFO - Processing /home/airflow/.local/lib/python3.12/site-packages/airflow/example_dags/example_bash_operator.py took 0.173 seconds
[2024-11-27T08:01:15.546+0000] {processor.py:186} INFO - Started process (PID=7727) to work on /home/airflow/.local/lib/python3.12/site-packages/airflow/example_dags/example_bash_operator.py
[2024-11-27T08:01:15.548+0000] {processor.py:914} INFO - Processing file /home/airflow/.local/lib/python3.12/site-packages/airflow/example_dags/example_bash_operator.py for tasks to queue
[2024-11-27T08:01:15.553+0000] {logging_mixin.py:190} INFO - [2024-11-27T08:01:15.552+0000] {dagbag.py:588} INFO - Filling up the DagBag from /home/airflow/.local/lib/python3.12/site-packages/airflow/example_dags/example_bash_operator.py
[2024-11-27T08:01:15.585+0000] {processor.py:925} INFO - DAG(s) 'example_bash_operator' retrieved from /home/airflow/.local/lib/python3.12/site-packages/airflow/example_dags/example_bash_operator.py
[2024-11-27T08:01:15.642+0000] {logging_mixin.py:190} INFO - [2024-11-27T08:01:15.642+0000] {dag.py:3239} INFO - Sync 1 DAGs
[2024-11-27T08:01:15.687+0000] {logging_mixin.py:190} INFO - [2024-11-27T08:01:15.687+0000] {dag.py:4180} INFO - Setting next_dagrun for example_bash_operator to 2024-11-26 00:00:00+00:00, run_after=2024-11-27 00:00:00+00:00
[2024-11-27T08:01:15.725+0000] {processor.py:208} INFO - Processing /home/airflow/.local/lib/python3.12/site-packages/airflow/example_dags/example_bash_operator.py took 0.190 seconds
[2024-11-27T08:01:47.827+0000] {processor.py:186} INFO - Started process (PID=8020) to work on /home/airflow/.local/lib/python3.12/site-packages/airflow/example_dags/example_bash_operator.py
[2024-11-27T08:01:47.830+0000] {processor.py:914} INFO - Processing file /home/airflow/.local/lib/python3.12/site-packages/airflow/example_dags/example_bash_operator.py for tasks to queue
[2024-11-27T08:01:47.836+0000] {logging_mixin.py:190} INFO - [2024-11-27T08:01:47.835+0000] {dagbag.py:588} INFO - Filling up the DagBag from /home/airflow/.local/lib/python3.12/site-packages/airflow/example_dags/example_bash_operator.py
[2024-11-27T08:01:47.867+0000] {processor.py:925} INFO - DAG(s) 'example_bash_operator' retrieved from /home/airflow/.local/lib/python3.12/site-packages/airflow/example_dags/example_bash_operator.py
[2024-11-27T08:01:47.921+0000] {logging_mixin.py:190} INFO - [2024-11-27T08:01:47.920+0000] {dag.py:3239} INFO - Sync 1 DAGs
[2024-11-27T08:01:47.962+0000] {logging_mixin.py:190} INFO - [2024-11-27T08:01:47.962+0000] {dag.py:4180} INFO - Setting next_dagrun for example_bash_operator to 2024-11-26 00:00:00+00:00, run_after=2024-11-27 00:00:00+00:00
[2024-11-27T08:01:47.994+0000] {processor.py:208} INFO - Processing /home/airflow/.local/lib/python3.12/site-packages/airflow/example_dags/example_bash_operator.py took 0.180 seconds
[2024-11-27T08:02:23.566+0000] {processor.py:186} INFO - Started process (PID=8280) to work on /home/airflow/.local/lib/python3.12/site-packages/airflow/example_dags/example_bash_operator.py
[2024-11-27T08:02:23.578+0000] {processor.py:914} INFO - Processing file /home/airflow/.local/lib/python3.12/site-packages/airflow/example_dags/example_bash_operator.py for tasks to queue
[2024-11-27T08:02:23.583+0000] {logging_mixin.py:190} INFO - [2024-11-27T08:02:23.582+0000] {dagbag.py:588} INFO - Filling up the DagBag from /home/airflow/.local/lib/python3.12/site-packages/airflow/example_dags/example_bash_operator.py
[2024-11-27T08:02:23.649+0000] {processor.py:925} INFO - DAG(s) 'example_bash_operator' retrieved from /home/airflow/.local/lib/python3.12/site-packages/airflow/example_dags/example_bash_operator.py
[2024-11-27T08:02:23.812+0000] {logging_mixin.py:190} INFO - [2024-11-27T08:02:23.811+0000] {dag.py:3239} INFO - Sync 1 DAGs
[2024-11-27T08:02:23.998+0000] {logging_mixin.py:190} INFO - [2024-11-27T08:02:23.998+0000] {dag.py:4180} INFO - Setting next_dagrun for example_bash_operator to 2024-11-26 00:00:00+00:00, run_after=2024-11-27 00:00:00+00:00
[2024-11-27T08:02:24.370+0000] {processor.py:208} INFO - Processing /home/airflow/.local/lib/python3.12/site-packages/airflow/example_dags/example_bash_operator.py took 0.825 seconds
[2024-11-27T08:02:55.036+0000] {processor.py:186} INFO - Started process (PID=8573) to work on /home/airflow/.local/lib/python3.12/site-packages/airflow/example_dags/example_bash_operator.py
[2024-11-27T08:02:55.038+0000] {processor.py:914} INFO - Processing file /home/airflow/.local/lib/python3.12/site-packages/airflow/example_dags/example_bash_operator.py for tasks to queue
[2024-11-27T08:02:55.044+0000] {logging_mixin.py:190} INFO - [2024-11-27T08:02:55.043+0000] {dagbag.py:588} INFO - Filling up the DagBag from /home/airflow/.local/lib/python3.12/site-packages/airflow/example_dags/example_bash_operator.py
[2024-11-27T08:02:55.079+0000] {processor.py:925} INFO - DAG(s) 'example_bash_operator' retrieved from /home/airflow/.local/lib/python3.12/site-packages/airflow/example_dags/example_bash_operator.py
[2024-11-27T08:02:55.134+0000] {logging_mixin.py:190} INFO - [2024-11-27T08:02:55.134+0000] {dag.py:3239} INFO - Sync 1 DAGs
[2024-11-27T08:02:55.196+0000] {logging_mixin.py:190} INFO - [2024-11-27T08:02:55.195+0000] {dag.py:4180} INFO - Setting next_dagrun for example_bash_operator to 2024-11-26 00:00:00+00:00, run_after=2024-11-27 00:00:00+00:00
[2024-11-27T08:02:55.239+0000] {processor.py:208} INFO - Processing /home/airflow/.local/lib/python3.12/site-packages/airflow/example_dags/example_bash_operator.py took 0.217 seconds
[2024-11-27T08:03:25.362+0000] {processor.py:186} INFO - Started process (PID=8867) to work on /home/airflow/.local/lib/python3.12/site-packages/airflow/example_dags/example_bash_operator.py
[2024-11-27T08:03:25.363+0000] {processor.py:914} INFO - Processing file /home/airflow/.local/lib/python3.12/site-packages/airflow/example_dags/example_bash_operator.py for tasks to queue
[2024-11-27T08:03:25.367+0000] {logging_mixin.py:190} INFO - [2024-11-27T08:03:25.367+0000] {dagbag.py:588} INFO - Filling up the DagBag from /home/airflow/.local/lib/python3.12/site-packages/airflow/example_dags/example_bash_operator.py
[2024-11-27T08:03:25.390+0000] {processor.py:925} INFO - DAG(s) 'example_bash_operator' retrieved from /home/airflow/.local/lib/python3.12/site-packages/airflow/example_dags/example_bash_operator.py
[2024-11-27T08:03:25.443+0000] {logging_mixin.py:190} INFO - [2024-11-27T08:03:25.442+0000] {dag.py:3239} INFO - Sync 1 DAGs
[2024-11-27T08:03:25.496+0000] {logging_mixin.py:190} INFO - [2024-11-27T08:03:25.496+0000] {dag.py:4180} INFO - Setting next_dagrun for example_bash_operator to 2024-11-26 00:00:00+00:00, run_after=2024-11-27 00:00:00+00:00
[2024-11-27T08:03:25.544+0000] {processor.py:208} INFO - Processing /home/airflow/.local/lib/python3.12/site-packages/airflow/example_dags/example_bash_operator.py took 0.190 seconds
[2024-11-27T08:03:55.810+0000] {processor.py:186} INFO - Started process (PID=9154) to work on /home/airflow/.local/lib/python3.12/site-packages/airflow/example_dags/example_bash_operator.py
[2024-11-27T08:03:55.814+0000] {processor.py:914} INFO - Processing file /home/airflow/.local/lib/python3.12/site-packages/airflow/example_dags/example_bash_operator.py for tasks to queue
[2024-11-27T08:03:55.819+0000] {logging_mixin.py:190} INFO - [2024-11-27T08:03:55.819+0000] {dagbag.py:588} INFO - Filling up the DagBag from /home/airflow/.local/lib/python3.12/site-packages/airflow/example_dags/example_bash_operator.py
[2024-11-27T08:03:55.857+0000] {processor.py:925} INFO - DAG(s) 'example_bash_operator' retrieved from /home/airflow/.local/lib/python3.12/site-packages/airflow/example_dags/example_bash_operator.py
[2024-11-27T08:03:55.922+0000] {logging_mixin.py:190} INFO - [2024-11-27T08:03:55.921+0000] {dag.py:3239} INFO - Sync 1 DAGs
[2024-11-27T08:03:55.980+0000] {logging_mixin.py:190} INFO - [2024-11-27T08:03:55.980+0000] {dag.py:4180} INFO - Setting next_dagrun for example_bash_operator to 2024-11-26 00:00:00+00:00, run_after=2024-11-27 00:00:00+00:00
[2024-11-27T08:03:56.026+0000] {processor.py:208} INFO - Processing /home/airflow/.local/lib/python3.12/site-packages/airflow/example_dags/example_bash_operator.py took 0.232 seconds
[2024-11-27T08:04:26.172+0000] {processor.py:186} INFO - Started process (PID=9443) to work on /home/airflow/.local/lib/python3.12/site-packages/airflow/example_dags/example_bash_operator.py
[2024-11-27T08:04:26.173+0000] {processor.py:914} INFO - Processing file /home/airflow/.local/lib/python3.12/site-packages/airflow/example_dags/example_bash_operator.py for tasks to queue
[2024-11-27T08:04:26.179+0000] {logging_mixin.py:190} INFO - [2024-11-27T08:04:26.179+0000] {dagbag.py:588} INFO - Filling up the DagBag from /home/airflow/.local/lib/python3.12/site-packages/airflow/example_dags/example_bash_operator.py
[2024-11-27T08:04:26.199+0000] {processor.py:925} INFO - DAG(s) 'example_bash_operator' retrieved from /home/airflow/.local/lib/python3.12/site-packages/airflow/example_dags/example_bash_operator.py
[2024-11-27T08:04:26.237+0000] {logging_mixin.py:190} INFO - [2024-11-27T08:04:26.237+0000] {dag.py:3239} INFO - Sync 1 DAGs
[2024-11-27T08:04:26.274+0000] {logging_mixin.py:190} INFO - [2024-11-27T08:04:26.274+0000] {dag.py:4180} INFO - Setting next_dagrun for example_bash_operator to 2024-11-26 00:00:00+00:00, run_after=2024-11-27 00:00:00+00:00
[2024-11-27T08:04:26.309+0000] {processor.py:208} INFO - Processing /home/airflow/.local/lib/python3.12/site-packages/airflow/example_dags/example_bash_operator.py took 0.147 seconds
[2024-11-27T08:04:56.714+0000] {processor.py:186} INFO - Started process (PID=9732) to work on /home/airflow/.local/lib/python3.12/site-packages/airflow/example_dags/example_bash_operator.py
[2024-11-27T08:04:56.716+0000] {processor.py:914} INFO - Processing file /home/airflow/.local/lib/python3.12/site-packages/airflow/example_dags/example_bash_operator.py for tasks to queue
[2024-11-27T08:04:56.720+0000] {logging_mixin.py:190} INFO - [2024-11-27T08:04:56.719+0000] {dagbag.py:588} INFO - Filling up the DagBag from /home/airflow/.local/lib/python3.12/site-packages/airflow/example_dags/example_bash_operator.py
[2024-11-27T08:04:56.746+0000] {processor.py:925} INFO - DAG(s) 'example_bash_operator' retrieved from /home/airflow/.local/lib/python3.12/site-packages/airflow/example_dags/example_bash_operator.py
[2024-11-27T08:04:56.805+0000] {logging_mixin.py:190} INFO - [2024-11-27T08:04:56.804+0000] {dag.py:3239} INFO - Sync 1 DAGs
[2024-11-27T08:04:56.854+0000] {logging_mixin.py:190} INFO - [2024-11-27T08:04:56.854+0000] {dag.py:4180} INFO - Setting next_dagrun for example_bash_operator to 2024-11-26 00:00:00+00:00, run_after=2024-11-27 00:00:00+00:00
[2024-11-27T08:04:56.892+0000] {processor.py:208} INFO - Processing /home/airflow/.local/lib/python3.12/site-packages/airflow/example_dags/example_bash_operator.py took 0.188 seconds
[2024-11-27T08:06:05.128+0000] {processor.py:186} INFO - Started process (PID=247) to work on /home/airflow/.local/lib/python3.12/site-packages/airflow/example_dags/example_bash_operator.py
[2024-11-27T08:06:05.130+0000] {processor.py:914} INFO - Processing file /home/airflow/.local/lib/python3.12/site-packages/airflow/example_dags/example_bash_operator.py for tasks to queue
[2024-11-27T08:06:05.134+0000] {logging_mixin.py:190} INFO - [2024-11-27T08:06:05.134+0000] {dagbag.py:588} INFO - Filling up the DagBag from /home/airflow/.local/lib/python3.12/site-packages/airflow/example_dags/example_bash_operator.py
[2024-11-27T08:06:05.163+0000] {processor.py:925} INFO - DAG(s) 'example_bash_operator' retrieved from /home/airflow/.local/lib/python3.12/site-packages/airflow/example_dags/example_bash_operator.py
[2024-11-27T08:06:05.226+0000] {logging_mixin.py:190} INFO - [2024-11-27T08:06:05.225+0000] {dag.py:3239} INFO - Sync 1 DAGs
[2024-11-27T08:06:05.285+0000] {logging_mixin.py:190} INFO - [2024-11-27T08:06:05.284+0000] {dag.py:4180} INFO - Setting next_dagrun for example_bash_operator to 2024-11-26 00:00:00+00:00, run_after=2024-11-27 00:00:00+00:00
[2024-11-27T08:06:05.332+0000] {processor.py:208} INFO - Processing /home/airflow/.local/lib/python3.12/site-packages/airflow/example_dags/example_bash_operator.py took 0.216 seconds
[2024-11-27T08:06:36.393+0000] {processor.py:186} INFO - Started process (PID=538) to work on /home/airflow/.local/lib/python3.12/site-packages/airflow/example_dags/example_bash_operator.py
[2024-11-27T08:06:36.396+0000] {processor.py:914} INFO - Processing file /home/airflow/.local/lib/python3.12/site-packages/airflow/example_dags/example_bash_operator.py for tasks to queue
[2024-11-27T08:06:36.403+0000] {logging_mixin.py:190} INFO - [2024-11-27T08:06:36.401+0000] {dagbag.py:588} INFO - Filling up the DagBag from /home/airflow/.local/lib/python3.12/site-packages/airflow/example_dags/example_bash_operator.py
[2024-11-27T08:06:36.469+0000] {processor.py:925} INFO - DAG(s) 'example_bash_operator' retrieved from /home/airflow/.local/lib/python3.12/site-packages/airflow/example_dags/example_bash_operator.py
[2024-11-27T08:06:36.581+0000] {logging_mixin.py:190} INFO - [2024-11-27T08:06:36.580+0000] {dag.py:3239} INFO - Sync 1 DAGs
[2024-11-27T08:06:36.667+0000] {logging_mixin.py:190} INFO - [2024-11-27T08:06:36.666+0000] {dag.py:4180} INFO - Setting next_dagrun for example_bash_operator to 2024-11-26 00:00:00+00:00, run_after=2024-11-27 00:00:00+00:00
[2024-11-27T08:06:36.720+0000] {processor.py:208} INFO - Processing /home/airflow/.local/lib/python3.12/site-packages/airflow/example_dags/example_bash_operator.py took 0.341 seconds
[2024-11-27T08:07:07.741+0000] {processor.py:186} INFO - Started process (PID=826) to work on /home/airflow/.local/lib/python3.12/site-packages/airflow/example_dags/example_bash_operator.py
[2024-11-27T08:07:07.743+0000] {processor.py:914} INFO - Processing file /home/airflow/.local/lib/python3.12/site-packages/airflow/example_dags/example_bash_operator.py for tasks to queue
[2024-11-27T08:07:07.749+0000] {logging_mixin.py:190} INFO - [2024-11-27T08:07:07.748+0000] {dagbag.py:588} INFO - Filling up the DagBag from /home/airflow/.local/lib/python3.12/site-packages/airflow/example_dags/example_bash_operator.py
[2024-11-27T08:07:07.801+0000] {processor.py:925} INFO - DAG(s) 'example_bash_operator' retrieved from /home/airflow/.local/lib/python3.12/site-packages/airflow/example_dags/example_bash_operator.py
[2024-11-27T08:07:07.899+0000] {logging_mixin.py:190} INFO - [2024-11-27T08:07:07.898+0000] {dag.py:3239} INFO - Sync 1 DAGs
[2024-11-27T08:07:07.987+0000] {logging_mixin.py:190} INFO - [2024-11-27T08:07:07.986+0000] {dag.py:4180} INFO - Setting next_dagrun for example_bash_operator to 2024-11-26 00:00:00+00:00, run_after=2024-11-27 00:00:00+00:00
[2024-11-27T08:07:08.120+0000] {processor.py:208} INFO - Processing /home/airflow/.local/lib/python3.12/site-packages/airflow/example_dags/example_bash_operator.py took 0.401 seconds
[2024-11-27T08:07:38.323+0000] {processor.py:186} INFO - Started process (PID=1121) to work on /home/airflow/.local/lib/python3.12/site-packages/airflow/example_dags/example_bash_operator.py
[2024-11-27T08:07:38.325+0000] {processor.py:914} INFO - Processing file /home/airflow/.local/lib/python3.12/site-packages/airflow/example_dags/example_bash_operator.py for tasks to queue
[2024-11-27T08:07:38.331+0000] {logging_mixin.py:190} INFO - [2024-11-27T08:07:38.329+0000] {dagbag.py:588} INFO - Filling up the DagBag from /home/airflow/.local/lib/python3.12/site-packages/airflow/example_dags/example_bash_operator.py
[2024-11-27T08:07:38.350+0000] {processor.py:925} INFO - DAG(s) 'example_bash_operator' retrieved from /home/airflow/.local/lib/python3.12/site-packages/airflow/example_dags/example_bash_operator.py
[2024-11-27T08:07:38.386+0000] {logging_mixin.py:190} INFO - [2024-11-27T08:07:38.386+0000] {dag.py:3239} INFO - Sync 1 DAGs
[2024-11-27T08:07:38.423+0000] {logging_mixin.py:190} INFO - [2024-11-27T08:07:38.422+0000] {dag.py:4180} INFO - Setting next_dagrun for example_bash_operator to 2024-11-26 00:00:00+00:00, run_after=2024-11-27 00:00:00+00:00
[2024-11-27T08:07:38.455+0000] {processor.py:208} INFO - Processing /home/airflow/.local/lib/python3.12/site-packages/airflow/example_dags/example_bash_operator.py took 0.142 seconds
