[2024-11-27T07:47:50.765+0000] {processor.py:186} INFO - Started process (PID=323) to work on /home/airflow/.local/lib/python3.12/site-packages/airflow/example_dags/example_complex.py
[2024-11-27T07:47:50.768+0000] {processor.py:914} INFO - Processing file /home/airflow/.local/lib/python3.12/site-packages/airflow/example_dags/example_complex.py for tasks to queue
[2024-11-27T07:47:50.772+0000] {logging_mixin.py:190} INFO - [2024-11-27T07:47:50.772+0000] {dagbag.py:588} INFO - Filling up the DagBag from /home/airflow/.local/lib/python3.12/site-packages/airflow/example_dags/example_complex.py
[2024-11-27T07:47:50.793+0000] {processor.py:925} INFO - DAG(s) 'example_complex' retrieved from /home/airflow/.local/lib/python3.12/site-packages/airflow/example_dags/example_complex.py
[2024-11-27T07:47:50.857+0000] {logging_mixin.py:190} INFO - [2024-11-27T07:47:50.857+0000] {dag.py:3239} INFO - Sync 1 DAGs
[2024-11-27T07:47:50.883+0000] {logging_mixin.py:190} INFO - [2024-11-27T07:47:50.883+0000] {dag.py:4180} INFO - Setting next_dagrun for example_complex to None, run_after=None
[2024-11-27T07:47:50.918+0000] {processor.py:208} INFO - Processing /home/airflow/.local/lib/python3.12/site-packages/airflow/example_dags/example_complex.py took 0.167 seconds
[2024-11-27T07:48:24.420+0000] {processor.py:186} INFO - Started process (PID=614) to work on /home/airflow/.local/lib/python3.12/site-packages/airflow/example_dags/example_complex.py
[2024-11-27T07:48:24.423+0000] {processor.py:914} INFO - Processing file /home/airflow/.local/lib/python3.12/site-packages/airflow/example_dags/example_complex.py for tasks to queue
[2024-11-27T07:48:24.429+0000] {logging_mixin.py:190} INFO - [2024-11-27T07:48:24.428+0000] {dagbag.py:588} INFO - Filling up the DagBag from /home/airflow/.local/lib/python3.12/site-packages/airflow/example_dags/example_complex.py
[2024-11-27T07:48:24.455+0000] {processor.py:925} INFO - DAG(s) 'example_complex' retrieved from /home/airflow/.local/lib/python3.12/site-packages/airflow/example_dags/example_complex.py
[2024-11-27T07:48:24.524+0000] {logging_mixin.py:190} INFO - [2024-11-27T07:48:24.523+0000] {dag.py:3239} INFO - Sync 1 DAGs
[2024-11-27T07:48:24.558+0000] {logging_mixin.py:190} INFO - [2024-11-27T07:48:24.558+0000] {dag.py:4180} INFO - Setting next_dagrun for example_complex to None, run_after=None
[2024-11-27T07:48:24.600+0000] {processor.py:208} INFO - Processing /home/airflow/.local/lib/python3.12/site-packages/airflow/example_dags/example_complex.py took 0.189 seconds
[2024-11-27T07:48:55.631+0000] {processor.py:186} INFO - Started process (PID=905) to work on /home/airflow/.local/lib/python3.12/site-packages/airflow/example_dags/example_complex.py
[2024-11-27T07:48:55.634+0000] {processor.py:914} INFO - Processing file /home/airflow/.local/lib/python3.12/site-packages/airflow/example_dags/example_complex.py for tasks to queue
[2024-11-27T07:48:55.637+0000] {logging_mixin.py:190} INFO - [2024-11-27T07:48:55.637+0000] {dagbag.py:588} INFO - Filling up the DagBag from /home/airflow/.local/lib/python3.12/site-packages/airflow/example_dags/example_complex.py
[2024-11-27T07:48:55.656+0000] {processor.py:925} INFO - DAG(s) 'example_complex' retrieved from /home/airflow/.local/lib/python3.12/site-packages/airflow/example_dags/example_complex.py
[2024-11-27T07:48:55.707+0000] {logging_mixin.py:190} INFO - [2024-11-27T07:48:55.707+0000] {dag.py:3239} INFO - Sync 1 DAGs
[2024-11-27T07:48:55.734+0000] {logging_mixin.py:190} INFO - [2024-11-27T07:48:55.733+0000] {dag.py:4180} INFO - Setting next_dagrun for example_complex to None, run_after=None
[2024-11-27T07:48:55.775+0000] {processor.py:208} INFO - Processing /home/airflow/.local/lib/python3.12/site-packages/airflow/example_dags/example_complex.py took 0.151 seconds
[2024-11-27T07:49:29.940+0000] {processor.py:186} INFO - Started process (PID=1196) to work on /home/airflow/.local/lib/python3.12/site-packages/airflow/example_dags/example_complex.py
[2024-11-27T07:49:29.945+0000] {processor.py:914} INFO - Processing file /home/airflow/.local/lib/python3.12/site-packages/airflow/example_dags/example_complex.py for tasks to queue
[2024-11-27T07:49:29.992+0000] {logging_mixin.py:190} INFO - [2024-11-27T07:49:29.991+0000] {dagbag.py:588} INFO - Filling up the DagBag from /home/airflow/.local/lib/python3.12/site-packages/airflow/example_dags/example_complex.py
[2024-11-27T07:49:30.080+0000] {processor.py:925} INFO - DAG(s) 'example_complex' retrieved from /home/airflow/.local/lib/python3.12/site-packages/airflow/example_dags/example_complex.py
[2024-11-27T07:49:30.242+0000] {logging_mixin.py:190} INFO - [2024-11-27T07:49:30.241+0000] {dag.py:3239} INFO - Sync 1 DAGs
[2024-11-27T07:49:30.291+0000] {logging_mixin.py:190} INFO - [2024-11-27T07:49:30.290+0000] {dag.py:4180} INFO - Setting next_dagrun for example_complex to None, run_after=None
[2024-11-27T07:49:30.389+0000] {processor.py:208} INFO - Processing /home/airflow/.local/lib/python3.12/site-packages/airflow/example_dags/example_complex.py took 0.473 seconds
[2024-11-27T07:50:00.843+0000] {processor.py:186} INFO - Started process (PID=1488) to work on /home/airflow/.local/lib/python3.12/site-packages/airflow/example_dags/example_complex.py
[2024-11-27T07:50:00.845+0000] {processor.py:914} INFO - Processing file /home/airflow/.local/lib/python3.12/site-packages/airflow/example_dags/example_complex.py for tasks to queue
[2024-11-27T07:50:00.849+0000] {logging_mixin.py:190} INFO - [2024-11-27T07:50:00.849+0000] {dagbag.py:588} INFO - Filling up the DagBag from /home/airflow/.local/lib/python3.12/site-packages/airflow/example_dags/example_complex.py
[2024-11-27T07:50:00.878+0000] {processor.py:925} INFO - DAG(s) 'example_complex' retrieved from /home/airflow/.local/lib/python3.12/site-packages/airflow/example_dags/example_complex.py
[2024-11-27T07:50:00.948+0000] {logging_mixin.py:190} INFO - [2024-11-27T07:50:00.948+0000] {dag.py:3239} INFO - Sync 1 DAGs
[2024-11-27T07:50:00.988+0000] {logging_mixin.py:190} INFO - [2024-11-27T07:50:00.987+0000] {dag.py:4180} INFO - Setting next_dagrun for example_complex to None, run_after=None
[2024-11-27T07:50:01.032+0000] {processor.py:208} INFO - Processing /home/airflow/.local/lib/python3.12/site-packages/airflow/example_dags/example_complex.py took 0.202 seconds
[2024-11-27T07:50:32.166+0000] {processor.py:186} INFO - Started process (PID=1779) to work on /home/airflow/.local/lib/python3.12/site-packages/airflow/example_dags/example_complex.py
[2024-11-27T07:50:32.168+0000] {processor.py:914} INFO - Processing file /home/airflow/.local/lib/python3.12/site-packages/airflow/example_dags/example_complex.py for tasks to queue
[2024-11-27T07:50:32.172+0000] {logging_mixin.py:190} INFO - [2024-11-27T07:50:32.172+0000] {dagbag.py:588} INFO - Filling up the DagBag from /home/airflow/.local/lib/python3.12/site-packages/airflow/example_dags/example_complex.py
[2024-11-27T07:50:32.190+0000] {processor.py:925} INFO - DAG(s) 'example_complex' retrieved from /home/airflow/.local/lib/python3.12/site-packages/airflow/example_dags/example_complex.py
[2024-11-27T07:50:32.263+0000] {logging_mixin.py:190} INFO - [2024-11-27T07:50:32.262+0000] {dag.py:3239} INFO - Sync 1 DAGs
[2024-11-27T07:50:32.307+0000] {logging_mixin.py:190} INFO - [2024-11-27T07:50:32.306+0000] {dag.py:4180} INFO - Setting next_dagrun for example_complex to None, run_after=None
[2024-11-27T07:50:32.358+0000] {processor.py:208} INFO - Processing /home/airflow/.local/lib/python3.12/site-packages/airflow/example_dags/example_complex.py took 0.199 seconds
[2024-11-27T07:51:04.959+0000] {processor.py:186} INFO - Started process (PID=2070) to work on /home/airflow/.local/lib/python3.12/site-packages/airflow/example_dags/example_complex.py
[2024-11-27T07:51:04.960+0000] {processor.py:914} INFO - Processing file /home/airflow/.local/lib/python3.12/site-packages/airflow/example_dags/example_complex.py for tasks to queue
[2024-11-27T07:51:04.963+0000] {logging_mixin.py:190} INFO - [2024-11-27T07:51:04.963+0000] {dagbag.py:588} INFO - Filling up the DagBag from /home/airflow/.local/lib/python3.12/site-packages/airflow/example_dags/example_complex.py
[2024-11-27T07:51:04.983+0000] {processor.py:925} INFO - DAG(s) 'example_complex' retrieved from /home/airflow/.local/lib/python3.12/site-packages/airflow/example_dags/example_complex.py
[2024-11-27T07:51:05.048+0000] {logging_mixin.py:190} INFO - [2024-11-27T07:51:05.048+0000] {dag.py:3239} INFO - Sync 1 DAGs
[2024-11-27T07:51:05.081+0000] {logging_mixin.py:190} INFO - [2024-11-27T07:51:05.081+0000] {dag.py:4180} INFO - Setting next_dagrun for example_complex to None, run_after=None
[2024-11-27T07:51:05.120+0000] {processor.py:208} INFO - Processing /home/airflow/.local/lib/python3.12/site-packages/airflow/example_dags/example_complex.py took 0.169 seconds
[2024-11-27T07:51:36.827+0000] {processor.py:186} INFO - Started process (PID=2361) to work on /home/airflow/.local/lib/python3.12/site-packages/airflow/example_dags/example_complex.py
[2024-11-27T07:51:36.828+0000] {processor.py:914} INFO - Processing file /home/airflow/.local/lib/python3.12/site-packages/airflow/example_dags/example_complex.py for tasks to queue
[2024-11-27T07:51:36.831+0000] {logging_mixin.py:190} INFO - [2024-11-27T07:51:36.831+0000] {dagbag.py:588} INFO - Filling up the DagBag from /home/airflow/.local/lib/python3.12/site-packages/airflow/example_dags/example_complex.py
[2024-11-27T07:51:36.848+0000] {processor.py:925} INFO - DAG(s) 'example_complex' retrieved from /home/airflow/.local/lib/python3.12/site-packages/airflow/example_dags/example_complex.py
[2024-11-27T07:51:36.899+0000] {logging_mixin.py:190} INFO - [2024-11-27T07:51:36.898+0000] {dag.py:3239} INFO - Sync 1 DAGs
[2024-11-27T07:51:36.925+0000] {logging_mixin.py:190} INFO - [2024-11-27T07:51:36.925+0000] {dag.py:4180} INFO - Setting next_dagrun for example_complex to None, run_after=None
[2024-11-27T07:51:36.961+0000] {processor.py:208} INFO - Processing /home/airflow/.local/lib/python3.12/site-packages/airflow/example_dags/example_complex.py took 0.141 seconds
[2024-11-27T07:52:09.447+0000] {processor.py:186} INFO - Started process (PID=2658) to work on /home/airflow/.local/lib/python3.12/site-packages/airflow/example_dags/example_complex.py
[2024-11-27T07:52:09.449+0000] {processor.py:914} INFO - Processing file /home/airflow/.local/lib/python3.12/site-packages/airflow/example_dags/example_complex.py for tasks to queue
[2024-11-27T07:52:09.453+0000] {logging_mixin.py:190} INFO - [2024-11-27T07:52:09.452+0000] {dagbag.py:588} INFO - Filling up the DagBag from /home/airflow/.local/lib/python3.12/site-packages/airflow/example_dags/example_complex.py
[2024-11-27T07:52:09.478+0000] {processor.py:925} INFO - DAG(s) 'example_complex' retrieved from /home/airflow/.local/lib/python3.12/site-packages/airflow/example_dags/example_complex.py
[2024-11-27T07:52:09.541+0000] {logging_mixin.py:190} INFO - [2024-11-27T07:52:09.541+0000] {dag.py:3239} INFO - Sync 1 DAGs
[2024-11-27T07:52:09.573+0000] {logging_mixin.py:190} INFO - [2024-11-27T07:52:09.573+0000] {dag.py:4180} INFO - Setting next_dagrun for example_complex to None, run_after=None
[2024-11-27T07:52:09.618+0000] {processor.py:208} INFO - Processing /home/airflow/.local/lib/python3.12/site-packages/airflow/example_dags/example_complex.py took 0.180 seconds
[2024-11-27T07:52:40.972+0000] {processor.py:186} INFO - Started process (PID=2949) to work on /home/airflow/.local/lib/python3.12/site-packages/airflow/example_dags/example_complex.py
[2024-11-27T07:52:40.974+0000] {processor.py:914} INFO - Processing file /home/airflow/.local/lib/python3.12/site-packages/airflow/example_dags/example_complex.py for tasks to queue
[2024-11-27T07:52:40.977+0000] {logging_mixin.py:190} INFO - [2024-11-27T07:52:40.977+0000] {dagbag.py:588} INFO - Filling up the DagBag from /home/airflow/.local/lib/python3.12/site-packages/airflow/example_dags/example_complex.py
[2024-11-27T07:52:40.996+0000] {processor.py:925} INFO - DAG(s) 'example_complex' retrieved from /home/airflow/.local/lib/python3.12/site-packages/airflow/example_dags/example_complex.py
[2024-11-27T07:52:41.046+0000] {logging_mixin.py:190} INFO - [2024-11-27T07:52:41.045+0000] {dag.py:3239} INFO - Sync 1 DAGs
[2024-11-27T07:52:41.067+0000] {logging_mixin.py:190} INFO - [2024-11-27T07:52:41.067+0000] {dag.py:4180} INFO - Setting next_dagrun for example_complex to None, run_after=None
[2024-11-27T07:52:41.102+0000] {processor.py:208} INFO - Processing /home/airflow/.local/lib/python3.12/site-packages/airflow/example_dags/example_complex.py took 0.139 seconds
[2024-11-27T07:53:11.940+0000] {processor.py:186} INFO - Started process (PID=3240) to work on /home/airflow/.local/lib/python3.12/site-packages/airflow/example_dags/example_complex.py
[2024-11-27T07:53:11.941+0000] {processor.py:914} INFO - Processing file /home/airflow/.local/lib/python3.12/site-packages/airflow/example_dags/example_complex.py for tasks to queue
[2024-11-27T07:53:11.944+0000] {logging_mixin.py:190} INFO - [2024-11-27T07:53:11.944+0000] {dagbag.py:588} INFO - Filling up the DagBag from /home/airflow/.local/lib/python3.12/site-packages/airflow/example_dags/example_complex.py
[2024-11-27T07:53:11.958+0000] {processor.py:925} INFO - DAG(s) 'example_complex' retrieved from /home/airflow/.local/lib/python3.12/site-packages/airflow/example_dags/example_complex.py
[2024-11-27T07:53:12.000+0000] {logging_mixin.py:190} INFO - [2024-11-27T07:53:12.000+0000] {dag.py:3239} INFO - Sync 1 DAGs
[2024-11-27T07:53:12.026+0000] {logging_mixin.py:190} INFO - [2024-11-27T07:53:12.026+0000] {dag.py:4180} INFO - Setting next_dagrun for example_complex to None, run_after=None
[2024-11-27T07:53:12.057+0000] {processor.py:208} INFO - Processing /home/airflow/.local/lib/python3.12/site-packages/airflow/example_dags/example_complex.py took 0.126 seconds
[2024-11-27T07:53:44.649+0000] {processor.py:186} INFO - Started process (PID=3533) to work on /home/airflow/.local/lib/python3.12/site-packages/airflow/example_dags/example_complex.py
[2024-11-27T07:53:44.650+0000] {processor.py:914} INFO - Processing file /home/airflow/.local/lib/python3.12/site-packages/airflow/example_dags/example_complex.py for tasks to queue
[2024-11-27T07:53:44.654+0000] {logging_mixin.py:190} INFO - [2024-11-27T07:53:44.654+0000] {dagbag.py:588} INFO - Filling up the DagBag from /home/airflow/.local/lib/python3.12/site-packages/airflow/example_dags/example_complex.py
[2024-11-27T07:53:44.674+0000] {processor.py:925} INFO - DAG(s) 'example_complex' retrieved from /home/airflow/.local/lib/python3.12/site-packages/airflow/example_dags/example_complex.py
[2024-11-27T07:53:44.724+0000] {logging_mixin.py:190} INFO - [2024-11-27T07:53:44.724+0000] {dag.py:3239} INFO - Sync 1 DAGs
[2024-11-27T07:53:44.749+0000] {logging_mixin.py:190} INFO - [2024-11-27T07:53:44.749+0000] {dag.py:4180} INFO - Setting next_dagrun for example_complex to None, run_after=None
[2024-11-27T07:53:44.779+0000] {processor.py:208} INFO - Processing /home/airflow/.local/lib/python3.12/site-packages/airflow/example_dags/example_complex.py took 0.139 seconds
[2024-11-27T07:54:16.545+0000] {processor.py:186} INFO - Started process (PID=3824) to work on /home/airflow/.local/lib/python3.12/site-packages/airflow/example_dags/example_complex.py
[2024-11-27T07:54:16.546+0000] {processor.py:914} INFO - Processing file /home/airflow/.local/lib/python3.12/site-packages/airflow/example_dags/example_complex.py for tasks to queue
[2024-11-27T07:54:16.550+0000] {logging_mixin.py:190} INFO - [2024-11-27T07:54:16.550+0000] {dagbag.py:588} INFO - Filling up the DagBag from /home/airflow/.local/lib/python3.12/site-packages/airflow/example_dags/example_complex.py
[2024-11-27T07:54:16.566+0000] {processor.py:925} INFO - DAG(s) 'example_complex' retrieved from /home/airflow/.local/lib/python3.12/site-packages/airflow/example_dags/example_complex.py
[2024-11-27T07:54:16.626+0000] {logging_mixin.py:190} INFO - [2024-11-27T07:54:16.625+0000] {dag.py:3239} INFO - Sync 1 DAGs
[2024-11-27T07:54:16.650+0000] {logging_mixin.py:190} INFO - [2024-11-27T07:54:16.650+0000] {dag.py:4180} INFO - Setting next_dagrun for example_complex to None, run_after=None
[2024-11-27T07:54:16.686+0000] {processor.py:208} INFO - Processing /home/airflow/.local/lib/python3.12/site-packages/airflow/example_dags/example_complex.py took 0.151 seconds
[2024-11-27T07:54:48.158+0000] {processor.py:186} INFO - Started process (PID=4113) to work on /home/airflow/.local/lib/python3.12/site-packages/airflow/example_dags/example_complex.py
[2024-11-27T07:54:48.160+0000] {processor.py:914} INFO - Processing file /home/airflow/.local/lib/python3.12/site-packages/airflow/example_dags/example_complex.py for tasks to queue
[2024-11-27T07:54:48.163+0000] {logging_mixin.py:190} INFO - [2024-11-27T07:54:48.162+0000] {dagbag.py:588} INFO - Filling up the DagBag from /home/airflow/.local/lib/python3.12/site-packages/airflow/example_dags/example_complex.py
[2024-11-27T07:54:48.180+0000] {processor.py:925} INFO - DAG(s) 'example_complex' retrieved from /home/airflow/.local/lib/python3.12/site-packages/airflow/example_dags/example_complex.py
[2024-11-27T07:54:48.231+0000] {logging_mixin.py:190} INFO - [2024-11-27T07:54:48.230+0000] {dag.py:3239} INFO - Sync 1 DAGs
[2024-11-27T07:54:48.257+0000] {logging_mixin.py:190} INFO - [2024-11-27T07:54:48.256+0000] {dag.py:4180} INFO - Setting next_dagrun for example_complex to None, run_after=None
[2024-11-27T07:54:48.297+0000] {processor.py:208} INFO - Processing /home/airflow/.local/lib/python3.12/site-packages/airflow/example_dags/example_complex.py took 0.146 seconds
[2024-11-27T07:55:19.852+0000] {processor.py:186} INFO - Started process (PID=4404) to work on /home/airflow/.local/lib/python3.12/site-packages/airflow/example_dags/example_complex.py
[2024-11-27T07:55:19.854+0000] {processor.py:914} INFO - Processing file /home/airflow/.local/lib/python3.12/site-packages/airflow/example_dags/example_complex.py for tasks to queue
[2024-11-27T07:55:19.858+0000] {logging_mixin.py:190} INFO - [2024-11-27T07:55:19.857+0000] {dagbag.py:588} INFO - Filling up the DagBag from /home/airflow/.local/lib/python3.12/site-packages/airflow/example_dags/example_complex.py
[2024-11-27T07:55:19.875+0000] {processor.py:925} INFO - DAG(s) 'example_complex' retrieved from /home/airflow/.local/lib/python3.12/site-packages/airflow/example_dags/example_complex.py
[2024-11-27T07:55:19.923+0000] {logging_mixin.py:190} INFO - [2024-11-27T07:55:19.922+0000] {dag.py:3239} INFO - Sync 1 DAGs
[2024-11-27T07:55:19.946+0000] {logging_mixin.py:190} INFO - [2024-11-27T07:55:19.946+0000] {dag.py:4180} INFO - Setting next_dagrun for example_complex to None, run_after=None
[2024-11-27T07:55:19.984+0000] {processor.py:208} INFO - Processing /home/airflow/.local/lib/python3.12/site-packages/airflow/example_dags/example_complex.py took 0.140 seconds
[2024-11-27T07:55:51.933+0000] {processor.py:186} INFO - Started process (PID=4695) to work on /home/airflow/.local/lib/python3.12/site-packages/airflow/example_dags/example_complex.py
[2024-11-27T07:55:51.935+0000] {processor.py:914} INFO - Processing file /home/airflow/.local/lib/python3.12/site-packages/airflow/example_dags/example_complex.py for tasks to queue
[2024-11-27T07:55:51.940+0000] {logging_mixin.py:190} INFO - [2024-11-27T07:55:51.939+0000] {dagbag.py:588} INFO - Filling up the DagBag from /home/airflow/.local/lib/python3.12/site-packages/airflow/example_dags/example_complex.py
[2024-11-27T07:55:51.974+0000] {processor.py:925} INFO - DAG(s) 'example_complex' retrieved from /home/airflow/.local/lib/python3.12/site-packages/airflow/example_dags/example_complex.py
[2024-11-27T07:55:52.041+0000] {logging_mixin.py:190} INFO - [2024-11-27T07:55:52.041+0000] {dag.py:3239} INFO - Sync 1 DAGs
[2024-11-27T07:55:52.070+0000] {logging_mixin.py:190} INFO - [2024-11-27T07:55:52.070+0000] {dag.py:4180} INFO - Setting next_dagrun for example_complex to None, run_after=None
[2024-11-27T07:55:52.114+0000] {processor.py:208} INFO - Processing /home/airflow/.local/lib/python3.12/site-packages/airflow/example_dags/example_complex.py took 0.191 seconds
[2024-11-27T07:56:24.070+0000] {processor.py:186} INFO - Started process (PID=4986) to work on /home/airflow/.local/lib/python3.12/site-packages/airflow/example_dags/example_complex.py
[2024-11-27T07:56:24.072+0000] {processor.py:914} INFO - Processing file /home/airflow/.local/lib/python3.12/site-packages/airflow/example_dags/example_complex.py for tasks to queue
[2024-11-27T07:56:24.077+0000] {logging_mixin.py:190} INFO - [2024-11-27T07:56:24.076+0000] {dagbag.py:588} INFO - Filling up the DagBag from /home/airflow/.local/lib/python3.12/site-packages/airflow/example_dags/example_complex.py
[2024-11-27T07:56:24.101+0000] {processor.py:925} INFO - DAG(s) 'example_complex' retrieved from /home/airflow/.local/lib/python3.12/site-packages/airflow/example_dags/example_complex.py
[2024-11-27T07:56:24.172+0000] {logging_mixin.py:190} INFO - [2024-11-27T07:56:24.171+0000] {dag.py:3239} INFO - Sync 1 DAGs
[2024-11-27T07:56:24.218+0000] {logging_mixin.py:190} INFO - [2024-11-27T07:56:24.217+0000] {dag.py:4180} INFO - Setting next_dagrun for example_complex to None, run_after=None
[2024-11-27T07:56:24.275+0000] {processor.py:208} INFO - Processing /home/airflow/.local/lib/python3.12/site-packages/airflow/example_dags/example_complex.py took 0.216 seconds
[2024-11-27T07:56:55.552+0000] {processor.py:186} INFO - Started process (PID=5277) to work on /home/airflow/.local/lib/python3.12/site-packages/airflow/example_dags/example_complex.py
[2024-11-27T07:56:55.554+0000] {processor.py:914} INFO - Processing file /home/airflow/.local/lib/python3.12/site-packages/airflow/example_dags/example_complex.py for tasks to queue
[2024-11-27T07:56:55.559+0000] {logging_mixin.py:190} INFO - [2024-11-27T07:56:55.558+0000] {dagbag.py:588} INFO - Filling up the DagBag from /home/airflow/.local/lib/python3.12/site-packages/airflow/example_dags/example_complex.py
[2024-11-27T07:56:55.584+0000] {processor.py:925} INFO - DAG(s) 'example_complex' retrieved from /home/airflow/.local/lib/python3.12/site-packages/airflow/example_dags/example_complex.py
[2024-11-27T07:56:55.658+0000] {logging_mixin.py:190} INFO - [2024-11-27T07:56:55.657+0000] {dag.py:3239} INFO - Sync 1 DAGs
[2024-11-27T07:56:55.695+0000] {logging_mixin.py:190} INFO - [2024-11-27T07:56:55.695+0000] {dag.py:4180} INFO - Setting next_dagrun for example_complex to None, run_after=None
[2024-11-27T07:56:55.821+0000] {processor.py:208} INFO - Processing /home/airflow/.local/lib/python3.12/site-packages/airflow/example_dags/example_complex.py took 0.280 seconds
[2024-11-27T07:57:28.881+0000] {processor.py:186} INFO - Started process (PID=5568) to work on /home/airflow/.local/lib/python3.12/site-packages/airflow/example_dags/example_complex.py
[2024-11-27T07:57:28.883+0000] {processor.py:914} INFO - Processing file /home/airflow/.local/lib/python3.12/site-packages/airflow/example_dags/example_complex.py for tasks to queue
[2024-11-27T07:57:28.887+0000] {logging_mixin.py:190} INFO - [2024-11-27T07:57:28.887+0000] {dagbag.py:588} INFO - Filling up the DagBag from /home/airflow/.local/lib/python3.12/site-packages/airflow/example_dags/example_complex.py
[2024-11-27T07:57:28.908+0000] {processor.py:925} INFO - DAG(s) 'example_complex' retrieved from /home/airflow/.local/lib/python3.12/site-packages/airflow/example_dags/example_complex.py
[2024-11-27T07:57:28.961+0000] {logging_mixin.py:190} INFO - [2024-11-27T07:57:28.961+0000] {dag.py:3239} INFO - Sync 1 DAGs
[2024-11-27T07:57:28.990+0000] {logging_mixin.py:190} INFO - [2024-11-27T07:57:28.990+0000] {dag.py:4180} INFO - Setting next_dagrun for example_complex to None, run_after=None
[2024-11-27T07:57:29.031+0000] {processor.py:208} INFO - Processing /home/airflow/.local/lib/python3.12/site-packages/airflow/example_dags/example_complex.py took 0.159 seconds
[2024-11-27T07:58:00.414+0000] {processor.py:186} INFO - Started process (PID=5862) to work on /home/airflow/.local/lib/python3.12/site-packages/airflow/example_dags/example_complex.py
[2024-11-27T07:58:00.416+0000] {processor.py:914} INFO - Processing file /home/airflow/.local/lib/python3.12/site-packages/airflow/example_dags/example_complex.py for tasks to queue
[2024-11-27T07:58:00.421+0000] {logging_mixin.py:190} INFO - [2024-11-27T07:58:00.421+0000] {dagbag.py:588} INFO - Filling up the DagBag from /home/airflow/.local/lib/python3.12/site-packages/airflow/example_dags/example_complex.py
[2024-11-27T07:58:00.444+0000] {processor.py:925} INFO - DAG(s) 'example_complex' retrieved from /home/airflow/.local/lib/python3.12/site-packages/airflow/example_dags/example_complex.py
[2024-11-27T07:58:00.516+0000] {logging_mixin.py:190} INFO - [2024-11-27T07:58:00.516+0000] {dag.py:3239} INFO - Sync 1 DAGs
[2024-11-27T07:58:00.546+0000] {logging_mixin.py:190} INFO - [2024-11-27T07:58:00.546+0000] {dag.py:4180} INFO - Setting next_dagrun for example_complex to None, run_after=None
[2024-11-27T07:58:00.581+0000] {processor.py:208} INFO - Processing /home/airflow/.local/lib/python3.12/site-packages/airflow/example_dags/example_complex.py took 0.179 seconds
[2024-11-27T07:58:32.902+0000] {processor.py:186} INFO - Started process (PID=6153) to work on /home/airflow/.local/lib/python3.12/site-packages/airflow/example_dags/example_complex.py
[2024-11-27T07:58:32.904+0000] {processor.py:914} INFO - Processing file /home/airflow/.local/lib/python3.12/site-packages/airflow/example_dags/example_complex.py for tasks to queue
[2024-11-27T07:58:32.907+0000] {logging_mixin.py:190} INFO - [2024-11-27T07:58:32.907+0000] {dagbag.py:588} INFO - Filling up the DagBag from /home/airflow/.local/lib/python3.12/site-packages/airflow/example_dags/example_complex.py
[2024-11-27T07:58:32.928+0000] {processor.py:925} INFO - DAG(s) 'example_complex' retrieved from /home/airflow/.local/lib/python3.12/site-packages/airflow/example_dags/example_complex.py
[2024-11-27T07:58:32.986+0000] {logging_mixin.py:190} INFO - [2024-11-27T07:58:32.985+0000] {dag.py:3239} INFO - Sync 1 DAGs
[2024-11-27T07:58:33.013+0000] {logging_mixin.py:190} INFO - [2024-11-27T07:58:33.012+0000] {dag.py:4180} INFO - Setting next_dagrun for example_complex to None, run_after=None
[2024-11-27T07:58:33.056+0000] {processor.py:208} INFO - Processing /home/airflow/.local/lib/python3.12/site-packages/airflow/example_dags/example_complex.py took 0.164 seconds
[2024-11-27T07:59:06.186+0000] {processor.py:186} INFO - Started process (PID=6462) to work on /home/airflow/.local/lib/python3.12/site-packages/airflow/example_dags/example_complex.py
[2024-11-27T07:59:06.189+0000] {processor.py:914} INFO - Processing file /home/airflow/.local/lib/python3.12/site-packages/airflow/example_dags/example_complex.py for tasks to queue
[2024-11-27T07:59:06.201+0000] {logging_mixin.py:190} INFO - [2024-11-27T07:59:06.200+0000] {dagbag.py:588} INFO - Filling up the DagBag from /home/airflow/.local/lib/python3.12/site-packages/airflow/example_dags/example_complex.py
[2024-11-27T07:59:06.248+0000] {processor.py:925} INFO - DAG(s) 'example_complex' retrieved from /home/airflow/.local/lib/python3.12/site-packages/airflow/example_dags/example_complex.py
[2024-11-27T07:59:06.402+0000] {logging_mixin.py:190} INFO - [2024-11-27T07:59:06.401+0000] {dag.py:3239} INFO - Sync 1 DAGs
[2024-11-27T07:59:06.465+0000] {logging_mixin.py:190} INFO - [2024-11-27T07:59:06.464+0000] {dag.py:4180} INFO - Setting next_dagrun for example_complex to None, run_after=None
[2024-11-27T07:59:06.521+0000] {processor.py:208} INFO - Processing /home/airflow/.local/lib/python3.12/site-packages/airflow/example_dags/example_complex.py took 0.356 seconds
[2024-11-27T07:59:37.099+0000] {processor.py:186} INFO - Started process (PID=6753) to work on /home/airflow/.local/lib/python3.12/site-packages/airflow/example_dags/example_complex.py
[2024-11-27T07:59:37.100+0000] {processor.py:914} INFO - Processing file /home/airflow/.local/lib/python3.12/site-packages/airflow/example_dags/example_complex.py for tasks to queue
[2024-11-27T07:59:37.106+0000] {logging_mixin.py:190} INFO - [2024-11-27T07:59:37.105+0000] {dagbag.py:588} INFO - Filling up the DagBag from /home/airflow/.local/lib/python3.12/site-packages/airflow/example_dags/example_complex.py
[2024-11-27T07:59:37.141+0000] {processor.py:925} INFO - DAG(s) 'example_complex' retrieved from /home/airflow/.local/lib/python3.12/site-packages/airflow/example_dags/example_complex.py
[2024-11-27T07:59:37.216+0000] {logging_mixin.py:190} INFO - [2024-11-27T07:59:37.215+0000] {dag.py:3239} INFO - Sync 1 DAGs
[2024-11-27T07:59:37.239+0000] {logging_mixin.py:190} INFO - [2024-11-27T07:59:37.239+0000] {dag.py:4180} INFO - Setting next_dagrun for example_complex to None, run_after=None
[2024-11-27T07:59:37.276+0000] {processor.py:208} INFO - Processing /home/airflow/.local/lib/python3.12/site-packages/airflow/example_dags/example_complex.py took 0.193 seconds
[2024-11-27T08:00:08.181+0000] {processor.py:186} INFO - Started process (PID=7044) to work on /home/airflow/.local/lib/python3.12/site-packages/airflow/example_dags/example_complex.py
[2024-11-27T08:00:08.183+0000] {processor.py:914} INFO - Processing file /home/airflow/.local/lib/python3.12/site-packages/airflow/example_dags/example_complex.py for tasks to queue
[2024-11-27T08:00:08.187+0000] {logging_mixin.py:190} INFO - [2024-11-27T08:00:08.186+0000] {dagbag.py:588} INFO - Filling up the DagBag from /home/airflow/.local/lib/python3.12/site-packages/airflow/example_dags/example_complex.py
[2024-11-27T08:00:08.203+0000] {processor.py:925} INFO - DAG(s) 'example_complex' retrieved from /home/airflow/.local/lib/python3.12/site-packages/airflow/example_dags/example_complex.py
[2024-11-27T08:00:08.274+0000] {logging_mixin.py:190} INFO - [2024-11-27T08:00:08.274+0000] {dag.py:3239} INFO - Sync 1 DAGs
[2024-11-27T08:00:08.298+0000] {logging_mixin.py:190} INFO - [2024-11-27T08:00:08.297+0000] {dag.py:4180} INFO - Setting next_dagrun for example_complex to None, run_after=None
[2024-11-27T08:00:08.336+0000] {processor.py:208} INFO - Processing /home/airflow/.local/lib/python3.12/site-packages/airflow/example_dags/example_complex.py took 0.164 seconds
[2024-11-27T08:00:39.760+0000] {processor.py:186} INFO - Started process (PID=7336) to work on /home/airflow/.local/lib/python3.12/site-packages/airflow/example_dags/example_complex.py
[2024-11-27T08:00:39.762+0000] {processor.py:914} INFO - Processing file /home/airflow/.local/lib/python3.12/site-packages/airflow/example_dags/example_complex.py for tasks to queue
[2024-11-27T08:00:39.766+0000] {logging_mixin.py:190} INFO - [2024-11-27T08:00:39.765+0000] {dagbag.py:588} INFO - Filling up the DagBag from /home/airflow/.local/lib/python3.12/site-packages/airflow/example_dags/example_complex.py
[2024-11-27T08:00:39.790+0000] {processor.py:925} INFO - DAG(s) 'example_complex' retrieved from /home/airflow/.local/lib/python3.12/site-packages/airflow/example_dags/example_complex.py
[2024-11-27T08:00:39.843+0000] {logging_mixin.py:190} INFO - [2024-11-27T08:00:39.843+0000] {dag.py:3239} INFO - Sync 1 DAGs
[2024-11-27T08:00:39.874+0000] {logging_mixin.py:190} INFO - [2024-11-27T08:00:39.874+0000] {dag.py:4180} INFO - Setting next_dagrun for example_complex to None, run_after=None
[2024-11-27T08:00:39.914+0000] {processor.py:208} INFO - Processing /home/airflow/.local/lib/python3.12/site-packages/airflow/example_dags/example_complex.py took 0.163 seconds
[2024-11-27T08:01:11.868+0000] {processor.py:186} INFO - Started process (PID=7622) to work on /home/airflow/.local/lib/python3.12/site-packages/airflow/example_dags/example_complex.py
[2024-11-27T08:01:11.870+0000] {processor.py:914} INFO - Processing file /home/airflow/.local/lib/python3.12/site-packages/airflow/example_dags/example_complex.py for tasks to queue
[2024-11-27T08:01:11.873+0000] {logging_mixin.py:190} INFO - [2024-11-27T08:01:11.873+0000] {dagbag.py:588} INFO - Filling up the DagBag from /home/airflow/.local/lib/python3.12/site-packages/airflow/example_dags/example_complex.py
[2024-11-27T08:01:11.904+0000] {processor.py:925} INFO - DAG(s) 'example_complex' retrieved from /home/airflow/.local/lib/python3.12/site-packages/airflow/example_dags/example_complex.py
[2024-11-27T08:01:11.962+0000] {logging_mixin.py:190} INFO - [2024-11-27T08:01:11.962+0000] {dag.py:3239} INFO - Sync 1 DAGs
[2024-11-27T08:01:11.993+0000] {logging_mixin.py:190} INFO - [2024-11-27T08:01:11.993+0000] {dag.py:4180} INFO - Setting next_dagrun for example_complex to None, run_after=None
[2024-11-27T08:01:12.035+0000] {processor.py:208} INFO - Processing /home/airflow/.local/lib/python3.12/site-packages/airflow/example_dags/example_complex.py took 0.177 seconds
[2024-11-27T08:01:43.464+0000] {processor.py:186} INFO - Started process (PID=7923) to work on /home/airflow/.local/lib/python3.12/site-packages/airflow/example_dags/example_complex.py
[2024-11-27T08:01:43.466+0000] {processor.py:914} INFO - Processing file /home/airflow/.local/lib/python3.12/site-packages/airflow/example_dags/example_complex.py for tasks to queue
[2024-11-27T08:01:43.470+0000] {logging_mixin.py:190} INFO - [2024-11-27T08:01:43.469+0000] {dagbag.py:588} INFO - Filling up the DagBag from /home/airflow/.local/lib/python3.12/site-packages/airflow/example_dags/example_complex.py
[2024-11-27T08:01:43.489+0000] {processor.py:925} INFO - DAG(s) 'example_complex' retrieved from /home/airflow/.local/lib/python3.12/site-packages/airflow/example_dags/example_complex.py
[2024-11-27T08:01:43.550+0000] {logging_mixin.py:190} INFO - [2024-11-27T08:01:43.549+0000] {dag.py:3239} INFO - Sync 1 DAGs
[2024-11-27T08:01:43.579+0000] {logging_mixin.py:190} INFO - [2024-11-27T08:01:43.579+0000] {dag.py:4180} INFO - Setting next_dagrun for example_complex to None, run_after=None
[2024-11-27T08:01:43.623+0000] {processor.py:208} INFO - Processing /home/airflow/.local/lib/python3.12/site-packages/airflow/example_dags/example_complex.py took 0.166 seconds
[2024-11-27T08:02:14.260+0000] {processor.py:186} INFO - Started process (PID=8210) to work on /home/airflow/.local/lib/python3.12/site-packages/airflow/example_dags/example_complex.py
[2024-11-27T08:02:14.263+0000] {processor.py:914} INFO - Processing file /home/airflow/.local/lib/python3.12/site-packages/airflow/example_dags/example_complex.py for tasks to queue
[2024-11-27T08:02:14.270+0000] {logging_mixin.py:190} INFO - [2024-11-27T08:02:14.269+0000] {dagbag.py:588} INFO - Filling up the DagBag from /home/airflow/.local/lib/python3.12/site-packages/airflow/example_dags/example_complex.py
[2024-11-27T08:02:14.298+0000] {processor.py:925} INFO - DAG(s) 'example_complex' retrieved from /home/airflow/.local/lib/python3.12/site-packages/airflow/example_dags/example_complex.py
[2024-11-27T08:02:14.384+0000] {logging_mixin.py:190} INFO - [2024-11-27T08:02:14.382+0000] {dag.py:3239} INFO - Sync 1 DAGs
[2024-11-27T08:02:14.429+0000] {logging_mixin.py:190} INFO - [2024-11-27T08:02:14.429+0000] {dag.py:4180} INFO - Setting next_dagrun for example_complex to None, run_after=None
[2024-11-27T08:02:14.489+0000] {processor.py:208} INFO - Processing /home/airflow/.local/lib/python3.12/site-packages/airflow/example_dags/example_complex.py took 0.240 seconds
[2024-11-27T08:02:45.420+0000] {processor.py:186} INFO - Started process (PID=8498) to work on /home/airflow/.local/lib/python3.12/site-packages/airflow/example_dags/example_complex.py
[2024-11-27T08:02:45.421+0000] {processor.py:914} INFO - Processing file /home/airflow/.local/lib/python3.12/site-packages/airflow/example_dags/example_complex.py for tasks to queue
[2024-11-27T08:02:45.424+0000] {logging_mixin.py:190} INFO - [2024-11-27T08:02:45.423+0000] {dagbag.py:588} INFO - Filling up the DagBag from /home/airflow/.local/lib/python3.12/site-packages/airflow/example_dags/example_complex.py
[2024-11-27T08:02:45.436+0000] {processor.py:925} INFO - DAG(s) 'example_complex' retrieved from /home/airflow/.local/lib/python3.12/site-packages/airflow/example_dags/example_complex.py
[2024-11-27T08:02:45.480+0000] {logging_mixin.py:190} INFO - [2024-11-27T08:02:45.480+0000] {dag.py:3239} INFO - Sync 1 DAGs
[2024-11-27T08:02:45.498+0000] {logging_mixin.py:190} INFO - [2024-11-27T08:02:45.498+0000] {dag.py:4180} INFO - Setting next_dagrun for example_complex to None, run_after=None
[2024-11-27T08:02:45.532+0000] {processor.py:208} INFO - Processing /home/airflow/.local/lib/python3.12/site-packages/airflow/example_dags/example_complex.py took 0.119 seconds
[2024-11-27T08:03:15.831+0000] {processor.py:186} INFO - Started process (PID=8789) to work on /home/airflow/.local/lib/python3.12/site-packages/airflow/example_dags/example_complex.py
[2024-11-27T08:03:15.833+0000] {processor.py:914} INFO - Processing file /home/airflow/.local/lib/python3.12/site-packages/airflow/example_dags/example_complex.py for tasks to queue
[2024-11-27T08:03:15.836+0000] {logging_mixin.py:190} INFO - [2024-11-27T08:03:15.835+0000] {dagbag.py:588} INFO - Filling up the DagBag from /home/airflow/.local/lib/python3.12/site-packages/airflow/example_dags/example_complex.py
[2024-11-27T08:03:15.857+0000] {processor.py:925} INFO - DAG(s) 'example_complex' retrieved from /home/airflow/.local/lib/python3.12/site-packages/airflow/example_dags/example_complex.py
[2024-11-27T08:03:15.919+0000] {logging_mixin.py:190} INFO - [2024-11-27T08:03:15.918+0000] {dag.py:3239} INFO - Sync 1 DAGs
[2024-11-27T08:03:15.956+0000] {logging_mixin.py:190} INFO - [2024-11-27T08:03:15.956+0000] {dag.py:4180} INFO - Setting next_dagrun for example_complex to None, run_after=None
[2024-11-27T08:03:16.006+0000] {processor.py:208} INFO - Processing /home/airflow/.local/lib/python3.12/site-packages/airflow/example_dags/example_complex.py took 0.182 seconds
[2024-11-27T08:03:46.450+0000] {processor.py:186} INFO - Started process (PID=9081) to work on /home/airflow/.local/lib/python3.12/site-packages/airflow/example_dags/example_complex.py
[2024-11-27T08:03:46.452+0000] {processor.py:914} INFO - Processing file /home/airflow/.local/lib/python3.12/site-packages/airflow/example_dags/example_complex.py for tasks to queue
[2024-11-27T08:03:46.457+0000] {logging_mixin.py:190} INFO - [2024-11-27T08:03:46.456+0000] {dagbag.py:588} INFO - Filling up the DagBag from /home/airflow/.local/lib/python3.12/site-packages/airflow/example_dags/example_complex.py
[2024-11-27T08:03:46.479+0000] {processor.py:925} INFO - DAG(s) 'example_complex' retrieved from /home/airflow/.local/lib/python3.12/site-packages/airflow/example_dags/example_complex.py
[2024-11-27T08:03:46.524+0000] {logging_mixin.py:190} INFO - [2024-11-27T08:03:46.523+0000] {dag.py:3239} INFO - Sync 1 DAGs
[2024-11-27T08:03:46.547+0000] {logging_mixin.py:190} INFO - [2024-11-27T08:03:46.547+0000] {dag.py:4180} INFO - Setting next_dagrun for example_complex to None, run_after=None
[2024-11-27T08:03:46.591+0000] {processor.py:208} INFO - Processing /home/airflow/.local/lib/python3.12/site-packages/airflow/example_dags/example_complex.py took 0.147 seconds
[2024-11-27T08:04:16.953+0000] {processor.py:186} INFO - Started process (PID=9373) to work on /home/airflow/.local/lib/python3.12/site-packages/airflow/example_dags/example_complex.py
[2024-11-27T08:04:16.955+0000] {processor.py:914} INFO - Processing file /home/airflow/.local/lib/python3.12/site-packages/airflow/example_dags/example_complex.py for tasks to queue
[2024-11-27T08:04:16.959+0000] {logging_mixin.py:190} INFO - [2024-11-27T08:04:16.958+0000] {dagbag.py:588} INFO - Filling up the DagBag from /home/airflow/.local/lib/python3.12/site-packages/airflow/example_dags/example_complex.py
[2024-11-27T08:04:16.976+0000] {processor.py:925} INFO - DAG(s) 'example_complex' retrieved from /home/airflow/.local/lib/python3.12/site-packages/airflow/example_dags/example_complex.py
[2024-11-27T08:04:17.023+0000] {logging_mixin.py:190} INFO - [2024-11-27T08:04:17.022+0000] {dag.py:3239} INFO - Sync 1 DAGs
[2024-11-27T08:04:17.045+0000] {logging_mixin.py:190} INFO - [2024-11-27T08:04:17.045+0000] {dag.py:4180} INFO - Setting next_dagrun for example_complex to None, run_after=None
[2024-11-27T08:04:17.081+0000] {processor.py:208} INFO - Processing /home/airflow/.local/lib/python3.12/site-packages/airflow/example_dags/example_complex.py took 0.134 seconds
[2024-11-27T08:04:47.581+0000] {processor.py:186} INFO - Started process (PID=9664) to work on /home/airflow/.local/lib/python3.12/site-packages/airflow/example_dags/example_complex.py
[2024-11-27T08:04:47.582+0000] {processor.py:914} INFO - Processing file /home/airflow/.local/lib/python3.12/site-packages/airflow/example_dags/example_complex.py for tasks to queue
[2024-11-27T08:04:47.585+0000] {logging_mixin.py:190} INFO - [2024-11-27T08:04:47.584+0000] {dagbag.py:588} INFO - Filling up the DagBag from /home/airflow/.local/lib/python3.12/site-packages/airflow/example_dags/example_complex.py
[2024-11-27T08:04:47.598+0000] {processor.py:925} INFO - DAG(s) 'example_complex' retrieved from /home/airflow/.local/lib/python3.12/site-packages/airflow/example_dags/example_complex.py
[2024-11-27T08:04:47.637+0000] {logging_mixin.py:190} INFO - [2024-11-27T08:04:47.637+0000] {dag.py:3239} INFO - Sync 1 DAGs
[2024-11-27T08:04:47.656+0000] {logging_mixin.py:190} INFO - [2024-11-27T08:04:47.656+0000] {dag.py:4180} INFO - Setting next_dagrun for example_complex to None, run_after=None
[2024-11-27T08:04:47.682+0000] {processor.py:208} INFO - Processing /home/airflow/.local/lib/python3.12/site-packages/airflow/example_dags/example_complex.py took 0.107 seconds
[2024-11-27T08:06:09.036+0000] {processor.py:186} INFO - Started process (PID=319) to work on /home/airflow/.local/lib/python3.12/site-packages/airflow/example_dags/example_complex.py
[2024-11-27T08:06:09.037+0000] {processor.py:914} INFO - Processing file /home/airflow/.local/lib/python3.12/site-packages/airflow/example_dags/example_complex.py for tasks to queue
[2024-11-27T08:06:09.041+0000] {logging_mixin.py:190} INFO - [2024-11-27T08:06:09.040+0000] {dagbag.py:588} INFO - Filling up the DagBag from /home/airflow/.local/lib/python3.12/site-packages/airflow/example_dags/example_complex.py
[2024-11-27T08:06:09.059+0000] {processor.py:925} INFO - DAG(s) 'example_complex' retrieved from /home/airflow/.local/lib/python3.12/site-packages/airflow/example_dags/example_complex.py
[2024-11-27T08:06:09.116+0000] {logging_mixin.py:190} INFO - [2024-11-27T08:06:09.115+0000] {dag.py:3239} INFO - Sync 1 DAGs
[2024-11-27T08:06:09.144+0000] {logging_mixin.py:190} INFO - [2024-11-27T08:06:09.143+0000] {dag.py:4180} INFO - Setting next_dagrun for example_complex to None, run_after=None
[2024-11-27T08:06:09.180+0000] {processor.py:208} INFO - Processing /home/airflow/.local/lib/python3.12/site-packages/airflow/example_dags/example_complex.py took 0.152 seconds
[2024-11-27T08:06:42.723+0000] {processor.py:186} INFO - Started process (PID=608) to work on /home/airflow/.local/lib/python3.12/site-packages/airflow/example_dags/example_complex.py
[2024-11-27T08:06:42.728+0000] {processor.py:914} INFO - Processing file /home/airflow/.local/lib/python3.12/site-packages/airflow/example_dags/example_complex.py for tasks to queue
[2024-11-27T08:06:42.736+0000] {logging_mixin.py:190} INFO - [2024-11-27T08:06:42.735+0000] {dagbag.py:588} INFO - Filling up the DagBag from /home/airflow/.local/lib/python3.12/site-packages/airflow/example_dags/example_complex.py
[2024-11-27T08:06:42.769+0000] {processor.py:925} INFO - DAG(s) 'example_complex' retrieved from /home/airflow/.local/lib/python3.12/site-packages/airflow/example_dags/example_complex.py
[2024-11-27T08:06:42.869+0000] {logging_mixin.py:190} INFO - [2024-11-27T08:06:42.867+0000] {dag.py:3239} INFO - Sync 1 DAGs
[2024-11-27T08:06:42.922+0000] {logging_mixin.py:190} INFO - [2024-11-27T08:06:42.920+0000] {dag.py:4180} INFO - Setting next_dagrun for example_complex to None, run_after=None
[2024-11-27T08:06:42.985+0000] {processor.py:208} INFO - Processing /home/airflow/.local/lib/python3.12/site-packages/airflow/example_dags/example_complex.py took 0.277 seconds
[2024-11-27T08:07:14.735+0000] {processor.py:186} INFO - Started process (PID=899) to work on /home/airflow/.local/lib/python3.12/site-packages/airflow/example_dags/example_complex.py
[2024-11-27T08:07:14.737+0000] {processor.py:914} INFO - Processing file /home/airflow/.local/lib/python3.12/site-packages/airflow/example_dags/example_complex.py for tasks to queue
[2024-11-27T08:07:14.740+0000] {logging_mixin.py:190} INFO - [2024-11-27T08:07:14.740+0000] {dagbag.py:588} INFO - Filling up the DagBag from /home/airflow/.local/lib/python3.12/site-packages/airflow/example_dags/example_complex.py
[2024-11-27T08:07:14.763+0000] {processor.py:925} INFO - DAG(s) 'example_complex' retrieved from /home/airflow/.local/lib/python3.12/site-packages/airflow/example_dags/example_complex.py
[2024-11-27T08:07:14.842+0000] {logging_mixin.py:190} INFO - [2024-11-27T08:07:14.841+0000] {dag.py:3239} INFO - Sync 1 DAGs
[2024-11-27T08:07:14.871+0000] {logging_mixin.py:190} INFO - [2024-11-27T08:07:14.870+0000] {dag.py:4180} INFO - Setting next_dagrun for example_complex to None, run_after=None
[2024-11-27T08:07:14.912+0000] {processor.py:208} INFO - Processing /home/airflow/.local/lib/python3.12/site-packages/airflow/example_dags/example_complex.py took 0.186 seconds
[2024-11-27T08:07:46.533+0000] {processor.py:186} INFO - Started process (PID=1196) to work on /home/airflow/.local/lib/python3.12/site-packages/airflow/example_dags/example_complex.py
[2024-11-27T08:07:46.534+0000] {processor.py:914} INFO - Processing file /home/airflow/.local/lib/python3.12/site-packages/airflow/example_dags/example_complex.py for tasks to queue
[2024-11-27T08:07:46.537+0000] {logging_mixin.py:190} INFO - [2024-11-27T08:07:46.537+0000] {dagbag.py:588} INFO - Filling up the DagBag from /home/airflow/.local/lib/python3.12/site-packages/airflow/example_dags/example_complex.py
[2024-11-27T08:07:46.564+0000] {processor.py:925} INFO - DAG(s) 'example_complex' retrieved from /home/airflow/.local/lib/python3.12/site-packages/airflow/example_dags/example_complex.py
[2024-11-27T08:07:46.624+0000] {logging_mixin.py:190} INFO - [2024-11-27T08:07:46.623+0000] {dag.py:3239} INFO - Sync 1 DAGs
[2024-11-27T08:07:46.651+0000] {logging_mixin.py:190} INFO - [2024-11-27T08:07:46.651+0000] {dag.py:4180} INFO - Setting next_dagrun for example_complex to None, run_after=None
[2024-11-27T08:07:46.691+0000] {processor.py:208} INFO - Processing /home/airflow/.local/lib/python3.12/site-packages/airflow/example_dags/example_complex.py took 0.166 seconds
