[2024-11-27T07:47:53.473+0000] {processor.py:186} INFO - Started process (PID=408) to work on /home/airflow/.local/lib/python3.12/site-packages/airflow/example_dags/example_subdag_operator.py
[2024-11-27T07:47:53.475+0000] {processor.py:914} INFO - Processing file /home/airflow/.local/lib/python3.12/site-packages/airflow/example_dags/example_subdag_operator.py for tasks to queue
[2024-11-27T07:47:53.482+0000] {logging_mixin.py:190} INFO - [2024-11-27T07:47:53.481+0000] {dagbag.py:588} INFO - Filling up the DagBag from /home/airflow/.local/lib/python3.12/site-packages/airflow/example_dags/example_subdag_operator.py
[2024-11-27T07:47:53.528+0000] {processor.py:925} INFO - DAG(s) 'example_subdag_operator.section-1', 'example_subdag_operator.section-2', 'example_subdag_operator' retrieved from /home/airflow/.local/lib/python3.12/site-packages/airflow/example_dags/example_subdag_operator.py
[2024-11-27T07:47:53.557+0000] {logging_mixin.py:190} INFO - [2024-11-27T07:47:53.556+0000] {dag.py:3239} INFO - Sync 3 DAGs
[2024-11-27T07:47:53.609+0000] {logging_mixin.py:190} INFO - [2024-11-27T07:47:53.608+0000] {dag.py:4180} INFO - Setting next_dagrun for example_subdag_operator to 2022-01-01 00:00:00+00:00, run_after=2022-01-01 00:00:00+00:00
[2024-11-27T07:47:53.618+0000] {logging_mixin.py:190} INFO - [2024-11-27T07:47:53.617+0000] {dag.py:4180} INFO - Setting next_dagrun for example_subdag_operator.section-1 to None, run_after=None
[2024-11-27T07:47:53.622+0000] {logging_mixin.py:190} INFO - [2024-11-27T07:47:53.622+0000] {dag.py:4180} INFO - Setting next_dagrun for example_subdag_operator.section-2 to None, run_after=None
[2024-11-27T07:47:53.639+0000] {logging_mixin.py:190} INFO - [2024-11-27T07:47:53.639+0000] {dag.py:3239} INFO - Sync 2 DAGs
[2024-11-27T07:47:53.651+0000] {logging_mixin.py:190} INFO - [2024-11-27T07:47:53.650+0000] {dag.py:4180} INFO - Setting next_dagrun for example_subdag_operator.section-1 to None, run_after=None
[2024-11-27T07:47:53.652+0000] {logging_mixin.py:190} INFO - [2024-11-27T07:47:53.652+0000] {dag.py:4180} INFO - Setting next_dagrun for example_subdag_operator.section-2 to None, run_after=None
[2024-11-27T07:47:53.677+0000] {processor.py:208} INFO - Processing /home/airflow/.local/lib/python3.12/site-packages/airflow/example_dags/example_subdag_operator.py took 0.214 seconds
[2024-11-27T07:48:27.806+0000] {processor.py:186} INFO - Started process (PID=699) to work on /home/airflow/.local/lib/python3.12/site-packages/airflow/example_dags/example_subdag_operator.py
[2024-11-27T07:48:27.809+0000] {processor.py:914} INFO - Processing file /home/airflow/.local/lib/python3.12/site-packages/airflow/example_dags/example_subdag_operator.py for tasks to queue
[2024-11-27T07:48:27.816+0000] {logging_mixin.py:190} INFO - [2024-11-27T07:48:27.814+0000] {dagbag.py:588} INFO - Filling up the DagBag from /home/airflow/.local/lib/python3.12/site-packages/airflow/example_dags/example_subdag_operator.py
[2024-11-27T07:48:27.909+0000] {processor.py:925} INFO - DAG(s) 'example_subdag_operator.section-1', 'example_subdag_operator.section-2', 'example_subdag_operator' retrieved from /home/airflow/.local/lib/python3.12/site-packages/airflow/example_dags/example_subdag_operator.py
[2024-11-27T07:48:27.964+0000] {logging_mixin.py:190} INFO - [2024-11-27T07:48:27.963+0000] {dag.py:3239} INFO - Sync 3 DAGs
[2024-11-27T07:48:28.045+0000] {logging_mixin.py:190} INFO - [2024-11-27T07:48:28.044+0000] {dag.py:4180} INFO - Setting next_dagrun for example_subdag_operator to 2022-01-01 00:00:00+00:00, run_after=2022-01-01 00:00:00+00:00
[2024-11-27T07:48:28.058+0000] {logging_mixin.py:190} INFO - [2024-11-27T07:48:28.058+0000] {dag.py:4180} INFO - Setting next_dagrun for example_subdag_operator.section-1 to None, run_after=None
[2024-11-27T07:48:28.063+0000] {logging_mixin.py:190} INFO - [2024-11-27T07:48:28.063+0000] {dag.py:4180} INFO - Setting next_dagrun for example_subdag_operator.section-2 to None, run_after=None
[2024-11-27T07:48:28.082+0000] {logging_mixin.py:190} INFO - [2024-11-27T07:48:28.082+0000] {dag.py:3239} INFO - Sync 2 DAGs
[2024-11-27T07:48:28.097+0000] {logging_mixin.py:190} INFO - [2024-11-27T07:48:28.096+0000] {dag.py:4180} INFO - Setting next_dagrun for example_subdag_operator.section-1 to None, run_after=None
[2024-11-27T07:48:28.099+0000] {logging_mixin.py:190} INFO - [2024-11-27T07:48:28.098+0000] {dag.py:4180} INFO - Setting next_dagrun for example_subdag_operator.section-2 to None, run_after=None
[2024-11-27T07:48:28.136+0000] {processor.py:208} INFO - Processing /home/airflow/.local/lib/python3.12/site-packages/airflow/example_dags/example_subdag_operator.py took 0.342 seconds
[2024-11-27T07:48:58.615+0000] {processor.py:186} INFO - Started process (PID=985) to work on /home/airflow/.local/lib/python3.12/site-packages/airflow/example_dags/example_subdag_operator.py
[2024-11-27T07:48:58.617+0000] {processor.py:914} INFO - Processing file /home/airflow/.local/lib/python3.12/site-packages/airflow/example_dags/example_subdag_operator.py for tasks to queue
[2024-11-27T07:48:58.621+0000] {logging_mixin.py:190} INFO - [2024-11-27T07:48:58.620+0000] {dagbag.py:588} INFO - Filling up the DagBag from /home/airflow/.local/lib/python3.12/site-packages/airflow/example_dags/example_subdag_operator.py
[2024-11-27T07:48:58.672+0000] {processor.py:925} INFO - DAG(s) 'example_subdag_operator.section-1', 'example_subdag_operator.section-2', 'example_subdag_operator' retrieved from /home/airflow/.local/lib/python3.12/site-packages/airflow/example_dags/example_subdag_operator.py
[2024-11-27T07:48:58.712+0000] {logging_mixin.py:190} INFO - [2024-11-27T07:48:58.711+0000] {dag.py:3239} INFO - Sync 3 DAGs
[2024-11-27T07:48:58.763+0000] {logging_mixin.py:190} INFO - [2024-11-27T07:48:58.762+0000] {dag.py:4180} INFO - Setting next_dagrun for example_subdag_operator to 2022-01-01 00:00:00+00:00, run_after=2022-01-01 00:00:00+00:00
[2024-11-27T07:48:58.771+0000] {logging_mixin.py:190} INFO - [2024-11-27T07:48:58.771+0000] {dag.py:4180} INFO - Setting next_dagrun for example_subdag_operator.section-1 to None, run_after=None
[2024-11-27T07:48:58.775+0000] {logging_mixin.py:190} INFO - [2024-11-27T07:48:58.775+0000] {dag.py:4180} INFO - Setting next_dagrun for example_subdag_operator.section-2 to None, run_after=None
[2024-11-27T07:48:58.796+0000] {logging_mixin.py:190} INFO - [2024-11-27T07:48:58.795+0000] {dag.py:3239} INFO - Sync 2 DAGs
[2024-11-27T07:48:58.807+0000] {logging_mixin.py:190} INFO - [2024-11-27T07:48:58.807+0000] {dag.py:4180} INFO - Setting next_dagrun for example_subdag_operator.section-1 to None, run_after=None
[2024-11-27T07:48:58.808+0000] {logging_mixin.py:190} INFO - [2024-11-27T07:48:58.808+0000] {dag.py:4180} INFO - Setting next_dagrun for example_subdag_operator.section-2 to None, run_after=None
[2024-11-27T07:48:58.834+0000] {processor.py:208} INFO - Processing /home/airflow/.local/lib/python3.12/site-packages/airflow/example_dags/example_subdag_operator.py took 0.226 seconds
[2024-11-27T07:49:33.695+0000] {processor.py:186} INFO - Started process (PID=1278) to work on /home/airflow/.local/lib/python3.12/site-packages/airflow/example_dags/example_subdag_operator.py
[2024-11-27T07:49:33.697+0000] {processor.py:914} INFO - Processing file /home/airflow/.local/lib/python3.12/site-packages/airflow/example_dags/example_subdag_operator.py for tasks to queue
[2024-11-27T07:49:33.700+0000] {logging_mixin.py:190} INFO - [2024-11-27T07:49:33.699+0000] {dagbag.py:588} INFO - Filling up the DagBag from /home/airflow/.local/lib/python3.12/site-packages/airflow/example_dags/example_subdag_operator.py
[2024-11-27T07:49:33.752+0000] {processor.py:925} INFO - DAG(s) 'example_subdag_operator.section-1', 'example_subdag_operator.section-2', 'example_subdag_operator' retrieved from /home/airflow/.local/lib/python3.12/site-packages/airflow/example_dags/example_subdag_operator.py
[2024-11-27T07:49:33.781+0000] {logging_mixin.py:190} INFO - [2024-11-27T07:49:33.781+0000] {dag.py:3239} INFO - Sync 3 DAGs
[2024-11-27T07:49:33.830+0000] {logging_mixin.py:190} INFO - [2024-11-27T07:49:33.829+0000] {dag.py:4180} INFO - Setting next_dagrun for example_subdag_operator to 2022-01-01 00:00:00+00:00, run_after=2022-01-01 00:00:00+00:00
[2024-11-27T07:49:33.840+0000] {logging_mixin.py:190} INFO - [2024-11-27T07:49:33.839+0000] {dag.py:4180} INFO - Setting next_dagrun for example_subdag_operator.section-1 to None, run_after=None
[2024-11-27T07:49:33.844+0000] {logging_mixin.py:190} INFO - [2024-11-27T07:49:33.844+0000] {dag.py:4180} INFO - Setting next_dagrun for example_subdag_operator.section-2 to None, run_after=None
[2024-11-27T07:49:33.860+0000] {logging_mixin.py:190} INFO - [2024-11-27T07:49:33.860+0000] {dag.py:3239} INFO - Sync 2 DAGs
[2024-11-27T07:49:33.871+0000] {logging_mixin.py:190} INFO - [2024-11-27T07:49:33.870+0000] {dag.py:4180} INFO - Setting next_dagrun for example_subdag_operator.section-1 to None, run_after=None
[2024-11-27T07:49:33.872+0000] {logging_mixin.py:190} INFO - [2024-11-27T07:49:33.872+0000] {dag.py:4180} INFO - Setting next_dagrun for example_subdag_operator.section-2 to None, run_after=None
[2024-11-27T07:49:33.897+0000] {processor.py:208} INFO - Processing /home/airflow/.local/lib/python3.12/site-packages/airflow/example_dags/example_subdag_operator.py took 0.210 seconds
[2024-11-27T07:50:04.025+0000] {processor.py:186} INFO - Started process (PID=1570) to work on /home/airflow/.local/lib/python3.12/site-packages/airflow/example_dags/example_subdag_operator.py
[2024-11-27T07:50:04.028+0000] {processor.py:914} INFO - Processing file /home/airflow/.local/lib/python3.12/site-packages/airflow/example_dags/example_subdag_operator.py for tasks to queue
[2024-11-27T07:50:04.032+0000] {logging_mixin.py:190} INFO - [2024-11-27T07:50:04.031+0000] {dagbag.py:588} INFO - Filling up the DagBag from /home/airflow/.local/lib/python3.12/site-packages/airflow/example_dags/example_subdag_operator.py
[2024-11-27T07:50:04.102+0000] {processor.py:925} INFO - DAG(s) 'example_subdag_operator.section-1', 'example_subdag_operator.section-2', 'example_subdag_operator' retrieved from /home/airflow/.local/lib/python3.12/site-packages/airflow/example_dags/example_subdag_operator.py
[2024-11-27T07:50:04.157+0000] {logging_mixin.py:190} INFO - [2024-11-27T07:50:04.157+0000] {dag.py:3239} INFO - Sync 3 DAGs
[2024-11-27T07:50:04.234+0000] {logging_mixin.py:190} INFO - [2024-11-27T07:50:04.234+0000] {dag.py:4180} INFO - Setting next_dagrun for example_subdag_operator to 2022-01-01 00:00:00+00:00, run_after=2022-01-01 00:00:00+00:00
[2024-11-27T07:50:04.251+0000] {logging_mixin.py:190} INFO - [2024-11-27T07:50:04.250+0000] {dag.py:4180} INFO - Setting next_dagrun for example_subdag_operator.section-1 to None, run_after=None
[2024-11-27T07:50:04.261+0000] {logging_mixin.py:190} INFO - [2024-11-27T07:50:04.259+0000] {dag.py:4180} INFO - Setting next_dagrun for example_subdag_operator.section-2 to None, run_after=None
[2024-11-27T07:50:04.287+0000] {logging_mixin.py:190} INFO - [2024-11-27T07:50:04.286+0000] {dag.py:3239} INFO - Sync 2 DAGs
[2024-11-27T07:50:04.306+0000] {logging_mixin.py:190} INFO - [2024-11-27T07:50:04.305+0000] {dag.py:4180} INFO - Setting next_dagrun for example_subdag_operator.section-1 to None, run_after=None
[2024-11-27T07:50:04.308+0000] {logging_mixin.py:190} INFO - [2024-11-27T07:50:04.307+0000] {dag.py:4180} INFO - Setting next_dagrun for example_subdag_operator.section-2 to None, run_after=None
[2024-11-27T07:50:04.346+0000] {processor.py:208} INFO - Processing /home/airflow/.local/lib/python3.12/site-packages/airflow/example_dags/example_subdag_operator.py took 0.332 seconds
[2024-11-27T07:50:35.054+0000] {processor.py:186} INFO - Started process (PID=1859) to work on /home/airflow/.local/lib/python3.12/site-packages/airflow/example_dags/example_subdag_operator.py
[2024-11-27T07:50:35.056+0000] {processor.py:914} INFO - Processing file /home/airflow/.local/lib/python3.12/site-packages/airflow/example_dags/example_subdag_operator.py for tasks to queue
[2024-11-27T07:50:35.060+0000] {logging_mixin.py:190} INFO - [2024-11-27T07:50:35.059+0000] {dagbag.py:588} INFO - Filling up the DagBag from /home/airflow/.local/lib/python3.12/site-packages/airflow/example_dags/example_subdag_operator.py
[2024-11-27T07:50:35.119+0000] {processor.py:925} INFO - DAG(s) 'example_subdag_operator.section-1', 'example_subdag_operator.section-2', 'example_subdag_operator' retrieved from /home/airflow/.local/lib/python3.12/site-packages/airflow/example_dags/example_subdag_operator.py
[2024-11-27T07:50:35.160+0000] {logging_mixin.py:190} INFO - [2024-11-27T07:50:35.159+0000] {dag.py:3239} INFO - Sync 3 DAGs
[2024-11-27T07:50:35.202+0000] {logging_mixin.py:190} INFO - [2024-11-27T07:50:35.202+0000] {dag.py:4180} INFO - Setting next_dagrun for example_subdag_operator to 2022-01-01 00:00:00+00:00, run_after=2022-01-01 00:00:00+00:00
[2024-11-27T07:50:35.212+0000] {logging_mixin.py:190} INFO - [2024-11-27T07:50:35.211+0000] {dag.py:4180} INFO - Setting next_dagrun for example_subdag_operator.section-1 to None, run_after=None
[2024-11-27T07:50:35.215+0000] {logging_mixin.py:190} INFO - [2024-11-27T07:50:35.215+0000] {dag.py:4180} INFO - Setting next_dagrun for example_subdag_operator.section-2 to None, run_after=None
[2024-11-27T07:50:35.231+0000] {logging_mixin.py:190} INFO - [2024-11-27T07:50:35.230+0000] {dag.py:3239} INFO - Sync 2 DAGs
[2024-11-27T07:50:35.243+0000] {logging_mixin.py:190} INFO - [2024-11-27T07:50:35.243+0000] {dag.py:4180} INFO - Setting next_dagrun for example_subdag_operator.section-1 to None, run_after=None
[2024-11-27T07:50:35.245+0000] {logging_mixin.py:190} INFO - [2024-11-27T07:50:35.244+0000] {dag.py:4180} INFO - Setting next_dagrun for example_subdag_operator.section-2 to None, run_after=None
[2024-11-27T07:50:35.270+0000] {processor.py:208} INFO - Processing /home/airflow/.local/lib/python3.12/site-packages/airflow/example_dags/example_subdag_operator.py took 0.227 seconds
[2024-11-27T07:51:06.608+0000] {processor.py:186} INFO - Started process (PID=2150) to work on /home/airflow/.local/lib/python3.12/site-packages/airflow/example_dags/example_subdag_operator.py
[2024-11-27T07:51:06.610+0000] {processor.py:914} INFO - Processing file /home/airflow/.local/lib/python3.12/site-packages/airflow/example_dags/example_subdag_operator.py for tasks to queue
[2024-11-27T07:51:06.614+0000] {logging_mixin.py:190} INFO - [2024-11-27T07:51:06.614+0000] {dagbag.py:588} INFO - Filling up the DagBag from /home/airflow/.local/lib/python3.12/site-packages/airflow/example_dags/example_subdag_operator.py
[2024-11-27T07:51:06.668+0000] {processor.py:925} INFO - DAG(s) 'example_subdag_operator.section-1', 'example_subdag_operator.section-2', 'example_subdag_operator' retrieved from /home/airflow/.local/lib/python3.12/site-packages/airflow/example_dags/example_subdag_operator.py
[2024-11-27T07:51:06.697+0000] {logging_mixin.py:190} INFO - [2024-11-27T07:51:06.697+0000] {dag.py:3239} INFO - Sync 3 DAGs
[2024-11-27T07:51:06.743+0000] {logging_mixin.py:190} INFO - [2024-11-27T07:51:06.743+0000] {dag.py:4180} INFO - Setting next_dagrun for example_subdag_operator to 2022-01-01 00:00:00+00:00, run_after=2022-01-01 00:00:00+00:00
[2024-11-27T07:51:06.750+0000] {logging_mixin.py:190} INFO - [2024-11-27T07:51:06.749+0000] {dag.py:4180} INFO - Setting next_dagrun for example_subdag_operator.section-1 to None, run_after=None
[2024-11-27T07:51:06.754+0000] {logging_mixin.py:190} INFO - [2024-11-27T07:51:06.753+0000] {dag.py:4180} INFO - Setting next_dagrun for example_subdag_operator.section-2 to None, run_after=None
[2024-11-27T07:51:06.771+0000] {logging_mixin.py:190} INFO - [2024-11-27T07:51:06.770+0000] {dag.py:3239} INFO - Sync 2 DAGs
[2024-11-27T07:51:06.782+0000] {logging_mixin.py:190} INFO - [2024-11-27T07:51:06.782+0000] {dag.py:4180} INFO - Setting next_dagrun for example_subdag_operator.section-1 to None, run_after=None
[2024-11-27T07:51:06.783+0000] {logging_mixin.py:190} INFO - [2024-11-27T07:51:06.783+0000] {dag.py:4180} INFO - Setting next_dagrun for example_subdag_operator.section-2 to None, run_after=None
[2024-11-27T07:51:06.802+0000] {processor.py:208} INFO - Processing /home/airflow/.local/lib/python3.12/site-packages/airflow/example_dags/example_subdag_operator.py took 0.202 seconds
[2024-11-27T07:51:38.669+0000] {processor.py:186} INFO - Started process (PID=2447) to work on /home/airflow/.local/lib/python3.12/site-packages/airflow/example_dags/example_subdag_operator.py
[2024-11-27T07:51:38.671+0000] {processor.py:914} INFO - Processing file /home/airflow/.local/lib/python3.12/site-packages/airflow/example_dags/example_subdag_operator.py for tasks to queue
[2024-11-27T07:51:38.677+0000] {logging_mixin.py:190} INFO - [2024-11-27T07:51:38.676+0000] {dagbag.py:588} INFO - Filling up the DagBag from /home/airflow/.local/lib/python3.12/site-packages/airflow/example_dags/example_subdag_operator.py
[2024-11-27T07:51:38.737+0000] {processor.py:925} INFO - DAG(s) 'example_subdag_operator.section-1', 'example_subdag_operator.section-2', 'example_subdag_operator' retrieved from /home/airflow/.local/lib/python3.12/site-packages/airflow/example_dags/example_subdag_operator.py
[2024-11-27T07:51:38.772+0000] {logging_mixin.py:190} INFO - [2024-11-27T07:51:38.771+0000] {dag.py:3239} INFO - Sync 3 DAGs
[2024-11-27T07:51:38.820+0000] {logging_mixin.py:190} INFO - [2024-11-27T07:51:38.819+0000] {dag.py:4180} INFO - Setting next_dagrun for example_subdag_operator to 2022-01-01 00:00:00+00:00, run_after=2022-01-01 00:00:00+00:00
[2024-11-27T07:51:38.827+0000] {logging_mixin.py:190} INFO - [2024-11-27T07:51:38.826+0000] {dag.py:4180} INFO - Setting next_dagrun for example_subdag_operator.section-1 to None, run_after=None
[2024-11-27T07:51:38.830+0000] {logging_mixin.py:190} INFO - [2024-11-27T07:51:38.830+0000] {dag.py:4180} INFO - Setting next_dagrun for example_subdag_operator.section-2 to None, run_after=None
[2024-11-27T07:51:38.842+0000] {logging_mixin.py:190} INFO - [2024-11-27T07:51:38.842+0000] {dag.py:3239} INFO - Sync 2 DAGs
[2024-11-27T07:51:38.852+0000] {logging_mixin.py:190} INFO - [2024-11-27T07:51:38.852+0000] {dag.py:4180} INFO - Setting next_dagrun for example_subdag_operator.section-1 to None, run_after=None
[2024-11-27T07:51:38.853+0000] {logging_mixin.py:190} INFO - [2024-11-27T07:51:38.853+0000] {dag.py:4180} INFO - Setting next_dagrun for example_subdag_operator.section-2 to None, run_after=None
[2024-11-27T07:51:38.875+0000] {processor.py:208} INFO - Processing /home/airflow/.local/lib/python3.12/site-packages/airflow/example_dags/example_subdag_operator.py took 0.216 seconds
[2024-11-27T07:52:11.993+0000] {processor.py:186} INFO - Started process (PID=2738) to work on /home/airflow/.local/lib/python3.12/site-packages/airflow/example_dags/example_subdag_operator.py
[2024-11-27T07:52:11.996+0000] {processor.py:914} INFO - Processing file /home/airflow/.local/lib/python3.12/site-packages/airflow/example_dags/example_subdag_operator.py for tasks to queue
[2024-11-27T07:52:12.003+0000] {logging_mixin.py:190} INFO - [2024-11-27T07:52:12.003+0000] {dagbag.py:588} INFO - Filling up the DagBag from /home/airflow/.local/lib/python3.12/site-packages/airflow/example_dags/example_subdag_operator.py
[2024-11-27T07:52:12.067+0000] {processor.py:925} INFO - DAG(s) 'example_subdag_operator.section-1', 'example_subdag_operator.section-2', 'example_subdag_operator' retrieved from /home/airflow/.local/lib/python3.12/site-packages/airflow/example_dags/example_subdag_operator.py
[2024-11-27T07:52:12.122+0000] {logging_mixin.py:190} INFO - [2024-11-27T07:52:12.122+0000] {dag.py:3239} INFO - Sync 3 DAGs
[2024-11-27T07:52:12.195+0000] {logging_mixin.py:190} INFO - [2024-11-27T07:52:12.194+0000] {dag.py:4180} INFO - Setting next_dagrun for example_subdag_operator to 2022-01-01 00:00:00+00:00, run_after=2022-01-01 00:00:00+00:00
[2024-11-27T07:52:12.207+0000] {logging_mixin.py:190} INFO - [2024-11-27T07:52:12.207+0000] {dag.py:4180} INFO - Setting next_dagrun for example_subdag_operator.section-1 to None, run_after=None
[2024-11-27T07:52:12.212+0000] {logging_mixin.py:190} INFO - [2024-11-27T07:52:12.211+0000] {dag.py:4180} INFO - Setting next_dagrun for example_subdag_operator.section-2 to None, run_after=None
[2024-11-27T07:52:12.239+0000] {logging_mixin.py:190} INFO - [2024-11-27T07:52:12.239+0000] {dag.py:3239} INFO - Sync 2 DAGs
[2024-11-27T07:52:12.255+0000] {logging_mixin.py:190} INFO - [2024-11-27T07:52:12.254+0000] {dag.py:4180} INFO - Setting next_dagrun for example_subdag_operator.section-1 to None, run_after=None
[2024-11-27T07:52:12.257+0000] {logging_mixin.py:190} INFO - [2024-11-27T07:52:12.256+0000] {dag.py:4180} INFO - Setting next_dagrun for example_subdag_operator.section-2 to None, run_after=None
[2024-11-27T07:52:12.295+0000] {processor.py:208} INFO - Processing /home/airflow/.local/lib/python3.12/site-packages/airflow/example_dags/example_subdag_operator.py took 0.320 seconds
[2024-11-27T07:52:42.890+0000] {processor.py:186} INFO - Started process (PID=3029) to work on /home/airflow/.local/lib/python3.12/site-packages/airflow/example_dags/example_subdag_operator.py
[2024-11-27T07:52:42.892+0000] {processor.py:914} INFO - Processing file /home/airflow/.local/lib/python3.12/site-packages/airflow/example_dags/example_subdag_operator.py for tasks to queue
[2024-11-27T07:52:42.896+0000] {logging_mixin.py:190} INFO - [2024-11-27T07:52:42.896+0000] {dagbag.py:588} INFO - Filling up the DagBag from /home/airflow/.local/lib/python3.12/site-packages/airflow/example_dags/example_subdag_operator.py
[2024-11-27T07:52:42.949+0000] {processor.py:925} INFO - DAG(s) 'example_subdag_operator.section-1', 'example_subdag_operator.section-2', 'example_subdag_operator' retrieved from /home/airflow/.local/lib/python3.12/site-packages/airflow/example_dags/example_subdag_operator.py
[2024-11-27T07:52:42.978+0000] {logging_mixin.py:190} INFO - [2024-11-27T07:52:42.978+0000] {dag.py:3239} INFO - Sync 3 DAGs
[2024-11-27T07:52:43.030+0000] {logging_mixin.py:190} INFO - [2024-11-27T07:52:43.029+0000] {dag.py:4180} INFO - Setting next_dagrun for example_subdag_operator to 2022-01-01 00:00:00+00:00, run_after=2022-01-01 00:00:00+00:00
[2024-11-27T07:52:43.039+0000] {logging_mixin.py:190} INFO - [2024-11-27T07:52:43.039+0000] {dag.py:4180} INFO - Setting next_dagrun for example_subdag_operator.section-1 to None, run_after=None
[2024-11-27T07:52:43.044+0000] {logging_mixin.py:190} INFO - [2024-11-27T07:52:43.043+0000] {dag.py:4180} INFO - Setting next_dagrun for example_subdag_operator.section-2 to None, run_after=None
[2024-11-27T07:52:43.064+0000] {logging_mixin.py:190} INFO - [2024-11-27T07:52:43.063+0000] {dag.py:3239} INFO - Sync 2 DAGs
[2024-11-27T07:52:43.076+0000] {logging_mixin.py:190} INFO - [2024-11-27T07:52:43.076+0000] {dag.py:4180} INFO - Setting next_dagrun for example_subdag_operator.section-1 to None, run_after=None
[2024-11-27T07:52:43.078+0000] {logging_mixin.py:190} INFO - [2024-11-27T07:52:43.078+0000] {dag.py:4180} INFO - Setting next_dagrun for example_subdag_operator.section-2 to None, run_after=None
[2024-11-27T07:52:43.103+0000] {processor.py:208} INFO - Processing /home/airflow/.local/lib/python3.12/site-packages/airflow/example_dags/example_subdag_operator.py took 0.223 seconds
[2024-11-27T07:53:13.356+0000] {processor.py:186} INFO - Started process (PID=3320) to work on /home/airflow/.local/lib/python3.12/site-packages/airflow/example_dags/example_subdag_operator.py
[2024-11-27T07:53:13.358+0000] {processor.py:914} INFO - Processing file /home/airflow/.local/lib/python3.12/site-packages/airflow/example_dags/example_subdag_operator.py for tasks to queue
[2024-11-27T07:53:13.361+0000] {logging_mixin.py:190} INFO - [2024-11-27T07:53:13.361+0000] {dagbag.py:588} INFO - Filling up the DagBag from /home/airflow/.local/lib/python3.12/site-packages/airflow/example_dags/example_subdag_operator.py
[2024-11-27T07:53:13.397+0000] {processor.py:925} INFO - DAG(s) 'example_subdag_operator.section-1', 'example_subdag_operator.section-2', 'example_subdag_operator' retrieved from /home/airflow/.local/lib/python3.12/site-packages/airflow/example_dags/example_subdag_operator.py
[2024-11-27T07:53:13.421+0000] {logging_mixin.py:190} INFO - [2024-11-27T07:53:13.420+0000] {dag.py:3239} INFO - Sync 3 DAGs
[2024-11-27T07:53:13.452+0000] {logging_mixin.py:190} INFO - [2024-11-27T07:53:13.452+0000] {dag.py:4180} INFO - Setting next_dagrun for example_subdag_operator to 2022-01-01 00:00:00+00:00, run_after=2022-01-01 00:00:00+00:00
[2024-11-27T07:53:13.457+0000] {logging_mixin.py:190} INFO - [2024-11-27T07:53:13.457+0000] {dag.py:4180} INFO - Setting next_dagrun for example_subdag_operator.section-1 to None, run_after=None
[2024-11-27T07:53:13.463+0000] {logging_mixin.py:190} INFO - [2024-11-27T07:53:13.462+0000] {dag.py:4180} INFO - Setting next_dagrun for example_subdag_operator.section-2 to None, run_after=None
[2024-11-27T07:53:13.475+0000] {logging_mixin.py:190} INFO - [2024-11-27T07:53:13.474+0000] {dag.py:3239} INFO - Sync 2 DAGs
[2024-11-27T07:53:13.484+0000] {logging_mixin.py:190} INFO - [2024-11-27T07:53:13.483+0000] {dag.py:4180} INFO - Setting next_dagrun for example_subdag_operator.section-1 to None, run_after=None
[2024-11-27T07:53:13.485+0000] {logging_mixin.py:190} INFO - [2024-11-27T07:53:13.484+0000] {dag.py:4180} INFO - Setting next_dagrun for example_subdag_operator.section-2 to None, run_after=None
[2024-11-27T07:53:13.502+0000] {processor.py:208} INFO - Processing /home/airflow/.local/lib/python3.12/site-packages/airflow/example_dags/example_subdag_operator.py took 0.154 seconds
[2024-11-27T07:53:46.809+0000] {processor.py:186} INFO - Started process (PID=3611) to work on /home/airflow/.local/lib/python3.12/site-packages/airflow/example_dags/example_subdag_operator.py
[2024-11-27T07:53:46.811+0000] {processor.py:914} INFO - Processing file /home/airflow/.local/lib/python3.12/site-packages/airflow/example_dags/example_subdag_operator.py for tasks to queue
[2024-11-27T07:53:46.820+0000] {logging_mixin.py:190} INFO - [2024-11-27T07:53:46.819+0000] {dagbag.py:588} INFO - Filling up the DagBag from /home/airflow/.local/lib/python3.12/site-packages/airflow/example_dags/example_subdag_operator.py
[2024-11-27T07:53:46.877+0000] {processor.py:925} INFO - DAG(s) 'example_subdag_operator.section-1', 'example_subdag_operator.section-2', 'example_subdag_operator' retrieved from /home/airflow/.local/lib/python3.12/site-packages/airflow/example_dags/example_subdag_operator.py
[2024-11-27T07:53:46.905+0000] {logging_mixin.py:190} INFO - [2024-11-27T07:53:46.905+0000] {dag.py:3239} INFO - Sync 3 DAGs
[2024-11-27T07:53:46.955+0000] {logging_mixin.py:190} INFO - [2024-11-27T07:53:46.954+0000] {dag.py:4180} INFO - Setting next_dagrun for example_subdag_operator to 2022-01-01 00:00:00+00:00, run_after=2022-01-01 00:00:00+00:00
[2024-11-27T07:53:46.964+0000] {logging_mixin.py:190} INFO - [2024-11-27T07:53:46.963+0000] {dag.py:4180} INFO - Setting next_dagrun for example_subdag_operator.section-1 to None, run_after=None
[2024-11-27T07:53:46.969+0000] {logging_mixin.py:190} INFO - [2024-11-27T07:53:46.969+0000] {dag.py:4180} INFO - Setting next_dagrun for example_subdag_operator.section-2 to None, run_after=None
[2024-11-27T07:53:46.985+0000] {logging_mixin.py:190} INFO - [2024-11-27T07:53:46.984+0000] {dag.py:3239} INFO - Sync 2 DAGs
[2024-11-27T07:53:47.000+0000] {logging_mixin.py:190} INFO - [2024-11-27T07:53:46.999+0000] {dag.py:4180} INFO - Setting next_dagrun for example_subdag_operator.section-1 to None, run_after=None
[2024-11-27T07:53:47.002+0000] {logging_mixin.py:190} INFO - [2024-11-27T07:53:47.001+0000] {dag.py:4180} INFO - Setting next_dagrun for example_subdag_operator.section-2 to None, run_after=None
[2024-11-27T07:53:47.024+0000] {processor.py:208} INFO - Processing /home/airflow/.local/lib/python3.12/site-packages/airflow/example_dags/example_subdag_operator.py took 0.226 seconds
[2024-11-27T07:54:19.030+0000] {processor.py:186} INFO - Started process (PID=3904) to work on /home/airflow/.local/lib/python3.12/site-packages/airflow/example_dags/example_subdag_operator.py
[2024-11-27T07:54:19.032+0000] {processor.py:914} INFO - Processing file /home/airflow/.local/lib/python3.12/site-packages/airflow/example_dags/example_subdag_operator.py for tasks to queue
[2024-11-27T07:54:19.035+0000] {logging_mixin.py:190} INFO - [2024-11-27T07:54:19.034+0000] {dagbag.py:588} INFO - Filling up the DagBag from /home/airflow/.local/lib/python3.12/site-packages/airflow/example_dags/example_subdag_operator.py
[2024-11-27T07:54:19.088+0000] {processor.py:925} INFO - DAG(s) 'example_subdag_operator.section-1', 'example_subdag_operator.section-2', 'example_subdag_operator' retrieved from /home/airflow/.local/lib/python3.12/site-packages/airflow/example_dags/example_subdag_operator.py
[2024-11-27T07:54:19.127+0000] {logging_mixin.py:190} INFO - [2024-11-27T07:54:19.126+0000] {dag.py:3239} INFO - Sync 3 DAGs
[2024-11-27T07:54:19.175+0000] {logging_mixin.py:190} INFO - [2024-11-27T07:54:19.174+0000] {dag.py:4180} INFO - Setting next_dagrun for example_subdag_operator to 2022-01-01 00:00:00+00:00, run_after=2022-01-01 00:00:00+00:00
[2024-11-27T07:54:19.184+0000] {logging_mixin.py:190} INFO - [2024-11-27T07:54:19.184+0000] {dag.py:4180} INFO - Setting next_dagrun for example_subdag_operator.section-1 to None, run_after=None
[2024-11-27T07:54:19.188+0000] {logging_mixin.py:190} INFO - [2024-11-27T07:54:19.187+0000] {dag.py:4180} INFO - Setting next_dagrun for example_subdag_operator.section-2 to None, run_after=None
[2024-11-27T07:54:19.210+0000] {logging_mixin.py:190} INFO - [2024-11-27T07:54:19.210+0000] {dag.py:3239} INFO - Sync 2 DAGs
[2024-11-27T07:54:19.227+0000] {logging_mixin.py:190} INFO - [2024-11-27T07:54:19.226+0000] {dag.py:4180} INFO - Setting next_dagrun for example_subdag_operator.section-1 to None, run_after=None
[2024-11-27T07:54:19.229+0000] {logging_mixin.py:190} INFO - [2024-11-27T07:54:19.229+0000] {dag.py:4180} INFO - Setting next_dagrun for example_subdag_operator.section-2 to None, run_after=None
[2024-11-27T07:54:19.270+0000] {processor.py:208} INFO - Processing /home/airflow/.local/lib/python3.12/site-packages/airflow/example_dags/example_subdag_operator.py took 0.250 seconds
[2024-11-27T07:54:49.674+0000] {processor.py:186} INFO - Started process (PID=4193) to work on /home/airflow/.local/lib/python3.12/site-packages/airflow/example_dags/example_subdag_operator.py
[2024-11-27T07:54:49.675+0000] {processor.py:914} INFO - Processing file /home/airflow/.local/lib/python3.12/site-packages/airflow/example_dags/example_subdag_operator.py for tasks to queue
[2024-11-27T07:54:49.679+0000] {logging_mixin.py:190} INFO - [2024-11-27T07:54:49.678+0000] {dagbag.py:588} INFO - Filling up the DagBag from /home/airflow/.local/lib/python3.12/site-packages/airflow/example_dags/example_subdag_operator.py
[2024-11-27T07:54:49.718+0000] {processor.py:925} INFO - DAG(s) 'example_subdag_operator.section-1', 'example_subdag_operator.section-2', 'example_subdag_operator' retrieved from /home/airflow/.local/lib/python3.12/site-packages/airflow/example_dags/example_subdag_operator.py
[2024-11-27T07:54:49.746+0000] {logging_mixin.py:190} INFO - [2024-11-27T07:54:49.746+0000] {dag.py:3239} INFO - Sync 3 DAGs
[2024-11-27T07:54:49.788+0000] {logging_mixin.py:190} INFO - [2024-11-27T07:54:49.788+0000] {dag.py:4180} INFO - Setting next_dagrun for example_subdag_operator to 2022-01-01 00:00:00+00:00, run_after=2022-01-01 00:00:00+00:00
[2024-11-27T07:54:49.795+0000] {logging_mixin.py:190} INFO - [2024-11-27T07:54:49.795+0000] {dag.py:4180} INFO - Setting next_dagrun for example_subdag_operator.section-1 to None, run_after=None
[2024-11-27T07:54:49.798+0000] {logging_mixin.py:190} INFO - [2024-11-27T07:54:49.798+0000] {dag.py:4180} INFO - Setting next_dagrun for example_subdag_operator.section-2 to None, run_after=None
[2024-11-27T07:54:49.812+0000] {logging_mixin.py:190} INFO - [2024-11-27T07:54:49.811+0000] {dag.py:3239} INFO - Sync 2 DAGs
[2024-11-27T07:54:49.823+0000] {logging_mixin.py:190} INFO - [2024-11-27T07:54:49.823+0000] {dag.py:4180} INFO - Setting next_dagrun for example_subdag_operator.section-1 to None, run_after=None
[2024-11-27T07:54:49.825+0000] {logging_mixin.py:190} INFO - [2024-11-27T07:54:49.824+0000] {dag.py:4180} INFO - Setting next_dagrun for example_subdag_operator.section-2 to None, run_after=None
[2024-11-27T07:54:49.845+0000] {processor.py:208} INFO - Processing /home/airflow/.local/lib/python3.12/site-packages/airflow/example_dags/example_subdag_operator.py took 0.181 seconds
[2024-11-27T07:55:21.637+0000] {processor.py:186} INFO - Started process (PID=4484) to work on /home/airflow/.local/lib/python3.12/site-packages/airflow/example_dags/example_subdag_operator.py
[2024-11-27T07:55:21.639+0000] {processor.py:914} INFO - Processing file /home/airflow/.local/lib/python3.12/site-packages/airflow/example_dags/example_subdag_operator.py for tasks to queue
[2024-11-27T07:55:21.643+0000] {logging_mixin.py:190} INFO - [2024-11-27T07:55:21.643+0000] {dagbag.py:588} INFO - Filling up the DagBag from /home/airflow/.local/lib/python3.12/site-packages/airflow/example_dags/example_subdag_operator.py
[2024-11-27T07:55:21.689+0000] {processor.py:925} INFO - DAG(s) 'example_subdag_operator.section-1', 'example_subdag_operator.section-2', 'example_subdag_operator' retrieved from /home/airflow/.local/lib/python3.12/site-packages/airflow/example_dags/example_subdag_operator.py
[2024-11-27T07:55:21.718+0000] {logging_mixin.py:190} INFO - [2024-11-27T07:55:21.718+0000] {dag.py:3239} INFO - Sync 3 DAGs
[2024-11-27T07:55:21.764+0000] {logging_mixin.py:190} INFO - [2024-11-27T07:55:21.763+0000] {dag.py:4180} INFO - Setting next_dagrun for example_subdag_operator to 2022-01-01 00:00:00+00:00, run_after=2022-01-01 00:00:00+00:00
[2024-11-27T07:55:21.771+0000] {logging_mixin.py:190} INFO - [2024-11-27T07:55:21.771+0000] {dag.py:4180} INFO - Setting next_dagrun for example_subdag_operator.section-1 to None, run_after=None
[2024-11-27T07:55:21.774+0000] {logging_mixin.py:190} INFO - [2024-11-27T07:55:21.773+0000] {dag.py:4180} INFO - Setting next_dagrun for example_subdag_operator.section-2 to None, run_after=None
[2024-11-27T07:55:21.785+0000] {logging_mixin.py:190} INFO - [2024-11-27T07:55:21.784+0000] {dag.py:3239} INFO - Sync 2 DAGs
[2024-11-27T07:55:21.795+0000] {logging_mixin.py:190} INFO - [2024-11-27T07:55:21.795+0000] {dag.py:4180} INFO - Setting next_dagrun for example_subdag_operator.section-1 to None, run_after=None
[2024-11-27T07:55:21.797+0000] {logging_mixin.py:190} INFO - [2024-11-27T07:55:21.797+0000] {dag.py:4180} INFO - Setting next_dagrun for example_subdag_operator.section-2 to None, run_after=None
[2024-11-27T07:55:21.819+0000] {processor.py:208} INFO - Processing /home/airflow/.local/lib/python3.12/site-packages/airflow/example_dags/example_subdag_operator.py took 0.192 seconds
[2024-11-27T07:55:54.014+0000] {processor.py:186} INFO - Started process (PID=4775) to work on /home/airflow/.local/lib/python3.12/site-packages/airflow/example_dags/example_subdag_operator.py
[2024-11-27T07:55:54.025+0000] {processor.py:914} INFO - Processing file /home/airflow/.local/lib/python3.12/site-packages/airflow/example_dags/example_subdag_operator.py for tasks to queue
[2024-11-27T07:55:54.032+0000] {logging_mixin.py:190} INFO - [2024-11-27T07:55:54.031+0000] {dagbag.py:588} INFO - Filling up the DagBag from /home/airflow/.local/lib/python3.12/site-packages/airflow/example_dags/example_subdag_operator.py
[2024-11-27T07:55:54.097+0000] {processor.py:925} INFO - DAG(s) 'example_subdag_operator.section-1', 'example_subdag_operator.section-2', 'example_subdag_operator' retrieved from /home/airflow/.local/lib/python3.12/site-packages/airflow/example_dags/example_subdag_operator.py
[2024-11-27T07:55:54.129+0000] {logging_mixin.py:190} INFO - [2024-11-27T07:55:54.128+0000] {dag.py:3239} INFO - Sync 3 DAGs
[2024-11-27T07:55:54.207+0000] {logging_mixin.py:190} INFO - [2024-11-27T07:55:54.207+0000] {dag.py:4180} INFO - Setting next_dagrun for example_subdag_operator to 2022-01-01 00:00:00+00:00, run_after=2022-01-01 00:00:00+00:00
[2024-11-27T07:55:54.220+0000] {logging_mixin.py:190} INFO - [2024-11-27T07:55:54.219+0000] {dag.py:4180} INFO - Setting next_dagrun for example_subdag_operator.section-1 to None, run_after=None
[2024-11-27T07:55:54.224+0000] {logging_mixin.py:190} INFO - [2024-11-27T07:55:54.224+0000] {dag.py:4180} INFO - Setting next_dagrun for example_subdag_operator.section-2 to None, run_after=None
[2024-11-27T07:55:54.241+0000] {logging_mixin.py:190} INFO - [2024-11-27T07:55:54.241+0000] {dag.py:3239} INFO - Sync 2 DAGs
[2024-11-27T07:55:54.257+0000] {logging_mixin.py:190} INFO - [2024-11-27T07:55:54.257+0000] {dag.py:4180} INFO - Setting next_dagrun for example_subdag_operator.section-1 to None, run_after=None
[2024-11-27T07:55:54.259+0000] {logging_mixin.py:190} INFO - [2024-11-27T07:55:54.259+0000] {dag.py:4180} INFO - Setting next_dagrun for example_subdag_operator.section-2 to None, run_after=None
[2024-11-27T07:55:54.295+0000] {processor.py:208} INFO - Processing /home/airflow/.local/lib/python3.12/site-packages/airflow/example_dags/example_subdag_operator.py took 0.290 seconds
[2024-11-27T07:56:26.850+0000] {processor.py:186} INFO - Started process (PID=5066) to work on /home/airflow/.local/lib/python3.12/site-packages/airflow/example_dags/example_subdag_operator.py
[2024-11-27T07:56:26.854+0000] {processor.py:914} INFO - Processing file /home/airflow/.local/lib/python3.12/site-packages/airflow/example_dags/example_subdag_operator.py for tasks to queue
[2024-11-27T07:56:26.862+0000] {logging_mixin.py:190} INFO - [2024-11-27T07:56:26.862+0000] {dagbag.py:588} INFO - Filling up the DagBag from /home/airflow/.local/lib/python3.12/site-packages/airflow/example_dags/example_subdag_operator.py
[2024-11-27T07:56:26.941+0000] {processor.py:925} INFO - DAG(s) 'example_subdag_operator.section-1', 'example_subdag_operator.section-2', 'example_subdag_operator' retrieved from /home/airflow/.local/lib/python3.12/site-packages/airflow/example_dags/example_subdag_operator.py
[2024-11-27T07:56:26.984+0000] {logging_mixin.py:190} INFO - [2024-11-27T07:56:26.984+0000] {dag.py:3239} INFO - Sync 3 DAGs
[2024-11-27T07:56:27.048+0000] {logging_mixin.py:190} INFO - [2024-11-27T07:56:27.048+0000] {dag.py:4180} INFO - Setting next_dagrun for example_subdag_operator to 2022-01-01 00:00:00+00:00, run_after=2022-01-01 00:00:00+00:00
[2024-11-27T07:56:27.060+0000] {logging_mixin.py:190} INFO - [2024-11-27T07:56:27.059+0000] {dag.py:4180} INFO - Setting next_dagrun for example_subdag_operator.section-1 to None, run_after=None
[2024-11-27T07:56:27.064+0000] {logging_mixin.py:190} INFO - [2024-11-27T07:56:27.063+0000] {dag.py:4180} INFO - Setting next_dagrun for example_subdag_operator.section-2 to None, run_after=None
[2024-11-27T07:56:27.084+0000] {logging_mixin.py:190} INFO - [2024-11-27T07:56:27.083+0000] {dag.py:3239} INFO - Sync 2 DAGs
[2024-11-27T07:56:27.098+0000] {logging_mixin.py:190} INFO - [2024-11-27T07:56:27.097+0000] {dag.py:4180} INFO - Setting next_dagrun for example_subdag_operator.section-1 to None, run_after=None
[2024-11-27T07:56:27.099+0000] {logging_mixin.py:190} INFO - [2024-11-27T07:56:27.098+0000] {dag.py:4180} INFO - Setting next_dagrun for example_subdag_operator.section-2 to None, run_after=None
[2024-11-27T07:56:27.136+0000] {processor.py:208} INFO - Processing /home/airflow/.local/lib/python3.12/site-packages/airflow/example_dags/example_subdag_operator.py took 0.302 seconds
[2024-11-27T07:56:58.572+0000] {processor.py:186} INFO - Started process (PID=5357) to work on /home/airflow/.local/lib/python3.12/site-packages/airflow/example_dags/example_subdag_operator.py
[2024-11-27T07:56:58.574+0000] {processor.py:914} INFO - Processing file /home/airflow/.local/lib/python3.12/site-packages/airflow/example_dags/example_subdag_operator.py for tasks to queue
[2024-11-27T07:56:58.579+0000] {logging_mixin.py:190} INFO - [2024-11-27T07:56:58.577+0000] {dagbag.py:588} INFO - Filling up the DagBag from /home/airflow/.local/lib/python3.12/site-packages/airflow/example_dags/example_subdag_operator.py
[2024-11-27T07:56:58.636+0000] {processor.py:925} INFO - DAG(s) 'example_subdag_operator.section-1', 'example_subdag_operator.section-2', 'example_subdag_operator' retrieved from /home/airflow/.local/lib/python3.12/site-packages/airflow/example_dags/example_subdag_operator.py
[2024-11-27T07:56:58.667+0000] {logging_mixin.py:190} INFO - [2024-11-27T07:56:58.667+0000] {dag.py:3239} INFO - Sync 3 DAGs
[2024-11-27T07:56:58.731+0000] {logging_mixin.py:190} INFO - [2024-11-27T07:56:58.730+0000] {dag.py:4180} INFO - Setting next_dagrun for example_subdag_operator to 2022-01-01 00:00:00+00:00, run_after=2022-01-01 00:00:00+00:00
[2024-11-27T07:56:58.742+0000] {logging_mixin.py:190} INFO - [2024-11-27T07:56:58.742+0000] {dag.py:4180} INFO - Setting next_dagrun for example_subdag_operator.section-1 to None, run_after=None
[2024-11-27T07:56:58.748+0000] {logging_mixin.py:190} INFO - [2024-11-27T07:56:58.747+0000] {dag.py:4180} INFO - Setting next_dagrun for example_subdag_operator.section-2 to None, run_after=None
[2024-11-27T07:56:58.768+0000] {logging_mixin.py:190} INFO - [2024-11-27T07:56:58.768+0000] {dag.py:3239} INFO - Sync 2 DAGs
[2024-11-27T07:56:58.783+0000] {logging_mixin.py:190} INFO - [2024-11-27T07:56:58.782+0000] {dag.py:4180} INFO - Setting next_dagrun for example_subdag_operator.section-1 to None, run_after=None
[2024-11-27T07:56:58.785+0000] {logging_mixin.py:190} INFO - [2024-11-27T07:56:58.784+0000] {dag.py:4180} INFO - Setting next_dagrun for example_subdag_operator.section-2 to None, run_after=None
[2024-11-27T07:56:58.814+0000] {processor.py:208} INFO - Processing /home/airflow/.local/lib/python3.12/site-packages/airflow/example_dags/example_subdag_operator.py took 0.253 seconds
[2024-11-27T07:57:30.815+0000] {processor.py:186} INFO - Started process (PID=5648) to work on /home/airflow/.local/lib/python3.12/site-packages/airflow/example_dags/example_subdag_operator.py
[2024-11-27T07:57:30.817+0000] {processor.py:914} INFO - Processing file /home/airflow/.local/lib/python3.12/site-packages/airflow/example_dags/example_subdag_operator.py for tasks to queue
[2024-11-27T07:57:30.821+0000] {logging_mixin.py:190} INFO - [2024-11-27T07:57:30.821+0000] {dagbag.py:588} INFO - Filling up the DagBag from /home/airflow/.local/lib/python3.12/site-packages/airflow/example_dags/example_subdag_operator.py
[2024-11-27T07:57:30.871+0000] {processor.py:925} INFO - DAG(s) 'example_subdag_operator.section-1', 'example_subdag_operator.section-2', 'example_subdag_operator' retrieved from /home/airflow/.local/lib/python3.12/site-packages/airflow/example_dags/example_subdag_operator.py
[2024-11-27T07:57:30.910+0000] {logging_mixin.py:190} INFO - [2024-11-27T07:57:30.909+0000] {dag.py:3239} INFO - Sync 3 DAGs
[2024-11-27T07:57:30.989+0000] {logging_mixin.py:190} INFO - [2024-11-27T07:57:30.989+0000] {dag.py:4180} INFO - Setting next_dagrun for example_subdag_operator to 2022-01-01 00:00:00+00:00, run_after=2022-01-01 00:00:00+00:00
[2024-11-27T07:57:30.999+0000] {logging_mixin.py:190} INFO - [2024-11-27T07:57:30.999+0000] {dag.py:4180} INFO - Setting next_dagrun for example_subdag_operator.section-1 to None, run_after=None
[2024-11-27T07:57:31.005+0000] {logging_mixin.py:190} INFO - [2024-11-27T07:57:31.004+0000] {dag.py:4180} INFO - Setting next_dagrun for example_subdag_operator.section-2 to None, run_after=None
[2024-11-27T07:57:31.023+0000] {logging_mixin.py:190} INFO - [2024-11-27T07:57:31.023+0000] {dag.py:3239} INFO - Sync 2 DAGs
[2024-11-27T07:57:31.037+0000] {logging_mixin.py:190} INFO - [2024-11-27T07:57:31.037+0000] {dag.py:4180} INFO - Setting next_dagrun for example_subdag_operator.section-1 to None, run_after=None
[2024-11-27T07:57:31.040+0000] {logging_mixin.py:190} INFO - [2024-11-27T07:57:31.039+0000] {dag.py:4180} INFO - Setting next_dagrun for example_subdag_operator.section-2 to None, run_after=None
[2024-11-27T07:57:31.063+0000] {processor.py:208} INFO - Processing /home/airflow/.local/lib/python3.12/site-packages/airflow/example_dags/example_subdag_operator.py took 0.257 seconds
[2024-11-27T07:58:02.297+0000] {processor.py:186} INFO - Started process (PID=5955) to work on /home/airflow/.local/lib/python3.12/site-packages/airflow/example_dags/example_subdag_operator.py
[2024-11-27T07:58:02.298+0000] {processor.py:914} INFO - Processing file /home/airflow/.local/lib/python3.12/site-packages/airflow/example_dags/example_subdag_operator.py for tasks to queue
[2024-11-27T07:58:02.301+0000] {logging_mixin.py:190} INFO - [2024-11-27T07:58:02.301+0000] {dagbag.py:588} INFO - Filling up the DagBag from /home/airflow/.local/lib/python3.12/site-packages/airflow/example_dags/example_subdag_operator.py
[2024-11-27T07:58:02.350+0000] {processor.py:925} INFO - DAG(s) 'example_subdag_operator.section-1', 'example_subdag_operator.section-2', 'example_subdag_operator' retrieved from /home/airflow/.local/lib/python3.12/site-packages/airflow/example_dags/example_subdag_operator.py
[2024-11-27T07:58:02.377+0000] {logging_mixin.py:190} INFO - [2024-11-27T07:58:02.376+0000] {dag.py:3239} INFO - Sync 3 DAGs
[2024-11-27T07:58:02.418+0000] {logging_mixin.py:190} INFO - [2024-11-27T07:58:02.417+0000] {dag.py:4180} INFO - Setting next_dagrun for example_subdag_operator to 2022-01-01 00:00:00+00:00, run_after=2022-01-01 00:00:00+00:00
[2024-11-27T07:58:02.429+0000] {logging_mixin.py:190} INFO - [2024-11-27T07:58:02.429+0000] {dag.py:4180} INFO - Setting next_dagrun for example_subdag_operator.section-1 to None, run_after=None
[2024-11-27T07:58:02.433+0000] {logging_mixin.py:190} INFO - [2024-11-27T07:58:02.433+0000] {dag.py:4180} INFO - Setting next_dagrun for example_subdag_operator.section-2 to None, run_after=None
[2024-11-27T07:58:02.451+0000] {logging_mixin.py:190} INFO - [2024-11-27T07:58:02.451+0000] {dag.py:3239} INFO - Sync 2 DAGs
[2024-11-27T07:58:02.462+0000] {logging_mixin.py:190} INFO - [2024-11-27T07:58:02.461+0000] {dag.py:4180} INFO - Setting next_dagrun for example_subdag_operator.section-1 to None, run_after=None
[2024-11-27T07:58:02.463+0000] {logging_mixin.py:190} INFO - [2024-11-27T07:58:02.462+0000] {dag.py:4180} INFO - Setting next_dagrun for example_subdag_operator.section-2 to None, run_after=None
[2024-11-27T07:58:02.486+0000] {processor.py:208} INFO - Processing /home/airflow/.local/lib/python3.12/site-packages/airflow/example_dags/example_subdag_operator.py took 0.198 seconds
[2024-11-27T07:58:35.135+0000] {processor.py:186} INFO - Started process (PID=6251) to work on /home/airflow/.local/lib/python3.12/site-packages/airflow/example_dags/example_subdag_operator.py
[2024-11-27T07:58:35.137+0000] {processor.py:914} INFO - Processing file /home/airflow/.local/lib/python3.12/site-packages/airflow/example_dags/example_subdag_operator.py for tasks to queue
[2024-11-27T07:58:35.141+0000] {logging_mixin.py:190} INFO - [2024-11-27T07:58:35.141+0000] {dagbag.py:588} INFO - Filling up the DagBag from /home/airflow/.local/lib/python3.12/site-packages/airflow/example_dags/example_subdag_operator.py
[2024-11-27T07:58:35.185+0000] {processor.py:925} INFO - DAG(s) 'example_subdag_operator.section-1', 'example_subdag_operator.section-2', 'example_subdag_operator' retrieved from /home/airflow/.local/lib/python3.12/site-packages/airflow/example_dags/example_subdag_operator.py
[2024-11-27T07:58:35.212+0000] {logging_mixin.py:190} INFO - [2024-11-27T07:58:35.211+0000] {dag.py:3239} INFO - Sync 3 DAGs
[2024-11-27T07:58:35.255+0000] {logging_mixin.py:190} INFO - [2024-11-27T07:58:35.255+0000] {dag.py:4180} INFO - Setting next_dagrun for example_subdag_operator to 2022-01-01 00:00:00+00:00, run_after=2022-01-01 00:00:00+00:00
[2024-11-27T07:58:35.263+0000] {logging_mixin.py:190} INFO - [2024-11-27T07:58:35.263+0000] {dag.py:4180} INFO - Setting next_dagrun for example_subdag_operator.section-1 to None, run_after=None
[2024-11-27T07:58:35.268+0000] {logging_mixin.py:190} INFO - [2024-11-27T07:58:35.268+0000] {dag.py:4180} INFO - Setting next_dagrun for example_subdag_operator.section-2 to None, run_after=None
[2024-11-27T07:58:35.280+0000] {logging_mixin.py:190} INFO - [2024-11-27T07:58:35.280+0000] {dag.py:3239} INFO - Sync 2 DAGs
[2024-11-27T07:58:35.291+0000] {logging_mixin.py:190} INFO - [2024-11-27T07:58:35.291+0000] {dag.py:4180} INFO - Setting next_dagrun for example_subdag_operator.section-1 to None, run_after=None
[2024-11-27T07:58:35.293+0000] {logging_mixin.py:190} INFO - [2024-11-27T07:58:35.292+0000] {dag.py:4180} INFO - Setting next_dagrun for example_subdag_operator.section-2 to None, run_after=None
[2024-11-27T07:58:35.316+0000] {processor.py:208} INFO - Processing /home/airflow/.local/lib/python3.12/site-packages/airflow/example_dags/example_subdag_operator.py took 0.191 seconds
[2024-11-27T07:59:08.519+0000] {processor.py:186} INFO - Started process (PID=6542) to work on /home/airflow/.local/lib/python3.12/site-packages/airflow/example_dags/example_subdag_operator.py
[2024-11-27T07:59:08.521+0000] {processor.py:914} INFO - Processing file /home/airflow/.local/lib/python3.12/site-packages/airflow/example_dags/example_subdag_operator.py for tasks to queue
[2024-11-27T07:59:08.526+0000] {logging_mixin.py:190} INFO - [2024-11-27T07:59:08.525+0000] {dagbag.py:588} INFO - Filling up the DagBag from /home/airflow/.local/lib/python3.12/site-packages/airflow/example_dags/example_subdag_operator.py
[2024-11-27T07:59:08.595+0000] {processor.py:925} INFO - DAG(s) 'example_subdag_operator.section-1', 'example_subdag_operator.section-2', 'example_subdag_operator' retrieved from /home/airflow/.local/lib/python3.12/site-packages/airflow/example_dags/example_subdag_operator.py
[2024-11-27T07:59:08.633+0000] {logging_mixin.py:190} INFO - [2024-11-27T07:59:08.632+0000] {dag.py:3239} INFO - Sync 3 DAGs
[2024-11-27T07:59:08.686+0000] {logging_mixin.py:190} INFO - [2024-11-27T07:59:08.685+0000] {dag.py:4180} INFO - Setting next_dagrun for example_subdag_operator to 2022-01-01 00:00:00+00:00, run_after=2022-01-01 00:00:00+00:00
[2024-11-27T07:59:08.700+0000] {logging_mixin.py:190} INFO - [2024-11-27T07:59:08.700+0000] {dag.py:4180} INFO - Setting next_dagrun for example_subdag_operator.section-1 to None, run_after=None
[2024-11-27T07:59:08.704+0000] {logging_mixin.py:190} INFO - [2024-11-27T07:59:08.704+0000] {dag.py:4180} INFO - Setting next_dagrun for example_subdag_operator.section-2 to None, run_after=None
[2024-11-27T07:59:08.726+0000] {logging_mixin.py:190} INFO - [2024-11-27T07:59:08.725+0000] {dag.py:3239} INFO - Sync 2 DAGs
[2024-11-27T07:59:08.745+0000] {logging_mixin.py:190} INFO - [2024-11-27T07:59:08.744+0000] {dag.py:4180} INFO - Setting next_dagrun for example_subdag_operator.section-1 to None, run_after=None
[2024-11-27T07:59:08.746+0000] {logging_mixin.py:190} INFO - [2024-11-27T07:59:08.746+0000] {dag.py:4180} INFO - Setting next_dagrun for example_subdag_operator.section-2 to None, run_after=None
[2024-11-27T07:59:08.778+0000] {processor.py:208} INFO - Processing /home/airflow/.local/lib/python3.12/site-packages/airflow/example_dags/example_subdag_operator.py took 0.277 seconds
[2024-11-27T07:59:38.902+0000] {processor.py:186} INFO - Started process (PID=6833) to work on /home/airflow/.local/lib/python3.12/site-packages/airflow/example_dags/example_subdag_operator.py
[2024-11-27T07:59:38.903+0000] {processor.py:914} INFO - Processing file /home/airflow/.local/lib/python3.12/site-packages/airflow/example_dags/example_subdag_operator.py for tasks to queue
[2024-11-27T07:59:38.908+0000] {logging_mixin.py:190} INFO - [2024-11-27T07:59:38.907+0000] {dagbag.py:588} INFO - Filling up the DagBag from /home/airflow/.local/lib/python3.12/site-packages/airflow/example_dags/example_subdag_operator.py
[2024-11-27T07:59:38.968+0000] {processor.py:925} INFO - DAG(s) 'example_subdag_operator.section-1', 'example_subdag_operator.section-2', 'example_subdag_operator' retrieved from /home/airflow/.local/lib/python3.12/site-packages/airflow/example_dags/example_subdag_operator.py
[2024-11-27T07:59:39.054+0000] {logging_mixin.py:190} INFO - [2024-11-27T07:59:39.053+0000] {dag.py:3239} INFO - Sync 3 DAGs
[2024-11-27T07:59:39.153+0000] {logging_mixin.py:190} INFO - [2024-11-27T07:59:39.152+0000] {dag.py:4180} INFO - Setting next_dagrun for example_subdag_operator to 2022-01-01 00:00:00+00:00, run_after=2022-01-01 00:00:00+00:00
[2024-11-27T07:59:39.167+0000] {logging_mixin.py:190} INFO - [2024-11-27T07:59:39.166+0000] {dag.py:4180} INFO - Setting next_dagrun for example_subdag_operator.section-1 to None, run_after=None
[2024-11-27T07:59:39.172+0000] {logging_mixin.py:190} INFO - [2024-11-27T07:59:39.171+0000] {dag.py:4180} INFO - Setting next_dagrun for example_subdag_operator.section-2 to None, run_after=None
[2024-11-27T07:59:39.194+0000] {logging_mixin.py:190} INFO - [2024-11-27T07:59:39.194+0000] {dag.py:3239} INFO - Sync 2 DAGs
[2024-11-27T07:59:39.204+0000] {logging_mixin.py:190} INFO - [2024-11-27T07:59:39.203+0000] {dag.py:4180} INFO - Setting next_dagrun for example_subdag_operator.section-1 to None, run_after=None
[2024-11-27T07:59:39.205+0000] {logging_mixin.py:190} INFO - [2024-11-27T07:59:39.205+0000] {dag.py:4180} INFO - Setting next_dagrun for example_subdag_operator.section-2 to None, run_after=None
[2024-11-27T07:59:39.228+0000] {processor.py:208} INFO - Processing /home/airflow/.local/lib/python3.12/site-packages/airflow/example_dags/example_subdag_operator.py took 0.335 seconds
[2024-11-27T08:00:11.031+0000] {processor.py:186} INFO - Started process (PID=7140) to work on /home/airflow/.local/lib/python3.12/site-packages/airflow/example_dags/example_subdag_operator.py
[2024-11-27T08:00:11.033+0000] {processor.py:914} INFO - Processing file /home/airflow/.local/lib/python3.12/site-packages/airflow/example_dags/example_subdag_operator.py for tasks to queue
[2024-11-27T08:00:11.038+0000] {logging_mixin.py:190} INFO - [2024-11-27T08:00:11.037+0000] {dagbag.py:588} INFO - Filling up the DagBag from /home/airflow/.local/lib/python3.12/site-packages/airflow/example_dags/example_subdag_operator.py
[2024-11-27T08:00:11.096+0000] {processor.py:925} INFO - DAG(s) 'example_subdag_operator.section-1', 'example_subdag_operator.section-2', 'example_subdag_operator' retrieved from /home/airflow/.local/lib/python3.12/site-packages/airflow/example_dags/example_subdag_operator.py
[2024-11-27T08:00:11.125+0000] {logging_mixin.py:190} INFO - [2024-11-27T08:00:11.125+0000] {dag.py:3239} INFO - Sync 3 DAGs
[2024-11-27T08:00:11.175+0000] {logging_mixin.py:190} INFO - [2024-11-27T08:00:11.175+0000] {dag.py:4180} INFO - Setting next_dagrun for example_subdag_operator to 2022-01-01 00:00:00+00:00, run_after=2022-01-01 00:00:00+00:00
[2024-11-27T08:00:11.182+0000] {logging_mixin.py:190} INFO - [2024-11-27T08:00:11.182+0000] {dag.py:4180} INFO - Setting next_dagrun for example_subdag_operator.section-1 to None, run_after=None
[2024-11-27T08:00:11.186+0000] {logging_mixin.py:190} INFO - [2024-11-27T08:00:11.186+0000] {dag.py:4180} INFO - Setting next_dagrun for example_subdag_operator.section-2 to None, run_after=None
[2024-11-27T08:00:11.199+0000] {logging_mixin.py:190} INFO - [2024-11-27T08:00:11.199+0000] {dag.py:3239} INFO - Sync 2 DAGs
[2024-11-27T08:00:11.209+0000] {logging_mixin.py:190} INFO - [2024-11-27T08:00:11.209+0000] {dag.py:4180} INFO - Setting next_dagrun for example_subdag_operator.section-1 to None, run_after=None
[2024-11-27T08:00:11.210+0000] {logging_mixin.py:190} INFO - [2024-11-27T08:00:11.210+0000] {dag.py:4180} INFO - Setting next_dagrun for example_subdag_operator.section-2 to None, run_after=None
[2024-11-27T08:00:11.232+0000] {processor.py:208} INFO - Processing /home/airflow/.local/lib/python3.12/site-packages/airflow/example_dags/example_subdag_operator.py took 0.213 seconds
[2024-11-27T08:00:43.234+0000] {processor.py:186} INFO - Started process (PID=7456) to work on /home/airflow/.local/lib/python3.12/site-packages/airflow/example_dags/example_subdag_operator.py
[2024-11-27T08:00:43.235+0000] {processor.py:914} INFO - Processing file /home/airflow/.local/lib/python3.12/site-packages/airflow/example_dags/example_subdag_operator.py for tasks to queue
[2024-11-27T08:00:43.239+0000] {logging_mixin.py:190} INFO - [2024-11-27T08:00:43.238+0000] {dagbag.py:588} INFO - Filling up the DagBag from /home/airflow/.local/lib/python3.12/site-packages/airflow/example_dags/example_subdag_operator.py
[2024-11-27T08:00:43.284+0000] {processor.py:925} INFO - DAG(s) 'example_subdag_operator.section-1', 'example_subdag_operator.section-2', 'example_subdag_operator' retrieved from /home/airflow/.local/lib/python3.12/site-packages/airflow/example_dags/example_subdag_operator.py
[2024-11-27T08:00:43.321+0000] {logging_mixin.py:190} INFO - [2024-11-27T08:00:43.321+0000] {dag.py:3239} INFO - Sync 3 DAGs
[2024-11-27T08:00:43.367+0000] {logging_mixin.py:190} INFO - [2024-11-27T08:00:43.367+0000] {dag.py:4180} INFO - Setting next_dagrun for example_subdag_operator to 2022-01-01 00:00:00+00:00, run_after=2022-01-01 00:00:00+00:00
[2024-11-27T08:00:43.375+0000] {logging_mixin.py:190} INFO - [2024-11-27T08:00:43.374+0000] {dag.py:4180} INFO - Setting next_dagrun for example_subdag_operator.section-1 to None, run_after=None
[2024-11-27T08:00:43.379+0000] {logging_mixin.py:190} INFO - [2024-11-27T08:00:43.378+0000] {dag.py:4180} INFO - Setting next_dagrun for example_subdag_operator.section-2 to None, run_after=None
[2024-11-27T08:00:43.393+0000] {logging_mixin.py:190} INFO - [2024-11-27T08:00:43.392+0000] {dag.py:3239} INFO - Sync 2 DAGs
[2024-11-27T08:00:43.403+0000] {logging_mixin.py:190} INFO - [2024-11-27T08:00:43.403+0000] {dag.py:4180} INFO - Setting next_dagrun for example_subdag_operator.section-1 to None, run_after=None
[2024-11-27T08:00:43.404+0000] {logging_mixin.py:190} INFO - [2024-11-27T08:00:43.404+0000] {dag.py:4180} INFO - Setting next_dagrun for example_subdag_operator.section-2 to None, run_after=None
[2024-11-27T08:00:43.425+0000] {processor.py:208} INFO - Processing /home/airflow/.local/lib/python3.12/site-packages/airflow/example_dags/example_subdag_operator.py took 0.201 seconds
[2024-11-27T08:01:16.630+0000] {processor.py:186} INFO - Started process (PID=7772) to work on /home/airflow/.local/lib/python3.12/site-packages/airflow/example_dags/example_subdag_operator.py
[2024-11-27T08:01:16.632+0000] {processor.py:914} INFO - Processing file /home/airflow/.local/lib/python3.12/site-packages/airflow/example_dags/example_subdag_operator.py for tasks to queue
[2024-11-27T08:01:16.636+0000] {logging_mixin.py:190} INFO - [2024-11-27T08:01:16.636+0000] {dagbag.py:588} INFO - Filling up the DagBag from /home/airflow/.local/lib/python3.12/site-packages/airflow/example_dags/example_subdag_operator.py
[2024-11-27T08:01:16.683+0000] {processor.py:925} INFO - DAG(s) 'example_subdag_operator.section-1', 'example_subdag_operator.section-2', 'example_subdag_operator' retrieved from /home/airflow/.local/lib/python3.12/site-packages/airflow/example_dags/example_subdag_operator.py
[2024-11-27T08:01:16.712+0000] {logging_mixin.py:190} INFO - [2024-11-27T08:01:16.711+0000] {dag.py:3239} INFO - Sync 3 DAGs
[2024-11-27T08:01:16.765+0000] {logging_mixin.py:190} INFO - [2024-11-27T08:01:16.764+0000] {dag.py:4180} INFO - Setting next_dagrun for example_subdag_operator to 2022-01-01 00:00:00+00:00, run_after=2022-01-01 00:00:00+00:00
[2024-11-27T08:01:16.775+0000] {logging_mixin.py:190} INFO - [2024-11-27T08:01:16.774+0000] {dag.py:4180} INFO - Setting next_dagrun for example_subdag_operator.section-1 to None, run_after=None
[2024-11-27T08:01:16.781+0000] {logging_mixin.py:190} INFO - [2024-11-27T08:01:16.781+0000] {dag.py:4180} INFO - Setting next_dagrun for example_subdag_operator.section-2 to None, run_after=None
[2024-11-27T08:01:16.795+0000] {logging_mixin.py:190} INFO - [2024-11-27T08:01:16.795+0000] {dag.py:3239} INFO - Sync 2 DAGs
[2024-11-27T08:01:16.809+0000] {logging_mixin.py:190} INFO - [2024-11-27T08:01:16.809+0000] {dag.py:4180} INFO - Setting next_dagrun for example_subdag_operator.section-1 to None, run_after=None
[2024-11-27T08:01:16.811+0000] {logging_mixin.py:190} INFO - [2024-11-27T08:01:16.810+0000] {dag.py:4180} INFO - Setting next_dagrun for example_subdag_operator.section-2 to None, run_after=None
[2024-11-27T08:01:16.831+0000] {processor.py:208} INFO - Processing /home/airflow/.local/lib/python3.12/site-packages/airflow/example_dags/example_subdag_operator.py took 0.214 seconds
[2024-11-27T08:01:49.359+0000] {processor.py:186} INFO - Started process (PID=8078) to work on /home/airflow/.local/lib/python3.12/site-packages/airflow/example_dags/example_subdag_operator.py
[2024-11-27T08:01:49.361+0000] {processor.py:914} INFO - Processing file /home/airflow/.local/lib/python3.12/site-packages/airflow/example_dags/example_subdag_operator.py for tasks to queue
[2024-11-27T08:01:49.365+0000] {logging_mixin.py:190} INFO - [2024-11-27T08:01:49.365+0000] {dagbag.py:588} INFO - Filling up the DagBag from /home/airflow/.local/lib/python3.12/site-packages/airflow/example_dags/example_subdag_operator.py
[2024-11-27T08:01:49.408+0000] {processor.py:925} INFO - DAG(s) 'example_subdag_operator.section-1', 'example_subdag_operator.section-2', 'example_subdag_operator' retrieved from /home/airflow/.local/lib/python3.12/site-packages/airflow/example_dags/example_subdag_operator.py
[2024-11-27T08:01:49.437+0000] {logging_mixin.py:190} INFO - [2024-11-27T08:01:49.437+0000] {dag.py:3239} INFO - Sync 3 DAGs
[2024-11-27T08:01:49.479+0000] {logging_mixin.py:190} INFO - [2024-11-27T08:01:49.479+0000] {dag.py:4180} INFO - Setting next_dagrun for example_subdag_operator to 2022-01-01 00:00:00+00:00, run_after=2022-01-01 00:00:00+00:00
[2024-11-27T08:01:49.486+0000] {logging_mixin.py:190} INFO - [2024-11-27T08:01:49.486+0000] {dag.py:4180} INFO - Setting next_dagrun for example_subdag_operator.section-1 to None, run_after=None
[2024-11-27T08:01:49.490+0000] {logging_mixin.py:190} INFO - [2024-11-27T08:01:49.490+0000] {dag.py:4180} INFO - Setting next_dagrun for example_subdag_operator.section-2 to None, run_after=None
[2024-11-27T08:01:49.504+0000] {logging_mixin.py:190} INFO - [2024-11-27T08:01:49.504+0000] {dag.py:3239} INFO - Sync 2 DAGs
[2024-11-27T08:01:49.517+0000] {logging_mixin.py:190} INFO - [2024-11-27T08:01:49.516+0000] {dag.py:4180} INFO - Setting next_dagrun for example_subdag_operator.section-1 to None, run_after=None
[2024-11-27T08:01:49.518+0000] {logging_mixin.py:190} INFO - [2024-11-27T08:01:49.518+0000] {dag.py:4180} INFO - Setting next_dagrun for example_subdag_operator.section-2 to None, run_after=None
[2024-11-27T08:01:49.542+0000] {processor.py:208} INFO - Processing /home/airflow/.local/lib/python3.12/site-packages/airflow/example_dags/example_subdag_operator.py took 0.194 seconds
[2024-11-27T08:02:29.187+0000] {processor.py:186} INFO - Started process (PID=8385) to work on /home/airflow/.local/lib/python3.12/site-packages/airflow/example_dags/example_subdag_operator.py
[2024-11-27T08:02:29.189+0000] {processor.py:914} INFO - Processing file /home/airflow/.local/lib/python3.12/site-packages/airflow/example_dags/example_subdag_operator.py for tasks to queue
[2024-11-27T08:02:29.193+0000] {logging_mixin.py:190} INFO - [2024-11-27T08:02:29.193+0000] {dagbag.py:588} INFO - Filling up the DagBag from /home/airflow/.local/lib/python3.12/site-packages/airflow/example_dags/example_subdag_operator.py
[2024-11-27T08:02:29.242+0000] {processor.py:925} INFO - DAG(s) 'example_subdag_operator.section-1', 'example_subdag_operator.section-2', 'example_subdag_operator' retrieved from /home/airflow/.local/lib/python3.12/site-packages/airflow/example_dags/example_subdag_operator.py
[2024-11-27T08:02:29.282+0000] {logging_mixin.py:190} INFO - [2024-11-27T08:02:29.281+0000] {dag.py:3239} INFO - Sync 3 DAGs
[2024-11-27T08:02:29.323+0000] {logging_mixin.py:190} INFO - [2024-11-27T08:02:29.323+0000] {dag.py:4180} INFO - Setting next_dagrun for example_subdag_operator to 2022-01-01 00:00:00+00:00, run_after=2022-01-01 00:00:00+00:00
[2024-11-27T08:02:29.330+0000] {logging_mixin.py:190} INFO - [2024-11-27T08:02:29.330+0000] {dag.py:4180} INFO - Setting next_dagrun for example_subdag_operator.section-1 to None, run_after=None
[2024-11-27T08:02:29.334+0000] {logging_mixin.py:190} INFO - [2024-11-27T08:02:29.333+0000] {dag.py:4180} INFO - Setting next_dagrun for example_subdag_operator.section-2 to None, run_after=None
[2024-11-27T08:02:29.349+0000] {logging_mixin.py:190} INFO - [2024-11-27T08:02:29.349+0000] {dag.py:3239} INFO - Sync 2 DAGs
[2024-11-27T08:02:29.361+0000] {logging_mixin.py:190} INFO - [2024-11-27T08:02:29.360+0000] {dag.py:4180} INFO - Setting next_dagrun for example_subdag_operator.section-1 to None, run_after=None
[2024-11-27T08:02:29.362+0000] {logging_mixin.py:190} INFO - [2024-11-27T08:02:29.362+0000] {dag.py:4180} INFO - Setting next_dagrun for example_subdag_operator.section-2 to None, run_after=None
[2024-11-27T08:02:29.391+0000] {processor.py:208} INFO - Processing /home/airflow/.local/lib/python3.12/site-packages/airflow/example_dags/example_subdag_operator.py took 0.214 seconds
[2024-11-27T08:02:59.600+0000] {processor.py:186} INFO - Started process (PID=8673) to work on /home/airflow/.local/lib/python3.12/site-packages/airflow/example_dags/example_subdag_operator.py
[2024-11-27T08:02:59.601+0000] {processor.py:914} INFO - Processing file /home/airflow/.local/lib/python3.12/site-packages/airflow/example_dags/example_subdag_operator.py for tasks to queue
[2024-11-27T08:02:59.604+0000] {logging_mixin.py:190} INFO - [2024-11-27T08:02:59.603+0000] {dagbag.py:588} INFO - Filling up the DagBag from /home/airflow/.local/lib/python3.12/site-packages/airflow/example_dags/example_subdag_operator.py
[2024-11-27T08:02:59.636+0000] {processor.py:925} INFO - DAG(s) 'example_subdag_operator.section-1', 'example_subdag_operator.section-2', 'example_subdag_operator' retrieved from /home/airflow/.local/lib/python3.12/site-packages/airflow/example_dags/example_subdag_operator.py
[2024-11-27T08:02:59.655+0000] {logging_mixin.py:190} INFO - [2024-11-27T08:02:59.654+0000] {dag.py:3239} INFO - Sync 3 DAGs
[2024-11-27T08:02:59.686+0000] {logging_mixin.py:190} INFO - [2024-11-27T08:02:59.686+0000] {dag.py:4180} INFO - Setting next_dagrun for example_subdag_operator to 2022-01-01 00:00:00+00:00, run_after=2022-01-01 00:00:00+00:00
[2024-11-27T08:02:59.691+0000] {logging_mixin.py:190} INFO - [2024-11-27T08:02:59.691+0000] {dag.py:4180} INFO - Setting next_dagrun for example_subdag_operator.section-1 to None, run_after=None
[2024-11-27T08:02:59.694+0000] {logging_mixin.py:190} INFO - [2024-11-27T08:02:59.693+0000] {dag.py:4180} INFO - Setting next_dagrun for example_subdag_operator.section-2 to None, run_after=None
[2024-11-27T08:02:59.708+0000] {logging_mixin.py:190} INFO - [2024-11-27T08:02:59.707+0000] {dag.py:3239} INFO - Sync 2 DAGs
[2024-11-27T08:02:59.719+0000] {logging_mixin.py:190} INFO - [2024-11-27T08:02:59.718+0000] {dag.py:4180} INFO - Setting next_dagrun for example_subdag_operator.section-1 to None, run_after=None
[2024-11-27T08:02:59.720+0000] {logging_mixin.py:190} INFO - [2024-11-27T08:02:59.719+0000] {dag.py:4180} INFO - Setting next_dagrun for example_subdag_operator.section-2 to None, run_after=None
[2024-11-27T08:02:59.742+0000] {processor.py:208} INFO - Processing /home/airflow/.local/lib/python3.12/site-packages/airflow/example_dags/example_subdag_operator.py took 0.149 seconds
[2024-11-27T08:03:30.806+0000] {processor.py:186} INFO - Started process (PID=8964) to work on /home/airflow/.local/lib/python3.12/site-packages/airflow/example_dags/example_subdag_operator.py
[2024-11-27T08:03:30.807+0000] {processor.py:914} INFO - Processing file /home/airflow/.local/lib/python3.12/site-packages/airflow/example_dags/example_subdag_operator.py for tasks to queue
[2024-11-27T08:03:30.811+0000] {logging_mixin.py:190} INFO - [2024-11-27T08:03:30.811+0000] {dagbag.py:588} INFO - Filling up the DagBag from /home/airflow/.local/lib/python3.12/site-packages/airflow/example_dags/example_subdag_operator.py
[2024-11-27T08:03:30.848+0000] {processor.py:925} INFO - DAG(s) 'example_subdag_operator.section-1', 'example_subdag_operator.section-2', 'example_subdag_operator' retrieved from /home/airflow/.local/lib/python3.12/site-packages/airflow/example_dags/example_subdag_operator.py
[2024-11-27T08:03:30.870+0000] {logging_mixin.py:190} INFO - [2024-11-27T08:03:30.870+0000] {dag.py:3239} INFO - Sync 3 DAGs
[2024-11-27T08:03:30.907+0000] {logging_mixin.py:190} INFO - [2024-11-27T08:03:30.906+0000] {dag.py:4180} INFO - Setting next_dagrun for example_subdag_operator to 2022-01-01 00:00:00+00:00, run_after=2022-01-01 00:00:00+00:00
[2024-11-27T08:03:30.913+0000] {logging_mixin.py:190} INFO - [2024-11-27T08:03:30.913+0000] {dag.py:4180} INFO - Setting next_dagrun for example_subdag_operator.section-1 to None, run_after=None
[2024-11-27T08:03:30.916+0000] {logging_mixin.py:190} INFO - [2024-11-27T08:03:30.916+0000] {dag.py:4180} INFO - Setting next_dagrun for example_subdag_operator.section-2 to None, run_after=None
[2024-11-27T08:03:30.927+0000] {logging_mixin.py:190} INFO - [2024-11-27T08:03:30.927+0000] {dag.py:3239} INFO - Sync 2 DAGs
[2024-11-27T08:03:30.936+0000] {logging_mixin.py:190} INFO - [2024-11-27T08:03:30.935+0000] {dag.py:4180} INFO - Setting next_dagrun for example_subdag_operator.section-1 to None, run_after=None
[2024-11-27T08:03:30.936+0000] {logging_mixin.py:190} INFO - [2024-11-27T08:03:30.936+0000] {dag.py:4180} INFO - Setting next_dagrun for example_subdag_operator.section-2 to None, run_after=None
[2024-11-27T08:03:30.956+0000] {processor.py:208} INFO - Processing /home/airflow/.local/lib/python3.12/site-packages/airflow/example_dags/example_subdag_operator.py took 0.157 seconds
[2024-11-27T08:04:01.537+0000] {processor.py:186} INFO - Started process (PID=9254) to work on /home/airflow/.local/lib/python3.12/site-packages/airflow/example_dags/example_subdag_operator.py
[2024-11-27T08:04:01.539+0000] {processor.py:914} INFO - Processing file /home/airflow/.local/lib/python3.12/site-packages/airflow/example_dags/example_subdag_operator.py for tasks to queue
[2024-11-27T08:04:01.542+0000] {logging_mixin.py:190} INFO - [2024-11-27T08:04:01.542+0000] {dagbag.py:588} INFO - Filling up the DagBag from /home/airflow/.local/lib/python3.12/site-packages/airflow/example_dags/example_subdag_operator.py
[2024-11-27T08:04:01.592+0000] {processor.py:925} INFO - DAG(s) 'example_subdag_operator.section-1', 'example_subdag_operator.section-2', 'example_subdag_operator' retrieved from /home/airflow/.local/lib/python3.12/site-packages/airflow/example_dags/example_subdag_operator.py
[2024-11-27T08:04:01.621+0000] {logging_mixin.py:190} INFO - [2024-11-27T08:04:01.620+0000] {dag.py:3239} INFO - Sync 3 DAGs
[2024-11-27T08:04:01.659+0000] {logging_mixin.py:190} INFO - [2024-11-27T08:04:01.659+0000] {dag.py:4180} INFO - Setting next_dagrun for example_subdag_operator to 2022-01-01 00:00:00+00:00, run_after=2022-01-01 00:00:00+00:00
[2024-11-27T08:04:01.665+0000] {logging_mixin.py:190} INFO - [2024-11-27T08:04:01.665+0000] {dag.py:4180} INFO - Setting next_dagrun for example_subdag_operator.section-1 to None, run_after=None
[2024-11-27T08:04:01.669+0000] {logging_mixin.py:190} INFO - [2024-11-27T08:04:01.668+0000] {dag.py:4180} INFO - Setting next_dagrun for example_subdag_operator.section-2 to None, run_after=None
[2024-11-27T08:04:01.682+0000] {logging_mixin.py:190} INFO - [2024-11-27T08:04:01.681+0000] {dag.py:3239} INFO - Sync 2 DAGs
[2024-11-27T08:04:01.693+0000] {logging_mixin.py:190} INFO - [2024-11-27T08:04:01.692+0000] {dag.py:4180} INFO - Setting next_dagrun for example_subdag_operator.section-1 to None, run_after=None
[2024-11-27T08:04:01.694+0000] {logging_mixin.py:190} INFO - [2024-11-27T08:04:01.694+0000] {dag.py:4180} INFO - Setting next_dagrun for example_subdag_operator.section-2 to None, run_after=None
[2024-11-27T08:04:01.727+0000] {processor.py:208} INFO - Processing /home/airflow/.local/lib/python3.12/site-packages/airflow/example_dags/example_subdag_operator.py took 0.202 seconds
[2024-11-27T08:04:32.399+0000] {processor.py:186} INFO - Started process (PID=9546) to work on /home/airflow/.local/lib/python3.12/site-packages/airflow/example_dags/example_subdag_operator.py
[2024-11-27T08:04:32.401+0000] {processor.py:914} INFO - Processing file /home/airflow/.local/lib/python3.12/site-packages/airflow/example_dags/example_subdag_operator.py for tasks to queue
[2024-11-27T08:04:32.405+0000] {logging_mixin.py:190} INFO - [2024-11-27T08:04:32.404+0000] {dagbag.py:588} INFO - Filling up the DagBag from /home/airflow/.local/lib/python3.12/site-packages/airflow/example_dags/example_subdag_operator.py
[2024-11-27T08:04:32.443+0000] {processor.py:925} INFO - DAG(s) 'example_subdag_operator.section-1', 'example_subdag_operator.section-2', 'example_subdag_operator' retrieved from /home/airflow/.local/lib/python3.12/site-packages/airflow/example_dags/example_subdag_operator.py
[2024-11-27T08:04:32.467+0000] {logging_mixin.py:190} INFO - [2024-11-27T08:04:32.466+0000] {dag.py:3239} INFO - Sync 3 DAGs
[2024-11-27T08:04:32.509+0000] {logging_mixin.py:190} INFO - [2024-11-27T08:04:32.509+0000] {dag.py:4180} INFO - Setting next_dagrun for example_subdag_operator to 2022-01-01 00:00:00+00:00, run_after=2022-01-01 00:00:00+00:00
[2024-11-27T08:04:32.516+0000] {logging_mixin.py:190} INFO - [2024-11-27T08:04:32.516+0000] {dag.py:4180} INFO - Setting next_dagrun for example_subdag_operator.section-1 to None, run_after=None
[2024-11-27T08:04:32.523+0000] {logging_mixin.py:190} INFO - [2024-11-27T08:04:32.522+0000] {dag.py:4180} INFO - Setting next_dagrun for example_subdag_operator.section-2 to None, run_after=None
[2024-11-27T08:04:32.535+0000] {logging_mixin.py:190} INFO - [2024-11-27T08:04:32.535+0000] {dag.py:3239} INFO - Sync 2 DAGs
[2024-11-27T08:04:32.545+0000] {logging_mixin.py:190} INFO - [2024-11-27T08:04:32.545+0000] {dag.py:4180} INFO - Setting next_dagrun for example_subdag_operator.section-1 to None, run_after=None
[2024-11-27T08:04:32.546+0000] {logging_mixin.py:190} INFO - [2024-11-27T08:04:32.546+0000] {dag.py:4180} INFO - Setting next_dagrun for example_subdag_operator.section-2 to None, run_after=None
[2024-11-27T08:04:32.566+0000] {processor.py:208} INFO - Processing /home/airflow/.local/lib/python3.12/site-packages/airflow/example_dags/example_subdag_operator.py took 0.178 seconds
[2024-11-27T08:06:10.747+0000] {processor.py:186} INFO - Started process (PID=402) to work on /home/airflow/.local/lib/python3.12/site-packages/airflow/example_dags/example_subdag_operator.py
[2024-11-27T08:06:10.748+0000] {processor.py:914} INFO - Processing file /home/airflow/.local/lib/python3.12/site-packages/airflow/example_dags/example_subdag_operator.py for tasks to queue
[2024-11-27T08:06:10.754+0000] {logging_mixin.py:190} INFO - [2024-11-27T08:06:10.754+0000] {dagbag.py:588} INFO - Filling up the DagBag from /home/airflow/.local/lib/python3.12/site-packages/airflow/example_dags/example_subdag_operator.py
[2024-11-27T08:06:10.799+0000] {processor.py:925} INFO - DAG(s) 'example_subdag_operator.section-1', 'example_subdag_operator.section-2', 'example_subdag_operator' retrieved from /home/airflow/.local/lib/python3.12/site-packages/airflow/example_dags/example_subdag_operator.py
[2024-11-27T08:06:10.824+0000] {logging_mixin.py:190} INFO - [2024-11-27T08:06:10.824+0000] {dag.py:3239} INFO - Sync 3 DAGs
[2024-11-27T08:06:10.861+0000] {logging_mixin.py:190} INFO - [2024-11-27T08:06:10.861+0000] {dag.py:4180} INFO - Setting next_dagrun for example_subdag_operator to 2022-01-01 00:00:00+00:00, run_after=2022-01-01 00:00:00+00:00
[2024-11-27T08:06:10.869+0000] {logging_mixin.py:190} INFO - [2024-11-27T08:06:10.869+0000] {dag.py:4180} INFO - Setting next_dagrun for example_subdag_operator.section-1 to None, run_after=None
[2024-11-27T08:06:10.872+0000] {logging_mixin.py:190} INFO - [2024-11-27T08:06:10.872+0000] {dag.py:4180} INFO - Setting next_dagrun for example_subdag_operator.section-2 to None, run_after=None
[2024-11-27T08:06:10.883+0000] {logging_mixin.py:190} INFO - [2024-11-27T08:06:10.883+0000] {dag.py:3239} INFO - Sync 2 DAGs
[2024-11-27T08:06:10.893+0000] {logging_mixin.py:190} INFO - [2024-11-27T08:06:10.893+0000] {dag.py:4180} INFO - Setting next_dagrun for example_subdag_operator.section-1 to None, run_after=None
[2024-11-27T08:06:10.894+0000] {logging_mixin.py:190} INFO - [2024-11-27T08:06:10.894+0000] {dag.py:4180} INFO - Setting next_dagrun for example_subdag_operator.section-2 to None, run_after=None
[2024-11-27T08:06:10.916+0000] {processor.py:208} INFO - Processing /home/airflow/.local/lib/python3.12/site-packages/airflow/example_dags/example_subdag_operator.py took 0.180 seconds
[2024-11-27T08:06:45.080+0000] {processor.py:186} INFO - Started process (PID=693) to work on /home/airflow/.local/lib/python3.12/site-packages/airflow/example_dags/example_subdag_operator.py
[2024-11-27T08:06:45.084+0000] {processor.py:914} INFO - Processing file /home/airflow/.local/lib/python3.12/site-packages/airflow/example_dags/example_subdag_operator.py for tasks to queue
[2024-11-27T08:06:45.089+0000] {logging_mixin.py:190} INFO - [2024-11-27T08:06:45.088+0000] {dagbag.py:588} INFO - Filling up the DagBag from /home/airflow/.local/lib/python3.12/site-packages/airflow/example_dags/example_subdag_operator.py
[2024-11-27T08:06:45.148+0000] {processor.py:925} INFO - DAG(s) 'example_subdag_operator.section-1', 'example_subdag_operator.section-2', 'example_subdag_operator' retrieved from /home/airflow/.local/lib/python3.12/site-packages/airflow/example_dags/example_subdag_operator.py
[2024-11-27T08:06:45.245+0000] {logging_mixin.py:190} INFO - [2024-11-27T08:06:45.244+0000] {dag.py:3239} INFO - Sync 3 DAGs
[2024-11-27T08:06:45.295+0000] {logging_mixin.py:190} INFO - [2024-11-27T08:06:45.295+0000] {dag.py:4180} INFO - Setting next_dagrun for example_subdag_operator to 2022-01-01 00:00:00+00:00, run_after=2022-01-01 00:00:00+00:00
[2024-11-27T08:06:45.303+0000] {logging_mixin.py:190} INFO - [2024-11-27T08:06:45.302+0000] {dag.py:4180} INFO - Setting next_dagrun for example_subdag_operator.section-1 to None, run_after=None
[2024-11-27T08:06:45.306+0000] {logging_mixin.py:190} INFO - [2024-11-27T08:06:45.305+0000] {dag.py:4180} INFO - Setting next_dagrun for example_subdag_operator.section-2 to None, run_after=None
[2024-11-27T08:06:45.321+0000] {logging_mixin.py:190} INFO - [2024-11-27T08:06:45.320+0000] {dag.py:3239} INFO - Sync 2 DAGs
[2024-11-27T08:06:45.334+0000] {logging_mixin.py:190} INFO - [2024-11-27T08:06:45.333+0000] {dag.py:4180} INFO - Setting next_dagrun for example_subdag_operator.section-1 to None, run_after=None
[2024-11-27T08:06:45.335+0000] {logging_mixin.py:190} INFO - [2024-11-27T08:06:45.335+0000] {dag.py:4180} INFO - Setting next_dagrun for example_subdag_operator.section-2 to None, run_after=None
[2024-11-27T08:06:45.359+0000] {processor.py:208} INFO - Processing /home/airflow/.local/lib/python3.12/site-packages/airflow/example_dags/example_subdag_operator.py took 0.289 seconds
[2024-11-27T08:07:16.988+0000] {processor.py:186} INFO - Started process (PID=985) to work on /home/airflow/.local/lib/python3.12/site-packages/airflow/example_dags/example_subdag_operator.py
[2024-11-27T08:07:16.990+0000] {processor.py:914} INFO - Processing file /home/airflow/.local/lib/python3.12/site-packages/airflow/example_dags/example_subdag_operator.py for tasks to queue
[2024-11-27T08:07:16.994+0000] {logging_mixin.py:190} INFO - [2024-11-27T08:07:16.993+0000] {dagbag.py:588} INFO - Filling up the DagBag from /home/airflow/.local/lib/python3.12/site-packages/airflow/example_dags/example_subdag_operator.py
[2024-11-27T08:07:17.048+0000] {processor.py:925} INFO - DAG(s) 'example_subdag_operator.section-1', 'example_subdag_operator.section-2', 'example_subdag_operator' retrieved from /home/airflow/.local/lib/python3.12/site-packages/airflow/example_dags/example_subdag_operator.py
[2024-11-27T08:07:17.098+0000] {logging_mixin.py:190} INFO - [2024-11-27T08:07:17.096+0000] {dag.py:3239} INFO - Sync 3 DAGs
[2024-11-27T08:07:17.177+0000] {logging_mixin.py:190} INFO - [2024-11-27T08:07:17.177+0000] {dag.py:4180} INFO - Setting next_dagrun for example_subdag_operator to 2022-01-01 00:00:00+00:00, run_after=2022-01-01 00:00:00+00:00
[2024-11-27T08:07:17.188+0000] {logging_mixin.py:190} INFO - [2024-11-27T08:07:17.188+0000] {dag.py:4180} INFO - Setting next_dagrun for example_subdag_operator.section-1 to None, run_after=None
[2024-11-27T08:07:17.192+0000] {logging_mixin.py:190} INFO - [2024-11-27T08:07:17.192+0000] {dag.py:4180} INFO - Setting next_dagrun for example_subdag_operator.section-2 to None, run_after=None
[2024-11-27T08:07:17.210+0000] {logging_mixin.py:190} INFO - [2024-11-27T08:07:17.209+0000] {dag.py:3239} INFO - Sync 2 DAGs
[2024-11-27T08:07:17.225+0000] {logging_mixin.py:190} INFO - [2024-11-27T08:07:17.225+0000] {dag.py:4180} INFO - Setting next_dagrun for example_subdag_operator.section-1 to None, run_after=None
[2024-11-27T08:07:17.228+0000] {logging_mixin.py:190} INFO - [2024-11-27T08:07:17.227+0000] {dag.py:4180} INFO - Setting next_dagrun for example_subdag_operator.section-2 to None, run_after=None
[2024-11-27T08:07:17.255+0000] {processor.py:208} INFO - Processing /home/airflow/.local/lib/python3.12/site-packages/airflow/example_dags/example_subdag_operator.py took 0.276 seconds
[2024-11-27T08:07:48.555+0000] {processor.py:186} INFO - Started process (PID=1276) to work on /home/airflow/.local/lib/python3.12/site-packages/airflow/example_dags/example_subdag_operator.py
[2024-11-27T08:07:48.557+0000] {processor.py:914} INFO - Processing file /home/airflow/.local/lib/python3.12/site-packages/airflow/example_dags/example_subdag_operator.py for tasks to queue
[2024-11-27T08:07:48.562+0000] {logging_mixin.py:190} INFO - [2024-11-27T08:07:48.561+0000] {dagbag.py:588} INFO - Filling up the DagBag from /home/airflow/.local/lib/python3.12/site-packages/airflow/example_dags/example_subdag_operator.py
[2024-11-27T08:07:48.606+0000] {processor.py:925} INFO - DAG(s) 'example_subdag_operator.section-1', 'example_subdag_operator.section-2', 'example_subdag_operator' retrieved from /home/airflow/.local/lib/python3.12/site-packages/airflow/example_dags/example_subdag_operator.py
[2024-11-27T08:07:48.632+0000] {logging_mixin.py:190} INFO - [2024-11-27T08:07:48.631+0000] {dag.py:3239} INFO - Sync 3 DAGs
[2024-11-27T08:07:48.678+0000] {logging_mixin.py:190} INFO - [2024-11-27T08:07:48.677+0000] {dag.py:4180} INFO - Setting next_dagrun for example_subdag_operator to 2022-01-01 00:00:00+00:00, run_after=2022-01-01 00:00:00+00:00
[2024-11-27T08:07:48.687+0000] {logging_mixin.py:190} INFO - [2024-11-27T08:07:48.686+0000] {dag.py:4180} INFO - Setting next_dagrun for example_subdag_operator.section-1 to None, run_after=None
[2024-11-27T08:07:48.690+0000] {logging_mixin.py:190} INFO - [2024-11-27T08:07:48.690+0000] {dag.py:4180} INFO - Setting next_dagrun for example_subdag_operator.section-2 to None, run_after=None
[2024-11-27T08:07:48.709+0000] {logging_mixin.py:190} INFO - [2024-11-27T08:07:48.709+0000] {dag.py:3239} INFO - Sync 2 DAGs
[2024-11-27T08:07:48.722+0000] {logging_mixin.py:190} INFO - [2024-11-27T08:07:48.722+0000] {dag.py:4180} INFO - Setting next_dagrun for example_subdag_operator.section-1 to None, run_after=None
[2024-11-27T08:07:48.724+0000] {logging_mixin.py:190} INFO - [2024-11-27T08:07:48.723+0000] {dag.py:4180} INFO - Setting next_dagrun for example_subdag_operator.section-2 to None, run_after=None
[2024-11-27T08:07:48.749+0000] {processor.py:208} INFO - Processing /home/airflow/.local/lib/python3.12/site-packages/airflow/example_dags/example_subdag_operator.py took 0.202 seconds
