[2024-11-27T07:47:43.837+0000] {processor.py:186} INFO - Started process (PID=188) to work on /home/airflow/.local/lib/python3.12/site-packages/airflow/example_dags/example_latest_only_with_trigger.py
[2024-11-27T07:47:43.839+0000] {processor.py:914} INFO - Processing file /home/airflow/.local/lib/python3.12/site-packages/airflow/example_dags/example_latest_only_with_trigger.py for tasks to queue
[2024-11-27T07:47:43.843+0000] {logging_mixin.py:190} INFO - [2024-11-27T07:47:43.842+0000] {dagbag.py:588} INFO - Filling up the DagBag from /home/airflow/.local/lib/python3.12/site-packages/airflow/example_dags/example_latest_only_with_trigger.py
[2024-11-27T07:47:43.861+0000] {processor.py:925} INFO - DAG(s) 'latest_only_with_trigger' retrieved from /home/airflow/.local/lib/python3.12/site-packages/airflow/example_dags/example_latest_only_with_trigger.py
[2024-11-27T07:47:43.923+0000] {logging_mixin.py:190} INFO - [2024-11-27T07:47:43.922+0000] {dag.py:3239} INFO - Sync 1 DAGs
[2024-11-27T07:47:44.009+0000] {logging_mixin.py:190} INFO - [2024-11-27T07:47:44.008+0000] {dag.py:4180} INFO - Setting next_dagrun for latest_only_with_trigger to 2024-11-27 00:00:00+00:00, run_after=2024-11-27 04:00:00+00:00
[2024-11-27T07:47:44.074+0000] {processor.py:208} INFO - Processing /home/airflow/.local/lib/python3.12/site-packages/airflow/example_dags/example_latest_only_with_trigger.py took 0.247 seconds
[2024-11-27T07:48:14.311+0000] {processor.py:186} INFO - Started process (PID=479) to work on /home/airflow/.local/lib/python3.12/site-packages/airflow/example_dags/example_latest_only_with_trigger.py
[2024-11-27T07:48:14.313+0000] {processor.py:914} INFO - Processing file /home/airflow/.local/lib/python3.12/site-packages/airflow/example_dags/example_latest_only_with_trigger.py for tasks to queue
[2024-11-27T07:48:14.317+0000] {logging_mixin.py:190} INFO - [2024-11-27T07:48:14.316+0000] {dagbag.py:588} INFO - Filling up the DagBag from /home/airflow/.local/lib/python3.12/site-packages/airflow/example_dags/example_latest_only_with_trigger.py
[2024-11-27T07:48:14.335+0000] {processor.py:925} INFO - DAG(s) 'latest_only_with_trigger' retrieved from /home/airflow/.local/lib/python3.12/site-packages/airflow/example_dags/example_latest_only_with_trigger.py
[2024-11-27T07:48:14.401+0000] {logging_mixin.py:190} INFO - [2024-11-27T07:48:14.400+0000] {dag.py:3239} INFO - Sync 1 DAGs
[2024-11-27T07:48:14.479+0000] {logging_mixin.py:190} INFO - [2024-11-27T07:48:14.478+0000] {dag.py:4180} INFO - Setting next_dagrun for latest_only_with_trigger to 2024-11-27 00:00:00+00:00, run_after=2024-11-27 04:00:00+00:00
[2024-11-27T07:48:14.531+0000] {processor.py:208} INFO - Processing /home/airflow/.local/lib/python3.12/site-packages/airflow/example_dags/example_latest_only_with_trigger.py took 0.231 seconds
[2024-11-27T07:48:44.922+0000] {processor.py:186} INFO - Started process (PID=772) to work on /home/airflow/.local/lib/python3.12/site-packages/airflow/example_dags/example_latest_only_with_trigger.py
[2024-11-27T07:48:44.923+0000] {processor.py:914} INFO - Processing file /home/airflow/.local/lib/python3.12/site-packages/airflow/example_dags/example_latest_only_with_trigger.py for tasks to queue
[2024-11-27T07:48:44.926+0000] {logging_mixin.py:190} INFO - [2024-11-27T07:48:44.925+0000] {dagbag.py:588} INFO - Filling up the DagBag from /home/airflow/.local/lib/python3.12/site-packages/airflow/example_dags/example_latest_only_with_trigger.py
[2024-11-27T07:48:44.939+0000] {processor.py:925} INFO - DAG(s) 'latest_only_with_trigger' retrieved from /home/airflow/.local/lib/python3.12/site-packages/airflow/example_dags/example_latest_only_with_trigger.py
[2024-11-27T07:48:44.971+0000] {logging_mixin.py:190} INFO - [2024-11-27T07:48:44.970+0000] {dag.py:3239} INFO - Sync 1 DAGs
[2024-11-27T07:48:45.008+0000] {logging_mixin.py:190} INFO - [2024-11-27T07:48:45.008+0000] {dag.py:4180} INFO - Setting next_dagrun for latest_only_with_trigger to 2024-11-27 00:00:00+00:00, run_after=2024-11-27 04:00:00+00:00
[2024-11-27T07:48:45.043+0000] {processor.py:208} INFO - Processing /home/airflow/.local/lib/python3.12/site-packages/airflow/example_dags/example_latest_only_with_trigger.py took 0.131 seconds
[2024-11-27T07:49:15.733+0000] {processor.py:186} INFO - Started process (PID=1061) to work on /home/airflow/.local/lib/python3.12/site-packages/airflow/example_dags/example_latest_only_with_trigger.py
[2024-11-27T07:49:15.735+0000] {processor.py:914} INFO - Processing file /home/airflow/.local/lib/python3.12/site-packages/airflow/example_dags/example_latest_only_with_trigger.py for tasks to queue
[2024-11-27T07:49:15.739+0000] {logging_mixin.py:190} INFO - [2024-11-27T07:49:15.739+0000] {dagbag.py:588} INFO - Filling up the DagBag from /home/airflow/.local/lib/python3.12/site-packages/airflow/example_dags/example_latest_only_with_trigger.py
[2024-11-27T07:49:15.756+0000] {processor.py:925} INFO - DAG(s) 'latest_only_with_trigger' retrieved from /home/airflow/.local/lib/python3.12/site-packages/airflow/example_dags/example_latest_only_with_trigger.py
[2024-11-27T07:49:15.796+0000] {logging_mixin.py:190} INFO - [2024-11-27T07:49:15.796+0000] {dag.py:3239} INFO - Sync 1 DAGs
[2024-11-27T07:49:15.842+0000] {logging_mixin.py:190} INFO - [2024-11-27T07:49:15.842+0000] {dag.py:4180} INFO - Setting next_dagrun for latest_only_with_trigger to 2024-11-27 00:00:00+00:00, run_after=2024-11-27 04:00:00+00:00
[2024-11-27T07:49:15.884+0000] {processor.py:208} INFO - Processing /home/airflow/.local/lib/python3.12/site-packages/airflow/example_dags/example_latest_only_with_trigger.py took 0.160 seconds
[2024-11-27T07:49:46.798+0000] {processor.py:186} INFO - Started process (PID=1355) to work on /home/airflow/.local/lib/python3.12/site-packages/airflow/example_dags/example_latest_only_with_trigger.py
[2024-11-27T07:49:46.801+0000] {processor.py:914} INFO - Processing file /home/airflow/.local/lib/python3.12/site-packages/airflow/example_dags/example_latest_only_with_trigger.py for tasks to queue
[2024-11-27T07:49:46.806+0000] {logging_mixin.py:190} INFO - [2024-11-27T07:49:46.804+0000] {dagbag.py:588} INFO - Filling up the DagBag from /home/airflow/.local/lib/python3.12/site-packages/airflow/example_dags/example_latest_only_with_trigger.py
[2024-11-27T07:49:46.826+0000] {processor.py:925} INFO - DAG(s) 'latest_only_with_trigger' retrieved from /home/airflow/.local/lib/python3.12/site-packages/airflow/example_dags/example_latest_only_with_trigger.py
[2024-11-27T07:49:46.885+0000] {logging_mixin.py:190} INFO - [2024-11-27T07:49:46.884+0000] {dag.py:3239} INFO - Sync 1 DAGs
[2024-11-27T07:49:46.995+0000] {logging_mixin.py:190} INFO - [2024-11-27T07:49:46.994+0000] {dag.py:4180} INFO - Setting next_dagrun for latest_only_with_trigger to 2024-11-27 00:00:00+00:00, run_after=2024-11-27 04:00:00+00:00
[2024-11-27T07:49:47.057+0000] {processor.py:208} INFO - Processing /home/airflow/.local/lib/python3.12/site-packages/airflow/example_dags/example_latest_only_with_trigger.py took 0.275 seconds
[2024-11-27T07:50:17.225+0000] {processor.py:186} INFO - Started process (PID=1644) to work on /home/airflow/.local/lib/python3.12/site-packages/airflow/example_dags/example_latest_only_with_trigger.py
[2024-11-27T07:50:17.227+0000] {processor.py:914} INFO - Processing file /home/airflow/.local/lib/python3.12/site-packages/airflow/example_dags/example_latest_only_with_trigger.py for tasks to queue
[2024-11-27T07:50:17.232+0000] {logging_mixin.py:190} INFO - [2024-11-27T07:50:17.231+0000] {dagbag.py:588} INFO - Filling up the DagBag from /home/airflow/.local/lib/python3.12/site-packages/airflow/example_dags/example_latest_only_with_trigger.py
[2024-11-27T07:50:17.251+0000] {processor.py:925} INFO - DAG(s) 'latest_only_with_trigger' retrieved from /home/airflow/.local/lib/python3.12/site-packages/airflow/example_dags/example_latest_only_with_trigger.py
[2024-11-27T07:50:17.296+0000] {logging_mixin.py:190} INFO - [2024-11-27T07:50:17.296+0000] {dag.py:3239} INFO - Sync 1 DAGs
[2024-11-27T07:50:17.356+0000] {logging_mixin.py:190} INFO - [2024-11-27T07:50:17.356+0000] {dag.py:4180} INFO - Setting next_dagrun for latest_only_with_trigger to 2024-11-27 00:00:00+00:00, run_after=2024-11-27 04:00:00+00:00
[2024-11-27T07:50:17.427+0000] {processor.py:208} INFO - Processing /home/airflow/.local/lib/python3.12/site-packages/airflow/example_dags/example_latest_only_with_trigger.py took 0.214 seconds
[2024-11-27T07:50:47.853+0000] {processor.py:186} INFO - Started process (PID=1935) to work on /home/airflow/.local/lib/python3.12/site-packages/airflow/example_dags/example_latest_only_with_trigger.py
[2024-11-27T07:50:47.855+0000] {processor.py:914} INFO - Processing file /home/airflow/.local/lib/python3.12/site-packages/airflow/example_dags/example_latest_only_with_trigger.py for tasks to queue
[2024-11-27T07:50:47.862+0000] {logging_mixin.py:190} INFO - [2024-11-27T07:50:47.862+0000] {dagbag.py:588} INFO - Filling up the DagBag from /home/airflow/.local/lib/python3.12/site-packages/airflow/example_dags/example_latest_only_with_trigger.py
[2024-11-27T07:50:47.877+0000] {processor.py:925} INFO - DAG(s) 'latest_only_with_trigger' retrieved from /home/airflow/.local/lib/python3.12/site-packages/airflow/example_dags/example_latest_only_with_trigger.py
[2024-11-27T07:50:47.930+0000] {logging_mixin.py:190} INFO - [2024-11-27T07:50:47.930+0000] {dag.py:3239} INFO - Sync 1 DAGs
[2024-11-27T07:50:47.982+0000] {logging_mixin.py:190} INFO - [2024-11-27T07:50:47.982+0000] {dag.py:4180} INFO - Setting next_dagrun for latest_only_with_trigger to 2024-11-27 00:00:00+00:00, run_after=2024-11-27 04:00:00+00:00
[2024-11-27T07:50:48.034+0000] {processor.py:208} INFO - Processing /home/airflow/.local/lib/python3.12/site-packages/airflow/example_dags/example_latest_only_with_trigger.py took 0.196 seconds
[2024-11-27T07:51:18.476+0000] {processor.py:186} INFO - Started process (PID=2226) to work on /home/airflow/.local/lib/python3.12/site-packages/airflow/example_dags/example_latest_only_with_trigger.py
[2024-11-27T07:51:18.477+0000] {processor.py:914} INFO - Processing file /home/airflow/.local/lib/python3.12/site-packages/airflow/example_dags/example_latest_only_with_trigger.py for tasks to queue
[2024-11-27T07:51:18.481+0000] {logging_mixin.py:190} INFO - [2024-11-27T07:51:18.480+0000] {dagbag.py:588} INFO - Filling up the DagBag from /home/airflow/.local/lib/python3.12/site-packages/airflow/example_dags/example_latest_only_with_trigger.py
[2024-11-27T07:51:18.494+0000] {processor.py:925} INFO - DAG(s) 'latest_only_with_trigger' retrieved from /home/airflow/.local/lib/python3.12/site-packages/airflow/example_dags/example_latest_only_with_trigger.py
[2024-11-27T07:51:18.528+0000] {logging_mixin.py:190} INFO - [2024-11-27T07:51:18.527+0000] {dag.py:3239} INFO - Sync 1 DAGs
[2024-11-27T07:51:18.576+0000] {logging_mixin.py:190} INFO - [2024-11-27T07:51:18.576+0000] {dag.py:4180} INFO - Setting next_dagrun for latest_only_with_trigger to 2024-11-27 00:00:00+00:00, run_after=2024-11-27 04:00:00+00:00
[2024-11-27T07:51:18.619+0000] {processor.py:208} INFO - Processing /home/airflow/.local/lib/python3.12/site-packages/airflow/example_dags/example_latest_only_with_trigger.py took 0.153 seconds
[2024-11-27T07:51:49.177+0000] {processor.py:186} INFO - Started process (PID=2519) to work on /home/airflow/.local/lib/python3.12/site-packages/airflow/example_dags/example_latest_only_with_trigger.py
[2024-11-27T07:51:49.179+0000] {processor.py:914} INFO - Processing file /home/airflow/.local/lib/python3.12/site-packages/airflow/example_dags/example_latest_only_with_trigger.py for tasks to queue
[2024-11-27T07:51:49.182+0000] {logging_mixin.py:190} INFO - [2024-11-27T07:51:49.182+0000] {dagbag.py:588} INFO - Filling up the DagBag from /home/airflow/.local/lib/python3.12/site-packages/airflow/example_dags/example_latest_only_with_trigger.py
[2024-11-27T07:51:49.192+0000] {processor.py:925} INFO - DAG(s) 'latest_only_with_trigger' retrieved from /home/airflow/.local/lib/python3.12/site-packages/airflow/example_dags/example_latest_only_with_trigger.py
[2024-11-27T07:51:49.223+0000] {logging_mixin.py:190} INFO - [2024-11-27T07:51:49.222+0000] {dag.py:3239} INFO - Sync 1 DAGs
[2024-11-27T07:51:49.263+0000] {logging_mixin.py:190} INFO - [2024-11-27T07:51:49.262+0000] {dag.py:4180} INFO - Setting next_dagrun for latest_only_with_trigger to 2024-11-27 00:00:00+00:00, run_after=2024-11-27 04:00:00+00:00
[2024-11-27T07:51:49.295+0000] {processor.py:208} INFO - Processing /home/airflow/.local/lib/python3.12/site-packages/airflow/example_dags/example_latest_only_with_trigger.py took 0.125 seconds
[2024-11-27T07:52:20.068+0000] {processor.py:186} INFO - Started process (PID=2810) to work on /home/airflow/.local/lib/python3.12/site-packages/airflow/example_dags/example_latest_only_with_trigger.py
[2024-11-27T07:52:20.070+0000] {processor.py:914} INFO - Processing file /home/airflow/.local/lib/python3.12/site-packages/airflow/example_dags/example_latest_only_with_trigger.py for tasks to queue
[2024-11-27T07:52:20.073+0000] {logging_mixin.py:190} INFO - [2024-11-27T07:52:20.072+0000] {dagbag.py:588} INFO - Filling up the DagBag from /home/airflow/.local/lib/python3.12/site-packages/airflow/example_dags/example_latest_only_with_trigger.py
[2024-11-27T07:52:20.084+0000] {processor.py:925} INFO - DAG(s) 'latest_only_with_trigger' retrieved from /home/airflow/.local/lib/python3.12/site-packages/airflow/example_dags/example_latest_only_with_trigger.py
[2024-11-27T07:52:20.115+0000] {logging_mixin.py:190} INFO - [2024-11-27T07:52:20.114+0000] {dag.py:3239} INFO - Sync 1 DAGs
[2024-11-27T07:52:20.154+0000] {logging_mixin.py:190} INFO - [2024-11-27T07:52:20.153+0000] {dag.py:4180} INFO - Setting next_dagrun for latest_only_with_trigger to 2024-11-27 00:00:00+00:00, run_after=2024-11-27 04:00:00+00:00
[2024-11-27T07:52:20.189+0000] {processor.py:208} INFO - Processing /home/airflow/.local/lib/python3.12/site-packages/airflow/example_dags/example_latest_only_with_trigger.py took 0.128 seconds
[2024-11-27T07:52:50.652+0000] {processor.py:186} INFO - Started process (PID=3099) to work on /home/airflow/.local/lib/python3.12/site-packages/airflow/example_dags/example_latest_only_with_trigger.py
[2024-11-27T07:52:50.654+0000] {processor.py:914} INFO - Processing file /home/airflow/.local/lib/python3.12/site-packages/airflow/example_dags/example_latest_only_with_trigger.py for tasks to queue
[2024-11-27T07:52:50.661+0000] {logging_mixin.py:190} INFO - [2024-11-27T07:52:50.660+0000] {dagbag.py:588} INFO - Filling up the DagBag from /home/airflow/.local/lib/python3.12/site-packages/airflow/example_dags/example_latest_only_with_trigger.py
[2024-11-27T07:52:50.690+0000] {processor.py:925} INFO - DAG(s) 'latest_only_with_trigger' retrieved from /home/airflow/.local/lib/python3.12/site-packages/airflow/example_dags/example_latest_only_with_trigger.py
[2024-11-27T07:52:50.739+0000] {logging_mixin.py:190} INFO - [2024-11-27T07:52:50.738+0000] {dag.py:3239} INFO - Sync 1 DAGs
[2024-11-27T07:52:50.786+0000] {logging_mixin.py:190} INFO - [2024-11-27T07:52:50.786+0000] {dag.py:4180} INFO - Setting next_dagrun for latest_only_with_trigger to 2024-11-27 00:00:00+00:00, run_after=2024-11-27 04:00:00+00:00
[2024-11-27T07:52:50.832+0000] {processor.py:208} INFO - Processing /home/airflow/.local/lib/python3.12/site-packages/airflow/example_dags/example_latest_only_with_trigger.py took 0.199 seconds
[2024-11-27T07:53:21.538+0000] {processor.py:186} INFO - Started process (PID=3392) to work on /home/airflow/.local/lib/python3.12/site-packages/airflow/example_dags/example_latest_only_with_trigger.py
[2024-11-27T07:53:21.539+0000] {processor.py:914} INFO - Processing file /home/airflow/.local/lib/python3.12/site-packages/airflow/example_dags/example_latest_only_with_trigger.py for tasks to queue
[2024-11-27T07:53:21.542+0000] {logging_mixin.py:190} INFO - [2024-11-27T07:53:21.542+0000] {dagbag.py:588} INFO - Filling up the DagBag from /home/airflow/.local/lib/python3.12/site-packages/airflow/example_dags/example_latest_only_with_trigger.py
[2024-11-27T07:53:21.550+0000] {processor.py:925} INFO - DAG(s) 'latest_only_with_trigger' retrieved from /home/airflow/.local/lib/python3.12/site-packages/airflow/example_dags/example_latest_only_with_trigger.py
[2024-11-27T07:53:21.578+0000] {logging_mixin.py:190} INFO - [2024-11-27T07:53:21.578+0000] {dag.py:3239} INFO - Sync 1 DAGs
[2024-11-27T07:53:21.615+0000] {logging_mixin.py:190} INFO - [2024-11-27T07:53:21.614+0000] {dag.py:4180} INFO - Setting next_dagrun for latest_only_with_trigger to 2024-11-27 00:00:00+00:00, run_after=2024-11-27 04:00:00+00:00
[2024-11-27T07:53:21.645+0000] {processor.py:208} INFO - Processing /home/airflow/.local/lib/python3.12/site-packages/airflow/example_dags/example_latest_only_with_trigger.py took 0.114 seconds
[2024-11-27T07:53:52.183+0000] {processor.py:186} INFO - Started process (PID=3681) to work on /home/airflow/.local/lib/python3.12/site-packages/airflow/example_dags/example_latest_only_with_trigger.py
[2024-11-27T07:53:52.185+0000] {processor.py:914} INFO - Processing file /home/airflow/.local/lib/python3.12/site-packages/airflow/example_dags/example_latest_only_with_trigger.py for tasks to queue
[2024-11-27T07:53:52.190+0000] {logging_mixin.py:190} INFO - [2024-11-27T07:53:52.189+0000] {dagbag.py:588} INFO - Filling up the DagBag from /home/airflow/.local/lib/python3.12/site-packages/airflow/example_dags/example_latest_only_with_trigger.py
[2024-11-27T07:53:52.205+0000] {processor.py:925} INFO - DAG(s) 'latest_only_with_trigger' retrieved from /home/airflow/.local/lib/python3.12/site-packages/airflow/example_dags/example_latest_only_with_trigger.py
[2024-11-27T07:53:52.248+0000] {logging_mixin.py:190} INFO - [2024-11-27T07:53:52.248+0000] {dag.py:3239} INFO - Sync 1 DAGs
[2024-11-27T07:53:52.308+0000] {logging_mixin.py:190} INFO - [2024-11-27T07:53:52.307+0000] {dag.py:4180} INFO - Setting next_dagrun for latest_only_with_trigger to 2024-11-27 00:00:00+00:00, run_after=2024-11-27 04:00:00+00:00
[2024-11-27T07:53:52.347+0000] {processor.py:208} INFO - Processing /home/airflow/.local/lib/python3.12/site-packages/airflow/example_dags/example_latest_only_with_trigger.py took 0.173 seconds
[2024-11-27T07:54:22.692+0000] {processor.py:186} INFO - Started process (PID=3972) to work on /home/airflow/.local/lib/python3.12/site-packages/airflow/example_dags/example_latest_only_with_trigger.py
[2024-11-27T07:54:22.694+0000] {processor.py:914} INFO - Processing file /home/airflow/.local/lib/python3.12/site-packages/airflow/example_dags/example_latest_only_with_trigger.py for tasks to queue
[2024-11-27T07:54:22.697+0000] {logging_mixin.py:190} INFO - [2024-11-27T07:54:22.696+0000] {dagbag.py:588} INFO - Filling up the DagBag from /home/airflow/.local/lib/python3.12/site-packages/airflow/example_dags/example_latest_only_with_trigger.py
[2024-11-27T07:54:22.712+0000] {processor.py:925} INFO - DAG(s) 'latest_only_with_trigger' retrieved from /home/airflow/.local/lib/python3.12/site-packages/airflow/example_dags/example_latest_only_with_trigger.py
[2024-11-27T07:54:22.751+0000] {logging_mixin.py:190} INFO - [2024-11-27T07:54:22.751+0000] {dag.py:3239} INFO - Sync 1 DAGs
[2024-11-27T07:54:22.790+0000] {logging_mixin.py:190} INFO - [2024-11-27T07:54:22.789+0000] {dag.py:4180} INFO - Setting next_dagrun for latest_only_with_trigger to 2024-11-27 00:00:00+00:00, run_after=2024-11-27 04:00:00+00:00
[2024-11-27T07:54:22.827+0000] {processor.py:208} INFO - Processing /home/airflow/.local/lib/python3.12/site-packages/airflow/example_dags/example_latest_only_with_trigger.py took 0.144 seconds
[2024-11-27T07:54:52.920+0000] {processor.py:186} INFO - Started process (PID=4260) to work on /home/airflow/.local/lib/python3.12/site-packages/airflow/example_dags/example_latest_only_with_trigger.py
[2024-11-27T07:54:52.922+0000] {processor.py:914} INFO - Processing file /home/airflow/.local/lib/python3.12/site-packages/airflow/example_dags/example_latest_only_with_trigger.py for tasks to queue
[2024-11-27T07:54:52.926+0000] {logging_mixin.py:190} INFO - [2024-11-27T07:54:52.925+0000] {dagbag.py:588} INFO - Filling up the DagBag from /home/airflow/.local/lib/python3.12/site-packages/airflow/example_dags/example_latest_only_with_trigger.py
[2024-11-27T07:54:52.939+0000] {processor.py:925} INFO - DAG(s) 'latest_only_with_trigger' retrieved from /home/airflow/.local/lib/python3.12/site-packages/airflow/example_dags/example_latest_only_with_trigger.py
[2024-11-27T07:54:52.971+0000] {logging_mixin.py:190} INFO - [2024-11-27T07:54:52.971+0000] {dag.py:3239} INFO - Sync 1 DAGs
[2024-11-27T07:54:53.003+0000] {logging_mixin.py:190} INFO - [2024-11-27T07:54:53.003+0000] {dag.py:4180} INFO - Setting next_dagrun for latest_only_with_trigger to 2024-11-27 00:00:00+00:00, run_after=2024-11-27 04:00:00+00:00
[2024-11-27T07:54:53.037+0000] {processor.py:208} INFO - Processing /home/airflow/.local/lib/python3.12/site-packages/airflow/example_dags/example_latest_only_with_trigger.py took 0.123 seconds
[2024-11-27T07:55:24.010+0000] {processor.py:186} INFO - Started process (PID=4551) to work on /home/airflow/.local/lib/python3.12/site-packages/airflow/example_dags/example_latest_only_with_trigger.py
[2024-11-27T07:55:24.012+0000] {processor.py:914} INFO - Processing file /home/airflow/.local/lib/python3.12/site-packages/airflow/example_dags/example_latest_only_with_trigger.py for tasks to queue
[2024-11-27T07:55:24.016+0000] {logging_mixin.py:190} INFO - [2024-11-27T07:55:24.015+0000] {dagbag.py:588} INFO - Filling up the DagBag from /home/airflow/.local/lib/python3.12/site-packages/airflow/example_dags/example_latest_only_with_trigger.py
[2024-11-27T07:55:24.027+0000] {processor.py:925} INFO - DAG(s) 'latest_only_with_trigger' retrieved from /home/airflow/.local/lib/python3.12/site-packages/airflow/example_dags/example_latest_only_with_trigger.py
[2024-11-27T07:55:24.066+0000] {logging_mixin.py:190} INFO - [2024-11-27T07:55:24.065+0000] {dag.py:3239} INFO - Sync 1 DAGs
[2024-11-27T07:55:24.106+0000] {logging_mixin.py:190} INFO - [2024-11-27T07:55:24.106+0000] {dag.py:4180} INFO - Setting next_dagrun for latest_only_with_trigger to 2024-11-27 00:00:00+00:00, run_after=2024-11-27 04:00:00+00:00
[2024-11-27T07:55:24.148+0000] {processor.py:208} INFO - Processing /home/airflow/.local/lib/python3.12/site-packages/airflow/example_dags/example_latest_only_with_trigger.py took 0.147 seconds
[2024-11-27T07:55:55.802+0000] {processor.py:186} INFO - Started process (PID=4840) to work on /home/airflow/.local/lib/python3.12/site-packages/airflow/example_dags/example_latest_only_with_trigger.py
[2024-11-27T07:55:55.804+0000] {processor.py:914} INFO - Processing file /home/airflow/.local/lib/python3.12/site-packages/airflow/example_dags/example_latest_only_with_trigger.py for tasks to queue
[2024-11-27T07:55:55.807+0000] {logging_mixin.py:190} INFO - [2024-11-27T07:55:55.806+0000] {dagbag.py:588} INFO - Filling up the DagBag from /home/airflow/.local/lib/python3.12/site-packages/airflow/example_dags/example_latest_only_with_trigger.py
[2024-11-27T07:55:55.823+0000] {processor.py:925} INFO - DAG(s) 'latest_only_with_trigger' retrieved from /home/airflow/.local/lib/python3.12/site-packages/airflow/example_dags/example_latest_only_with_trigger.py
[2024-11-27T07:55:55.858+0000] {logging_mixin.py:190} INFO - [2024-11-27T07:55:55.857+0000] {dag.py:3239} INFO - Sync 1 DAGs
[2024-11-27T07:55:55.909+0000] {logging_mixin.py:190} INFO - [2024-11-27T07:55:55.909+0000] {dag.py:4180} INFO - Setting next_dagrun for latest_only_with_trigger to 2024-11-27 00:00:00+00:00, run_after=2024-11-27 04:00:00+00:00
[2024-11-27T07:55:55.947+0000] {processor.py:208} INFO - Processing /home/airflow/.local/lib/python3.12/site-packages/airflow/example_dags/example_latest_only_with_trigger.py took 0.153 seconds
[2024-11-27T07:56:27.890+0000] {processor.py:186} INFO - Started process (PID=5096) to work on /home/airflow/.local/lib/python3.12/site-packages/airflow/example_dags/example_latest_only_with_trigger.py
[2024-11-27T07:56:27.893+0000] {processor.py:914} INFO - Processing file /home/airflow/.local/lib/python3.12/site-packages/airflow/example_dags/example_latest_only_with_trigger.py for tasks to queue
[2024-11-27T07:56:27.898+0000] {logging_mixin.py:190} INFO - [2024-11-27T07:56:27.897+0000] {dagbag.py:588} INFO - Filling up the DagBag from /home/airflow/.local/lib/python3.12/site-packages/airflow/example_dags/example_latest_only_with_trigger.py
[2024-11-27T07:56:27.917+0000] {processor.py:925} INFO - DAG(s) 'latest_only_with_trigger' retrieved from /home/airflow/.local/lib/python3.12/site-packages/airflow/example_dags/example_latest_only_with_trigger.py
[2024-11-27T07:56:27.972+0000] {logging_mixin.py:190} INFO - [2024-11-27T07:56:27.971+0000] {dag.py:3239} INFO - Sync 1 DAGs
[2024-11-27T07:56:28.037+0000] {logging_mixin.py:190} INFO - [2024-11-27T07:56:28.037+0000] {dag.py:4180} INFO - Setting next_dagrun for latest_only_with_trigger to 2024-11-27 00:00:00+00:00, run_after=2024-11-27 04:00:00+00:00
[2024-11-27T07:56:28.083+0000] {processor.py:208} INFO - Processing /home/airflow/.local/lib/python3.12/site-packages/airflow/example_dags/example_latest_only_with_trigger.py took 0.206 seconds
[2024-11-27T07:56:59.958+0000] {processor.py:186} INFO - Started process (PID=5388) to work on /home/airflow/.local/lib/python3.12/site-packages/airflow/example_dags/example_latest_only_with_trigger.py
[2024-11-27T07:56:59.961+0000] {processor.py:914} INFO - Processing file /home/airflow/.local/lib/python3.12/site-packages/airflow/example_dags/example_latest_only_with_trigger.py for tasks to queue
[2024-11-27T07:56:59.967+0000] {logging_mixin.py:190} INFO - [2024-11-27T07:56:59.966+0000] {dagbag.py:588} INFO - Filling up the DagBag from /home/airflow/.local/lib/python3.12/site-packages/airflow/example_dags/example_latest_only_with_trigger.py
[2024-11-27T07:56:59.991+0000] {processor.py:925} INFO - DAG(s) 'latest_only_with_trigger' retrieved from /home/airflow/.local/lib/python3.12/site-packages/airflow/example_dags/example_latest_only_with_trigger.py
[2024-11-27T07:57:00.047+0000] {logging_mixin.py:190} INFO - [2024-11-27T07:57:00.046+0000] {dag.py:3239} INFO - Sync 1 DAGs
[2024-11-27T07:57:00.124+0000] {logging_mixin.py:190} INFO - [2024-11-27T07:57:00.123+0000] {dag.py:4180} INFO - Setting next_dagrun for latest_only_with_trigger to 2024-11-27 00:00:00+00:00, run_after=2024-11-27 04:00:00+00:00
[2024-11-27T07:57:00.185+0000] {processor.py:208} INFO - Processing /home/airflow/.local/lib/python3.12/site-packages/airflow/example_dags/example_latest_only_with_trigger.py took 0.242 seconds
[2024-11-27T07:57:31.963+0000] {processor.py:186} INFO - Started process (PID=5680) to work on /home/airflow/.local/lib/python3.12/site-packages/airflow/example_dags/example_latest_only_with_trigger.py
[2024-11-27T07:57:31.966+0000] {processor.py:914} INFO - Processing file /home/airflow/.local/lib/python3.12/site-packages/airflow/example_dags/example_latest_only_with_trigger.py for tasks to queue
[2024-11-27T07:57:31.975+0000] {logging_mixin.py:190} INFO - [2024-11-27T07:57:31.971+0000] {dagbag.py:588} INFO - Filling up the DagBag from /home/airflow/.local/lib/python3.12/site-packages/airflow/example_dags/example_latest_only_with_trigger.py
[2024-11-27T07:57:32.015+0000] {processor.py:925} INFO - DAG(s) 'latest_only_with_trigger' retrieved from /home/airflow/.local/lib/python3.12/site-packages/airflow/example_dags/example_latest_only_with_trigger.py
[2024-11-27T07:57:32.137+0000] {logging_mixin.py:190} INFO - [2024-11-27T07:57:32.136+0000] {dag.py:3239} INFO - Sync 1 DAGs
[2024-11-27T07:57:32.214+0000] {logging_mixin.py:190} INFO - [2024-11-27T07:57:32.214+0000] {dag.py:4180} INFO - Setting next_dagrun for latest_only_with_trigger to 2024-11-27 00:00:00+00:00, run_after=2024-11-27 04:00:00+00:00
[2024-11-27T07:57:32.251+0000] {processor.py:208} INFO - Processing /home/airflow/.local/lib/python3.12/site-packages/airflow/example_dags/example_latest_only_with_trigger.py took 0.307 seconds
[2024-11-27T07:58:02.768+0000] {processor.py:186} INFO - Started process (PID=5972) to work on /home/airflow/.local/lib/python3.12/site-packages/airflow/example_dags/example_latest_only_with_trigger.py
[2024-11-27T07:58:02.769+0000] {processor.py:914} INFO - Processing file /home/airflow/.local/lib/python3.12/site-packages/airflow/example_dags/example_latest_only_with_trigger.py for tasks to queue
[2024-11-27T07:58:02.772+0000] {logging_mixin.py:190} INFO - [2024-11-27T07:58:02.771+0000] {dagbag.py:588} INFO - Filling up the DagBag from /home/airflow/.local/lib/python3.12/site-packages/airflow/example_dags/example_latest_only_with_trigger.py
[2024-11-27T07:58:02.783+0000] {processor.py:925} INFO - DAG(s) 'latest_only_with_trigger' retrieved from /home/airflow/.local/lib/python3.12/site-packages/airflow/example_dags/example_latest_only_with_trigger.py
[2024-11-27T07:58:02.818+0000] {logging_mixin.py:190} INFO - [2024-11-27T07:58:02.818+0000] {dag.py:3239} INFO - Sync 1 DAGs
[2024-11-27T07:58:02.855+0000] {logging_mixin.py:190} INFO - [2024-11-27T07:58:02.855+0000] {dag.py:4180} INFO - Setting next_dagrun for latest_only_with_trigger to 2024-11-27 00:00:00+00:00, run_after=2024-11-27 04:00:00+00:00
[2024-11-27T07:58:02.886+0000] {processor.py:208} INFO - Processing /home/airflow/.local/lib/python3.12/site-packages/airflow/example_dags/example_latest_only_with_trigger.py took 0.128 seconds
[2024-11-27T07:58:33.544+0000] {processor.py:186} INFO - Started process (PID=6183) to work on /home/airflow/.local/lib/python3.12/site-packages/airflow/example_dags/example_latest_only_with_trigger.py
[2024-11-27T07:58:33.546+0000] {processor.py:914} INFO - Processing file /home/airflow/.local/lib/python3.12/site-packages/airflow/example_dags/example_latest_only_with_trigger.py for tasks to queue
[2024-11-27T07:58:33.550+0000] {logging_mixin.py:190} INFO - [2024-11-27T07:58:33.549+0000] {dagbag.py:588} INFO - Filling up the DagBag from /home/airflow/.local/lib/python3.12/site-packages/airflow/example_dags/example_latest_only_with_trigger.py
[2024-11-27T07:58:33.561+0000] {processor.py:925} INFO - DAG(s) 'latest_only_with_trigger' retrieved from /home/airflow/.local/lib/python3.12/site-packages/airflow/example_dags/example_latest_only_with_trigger.py
[2024-11-27T07:58:33.595+0000] {logging_mixin.py:190} INFO - [2024-11-27T07:58:33.594+0000] {dag.py:3239} INFO - Sync 1 DAGs
[2024-11-27T07:58:33.635+0000] {logging_mixin.py:190} INFO - [2024-11-27T07:58:33.635+0000] {dag.py:4180} INFO - Setting next_dagrun for latest_only_with_trigger to 2024-11-27 00:00:00+00:00, run_after=2024-11-27 04:00:00+00:00
[2024-11-27T07:58:33.675+0000] {processor.py:208} INFO - Processing /home/airflow/.local/lib/python3.12/site-packages/airflow/example_dags/example_latest_only_with_trigger.py took 0.140 seconds
[2024-11-27T07:59:05.853+0000] {processor.py:186} INFO - Started process (PID=6452) to work on /home/airflow/.local/lib/python3.12/site-packages/airflow/example_dags/example_latest_only_with_trigger.py
[2024-11-27T07:59:05.857+0000] {processor.py:914} INFO - Processing file /home/airflow/.local/lib/python3.12/site-packages/airflow/example_dags/example_latest_only_with_trigger.py for tasks to queue
[2024-11-27T07:59:05.863+0000] {logging_mixin.py:190} INFO - [2024-11-27T07:59:05.862+0000] {dagbag.py:588} INFO - Filling up the DagBag from /home/airflow/.local/lib/python3.12/site-packages/airflow/example_dags/example_latest_only_with_trigger.py
[2024-11-27T07:59:05.894+0000] {processor.py:925} INFO - DAG(s) 'latest_only_with_trigger' retrieved from /home/airflow/.local/lib/python3.12/site-packages/airflow/example_dags/example_latest_only_with_trigger.py
[2024-11-27T07:59:05.951+0000] {logging_mixin.py:190} INFO - [2024-11-27T07:59:05.950+0000] {dag.py:3239} INFO - Sync 1 DAGs
[2024-11-27T07:59:06.025+0000] {logging_mixin.py:190} INFO - [2024-11-27T07:59:06.025+0000] {dag.py:4180} INFO - Setting next_dagrun for latest_only_with_trigger to 2024-11-27 00:00:00+00:00, run_after=2024-11-27 04:00:00+00:00
[2024-11-27T07:59:06.076+0000] {processor.py:208} INFO - Processing /home/airflow/.local/lib/python3.12/site-packages/airflow/example_dags/example_latest_only_with_trigger.py took 0.238 seconds
[2024-11-27T07:59:36.675+0000] {processor.py:186} INFO - Started process (PID=6743) to work on /home/airflow/.local/lib/python3.12/site-packages/airflow/example_dags/example_latest_only_with_trigger.py
[2024-11-27T07:59:36.677+0000] {processor.py:914} INFO - Processing file /home/airflow/.local/lib/python3.12/site-packages/airflow/example_dags/example_latest_only_with_trigger.py for tasks to queue
[2024-11-27T07:59:36.682+0000] {logging_mixin.py:190} INFO - [2024-11-27T07:59:36.681+0000] {dagbag.py:588} INFO - Filling up the DagBag from /home/airflow/.local/lib/python3.12/site-packages/airflow/example_dags/example_latest_only_with_trigger.py
[2024-11-27T07:59:36.695+0000] {processor.py:925} INFO - DAG(s) 'latest_only_with_trigger' retrieved from /home/airflow/.local/lib/python3.12/site-packages/airflow/example_dags/example_latest_only_with_trigger.py
[2024-11-27T07:59:36.741+0000] {logging_mixin.py:190} INFO - [2024-11-27T07:59:36.740+0000] {dag.py:3239} INFO - Sync 1 DAGs
[2024-11-27T07:59:36.783+0000] {logging_mixin.py:190} INFO - [2024-11-27T07:59:36.783+0000] {dag.py:4180} INFO - Setting next_dagrun for latest_only_with_trigger to 2024-11-27 00:00:00+00:00, run_after=2024-11-27 04:00:00+00:00
[2024-11-27T07:59:36.817+0000] {processor.py:208} INFO - Processing /home/airflow/.local/lib/python3.12/site-packages/airflow/example_dags/example_latest_only_with_trigger.py took 0.151 seconds
[2024-11-27T08:00:07.353+0000] {processor.py:186} INFO - Started process (PID=7024) to work on /home/airflow/.local/lib/python3.12/site-packages/airflow/example_dags/example_latest_only_with_trigger.py
[2024-11-27T08:00:07.358+0000] {processor.py:914} INFO - Processing file /home/airflow/.local/lib/python3.12/site-packages/airflow/example_dags/example_latest_only_with_trigger.py for tasks to queue
[2024-11-27T08:00:07.367+0000] {logging_mixin.py:190} INFO - [2024-11-27T08:00:07.366+0000] {dagbag.py:588} INFO - Filling up the DagBag from /home/airflow/.local/lib/python3.12/site-packages/airflow/example_dags/example_latest_only_with_trigger.py
[2024-11-27T08:00:07.385+0000] {processor.py:925} INFO - DAG(s) 'latest_only_with_trigger' retrieved from /home/airflow/.local/lib/python3.12/site-packages/airflow/example_dags/example_latest_only_with_trigger.py
[2024-11-27T08:00:07.468+0000] {logging_mixin.py:190} INFO - [2024-11-27T08:00:07.468+0000] {dag.py:3239} INFO - Sync 1 DAGs
[2024-11-27T08:00:07.526+0000] {logging_mixin.py:190} INFO - [2024-11-27T08:00:07.525+0000] {dag.py:4180} INFO - Setting next_dagrun for latest_only_with_trigger to 2024-11-27 04:00:00+00:00, run_after=2024-11-27 08:00:00+00:00
[2024-11-27T08:00:07.574+0000] {processor.py:208} INFO - Processing /home/airflow/.local/lib/python3.12/site-packages/airflow/example_dags/example_latest_only_with_trigger.py took 0.240 seconds
[2024-11-27T08:00:38.988+0000] {processor.py:186} INFO - Started process (PID=7305) to work on /home/airflow/.local/lib/python3.12/site-packages/airflow/example_dags/example_latest_only_with_trigger.py
[2024-11-27T08:00:38.989+0000] {processor.py:914} INFO - Processing file /home/airflow/.local/lib/python3.12/site-packages/airflow/example_dags/example_latest_only_with_trigger.py for tasks to queue
[2024-11-27T08:00:38.992+0000] {logging_mixin.py:190} INFO - [2024-11-27T08:00:38.992+0000] {dagbag.py:588} INFO - Filling up the DagBag from /home/airflow/.local/lib/python3.12/site-packages/airflow/example_dags/example_latest_only_with_trigger.py
[2024-11-27T08:00:39.003+0000] {processor.py:925} INFO - DAG(s) 'latest_only_with_trigger' retrieved from /home/airflow/.local/lib/python3.12/site-packages/airflow/example_dags/example_latest_only_with_trigger.py
[2024-11-27T08:00:39.035+0000] {logging_mixin.py:190} INFO - [2024-11-27T08:00:39.034+0000] {dag.py:3239} INFO - Sync 1 DAGs
[2024-11-27T08:00:39.070+0000] {logging_mixin.py:190} INFO - [2024-11-27T08:00:39.070+0000] {dag.py:4180} INFO - Setting next_dagrun for latest_only_with_trigger to 2024-11-27 04:00:00+00:00, run_after=2024-11-27 08:00:00+00:00
[2024-11-27T08:00:39.105+0000] {processor.py:208} INFO - Processing /home/airflow/.local/lib/python3.12/site-packages/airflow/example_dags/example_latest_only_with_trigger.py took 0.124 seconds
[2024-11-27T08:01:10.068+0000] {processor.py:186} INFO - Started process (PID=7597) to work on /home/airflow/.local/lib/python3.12/site-packages/airflow/example_dags/example_latest_only_with_trigger.py
[2024-11-27T08:01:10.078+0000] {processor.py:914} INFO - Processing file /home/airflow/.local/lib/python3.12/site-packages/airflow/example_dags/example_latest_only_with_trigger.py for tasks to queue
[2024-11-27T08:01:10.084+0000] {logging_mixin.py:190} INFO - [2024-11-27T08:01:10.083+0000] {dagbag.py:588} INFO - Filling up the DagBag from /home/airflow/.local/lib/python3.12/site-packages/airflow/example_dags/example_latest_only_with_trigger.py
[2024-11-27T08:01:10.119+0000] {processor.py:925} INFO - DAG(s) 'latest_only_with_trigger' retrieved from /home/airflow/.local/lib/python3.12/site-packages/airflow/example_dags/example_latest_only_with_trigger.py
[2024-11-27T08:01:10.210+0000] {logging_mixin.py:190} INFO - [2024-11-27T08:01:10.206+0000] {dag.py:3239} INFO - Sync 1 DAGs
[2024-11-27T08:01:10.330+0000] {logging_mixin.py:190} INFO - [2024-11-27T08:01:10.329+0000] {dag.py:4180} INFO - Setting next_dagrun for latest_only_with_trigger to 2024-11-27 04:00:00+00:00, run_after=2024-11-27 08:00:00+00:00
[2024-11-27T08:01:10.430+0000] {processor.py:208} INFO - Processing /home/airflow/.local/lib/python3.12/site-packages/airflow/example_dags/example_latest_only_with_trigger.py took 0.379 seconds
[2024-11-27T08:01:40.555+0000] {processor.py:186} INFO - Started process (PID=7880) to work on /home/airflow/.local/lib/python3.12/site-packages/airflow/example_dags/example_latest_only_with_trigger.py
[2024-11-27T08:01:40.557+0000] {processor.py:914} INFO - Processing file /home/airflow/.local/lib/python3.12/site-packages/airflow/example_dags/example_latest_only_with_trigger.py for tasks to queue
[2024-11-27T08:01:40.561+0000] {logging_mixin.py:190} INFO - [2024-11-27T08:01:40.560+0000] {dagbag.py:588} INFO - Filling up the DagBag from /home/airflow/.local/lib/python3.12/site-packages/airflow/example_dags/example_latest_only_with_trigger.py
[2024-11-27T08:01:40.578+0000] {processor.py:925} INFO - DAG(s) 'latest_only_with_trigger' retrieved from /home/airflow/.local/lib/python3.12/site-packages/airflow/example_dags/example_latest_only_with_trigger.py
[2024-11-27T08:01:40.638+0000] {logging_mixin.py:190} INFO - [2024-11-27T08:01:40.637+0000] {dag.py:3239} INFO - Sync 1 DAGs
[2024-11-27T08:01:40.717+0000] {logging_mixin.py:190} INFO - [2024-11-27T08:01:40.717+0000] {dag.py:4180} INFO - Setting next_dagrun for latest_only_with_trigger to 2024-11-27 04:00:00+00:00, run_after=2024-11-27 08:00:00+00:00
[2024-11-27T08:01:40.768+0000] {processor.py:208} INFO - Processing /home/airflow/.local/lib/python3.12/site-packages/airflow/example_dags/example_latest_only_with_trigger.py took 0.222 seconds
[2024-11-27T08:02:11.309+0000] {processor.py:186} INFO - Started process (PID=8172) to work on /home/airflow/.local/lib/python3.12/site-packages/airflow/example_dags/example_latest_only_with_trigger.py
[2024-11-27T08:02:11.312+0000] {processor.py:914} INFO - Processing file /home/airflow/.local/lib/python3.12/site-packages/airflow/example_dags/example_latest_only_with_trigger.py for tasks to queue
[2024-11-27T08:02:11.318+0000] {logging_mixin.py:190} INFO - [2024-11-27T08:02:11.317+0000] {dagbag.py:588} INFO - Filling up the DagBag from /home/airflow/.local/lib/python3.12/site-packages/airflow/example_dags/example_latest_only_with_trigger.py
[2024-11-27T08:02:11.338+0000] {processor.py:925} INFO - DAG(s) 'latest_only_with_trigger' retrieved from /home/airflow/.local/lib/python3.12/site-packages/airflow/example_dags/example_latest_only_with_trigger.py
[2024-11-27T08:02:11.394+0000] {logging_mixin.py:190} INFO - [2024-11-27T08:02:11.393+0000] {dag.py:3239} INFO - Sync 1 DAGs
[2024-11-27T08:02:11.453+0000] {logging_mixin.py:190} INFO - [2024-11-27T08:02:11.453+0000] {dag.py:4180} INFO - Setting next_dagrun for latest_only_with_trigger to 2024-11-27 04:00:00+00:00, run_after=2024-11-27 08:00:00+00:00
[2024-11-27T08:02:11.542+0000] {processor.py:208} INFO - Processing /home/airflow/.local/lib/python3.12/site-packages/airflow/example_dags/example_latest_only_with_trigger.py took 0.243 seconds
[2024-11-27T08:02:41.727+0000] {processor.py:186} INFO - Started process (PID=8463) to work on /home/airflow/.local/lib/python3.12/site-packages/airflow/example_dags/example_latest_only_with_trigger.py
[2024-11-27T08:02:41.728+0000] {processor.py:914} INFO - Processing file /home/airflow/.local/lib/python3.12/site-packages/airflow/example_dags/example_latest_only_with_trigger.py for tasks to queue
[2024-11-27T08:02:41.732+0000] {logging_mixin.py:190} INFO - [2024-11-27T08:02:41.731+0000] {dagbag.py:588} INFO - Filling up the DagBag from /home/airflow/.local/lib/python3.12/site-packages/airflow/example_dags/example_latest_only_with_trigger.py
[2024-11-27T08:02:41.741+0000] {processor.py:925} INFO - DAG(s) 'latest_only_with_trigger' retrieved from /home/airflow/.local/lib/python3.12/site-packages/airflow/example_dags/example_latest_only_with_trigger.py
[2024-11-27T08:02:41.768+0000] {logging_mixin.py:190} INFO - [2024-11-27T08:02:41.768+0000] {dag.py:3239} INFO - Sync 1 DAGs
[2024-11-27T08:02:41.803+0000] {logging_mixin.py:190} INFO - [2024-11-27T08:02:41.802+0000] {dag.py:4180} INFO - Setting next_dagrun for latest_only_with_trigger to 2024-11-27 04:00:00+00:00, run_after=2024-11-27 08:00:00+00:00
[2024-11-27T08:02:41.834+0000] {processor.py:208} INFO - Processing /home/airflow/.local/lib/python3.12/site-packages/airflow/example_dags/example_latest_only_with_trigger.py took 0.114 seconds
[2024-11-27T08:03:12.452+0000] {processor.py:186} INFO - Started process (PID=8754) to work on /home/airflow/.local/lib/python3.12/site-packages/airflow/example_dags/example_latest_only_with_trigger.py
[2024-11-27T08:03:12.454+0000] {processor.py:914} INFO - Processing file /home/airflow/.local/lib/python3.12/site-packages/airflow/example_dags/example_latest_only_with_trigger.py for tasks to queue
[2024-11-27T08:03:12.464+0000] {logging_mixin.py:190} INFO - [2024-11-27T08:03:12.461+0000] {dagbag.py:588} INFO - Filling up the DagBag from /home/airflow/.local/lib/python3.12/site-packages/airflow/example_dags/example_latest_only_with_trigger.py
[2024-11-27T08:03:12.483+0000] {processor.py:925} INFO - DAG(s) 'latest_only_with_trigger' retrieved from /home/airflow/.local/lib/python3.12/site-packages/airflow/example_dags/example_latest_only_with_trigger.py
[2024-11-27T08:03:12.537+0000] {logging_mixin.py:190} INFO - [2024-11-27T08:03:12.536+0000] {dag.py:3239} INFO - Sync 1 DAGs
[2024-11-27T08:03:12.661+0000] {logging_mixin.py:190} INFO - [2024-11-27T08:03:12.660+0000] {dag.py:4180} INFO - Setting next_dagrun for latest_only_with_trigger to 2024-11-27 04:00:00+00:00, run_after=2024-11-27 08:00:00+00:00
[2024-11-27T08:03:12.801+0000] {processor.py:208} INFO - Processing /home/airflow/.local/lib/python3.12/site-packages/airflow/example_dags/example_latest_only_with_trigger.py took 0.358 seconds
[2024-11-27T08:03:43.571+0000] {processor.py:186} INFO - Started process (PID=9046) to work on /home/airflow/.local/lib/python3.12/site-packages/airflow/example_dags/example_latest_only_with_trigger.py
[2024-11-27T08:03:43.573+0000] {processor.py:914} INFO - Processing file /home/airflow/.local/lib/python3.12/site-packages/airflow/example_dags/example_latest_only_with_trigger.py for tasks to queue
[2024-11-27T08:03:43.577+0000] {logging_mixin.py:190} INFO - [2024-11-27T08:03:43.576+0000] {dagbag.py:588} INFO - Filling up the DagBag from /home/airflow/.local/lib/python3.12/site-packages/airflow/example_dags/example_latest_only_with_trigger.py
[2024-11-27T08:03:43.602+0000] {processor.py:925} INFO - DAG(s) 'latest_only_with_trigger' retrieved from /home/airflow/.local/lib/python3.12/site-packages/airflow/example_dags/example_latest_only_with_trigger.py
[2024-11-27T08:03:43.642+0000] {logging_mixin.py:190} INFO - [2024-11-27T08:03:43.642+0000] {dag.py:3239} INFO - Sync 1 DAGs
[2024-11-27T08:03:43.686+0000] {logging_mixin.py:190} INFO - [2024-11-27T08:03:43.686+0000] {dag.py:4180} INFO - Setting next_dagrun for latest_only_with_trigger to 2024-11-27 04:00:00+00:00, run_after=2024-11-27 08:00:00+00:00
[2024-11-27T08:03:43.739+0000] {processor.py:208} INFO - Processing /home/airflow/.local/lib/python3.12/site-packages/airflow/example_dags/example_latest_only_with_trigger.py took 0.179 seconds
[2024-11-27T08:04:14.368+0000] {processor.py:186} INFO - Started process (PID=9338) to work on /home/airflow/.local/lib/python3.12/site-packages/airflow/example_dags/example_latest_only_with_trigger.py
[2024-11-27T08:04:14.370+0000] {processor.py:914} INFO - Processing file /home/airflow/.local/lib/python3.12/site-packages/airflow/example_dags/example_latest_only_with_trigger.py for tasks to queue
[2024-11-27T08:04:14.373+0000] {logging_mixin.py:190} INFO - [2024-11-27T08:04:14.373+0000] {dagbag.py:588} INFO - Filling up the DagBag from /home/airflow/.local/lib/python3.12/site-packages/airflow/example_dags/example_latest_only_with_trigger.py
[2024-11-27T08:04:14.385+0000] {processor.py:925} INFO - DAG(s) 'latest_only_with_trigger' retrieved from /home/airflow/.local/lib/python3.12/site-packages/airflow/example_dags/example_latest_only_with_trigger.py
[2024-11-27T08:04:14.417+0000] {logging_mixin.py:190} INFO - [2024-11-27T08:04:14.417+0000] {dag.py:3239} INFO - Sync 1 DAGs
[2024-11-27T08:04:14.489+0000] {logging_mixin.py:190} INFO - [2024-11-27T08:04:14.488+0000] {dag.py:4180} INFO - Setting next_dagrun for latest_only_with_trigger to 2024-11-27 04:00:00+00:00, run_after=2024-11-27 08:00:00+00:00
[2024-11-27T08:04:14.534+0000] {processor.py:208} INFO - Processing /home/airflow/.local/lib/python3.12/site-packages/airflow/example_dags/example_latest_only_with_trigger.py took 0.173 seconds
[2024-11-27T08:04:44.962+0000] {processor.py:186} INFO - Started process (PID=9629) to work on /home/airflow/.local/lib/python3.12/site-packages/airflow/example_dags/example_latest_only_with_trigger.py
[2024-11-27T08:04:44.964+0000] {processor.py:914} INFO - Processing file /home/airflow/.local/lib/python3.12/site-packages/airflow/example_dags/example_latest_only_with_trigger.py for tasks to queue
[2024-11-27T08:04:44.967+0000] {logging_mixin.py:190} INFO - [2024-11-27T08:04:44.966+0000] {dagbag.py:588} INFO - Filling up the DagBag from /home/airflow/.local/lib/python3.12/site-packages/airflow/example_dags/example_latest_only_with_trigger.py
[2024-11-27T08:04:44.976+0000] {processor.py:925} INFO - DAG(s) 'latest_only_with_trigger' retrieved from /home/airflow/.local/lib/python3.12/site-packages/airflow/example_dags/example_latest_only_with_trigger.py
[2024-11-27T08:04:45.007+0000] {logging_mixin.py:190} INFO - [2024-11-27T08:04:45.007+0000] {dag.py:3239} INFO - Sync 1 DAGs
[2024-11-27T08:04:45.040+0000] {logging_mixin.py:190} INFO - [2024-11-27T08:04:45.040+0000] {dag.py:4180} INFO - Setting next_dagrun for latest_only_with_trigger to 2024-11-27 04:00:00+00:00, run_after=2024-11-27 08:00:00+00:00
[2024-11-27T08:04:45.066+0000] {processor.py:208} INFO - Processing /home/airflow/.local/lib/python3.12/site-packages/airflow/example_dags/example_latest_only_with_trigger.py took 0.110 seconds
[2024-11-27T08:06:03.262+0000] {processor.py:186} INFO - Started process (PID=182) to work on /home/airflow/.local/lib/python3.12/site-packages/airflow/example_dags/example_latest_only_with_trigger.py
[2024-11-27T08:06:03.264+0000] {processor.py:914} INFO - Processing file /home/airflow/.local/lib/python3.12/site-packages/airflow/example_dags/example_latest_only_with_trigger.py for tasks to queue
[2024-11-27T08:06:03.267+0000] {logging_mixin.py:190} INFO - [2024-11-27T08:06:03.267+0000] {dagbag.py:588} INFO - Filling up the DagBag from /home/airflow/.local/lib/python3.12/site-packages/airflow/example_dags/example_latest_only_with_trigger.py
[2024-11-27T08:06:03.278+0000] {processor.py:925} INFO - DAG(s) 'latest_only_with_trigger' retrieved from /home/airflow/.local/lib/python3.12/site-packages/airflow/example_dags/example_latest_only_with_trigger.py
[2024-11-27T08:06:03.313+0000] {logging_mixin.py:190} INFO - [2024-11-27T08:06:03.313+0000] {dag.py:3239} INFO - Sync 1 DAGs
[2024-11-27T08:06:03.351+0000] {logging_mixin.py:190} INFO - [2024-11-27T08:06:03.351+0000] {dag.py:4180} INFO - Setting next_dagrun for latest_only_with_trigger to 2024-11-27 04:00:00+00:00, run_after=2024-11-27 08:00:00+00:00
[2024-11-27T08:06:03.382+0000] {processor.py:208} INFO - Processing /home/airflow/.local/lib/python3.12/site-packages/airflow/example_dags/example_latest_only_with_trigger.py took 0.128 seconds
[2024-11-27T08:06:33.776+0000] {processor.py:186} INFO - Started process (PID=475) to work on /home/airflow/.local/lib/python3.12/site-packages/airflow/example_dags/example_latest_only_with_trigger.py
[2024-11-27T08:06:33.779+0000] {processor.py:914} INFO - Processing file /home/airflow/.local/lib/python3.12/site-packages/airflow/example_dags/example_latest_only_with_trigger.py for tasks to queue
[2024-11-27T08:06:33.783+0000] {logging_mixin.py:190} INFO - [2024-11-27T08:06:33.782+0000] {dagbag.py:588} INFO - Filling up the DagBag from /home/airflow/.local/lib/python3.12/site-packages/airflow/example_dags/example_latest_only_with_trigger.py
[2024-11-27T08:06:33.801+0000] {processor.py:925} INFO - DAG(s) 'latest_only_with_trigger' retrieved from /home/airflow/.local/lib/python3.12/site-packages/airflow/example_dags/example_latest_only_with_trigger.py
[2024-11-27T08:06:33.836+0000] {logging_mixin.py:190} INFO - [2024-11-27T08:06:33.835+0000] {dag.py:3239} INFO - Sync 1 DAGs
[2024-11-27T08:06:33.870+0000] {logging_mixin.py:190} INFO - [2024-11-27T08:06:33.870+0000] {dag.py:4180} INFO - Setting next_dagrun for latest_only_with_trigger to 2024-11-27 04:00:00+00:00, run_after=2024-11-27 08:00:00+00:00
[2024-11-27T08:06:33.900+0000] {processor.py:208} INFO - Processing /home/airflow/.local/lib/python3.12/site-packages/airflow/example_dags/example_latest_only_with_trigger.py took 0.137 seconds
[2024-11-27T08:07:04.375+0000] {processor.py:186} INFO - Started process (PID=764) to work on /home/airflow/.local/lib/python3.12/site-packages/airflow/example_dags/example_latest_only_with_trigger.py
[2024-11-27T08:07:04.377+0000] {processor.py:914} INFO - Processing file /home/airflow/.local/lib/python3.12/site-packages/airflow/example_dags/example_latest_only_with_trigger.py for tasks to queue
[2024-11-27T08:07:04.380+0000] {logging_mixin.py:190} INFO - [2024-11-27T08:07:04.379+0000] {dagbag.py:588} INFO - Filling up the DagBag from /home/airflow/.local/lib/python3.12/site-packages/airflow/example_dags/example_latest_only_with_trigger.py
[2024-11-27T08:07:04.389+0000] {processor.py:925} INFO - DAG(s) 'latest_only_with_trigger' retrieved from /home/airflow/.local/lib/python3.12/site-packages/airflow/example_dags/example_latest_only_with_trigger.py
[2024-11-27T08:07:04.418+0000] {logging_mixin.py:190} INFO - [2024-11-27T08:07:04.417+0000] {dag.py:3239} INFO - Sync 1 DAGs
[2024-11-27T08:07:04.455+0000] {logging_mixin.py:190} INFO - [2024-11-27T08:07:04.454+0000] {dag.py:4180} INFO - Setting next_dagrun for latest_only_with_trigger to 2024-11-27 04:00:00+00:00, run_after=2024-11-27 08:00:00+00:00
[2024-11-27T08:07:04.488+0000] {processor.py:208} INFO - Processing /home/airflow/.local/lib/python3.12/site-packages/airflow/example_dags/example_latest_only_with_trigger.py took 0.120 seconds
[2024-11-27T08:07:34.707+0000] {processor.py:186} INFO - Started process (PID=1055) to work on /home/airflow/.local/lib/python3.12/site-packages/airflow/example_dags/example_latest_only_with_trigger.py
[2024-11-27T08:07:34.709+0000] {processor.py:914} INFO - Processing file /home/airflow/.local/lib/python3.12/site-packages/airflow/example_dags/example_latest_only_with_trigger.py for tasks to queue
[2024-11-27T08:07:34.713+0000] {logging_mixin.py:190} INFO - [2024-11-27T08:07:34.712+0000] {dagbag.py:588} INFO - Filling up the DagBag from /home/airflow/.local/lib/python3.12/site-packages/airflow/example_dags/example_latest_only_with_trigger.py
[2024-11-27T08:07:34.727+0000] {processor.py:925} INFO - DAG(s) 'latest_only_with_trigger' retrieved from /home/airflow/.local/lib/python3.12/site-packages/airflow/example_dags/example_latest_only_with_trigger.py
[2024-11-27T08:07:34.770+0000] {logging_mixin.py:190} INFO - [2024-11-27T08:07:34.770+0000] {dag.py:3239} INFO - Sync 1 DAGs
[2024-11-27T08:07:34.829+0000] {logging_mixin.py:190} INFO - [2024-11-27T08:07:34.828+0000] {dag.py:4180} INFO - Setting next_dagrun for latest_only_with_trigger to 2024-11-27 04:00:00+00:00, run_after=2024-11-27 08:00:00+00:00
[2024-11-27T08:07:34.874+0000] {processor.py:208} INFO - Processing /home/airflow/.local/lib/python3.12/site-packages/airflow/example_dags/example_latest_only_with_trigger.py took 0.179 seconds
