[2024-11-27T07:47:51.007+0000] {processor.py:186} INFO - Started process (PID=333) to work on /home/airflow/.local/lib/python3.12/site-packages/airflow/example_dags/example_skip_dag.py
[2024-11-27T07:47:51.009+0000] {processor.py:914} INFO - Processing file /home/airflow/.local/lib/python3.12/site-packages/airflow/example_dags/example_skip_dag.py for tasks to queue
[2024-11-27T07:47:51.015+0000] {logging_mixin.py:190} INFO - [2024-11-27T07:47:51.014+0000] {dagbag.py:588} INFO - Filling up the DagBag from /home/airflow/.local/lib/python3.12/site-packages/airflow/example_dags/example_skip_dag.py
[2024-11-27T07:47:51.044+0000] {processor.py:925} INFO - DAG(s) 'example_skip_dag' retrieved from /home/airflow/.local/lib/python3.12/site-packages/airflow/example_dags/example_skip_dag.py
[2024-11-27T07:47:51.119+0000] {logging_mixin.py:190} INFO - [2024-11-27T07:47:51.119+0000] {dag.py:3239} INFO - Sync 1 DAGs
[2024-11-27T07:47:51.206+0000] {logging_mixin.py:190} INFO - [2024-11-27T07:47:51.205+0000] {dag.py:4180} INFO - Setting next_dagrun for example_skip_dag to 2024-11-26 00:00:00+00:00, run_after=2024-11-27 00:00:00+00:00
[2024-11-27T07:47:51.265+0000] {processor.py:208} INFO - Processing /home/airflow/.local/lib/python3.12/site-packages/airflow/example_dags/example_skip_dag.py took 0.274 seconds
[2024-11-27T07:48:24.677+0000] {processor.py:186} INFO - Started process (PID=624) to work on /home/airflow/.local/lib/python3.12/site-packages/airflow/example_dags/example_skip_dag.py
[2024-11-27T07:48:24.679+0000] {processor.py:914} INFO - Processing file /home/airflow/.local/lib/python3.12/site-packages/airflow/example_dags/example_skip_dag.py for tasks to queue
[2024-11-27T07:48:24.683+0000] {logging_mixin.py:190} INFO - [2024-11-27T07:48:24.683+0000] {dagbag.py:588} INFO - Filling up the DagBag from /home/airflow/.local/lib/python3.12/site-packages/airflow/example_dags/example_skip_dag.py
[2024-11-27T07:48:24.698+0000] {processor.py:925} INFO - DAG(s) 'example_skip_dag' retrieved from /home/airflow/.local/lib/python3.12/site-packages/airflow/example_dags/example_skip_dag.py
[2024-11-27T07:48:24.741+0000] {logging_mixin.py:190} INFO - [2024-11-27T07:48:24.740+0000] {dag.py:3239} INFO - Sync 1 DAGs
[2024-11-27T07:48:24.787+0000] {logging_mixin.py:190} INFO - [2024-11-27T07:48:24.786+0000] {dag.py:4180} INFO - Setting next_dagrun for example_skip_dag to 2024-11-26 00:00:00+00:00, run_after=2024-11-27 00:00:00+00:00
[2024-11-27T07:48:24.821+0000] {processor.py:208} INFO - Processing /home/airflow/.local/lib/python3.12/site-packages/airflow/example_dags/example_skip_dag.py took 0.154 seconds
[2024-11-27T07:48:55.854+0000] {processor.py:186} INFO - Started process (PID=915) to work on /home/airflow/.local/lib/python3.12/site-packages/airflow/example_dags/example_skip_dag.py
[2024-11-27T07:48:55.856+0000] {processor.py:914} INFO - Processing file /home/airflow/.local/lib/python3.12/site-packages/airflow/example_dags/example_skip_dag.py for tasks to queue
[2024-11-27T07:48:55.861+0000] {logging_mixin.py:190} INFO - [2024-11-27T07:48:55.860+0000] {dagbag.py:588} INFO - Filling up the DagBag from /home/airflow/.local/lib/python3.12/site-packages/airflow/example_dags/example_skip_dag.py
[2024-11-27T07:48:55.875+0000] {processor.py:925} INFO - DAG(s) 'example_skip_dag' retrieved from /home/airflow/.local/lib/python3.12/site-packages/airflow/example_dags/example_skip_dag.py
[2024-11-27T07:48:55.913+0000] {logging_mixin.py:190} INFO - [2024-11-27T07:48:55.913+0000] {dag.py:3239} INFO - Sync 1 DAGs
[2024-11-27T07:48:55.959+0000] {logging_mixin.py:190} INFO - [2024-11-27T07:48:55.958+0000] {dag.py:4180} INFO - Setting next_dagrun for example_skip_dag to 2024-11-26 00:00:00+00:00, run_after=2024-11-27 00:00:00+00:00
[2024-11-27T07:48:55.997+0000] {processor.py:208} INFO - Processing /home/airflow/.local/lib/python3.12/site-packages/airflow/example_dags/example_skip_dag.py took 0.156 seconds
[2024-11-27T07:49:30.543+0000] {processor.py:186} INFO - Started process (PID=1208) to work on /home/airflow/.local/lib/python3.12/site-packages/airflow/example_dags/example_skip_dag.py
[2024-11-27T07:49:30.546+0000] {processor.py:914} INFO - Processing file /home/airflow/.local/lib/python3.12/site-packages/airflow/example_dags/example_skip_dag.py for tasks to queue
[2024-11-27T07:49:30.553+0000] {logging_mixin.py:190} INFO - [2024-11-27T07:49:30.552+0000] {dagbag.py:588} INFO - Filling up the DagBag from /home/airflow/.local/lib/python3.12/site-packages/airflow/example_dags/example_skip_dag.py
[2024-11-27T07:49:30.586+0000] {processor.py:925} INFO - DAG(s) 'example_skip_dag' retrieved from /home/airflow/.local/lib/python3.12/site-packages/airflow/example_dags/example_skip_dag.py
[2024-11-27T07:49:30.662+0000] {logging_mixin.py:190} INFO - [2024-11-27T07:49:30.661+0000] {dag.py:3239} INFO - Sync 1 DAGs
[2024-11-27T07:49:30.776+0000] {logging_mixin.py:190} INFO - [2024-11-27T07:49:30.775+0000] {dag.py:4180} INFO - Setting next_dagrun for example_skip_dag to 2024-11-26 00:00:00+00:00, run_after=2024-11-27 00:00:00+00:00
[2024-11-27T07:49:30.847+0000] {processor.py:208} INFO - Processing /home/airflow/.local/lib/python3.12/site-packages/airflow/example_dags/example_skip_dag.py took 0.326 seconds
[2024-11-27T07:50:01.122+0000] {processor.py:186} INFO - Started process (PID=1498) to work on /home/airflow/.local/lib/python3.12/site-packages/airflow/example_dags/example_skip_dag.py
[2024-11-27T07:50:01.125+0000] {processor.py:914} INFO - Processing file /home/airflow/.local/lib/python3.12/site-packages/airflow/example_dags/example_skip_dag.py for tasks to queue
[2024-11-27T07:50:01.129+0000] {logging_mixin.py:190} INFO - [2024-11-27T07:50:01.128+0000] {dagbag.py:588} INFO - Filling up the DagBag from /home/airflow/.local/lib/python3.12/site-packages/airflow/example_dags/example_skip_dag.py
[2024-11-27T07:50:01.146+0000] {processor.py:925} INFO - DAG(s) 'example_skip_dag' retrieved from /home/airflow/.local/lib/python3.12/site-packages/airflow/example_dags/example_skip_dag.py
[2024-11-27T07:50:01.188+0000] {logging_mixin.py:190} INFO - [2024-11-27T07:50:01.187+0000] {dag.py:3239} INFO - Sync 1 DAGs
[2024-11-27T07:50:01.236+0000] {logging_mixin.py:190} INFO - [2024-11-27T07:50:01.236+0000] {dag.py:4180} INFO - Setting next_dagrun for example_skip_dag to 2024-11-26 00:00:00+00:00, run_after=2024-11-27 00:00:00+00:00
[2024-11-27T07:50:01.275+0000] {processor.py:208} INFO - Processing /home/airflow/.local/lib/python3.12/site-packages/airflow/example_dags/example_skip_dag.py took 0.166 seconds
[2024-11-27T07:50:32.427+0000] {processor.py:186} INFO - Started process (PID=1789) to work on /home/airflow/.local/lib/python3.12/site-packages/airflow/example_dags/example_skip_dag.py
[2024-11-27T07:50:32.428+0000] {processor.py:914} INFO - Processing file /home/airflow/.local/lib/python3.12/site-packages/airflow/example_dags/example_skip_dag.py for tasks to queue
[2024-11-27T07:50:32.431+0000] {logging_mixin.py:190} INFO - [2024-11-27T07:50:32.431+0000] {dagbag.py:588} INFO - Filling up the DagBag from /home/airflow/.local/lib/python3.12/site-packages/airflow/example_dags/example_skip_dag.py
[2024-11-27T07:50:32.445+0000] {processor.py:925} INFO - DAG(s) 'example_skip_dag' retrieved from /home/airflow/.local/lib/python3.12/site-packages/airflow/example_dags/example_skip_dag.py
[2024-11-27T07:50:32.484+0000] {logging_mixin.py:190} INFO - [2024-11-27T07:50:32.484+0000] {dag.py:3239} INFO - Sync 1 DAGs
[2024-11-27T07:50:32.525+0000] {logging_mixin.py:190} INFO - [2024-11-27T07:50:32.525+0000] {dag.py:4180} INFO - Setting next_dagrun for example_skip_dag to 2024-11-26 00:00:00+00:00, run_after=2024-11-27 00:00:00+00:00
[2024-11-27T07:50:32.574+0000] {processor.py:208} INFO - Processing /home/airflow/.local/lib/python3.12/site-packages/airflow/example_dags/example_skip_dag.py took 0.156 seconds
[2024-11-27T07:51:05.194+0000] {processor.py:186} INFO - Started process (PID=2080) to work on /home/airflow/.local/lib/python3.12/site-packages/airflow/example_dags/example_skip_dag.py
[2024-11-27T07:51:05.195+0000] {processor.py:914} INFO - Processing file /home/airflow/.local/lib/python3.12/site-packages/airflow/example_dags/example_skip_dag.py for tasks to queue
[2024-11-27T07:51:05.199+0000] {logging_mixin.py:190} INFO - [2024-11-27T07:51:05.199+0000] {dagbag.py:588} INFO - Filling up the DagBag from /home/airflow/.local/lib/python3.12/site-packages/airflow/example_dags/example_skip_dag.py
[2024-11-27T07:51:05.210+0000] {processor.py:925} INFO - DAG(s) 'example_skip_dag' retrieved from /home/airflow/.local/lib/python3.12/site-packages/airflow/example_dags/example_skip_dag.py
[2024-11-27T07:51:05.251+0000] {logging_mixin.py:190} INFO - [2024-11-27T07:51:05.251+0000] {dag.py:3239} INFO - Sync 1 DAGs
[2024-11-27T07:51:05.310+0000] {logging_mixin.py:190} INFO - [2024-11-27T07:51:05.309+0000] {dag.py:4180} INFO - Setting next_dagrun for example_skip_dag to 2024-11-26 00:00:00+00:00, run_after=2024-11-27 00:00:00+00:00
[2024-11-27T07:51:05.359+0000] {processor.py:208} INFO - Processing /home/airflow/.local/lib/python3.12/site-packages/airflow/example_dags/example_skip_dag.py took 0.175 seconds
[2024-11-27T07:51:37.062+0000] {processor.py:186} INFO - Started process (PID=2372) to work on /home/airflow/.local/lib/python3.12/site-packages/airflow/example_dags/example_skip_dag.py
[2024-11-27T07:51:37.064+0000] {processor.py:914} INFO - Processing file /home/airflow/.local/lib/python3.12/site-packages/airflow/example_dags/example_skip_dag.py for tasks to queue
[2024-11-27T07:51:37.069+0000] {logging_mixin.py:190} INFO - [2024-11-27T07:51:37.068+0000] {dagbag.py:588} INFO - Filling up the DagBag from /home/airflow/.local/lib/python3.12/site-packages/airflow/example_dags/example_skip_dag.py
[2024-11-27T07:51:37.094+0000] {processor.py:925} INFO - DAG(s) 'example_skip_dag' retrieved from /home/airflow/.local/lib/python3.12/site-packages/airflow/example_dags/example_skip_dag.py
[2024-11-27T07:51:37.143+0000] {logging_mixin.py:190} INFO - [2024-11-27T07:51:37.142+0000] {dag.py:3239} INFO - Sync 1 DAGs
[2024-11-27T07:51:37.220+0000] {logging_mixin.py:190} INFO - [2024-11-27T07:51:37.217+0000] {dag.py:4180} INFO - Setting next_dagrun for example_skip_dag to 2024-11-26 00:00:00+00:00, run_after=2024-11-27 00:00:00+00:00
[2024-11-27T07:51:37.281+0000] {processor.py:208} INFO - Processing /home/airflow/.local/lib/python3.12/site-packages/airflow/example_dags/example_skip_dag.py took 0.231 seconds
[2024-11-27T07:52:09.703+0000] {processor.py:186} INFO - Started process (PID=2668) to work on /home/airflow/.local/lib/python3.12/site-packages/airflow/example_dags/example_skip_dag.py
[2024-11-27T07:52:09.704+0000] {processor.py:914} INFO - Processing file /home/airflow/.local/lib/python3.12/site-packages/airflow/example_dags/example_skip_dag.py for tasks to queue
[2024-11-27T07:52:09.708+0000] {logging_mixin.py:190} INFO - [2024-11-27T07:52:09.708+0000] {dagbag.py:588} INFO - Filling up the DagBag from /home/airflow/.local/lib/python3.12/site-packages/airflow/example_dags/example_skip_dag.py
[2024-11-27T07:52:09.721+0000] {processor.py:925} INFO - DAG(s) 'example_skip_dag' retrieved from /home/airflow/.local/lib/python3.12/site-packages/airflow/example_dags/example_skip_dag.py
[2024-11-27T07:52:09.762+0000] {logging_mixin.py:190} INFO - [2024-11-27T07:52:09.761+0000] {dag.py:3239} INFO - Sync 1 DAGs
[2024-11-27T07:52:09.815+0000] {logging_mixin.py:190} INFO - [2024-11-27T07:52:09.815+0000] {dag.py:4180} INFO - Setting next_dagrun for example_skip_dag to 2024-11-26 00:00:00+00:00, run_after=2024-11-27 00:00:00+00:00
[2024-11-27T07:52:09.861+0000] {processor.py:208} INFO - Processing /home/airflow/.local/lib/python3.12/site-packages/airflow/example_dags/example_skip_dag.py took 0.168 seconds
[2024-11-27T07:52:41.177+0000] {processor.py:186} INFO - Started process (PID=2961) to work on /home/airflow/.local/lib/python3.12/site-packages/airflow/example_dags/example_skip_dag.py
[2024-11-27T07:52:41.179+0000] {processor.py:914} INFO - Processing file /home/airflow/.local/lib/python3.12/site-packages/airflow/example_dags/example_skip_dag.py for tasks to queue
[2024-11-27T07:52:41.183+0000] {logging_mixin.py:190} INFO - [2024-11-27T07:52:41.183+0000] {dagbag.py:588} INFO - Filling up the DagBag from /home/airflow/.local/lib/python3.12/site-packages/airflow/example_dags/example_skip_dag.py
[2024-11-27T07:52:41.195+0000] {processor.py:925} INFO - DAG(s) 'example_skip_dag' retrieved from /home/airflow/.local/lib/python3.12/site-packages/airflow/example_dags/example_skip_dag.py
[2024-11-27T07:52:41.227+0000] {logging_mixin.py:190} INFO - [2024-11-27T07:52:41.226+0000] {dag.py:3239} INFO - Sync 1 DAGs
[2024-11-27T07:52:41.268+0000] {logging_mixin.py:190} INFO - [2024-11-27T07:52:41.268+0000] {dag.py:4180} INFO - Setting next_dagrun for example_skip_dag to 2024-11-26 00:00:00+00:00, run_after=2024-11-27 00:00:00+00:00
[2024-11-27T07:52:41.300+0000] {processor.py:208} INFO - Processing /home/airflow/.local/lib/python3.12/site-packages/airflow/example_dags/example_skip_dag.py took 0.131 seconds
[2024-11-27T07:53:12.117+0000] {processor.py:186} INFO - Started process (PID=3250) to work on /home/airflow/.local/lib/python3.12/site-packages/airflow/example_dags/example_skip_dag.py
[2024-11-27T07:53:12.119+0000] {processor.py:914} INFO - Processing file /home/airflow/.local/lib/python3.12/site-packages/airflow/example_dags/example_skip_dag.py for tasks to queue
[2024-11-27T07:53:12.123+0000] {logging_mixin.py:190} INFO - [2024-11-27T07:53:12.122+0000] {dagbag.py:588} INFO - Filling up the DagBag from /home/airflow/.local/lib/python3.12/site-packages/airflow/example_dags/example_skip_dag.py
[2024-11-27T07:53:12.138+0000] {processor.py:925} INFO - DAG(s) 'example_skip_dag' retrieved from /home/airflow/.local/lib/python3.12/site-packages/airflow/example_dags/example_skip_dag.py
[2024-11-27T07:53:12.171+0000] {logging_mixin.py:190} INFO - [2024-11-27T07:53:12.171+0000] {dag.py:3239} INFO - Sync 1 DAGs
[2024-11-27T07:53:12.213+0000] {logging_mixin.py:190} INFO - [2024-11-27T07:53:12.213+0000] {dag.py:4180} INFO - Setting next_dagrun for example_skip_dag to 2024-11-26 00:00:00+00:00, run_after=2024-11-27 00:00:00+00:00
[2024-11-27T07:53:12.244+0000] {processor.py:208} INFO - Processing /home/airflow/.local/lib/python3.12/site-packages/airflow/example_dags/example_skip_dag.py took 0.136 seconds
[2024-11-27T07:53:45.048+0000] {processor.py:186} INFO - Started process (PID=3543) to work on /home/airflow/.local/lib/python3.12/site-packages/airflow/example_dags/example_skip_dag.py
[2024-11-27T07:53:45.050+0000] {processor.py:914} INFO - Processing file /home/airflow/.local/lib/python3.12/site-packages/airflow/example_dags/example_skip_dag.py for tasks to queue
[2024-11-27T07:53:45.054+0000] {logging_mixin.py:190} INFO - [2024-11-27T07:53:45.053+0000] {dagbag.py:588} INFO - Filling up the DagBag from /home/airflow/.local/lib/python3.12/site-packages/airflow/example_dags/example_skip_dag.py
[2024-11-27T07:53:45.068+0000] {processor.py:925} INFO - DAG(s) 'example_skip_dag' retrieved from /home/airflow/.local/lib/python3.12/site-packages/airflow/example_dags/example_skip_dag.py
[2024-11-27T07:53:45.105+0000] {logging_mixin.py:190} INFO - [2024-11-27T07:53:45.104+0000] {dag.py:3239} INFO - Sync 1 DAGs
[2024-11-27T07:53:45.150+0000] {logging_mixin.py:190} INFO - [2024-11-27T07:53:45.149+0000] {dag.py:4180} INFO - Setting next_dagrun for example_skip_dag to 2024-11-26 00:00:00+00:00, run_after=2024-11-27 00:00:00+00:00
[2024-11-27T07:53:45.184+0000] {processor.py:208} INFO - Processing /home/airflow/.local/lib/python3.12/site-packages/airflow/example_dags/example_skip_dag.py took 0.144 seconds
[2024-11-27T07:54:16.759+0000] {processor.py:186} INFO - Started process (PID=3834) to work on /home/airflow/.local/lib/python3.12/site-packages/airflow/example_dags/example_skip_dag.py
[2024-11-27T07:54:16.760+0000] {processor.py:914} INFO - Processing file /home/airflow/.local/lib/python3.12/site-packages/airflow/example_dags/example_skip_dag.py for tasks to queue
[2024-11-27T07:54:16.764+0000] {logging_mixin.py:190} INFO - [2024-11-27T07:54:16.764+0000] {dagbag.py:588} INFO - Filling up the DagBag from /home/airflow/.local/lib/python3.12/site-packages/airflow/example_dags/example_skip_dag.py
[2024-11-27T07:54:16.778+0000] {processor.py:925} INFO - DAG(s) 'example_skip_dag' retrieved from /home/airflow/.local/lib/python3.12/site-packages/airflow/example_dags/example_skip_dag.py
[2024-11-27T07:54:16.810+0000] {logging_mixin.py:190} INFO - [2024-11-27T07:54:16.809+0000] {dag.py:3239} INFO - Sync 1 DAGs
[2024-11-27T07:54:16.851+0000] {logging_mixin.py:190} INFO - [2024-11-27T07:54:16.851+0000] {dag.py:4180} INFO - Setting next_dagrun for example_skip_dag to 2024-11-26 00:00:00+00:00, run_after=2024-11-27 00:00:00+00:00
[2024-11-27T07:54:16.889+0000] {processor.py:208} INFO - Processing /home/airflow/.local/lib/python3.12/site-packages/airflow/example_dags/example_skip_dag.py took 0.140 seconds
[2024-11-27T07:54:48.358+0000] {processor.py:186} INFO - Started process (PID=4123) to work on /home/airflow/.local/lib/python3.12/site-packages/airflow/example_dags/example_skip_dag.py
[2024-11-27T07:54:48.360+0000] {processor.py:914} INFO - Processing file /home/airflow/.local/lib/python3.12/site-packages/airflow/example_dags/example_skip_dag.py for tasks to queue
[2024-11-27T07:54:48.364+0000] {logging_mixin.py:190} INFO - [2024-11-27T07:54:48.364+0000] {dagbag.py:588} INFO - Filling up the DagBag from /home/airflow/.local/lib/python3.12/site-packages/airflow/example_dags/example_skip_dag.py
[2024-11-27T07:54:48.374+0000] {processor.py:925} INFO - DAG(s) 'example_skip_dag' retrieved from /home/airflow/.local/lib/python3.12/site-packages/airflow/example_dags/example_skip_dag.py
[2024-11-27T07:54:48.409+0000] {logging_mixin.py:190} INFO - [2024-11-27T07:54:48.409+0000] {dag.py:3239} INFO - Sync 1 DAGs
[2024-11-27T07:54:48.454+0000] {logging_mixin.py:190} INFO - [2024-11-27T07:54:48.454+0000] {dag.py:4180} INFO - Setting next_dagrun for example_skip_dag to 2024-11-26 00:00:00+00:00, run_after=2024-11-27 00:00:00+00:00
[2024-11-27T07:54:48.488+0000] {processor.py:208} INFO - Processing /home/airflow/.local/lib/python3.12/site-packages/airflow/example_dags/example_skip_dag.py took 0.137 seconds
[2024-11-27T07:55:20.063+0000] {processor.py:186} INFO - Started process (PID=4414) to work on /home/airflow/.local/lib/python3.12/site-packages/airflow/example_dags/example_skip_dag.py
[2024-11-27T07:55:20.065+0000] {processor.py:914} INFO - Processing file /home/airflow/.local/lib/python3.12/site-packages/airflow/example_dags/example_skip_dag.py for tasks to queue
[2024-11-27T07:55:20.070+0000] {logging_mixin.py:190} INFO - [2024-11-27T07:55:20.069+0000] {dagbag.py:588} INFO - Filling up the DagBag from /home/airflow/.local/lib/python3.12/site-packages/airflow/example_dags/example_skip_dag.py
[2024-11-27T07:55:20.083+0000] {processor.py:925} INFO - DAG(s) 'example_skip_dag' retrieved from /home/airflow/.local/lib/python3.12/site-packages/airflow/example_dags/example_skip_dag.py
[2024-11-27T07:55:20.117+0000] {logging_mixin.py:190} INFO - [2024-11-27T07:55:20.116+0000] {dag.py:3239} INFO - Sync 1 DAGs
[2024-11-27T07:55:20.160+0000] {logging_mixin.py:190} INFO - [2024-11-27T07:55:20.159+0000] {dag.py:4180} INFO - Setting next_dagrun for example_skip_dag to 2024-11-26 00:00:00+00:00, run_after=2024-11-27 00:00:00+00:00
[2024-11-27T07:55:20.196+0000] {processor.py:208} INFO - Processing /home/airflow/.local/lib/python3.12/site-packages/airflow/example_dags/example_skip_dag.py took 0.143 seconds
[2024-11-27T07:55:52.297+0000] {processor.py:186} INFO - Started process (PID=4705) to work on /home/airflow/.local/lib/python3.12/site-packages/airflow/example_dags/example_skip_dag.py
[2024-11-27T07:55:52.301+0000] {processor.py:914} INFO - Processing file /home/airflow/.local/lib/python3.12/site-packages/airflow/example_dags/example_skip_dag.py for tasks to queue
[2024-11-27T07:55:52.305+0000] {logging_mixin.py:190} INFO - [2024-11-27T07:55:52.305+0000] {dagbag.py:588} INFO - Filling up the DagBag from /home/airflow/.local/lib/python3.12/site-packages/airflow/example_dags/example_skip_dag.py
[2024-11-27T07:55:52.328+0000] {processor.py:925} INFO - DAG(s) 'example_skip_dag' retrieved from /home/airflow/.local/lib/python3.12/site-packages/airflow/example_dags/example_skip_dag.py
[2024-11-27T07:55:52.389+0000] {logging_mixin.py:190} INFO - [2024-11-27T07:55:52.388+0000] {dag.py:3239} INFO - Sync 1 DAGs
[2024-11-27T07:55:52.445+0000] {logging_mixin.py:190} INFO - [2024-11-27T07:55:52.444+0000] {dag.py:4180} INFO - Setting next_dagrun for example_skip_dag to 2024-11-26 00:00:00+00:00, run_after=2024-11-27 00:00:00+00:00
[2024-11-27T07:55:52.484+0000] {processor.py:208} INFO - Processing /home/airflow/.local/lib/python3.12/site-packages/airflow/example_dags/example_skip_dag.py took 0.202 seconds
[2024-11-27T07:56:24.385+0000] {processor.py:186} INFO - Started process (PID=4996) to work on /home/airflow/.local/lib/python3.12/site-packages/airflow/example_dags/example_skip_dag.py
[2024-11-27T07:56:24.388+0000] {processor.py:914} INFO - Processing file /home/airflow/.local/lib/python3.12/site-packages/airflow/example_dags/example_skip_dag.py for tasks to queue
[2024-11-27T07:56:24.399+0000] {logging_mixin.py:190} INFO - [2024-11-27T07:56:24.395+0000] {dagbag.py:588} INFO - Filling up the DagBag from /home/airflow/.local/lib/python3.12/site-packages/airflow/example_dags/example_skip_dag.py
[2024-11-27T07:56:24.425+0000] {processor.py:925} INFO - DAG(s) 'example_skip_dag' retrieved from /home/airflow/.local/lib/python3.12/site-packages/airflow/example_dags/example_skip_dag.py
[2024-11-27T07:56:24.517+0000] {logging_mixin.py:190} INFO - [2024-11-27T07:56:24.517+0000] {dag.py:3239} INFO - Sync 1 DAGs
[2024-11-27T07:56:24.652+0000] {logging_mixin.py:190} INFO - [2024-11-27T07:56:24.648+0000] {dag.py:4180} INFO - Setting next_dagrun for example_skip_dag to 2024-11-26 00:00:00+00:00, run_after=2024-11-27 00:00:00+00:00
[2024-11-27T07:56:24.736+0000] {processor.py:208} INFO - Processing /home/airflow/.local/lib/python3.12/site-packages/airflow/example_dags/example_skip_dag.py took 0.369 seconds
[2024-11-27T07:56:55.968+0000] {processor.py:186} INFO - Started process (PID=5289) to work on /home/airflow/.local/lib/python3.12/site-packages/airflow/example_dags/example_skip_dag.py
[2024-11-27T07:56:55.970+0000] {processor.py:914} INFO - Processing file /home/airflow/.local/lib/python3.12/site-packages/airflow/example_dags/example_skip_dag.py for tasks to queue
[2024-11-27T07:56:55.974+0000] {logging_mixin.py:190} INFO - [2024-11-27T07:56:55.973+0000] {dagbag.py:588} INFO - Filling up the DagBag from /home/airflow/.local/lib/python3.12/site-packages/airflow/example_dags/example_skip_dag.py
[2024-11-27T07:56:55.987+0000] {processor.py:925} INFO - DAG(s) 'example_skip_dag' retrieved from /home/airflow/.local/lib/python3.12/site-packages/airflow/example_dags/example_skip_dag.py
[2024-11-27T07:56:56.025+0000] {logging_mixin.py:190} INFO - [2024-11-27T07:56:56.025+0000] {dag.py:3239} INFO - Sync 1 DAGs
[2024-11-27T07:56:56.075+0000] {logging_mixin.py:190} INFO - [2024-11-27T07:56:56.074+0000] {dag.py:4180} INFO - Setting next_dagrun for example_skip_dag to 2024-11-26 00:00:00+00:00, run_after=2024-11-27 00:00:00+00:00
[2024-11-27T07:56:56.184+0000] {processor.py:208} INFO - Processing /home/airflow/.local/lib/python3.12/site-packages/airflow/example_dags/example_skip_dag.py took 0.225 seconds
[2024-11-27T07:57:29.115+0000] {processor.py:186} INFO - Started process (PID=5578) to work on /home/airflow/.local/lib/python3.12/site-packages/airflow/example_dags/example_skip_dag.py
[2024-11-27T07:57:29.117+0000] {processor.py:914} INFO - Processing file /home/airflow/.local/lib/python3.12/site-packages/airflow/example_dags/example_skip_dag.py for tasks to queue
[2024-11-27T07:57:29.121+0000] {logging_mixin.py:190} INFO - [2024-11-27T07:57:29.121+0000] {dagbag.py:588} INFO - Filling up the DagBag from /home/airflow/.local/lib/python3.12/site-packages/airflow/example_dags/example_skip_dag.py
[2024-11-27T07:57:29.134+0000] {processor.py:925} INFO - DAG(s) 'example_skip_dag' retrieved from /home/airflow/.local/lib/python3.12/site-packages/airflow/example_dags/example_skip_dag.py
[2024-11-27T07:57:29.171+0000] {logging_mixin.py:190} INFO - [2024-11-27T07:57:29.170+0000] {dag.py:3239} INFO - Sync 1 DAGs
[2024-11-27T07:57:29.223+0000] {logging_mixin.py:190} INFO - [2024-11-27T07:57:29.223+0000] {dag.py:4180} INFO - Setting next_dagrun for example_skip_dag to 2024-11-26 00:00:00+00:00, run_after=2024-11-27 00:00:00+00:00
[2024-11-27T07:57:29.278+0000] {processor.py:208} INFO - Processing /home/airflow/.local/lib/python3.12/site-packages/airflow/example_dags/example_skip_dag.py took 0.173 seconds
[2024-11-27T07:58:00.618+0000] {processor.py:186} INFO - Started process (PID=5872) to work on /home/airflow/.local/lib/python3.12/site-packages/airflow/example_dags/example_skip_dag.py
[2024-11-27T07:58:00.620+0000] {processor.py:914} INFO - Processing file /home/airflow/.local/lib/python3.12/site-packages/airflow/example_dags/example_skip_dag.py for tasks to queue
[2024-11-27T07:58:00.624+0000] {logging_mixin.py:190} INFO - [2024-11-27T07:58:00.624+0000] {dagbag.py:588} INFO - Filling up the DagBag from /home/airflow/.local/lib/python3.12/site-packages/airflow/example_dags/example_skip_dag.py
[2024-11-27T07:58:00.639+0000] {processor.py:925} INFO - DAG(s) 'example_skip_dag' retrieved from /home/airflow/.local/lib/python3.12/site-packages/airflow/example_dags/example_skip_dag.py
[2024-11-27T07:58:00.675+0000] {logging_mixin.py:190} INFO - [2024-11-27T07:58:00.674+0000] {dag.py:3239} INFO - Sync 1 DAGs
[2024-11-27T07:58:00.730+0000] {logging_mixin.py:190} INFO - [2024-11-27T07:58:00.729+0000] {dag.py:4180} INFO - Setting next_dagrun for example_skip_dag to 2024-11-26 00:00:00+00:00, run_after=2024-11-27 00:00:00+00:00
[2024-11-27T07:58:00.766+0000] {processor.py:208} INFO - Processing /home/airflow/.local/lib/python3.12/site-packages/airflow/example_dags/example_skip_dag.py took 0.154 seconds
[2024-11-27T07:58:33.100+0000] {processor.py:186} INFO - Started process (PID=6163) to work on /home/airflow/.local/lib/python3.12/site-packages/airflow/example_dags/example_skip_dag.py
[2024-11-27T07:58:33.101+0000] {processor.py:914} INFO - Processing file /home/airflow/.local/lib/python3.12/site-packages/airflow/example_dags/example_skip_dag.py for tasks to queue
[2024-11-27T07:58:33.106+0000] {logging_mixin.py:190} INFO - [2024-11-27T07:58:33.106+0000] {dagbag.py:588} INFO - Filling up the DagBag from /home/airflow/.local/lib/python3.12/site-packages/airflow/example_dags/example_skip_dag.py
[2024-11-27T07:58:33.120+0000] {processor.py:925} INFO - DAG(s) 'example_skip_dag' retrieved from /home/airflow/.local/lib/python3.12/site-packages/airflow/example_dags/example_skip_dag.py
[2024-11-27T07:58:33.157+0000] {logging_mixin.py:190} INFO - [2024-11-27T07:58:33.157+0000] {dag.py:3239} INFO - Sync 1 DAGs
[2024-11-27T07:58:33.201+0000] {logging_mixin.py:190} INFO - [2024-11-27T07:58:33.200+0000] {dag.py:4180} INFO - Setting next_dagrun for example_skip_dag to 2024-11-26 00:00:00+00:00, run_after=2024-11-27 00:00:00+00:00
[2024-11-27T07:58:33.241+0000] {processor.py:208} INFO - Processing /home/airflow/.local/lib/python3.12/site-packages/airflow/example_dags/example_skip_dag.py took 0.150 seconds
[2024-11-27T07:59:06.610+0000] {processor.py:186} INFO - Started process (PID=6472) to work on /home/airflow/.local/lib/python3.12/site-packages/airflow/example_dags/example_skip_dag.py
[2024-11-27T07:59:06.612+0000] {processor.py:914} INFO - Processing file /home/airflow/.local/lib/python3.12/site-packages/airflow/example_dags/example_skip_dag.py for tasks to queue
[2024-11-27T07:59:06.618+0000] {logging_mixin.py:190} INFO - [2024-11-27T07:59:06.617+0000] {dagbag.py:588} INFO - Filling up the DagBag from /home/airflow/.local/lib/python3.12/site-packages/airflow/example_dags/example_skip_dag.py
[2024-11-27T07:59:06.641+0000] {processor.py:925} INFO - DAG(s) 'example_skip_dag' retrieved from /home/airflow/.local/lib/python3.12/site-packages/airflow/example_dags/example_skip_dag.py
[2024-11-27T07:59:06.721+0000] {logging_mixin.py:190} INFO - [2024-11-27T07:59:06.720+0000] {dag.py:3239} INFO - Sync 1 DAGs
[2024-11-27T07:59:06.832+0000] {logging_mixin.py:190} INFO - [2024-11-27T07:59:06.828+0000] {dag.py:4180} INFO - Setting next_dagrun for example_skip_dag to 2024-11-26 00:00:00+00:00, run_after=2024-11-27 00:00:00+00:00
[2024-11-27T07:59:06.918+0000] {processor.py:208} INFO - Processing /home/airflow/.local/lib/python3.12/site-packages/airflow/example_dags/example_skip_dag.py took 0.318 seconds
[2024-11-27T07:59:37.447+0000] {processor.py:186} INFO - Started process (PID=6763) to work on /home/airflow/.local/lib/python3.12/site-packages/airflow/example_dags/example_skip_dag.py
[2024-11-27T07:59:37.449+0000] {processor.py:914} INFO - Processing file /home/airflow/.local/lib/python3.12/site-packages/airflow/example_dags/example_skip_dag.py for tasks to queue
[2024-11-27T07:59:37.454+0000] {logging_mixin.py:190} INFO - [2024-11-27T07:59:37.453+0000] {dagbag.py:588} INFO - Filling up the DagBag from /home/airflow/.local/lib/python3.12/site-packages/airflow/example_dags/example_skip_dag.py
[2024-11-27T07:59:37.470+0000] {processor.py:925} INFO - DAG(s) 'example_skip_dag' retrieved from /home/airflow/.local/lib/python3.12/site-packages/airflow/example_dags/example_skip_dag.py
[2024-11-27T07:59:37.516+0000] {logging_mixin.py:190} INFO - [2024-11-27T07:59:37.515+0000] {dag.py:3239} INFO - Sync 1 DAGs
[2024-11-27T07:59:37.585+0000] {logging_mixin.py:190} INFO - [2024-11-27T07:59:37.585+0000] {dag.py:4180} INFO - Setting next_dagrun for example_skip_dag to 2024-11-26 00:00:00+00:00, run_after=2024-11-27 00:00:00+00:00
[2024-11-27T07:59:37.633+0000] {processor.py:208} INFO - Processing /home/airflow/.local/lib/python3.12/site-packages/airflow/example_dags/example_skip_dag.py took 0.199 seconds
[2024-11-27T08:00:08.596+0000] {processor.py:186} INFO - Started process (PID=7054) to work on /home/airflow/.local/lib/python3.12/site-packages/airflow/example_dags/example_skip_dag.py
[2024-11-27T08:00:08.598+0000] {processor.py:914} INFO - Processing file /home/airflow/.local/lib/python3.12/site-packages/airflow/example_dags/example_skip_dag.py for tasks to queue
[2024-11-27T08:00:08.603+0000] {logging_mixin.py:190} INFO - [2024-11-27T08:00:08.603+0000] {dagbag.py:588} INFO - Filling up the DagBag from /home/airflow/.local/lib/python3.12/site-packages/airflow/example_dags/example_skip_dag.py
[2024-11-27T08:00:08.621+0000] {processor.py:925} INFO - DAG(s) 'example_skip_dag' retrieved from /home/airflow/.local/lib/python3.12/site-packages/airflow/example_dags/example_skip_dag.py
[2024-11-27T08:00:08.673+0000] {logging_mixin.py:190} INFO - [2024-11-27T08:00:08.673+0000] {dag.py:3239} INFO - Sync 1 DAGs
[2024-11-27T08:00:08.738+0000] {logging_mixin.py:190} INFO - [2024-11-27T08:00:08.737+0000] {dag.py:4180} INFO - Setting next_dagrun for example_skip_dag to 2024-11-26 00:00:00+00:00, run_after=2024-11-27 00:00:00+00:00
[2024-11-27T08:00:08.780+0000] {processor.py:208} INFO - Processing /home/airflow/.local/lib/python3.12/site-packages/airflow/example_dags/example_skip_dag.py took 0.197 seconds
[2024-11-27T08:00:40.665+0000] {processor.py:186} INFO - Started process (PID=7361) to work on /home/airflow/.local/lib/python3.12/site-packages/airflow/example_dags/example_skip_dag.py
[2024-11-27T08:00:40.668+0000] {processor.py:914} INFO - Processing file /home/airflow/.local/lib/python3.12/site-packages/airflow/example_dags/example_skip_dag.py for tasks to queue
[2024-11-27T08:00:40.673+0000] {logging_mixin.py:190} INFO - [2024-11-27T08:00:40.672+0000] {dagbag.py:588} INFO - Filling up the DagBag from /home/airflow/.local/lib/python3.12/site-packages/airflow/example_dags/example_skip_dag.py
[2024-11-27T08:00:40.687+0000] {processor.py:925} INFO - DAG(s) 'example_skip_dag' retrieved from /home/airflow/.local/lib/python3.12/site-packages/airflow/example_dags/example_skip_dag.py
[2024-11-27T08:00:40.728+0000] {logging_mixin.py:190} INFO - [2024-11-27T08:00:40.728+0000] {dag.py:3239} INFO - Sync 1 DAGs
[2024-11-27T08:00:40.768+0000] {logging_mixin.py:190} INFO - [2024-11-27T08:00:40.768+0000] {dag.py:4180} INFO - Setting next_dagrun for example_skip_dag to 2024-11-26 00:00:00+00:00, run_after=2024-11-27 00:00:00+00:00
[2024-11-27T08:00:40.804+0000] {processor.py:208} INFO - Processing /home/airflow/.local/lib/python3.12/site-packages/airflow/example_dags/example_skip_dag.py took 0.147 seconds
[2024-11-27T08:01:13.589+0000] {processor.py:186} INFO - Started process (PID=7652) to work on /home/airflow/.local/lib/python3.12/site-packages/airflow/example_dags/example_skip_dag.py
[2024-11-27T08:01:13.590+0000] {processor.py:914} INFO - Processing file /home/airflow/.local/lib/python3.12/site-packages/airflow/example_dags/example_skip_dag.py for tasks to queue
[2024-11-27T08:01:13.594+0000] {logging_mixin.py:190} INFO - [2024-11-27T08:01:13.593+0000] {dagbag.py:588} INFO - Filling up the DagBag from /home/airflow/.local/lib/python3.12/site-packages/airflow/example_dags/example_skip_dag.py
[2024-11-27T08:01:13.607+0000] {processor.py:925} INFO - DAG(s) 'example_skip_dag' retrieved from /home/airflow/.local/lib/python3.12/site-packages/airflow/example_dags/example_skip_dag.py
[2024-11-27T08:01:13.643+0000] {logging_mixin.py:190} INFO - [2024-11-27T08:01:13.643+0000] {dag.py:3239} INFO - Sync 1 DAGs
[2024-11-27T08:01:13.693+0000] {logging_mixin.py:190} INFO - [2024-11-27T08:01:13.692+0000] {dag.py:4180} INFO - Setting next_dagrun for example_skip_dag to 2024-11-26 00:00:00+00:00, run_after=2024-11-27 00:00:00+00:00
[2024-11-27T08:01:13.729+0000] {processor.py:208} INFO - Processing /home/airflow/.local/lib/python3.12/site-packages/airflow/example_dags/example_skip_dag.py took 0.148 seconds
[2024-11-27T08:01:46.194+0000] {processor.py:186} INFO - Started process (PID=7973) to work on /home/airflow/.local/lib/python3.12/site-packages/airflow/example_dags/example_skip_dag.py
[2024-11-27T08:01:46.196+0000] {processor.py:914} INFO - Processing file /home/airflow/.local/lib/python3.12/site-packages/airflow/example_dags/example_skip_dag.py for tasks to queue
[2024-11-27T08:01:46.200+0000] {logging_mixin.py:190} INFO - [2024-11-27T08:01:46.199+0000] {dagbag.py:588} INFO - Filling up the DagBag from /home/airflow/.local/lib/python3.12/site-packages/airflow/example_dags/example_skip_dag.py
[2024-11-27T08:01:46.215+0000] {processor.py:925} INFO - DAG(s) 'example_skip_dag' retrieved from /home/airflow/.local/lib/python3.12/site-packages/airflow/example_dags/example_skip_dag.py
[2024-11-27T08:01:46.252+0000] {logging_mixin.py:190} INFO - [2024-11-27T08:01:46.252+0000] {dag.py:3239} INFO - Sync 1 DAGs
[2024-11-27T08:01:46.301+0000] {logging_mixin.py:190} INFO - [2024-11-27T08:01:46.300+0000] {dag.py:4180} INFO - Setting next_dagrun for example_skip_dag to 2024-11-26 00:00:00+00:00, run_after=2024-11-27 00:00:00+00:00
[2024-11-27T08:01:46.336+0000] {processor.py:208} INFO - Processing /home/airflow/.local/lib/python3.12/site-packages/airflow/example_dags/example_skip_dag.py took 0.151 seconds
[2024-11-27T08:02:25.464+0000] {processor.py:186} INFO - Started process (PID=8300) to work on /home/airflow/.local/lib/python3.12/site-packages/airflow/example_dags/example_skip_dag.py
[2024-11-27T08:02:25.467+0000] {processor.py:914} INFO - Processing file /home/airflow/.local/lib/python3.12/site-packages/airflow/example_dags/example_skip_dag.py for tasks to queue
[2024-11-27T08:02:25.482+0000] {logging_mixin.py:190} INFO - [2024-11-27T08:02:25.481+0000] {dagbag.py:588} INFO - Filling up the DagBag from /home/airflow/.local/lib/python3.12/site-packages/airflow/example_dags/example_skip_dag.py
[2024-11-27T08:02:25.522+0000] {processor.py:925} INFO - DAG(s) 'example_skip_dag' retrieved from /home/airflow/.local/lib/python3.12/site-packages/airflow/example_dags/example_skip_dag.py
[2024-11-27T08:02:25.615+0000] {logging_mixin.py:190} INFO - [2024-11-27T08:02:25.614+0000] {dag.py:3239} INFO - Sync 1 DAGs
[2024-11-27T08:02:25.702+0000] {logging_mixin.py:190} INFO - [2024-11-27T08:02:25.701+0000] {dag.py:4180} INFO - Setting next_dagrun for example_skip_dag to 2024-11-26 00:00:00+00:00, run_after=2024-11-27 00:00:00+00:00
[2024-11-27T08:02:25.808+0000] {processor.py:208} INFO - Processing /home/airflow/.local/lib/python3.12/site-packages/airflow/example_dags/example_skip_dag.py took 0.364 seconds
[2024-11-27T08:02:56.735+0000] {processor.py:186} INFO - Started process (PID=8593) to work on /home/airflow/.local/lib/python3.12/site-packages/airflow/example_dags/example_skip_dag.py
[2024-11-27T08:02:56.737+0000] {processor.py:914} INFO - Processing file /home/airflow/.local/lib/python3.12/site-packages/airflow/example_dags/example_skip_dag.py for tasks to queue
[2024-11-27T08:02:56.740+0000] {logging_mixin.py:190} INFO - [2024-11-27T08:02:56.740+0000] {dagbag.py:588} INFO - Filling up the DagBag from /home/airflow/.local/lib/python3.12/site-packages/airflow/example_dags/example_skip_dag.py
[2024-11-27T08:02:56.753+0000] {processor.py:925} INFO - DAG(s) 'example_skip_dag' retrieved from /home/airflow/.local/lib/python3.12/site-packages/airflow/example_dags/example_skip_dag.py
[2024-11-27T08:02:56.795+0000] {logging_mixin.py:190} INFO - [2024-11-27T08:02:56.794+0000] {dag.py:3239} INFO - Sync 1 DAGs
[2024-11-27T08:02:56.840+0000] {logging_mixin.py:190} INFO - [2024-11-27T08:02:56.840+0000] {dag.py:4180} INFO - Setting next_dagrun for example_skip_dag to 2024-11-26 00:00:00+00:00, run_after=2024-11-27 00:00:00+00:00
[2024-11-27T08:02:56.880+0000] {processor.py:208} INFO - Processing /home/airflow/.local/lib/python3.12/site-packages/airflow/example_dags/example_skip_dag.py took 0.154 seconds
[2024-11-27T08:03:27.835+0000] {processor.py:186} INFO - Started process (PID=8884) to work on /home/airflow/.local/lib/python3.12/site-packages/airflow/example_dags/example_skip_dag.py
[2024-11-27T08:03:27.837+0000] {processor.py:914} INFO - Processing file /home/airflow/.local/lib/python3.12/site-packages/airflow/example_dags/example_skip_dag.py for tasks to queue
[2024-11-27T08:03:27.843+0000] {logging_mixin.py:190} INFO - [2024-11-27T08:03:27.842+0000] {dagbag.py:588} INFO - Filling up the DagBag from /home/airflow/.local/lib/python3.12/site-packages/airflow/example_dags/example_skip_dag.py
[2024-11-27T08:03:27.856+0000] {processor.py:925} INFO - DAG(s) 'example_skip_dag' retrieved from /home/airflow/.local/lib/python3.12/site-packages/airflow/example_dags/example_skip_dag.py
[2024-11-27T08:03:27.903+0000] {logging_mixin.py:190} INFO - [2024-11-27T08:03:27.903+0000] {dag.py:3239} INFO - Sync 1 DAGs
[2024-11-27T08:03:27.961+0000] {logging_mixin.py:190} INFO - [2024-11-27T08:03:27.961+0000] {dag.py:4180} INFO - Setting next_dagrun for example_skip_dag to 2024-11-26 00:00:00+00:00, run_after=2024-11-27 00:00:00+00:00
[2024-11-27T08:03:27.993+0000] {processor.py:208} INFO - Processing /home/airflow/.local/lib/python3.12/site-packages/airflow/example_dags/example_skip_dag.py took 0.168 seconds
[2024-11-27T08:03:58.268+0000] {processor.py:186} INFO - Started process (PID=9176) to work on /home/airflow/.local/lib/python3.12/site-packages/airflow/example_dags/example_skip_dag.py
[2024-11-27T08:03:58.270+0000] {processor.py:914} INFO - Processing file /home/airflow/.local/lib/python3.12/site-packages/airflow/example_dags/example_skip_dag.py for tasks to queue
[2024-11-27T08:03:58.276+0000] {logging_mixin.py:190} INFO - [2024-11-27T08:03:58.275+0000] {dagbag.py:588} INFO - Filling up the DagBag from /home/airflow/.local/lib/python3.12/site-packages/airflow/example_dags/example_skip_dag.py
[2024-11-27T08:03:58.292+0000] {processor.py:925} INFO - DAG(s) 'example_skip_dag' retrieved from /home/airflow/.local/lib/python3.12/site-packages/airflow/example_dags/example_skip_dag.py
[2024-11-27T08:03:58.334+0000] {logging_mixin.py:190} INFO - [2024-11-27T08:03:58.333+0000] {dag.py:3239} INFO - Sync 1 DAGs
[2024-11-27T08:03:58.385+0000] {logging_mixin.py:190} INFO - [2024-11-27T08:03:58.385+0000] {dag.py:4180} INFO - Setting next_dagrun for example_skip_dag to 2024-11-26 00:00:00+00:00, run_after=2024-11-27 00:00:00+00:00
[2024-11-27T08:03:58.418+0000] {processor.py:208} INFO - Processing /home/airflow/.local/lib/python3.12/site-packages/airflow/example_dags/example_skip_dag.py took 0.161 seconds
[2024-11-27T08:04:28.804+0000] {processor.py:186} INFO - Started process (PID=9468) to work on /home/airflow/.local/lib/python3.12/site-packages/airflow/example_dags/example_skip_dag.py
[2024-11-27T08:04:28.806+0000] {processor.py:914} INFO - Processing file /home/airflow/.local/lib/python3.12/site-packages/airflow/example_dags/example_skip_dag.py for tasks to queue
[2024-11-27T08:04:28.809+0000] {logging_mixin.py:190} INFO - [2024-11-27T08:04:28.809+0000] {dagbag.py:588} INFO - Filling up the DagBag from /home/airflow/.local/lib/python3.12/site-packages/airflow/example_dags/example_skip_dag.py
[2024-11-27T08:04:28.822+0000] {processor.py:925} INFO - DAG(s) 'example_skip_dag' retrieved from /home/airflow/.local/lib/python3.12/site-packages/airflow/example_dags/example_skip_dag.py
[2024-11-27T08:04:28.853+0000] {logging_mixin.py:190} INFO - [2024-11-27T08:04:28.853+0000] {dag.py:3239} INFO - Sync 1 DAGs
[2024-11-27T08:04:28.894+0000] {logging_mixin.py:190} INFO - [2024-11-27T08:04:28.894+0000] {dag.py:4180} INFO - Setting next_dagrun for example_skip_dag to 2024-11-26 00:00:00+00:00, run_after=2024-11-27 00:00:00+00:00
[2024-11-27T08:04:28.923+0000] {processor.py:208} INFO - Processing /home/airflow/.local/lib/python3.12/site-packages/airflow/example_dags/example_skip_dag.py took 0.125 seconds
[2024-11-27T08:04:59.296+0000] {processor.py:186} INFO - Started process (PID=9793) to work on /home/airflow/.local/lib/python3.12/site-packages/airflow/example_dags/example_skip_dag.py
[2024-11-27T08:04:59.303+0000] {processor.py:914} INFO - Processing file /home/airflow/.local/lib/python3.12/site-packages/airflow/example_dags/example_skip_dag.py for tasks to queue
[2024-11-27T08:04:59.328+0000] {logging_mixin.py:190} INFO - [2024-11-27T08:04:59.324+0000] {dagbag.py:588} INFO - Filling up the DagBag from /home/airflow/.local/lib/python3.12/site-packages/airflow/example_dags/example_skip_dag.py
[2024-11-27T08:04:59.434+0000] {processor.py:925} INFO - DAG(s) 'example_skip_dag' retrieved from /home/airflow/.local/lib/python3.12/site-packages/airflow/example_dags/example_skip_dag.py
[2024-11-27T08:04:59.588+0000] {logging_mixin.py:190} INFO - [2024-11-27T08:04:59.579+0000] {dag.py:3239} INFO - Sync 1 DAGs
[2024-11-27T08:04:59.689+0000] {logging_mixin.py:190} INFO - [2024-11-27T08:04:59.688+0000] {dag.py:4180} INFO - Setting next_dagrun for example_skip_dag to 2024-11-26 00:00:00+00:00, run_after=2024-11-27 00:00:00+00:00
[2024-11-27T08:04:59.764+0000] {processor.py:208} INFO - Processing /home/airflow/.local/lib/python3.12/site-packages/airflow/example_dags/example_skip_dag.py took 0.493 seconds
[2024-11-27T08:06:09.206+0000] {processor.py:186} INFO - Started process (PID=327) to work on /home/airflow/.local/lib/python3.12/site-packages/airflow/example_dags/example_skip_dag.py
[2024-11-27T08:06:09.208+0000] {processor.py:914} INFO - Processing file /home/airflow/.local/lib/python3.12/site-packages/airflow/example_dags/example_skip_dag.py for tasks to queue
[2024-11-27T08:06:09.212+0000] {logging_mixin.py:190} INFO - [2024-11-27T08:06:09.211+0000] {dagbag.py:588} INFO - Filling up the DagBag from /home/airflow/.local/lib/python3.12/site-packages/airflow/example_dags/example_skip_dag.py
[2024-11-27T08:06:09.224+0000] {processor.py:925} INFO - DAG(s) 'example_skip_dag' retrieved from /home/airflow/.local/lib/python3.12/site-packages/airflow/example_dags/example_skip_dag.py
[2024-11-27T08:06:09.260+0000] {logging_mixin.py:190} INFO - [2024-11-27T08:06:09.260+0000] {dag.py:3239} INFO - Sync 1 DAGs
[2024-11-27T08:06:09.302+0000] {logging_mixin.py:190} INFO - [2024-11-27T08:06:09.302+0000] {dag.py:4180} INFO - Setting next_dagrun for example_skip_dag to 2024-11-26 00:00:00+00:00, run_after=2024-11-27 00:00:00+00:00
[2024-11-27T08:06:09.332+0000] {processor.py:208} INFO - Processing /home/airflow/.local/lib/python3.12/site-packages/airflow/example_dags/example_skip_dag.py took 0.134 seconds
[2024-11-27T08:06:43.103+0000] {processor.py:186} INFO - Started process (PID=618) to work on /home/airflow/.local/lib/python3.12/site-packages/airflow/example_dags/example_skip_dag.py
[2024-11-27T08:06:43.105+0000] {processor.py:914} INFO - Processing file /home/airflow/.local/lib/python3.12/site-packages/airflow/example_dags/example_skip_dag.py for tasks to queue
[2024-11-27T08:06:43.110+0000] {logging_mixin.py:190} INFO - [2024-11-27T08:06:43.109+0000] {dagbag.py:588} INFO - Filling up the DagBag from /home/airflow/.local/lib/python3.12/site-packages/airflow/example_dags/example_skip_dag.py
[2024-11-27T08:06:43.134+0000] {processor.py:925} INFO - DAG(s) 'example_skip_dag' retrieved from /home/airflow/.local/lib/python3.12/site-packages/airflow/example_dags/example_skip_dag.py
[2024-11-27T08:06:43.212+0000] {logging_mixin.py:190} INFO - [2024-11-27T08:06:43.211+0000] {dag.py:3239} INFO - Sync 1 DAGs
[2024-11-27T08:06:43.282+0000] {logging_mixin.py:190} INFO - [2024-11-27T08:06:43.281+0000] {dag.py:4180} INFO - Setting next_dagrun for example_skip_dag to 2024-11-26 00:00:00+00:00, run_after=2024-11-27 00:00:00+00:00
[2024-11-27T08:06:43.335+0000] {processor.py:208} INFO - Processing /home/airflow/.local/lib/python3.12/site-packages/airflow/example_dags/example_skip_dag.py took 0.244 seconds
[2024-11-27T08:07:14.999+0000] {processor.py:186} INFO - Started process (PID=909) to work on /home/airflow/.local/lib/python3.12/site-packages/airflow/example_dags/example_skip_dag.py
[2024-11-27T08:07:15.003+0000] {processor.py:914} INFO - Processing file /home/airflow/.local/lib/python3.12/site-packages/airflow/example_dags/example_skip_dag.py for tasks to queue
[2024-11-27T08:07:15.007+0000] {logging_mixin.py:190} INFO - [2024-11-27T08:07:15.006+0000] {dagbag.py:588} INFO - Filling up the DagBag from /home/airflow/.local/lib/python3.12/site-packages/airflow/example_dags/example_skip_dag.py
[2024-11-27T08:07:15.025+0000] {processor.py:925} INFO - DAG(s) 'example_skip_dag' retrieved from /home/airflow/.local/lib/python3.12/site-packages/airflow/example_dags/example_skip_dag.py
[2024-11-27T08:07:15.073+0000] {logging_mixin.py:190} INFO - [2024-11-27T08:07:15.073+0000] {dag.py:3239} INFO - Sync 1 DAGs
[2024-11-27T08:07:15.123+0000] {logging_mixin.py:190} INFO - [2024-11-27T08:07:15.122+0000] {dag.py:4180} INFO - Setting next_dagrun for example_skip_dag to 2024-11-26 00:00:00+00:00, run_after=2024-11-27 00:00:00+00:00
[2024-11-27T08:07:15.164+0000] {processor.py:208} INFO - Processing /home/airflow/.local/lib/python3.12/site-packages/airflow/example_dags/example_skip_dag.py took 0.178 seconds
[2024-11-27T08:07:46.766+0000] {processor.py:186} INFO - Started process (PID=1206) to work on /home/airflow/.local/lib/python3.12/site-packages/airflow/example_dags/example_skip_dag.py
[2024-11-27T08:07:46.768+0000] {processor.py:914} INFO - Processing file /home/airflow/.local/lib/python3.12/site-packages/airflow/example_dags/example_skip_dag.py for tasks to queue
[2024-11-27T08:07:46.772+0000] {logging_mixin.py:190} INFO - [2024-11-27T08:07:46.771+0000] {dagbag.py:588} INFO - Filling up the DagBag from /home/airflow/.local/lib/python3.12/site-packages/airflow/example_dags/example_skip_dag.py
[2024-11-27T08:07:46.784+0000] {processor.py:925} INFO - DAG(s) 'example_skip_dag' retrieved from /home/airflow/.local/lib/python3.12/site-packages/airflow/example_dags/example_skip_dag.py
[2024-11-27T08:07:46.818+0000] {logging_mixin.py:190} INFO - [2024-11-27T08:07:46.818+0000] {dag.py:3239} INFO - Sync 1 DAGs
[2024-11-27T08:07:46.856+0000] {logging_mixin.py:190} INFO - [2024-11-27T08:07:46.856+0000] {dag.py:4180} INFO - Setting next_dagrun for example_skip_dag to 2024-11-26 00:00:00+00:00, run_after=2024-11-27 00:00:00+00:00
[2024-11-27T08:07:46.889+0000] {processor.py:208} INFO - Processing /home/airflow/.local/lib/python3.12/site-packages/airflow/example_dags/example_skip_dag.py took 0.131 seconds
