[2024-11-27T07:47:54.513+0000] {processor.py:186} INFO - Started process (PID=423) to work on /home/airflow/.local/lib/python3.12/site-packages/airflow/example_dags/example_sla_dag.py
[2024-11-27T07:47:54.515+0000] {processor.py:914} INFO - Processing file /home/airflow/.local/lib/python3.12/site-packages/airflow/example_dags/example_sla_dag.py for tasks to queue
[2024-11-27T07:47:54.521+0000] {logging_mixin.py:190} INFO - [2024-11-27T07:47:54.521+0000] {dagbag.py:588} INFO - Filling up the DagBag from /home/airflow/.local/lib/python3.12/site-packages/airflow/example_dags/example_sla_dag.py
[2024-11-27T07:47:54.543+0000] {processor.py:925} INFO - DAG(s) 'example_sla_dag' retrieved from /home/airflow/.local/lib/python3.12/site-packages/airflow/example_dags/example_sla_dag.py
[2024-11-27T07:47:54.585+0000] {logging_mixin.py:190} INFO - [2024-11-27T07:47:54.584+0000] {dag.py:3239} INFO - Sync 1 DAGs
[2024-11-27T07:47:54.672+0000] {logging_mixin.py:190} INFO - [2024-11-27T07:47:54.672+0000] {dag.py:4180} INFO - Setting next_dagrun for example_sla_dag to 2024-11-27 07:44:00+00:00, run_after=2024-11-27 07:46:00+00:00
[2024-11-27T07:47:54.794+0000] {processor.py:208} INFO - Processing /home/airflow/.local/lib/python3.12/site-packages/airflow/example_dags/example_sla_dag.py took 0.293 seconds
[2024-11-27T07:48:29.760+0000] {processor.py:186} INFO - Started process (PID=716) to work on /home/airflow/.local/lib/python3.12/site-packages/airflow/example_dags/example_sla_dag.py
[2024-11-27T07:48:29.761+0000] {processor.py:914} INFO - Processing file /home/airflow/.local/lib/python3.12/site-packages/airflow/example_dags/example_sla_dag.py for tasks to queue
[2024-11-27T07:48:29.767+0000] {logging_mixin.py:190} INFO - [2024-11-27T07:48:29.766+0000] {dagbag.py:588} INFO - Filling up the DagBag from /home/airflow/.local/lib/python3.12/site-packages/airflow/example_dags/example_sla_dag.py
[2024-11-27T07:48:29.792+0000] {processor.py:925} INFO - DAG(s) 'example_sla_dag' retrieved from /home/airflow/.local/lib/python3.12/site-packages/airflow/example_dags/example_sla_dag.py
[2024-11-27T07:48:29.840+0000] {logging_mixin.py:190} INFO - [2024-11-27T07:48:29.840+0000] {dag.py:3239} INFO - Sync 1 DAGs
[2024-11-27T07:48:29.899+0000] {logging_mixin.py:190} INFO - [2024-11-27T07:48:29.898+0000] {dag.py:4180} INFO - Setting next_dagrun for example_sla_dag to 2024-11-27 07:46:00+00:00, run_after=2024-11-27 07:48:00+00:00
[2024-11-27T07:48:29.942+0000] {processor.py:208} INFO - Processing /home/airflow/.local/lib/python3.12/site-packages/airflow/example_dags/example_sla_dag.py took 0.196 seconds
[2024-11-27T07:49:00.252+0000] {processor.py:186} INFO - Started process (PID=1005) to work on /home/airflow/.local/lib/python3.12/site-packages/airflow/example_dags/example_sla_dag.py
[2024-11-27T07:49:00.254+0000] {processor.py:914} INFO - Processing file /home/airflow/.local/lib/python3.12/site-packages/airflow/example_dags/example_sla_dag.py for tasks to queue
[2024-11-27T07:49:00.259+0000] {logging_mixin.py:190} INFO - [2024-11-27T07:49:00.258+0000] {dagbag.py:588} INFO - Filling up the DagBag from /home/airflow/.local/lib/python3.12/site-packages/airflow/example_dags/example_sla_dag.py
[2024-11-27T07:49:00.285+0000] {processor.py:925} INFO - DAG(s) 'example_sla_dag' retrieved from /home/airflow/.local/lib/python3.12/site-packages/airflow/example_dags/example_sla_dag.py
[2024-11-27T07:49:00.328+0000] {logging_mixin.py:190} INFO - [2024-11-27T07:49:00.328+0000] {dag.py:3239} INFO - Sync 1 DAGs
[2024-11-27T07:49:00.381+0000] {logging_mixin.py:190} INFO - [2024-11-27T07:49:00.380+0000] {dag.py:4180} INFO - Setting next_dagrun for example_sla_dag to 2024-11-27 07:46:00+00:00, run_after=2024-11-27 07:48:00+00:00
[2024-11-27T07:49:00.420+0000] {processor.py:208} INFO - Processing /home/airflow/.local/lib/python3.12/site-packages/airflow/example_dags/example_sla_dag.py took 0.180 seconds
[2024-11-27T07:49:34.460+0000] {processor.py:186} INFO - Started process (PID=1296) to work on /home/airflow/.local/lib/python3.12/site-packages/airflow/example_dags/example_sla_dag.py
[2024-11-27T07:49:34.462+0000] {processor.py:914} INFO - Processing file /home/airflow/.local/lib/python3.12/site-packages/airflow/example_dags/example_sla_dag.py for tasks to queue
[2024-11-27T07:49:34.468+0000] {logging_mixin.py:190} INFO - [2024-11-27T07:49:34.467+0000] {dagbag.py:588} INFO - Filling up the DagBag from /home/airflow/.local/lib/python3.12/site-packages/airflow/example_dags/example_sla_dag.py
[2024-11-27T07:49:34.494+0000] {processor.py:925} INFO - DAG(s) 'example_sla_dag' retrieved from /home/airflow/.local/lib/python3.12/site-packages/airflow/example_dags/example_sla_dag.py
[2024-11-27T07:49:34.540+0000] {logging_mixin.py:190} INFO - [2024-11-27T07:49:34.540+0000] {dag.py:3239} INFO - Sync 1 DAGs
[2024-11-27T07:49:34.597+0000] {logging_mixin.py:190} INFO - [2024-11-27T07:49:34.596+0000] {dag.py:4180} INFO - Setting next_dagrun for example_sla_dag to 2024-11-27 07:46:00+00:00, run_after=2024-11-27 07:48:00+00:00
[2024-11-27T07:49:34.639+0000] {processor.py:208} INFO - Processing /home/airflow/.local/lib/python3.12/site-packages/airflow/example_dags/example_sla_dag.py took 0.203 seconds
[2024-11-27T07:50:04.791+0000] {processor.py:186} INFO - Started process (PID=1585) to work on /home/airflow/.local/lib/python3.12/site-packages/airflow/example_dags/example_sla_dag.py
[2024-11-27T07:50:04.793+0000] {processor.py:914} INFO - Processing file /home/airflow/.local/lib/python3.12/site-packages/airflow/example_dags/example_sla_dag.py for tasks to queue
[2024-11-27T07:50:04.798+0000] {logging_mixin.py:190} INFO - [2024-11-27T07:50:04.797+0000] {dagbag.py:588} INFO - Filling up the DagBag from /home/airflow/.local/lib/python3.12/site-packages/airflow/example_dags/example_sla_dag.py
[2024-11-27T07:50:04.817+0000] {processor.py:925} INFO - DAG(s) 'example_sla_dag' retrieved from /home/airflow/.local/lib/python3.12/site-packages/airflow/example_dags/example_sla_dag.py
[2024-11-27T07:50:04.871+0000] {logging_mixin.py:190} INFO - [2024-11-27T07:50:04.870+0000] {dag.py:3239} INFO - Sync 1 DAGs
[2024-11-27T07:50:04.941+0000] {logging_mixin.py:190} INFO - [2024-11-27T07:50:04.940+0000] {dag.py:4180} INFO - Setting next_dagrun for example_sla_dag to 2024-11-27 07:48:00+00:00, run_after=2024-11-27 07:50:00+00:00
[2024-11-27T07:50:04.992+0000] {processor.py:208} INFO - Processing /home/airflow/.local/lib/python3.12/site-packages/airflow/example_dags/example_sla_dag.py took 0.211 seconds
[2024-11-27T07:50:35.532+0000] {processor.py:186} INFO - Started process (PID=1874) to work on /home/airflow/.local/lib/python3.12/site-packages/airflow/example_dags/example_sla_dag.py
[2024-11-27T07:50:35.534+0000] {processor.py:914} INFO - Processing file /home/airflow/.local/lib/python3.12/site-packages/airflow/example_dags/example_sla_dag.py for tasks to queue
[2024-11-27T07:50:35.538+0000] {logging_mixin.py:190} INFO - [2024-11-27T07:50:35.537+0000] {dagbag.py:588} INFO - Filling up the DagBag from /home/airflow/.local/lib/python3.12/site-packages/airflow/example_dags/example_sla_dag.py
[2024-11-27T07:50:35.555+0000] {processor.py:925} INFO - DAG(s) 'example_sla_dag' retrieved from /home/airflow/.local/lib/python3.12/site-packages/airflow/example_dags/example_sla_dag.py
[2024-11-27T07:50:35.589+0000] {logging_mixin.py:190} INFO - [2024-11-27T07:50:35.589+0000] {dag.py:3239} INFO - Sync 1 DAGs
[2024-11-27T07:50:35.643+0000] {logging_mixin.py:190} INFO - [2024-11-27T07:50:35.642+0000] {dag.py:4180} INFO - Setting next_dagrun for example_sla_dag to 2024-11-27 07:48:00+00:00, run_after=2024-11-27 07:50:00+00:00
[2024-11-27T07:50:35.683+0000] {processor.py:208} INFO - Processing /home/airflow/.local/lib/python3.12/site-packages/airflow/example_dags/example_sla_dag.py took 0.159 seconds
[2024-11-27T07:51:06.971+0000] {processor.py:186} INFO - Started process (PID=2165) to work on /home/airflow/.local/lib/python3.12/site-packages/airflow/example_dags/example_sla_dag.py
[2024-11-27T07:51:06.972+0000] {processor.py:914} INFO - Processing file /home/airflow/.local/lib/python3.12/site-packages/airflow/example_dags/example_sla_dag.py for tasks to queue
[2024-11-27T07:51:06.977+0000] {logging_mixin.py:190} INFO - [2024-11-27T07:51:06.976+0000] {dagbag.py:588} INFO - Filling up the DagBag from /home/airflow/.local/lib/python3.12/site-packages/airflow/example_dags/example_sla_dag.py
[2024-11-27T07:51:06.990+0000] {processor.py:925} INFO - DAG(s) 'example_sla_dag' retrieved from /home/airflow/.local/lib/python3.12/site-packages/airflow/example_dags/example_sla_dag.py
[2024-11-27T07:51:07.022+0000] {logging_mixin.py:190} INFO - [2024-11-27T07:51:07.022+0000] {dag.py:3239} INFO - Sync 1 DAGs
[2024-11-27T07:51:07.063+0000] {logging_mixin.py:190} INFO - [2024-11-27T07:51:07.063+0000] {dag.py:4180} INFO - Setting next_dagrun for example_sla_dag to 2024-11-27 07:48:00+00:00, run_after=2024-11-27 07:50:00+00:00
[2024-11-27T07:51:07.098+0000] {processor.py:208} INFO - Processing /home/airflow/.local/lib/python3.12/site-packages/airflow/example_dags/example_sla_dag.py took 0.134 seconds
[2024-11-27T07:51:39.193+0000] {processor.py:186} INFO - Started process (PID=2464) to work on /home/airflow/.local/lib/python3.12/site-packages/airflow/example_dags/example_sla_dag.py
[2024-11-27T07:51:39.195+0000] {processor.py:914} INFO - Processing file /home/airflow/.local/lib/python3.12/site-packages/airflow/example_dags/example_sla_dag.py for tasks to queue
[2024-11-27T07:51:39.200+0000] {logging_mixin.py:190} INFO - [2024-11-27T07:51:39.200+0000] {dagbag.py:588} INFO - Filling up the DagBag from /home/airflow/.local/lib/python3.12/site-packages/airflow/example_dags/example_sla_dag.py
[2024-11-27T07:51:39.220+0000] {processor.py:925} INFO - DAG(s) 'example_sla_dag' retrieved from /home/airflow/.local/lib/python3.12/site-packages/airflow/example_dags/example_sla_dag.py
[2024-11-27T07:51:39.262+0000] {logging_mixin.py:190} INFO - [2024-11-27T07:51:39.261+0000] {dag.py:3239} INFO - Sync 1 DAGs
[2024-11-27T07:51:39.321+0000] {logging_mixin.py:190} INFO - [2024-11-27T07:51:39.321+0000] {dag.py:4180} INFO - Setting next_dagrun for example_sla_dag to 2024-11-27 07:48:00+00:00, run_after=2024-11-27 07:50:00+00:00
[2024-11-27T07:51:39.360+0000] {processor.py:208} INFO - Processing /home/airflow/.local/lib/python3.12/site-packages/airflow/example_dags/example_sla_dag.py took 0.178 seconds
[2024-11-27T07:52:12.572+0000] {processor.py:186} INFO - Started process (PID=2753) to work on /home/airflow/.local/lib/python3.12/site-packages/airflow/example_dags/example_sla_dag.py
[2024-11-27T07:52:12.573+0000] {processor.py:914} INFO - Processing file /home/airflow/.local/lib/python3.12/site-packages/airflow/example_dags/example_sla_dag.py for tasks to queue
[2024-11-27T07:52:12.580+0000] {logging_mixin.py:190} INFO - [2024-11-27T07:52:12.579+0000] {dagbag.py:588} INFO - Filling up the DagBag from /home/airflow/.local/lib/python3.12/site-packages/airflow/example_dags/example_sla_dag.py
[2024-11-27T07:52:12.599+0000] {processor.py:925} INFO - DAG(s) 'example_sla_dag' retrieved from /home/airflow/.local/lib/python3.12/site-packages/airflow/example_dags/example_sla_dag.py
[2024-11-27T07:52:12.646+0000] {logging_mixin.py:190} INFO - [2024-11-27T07:52:12.646+0000] {dag.py:3239} INFO - Sync 1 DAGs
[2024-11-27T07:52:12.713+0000] {logging_mixin.py:190} INFO - [2024-11-27T07:52:12.713+0000] {dag.py:4180} INFO - Setting next_dagrun for example_sla_dag to 2024-11-27 07:50:00+00:00, run_after=2024-11-27 07:52:00+00:00
[2024-11-27T07:52:12.764+0000] {processor.py:208} INFO - Processing /home/airflow/.local/lib/python3.12/site-packages/airflow/example_dags/example_sla_dag.py took 0.205 seconds
[2024-11-27T07:52:43.407+0000] {processor.py:186} INFO - Started process (PID=3046) to work on /home/airflow/.local/lib/python3.12/site-packages/airflow/example_dags/example_sla_dag.py
[2024-11-27T07:52:43.409+0000] {processor.py:914} INFO - Processing file /home/airflow/.local/lib/python3.12/site-packages/airflow/example_dags/example_sla_dag.py for tasks to queue
[2024-11-27T07:52:43.415+0000] {logging_mixin.py:190} INFO - [2024-11-27T07:52:43.414+0000] {dagbag.py:588} INFO - Filling up the DagBag from /home/airflow/.local/lib/python3.12/site-packages/airflow/example_dags/example_sla_dag.py
[2024-11-27T07:52:43.437+0000] {processor.py:925} INFO - DAG(s) 'example_sla_dag' retrieved from /home/airflow/.local/lib/python3.12/site-packages/airflow/example_dags/example_sla_dag.py
[2024-11-27T07:52:43.475+0000] {logging_mixin.py:190} INFO - [2024-11-27T07:52:43.475+0000] {dag.py:3239} INFO - Sync 1 DAGs
[2024-11-27T07:52:43.526+0000] {logging_mixin.py:190} INFO - [2024-11-27T07:52:43.525+0000] {dag.py:4180} INFO - Setting next_dagrun for example_sla_dag to 2024-11-27 07:50:00+00:00, run_after=2024-11-27 07:52:00+00:00
[2024-11-27T07:52:43.567+0000] {processor.py:208} INFO - Processing /home/airflow/.local/lib/python3.12/site-packages/airflow/example_dags/example_sla_dag.py took 0.167 seconds
[2024-11-27T07:53:13.660+0000] {processor.py:186} INFO - Started process (PID=3335) to work on /home/airflow/.local/lib/python3.12/site-packages/airflow/example_dags/example_sla_dag.py
[2024-11-27T07:53:13.662+0000] {processor.py:914} INFO - Processing file /home/airflow/.local/lib/python3.12/site-packages/airflow/example_dags/example_sla_dag.py for tasks to queue
[2024-11-27T07:53:13.665+0000] {logging_mixin.py:190} INFO - [2024-11-27T07:53:13.664+0000] {dagbag.py:588} INFO - Filling up the DagBag from /home/airflow/.local/lib/python3.12/site-packages/airflow/example_dags/example_sla_dag.py
[2024-11-27T07:53:13.679+0000] {processor.py:925} INFO - DAG(s) 'example_sla_dag' retrieved from /home/airflow/.local/lib/python3.12/site-packages/airflow/example_dags/example_sla_dag.py
[2024-11-27T07:53:13.704+0000] {logging_mixin.py:190} INFO - [2024-11-27T07:53:13.703+0000] {dag.py:3239} INFO - Sync 1 DAGs
[2024-11-27T07:53:13.738+0000] {logging_mixin.py:190} INFO - [2024-11-27T07:53:13.738+0000] {dag.py:4180} INFO - Setting next_dagrun for example_sla_dag to 2024-11-27 07:50:00+00:00, run_after=2024-11-27 07:52:00+00:00
[2024-11-27T07:53:13.766+0000] {processor.py:208} INFO - Processing /home/airflow/.local/lib/python3.12/site-packages/airflow/example_dags/example_sla_dag.py took 0.113 seconds
[2024-11-27T07:53:47.215+0000] {processor.py:186} INFO - Started process (PID=3626) to work on /home/airflow/.local/lib/python3.12/site-packages/airflow/example_dags/example_sla_dag.py
[2024-11-27T07:53:47.218+0000] {processor.py:914} INFO - Processing file /home/airflow/.local/lib/python3.12/site-packages/airflow/example_dags/example_sla_dag.py for tasks to queue
[2024-11-27T07:53:47.222+0000] {logging_mixin.py:190} INFO - [2024-11-27T07:53:47.222+0000] {dagbag.py:588} INFO - Filling up the DagBag from /home/airflow/.local/lib/python3.12/site-packages/airflow/example_dags/example_sla_dag.py
[2024-11-27T07:53:47.242+0000] {processor.py:925} INFO - DAG(s) 'example_sla_dag' retrieved from /home/airflow/.local/lib/python3.12/site-packages/airflow/example_dags/example_sla_dag.py
[2024-11-27T07:53:47.305+0000] {logging_mixin.py:190} INFO - [2024-11-27T07:53:47.304+0000] {dag.py:3239} INFO - Sync 1 DAGs
[2024-11-27T07:53:47.364+0000] {logging_mixin.py:190} INFO - [2024-11-27T07:53:47.364+0000] {dag.py:4180} INFO - Setting next_dagrun for example_sla_dag to 2024-11-27 07:50:00+00:00, run_after=2024-11-27 07:52:00+00:00
[2024-11-27T07:53:47.414+0000] {processor.py:208} INFO - Processing /home/airflow/.local/lib/python3.12/site-packages/airflow/example_dags/example_sla_dag.py took 0.212 seconds
[2024-11-27T07:54:19.455+0000] {processor.py:186} INFO - Started process (PID=3917) to work on /home/airflow/.local/lib/python3.12/site-packages/airflow/example_dags/example_sla_dag.py
[2024-11-27T07:54:19.457+0000] {processor.py:914} INFO - Processing file /home/airflow/.local/lib/python3.12/site-packages/airflow/example_dags/example_sla_dag.py for tasks to queue
[2024-11-27T07:54:19.462+0000] {logging_mixin.py:190} INFO - [2024-11-27T07:54:19.461+0000] {dagbag.py:588} INFO - Filling up the DagBag from /home/airflow/.local/lib/python3.12/site-packages/airflow/example_dags/example_sla_dag.py
[2024-11-27T07:54:19.490+0000] {processor.py:925} INFO - DAG(s) 'example_sla_dag' retrieved from /home/airflow/.local/lib/python3.12/site-packages/airflow/example_dags/example_sla_dag.py
[2024-11-27T07:54:19.547+0000] {logging_mixin.py:190} INFO - [2024-11-27T07:54:19.546+0000] {dag.py:3239} INFO - Sync 1 DAGs
[2024-11-27T07:54:19.601+0000] {logging_mixin.py:190} INFO - [2024-11-27T07:54:19.601+0000] {dag.py:4180} INFO - Setting next_dagrun for example_sla_dag to 2024-11-27 07:52:00+00:00, run_after=2024-11-27 07:54:00+00:00
[2024-11-27T07:54:19.648+0000] {processor.py:208} INFO - Processing /home/airflow/.local/lib/python3.12/site-packages/airflow/example_dags/example_sla_dag.py took 0.214 seconds
[2024-11-27T07:54:50.034+0000] {processor.py:186} INFO - Started process (PID=4208) to work on /home/airflow/.local/lib/python3.12/site-packages/airflow/example_dags/example_sla_dag.py
[2024-11-27T07:54:50.036+0000] {processor.py:914} INFO - Processing file /home/airflow/.local/lib/python3.12/site-packages/airflow/example_dags/example_sla_dag.py for tasks to queue
[2024-11-27T07:54:50.041+0000] {logging_mixin.py:190} INFO - [2024-11-27T07:54:50.040+0000] {dagbag.py:588} INFO - Filling up the DagBag from /home/airflow/.local/lib/python3.12/site-packages/airflow/example_dags/example_sla_dag.py
[2024-11-27T07:54:50.060+0000] {processor.py:925} INFO - DAG(s) 'example_sla_dag' retrieved from /home/airflow/.local/lib/python3.12/site-packages/airflow/example_dags/example_sla_dag.py
[2024-11-27T07:54:50.095+0000] {logging_mixin.py:190} INFO - [2024-11-27T07:54:50.094+0000] {dag.py:3239} INFO - Sync 1 DAGs
[2024-11-27T07:54:50.163+0000] {logging_mixin.py:190} INFO - [2024-11-27T07:54:50.162+0000] {dag.py:4180} INFO - Setting next_dagrun for example_sla_dag to 2024-11-27 07:52:00+00:00, run_after=2024-11-27 07:54:00+00:00
[2024-11-27T07:54:50.201+0000] {processor.py:208} INFO - Processing /home/airflow/.local/lib/python3.12/site-packages/airflow/example_dags/example_sla_dag.py took 0.173 seconds
[2024-11-27T07:55:22.032+0000] {processor.py:186} INFO - Started process (PID=4500) to work on /home/airflow/.local/lib/python3.12/site-packages/airflow/example_dags/example_sla_dag.py
[2024-11-27T07:55:22.033+0000] {processor.py:914} INFO - Processing file /home/airflow/.local/lib/python3.12/site-packages/airflow/example_dags/example_sla_dag.py for tasks to queue
[2024-11-27T07:55:22.038+0000] {logging_mixin.py:190} INFO - [2024-11-27T07:55:22.036+0000] {dagbag.py:588} INFO - Filling up the DagBag from /home/airflow/.local/lib/python3.12/site-packages/airflow/example_dags/example_sla_dag.py
[2024-11-27T07:55:22.052+0000] {processor.py:925} INFO - DAG(s) 'example_sla_dag' retrieved from /home/airflow/.local/lib/python3.12/site-packages/airflow/example_dags/example_sla_dag.py
[2024-11-27T07:55:22.088+0000] {logging_mixin.py:190} INFO - [2024-11-27T07:55:22.087+0000] {dag.py:3239} INFO - Sync 1 DAGs
[2024-11-27T07:55:22.136+0000] {logging_mixin.py:190} INFO - [2024-11-27T07:55:22.135+0000] {dag.py:4180} INFO - Setting next_dagrun for example_sla_dag to 2024-11-27 07:52:00+00:00, run_after=2024-11-27 07:54:00+00:00
[2024-11-27T07:55:22.168+0000] {processor.py:208} INFO - Processing /home/airflow/.local/lib/python3.12/site-packages/airflow/example_dags/example_sla_dag.py took 0.146 seconds
[2024-11-27T07:55:54.635+0000] {processor.py:186} INFO - Started process (PID=4790) to work on /home/airflow/.local/lib/python3.12/site-packages/airflow/example_dags/example_sla_dag.py
[2024-11-27T07:55:54.640+0000] {processor.py:914} INFO - Processing file /home/airflow/.local/lib/python3.12/site-packages/airflow/example_dags/example_sla_dag.py for tasks to queue
[2024-11-27T07:55:54.650+0000] {logging_mixin.py:190} INFO - [2024-11-27T07:55:54.645+0000] {dagbag.py:588} INFO - Filling up the DagBag from /home/airflow/.local/lib/python3.12/site-packages/airflow/example_dags/example_sla_dag.py
[2024-11-27T07:55:54.692+0000] {processor.py:925} INFO - DAG(s) 'example_sla_dag' retrieved from /home/airflow/.local/lib/python3.12/site-packages/airflow/example_dags/example_sla_dag.py
[2024-11-27T07:55:54.784+0000] {logging_mixin.py:190} INFO - [2024-11-27T07:55:54.783+0000] {dag.py:3239} INFO - Sync 1 DAGs
[2024-11-27T07:55:54.908+0000] {logging_mixin.py:190} INFO - [2024-11-27T07:55:54.907+0000] {dag.py:4180} INFO - Setting next_dagrun for example_sla_dag to 2024-11-27 07:52:00+00:00, run_after=2024-11-27 07:54:00+00:00
[2024-11-27T07:55:54.972+0000] {processor.py:208} INFO - Processing /home/airflow/.local/lib/python3.12/site-packages/airflow/example_dags/example_sla_dag.py took 0.360 seconds
[2024-11-27T07:56:29.108+0000] {processor.py:186} INFO - Started process (PID=5136) to work on /home/airflow/.local/lib/python3.12/site-packages/airflow/example_dags/example_sla_dag.py
[2024-11-27T07:56:29.110+0000] {processor.py:914} INFO - Processing file /home/airflow/.local/lib/python3.12/site-packages/airflow/example_dags/example_sla_dag.py for tasks to queue
[2024-11-27T07:56:29.114+0000] {logging_mixin.py:190} INFO - [2024-11-27T07:56:29.114+0000] {dagbag.py:588} INFO - Filling up the DagBag from /home/airflow/.local/lib/python3.12/site-packages/airflow/example_dags/example_sla_dag.py
[2024-11-27T07:56:29.138+0000] {processor.py:925} INFO - DAG(s) 'example_sla_dag' retrieved from /home/airflow/.local/lib/python3.12/site-packages/airflow/example_dags/example_sla_dag.py
[2024-11-27T07:56:29.201+0000] {logging_mixin.py:190} INFO - [2024-11-27T07:56:29.200+0000] {dag.py:3239} INFO - Sync 1 DAGs
[2024-11-27T07:56:29.316+0000] {logging_mixin.py:190} INFO - [2024-11-27T07:56:29.315+0000] {dag.py:4180} INFO - Setting next_dagrun for example_sla_dag to 2024-11-27 07:54:00+00:00, run_after=2024-11-27 07:56:00+00:00
[2024-11-27T07:56:29.370+0000] {processor.py:208} INFO - Processing /home/airflow/.local/lib/python3.12/site-packages/airflow/example_dags/example_sla_dag.py took 0.277 seconds
[2024-11-27T07:57:03.740+0000] {processor.py:186} INFO - Started process (PID=5467) to work on /home/airflow/.local/lib/python3.12/site-packages/airflow/example_dags/example_sla_dag.py
[2024-11-27T07:57:03.742+0000] {processor.py:914} INFO - Processing file /home/airflow/.local/lib/python3.12/site-packages/airflow/example_dags/example_sla_dag.py for tasks to queue
[2024-11-27T07:57:03.747+0000] {logging_mixin.py:190} INFO - [2024-11-27T07:57:03.746+0000] {dagbag.py:588} INFO - Filling up the DagBag from /home/airflow/.local/lib/python3.12/site-packages/airflow/example_dags/example_sla_dag.py
[2024-11-27T07:57:03.772+0000] {processor.py:925} INFO - DAG(s) 'example_sla_dag' retrieved from /home/airflow/.local/lib/python3.12/site-packages/airflow/example_dags/example_sla_dag.py
[2024-11-27T07:57:03.824+0000] {logging_mixin.py:190} INFO - [2024-11-27T07:57:03.824+0000] {dag.py:3239} INFO - Sync 1 DAGs
[2024-11-27T07:57:03.887+0000] {logging_mixin.py:190} INFO - [2024-11-27T07:57:03.886+0000] {dag.py:4180} INFO - Setting next_dagrun for example_sla_dag to 2024-11-27 07:54:00+00:00, run_after=2024-11-27 07:56:00+00:00
[2024-11-27T07:57:03.933+0000] {processor.py:208} INFO - Processing /home/airflow/.local/lib/python3.12/site-packages/airflow/example_dags/example_sla_dag.py took 0.207 seconds
[2024-11-27T07:57:34.511+0000] {processor.py:186} INFO - Started process (PID=5760) to work on /home/airflow/.local/lib/python3.12/site-packages/airflow/example_dags/example_sla_dag.py
[2024-11-27T07:57:34.513+0000] {processor.py:914} INFO - Processing file /home/airflow/.local/lib/python3.12/site-packages/airflow/example_dags/example_sla_dag.py for tasks to queue
[2024-11-27T07:57:34.521+0000] {logging_mixin.py:190} INFO - [2024-11-27T07:57:34.519+0000] {dagbag.py:588} INFO - Filling up the DagBag from /home/airflow/.local/lib/python3.12/site-packages/airflow/example_dags/example_sla_dag.py
[2024-11-27T07:57:34.543+0000] {processor.py:925} INFO - DAG(s) 'example_sla_dag' retrieved from /home/airflow/.local/lib/python3.12/site-packages/airflow/example_dags/example_sla_dag.py
[2024-11-27T07:57:34.596+0000] {logging_mixin.py:190} INFO - [2024-11-27T07:57:34.595+0000] {dag.py:3239} INFO - Sync 1 DAGs
[2024-11-27T07:57:34.664+0000] {logging_mixin.py:190} INFO - [2024-11-27T07:57:34.663+0000] {dag.py:4180} INFO - Setting next_dagrun for example_sla_dag to 2024-11-27 07:54:00+00:00, run_after=2024-11-27 07:56:00+00:00
[2024-11-27T07:57:34.713+0000] {processor.py:208} INFO - Processing /home/airflow/.local/lib/python3.12/site-packages/airflow/example_dags/example_sla_dag.py took 0.216 seconds
[2024-11-27T07:58:04.830+0000] {processor.py:186} INFO - Started process (PID=6052) to work on /home/airflow/.local/lib/python3.12/site-packages/airflow/example_dags/example_sla_dag.py
[2024-11-27T07:58:04.832+0000] {processor.py:914} INFO - Processing file /home/airflow/.local/lib/python3.12/site-packages/airflow/example_dags/example_sla_dag.py for tasks to queue
[2024-11-27T07:58:04.835+0000] {logging_mixin.py:190} INFO - [2024-11-27T07:58:04.834+0000] {dagbag.py:588} INFO - Filling up the DagBag from /home/airflow/.local/lib/python3.12/site-packages/airflow/example_dags/example_sla_dag.py
[2024-11-27T07:58:04.854+0000] {processor.py:925} INFO - DAG(s) 'example_sla_dag' retrieved from /home/airflow/.local/lib/python3.12/site-packages/airflow/example_dags/example_sla_dag.py
[2024-11-27T07:58:04.890+0000] {logging_mixin.py:190} INFO - [2024-11-27T07:58:04.890+0000] {dag.py:3239} INFO - Sync 1 DAGs
[2024-11-27T07:58:04.947+0000] {logging_mixin.py:190} INFO - [2024-11-27T07:58:04.947+0000] {dag.py:4180} INFO - Setting next_dagrun for example_sla_dag to 2024-11-27 07:56:00+00:00, run_after=2024-11-27 07:58:00+00:00
[2024-11-27T07:58:04.981+0000] {processor.py:208} INFO - Processing /home/airflow/.local/lib/python3.12/site-packages/airflow/example_dags/example_sla_dag.py took 0.159 seconds
[2024-11-27T07:58:38.746+0000] {processor.py:186} INFO - Started process (PID=6341) to work on /home/airflow/.local/lib/python3.12/site-packages/airflow/example_dags/example_sla_dag.py
[2024-11-27T07:58:38.748+0000] {processor.py:914} INFO - Processing file /home/airflow/.local/lib/python3.12/site-packages/airflow/example_dags/example_sla_dag.py for tasks to queue
[2024-11-27T07:58:38.753+0000] {logging_mixin.py:190} INFO - [2024-11-27T07:58:38.753+0000] {dagbag.py:588} INFO - Filling up the DagBag from /home/airflow/.local/lib/python3.12/site-packages/airflow/example_dags/example_sla_dag.py
[2024-11-27T07:58:38.777+0000] {processor.py:925} INFO - DAG(s) 'example_sla_dag' retrieved from /home/airflow/.local/lib/python3.12/site-packages/airflow/example_dags/example_sla_dag.py
[2024-11-27T07:58:38.817+0000] {logging_mixin.py:190} INFO - [2024-11-27T07:58:38.816+0000] {dag.py:3239} INFO - Sync 1 DAGs
[2024-11-27T07:58:38.869+0000] {logging_mixin.py:190} INFO - [2024-11-27T07:58:38.869+0000] {dag.py:4180} INFO - Setting next_dagrun for example_sla_dag to 2024-11-27 07:56:00+00:00, run_after=2024-11-27 07:58:00+00:00
[2024-11-27T07:58:38.907+0000] {processor.py:208} INFO - Processing /home/airflow/.local/lib/python3.12/site-packages/airflow/example_dags/example_sla_dag.py took 0.176 seconds
[2024-11-27T07:59:12.108+0000] {processor.py:186} INFO - Started process (PID=6648) to work on /home/airflow/.local/lib/python3.12/site-packages/airflow/example_dags/example_sla_dag.py
[2024-11-27T07:59:12.110+0000] {processor.py:914} INFO - Processing file /home/airflow/.local/lib/python3.12/site-packages/airflow/example_dags/example_sla_dag.py for tasks to queue
[2024-11-27T07:59:12.115+0000] {logging_mixin.py:190} INFO - [2024-11-27T07:59:12.114+0000] {dagbag.py:588} INFO - Filling up the DagBag from /home/airflow/.local/lib/python3.12/site-packages/airflow/example_dags/example_sla_dag.py
[2024-11-27T07:59:12.145+0000] {processor.py:925} INFO - DAG(s) 'example_sla_dag' retrieved from /home/airflow/.local/lib/python3.12/site-packages/airflow/example_dags/example_sla_dag.py
[2024-11-27T07:59:12.198+0000] {logging_mixin.py:190} INFO - [2024-11-27T07:59:12.198+0000] {dag.py:3239} INFO - Sync 1 DAGs
[2024-11-27T07:59:12.282+0000] {logging_mixin.py:190} INFO - [2024-11-27T07:59:12.281+0000] {dag.py:4180} INFO - Setting next_dagrun for example_sla_dag to 2024-11-27 07:56:00+00:00, run_after=2024-11-27 07:58:00+00:00
[2024-11-27T07:59:12.338+0000] {processor.py:208} INFO - Processing /home/airflow/.local/lib/python3.12/site-packages/airflow/example_dags/example_sla_dag.py took 0.243 seconds
[2024-11-27T07:59:42.436+0000] {processor.py:186} INFO - Started process (PID=6939) to work on /home/airflow/.local/lib/python3.12/site-packages/airflow/example_dags/example_sla_dag.py
[2024-11-27T07:59:42.438+0000] {processor.py:914} INFO - Processing file /home/airflow/.local/lib/python3.12/site-packages/airflow/example_dags/example_sla_dag.py for tasks to queue
[2024-11-27T07:59:42.442+0000] {logging_mixin.py:190} INFO - [2024-11-27T07:59:42.442+0000] {dagbag.py:588} INFO - Filling up the DagBag from /home/airflow/.local/lib/python3.12/site-packages/airflow/example_dags/example_sla_dag.py
[2024-11-27T07:59:42.457+0000] {processor.py:925} INFO - DAG(s) 'example_sla_dag' retrieved from /home/airflow/.local/lib/python3.12/site-packages/airflow/example_dags/example_sla_dag.py
[2024-11-27T07:59:42.487+0000] {logging_mixin.py:190} INFO - [2024-11-27T07:59:42.487+0000] {dag.py:3239} INFO - Sync 1 DAGs
[2024-11-27T07:59:42.528+0000] {logging_mixin.py:190} INFO - [2024-11-27T07:59:42.528+0000] {dag.py:4180} INFO - Setting next_dagrun for example_sla_dag to 2024-11-27 07:56:00+00:00, run_after=2024-11-27 07:58:00+00:00
[2024-11-27T07:59:42.558+0000] {processor.py:208} INFO - Processing /home/airflow/.local/lib/python3.12/site-packages/airflow/example_dags/example_sla_dag.py took 0.129 seconds
[2024-11-27T08:00:13.258+0000] {processor.py:186} INFO - Started process (PID=7230) to work on /home/airflow/.local/lib/python3.12/site-packages/airflow/example_dags/example_sla_dag.py
[2024-11-27T08:00:13.260+0000] {processor.py:914} INFO - Processing file /home/airflow/.local/lib/python3.12/site-packages/airflow/example_dags/example_sla_dag.py for tasks to queue
[2024-11-27T08:00:13.264+0000] {logging_mixin.py:190} INFO - [2024-11-27T08:00:13.263+0000] {dagbag.py:588} INFO - Filling up the DagBag from /home/airflow/.local/lib/python3.12/site-packages/airflow/example_dags/example_sla_dag.py
[2024-11-27T08:00:13.282+0000] {processor.py:925} INFO - DAG(s) 'example_sla_dag' retrieved from /home/airflow/.local/lib/python3.12/site-packages/airflow/example_dags/example_sla_dag.py
[2024-11-27T08:00:13.311+0000] {logging_mixin.py:190} INFO - [2024-11-27T08:00:13.310+0000] {dag.py:3239} INFO - Sync 1 DAGs
[2024-11-27T08:00:13.351+0000] {logging_mixin.py:190} INFO - [2024-11-27T08:00:13.350+0000] {dag.py:4180} INFO - Setting next_dagrun for example_sla_dag to 2024-11-27 07:58:00+00:00, run_after=2024-11-27 08:00:00+00:00
[2024-11-27T08:00:13.381+0000] {processor.py:208} INFO - Processing /home/airflow/.local/lib/python3.12/site-packages/airflow/example_dags/example_sla_dag.py took 0.132 seconds
[2024-11-27T08:00:45.245+0000] {processor.py:186} INFO - Started process (PID=7523) to work on /home/airflow/.local/lib/python3.12/site-packages/airflow/example_dags/example_sla_dag.py
[2024-11-27T08:00:45.247+0000] {processor.py:914} INFO - Processing file /home/airflow/.local/lib/python3.12/site-packages/airflow/example_dags/example_sla_dag.py for tasks to queue
[2024-11-27T08:00:45.251+0000] {logging_mixin.py:190} INFO - [2024-11-27T08:00:45.250+0000] {dagbag.py:588} INFO - Filling up the DagBag from /home/airflow/.local/lib/python3.12/site-packages/airflow/example_dags/example_sla_dag.py
[2024-11-27T08:00:45.281+0000] {processor.py:925} INFO - DAG(s) 'example_sla_dag' retrieved from /home/airflow/.local/lib/python3.12/site-packages/airflow/example_dags/example_sla_dag.py
[2024-11-27T08:00:45.326+0000] {logging_mixin.py:190} INFO - [2024-11-27T08:00:45.326+0000] {dag.py:3239} INFO - Sync 1 DAGs
[2024-11-27T08:00:45.394+0000] {logging_mixin.py:190} INFO - [2024-11-27T08:00:45.394+0000] {dag.py:4180} INFO - Setting next_dagrun for example_sla_dag to 2024-11-27 07:58:00+00:00, run_after=2024-11-27 08:00:00+00:00
[2024-11-27T08:00:45.434+0000] {processor.py:208} INFO - Processing /home/airflow/.local/lib/python3.12/site-packages/airflow/example_dags/example_sla_dag.py took 0.198 seconds
[2024-11-27T08:01:17.792+0000] {processor.py:186} INFO - Started process (PID=7812) to work on /home/airflow/.local/lib/python3.12/site-packages/airflow/example_dags/example_sla_dag.py
[2024-11-27T08:01:17.798+0000] {processor.py:914} INFO - Processing file /home/airflow/.local/lib/python3.12/site-packages/airflow/example_dags/example_sla_dag.py for tasks to queue
[2024-11-27T08:01:17.809+0000] {logging_mixin.py:190} INFO - [2024-11-27T08:01:17.808+0000] {dagbag.py:588} INFO - Filling up the DagBag from /home/airflow/.local/lib/python3.12/site-packages/airflow/example_dags/example_sla_dag.py
[2024-11-27T08:01:17.846+0000] {processor.py:925} INFO - DAG(s) 'example_sla_dag' retrieved from /home/airflow/.local/lib/python3.12/site-packages/airflow/example_dags/example_sla_dag.py
[2024-11-27T08:01:17.897+0000] {logging_mixin.py:190} INFO - [2024-11-27T08:01:17.896+0000] {dag.py:3239} INFO - Sync 1 DAGs
[2024-11-27T08:01:17.954+0000] {logging_mixin.py:190} INFO - [2024-11-27T08:01:17.953+0000] {dag.py:4180} INFO - Setting next_dagrun for example_sla_dag to 2024-11-27 07:58:00+00:00, run_after=2024-11-27 08:00:00+00:00
[2024-11-27T08:01:18.023+0000] {processor.py:208} INFO - Processing /home/airflow/.local/lib/python3.12/site-packages/airflow/example_dags/example_sla_dag.py took 0.250 seconds
[2024-11-27T08:01:50.034+0000] {processor.py:186} INFO - Started process (PID=8105) to work on /home/airflow/.local/lib/python3.12/site-packages/airflow/example_dags/example_sla_dag.py
[2024-11-27T08:01:50.036+0000] {processor.py:914} INFO - Processing file /home/airflow/.local/lib/python3.12/site-packages/airflow/example_dags/example_sla_dag.py for tasks to queue
[2024-11-27T08:01:50.039+0000] {logging_mixin.py:190} INFO - [2024-11-27T08:01:50.038+0000] {dagbag.py:588} INFO - Filling up the DagBag from /home/airflow/.local/lib/python3.12/site-packages/airflow/example_dags/example_sla_dag.py
[2024-11-27T08:01:50.054+0000] {processor.py:925} INFO - DAG(s) 'example_sla_dag' retrieved from /home/airflow/.local/lib/python3.12/site-packages/airflow/example_dags/example_sla_dag.py
[2024-11-27T08:01:50.097+0000] {logging_mixin.py:190} INFO - [2024-11-27T08:01:50.096+0000] {dag.py:3239} INFO - Sync 1 DAGs
[2024-11-27T08:01:50.141+0000] {logging_mixin.py:190} INFO - [2024-11-27T08:01:50.140+0000] {dag.py:4180} INFO - Setting next_dagrun for example_sla_dag to 2024-11-27 07:58:00+00:00, run_after=2024-11-27 08:00:00+00:00
[2024-11-27T08:01:50.181+0000] {processor.py:208} INFO - Processing /home/airflow/.local/lib/python3.12/site-packages/airflow/example_dags/example_sla_dag.py took 0.154 seconds
[2024-11-27T08:02:30.147+0000] {processor.py:186} INFO - Started process (PID=8400) to work on /home/airflow/.local/lib/python3.12/site-packages/airflow/example_dags/example_sla_dag.py
[2024-11-27T08:02:30.149+0000] {processor.py:914} INFO - Processing file /home/airflow/.local/lib/python3.12/site-packages/airflow/example_dags/example_sla_dag.py for tasks to queue
[2024-11-27T08:02:30.153+0000] {logging_mixin.py:190} INFO - [2024-11-27T08:02:30.152+0000] {dagbag.py:588} INFO - Filling up the DagBag from /home/airflow/.local/lib/python3.12/site-packages/airflow/example_dags/example_sla_dag.py
[2024-11-27T08:02:30.168+0000] {processor.py:925} INFO - DAG(s) 'example_sla_dag' retrieved from /home/airflow/.local/lib/python3.12/site-packages/airflow/example_dags/example_sla_dag.py
[2024-11-27T08:02:30.204+0000] {logging_mixin.py:190} INFO - [2024-11-27T08:02:30.204+0000] {dag.py:3239} INFO - Sync 1 DAGs
[2024-11-27T08:02:30.258+0000] {logging_mixin.py:190} INFO - [2024-11-27T08:02:30.258+0000] {dag.py:4180} INFO - Setting next_dagrun for example_sla_dag to 2024-11-27 08:00:00+00:00, run_after=2024-11-27 08:02:00+00:00
[2024-11-27T08:02:30.304+0000] {processor.py:208} INFO - Processing /home/airflow/.local/lib/python3.12/site-packages/airflow/example_dags/example_sla_dag.py took 0.166 seconds
[2024-11-27T08:03:01.049+0000] {processor.py:186} INFO - Started process (PID=8691) to work on /home/airflow/.local/lib/python3.12/site-packages/airflow/example_dags/example_sla_dag.py
[2024-11-27T08:03:01.051+0000] {processor.py:914} INFO - Processing file /home/airflow/.local/lib/python3.12/site-packages/airflow/example_dags/example_sla_dag.py for tasks to queue
[2024-11-27T08:03:01.056+0000] {logging_mixin.py:190} INFO - [2024-11-27T08:03:01.055+0000] {dagbag.py:588} INFO - Filling up the DagBag from /home/airflow/.local/lib/python3.12/site-packages/airflow/example_dags/example_sla_dag.py
[2024-11-27T08:03:01.079+0000] {processor.py:925} INFO - DAG(s) 'example_sla_dag' retrieved from /home/airflow/.local/lib/python3.12/site-packages/airflow/example_dags/example_sla_dag.py
[2024-11-27T08:03:01.132+0000] {logging_mixin.py:190} INFO - [2024-11-27T08:03:01.132+0000] {dag.py:3239} INFO - Sync 1 DAGs
[2024-11-27T08:03:01.187+0000] {logging_mixin.py:190} INFO - [2024-11-27T08:03:01.187+0000] {dag.py:4180} INFO - Setting next_dagrun for example_sla_dag to 2024-11-27 08:00:00+00:00, run_after=2024-11-27 08:02:00+00:00
[2024-11-27T08:03:01.230+0000] {processor.py:208} INFO - Processing /home/airflow/.local/lib/python3.12/site-packages/airflow/example_dags/example_sla_dag.py took 0.194 seconds
[2024-11-27T08:03:31.490+0000] {processor.py:186} INFO - Started process (PID=8979) to work on /home/airflow/.local/lib/python3.12/site-packages/airflow/example_dags/example_sla_dag.py
[2024-11-27T08:03:31.492+0000] {processor.py:914} INFO - Processing file /home/airflow/.local/lib/python3.12/site-packages/airflow/example_dags/example_sla_dag.py for tasks to queue
[2024-11-27T08:03:31.495+0000] {logging_mixin.py:190} INFO - [2024-11-27T08:03:31.494+0000] {dagbag.py:588} INFO - Filling up the DagBag from /home/airflow/.local/lib/python3.12/site-packages/airflow/example_dags/example_sla_dag.py
[2024-11-27T08:03:31.508+0000] {processor.py:925} INFO - DAG(s) 'example_sla_dag' retrieved from /home/airflow/.local/lib/python3.12/site-packages/airflow/example_dags/example_sla_dag.py
[2024-11-27T08:03:31.534+0000] {logging_mixin.py:190} INFO - [2024-11-27T08:03:31.534+0000] {dag.py:3239} INFO - Sync 1 DAGs
[2024-11-27T08:03:31.567+0000] {logging_mixin.py:190} INFO - [2024-11-27T08:03:31.566+0000] {dag.py:4180} INFO - Setting next_dagrun for example_sla_dag to 2024-11-27 08:00:00+00:00, run_after=2024-11-27 08:02:00+00:00
[2024-11-27T08:03:31.596+0000] {processor.py:208} INFO - Processing /home/airflow/.local/lib/python3.12/site-packages/airflow/example_dags/example_sla_dag.py took 0.116 seconds
[2024-11-27T08:04:02.044+0000] {processor.py:186} INFO - Started process (PID=9269) to work on /home/airflow/.local/lib/python3.12/site-packages/airflow/example_dags/example_sla_dag.py
[2024-11-27T08:04:02.048+0000] {processor.py:914} INFO - Processing file /home/airflow/.local/lib/python3.12/site-packages/airflow/example_dags/example_sla_dag.py for tasks to queue
[2024-11-27T08:04:02.053+0000] {logging_mixin.py:190} INFO - [2024-11-27T08:04:02.052+0000] {dagbag.py:588} INFO - Filling up the DagBag from /home/airflow/.local/lib/python3.12/site-packages/airflow/example_dags/example_sla_dag.py
[2024-11-27T08:04:02.105+0000] {processor.py:925} INFO - DAG(s) 'example_sla_dag' retrieved from /home/airflow/.local/lib/python3.12/site-packages/airflow/example_dags/example_sla_dag.py
[2024-11-27T08:04:02.165+0000] {logging_mixin.py:190} INFO - [2024-11-27T08:04:02.164+0000] {dag.py:3239} INFO - Sync 1 DAGs
[2024-11-27T08:04:02.241+0000] {logging_mixin.py:190} INFO - [2024-11-27T08:04:02.241+0000] {dag.py:4180} INFO - Setting next_dagrun for example_sla_dag to 2024-11-27 08:02:00+00:00, run_after=2024-11-27 08:04:00+00:00
[2024-11-27T08:04:02.296+0000] {processor.py:208} INFO - Processing /home/airflow/.local/lib/python3.12/site-packages/airflow/example_dags/example_sla_dag.py took 0.268 seconds
[2024-11-27T08:04:32.844+0000] {processor.py:186} INFO - Started process (PID=9563) to work on /home/airflow/.local/lib/python3.12/site-packages/airflow/example_dags/example_sla_dag.py
[2024-11-27T08:04:32.846+0000] {processor.py:914} INFO - Processing file /home/airflow/.local/lib/python3.12/site-packages/airflow/example_dags/example_sla_dag.py for tasks to queue
[2024-11-27T08:04:32.850+0000] {logging_mixin.py:190} INFO - [2024-11-27T08:04:32.850+0000] {dagbag.py:588} INFO - Filling up the DagBag from /home/airflow/.local/lib/python3.12/site-packages/airflow/example_dags/example_sla_dag.py
[2024-11-27T08:04:32.876+0000] {processor.py:925} INFO - DAG(s) 'example_sla_dag' retrieved from /home/airflow/.local/lib/python3.12/site-packages/airflow/example_dags/example_sla_dag.py
[2024-11-27T08:04:32.911+0000] {logging_mixin.py:190} INFO - [2024-11-27T08:04:32.911+0000] {dag.py:3239} INFO - Sync 1 DAGs
[2024-11-27T08:04:32.959+0000] {logging_mixin.py:190} INFO - [2024-11-27T08:04:32.958+0000] {dag.py:4180} INFO - Setting next_dagrun for example_sla_dag to 2024-11-27 08:02:00+00:00, run_after=2024-11-27 08:04:00+00:00
[2024-11-27T08:04:33.002+0000] {processor.py:208} INFO - Processing /home/airflow/.local/lib/python3.12/site-packages/airflow/example_dags/example_sla_dag.py took 0.169 seconds
[2024-11-27T08:06:11.424+0000] {processor.py:186} INFO - Started process (PID=417) to work on /home/airflow/.local/lib/python3.12/site-packages/airflow/example_dags/example_sla_dag.py
[2024-11-27T08:06:11.425+0000] {processor.py:914} INFO - Processing file /home/airflow/.local/lib/python3.12/site-packages/airflow/example_dags/example_sla_dag.py for tasks to queue
[2024-11-27T08:06:11.430+0000] {logging_mixin.py:190} INFO - [2024-11-27T08:06:11.429+0000] {dagbag.py:588} INFO - Filling up the DagBag from /home/airflow/.local/lib/python3.12/site-packages/airflow/example_dags/example_sla_dag.py
[2024-11-27T08:06:11.451+0000] {processor.py:925} INFO - DAG(s) 'example_sla_dag' retrieved from /home/airflow/.local/lib/python3.12/site-packages/airflow/example_dags/example_sla_dag.py
[2024-11-27T08:06:11.497+0000] {logging_mixin.py:190} INFO - [2024-11-27T08:06:11.496+0000] {dag.py:3239} INFO - Sync 1 DAGs
[2024-11-27T08:06:11.542+0000] {logging_mixin.py:190} INFO - [2024-11-27T08:06:11.542+0000] {dag.py:4180} INFO - Setting next_dagrun for example_sla_dag to 2024-11-27 08:04:00+00:00, run_after=2024-11-27 08:06:00+00:00
[2024-11-27T08:06:11.573+0000] {processor.py:208} INFO - Processing /home/airflow/.local/lib/python3.12/site-packages/airflow/example_dags/example_sla_dag.py took 0.161 seconds
[2024-11-27T08:06:46.155+0000] {processor.py:186} INFO - Started process (PID=714) to work on /home/airflow/.local/lib/python3.12/site-packages/airflow/example_dags/example_sla_dag.py
[2024-11-27T08:06:46.158+0000] {processor.py:914} INFO - Processing file /home/airflow/.local/lib/python3.12/site-packages/airflow/example_dags/example_sla_dag.py for tasks to queue
[2024-11-27T08:06:46.162+0000] {logging_mixin.py:190} INFO - [2024-11-27T08:06:46.162+0000] {dagbag.py:588} INFO - Filling up the DagBag from /home/airflow/.local/lib/python3.12/site-packages/airflow/example_dags/example_sla_dag.py
[2024-11-27T08:06:46.184+0000] {processor.py:925} INFO - DAG(s) 'example_sla_dag' retrieved from /home/airflow/.local/lib/python3.12/site-packages/airflow/example_dags/example_sla_dag.py
[2024-11-27T08:06:46.228+0000] {logging_mixin.py:190} INFO - [2024-11-27T08:06:46.227+0000] {dag.py:3239} INFO - Sync 1 DAGs
[2024-11-27T08:06:46.282+0000] {logging_mixin.py:190} INFO - [2024-11-27T08:06:46.282+0000] {dag.py:4180} INFO - Setting next_dagrun for example_sla_dag to 2024-11-27 08:04:00+00:00, run_after=2024-11-27 08:06:00+00:00
[2024-11-27T08:06:46.318+0000] {processor.py:208} INFO - Processing /home/airflow/.local/lib/python3.12/site-packages/airflow/example_dags/example_sla_dag.py took 0.174 seconds
[2024-11-27T08:07:17.771+0000] {processor.py:186} INFO - Started process (PID=1005) to work on /home/airflow/.local/lib/python3.12/site-packages/airflow/example_dags/example_sla_dag.py
[2024-11-27T08:07:17.774+0000] {processor.py:914} INFO - Processing file /home/airflow/.local/lib/python3.12/site-packages/airflow/example_dags/example_sla_dag.py for tasks to queue
[2024-11-27T08:07:17.784+0000] {logging_mixin.py:190} INFO - [2024-11-27T08:07:17.781+0000] {dagbag.py:588} INFO - Filling up the DagBag from /home/airflow/.local/lib/python3.12/site-packages/airflow/example_dags/example_sla_dag.py
[2024-11-27T08:07:17.814+0000] {processor.py:925} INFO - DAG(s) 'example_sla_dag' retrieved from /home/airflow/.local/lib/python3.12/site-packages/airflow/example_dags/example_sla_dag.py
[2024-11-27T08:07:17.885+0000] {logging_mixin.py:190} INFO - [2024-11-27T08:07:17.884+0000] {dag.py:3239} INFO - Sync 1 DAGs
[2024-11-27T08:07:18.023+0000] {logging_mixin.py:190} INFO - [2024-11-27T08:07:18.023+0000] {dag.py:4180} INFO - Setting next_dagrun for example_sla_dag to 2024-11-27 08:04:00+00:00, run_after=2024-11-27 08:06:00+00:00
[2024-11-27T08:07:18.120+0000] {processor.py:208} INFO - Processing /home/airflow/.local/lib/python3.12/site-packages/airflow/example_dags/example_sla_dag.py took 0.368 seconds
[2024-11-27T08:07:49.050+0000] {processor.py:186} INFO - Started process (PID=1291) to work on /home/airflow/.local/lib/python3.12/site-packages/airflow/example_dags/example_sla_dag.py
[2024-11-27T08:07:49.051+0000] {processor.py:914} INFO - Processing file /home/airflow/.local/lib/python3.12/site-packages/airflow/example_dags/example_sla_dag.py for tasks to queue
[2024-11-27T08:07:49.055+0000] {logging_mixin.py:190} INFO - [2024-11-27T08:07:49.054+0000] {dagbag.py:588} INFO - Filling up the DagBag from /home/airflow/.local/lib/python3.12/site-packages/airflow/example_dags/example_sla_dag.py
[2024-11-27T08:07:49.070+0000] {processor.py:925} INFO - DAG(s) 'example_sla_dag' retrieved from /home/airflow/.local/lib/python3.12/site-packages/airflow/example_dags/example_sla_dag.py
[2024-11-27T08:07:49.107+0000] {logging_mixin.py:190} INFO - [2024-11-27T08:07:49.106+0000] {dag.py:3239} INFO - Sync 1 DAGs
[2024-11-27T08:07:49.157+0000] {logging_mixin.py:190} INFO - [2024-11-27T08:07:49.156+0000] {dag.py:4180} INFO - Setting next_dagrun for example_sla_dag to 2024-11-27 08:04:00+00:00, run_after=2024-11-27 08:06:00+00:00
[2024-11-27T08:07:49.206+0000] {processor.py:208} INFO - Processing /home/airflow/.local/lib/python3.12/site-packages/airflow/example_dags/example_sla_dag.py took 0.169 seconds
