[2024-11-27T07:47:44.887+0000] {processor.py:186} INFO - Started process (PID=218) to work on /home/airflow/.local/lib/python3.12/site-packages/airflow/example_dags/tutorial_taskflow_api.py
[2024-11-27T07:47:44.889+0000] {processor.py:914} INFO - Processing file /home/airflow/.local/lib/python3.12/site-packages/airflow/example_dags/tutorial_taskflow_api.py for tasks to queue
[2024-11-27T07:47:44.893+0000] {logging_mixin.py:190} INFO - [2024-11-27T07:47:44.892+0000] {dagbag.py:588} INFO - Filling up the DagBag from /home/airflow/.local/lib/python3.12/site-packages/airflow/example_dags/tutorial_taskflow_api.py
[2024-11-27T07:47:44.990+0000] {processor.py:925} INFO - DAG(s) 'tutorial_taskflow_api' retrieved from /home/airflow/.local/lib/python3.12/site-packages/airflow/example_dags/tutorial_taskflow_api.py
[2024-11-27T07:47:45.058+0000] {logging_mixin.py:190} INFO - [2024-11-27T07:47:45.057+0000] {dag.py:3239} INFO - Sync 1 DAGs
[2024-11-27T07:47:45.100+0000] {logging_mixin.py:190} INFO - [2024-11-27T07:47:45.099+0000] {dag.py:4180} INFO - Setting next_dagrun for tutorial_taskflow_api to None, run_after=None
[2024-11-27T07:47:45.143+0000] {processor.py:208} INFO - Processing /home/airflow/.local/lib/python3.12/site-packages/airflow/example_dags/tutorial_taskflow_api.py took 0.265 seconds
[2024-11-27T07:48:15.668+0000] {processor.py:186} INFO - Started process (PID=509) to work on /home/airflow/.local/lib/python3.12/site-packages/airflow/example_dags/tutorial_taskflow_api.py
[2024-11-27T07:48:15.670+0000] {processor.py:914} INFO - Processing file /home/airflow/.local/lib/python3.12/site-packages/airflow/example_dags/tutorial_taskflow_api.py for tasks to queue
[2024-11-27T07:48:15.683+0000] {logging_mixin.py:190} INFO - [2024-11-27T07:48:15.682+0000] {dagbag.py:588} INFO - Filling up the DagBag from /home/airflow/.local/lib/python3.12/site-packages/airflow/example_dags/tutorial_taskflow_api.py
[2024-11-27T07:48:15.733+0000] {processor.py:925} INFO - DAG(s) 'tutorial_taskflow_api' retrieved from /home/airflow/.local/lib/python3.12/site-packages/airflow/example_dags/tutorial_taskflow_api.py
[2024-11-27T07:48:15.846+0000] {logging_mixin.py:190} INFO - [2024-11-27T07:48:15.846+0000] {dag.py:3239} INFO - Sync 1 DAGs
[2024-11-27T07:48:15.890+0000] {logging_mixin.py:190} INFO - [2024-11-27T07:48:15.889+0000] {dag.py:4180} INFO - Setting next_dagrun for tutorial_taskflow_api to None, run_after=None
[2024-11-27T07:48:15.940+0000] {processor.py:208} INFO - Processing /home/airflow/.local/lib/python3.12/site-packages/airflow/example_dags/tutorial_taskflow_api.py took 0.294 seconds
[2024-11-27T07:48:46.552+0000] {processor.py:186} INFO - Started process (PID=802) to work on /home/airflow/.local/lib/python3.12/site-packages/airflow/example_dags/tutorial_taskflow_api.py
[2024-11-27T07:48:46.554+0000] {processor.py:914} INFO - Processing file /home/airflow/.local/lib/python3.12/site-packages/airflow/example_dags/tutorial_taskflow_api.py for tasks to queue
[2024-11-27T07:48:46.558+0000] {logging_mixin.py:190} INFO - [2024-11-27T07:48:46.558+0000] {dagbag.py:588} INFO - Filling up the DagBag from /home/airflow/.local/lib/python3.12/site-packages/airflow/example_dags/tutorial_taskflow_api.py
[2024-11-27T07:48:46.572+0000] {processor.py:925} INFO - DAG(s) 'tutorial_taskflow_api' retrieved from /home/airflow/.local/lib/python3.12/site-packages/airflow/example_dags/tutorial_taskflow_api.py
[2024-11-27T07:48:46.605+0000] {logging_mixin.py:190} INFO - [2024-11-27T07:48:46.605+0000] {dag.py:3239} INFO - Sync 1 DAGs
[2024-11-27T07:48:46.629+0000] {logging_mixin.py:190} INFO - [2024-11-27T07:48:46.628+0000] {dag.py:4180} INFO - Setting next_dagrun for tutorial_taskflow_api to None, run_after=None
[2024-11-27T07:48:46.662+0000] {processor.py:208} INFO - Processing /home/airflow/.local/lib/python3.12/site-packages/airflow/example_dags/tutorial_taskflow_api.py took 0.118 seconds
[2024-11-27T07:49:17.621+0000] {processor.py:186} INFO - Started process (PID=1091) to work on /home/airflow/.local/lib/python3.12/site-packages/airflow/example_dags/tutorial_taskflow_api.py
[2024-11-27T07:49:17.623+0000] {processor.py:914} INFO - Processing file /home/airflow/.local/lib/python3.12/site-packages/airflow/example_dags/tutorial_taskflow_api.py for tasks to queue
[2024-11-27T07:49:17.630+0000] {logging_mixin.py:190} INFO - [2024-11-27T07:49:17.629+0000] {dagbag.py:588} INFO - Filling up the DagBag from /home/airflow/.local/lib/python3.12/site-packages/airflow/example_dags/tutorial_taskflow_api.py
[2024-11-27T07:49:17.658+0000] {processor.py:925} INFO - DAG(s) 'tutorial_taskflow_api' retrieved from /home/airflow/.local/lib/python3.12/site-packages/airflow/example_dags/tutorial_taskflow_api.py
[2024-11-27T07:49:17.730+0000] {logging_mixin.py:190} INFO - [2024-11-27T07:49:17.729+0000] {dag.py:3239} INFO - Sync 1 DAGs
[2024-11-27T07:49:17.810+0000] {logging_mixin.py:190} INFO - [2024-11-27T07:49:17.809+0000] {dag.py:4180} INFO - Setting next_dagrun for tutorial_taskflow_api to None, run_after=None
[2024-11-27T07:49:17.878+0000] {processor.py:208} INFO - Processing /home/airflow/.local/lib/python3.12/site-packages/airflow/example_dags/tutorial_taskflow_api.py took 0.266 seconds
[2024-11-27T07:49:48.201+0000] {processor.py:186} INFO - Started process (PID=1385) to work on /home/airflow/.local/lib/python3.12/site-packages/airflow/example_dags/tutorial_taskflow_api.py
[2024-11-27T07:49:48.203+0000] {processor.py:914} INFO - Processing file /home/airflow/.local/lib/python3.12/site-packages/airflow/example_dags/tutorial_taskflow_api.py for tasks to queue
[2024-11-27T07:49:48.208+0000] {logging_mixin.py:190} INFO - [2024-11-27T07:49:48.207+0000] {dagbag.py:588} INFO - Filling up the DagBag from /home/airflow/.local/lib/python3.12/site-packages/airflow/example_dags/tutorial_taskflow_api.py
[2024-11-27T07:49:48.228+0000] {processor.py:925} INFO - DAG(s) 'tutorial_taskflow_api' retrieved from /home/airflow/.local/lib/python3.12/site-packages/airflow/example_dags/tutorial_taskflow_api.py
[2024-11-27T07:49:48.287+0000] {logging_mixin.py:190} INFO - [2024-11-27T07:49:48.285+0000] {dag.py:3239} INFO - Sync 1 DAGs
[2024-11-27T07:49:48.319+0000] {logging_mixin.py:190} INFO - [2024-11-27T07:49:48.319+0000] {dag.py:4180} INFO - Setting next_dagrun for tutorial_taskflow_api to None, run_after=None
[2024-11-27T07:49:48.364+0000] {processor.py:208} INFO - Processing /home/airflow/.local/lib/python3.12/site-packages/airflow/example_dags/tutorial_taskflow_api.py took 0.179 seconds
[2024-11-27T07:50:19.206+0000] {processor.py:186} INFO - Started process (PID=1674) to work on /home/airflow/.local/lib/python3.12/site-packages/airflow/example_dags/tutorial_taskflow_api.py
[2024-11-27T07:50:19.208+0000] {processor.py:914} INFO - Processing file /home/airflow/.local/lib/python3.12/site-packages/airflow/example_dags/tutorial_taskflow_api.py for tasks to queue
[2024-11-27T07:50:19.215+0000] {logging_mixin.py:190} INFO - [2024-11-27T07:50:19.213+0000] {dagbag.py:588} INFO - Filling up the DagBag from /home/airflow/.local/lib/python3.12/site-packages/airflow/example_dags/tutorial_taskflow_api.py
[2024-11-27T07:50:19.236+0000] {processor.py:925} INFO - DAG(s) 'tutorial_taskflow_api' retrieved from /home/airflow/.local/lib/python3.12/site-packages/airflow/example_dags/tutorial_taskflow_api.py
[2024-11-27T07:50:19.296+0000] {logging_mixin.py:190} INFO - [2024-11-27T07:50:19.295+0000] {dag.py:3239} INFO - Sync 1 DAGs
[2024-11-27T07:50:19.325+0000] {logging_mixin.py:190} INFO - [2024-11-27T07:50:19.324+0000] {dag.py:4180} INFO - Setting next_dagrun for tutorial_taskflow_api to None, run_after=None
[2024-11-27T07:50:19.370+0000] {processor.py:208} INFO - Processing /home/airflow/.local/lib/python3.12/site-packages/airflow/example_dags/tutorial_taskflow_api.py took 0.183 seconds
[2024-11-27T07:50:49.539+0000] {processor.py:186} INFO - Started process (PID=1965) to work on /home/airflow/.local/lib/python3.12/site-packages/airflow/example_dags/tutorial_taskflow_api.py
[2024-11-27T07:50:49.542+0000] {processor.py:914} INFO - Processing file /home/airflow/.local/lib/python3.12/site-packages/airflow/example_dags/tutorial_taskflow_api.py for tasks to queue
[2024-11-27T07:50:49.546+0000] {logging_mixin.py:190} INFO - [2024-11-27T07:50:49.546+0000] {dagbag.py:588} INFO - Filling up the DagBag from /home/airflow/.local/lib/python3.12/site-packages/airflow/example_dags/tutorial_taskflow_api.py
[2024-11-27T07:50:49.562+0000] {processor.py:925} INFO - DAG(s) 'tutorial_taskflow_api' retrieved from /home/airflow/.local/lib/python3.12/site-packages/airflow/example_dags/tutorial_taskflow_api.py
[2024-11-27T07:50:49.597+0000] {logging_mixin.py:190} INFO - [2024-11-27T07:50:49.596+0000] {dag.py:3239} INFO - Sync 1 DAGs
[2024-11-27T07:50:49.619+0000] {logging_mixin.py:190} INFO - [2024-11-27T07:50:49.618+0000] {dag.py:4180} INFO - Setting next_dagrun for tutorial_taskflow_api to None, run_after=None
[2024-11-27T07:50:49.656+0000] {processor.py:208} INFO - Processing /home/airflow/.local/lib/python3.12/site-packages/airflow/example_dags/tutorial_taskflow_api.py took 0.127 seconds
[2024-11-27T07:51:20.052+0000] {processor.py:186} INFO - Started process (PID=2256) to work on /home/airflow/.local/lib/python3.12/site-packages/airflow/example_dags/tutorial_taskflow_api.py
[2024-11-27T07:51:20.053+0000] {processor.py:914} INFO - Processing file /home/airflow/.local/lib/python3.12/site-packages/airflow/example_dags/tutorial_taskflow_api.py for tasks to queue
[2024-11-27T07:51:20.057+0000] {logging_mixin.py:190} INFO - [2024-11-27T07:51:20.056+0000] {dagbag.py:588} INFO - Filling up the DagBag from /home/airflow/.local/lib/python3.12/site-packages/airflow/example_dags/tutorial_taskflow_api.py
[2024-11-27T07:51:20.069+0000] {processor.py:925} INFO - DAG(s) 'tutorial_taskflow_api' retrieved from /home/airflow/.local/lib/python3.12/site-packages/airflow/example_dags/tutorial_taskflow_api.py
[2024-11-27T07:51:20.097+0000] {logging_mixin.py:190} INFO - [2024-11-27T07:51:20.097+0000] {dag.py:3239} INFO - Sync 1 DAGs
[2024-11-27T07:51:20.117+0000] {logging_mixin.py:190} INFO - [2024-11-27T07:51:20.117+0000] {dag.py:4180} INFO - Setting next_dagrun for tutorial_taskflow_api to None, run_after=None
[2024-11-27T07:51:20.145+0000] {processor.py:208} INFO - Processing /home/airflow/.local/lib/python3.12/site-packages/airflow/example_dags/tutorial_taskflow_api.py took 0.100 seconds
[2024-11-27T07:51:50.953+0000] {processor.py:186} INFO - Started process (PID=2548) to work on /home/airflow/.local/lib/python3.12/site-packages/airflow/example_dags/tutorial_taskflow_api.py
[2024-11-27T07:51:50.956+0000] {processor.py:914} INFO - Processing file /home/airflow/.local/lib/python3.12/site-packages/airflow/example_dags/tutorial_taskflow_api.py for tasks to queue
[2024-11-27T07:51:50.961+0000] {logging_mixin.py:190} INFO - [2024-11-27T07:51:50.960+0000] {dagbag.py:588} INFO - Filling up the DagBag from /home/airflow/.local/lib/python3.12/site-packages/airflow/example_dags/tutorial_taskflow_api.py
[2024-11-27T07:51:50.984+0000] {processor.py:925} INFO - DAG(s) 'tutorial_taskflow_api' retrieved from /home/airflow/.local/lib/python3.12/site-packages/airflow/example_dags/tutorial_taskflow_api.py
[2024-11-27T07:51:51.054+0000] {logging_mixin.py:190} INFO - [2024-11-27T07:51:51.053+0000] {dag.py:3239} INFO - Sync 1 DAGs
[2024-11-27T07:51:51.087+0000] {logging_mixin.py:190} INFO - [2024-11-27T07:51:51.087+0000] {dag.py:4180} INFO - Setting next_dagrun for tutorial_taskflow_api to None, run_after=None
[2024-11-27T07:51:51.122+0000] {processor.py:208} INFO - Processing /home/airflow/.local/lib/python3.12/site-packages/airflow/example_dags/tutorial_taskflow_api.py took 0.181 seconds
[2024-11-27T07:52:21.703+0000] {processor.py:186} INFO - Started process (PID=2840) to work on /home/airflow/.local/lib/python3.12/site-packages/airflow/example_dags/tutorial_taskflow_api.py
[2024-11-27T07:52:21.705+0000] {processor.py:914} INFO - Processing file /home/airflow/.local/lib/python3.12/site-packages/airflow/example_dags/tutorial_taskflow_api.py for tasks to queue
[2024-11-27T07:52:21.709+0000] {logging_mixin.py:190} INFO - [2024-11-27T07:52:21.708+0000] {dagbag.py:588} INFO - Filling up the DagBag from /home/airflow/.local/lib/python3.12/site-packages/airflow/example_dags/tutorial_taskflow_api.py
[2024-11-27T07:52:21.721+0000] {processor.py:925} INFO - DAG(s) 'tutorial_taskflow_api' retrieved from /home/airflow/.local/lib/python3.12/site-packages/airflow/example_dags/tutorial_taskflow_api.py
[2024-11-27T07:52:21.756+0000] {logging_mixin.py:190} INFO - [2024-11-27T07:52:21.756+0000] {dag.py:3239} INFO - Sync 1 DAGs
[2024-11-27T07:52:21.783+0000] {logging_mixin.py:190} INFO - [2024-11-27T07:52:21.782+0000] {dag.py:4180} INFO - Setting next_dagrun for tutorial_taskflow_api to None, run_after=None
[2024-11-27T07:52:21.820+0000] {processor.py:208} INFO - Processing /home/airflow/.local/lib/python3.12/site-packages/airflow/example_dags/tutorial_taskflow_api.py took 0.126 seconds
[2024-11-27T07:52:52.549+0000] {processor.py:186} INFO - Started process (PID=3131) to work on /home/airflow/.local/lib/python3.12/site-packages/airflow/example_dags/tutorial_taskflow_api.py
[2024-11-27T07:52:52.551+0000] {processor.py:914} INFO - Processing file /home/airflow/.local/lib/python3.12/site-packages/airflow/example_dags/tutorial_taskflow_api.py for tasks to queue
[2024-11-27T07:52:52.557+0000] {logging_mixin.py:190} INFO - [2024-11-27T07:52:52.556+0000] {dagbag.py:588} INFO - Filling up the DagBag from /home/airflow/.local/lib/python3.12/site-packages/airflow/example_dags/tutorial_taskflow_api.py
[2024-11-27T07:52:52.576+0000] {processor.py:925} INFO - DAG(s) 'tutorial_taskflow_api' retrieved from /home/airflow/.local/lib/python3.12/site-packages/airflow/example_dags/tutorial_taskflow_api.py
[2024-11-27T07:52:52.615+0000] {logging_mixin.py:190} INFO - [2024-11-27T07:52:52.615+0000] {dag.py:3239} INFO - Sync 1 DAGs
[2024-11-27T07:52:52.646+0000] {logging_mixin.py:190} INFO - [2024-11-27T07:52:52.645+0000] {dag.py:4180} INFO - Setting next_dagrun for tutorial_taskflow_api to None, run_after=None
[2024-11-27T07:52:52.684+0000] {processor.py:208} INFO - Processing /home/airflow/.local/lib/python3.12/site-packages/airflow/example_dags/tutorial_taskflow_api.py took 0.144 seconds
[2024-11-27T07:53:23.155+0000] {processor.py:186} INFO - Started process (PID=3422) to work on /home/airflow/.local/lib/python3.12/site-packages/airflow/example_dags/tutorial_taskflow_api.py
[2024-11-27T07:53:23.157+0000] {processor.py:914} INFO - Processing file /home/airflow/.local/lib/python3.12/site-packages/airflow/example_dags/tutorial_taskflow_api.py for tasks to queue
[2024-11-27T07:53:23.160+0000] {logging_mixin.py:190} INFO - [2024-11-27T07:53:23.159+0000] {dagbag.py:588} INFO - Filling up the DagBag from /home/airflow/.local/lib/python3.12/site-packages/airflow/example_dags/tutorial_taskflow_api.py
[2024-11-27T07:53:23.171+0000] {processor.py:925} INFO - DAG(s) 'tutorial_taskflow_api' retrieved from /home/airflow/.local/lib/python3.12/site-packages/airflow/example_dags/tutorial_taskflow_api.py
[2024-11-27T07:53:23.198+0000] {logging_mixin.py:190} INFO - [2024-11-27T07:53:23.198+0000] {dag.py:3239} INFO - Sync 1 DAGs
[2024-11-27T07:53:23.219+0000] {logging_mixin.py:190} INFO - [2024-11-27T07:53:23.218+0000] {dag.py:4180} INFO - Setting next_dagrun for tutorial_taskflow_api to None, run_after=None
[2024-11-27T07:53:23.257+0000] {processor.py:208} INFO - Processing /home/airflow/.local/lib/python3.12/site-packages/airflow/example_dags/tutorial_taskflow_api.py took 0.110 seconds
[2024-11-27T07:53:53.883+0000] {processor.py:186} INFO - Started process (PID=3711) to work on /home/airflow/.local/lib/python3.12/site-packages/airflow/example_dags/tutorial_taskflow_api.py
[2024-11-27T07:53:53.885+0000] {processor.py:914} INFO - Processing file /home/airflow/.local/lib/python3.12/site-packages/airflow/example_dags/tutorial_taskflow_api.py for tasks to queue
[2024-11-27T07:53:53.890+0000] {logging_mixin.py:190} INFO - [2024-11-27T07:53:53.890+0000] {dagbag.py:588} INFO - Filling up the DagBag from /home/airflow/.local/lib/python3.12/site-packages/airflow/example_dags/tutorial_taskflow_api.py
[2024-11-27T07:53:53.906+0000] {processor.py:925} INFO - DAG(s) 'tutorial_taskflow_api' retrieved from /home/airflow/.local/lib/python3.12/site-packages/airflow/example_dags/tutorial_taskflow_api.py
[2024-11-27T07:53:53.950+0000] {logging_mixin.py:190} INFO - [2024-11-27T07:53:53.950+0000] {dag.py:3239} INFO - Sync 1 DAGs
[2024-11-27T07:53:53.988+0000] {logging_mixin.py:190} INFO - [2024-11-27T07:53:53.987+0000] {dag.py:4180} INFO - Setting next_dagrun for tutorial_taskflow_api to None, run_after=None
[2024-11-27T07:53:54.028+0000] {processor.py:208} INFO - Processing /home/airflow/.local/lib/python3.12/site-packages/airflow/example_dags/tutorial_taskflow_api.py took 0.157 seconds
[2024-11-27T07:54:24.635+0000] {processor.py:186} INFO - Started process (PID=4002) to work on /home/airflow/.local/lib/python3.12/site-packages/airflow/example_dags/tutorial_taskflow_api.py
[2024-11-27T07:54:24.639+0000] {processor.py:914} INFO - Processing file /home/airflow/.local/lib/python3.12/site-packages/airflow/example_dags/tutorial_taskflow_api.py for tasks to queue
[2024-11-27T07:54:24.643+0000] {logging_mixin.py:190} INFO - [2024-11-27T07:54:24.643+0000] {dagbag.py:588} INFO - Filling up the DagBag from /home/airflow/.local/lib/python3.12/site-packages/airflow/example_dags/tutorial_taskflow_api.py
[2024-11-27T07:54:24.661+0000] {processor.py:925} INFO - DAG(s) 'tutorial_taskflow_api' retrieved from /home/airflow/.local/lib/python3.12/site-packages/airflow/example_dags/tutorial_taskflow_api.py
[2024-11-27T07:54:24.694+0000] {logging_mixin.py:190} INFO - [2024-11-27T07:54:24.693+0000] {dag.py:3239} INFO - Sync 1 DAGs
[2024-11-27T07:54:24.719+0000] {logging_mixin.py:190} INFO - [2024-11-27T07:54:24.719+0000] {dag.py:4180} INFO - Setting next_dagrun for tutorial_taskflow_api to None, run_after=None
[2024-11-27T07:54:24.752+0000] {processor.py:208} INFO - Processing /home/airflow/.local/lib/python3.12/site-packages/airflow/example_dags/tutorial_taskflow_api.py took 0.132 seconds
[2024-11-27T07:54:55.635+0000] {processor.py:186} INFO - Started process (PID=4293) to work on /home/airflow/.local/lib/python3.12/site-packages/airflow/example_dags/tutorial_taskflow_api.py
[2024-11-27T07:54:55.636+0000] {processor.py:914} INFO - Processing file /home/airflow/.local/lib/python3.12/site-packages/airflow/example_dags/tutorial_taskflow_api.py for tasks to queue
[2024-11-27T07:54:55.640+0000] {logging_mixin.py:190} INFO - [2024-11-27T07:54:55.639+0000] {dagbag.py:588} INFO - Filling up the DagBag from /home/airflow/.local/lib/python3.12/site-packages/airflow/example_dags/tutorial_taskflow_api.py
[2024-11-27T07:54:55.653+0000] {processor.py:925} INFO - DAG(s) 'tutorial_taskflow_api' retrieved from /home/airflow/.local/lib/python3.12/site-packages/airflow/example_dags/tutorial_taskflow_api.py
[2024-11-27T07:54:55.683+0000] {logging_mixin.py:190} INFO - [2024-11-27T07:54:55.682+0000] {dag.py:3239} INFO - Sync 1 DAGs
[2024-11-27T07:54:55.706+0000] {logging_mixin.py:190} INFO - [2024-11-27T07:54:55.705+0000] {dag.py:4180} INFO - Setting next_dagrun for tutorial_taskflow_api to None, run_after=None
[2024-11-27T07:54:55.740+0000] {processor.py:208} INFO - Processing /home/airflow/.local/lib/python3.12/site-packages/airflow/example_dags/tutorial_taskflow_api.py took 0.114 seconds
[2024-11-27T07:55:26.535+0000] {processor.py:186} INFO - Started process (PID=4584) to work on /home/airflow/.local/lib/python3.12/site-packages/airflow/example_dags/tutorial_taskflow_api.py
[2024-11-27T07:55:26.536+0000] {processor.py:914} INFO - Processing file /home/airflow/.local/lib/python3.12/site-packages/airflow/example_dags/tutorial_taskflow_api.py for tasks to queue
[2024-11-27T07:55:26.539+0000] {logging_mixin.py:190} INFO - [2024-11-27T07:55:26.539+0000] {dagbag.py:588} INFO - Filling up the DagBag from /home/airflow/.local/lib/python3.12/site-packages/airflow/example_dags/tutorial_taskflow_api.py
[2024-11-27T07:55:26.555+0000] {processor.py:925} INFO - DAG(s) 'tutorial_taskflow_api' retrieved from /home/airflow/.local/lib/python3.12/site-packages/airflow/example_dags/tutorial_taskflow_api.py
[2024-11-27T07:55:26.597+0000] {logging_mixin.py:190} INFO - [2024-11-27T07:55:26.596+0000] {dag.py:3239} INFO - Sync 1 DAGs
[2024-11-27T07:55:26.652+0000] {logging_mixin.py:190} INFO - [2024-11-27T07:55:26.652+0000] {dag.py:4180} INFO - Setting next_dagrun for tutorial_taskflow_api to None, run_after=None
[2024-11-27T07:55:26.691+0000] {processor.py:208} INFO - Processing /home/airflow/.local/lib/python3.12/site-packages/airflow/example_dags/tutorial_taskflow_api.py took 0.167 seconds
[2024-11-27T07:55:56.794+0000] {processor.py:186} INFO - Started process (PID=4872) to work on /home/airflow/.local/lib/python3.12/site-packages/airflow/example_dags/tutorial_taskflow_api.py
[2024-11-27T07:55:56.795+0000] {processor.py:914} INFO - Processing file /home/airflow/.local/lib/python3.12/site-packages/airflow/example_dags/tutorial_taskflow_api.py for tasks to queue
[2024-11-27T07:55:56.800+0000] {logging_mixin.py:190} INFO - [2024-11-27T07:55:56.799+0000] {dagbag.py:588} INFO - Filling up the DagBag from /home/airflow/.local/lib/python3.12/site-packages/airflow/example_dags/tutorial_taskflow_api.py
[2024-11-27T07:55:56.810+0000] {processor.py:925} INFO - DAG(s) 'tutorial_taskflow_api' retrieved from /home/airflow/.local/lib/python3.12/site-packages/airflow/example_dags/tutorial_taskflow_api.py
[2024-11-27T07:55:56.843+0000] {logging_mixin.py:190} INFO - [2024-11-27T07:55:56.842+0000] {dag.py:3239} INFO - Sync 1 DAGs
[2024-11-27T07:55:56.863+0000] {logging_mixin.py:190} INFO - [2024-11-27T07:55:56.863+0000] {dag.py:4180} INFO - Setting next_dagrun for tutorial_taskflow_api to None, run_after=None
[2024-11-27T07:55:56.908+0000] {processor.py:208} INFO - Processing /home/airflow/.local/lib/python3.12/site-packages/airflow/example_dags/tutorial_taskflow_api.py took 0.126 seconds
[2024-11-27T07:56:28.821+0000] {processor.py:186} INFO - Started process (PID=5126) to work on /home/airflow/.local/lib/python3.12/site-packages/airflow/example_dags/tutorial_taskflow_api.py
[2024-11-27T07:56:28.825+0000] {processor.py:914} INFO - Processing file /home/airflow/.local/lib/python3.12/site-packages/airflow/example_dags/tutorial_taskflow_api.py for tasks to queue
[2024-11-27T07:56:28.830+0000] {logging_mixin.py:190} INFO - [2024-11-27T07:56:28.829+0000] {dagbag.py:588} INFO - Filling up the DagBag from /home/airflow/.local/lib/python3.12/site-packages/airflow/example_dags/tutorial_taskflow_api.py
[2024-11-27T07:56:28.854+0000] {processor.py:925} INFO - DAG(s) 'tutorial_taskflow_api' retrieved from /home/airflow/.local/lib/python3.12/site-packages/airflow/example_dags/tutorial_taskflow_api.py
[2024-11-27T07:56:28.902+0000] {logging_mixin.py:190} INFO - [2024-11-27T07:56:28.901+0000] {dag.py:3239} INFO - Sync 1 DAGs
[2024-11-27T07:56:28.942+0000] {logging_mixin.py:190} INFO - [2024-11-27T07:56:28.941+0000] {dag.py:4180} INFO - Setting next_dagrun for tutorial_taskflow_api to None, run_after=None
[2024-11-27T07:56:28.997+0000] {processor.py:208} INFO - Processing /home/airflow/.local/lib/python3.12/site-packages/airflow/example_dags/tutorial_taskflow_api.py took 0.194 seconds
[2024-11-27T07:57:01.456+0000] {processor.py:186} INFO - Started process (PID=5419) to work on /home/airflow/.local/lib/python3.12/site-packages/airflow/example_dags/tutorial_taskflow_api.py
[2024-11-27T07:57:01.458+0000] {processor.py:914} INFO - Processing file /home/airflow/.local/lib/python3.12/site-packages/airflow/example_dags/tutorial_taskflow_api.py for tasks to queue
[2024-11-27T07:57:01.463+0000] {logging_mixin.py:190} INFO - [2024-11-27T07:57:01.462+0000] {dagbag.py:588} INFO - Filling up the DagBag from /home/airflow/.local/lib/python3.12/site-packages/airflow/example_dags/tutorial_taskflow_api.py
[2024-11-27T07:57:01.488+0000] {processor.py:925} INFO - DAG(s) 'tutorial_taskflow_api' retrieved from /home/airflow/.local/lib/python3.12/site-packages/airflow/example_dags/tutorial_taskflow_api.py
[2024-11-27T07:57:01.548+0000] {logging_mixin.py:190} INFO - [2024-11-27T07:57:01.548+0000] {dag.py:3239} INFO - Sync 1 DAGs
[2024-11-27T07:57:01.593+0000] {logging_mixin.py:190} INFO - [2024-11-27T07:57:01.593+0000] {dag.py:4180} INFO - Setting next_dagrun for tutorial_taskflow_api to None, run_after=None
[2024-11-27T07:57:01.662+0000] {processor.py:208} INFO - Processing /home/airflow/.local/lib/python3.12/site-packages/airflow/example_dags/tutorial_taskflow_api.py took 0.227 seconds
[2024-11-27T07:57:32.973+0000] {processor.py:186} INFO - Started process (PID=5708) to work on /home/airflow/.local/lib/python3.12/site-packages/airflow/example_dags/tutorial_taskflow_api.py
[2024-11-27T07:57:32.975+0000] {processor.py:914} INFO - Processing file /home/airflow/.local/lib/python3.12/site-packages/airflow/example_dags/tutorial_taskflow_api.py for tasks to queue
[2024-11-27T07:57:32.980+0000] {logging_mixin.py:190} INFO - [2024-11-27T07:57:32.979+0000] {dagbag.py:588} INFO - Filling up the DagBag from /home/airflow/.local/lib/python3.12/site-packages/airflow/example_dags/tutorial_taskflow_api.py
[2024-11-27T07:57:33.000+0000] {processor.py:925} INFO - DAG(s) 'tutorial_taskflow_api' retrieved from /home/airflow/.local/lib/python3.12/site-packages/airflow/example_dags/tutorial_taskflow_api.py
[2024-11-27T07:57:33.050+0000] {logging_mixin.py:190} INFO - [2024-11-27T07:57:33.050+0000] {dag.py:3239} INFO - Sync 1 DAGs
[2024-11-27T07:57:33.085+0000] {logging_mixin.py:190} INFO - [2024-11-27T07:57:33.085+0000] {dag.py:4180} INFO - Setting next_dagrun for tutorial_taskflow_api to None, run_after=None
[2024-11-27T07:57:33.123+0000] {processor.py:208} INFO - Processing /home/airflow/.local/lib/python3.12/site-packages/airflow/example_dags/tutorial_taskflow_api.py took 0.165 seconds
[2024-11-27T07:58:03.393+0000] {processor.py:186} INFO - Started process (PID=5995) to work on /home/airflow/.local/lib/python3.12/site-packages/airflow/example_dags/tutorial_taskflow_api.py
[2024-11-27T07:58:03.395+0000] {processor.py:914} INFO - Processing file /home/airflow/.local/lib/python3.12/site-packages/airflow/example_dags/tutorial_taskflow_api.py for tasks to queue
[2024-11-27T07:58:03.399+0000] {logging_mixin.py:190} INFO - [2024-11-27T07:58:03.398+0000] {dagbag.py:588} INFO - Filling up the DagBag from /home/airflow/.local/lib/python3.12/site-packages/airflow/example_dags/tutorial_taskflow_api.py
[2024-11-27T07:58:03.412+0000] {processor.py:925} INFO - DAG(s) 'tutorial_taskflow_api' retrieved from /home/airflow/.local/lib/python3.12/site-packages/airflow/example_dags/tutorial_taskflow_api.py
[2024-11-27T07:58:03.455+0000] {logging_mixin.py:190} INFO - [2024-11-27T07:58:03.453+0000] {dag.py:3239} INFO - Sync 1 DAGs
[2024-11-27T07:58:03.488+0000] {logging_mixin.py:190} INFO - [2024-11-27T07:58:03.488+0000] {dag.py:4180} INFO - Setting next_dagrun for tutorial_taskflow_api to None, run_after=None
[2024-11-27T07:58:03.531+0000] {processor.py:208} INFO - Processing /home/airflow/.local/lib/python3.12/site-packages/airflow/example_dags/tutorial_taskflow_api.py took 0.147 seconds
[2024-11-27T07:58:36.104+0000] {processor.py:186} INFO - Started process (PID=6291) to work on /home/airflow/.local/lib/python3.12/site-packages/airflow/example_dags/tutorial_taskflow_api.py
[2024-11-27T07:58:36.105+0000] {processor.py:914} INFO - Processing file /home/airflow/.local/lib/python3.12/site-packages/airflow/example_dags/tutorial_taskflow_api.py for tasks to queue
[2024-11-27T07:58:36.109+0000] {logging_mixin.py:190} INFO - [2024-11-27T07:58:36.109+0000] {dagbag.py:588} INFO - Filling up the DagBag from /home/airflow/.local/lib/python3.12/site-packages/airflow/example_dags/tutorial_taskflow_api.py
[2024-11-27T07:58:36.123+0000] {processor.py:925} INFO - DAG(s) 'tutorial_taskflow_api' retrieved from /home/airflow/.local/lib/python3.12/site-packages/airflow/example_dags/tutorial_taskflow_api.py
[2024-11-27T07:58:36.150+0000] {logging_mixin.py:190} INFO - [2024-11-27T07:58:36.150+0000] {dag.py:3239} INFO - Sync 1 DAGs
[2024-11-27T07:58:36.175+0000] {logging_mixin.py:190} INFO - [2024-11-27T07:58:36.175+0000] {dag.py:4180} INFO - Setting next_dagrun for tutorial_taskflow_api to None, run_after=None
[2024-11-27T07:58:36.218+0000] {processor.py:208} INFO - Processing /home/airflow/.local/lib/python3.12/site-packages/airflow/example_dags/tutorial_taskflow_api.py took 0.125 seconds
[2024-11-27T07:59:09.303+0000] {processor.py:186} INFO - Started process (PID=6572) to work on /home/airflow/.local/lib/python3.12/site-packages/airflow/example_dags/tutorial_taskflow_api.py
[2024-11-27T07:59:09.309+0000] {processor.py:914} INFO - Processing file /home/airflow/.local/lib/python3.12/site-packages/airflow/example_dags/tutorial_taskflow_api.py for tasks to queue
[2024-11-27T07:59:09.322+0000] {logging_mixin.py:190} INFO - [2024-11-27T07:59:09.321+0000] {dagbag.py:588} INFO - Filling up the DagBag from /home/airflow/.local/lib/python3.12/site-packages/airflow/example_dags/tutorial_taskflow_api.py
[2024-11-27T07:59:09.377+0000] {processor.py:925} INFO - DAG(s) 'tutorial_taskflow_api' retrieved from /home/airflow/.local/lib/python3.12/site-packages/airflow/example_dags/tutorial_taskflow_api.py
[2024-11-27T07:59:09.519+0000] {logging_mixin.py:190} INFO - [2024-11-27T07:59:09.518+0000] {dag.py:3239} INFO - Sync 1 DAGs
[2024-11-27T07:59:09.636+0000] {logging_mixin.py:190} INFO - [2024-11-27T07:59:09.636+0000] {dag.py:4180} INFO - Setting next_dagrun for tutorial_taskflow_api to None, run_after=None
[2024-11-27T07:59:09.742+0000] {processor.py:208} INFO - Processing /home/airflow/.local/lib/python3.12/site-packages/airflow/example_dags/tutorial_taskflow_api.py took 0.453 seconds
[2024-11-27T07:59:40.760+0000] {processor.py:186} INFO - Started process (PID=6871) to work on /home/airflow/.local/lib/python3.12/site-packages/airflow/example_dags/tutorial_taskflow_api.py
[2024-11-27T07:59:40.762+0000] {processor.py:914} INFO - Processing file /home/airflow/.local/lib/python3.12/site-packages/airflow/example_dags/tutorial_taskflow_api.py for tasks to queue
[2024-11-27T07:59:40.765+0000] {logging_mixin.py:190} INFO - [2024-11-27T07:59:40.764+0000] {dagbag.py:588} INFO - Filling up the DagBag from /home/airflow/.local/lib/python3.12/site-packages/airflow/example_dags/tutorial_taskflow_api.py
[2024-11-27T07:59:40.778+0000] {processor.py:925} INFO - DAG(s) 'tutorial_taskflow_api' retrieved from /home/airflow/.local/lib/python3.12/site-packages/airflow/example_dags/tutorial_taskflow_api.py
[2024-11-27T07:59:40.805+0000] {logging_mixin.py:190} INFO - [2024-11-27T07:59:40.804+0000] {dag.py:3239} INFO - Sync 1 DAGs
[2024-11-27T07:59:40.826+0000] {logging_mixin.py:190} INFO - [2024-11-27T07:59:40.826+0000] {dag.py:4180} INFO - Setting next_dagrun for tutorial_taskflow_api to None, run_after=None
[2024-11-27T07:59:40.860+0000] {processor.py:208} INFO - Processing /home/airflow/.local/lib/python3.12/site-packages/airflow/example_dags/tutorial_taskflow_api.py took 0.109 seconds
[2024-11-27T08:00:11.530+0000] {processor.py:186} INFO - Started process (PID=7160) to work on /home/airflow/.local/lib/python3.12/site-packages/airflow/example_dags/tutorial_taskflow_api.py
[2024-11-27T08:00:11.532+0000] {processor.py:914} INFO - Processing file /home/airflow/.local/lib/python3.12/site-packages/airflow/example_dags/tutorial_taskflow_api.py for tasks to queue
[2024-11-27T08:00:11.535+0000] {logging_mixin.py:190} INFO - [2024-11-27T08:00:11.535+0000] {dagbag.py:588} INFO - Filling up the DagBag from /home/airflow/.local/lib/python3.12/site-packages/airflow/example_dags/tutorial_taskflow_api.py
[2024-11-27T08:00:11.545+0000] {processor.py:925} INFO - DAG(s) 'tutorial_taskflow_api' retrieved from /home/airflow/.local/lib/python3.12/site-packages/airflow/example_dags/tutorial_taskflow_api.py
[2024-11-27T08:00:11.575+0000] {logging_mixin.py:190} INFO - [2024-11-27T08:00:11.575+0000] {dag.py:3239} INFO - Sync 1 DAGs
[2024-11-27T08:00:11.598+0000] {logging_mixin.py:190} INFO - [2024-11-27T08:00:11.598+0000] {dag.py:4180} INFO - Setting next_dagrun for tutorial_taskflow_api to None, run_after=None
[2024-11-27T08:00:11.630+0000] {processor.py:208} INFO - Processing /home/airflow/.local/lib/python3.12/site-packages/airflow/example_dags/tutorial_taskflow_api.py took 0.108 seconds
[2024-11-27T08:00:42.293+0000] {processor.py:186} INFO - Started process (PID=7411) to work on /home/airflow/.local/lib/python3.12/site-packages/airflow/example_dags/tutorial_taskflow_api.py
[2024-11-27T08:00:42.295+0000] {processor.py:914} INFO - Processing file /home/airflow/.local/lib/python3.12/site-packages/airflow/example_dags/tutorial_taskflow_api.py for tasks to queue
[2024-11-27T08:00:42.299+0000] {logging_mixin.py:190} INFO - [2024-11-27T08:00:42.298+0000] {dagbag.py:588} INFO - Filling up the DagBag from /home/airflow/.local/lib/python3.12/site-packages/airflow/example_dags/tutorial_taskflow_api.py
[2024-11-27T08:00:42.316+0000] {processor.py:925} INFO - DAG(s) 'tutorial_taskflow_api' retrieved from /home/airflow/.local/lib/python3.12/site-packages/airflow/example_dags/tutorial_taskflow_api.py
[2024-11-27T08:00:42.351+0000] {logging_mixin.py:190} INFO - [2024-11-27T08:00:42.351+0000] {dag.py:3239} INFO - Sync 1 DAGs
[2024-11-27T08:00:42.380+0000] {logging_mixin.py:190} INFO - [2024-11-27T08:00:42.380+0000] {dag.py:4180} INFO - Setting next_dagrun for tutorial_taskflow_api to None, run_after=None
[2024-11-27T08:00:42.417+0000] {processor.py:208} INFO - Processing /home/airflow/.local/lib/python3.12/site-packages/airflow/example_dags/tutorial_taskflow_api.py took 0.136 seconds
[2024-11-27T08:01:14.596+0000] {processor.py:186} INFO - Started process (PID=7699) to work on /home/airflow/.local/lib/python3.12/site-packages/airflow/example_dags/tutorial_taskflow_api.py
[2024-11-27T08:01:14.598+0000] {processor.py:914} INFO - Processing file /home/airflow/.local/lib/python3.12/site-packages/airflow/example_dags/tutorial_taskflow_api.py for tasks to queue
[2024-11-27T08:01:14.601+0000] {logging_mixin.py:190} INFO - [2024-11-27T08:01:14.600+0000] {dagbag.py:588} INFO - Filling up the DagBag from /home/airflow/.local/lib/python3.12/site-packages/airflow/example_dags/tutorial_taskflow_api.py
[2024-11-27T08:01:14.620+0000] {processor.py:925} INFO - DAG(s) 'tutorial_taskflow_api' retrieved from /home/airflow/.local/lib/python3.12/site-packages/airflow/example_dags/tutorial_taskflow_api.py
[2024-11-27T08:01:14.661+0000] {logging_mixin.py:190} INFO - [2024-11-27T08:01:14.661+0000] {dag.py:3239} INFO - Sync 1 DAGs
[2024-11-27T08:01:14.695+0000] {logging_mixin.py:190} INFO - [2024-11-27T08:01:14.694+0000] {dag.py:4180} INFO - Setting next_dagrun for tutorial_taskflow_api to None, run_after=None
[2024-11-27T08:01:14.747+0000] {processor.py:208} INFO - Processing /home/airflow/.local/lib/python3.12/site-packages/airflow/example_dags/tutorial_taskflow_api.py took 0.158 seconds
[2024-11-27T08:01:45.759+0000] {processor.py:186} INFO - Started process (PID=7958) to work on /home/airflow/.local/lib/python3.12/site-packages/airflow/example_dags/tutorial_taskflow_api.py
[2024-11-27T08:01:45.761+0000] {processor.py:914} INFO - Processing file /home/airflow/.local/lib/python3.12/site-packages/airflow/example_dags/tutorial_taskflow_api.py for tasks to queue
[2024-11-27T08:01:45.764+0000] {logging_mixin.py:190} INFO - [2024-11-27T08:01:45.763+0000] {dagbag.py:588} INFO - Filling up the DagBag from /home/airflow/.local/lib/python3.12/site-packages/airflow/example_dags/tutorial_taskflow_api.py
[2024-11-27T08:01:45.778+0000] {processor.py:925} INFO - DAG(s) 'tutorial_taskflow_api' retrieved from /home/airflow/.local/lib/python3.12/site-packages/airflow/example_dags/tutorial_taskflow_api.py
[2024-11-27T08:01:45.812+0000] {logging_mixin.py:190} INFO - [2024-11-27T08:01:45.812+0000] {dag.py:3239} INFO - Sync 1 DAGs
[2024-11-27T08:01:45.838+0000] {logging_mixin.py:190} INFO - [2024-11-27T08:01:45.837+0000] {dag.py:4180} INFO - Setting next_dagrun for tutorial_taskflow_api to None, run_after=None
[2024-11-27T08:01:45.870+0000] {processor.py:208} INFO - Processing /home/airflow/.local/lib/python3.12/site-packages/airflow/example_dags/tutorial_taskflow_api.py took 0.119 seconds
[2024-11-27T08:02:17.629+0000] {processor.py:186} INFO - Started process (PID=8240) to work on /home/airflow/.local/lib/python3.12/site-packages/airflow/example_dags/tutorial_taskflow_api.py
[2024-11-27T08:02:17.632+0000] {processor.py:914} INFO - Processing file /home/airflow/.local/lib/python3.12/site-packages/airflow/example_dags/tutorial_taskflow_api.py for tasks to queue
[2024-11-27T08:02:17.648+0000] {logging_mixin.py:190} INFO - [2024-11-27T08:02:17.647+0000] {dagbag.py:588} INFO - Filling up the DagBag from /home/airflow/.local/lib/python3.12/site-packages/airflow/example_dags/tutorial_taskflow_api.py
[2024-11-27T08:02:17.684+0000] {processor.py:925} INFO - DAG(s) 'tutorial_taskflow_api' retrieved from /home/airflow/.local/lib/python3.12/site-packages/airflow/example_dags/tutorial_taskflow_api.py
[2024-11-27T08:02:17.770+0000] {logging_mixin.py:190} INFO - [2024-11-27T08:02:17.769+0000] {dag.py:3239} INFO - Sync 1 DAGs
[2024-11-27T08:02:17.863+0000] {logging_mixin.py:190} INFO - [2024-11-27T08:02:17.862+0000] {dag.py:4180} INFO - Setting next_dagrun for tutorial_taskflow_api to None, run_after=None
[2024-11-27T08:02:17.985+0000] {processor.py:208} INFO - Processing /home/airflow/.local/lib/python3.12/site-packages/airflow/example_dags/tutorial_taskflow_api.py took 0.376 seconds
[2024-11-27T08:02:48.864+0000] {processor.py:186} INFO - Started process (PID=8528) to work on /home/airflow/.local/lib/python3.12/site-packages/airflow/example_dags/tutorial_taskflow_api.py
[2024-11-27T08:02:48.865+0000] {processor.py:914} INFO - Processing file /home/airflow/.local/lib/python3.12/site-packages/airflow/example_dags/tutorial_taskflow_api.py for tasks to queue
[2024-11-27T08:02:48.868+0000] {logging_mixin.py:190} INFO - [2024-11-27T08:02:48.868+0000] {dagbag.py:588} INFO - Filling up the DagBag from /home/airflow/.local/lib/python3.12/site-packages/airflow/example_dags/tutorial_taskflow_api.py
[2024-11-27T08:02:48.878+0000] {processor.py:925} INFO - DAG(s) 'tutorial_taskflow_api' retrieved from /home/airflow/.local/lib/python3.12/site-packages/airflow/example_dags/tutorial_taskflow_api.py
[2024-11-27T08:02:48.902+0000] {logging_mixin.py:190} INFO - [2024-11-27T08:02:48.902+0000] {dag.py:3239} INFO - Sync 1 DAGs
[2024-11-27T08:02:48.921+0000] {logging_mixin.py:190} INFO - [2024-11-27T08:02:48.921+0000] {dag.py:4180} INFO - Setting next_dagrun for tutorial_taskflow_api to None, run_after=None
[2024-11-27T08:02:48.952+0000] {processor.py:208} INFO - Processing /home/airflow/.local/lib/python3.12/site-packages/airflow/example_dags/tutorial_taskflow_api.py took 0.095 seconds
[2024-11-27T08:03:19.616+0000] {processor.py:186} INFO - Started process (PID=8817) to work on /home/airflow/.local/lib/python3.12/site-packages/airflow/example_dags/tutorial_taskflow_api.py
[2024-11-27T08:03:19.621+0000] {processor.py:914} INFO - Processing file /home/airflow/.local/lib/python3.12/site-packages/airflow/example_dags/tutorial_taskflow_api.py for tasks to queue
[2024-11-27T08:03:19.626+0000] {logging_mixin.py:190} INFO - [2024-11-27T08:03:19.625+0000] {dagbag.py:588} INFO - Filling up the DagBag from /home/airflow/.local/lib/python3.12/site-packages/airflow/example_dags/tutorial_taskflow_api.py
[2024-11-27T08:03:19.650+0000] {processor.py:925} INFO - DAG(s) 'tutorial_taskflow_api' retrieved from /home/airflow/.local/lib/python3.12/site-packages/airflow/example_dags/tutorial_taskflow_api.py
[2024-11-27T08:03:19.690+0000] {logging_mixin.py:190} INFO - [2024-11-27T08:03:19.689+0000] {dag.py:3239} INFO - Sync 1 DAGs
[2024-11-27T08:03:19.728+0000] {logging_mixin.py:190} INFO - [2024-11-27T08:03:19.727+0000] {dag.py:4180} INFO - Setting next_dagrun for tutorial_taskflow_api to None, run_after=None
[2024-11-27T08:03:19.784+0000] {processor.py:208} INFO - Processing /home/airflow/.local/lib/python3.12/site-packages/airflow/example_dags/tutorial_taskflow_api.py took 0.177 seconds
[2024-11-27T08:03:51.485+0000] {processor.py:186} INFO - Started process (PID=9111) to work on /home/airflow/.local/lib/python3.12/site-packages/airflow/example_dags/tutorial_taskflow_api.py
[2024-11-27T08:03:51.487+0000] {processor.py:914} INFO - Processing file /home/airflow/.local/lib/python3.12/site-packages/airflow/example_dags/tutorial_taskflow_api.py for tasks to queue
[2024-11-27T08:03:51.490+0000] {logging_mixin.py:190} INFO - [2024-11-27T08:03:51.490+0000] {dagbag.py:588} INFO - Filling up the DagBag from /home/airflow/.local/lib/python3.12/site-packages/airflow/example_dags/tutorial_taskflow_api.py
[2024-11-27T08:03:51.504+0000] {processor.py:925} INFO - DAG(s) 'tutorial_taskflow_api' retrieved from /home/airflow/.local/lib/python3.12/site-packages/airflow/example_dags/tutorial_taskflow_api.py
[2024-11-27T08:03:51.534+0000] {logging_mixin.py:190} INFO - [2024-11-27T08:03:51.534+0000] {dag.py:3239} INFO - Sync 1 DAGs
[2024-11-27T08:03:51.554+0000] {logging_mixin.py:190} INFO - [2024-11-27T08:03:51.554+0000] {dag.py:4180} INFO - Setting next_dagrun for tutorial_taskflow_api to None, run_after=None
[2024-11-27T08:03:51.585+0000] {processor.py:208} INFO - Processing /home/airflow/.local/lib/python3.12/site-packages/airflow/example_dags/tutorial_taskflow_api.py took 0.108 seconds
[2024-11-27T08:04:21.699+0000] {processor.py:186} INFO - Started process (PID=9393) to work on /home/airflow/.local/lib/python3.12/site-packages/airflow/example_dags/tutorial_taskflow_api.py
[2024-11-27T08:04:21.702+0000] {processor.py:914} INFO - Processing file /home/airflow/.local/lib/python3.12/site-packages/airflow/example_dags/tutorial_taskflow_api.py for tasks to queue
[2024-11-27T08:04:21.707+0000] {logging_mixin.py:190} INFO - [2024-11-27T08:04:21.706+0000] {dagbag.py:588} INFO - Filling up the DagBag from /home/airflow/.local/lib/python3.12/site-packages/airflow/example_dags/tutorial_taskflow_api.py
[2024-11-27T08:04:21.724+0000] {processor.py:925} INFO - DAG(s) 'tutorial_taskflow_api' retrieved from /home/airflow/.local/lib/python3.12/site-packages/airflow/example_dags/tutorial_taskflow_api.py
[2024-11-27T08:04:21.759+0000] {logging_mixin.py:190} INFO - [2024-11-27T08:04:21.759+0000] {dag.py:3239} INFO - Sync 1 DAGs
[2024-11-27T08:04:21.788+0000] {logging_mixin.py:190} INFO - [2024-11-27T08:04:21.788+0000] {dag.py:4180} INFO - Setting next_dagrun for tutorial_taskflow_api to None, run_after=None
[2024-11-27T08:04:21.826+0000] {processor.py:208} INFO - Processing /home/airflow/.local/lib/python3.12/site-packages/airflow/example_dags/tutorial_taskflow_api.py took 0.136 seconds
[2024-11-27T08:04:51.943+0000] {processor.py:186} INFO - Started process (PID=9684) to work on /home/airflow/.local/lib/python3.12/site-packages/airflow/example_dags/tutorial_taskflow_api.py
[2024-11-27T08:04:51.944+0000] {processor.py:914} INFO - Processing file /home/airflow/.local/lib/python3.12/site-packages/airflow/example_dags/tutorial_taskflow_api.py for tasks to queue
[2024-11-27T08:04:51.947+0000] {logging_mixin.py:190} INFO - [2024-11-27T08:04:51.946+0000] {dagbag.py:588} INFO - Filling up the DagBag from /home/airflow/.local/lib/python3.12/site-packages/airflow/example_dags/tutorial_taskflow_api.py
[2024-11-27T08:04:51.956+0000] {processor.py:925} INFO - DAG(s) 'tutorial_taskflow_api' retrieved from /home/airflow/.local/lib/python3.12/site-packages/airflow/example_dags/tutorial_taskflow_api.py
[2024-11-27T08:04:51.980+0000] {logging_mixin.py:190} INFO - [2024-11-27T08:04:51.980+0000] {dag.py:3239} INFO - Sync 1 DAGs
[2024-11-27T08:04:51.996+0000] {logging_mixin.py:190} INFO - [2024-11-27T08:04:51.996+0000] {dag.py:4180} INFO - Setting next_dagrun for tutorial_taskflow_api to None, run_after=None
[2024-11-27T08:04:52.020+0000] {processor.py:208} INFO - Processing /home/airflow/.local/lib/python3.12/site-packages/airflow/example_dags/tutorial_taskflow_api.py took 0.084 seconds
[2024-11-27T08:06:04.005+0000] {processor.py:186} INFO - Started process (PID=212) to work on /home/airflow/.local/lib/python3.12/site-packages/airflow/example_dags/tutorial_taskflow_api.py
[2024-11-27T08:06:04.006+0000] {processor.py:914} INFO - Processing file /home/airflow/.local/lib/python3.12/site-packages/airflow/example_dags/tutorial_taskflow_api.py for tasks to queue
[2024-11-27T08:06:04.010+0000] {logging_mixin.py:190} INFO - [2024-11-27T08:06:04.010+0000] {dagbag.py:588} INFO - Filling up the DagBag from /home/airflow/.local/lib/python3.12/site-packages/airflow/example_dags/tutorial_taskflow_api.py
[2024-11-27T08:06:04.023+0000] {processor.py:925} INFO - DAG(s) 'tutorial_taskflow_api' retrieved from /home/airflow/.local/lib/python3.12/site-packages/airflow/example_dags/tutorial_taskflow_api.py
[2024-11-27T08:06:04.064+0000] {logging_mixin.py:190} INFO - [2024-11-27T08:06:04.064+0000] {dag.py:3239} INFO - Sync 1 DAGs
[2024-11-27T08:06:04.089+0000] {logging_mixin.py:190} INFO - [2024-11-27T08:06:04.088+0000] {dag.py:4180} INFO - Setting next_dagrun for tutorial_taskflow_api to None, run_after=None
[2024-11-27T08:06:04.126+0000] {processor.py:208} INFO - Processing /home/airflow/.local/lib/python3.12/site-packages/airflow/example_dags/tutorial_taskflow_api.py took 0.128 seconds
[2024-11-27T08:06:34.415+0000] {processor.py:186} INFO - Started process (PID=500) to work on /home/airflow/.local/lib/python3.12/site-packages/airflow/example_dags/tutorial_taskflow_api.py
[2024-11-27T08:06:34.418+0000] {processor.py:914} INFO - Processing file /home/airflow/.local/lib/python3.12/site-packages/airflow/example_dags/tutorial_taskflow_api.py for tasks to queue
[2024-11-27T08:06:34.421+0000] {logging_mixin.py:190} INFO - [2024-11-27T08:06:34.421+0000] {dagbag.py:588} INFO - Filling up the DagBag from /home/airflow/.local/lib/python3.12/site-packages/airflow/example_dags/tutorial_taskflow_api.py
[2024-11-27T08:06:34.432+0000] {processor.py:925} INFO - DAG(s) 'tutorial_taskflow_api' retrieved from /home/airflow/.local/lib/python3.12/site-packages/airflow/example_dags/tutorial_taskflow_api.py
[2024-11-27T08:06:34.467+0000] {logging_mixin.py:190} INFO - [2024-11-27T08:06:34.466+0000] {dag.py:3239} INFO - Sync 1 DAGs
[2024-11-27T08:06:34.495+0000] {logging_mixin.py:190} INFO - [2024-11-27T08:06:34.495+0000] {dag.py:4180} INFO - Setting next_dagrun for tutorial_taskflow_api to None, run_after=None
[2024-11-27T08:06:34.546+0000] {processor.py:208} INFO - Processing /home/airflow/.local/lib/python3.12/site-packages/airflow/example_dags/tutorial_taskflow_api.py took 0.139 seconds
[2024-11-27T08:07:05.084+0000] {processor.py:186} INFO - Started process (PID=794) to work on /home/airflow/.local/lib/python3.12/site-packages/airflow/example_dags/tutorial_taskflow_api.py
[2024-11-27T08:07:05.085+0000] {processor.py:914} INFO - Processing file /home/airflow/.local/lib/python3.12/site-packages/airflow/example_dags/tutorial_taskflow_api.py for tasks to queue
[2024-11-27T08:07:05.090+0000] {logging_mixin.py:190} INFO - [2024-11-27T08:07:05.089+0000] {dagbag.py:588} INFO - Filling up the DagBag from /home/airflow/.local/lib/python3.12/site-packages/airflow/example_dags/tutorial_taskflow_api.py
[2024-11-27T08:07:05.101+0000] {processor.py:925} INFO - DAG(s) 'tutorial_taskflow_api' retrieved from /home/airflow/.local/lib/python3.12/site-packages/airflow/example_dags/tutorial_taskflow_api.py
[2024-11-27T08:07:05.129+0000] {logging_mixin.py:190} INFO - [2024-11-27T08:07:05.129+0000] {dag.py:3239} INFO - Sync 1 DAGs
[2024-11-27T08:07:05.149+0000] {logging_mixin.py:190} INFO - [2024-11-27T08:07:05.148+0000] {dag.py:4180} INFO - Setting next_dagrun for tutorial_taskflow_api to None, run_after=None
[2024-11-27T08:07:05.181+0000] {processor.py:208} INFO - Processing /home/airflow/.local/lib/python3.12/site-packages/airflow/example_dags/tutorial_taskflow_api.py took 0.104 seconds
[2024-11-27T08:07:35.460+0000] {processor.py:186} INFO - Started process (PID=1085) to work on /home/airflow/.local/lib/python3.12/site-packages/airflow/example_dags/tutorial_taskflow_api.py
[2024-11-27T08:07:35.462+0000] {processor.py:914} INFO - Processing file /home/airflow/.local/lib/python3.12/site-packages/airflow/example_dags/tutorial_taskflow_api.py for tasks to queue
[2024-11-27T08:07:35.466+0000] {logging_mixin.py:190} INFO - [2024-11-27T08:07:35.466+0000] {dagbag.py:588} INFO - Filling up the DagBag from /home/airflow/.local/lib/python3.12/site-packages/airflow/example_dags/tutorial_taskflow_api.py
[2024-11-27T08:07:35.484+0000] {processor.py:925} INFO - DAG(s) 'tutorial_taskflow_api' retrieved from /home/airflow/.local/lib/python3.12/site-packages/airflow/example_dags/tutorial_taskflow_api.py
[2024-11-27T08:07:35.525+0000] {logging_mixin.py:190} INFO - [2024-11-27T08:07:35.523+0000] {dag.py:3239} INFO - Sync 1 DAGs
[2024-11-27T08:07:35.555+0000] {logging_mixin.py:190} INFO - [2024-11-27T08:07:35.555+0000] {dag.py:4180} INFO - Setting next_dagrun for tutorial_taskflow_api to None, run_after=None
[2024-11-27T08:07:35.598+0000] {processor.py:208} INFO - Processing /home/airflow/.local/lib/python3.12/site-packages/airflow/example_dags/tutorial_taskflow_api.py took 0.150 seconds
