[2025-04-04T23:21:52.597+0000] {local_task_job_runner.py:123} INFO - ::group::Pre task execution logs
[2025-04-04T23:21:52.661+0000] {taskinstance.py:2613} INFO - Dependencies all met for dep_context=non-requeueable deps ti=<TaskInstance: dag_with_postgres_operator_v05.delete_data_from_table scheduled__2025-04-03T00:00:00+00:00 [queued]>
[2025-04-04T23:21:52.695+0000] {taskinstance.py:2613} INFO - Dependencies all met for dep_context=requeueable deps ti=<TaskInstance: dag_with_postgres_operator_v05.delete_data_from_table scheduled__2025-04-03T00:00:00+00:00 [queued]>
[2025-04-04T23:21:52.696+0000] {taskinstance.py:2866} INFO - Starting attempt 1 of 6
[2025-04-04T23:21:52.737+0000] {taskinstance.py:2889} INFO - Executing <Task(PostgresOperator): delete_data_from_table> on 2025-04-03 00:00:00+00:00
[2025-04-04T23:21:52.757+0000] {standard_task_runner.py:104} INFO - Running: ['***', 'tasks', 'run', 'dag_with_postgres_operator_v05', 'delete_data_from_table', 'scheduled__2025-04-03T00:00:00+00:00', '--job-id', '879', '--raw', '--subdir', 'DAGS_FOLDER/dag_with_postgres_operator.py', '--cfg-path', '/tmp/tmpuq5fodxx']
[2025-04-04T23:21:52.763+0000] {standard_task_runner.py:105} INFO - Job 879: Subtask delete_data_from_table
[2025-04-04T23:21:52.764+0000] {logging_mixin.py:190} WARNING - /home/***/.local/lib/python3.12/site-packages/***/task/task_runner/standard_task_runner.py:70 DeprecationWarning: This process (pid=1996) is multi-threaded, use of fork() may lead to deadlocks in the child.
[2025-04-04T23:21:52.773+0000] {standard_task_runner.py:72} INFO - Started process 2000 to run task
[2025-04-04T23:21:52.899+0000] {task_command.py:467} INFO - Running <TaskInstance: dag_with_postgres_operator_v05.delete_data_from_table scheduled__2025-04-03T00:00:00+00:00 [running]> on host ba06481f48a9
[2025-04-04T23:21:53.091+0000] {taskinstance.py:3132} INFO - Exporting env vars: AIRFLOW_CTX_DAG_OWNER='acilrestu12' AIRFLOW_CTX_DAG_ID='dag_with_postgres_operator_v05' AIRFLOW_CTX_TASK_ID='delete_data_from_table' AIRFLOW_CTX_EXECUTION_DATE='2025-04-03T00:00:00+00:00' AIRFLOW_CTX_TRY_NUMBER='1' AIRFLOW_CTX_DAG_RUN_ID='scheduled__2025-04-03T00:00:00+00:00'
[2025-04-04T23:21:53.093+0000] {taskinstance.py:731} INFO - ::endgroup::
[2025-04-04T23:21:53.140+0000] {sql.py:278} INFO - Executing: 
            DELETE FROM dag_runs WHERE dt = '2025-04-03' AND dag_id = 'dag_with_postgres_operator_v05';
        
[2025-04-04T23:21:53.157+0000] {base.py:84} INFO - Retrieving connection 'postgres_localhost'
[2025-04-04T23:21:53.173+0000] {base.py:84} INFO - Retrieving connection 'postgres_localhost'
[2025-04-04T23:21:53.196+0000] {sql.py:544} INFO - Running statement: 
            DELETE FROM dag_runs WHERE dt = '2025-04-03' AND dag_id = 'dag_with_postgres_operator_v05';
        , parameters: None
[2025-04-04T23:21:53.207+0000] {sql.py:553} INFO - Rows affected: 0
[2025-04-04T23:21:53.236+0000] {taskinstance.py:340} INFO - ::group::Post task execution logs
[2025-04-04T23:21:53.238+0000] {taskinstance.py:352} INFO - Marking task as SUCCESS. dag_id=dag_with_postgres_operator_v05, task_id=delete_data_from_table, run_id=scheduled__2025-04-03T00:00:00+00:00, execution_date=20250403T000000, start_date=20250404T232152, end_date=20250404T232153
[2025-04-04T23:21:53.332+0000] {local_task_job_runner.py:266} INFO - Task exited with return code 0
[2025-04-04T23:21:53.375+0000] {taskinstance.py:3895} INFO - 1 downstream tasks scheduled from follow-on schedule check
[2025-04-04T23:21:53.380+0000] {local_task_job_runner.py:245} INFO - ::endgroup::
