[2025-03-29T14:55:47.274+0000] {local_task_job_runner.py:123} INFO - ::group::Pre task execution logs
[2025-03-29T14:55:47.513+0000] {taskinstance.py:2613} INFO - Dependencies all met for dep_context=non-requeueable deps ti=<TaskInstance: fist_dag_v5.first_task scheduled__2024-12-22T00:00:00+00:00 [queued]>
[2025-03-29T14:55:47.616+0000] {taskinstance.py:2613} INFO - Dependencies all met for dep_context=requeueable deps ti=<TaskInstance: fist_dag_v5.first_task scheduled__2024-12-22T00:00:00+00:00 [queued]>
[2025-03-29T14:55:47.618+0000] {taskinstance.py:2866} INFO - Starting attempt 1 of 6
[2025-03-29T14:55:47.859+0000] {taskinstance.py:2889} INFO - Executing <Task(BashOperator): first_task> on 2024-12-22 00:00:00+00:00
[2025-03-29T14:55:47.910+0000] {logging_mixin.py:190} WARNING - /home/***/.local/lib/python3.12/site-packages/***/task/task_runner/standard_task_runner.py:70 DeprecationWarning: This process (pid=208) is multi-threaded, use of fork() may lead to deadlocks in the child.
[2025-03-29T14:55:47.941+0000] {standard_task_runner.py:72} INFO - Started process 235 to run task
[2025-03-29T14:55:47.942+0000] {standard_task_runner.py:104} INFO - Running: ['***', 'tasks', 'run', 'fist_dag_v5', 'first_task', 'scheduled__2024-12-22T00:00:00+00:00', '--job-id', '149', '--raw', '--subdir', 'DAGS_FOLDER/first_dag.py', '--cfg-path', '/tmp/tmpw70ku3tj']
[2025-03-29T14:55:48.015+0000] {standard_task_runner.py:105} INFO - Job 149: Subtask first_task
[2025-03-29T14:55:48.456+0000] {task_command.py:467} INFO - Running <TaskInstance: fist_dag_v5.first_task scheduled__2024-12-22T00:00:00+00:00 [running]> on host ba06481f48a9
[2025-03-29T14:55:49.771+0000] {taskinstance.py:3132} INFO - Exporting env vars: AIRFLOW_CTX_DAG_OWNER='coder2j' AIRFLOW_CTX_DAG_ID='fist_dag_v5' AIRFLOW_CTX_TASK_ID='first_task' AIRFLOW_CTX_EXECUTION_DATE='2024-12-22T00:00:00+00:00' AIRFLOW_CTX_TRY_NUMBER='1' AIRFLOW_CTX_DAG_RUN_ID='scheduled__2024-12-22T00:00:00+00:00'
[2025-03-29T14:55:49.795+0000] {taskinstance.py:731} INFO - ::endgroup::
[2025-03-29T14:55:49.997+0000] {subprocess.py:78} INFO - Tmp dir root location: /tmp
[2025-03-29T14:55:50.012+0000] {subprocess.py:88} INFO - Running command: ['/usr/bin/bash', '-c', 'echo hello world, this is the first task!']
[2025-03-29T14:55:50.107+0000] {subprocess.py:99} INFO - Output:
[2025-03-29T14:55:50.122+0000] {subprocess.py:106} INFO - hello world, this is the first task!
[2025-03-29T14:55:50.140+0000] {subprocess.py:110} INFO - Command exited with return code 0
[2025-03-29T14:55:50.523+0000] {taskinstance.py:340} INFO - ::group::Post task execution logs
[2025-03-29T14:55:50.524+0000] {taskinstance.py:352} INFO - Marking task as SUCCESS. dag_id=fist_dag_v5, task_id=first_task, run_id=scheduled__2024-12-22T00:00:00+00:00, execution_date=20241222T000000, start_date=20250329T145547, end_date=20250329T145550
[2025-03-29T14:55:52.247+0000] {local_task_job_runner.py:266} INFO - Task exited with return code 0
[2025-03-29T14:55:52.614+0000] {taskinstance.py:3895} INFO - 2 downstream tasks scheduled from follow-on schedule check
[2025-03-29T14:55:52.715+0000] {local_task_job_runner.py:245} INFO - ::endgroup::
