[2025-03-29T14:56:37.914+0000] {local_task_job_runner.py:123} INFO - ::group::Pre task execution logs
[2025-03-29T14:56:38.005+0000] {taskinstance.py:2613} INFO - Dependencies all met for dep_context=non-requeueable deps ti=<TaskInstance: fist_dag_v5.second_task scheduled__2025-01-10T00:00:00+00:00 [queued]>
[2025-03-29T14:56:38.051+0000] {taskinstance.py:2613} INFO - Dependencies all met for dep_context=requeueable deps ti=<TaskInstance: fist_dag_v5.second_task scheduled__2025-01-10T00:00:00+00:00 [queued]>
[2025-03-29T14:56:38.065+0000] {taskinstance.py:2866} INFO - Starting attempt 1 of 6
[2025-03-29T14:56:38.328+0000] {taskinstance.py:2889} INFO - Executing <Task(BashOperator): second_task> on 2025-01-10 00:00:00+00:00
[2025-03-29T14:56:38.352+0000] {logging_mixin.py:190} WARNING - /home/***/.local/lib/python3.12/site-packages/***/task/task_runner/standard_task_runner.py:70 DeprecationWarning: This process (pid=702) is multi-threaded, use of fork() may lead to deadlocks in the child.
[2025-03-29T14:56:38.365+0000] {standard_task_runner.py:72} INFO - Started process 726 to run task
[2025-03-29T14:56:38.376+0000] {standard_task_runner.py:104} INFO - Running: ['***', 'tasks', 'run', 'fist_dag_v5', 'second_task', 'scheduled__2025-01-10T00:00:00+00:00', '--job-id', '283', '--raw', '--subdir', 'DAGS_FOLDER/first_dag.py', '--cfg-path', '/tmp/tmptq9jb4hz']
[2025-03-29T14:56:38.387+0000] {standard_task_runner.py:105} INFO - Job 283: Subtask second_task
[2025-03-29T14:56:38.774+0000] {task_command.py:467} INFO - Running <TaskInstance: fist_dag_v5.second_task scheduled__2025-01-10T00:00:00+00:00 [running]> on host ba06481f48a9
[2025-03-29T14:56:39.305+0000] {taskinstance.py:3132} INFO - Exporting env vars: AIRFLOW_CTX_DAG_OWNER='coder2j' AIRFLOW_CTX_DAG_ID='fist_dag_v5' AIRFLOW_CTX_TASK_ID='second_task' AIRFLOW_CTX_EXECUTION_DATE='2025-01-10T00:00:00+00:00' AIRFLOW_CTX_TRY_NUMBER='1' AIRFLOW_CTX_DAG_RUN_ID='scheduled__2025-01-10T00:00:00+00:00'
[2025-03-29T14:56:39.317+0000] {taskinstance.py:731} INFO - ::endgroup::
[2025-03-29T14:56:39.439+0000] {subprocess.py:78} INFO - Tmp dir root location: /tmp
[2025-03-29T14:56:39.457+0000] {subprocess.py:88} INFO - Running command: ['/usr/bin/bash', '-c', 'echo hey, i am task2 and will be running after task1!']
[2025-03-29T14:56:39.524+0000] {subprocess.py:99} INFO - Output:
[2025-03-29T14:56:39.526+0000] {subprocess.py:106} INFO - hey, i am task2 and will be running after task1!
[2025-03-29T14:56:39.529+0000] {subprocess.py:110} INFO - Command exited with return code 0
[2025-03-29T14:56:39.649+0000] {taskinstance.py:340} INFO - ::group::Post task execution logs
[2025-03-29T14:56:39.651+0000] {taskinstance.py:352} INFO - Marking task as SUCCESS. dag_id=fist_dag_v5, task_id=second_task, run_id=scheduled__2025-01-10T00:00:00+00:00, execution_date=20250110T000000, start_date=20250329T145638, end_date=20250329T145639
[2025-03-29T14:56:39.829+0000] {local_task_job_runner.py:266} INFO - Task exited with return code 0
[2025-03-29T14:56:39.921+0000] {taskinstance.py:3895} INFO - 0 downstream tasks scheduled from follow-on schedule check
[2025-03-29T14:56:39.962+0000] {local_task_job_runner.py:245} INFO - ::endgroup::
