[2024-12-10T08:43:17.765+0000] {local_task_job_runner.py:123} INFO - ::group::Pre task execution logs
[2024-12-10T08:43:17.988+0000] {taskinstance.py:2613} INFO - Dependencies all met for dep_context=non-requeueable deps ti=<TaskInstance: fist_dag_v5.first_task scheduled__2024-12-05T00:00:00+00:00 [queued]>
[2024-12-10T08:43:18.163+0000] {taskinstance.py:2613} INFO - Dependencies all met for dep_context=requeueable deps ti=<TaskInstance: fist_dag_v5.first_task scheduled__2024-12-05T00:00:00+00:00 [queued]>
[2024-12-10T08:43:18.189+0000] {taskinstance.py:2866} INFO - Starting attempt 1 of 6
[2024-12-10T08:43:20.078+0000] {taskinstance.py:2889} INFO - Executing <Task(BashOperator): first_task> on 2024-12-05 00:00:00+00:00
[2024-12-10T08:43:20.177+0000] {standard_task_runner.py:104} INFO - Running: ['***', 'tasks', 'run', 'fist_dag_v5', 'first_task', 'scheduled__2024-12-05T00:00:00+00:00', '--job-id', '39', '--raw', '--subdir', 'DAGS_FOLDER/first_dag.py', '--cfg-path', '/tmp/tmpxn3m6eqv']
[2024-12-10T08:43:20.193+0000] {logging_mixin.py:190} WARNING - /home/***/.local/lib/python3.12/site-packages/***/task/task_runner/standard_task_runner.py:70 DeprecationWarning: This process (pid=219) is multi-threaded, use of fork() may lead to deadlocks in the child.
[2024-12-10T08:43:20.297+0000] {standard_task_runner.py:72} INFO - Started process 250 to run task
[2024-12-10T08:43:20.252+0000] {standard_task_runner.py:105} INFO - Job 39: Subtask first_task
[2024-12-10T08:43:21.106+0000] {task_command.py:467} INFO - Running <TaskInstance: fist_dag_v5.first_task scheduled__2024-12-05T00:00:00+00:00 [running]> on host ba06481f48a9
[2024-12-10T08:43:22.206+0000] {taskinstance.py:3132} INFO - Exporting env vars: AIRFLOW_CTX_DAG_OWNER='coder2j' AIRFLOW_CTX_DAG_ID='fist_dag_v5' AIRFLOW_CTX_TASK_ID='first_task' AIRFLOW_CTX_EXECUTION_DATE='2024-12-05T00:00:00+00:00' AIRFLOW_CTX_TRY_NUMBER='1' AIRFLOW_CTX_DAG_RUN_ID='scheduled__2024-12-05T00:00:00+00:00'
[2024-12-10T08:43:22.208+0000] {taskinstance.py:731} INFO - ::endgroup::
[2024-12-10T08:43:22.398+0000] {subprocess.py:78} INFO - Tmp dir root location: /tmp
[2024-12-10T08:43:22.430+0000] {subprocess.py:88} INFO - Running command: ['/usr/bin/bash', '-c', 'echo hello world, this is the first task!']
[2024-12-10T08:43:22.513+0000] {subprocess.py:99} INFO - Output:
[2024-12-10T08:43:22.588+0000] {subprocess.py:106} INFO - hello world, this is the first task!
[2024-12-10T08:43:22.638+0000] {subprocess.py:110} INFO - Command exited with return code 0
[2024-12-10T08:43:23.145+0000] {taskinstance.py:340} INFO - ::group::Post task execution logs
[2024-12-10T08:43:23.157+0000] {taskinstance.py:352} INFO - Marking task as SUCCESS. dag_id=fist_dag_v5, task_id=first_task, run_id=scheduled__2024-12-05T00:00:00+00:00, execution_date=20241205T000000, start_date=20241210T084317, end_date=20241210T084323
[2024-12-10T08:43:23.530+0000] {local_task_job_runner.py:266} INFO - Task exited with return code 0
[2024-12-10T08:43:23.675+0000] {local_task_job_runner.py:245} INFO - ::endgroup::
