[2025-04-02T20:26:57.841+0000] {local_task_job_runner.py:123} INFO - ::group::Pre task execution logs
[2025-04-02T20:26:57.883+0000] {taskinstance.py:2613} INFO - Dependencies all met for dep_context=non-requeueable deps ti=<TaskInstance: dag_with_cron_expression_v02.task1 scheduled__2025-03-30T00:00:00+00:00 [queued]>
[2025-04-02T20:26:57.910+0000] {taskinstance.py:2613} INFO - Dependencies all met for dep_context=requeueable deps ti=<TaskInstance: dag_with_cron_expression_v02.task1 scheduled__2025-03-30T00:00:00+00:00 [queued]>
[2025-04-02T20:26:57.916+0000] {taskinstance.py:2866} INFO - Starting attempt 1 of 6
[2025-04-02T20:26:57.986+0000] {taskinstance.py:2889} INFO - Executing <Task(BashOperator): task1> on 2025-03-30 00:00:00+00:00
[2025-04-02T20:26:58.019+0000] {logging_mixin.py:190} WARNING - /home/***/.local/lib/python3.12/site-packages/***/task/task_runner/standard_task_runner.py:70 DeprecationWarning: This process (pid=307) is multi-threaded, use of fork() may lead to deadlocks in the child.
[2025-04-02T20:26:58.022+0000] {standard_task_runner.py:72} INFO - Started process 318 to run task
[2025-04-02T20:26:58.022+0000] {standard_task_runner.py:104} INFO - Running: ['***', 'tasks', 'run', 'dag_with_cron_expression_v02', 'task1', 'scheduled__2025-03-30T00:00:00+00:00', '--job-id', '813', '--raw', '--subdir', 'DAGS_FOLDER/dag_with_cron_expression.py', '--cfg-path', '/tmp/tmpu3i3t9a9']
[2025-04-02T20:26:58.028+0000] {standard_task_runner.py:105} INFO - Job 813: Subtask task1
[2025-04-02T20:26:58.205+0000] {task_command.py:467} INFO - Running <TaskInstance: dag_with_cron_expression_v02.task1 scheduled__2025-03-30T00:00:00+00:00 [running]> on host ba06481f48a9
[2025-04-02T20:26:58.564+0000] {taskinstance.py:3132} INFO - Exporting env vars: AIRFLOW_CTX_DAG_OWNER='acilrestu12' AIRFLOW_CTX_DAG_ID='dag_with_cron_expression_v02' AIRFLOW_CTX_TASK_ID='task1' AIRFLOW_CTX_EXECUTION_DATE='2025-03-30T00:00:00+00:00' AIRFLOW_CTX_TRY_NUMBER='1' AIRFLOW_CTX_DAG_RUN_ID='scheduled__2025-03-30T00:00:00+00:00'
[2025-04-02T20:26:58.569+0000] {taskinstance.py:731} INFO - ::endgroup::
[2025-04-02T20:26:58.630+0000] {subprocess.py:78} INFO - Tmp dir root location: /tmp
[2025-04-02T20:26:58.632+0000] {subprocess.py:88} INFO - Running command: ['/usr/bin/bash', '-c', 'echo "DAG with cron expression executed"']
[2025-04-02T20:26:58.658+0000] {subprocess.py:99} INFO - Output:
[2025-04-02T20:26:58.662+0000] {subprocess.py:106} INFO - DAG with cron expression executed
[2025-04-02T20:26:58.663+0000] {subprocess.py:110} INFO - Command exited with return code 0
[2025-04-02T20:26:58.714+0000] {taskinstance.py:340} INFO - ::group::Post task execution logs
[2025-04-02T20:26:58.715+0000] {taskinstance.py:352} INFO - Marking task as SUCCESS. dag_id=dag_with_cron_expression_v02, task_id=task1, run_id=scheduled__2025-03-30T00:00:00+00:00, execution_date=20250330T000000, start_date=20250402T202657, end_date=20250402T202658
[2025-04-02T20:26:58.768+0000] {local_task_job_runner.py:266} INFO - Task exited with return code 0
[2025-04-02T20:26:58.798+0000] {taskinstance.py:3895} INFO - 0 downstream tasks scheduled from follow-on schedule check
[2025-04-02T20:26:58.801+0000] {local_task_job_runner.py:245} INFO - ::endgroup::
