[2025-04-02T20:29:40.910+0000] {local_task_job_runner.py:123} INFO - ::group::Pre task execution logs
[2025-04-02T20:29:40.948+0000] {taskinstance.py:2613} INFO - Dependencies all met for dep_context=non-requeueable deps ti=<TaskInstance: dag_with_cron_expression_v03.task1 scheduled__2025-03-04T02:10:00+00:00 [queued]>
[2025-04-02T20:29:40.969+0000] {taskinstance.py:2613} INFO - Dependencies all met for dep_context=requeueable deps ti=<TaskInstance: dag_with_cron_expression_v03.task1 scheduled__2025-03-04T02:10:00+00:00 [queued]>
[2025-04-02T20:29:40.970+0000] {taskinstance.py:2866} INFO - Starting attempt 1 of 6
[2025-04-02T20:29:41.006+0000] {taskinstance.py:2889} INFO - Executing <Task(BashOperator): task1> on 2025-03-04 02:10:00+00:00
[2025-04-02T20:29:41.024+0000] {logging_mixin.py:190} WARNING - /home/***/.local/lib/python3.12/site-packages/***/task/task_runner/standard_task_runner.py:70 DeprecationWarning: This process (pid=620) is multi-threaded, use of fork() may lead to deadlocks in the child.
[2025-04-02T20:29:41.027+0000] {standard_task_runner.py:72} INFO - Started process 623 to run task
[2025-04-02T20:29:41.026+0000] {standard_task_runner.py:104} INFO - Running: ['***', 'tasks', 'run', 'dag_with_cron_expression_v03', 'task1', 'scheduled__2025-03-04T02:10:00+00:00', '--job-id', '819', '--raw', '--subdir', 'DAGS_FOLDER/dag_with_cron_expression.py', '--cfg-path', '/tmp/tmp65euaejr']
[2025-04-02T20:29:41.030+0000] {standard_task_runner.py:105} INFO - Job 819: Subtask task1
[2025-04-02T20:29:41.168+0000] {task_command.py:467} INFO - Running <TaskInstance: dag_with_cron_expression_v03.task1 scheduled__2025-03-04T02:10:00+00:00 [running]> on host ba06481f48a9
[2025-04-02T20:29:41.446+0000] {taskinstance.py:3132} INFO - Exporting env vars: AIRFLOW_CTX_DAG_OWNER='acilrestu12' AIRFLOW_CTX_DAG_ID='dag_with_cron_expression_v03' AIRFLOW_CTX_TASK_ID='task1' AIRFLOW_CTX_EXECUTION_DATE='2025-03-04T02:10:00+00:00' AIRFLOW_CTX_TRY_NUMBER='1' AIRFLOW_CTX_DAG_RUN_ID='scheduled__2025-03-04T02:10:00+00:00'
[2025-04-02T20:29:41.447+0000] {taskinstance.py:731} INFO - ::endgroup::
[2025-04-02T20:29:41.505+0000] {subprocess.py:78} INFO - Tmp dir root location: /tmp
[2025-04-02T20:29:41.510+0000] {subprocess.py:88} INFO - Running command: ['/usr/bin/bash', '-c', 'echo "DAG with cron expression executed"']
[2025-04-02T20:29:41.545+0000] {subprocess.py:99} INFO - Output:
[2025-04-02T20:29:41.551+0000] {subprocess.py:106} INFO - DAG with cron expression executed
[2025-04-02T20:29:41.553+0000] {subprocess.py:110} INFO - Command exited with return code 0
[2025-04-02T20:29:41.622+0000] {taskinstance.py:340} INFO - ::group::Post task execution logs
[2025-04-02T20:29:41.624+0000] {taskinstance.py:352} INFO - Marking task as SUCCESS. dag_id=dag_with_cron_expression_v03, task_id=task1, run_id=scheduled__2025-03-04T02:10:00+00:00, execution_date=20250304T021000, start_date=20250402T202940, end_date=20250402T202941
[2025-04-02T20:29:41.773+0000] {local_task_job_runner.py:266} INFO - Task exited with return code 0
[2025-04-02T20:29:41.857+0000] {taskinstance.py:3895} INFO - 0 downstream tasks scheduled from follow-on schedule check
[2025-04-02T20:29:41.864+0000] {local_task_job_runner.py:245} INFO - ::endgroup::
