[2025-04-08T10:05:01.545+0000] {local_task_job_runner.py:123} INFO - ::group::Pre task execution logs
[2025-04-08T10:05:01.612+0000] {taskinstance.py:2613} INFO - Dependencies all met for dep_context=non-requeueable deps ti=<TaskInstance: dag_with_minio_s3_v05.sensor_minio_s3 scheduled__2025-04-07T00:00:00+00:00 [queued]>
[2025-04-08T10:05:01.653+0000] {taskinstance.py:2613} INFO - Dependencies all met for dep_context=requeueable deps ti=<TaskInstance: dag_with_minio_s3_v05.sensor_minio_s3 scheduled__2025-04-07T00:00:00+00:00 [queued]>
[2025-04-08T10:05:01.654+0000] {taskinstance.py:2866} INFO - Starting attempt 1 of 6
[2025-04-08T10:05:02.213+0000] {taskinstance.py:2889} INFO - Executing <Task(S3KeySensor): sensor_minio_s3> on 2025-04-07 00:00:00+00:00
[2025-04-08T10:05:02.234+0000] {logging_mixin.py:190} WARNING - /home/***/.local/lib/python3.12/site-packages/***/task/task_runner/standard_task_runner.py:70 DeprecationWarning: This process (pid=5662) is multi-threaded, use of fork() may lead to deadlocks in the child.
[2025-04-08T10:05:02.238+0000] {standard_task_runner.py:72} INFO - Started process 5663 to run task
[2025-04-08T10:05:02.231+0000] {standard_task_runner.py:104} INFO - Running: ['***', 'tasks', 'run', 'dag_with_minio_s3_v05', 'sensor_minio_s3', 'scheduled__2025-04-07T00:00:00+00:00', '--job-id', '1006', '--raw', '--subdir', 'DAGS_FOLDER/dag_with_minio_s3.py', '--cfg-path', '/tmp/tmpgz1rui08']
[2025-04-08T10:05:02.244+0000] {standard_task_runner.py:105} INFO - Job 1006: Subtask sensor_minio_s3
[2025-04-08T10:05:02.352+0000] {task_command.py:467} INFO - Running <TaskInstance: dag_with_minio_s3_v05.sensor_minio_s3 scheduled__2025-04-07T00:00:00+00:00 [running]> on host e9ff53ca7e24
[2025-04-08T10:05:02.564+0000] {taskinstance.py:3132} INFO - Exporting env vars: AIRFLOW_CTX_DAG_OWNER='acilrest12' AIRFLOW_CTX_DAG_ID='dag_with_minio_s3_v05' AIRFLOW_CTX_TASK_ID='sensor_minio_s3' AIRFLOW_CTX_EXECUTION_DATE='2025-04-07T00:00:00+00:00' AIRFLOW_CTX_TRY_NUMBER='1' AIRFLOW_CTX_DAG_RUN_ID='scheduled__2025-04-07T00:00:00+00:00'
[2025-04-08T10:05:02.567+0000] {taskinstance.py:731} INFO - ::endgroup::
[2025-04-08T10:05:02.632+0000] {baseoperator.py:416} WARNING - S3KeySensor.execute cannot be called outside TaskInstance!
[2025-04-08T10:05:02.633+0000] {s3.py:116} INFO - Poking for key : s3://***/data.csv
[2025-04-08T10:05:02.669+0000] {base.py:84} INFO - Retrieving connection 'minio_conn'
[2025-04-08T10:05:02.672+0000] {connection_wrapper.py:325} INFO - AWS Connection (conn_id='minio_conn', conn_type='aws') credentials retrieved from login and password.
[2025-04-08T10:05:08.229+0000] {s3.py:116} INFO - Poking for key : s3://***/data.csv
[2025-04-08T10:05:13.237+0000] {s3.py:116} INFO - Poking for key : s3://***/data.csv
[2025-04-08T10:05:18.246+0000] {s3.py:116} INFO - Poking for key : s3://***/data.csv
[2025-04-08T10:05:23.259+0000] {s3.py:116} INFO - Poking for key : s3://***/data.csv
[2025-04-08T10:05:28.268+0000] {s3.py:116} INFO - Poking for key : s3://***/data.csv
[2025-04-08T10:05:33.278+0000] {s3.py:116} INFO - Poking for key : s3://***/data.csv
[2025-04-08T10:05:33.286+0000] {taskinstance.py:3311} ERROR - Task failed with exception
Traceback (most recent call last):
  File "/home/airflow/.local/lib/python3.12/site-packages/airflow/models/taskinstance.py", line 767, in _execute_task
    result = _execute_callable(context=context, **execute_callable_kwargs)
             ^^^^^^^^^^^^^^^^^^^^^^^^^^^^^^^^^^^^^^^^^^^^^^^^^^^^^^^^^^^^^
  File "/home/airflow/.local/lib/python3.12/site-packages/airflow/models/taskinstance.py", line 733, in _execute_callable
    return ExecutionCallableRunner(
           ^^^^^^^^^^^^^^^^^^^^^^^^
  File "/home/airflow/.local/lib/python3.12/site-packages/airflow/utils/operator_helpers.py", line 252, in run
    return self.func(*args, **kwargs)
           ^^^^^^^^^^^^^^^^^^^^^^^^^^
  File "/home/airflow/.local/lib/python3.12/site-packages/airflow/models/baseoperator.py", line 417, in wrapper
    return func(self, *args, **kwargs)
           ^^^^^^^^^^^^^^^^^^^^^^^^^^^
  File "/home/airflow/.local/lib/python3.12/site-packages/airflow/providers/amazon/aws/sensors/s3.py", line 187, in execute
    super().execute(context)
  File "/home/airflow/.local/lib/python3.12/site-packages/airflow/models/baseoperator.py", line 417, in wrapper
    return func(self, *args, **kwargs)
           ^^^^^^^^^^^^^^^^^^^^^^^^^^^
  File "/home/airflow/.local/lib/python3.12/site-packages/airflow/sensors/base.py", line 323, in execute
    raise AirflowSensorTimeout(message)
airflow.exceptions.AirflowSensorTimeout: Sensor has timed out; run duration of 30.654608081000333 seconds exceeds the specified timeout of 30.0.
[2025-04-08T10:05:33.302+0000] {taskinstance.py:1225} INFO - Immediate failure requested. Marking task as FAILED. dag_id=dag_with_minio_s3_v05, task_id=sensor_minio_s3, run_id=scheduled__2025-04-07T00:00:00+00:00, execution_date=20250407T000000, start_date=20250408T100501, end_date=20250408T100533
[2025-04-08T10:05:33.345+0000] {taskinstance.py:340} INFO - ::group::Post task execution logs
[2025-04-08T10:05:33.347+0000] {standard_task_runner.py:124} ERROR - Failed to execute job 1006 for task sensor_minio_s3 (Sensor has timed out; run duration of 30.654608081000333 seconds exceeds the specified timeout of 30.0.; 5663)
Traceback (most recent call last):
  File "/home/airflow/.local/lib/python3.12/site-packages/airflow/task/task_runner/standard_task_runner.py", line 117, in _start_by_fork
    ret = args.func(args, dag=self.dag)
          ^^^^^^^^^^^^^^^^^^^^^^^^^^^^^
  File "/home/airflow/.local/lib/python3.12/site-packages/airflow/cli/cli_config.py", line 49, in command
    return func(*args, **kwargs)
           ^^^^^^^^^^^^^^^^^^^^^
  File "/home/airflow/.local/lib/python3.12/site-packages/airflow/utils/cli.py", line 116, in wrapper
    return f(*args, **kwargs)
           ^^^^^^^^^^^^^^^^^^
  File "/home/airflow/.local/lib/python3.12/site-packages/airflow/cli/commands/task_command.py", line 483, in task_run
    task_return_code = _run_task_by_selected_method(args, _dag, ti)
                       ^^^^^^^^^^^^^^^^^^^^^^^^^^^^^^^^^^^^^^^^^^^^
  File "/home/airflow/.local/lib/python3.12/site-packages/airflow/cli/commands/task_command.py", line 256, in _run_task_by_selected_method
    return _run_raw_task(args, ti)
           ^^^^^^^^^^^^^^^^^^^^^^^
  File "/home/airflow/.local/lib/python3.12/site-packages/airflow/cli/commands/task_command.py", line 341, in _run_raw_task
    return ti._run_raw_task(
           ^^^^^^^^^^^^^^^^^
  File "/home/airflow/.local/lib/python3.12/site-packages/airflow/utils/session.py", line 97, in wrapper
    return func(*args, session=session, **kwargs)
           ^^^^^^^^^^^^^^^^^^^^^^^^^^^^^^^^^^^^^^
  File "/home/airflow/.local/lib/python3.12/site-packages/airflow/models/taskinstance.py", line 3005, in _run_raw_task
    return _run_raw_task(
           ^^^^^^^^^^^^^^
  File "/home/airflow/.local/lib/python3.12/site-packages/airflow/models/taskinstance.py", line 273, in _run_raw_task
    TaskInstance._execute_task_with_callbacks(
  File "/home/airflow/.local/lib/python3.12/site-packages/airflow/models/taskinstance.py", line 3159, in _execute_task_with_callbacks
    result = self._execute_task(context, task_orig)
             ^^^^^^^^^^^^^^^^^^^^^^^^^^^^^^^^^^^^^^
  File "/home/airflow/.local/lib/python3.12/site-packages/airflow/models/taskinstance.py", line 3183, in _execute_task
    return _execute_task(self, context, task_orig)
           ^^^^^^^^^^^^^^^^^^^^^^^^^^^^^^^^^^^^^^^
  File "/home/airflow/.local/lib/python3.12/site-packages/airflow/models/taskinstance.py", line 767, in _execute_task
    result = _execute_callable(context=context, **execute_callable_kwargs)
             ^^^^^^^^^^^^^^^^^^^^^^^^^^^^^^^^^^^^^^^^^^^^^^^^^^^^^^^^^^^^^
  File "/home/airflow/.local/lib/python3.12/site-packages/airflow/models/taskinstance.py", line 733, in _execute_callable
    return ExecutionCallableRunner(
           ^^^^^^^^^^^^^^^^^^^^^^^^
  File "/home/airflow/.local/lib/python3.12/site-packages/airflow/utils/operator_helpers.py", line 252, in run
    return self.func(*args, **kwargs)
           ^^^^^^^^^^^^^^^^^^^^^^^^^^
  File "/home/airflow/.local/lib/python3.12/site-packages/airflow/models/baseoperator.py", line 417, in wrapper
    return func(self, *args, **kwargs)
           ^^^^^^^^^^^^^^^^^^^^^^^^^^^
  File "/home/airflow/.local/lib/python3.12/site-packages/airflow/providers/amazon/aws/sensors/s3.py", line 187, in execute
    super().execute(context)
  File "/home/airflow/.local/lib/python3.12/site-packages/airflow/models/baseoperator.py", line 417, in wrapper
    return func(self, *args, **kwargs)
           ^^^^^^^^^^^^^^^^^^^^^^^^^^^
  File "/home/airflow/.local/lib/python3.12/site-packages/airflow/sensors/base.py", line 323, in execute
    raise AirflowSensorTimeout(message)
airflow.exceptions.AirflowSensorTimeout: Sensor has timed out; run duration of 30.654608081000333 seconds exceeds the specified timeout of 30.0.
[2025-04-08T10:05:33.371+0000] {local_task_job_runner.py:266} INFO - Task exited with return code 1
[2025-04-08T10:05:33.399+0000] {taskinstance.py:3895} INFO - 0 downstream tasks scheduled from follow-on schedule check
[2025-04-08T10:05:33.405+0000] {local_task_job_runner.py:245} INFO - ::endgroup::
