[2025-04-06T02:56:17.066+0000] {local_task_job_runner.py:123} INFO - ::group::Pre task execution logs
[2025-04-06T02:56:17.098+0000] {taskinstance.py:2613} INFO - Dependencies all met for dep_context=non-requeueable deps ti=<TaskInstance: dag_with_postgres_operator_v05.delete_data_from_table scheduled__2025-04-05T00:00:00+00:00 [queued]>
[2025-04-06T02:56:17.115+0000] {taskinstance.py:2613} INFO - Dependencies all met for dep_context=requeueable deps ti=<TaskInstance: dag_with_postgres_operator_v05.delete_data_from_table scheduled__2025-04-05T00:00:00+00:00 [queued]>
[2025-04-06T02:56:17.116+0000] {taskinstance.py:2866} INFO - Starting attempt 1 of 6
[2025-04-06T02:56:17.150+0000] {taskinstance.py:2889} INFO - Executing <Task(PostgresOperator): delete_data_from_table> on 2025-04-05 00:00:00+00:00
[2025-04-06T02:56:17.170+0000] {logging_mixin.py:190} WARNING - /home/***/.local/lib/python3.12/site-packages/***/task/task_runner/standard_task_runner.py:70 DeprecationWarning: This process (pid=202) is multi-threaded, use of fork() may lead to deadlocks in the child.
[2025-04-06T02:56:17.169+0000] {standard_task_runner.py:104} INFO - Running: ['***', 'tasks', 'run', 'dag_with_postgres_operator_v05', 'delete_data_from_table', 'scheduled__2025-04-05T00:00:00+00:00', '--job-id', '892', '--raw', '--subdir', 'DAGS_FOLDER/dag_with_postgres_operator.py', '--cfg-path', '/tmp/tmp2fx_fsom']
[2025-04-06T02:56:17.173+0000] {standard_task_runner.py:72} INFO - Started process 214 to run task
[2025-04-06T02:56:17.173+0000] {standard_task_runner.py:105} INFO - Job 892: Subtask delete_data_from_table
[2025-04-06T02:56:17.267+0000] {task_command.py:467} INFO - Running <TaskInstance: dag_with_postgres_operator_v05.delete_data_from_table scheduled__2025-04-05T00:00:00+00:00 [running]> on host ba06481f48a9
[2025-04-06T02:56:17.522+0000] {taskinstance.py:3132} INFO - Exporting env vars: AIRFLOW_CTX_DAG_OWNER='acilrestu12' AIRFLOW_CTX_DAG_ID='dag_with_postgres_operator_v05' AIRFLOW_CTX_TASK_ID='delete_data_from_table' AIRFLOW_CTX_EXECUTION_DATE='2025-04-05T00:00:00+00:00' AIRFLOW_CTX_TRY_NUMBER='1' AIRFLOW_CTX_DAG_RUN_ID='scheduled__2025-04-05T00:00:00+00:00'
[2025-04-06T02:56:17.525+0000] {taskinstance.py:731} INFO - ::endgroup::
[2025-04-06T02:56:17.608+0000] {sql.py:278} INFO - Executing: 
            DELETE FROM dag_runs WHERE dt = '2025-04-05' AND dag_id = 'dag_with_postgres_operator_v05';
        
[2025-04-06T02:56:17.637+0000] {base.py:84} INFO - Retrieving connection 'postgres_localhost'
[2025-04-06T02:56:17.676+0000] {base.py:84} INFO - Retrieving connection 'postgres_localhost'
[2025-04-06T02:56:17.702+0000] {sql.py:544} INFO - Running statement: 
            DELETE FROM dag_runs WHERE dt = '2025-04-05' AND dag_id = 'dag_with_postgres_operator_v05';
        , parameters: None
[2025-04-06T02:56:17.711+0000] {sql.py:553} INFO - Rows affected: 0
[2025-04-06T02:56:17.735+0000] {taskinstance.py:340} INFO - ::group::Post task execution logs
[2025-04-06T02:56:17.737+0000] {taskinstance.py:352} INFO - Marking task as SUCCESS. dag_id=dag_with_postgres_operator_v05, task_id=delete_data_from_table, run_id=scheduled__2025-04-05T00:00:00+00:00, execution_date=20250405T000000, start_date=20250406T025617, end_date=20250406T025617
[2025-04-06T02:56:17.797+0000] {local_task_job_runner.py:266} INFO - Task exited with return code 0
[2025-04-06T02:56:17.854+0000] {taskinstance.py:3895} INFO - 1 downstream tasks scheduled from follow-on schedule check
[2025-04-06T02:56:17.864+0000] {local_task_job_runner.py:245} INFO - ::endgroup::
