[2025-04-02T20:02:35.401+0000] {local_task_job_runner.py:123} INFO - ::group::Pre task execution logs
[2025-04-02T20:02:35.439+0000] {taskinstance.py:2613} INFO - Dependencies all met for dep_context=non-requeueable deps ti=<TaskInstance: dag_with_catchup_backfill_v01.task1 scheduled__2025-03-30T00:00:00+00:00 [queued]>
[2025-04-02T20:02:35.457+0000] {taskinstance.py:2613} INFO - Dependencies all met for dep_context=requeueable deps ti=<TaskInstance: dag_with_catchup_backfill_v01.task1 scheduled__2025-03-30T00:00:00+00:00 [queued]>
[2025-04-02T20:02:35.458+0000] {taskinstance.py:2866} INFO - Starting attempt 2 of 7
[2025-04-02T20:02:35.488+0000] {taskinstance.py:2889} INFO - Executing <Task(BashOperator): task1> on 2025-03-30 00:00:00+00:00
[2025-04-02T20:02:35.504+0000] {logging_mixin.py:190} WARNING - /home/***/.local/lib/python3.12/site-packages/***/task/task_runner/standard_task_runner.py:70 DeprecationWarning: This process (pid=589) is multi-threaded, use of fork() may lead to deadlocks in the child.
[2025-04-02T20:02:35.501+0000] {standard_task_runner.py:104} INFO - Running: ['***', 'tasks', 'run', 'dag_with_catchup_backfill_v01', 'task1', 'scheduled__2025-03-30T00:00:00+00:00', '--job-id', '795', '--raw', '--subdir', 'DAGS_FOLDER/dag_with_catchup_and_backfill.py', '--cfg-path', '/tmp/tmpjxvyrrwz']
[2025-04-02T20:02:35.506+0000] {standard_task_runner.py:72} INFO - Started process 590 to run task
[2025-04-02T20:02:35.507+0000] {standard_task_runner.py:105} INFO - Job 795: Subtask task1
[2025-04-02T20:02:35.608+0000] {task_command.py:467} INFO - Running <TaskInstance: dag_with_catchup_backfill_v01.task1 scheduled__2025-03-30T00:00:00+00:00 [running]> on host ba06481f48a9
[2025-04-02T20:02:35.781+0000] {taskinstance.py:3132} INFO - Exporting env vars: AIRFLOW_CTX_DAG_OWNER='acilrestu12' AIRFLOW_CTX_DAG_ID='dag_with_catchup_backfill_v01' AIRFLOW_CTX_TASK_ID='task1' AIRFLOW_CTX_EXECUTION_DATE='2025-03-30T00:00:00+00:00' AIRFLOW_CTX_TRY_NUMBER='2' AIRFLOW_CTX_DAG_RUN_ID='scheduled__2025-03-30T00:00:00+00:00'
[2025-04-02T20:02:35.783+0000] {taskinstance.py:731} INFO - ::endgroup::
[2025-04-02T20:02:35.817+0000] {subprocess.py:78} INFO - Tmp dir root location: /tmp
[2025-04-02T20:02:35.819+0000] {subprocess.py:88} INFO - Running command: ['/usr/bin/bash', '-c', 'echo "Task 1 executed"']
[2025-04-02T20:02:35.845+0000] {subprocess.py:99} INFO - Output:
[2025-04-02T20:02:35.848+0000] {subprocess.py:106} INFO - Task 1 executed
[2025-04-02T20:02:35.850+0000] {subprocess.py:110} INFO - Command exited with return code 0
[2025-04-02T20:02:35.904+0000] {taskinstance.py:340} INFO - ::group::Post task execution logs
[2025-04-02T20:02:35.906+0000] {taskinstance.py:352} INFO - Marking task as SUCCESS. dag_id=dag_with_catchup_backfill_v01, task_id=task1, run_id=scheduled__2025-03-30T00:00:00+00:00, execution_date=20250330T000000, start_date=20250402T200235, end_date=20250402T200235
[2025-04-02T20:02:35.968+0000] {local_task_job_runner.py:266} INFO - Task exited with return code 0
[2025-04-02T20:02:36.016+0000] {taskinstance.py:3895} INFO - 0 downstream tasks scheduled from follow-on schedule check
[2025-04-02T20:02:36.024+0000] {local_task_job_runner.py:245} INFO - ::endgroup::
