[2025-03-29T14:57:13.237+0000] {local_task_job_runner.py:123} INFO - ::group::Pre task execution logs
[2025-03-29T14:57:13.369+0000] {taskinstance.py:2613} INFO - Dependencies all met for dep_context=non-requeueable deps ti=<TaskInstance: fist_dag_v5.third_task scheduled__2025-01-29T00:00:00+00:00 [queued]>
[2025-03-29T14:57:13.456+0000] {taskinstance.py:2613} INFO - Dependencies all met for dep_context=requeueable deps ti=<TaskInstance: fist_dag_v5.third_task scheduled__2025-01-29T00:00:00+00:00 [queued]>
[2025-03-29T14:57:13.463+0000] {taskinstance.py:2866} INFO - Starting attempt 1 of 6
[2025-03-29T14:57:14.365+0000] {taskinstance.py:2889} INFO - Executing <Task(BashOperator): third_task> on 2025-01-29 00:00:00+00:00
[2025-03-29T14:57:14.416+0000] {logging_mixin.py:190} WARNING - /home/***/.local/lib/python3.12/site-packages/***/task/task_runner/standard_task_runner.py:70 DeprecationWarning: This process (pid=1085) is multi-threaded, use of fork() may lead to deadlocks in the child.
[2025-03-29T14:57:14.408+0000] {standard_task_runner.py:104} INFO - Running: ['***', 'tasks', 'run', 'fist_dag_v5', 'third_task', 'scheduled__2025-01-29T00:00:00+00:00', '--job-id', '387', '--raw', '--subdir', 'DAGS_FOLDER/first_dag.py', '--cfg-path', '/tmp/tmpcq0l3haz']
[2025-03-29T14:57:14.423+0000] {standard_task_runner.py:105} INFO - Job 387: Subtask third_task
[2025-03-29T14:57:14.422+0000] {standard_task_runner.py:72} INFO - Started process 1108 to run task
[2025-03-29T14:57:14.796+0000] {task_command.py:467} INFO - Running <TaskInstance: fist_dag_v5.third_task scheduled__2025-01-29T00:00:00+00:00 [running]> on host ba06481f48a9
[2025-03-29T14:57:15.124+0000] {taskinstance.py:3132} INFO - Exporting env vars: AIRFLOW_CTX_DAG_OWNER='coder2j' AIRFLOW_CTX_DAG_ID='fist_dag_v5' AIRFLOW_CTX_TASK_ID='third_task' AIRFLOW_CTX_EXECUTION_DATE='2025-01-29T00:00:00+00:00' AIRFLOW_CTX_TRY_NUMBER='1' AIRFLOW_CTX_DAG_RUN_ID='scheduled__2025-01-29T00:00:00+00:00'
[2025-03-29T14:57:15.130+0000] {taskinstance.py:731} INFO - ::endgroup::
[2025-03-29T14:57:15.194+0000] {subprocess.py:78} INFO - Tmp dir root location: /tmp
[2025-03-29T14:57:15.203+0000] {subprocess.py:88} INFO - Running command: ['/usr/bin/bash', '-c', 'echo hello, i am task3 and will be running after task1!']
[2025-03-29T14:57:15.250+0000] {subprocess.py:99} INFO - Output:
[2025-03-29T14:57:15.257+0000] {subprocess.py:106} INFO - hello, i am task3 and will be running after task1!
[2025-03-29T14:57:15.264+0000] {subprocess.py:110} INFO - Command exited with return code 0
[2025-03-29T14:57:15.372+0000] {taskinstance.py:340} INFO - ::group::Post task execution logs
[2025-03-29T14:57:15.381+0000] {taskinstance.py:352} INFO - Marking task as SUCCESS. dag_id=fist_dag_v5, task_id=third_task, run_id=scheduled__2025-01-29T00:00:00+00:00, execution_date=20250129T000000, start_date=20250329T145713, end_date=20250329T145715
[2025-03-29T14:57:15.875+0000] {local_task_job_runner.py:266} INFO - Task exited with return code 0
[2025-03-29T14:57:15.925+0000] {local_task_job_runner.py:245} INFO - ::endgroup::
