[2025-03-29T14:58:45.340+0000] {local_task_job_runner.py:123} INFO - ::group::Pre task execution logs
[2025-03-29T14:58:45.502+0000] {taskinstance.py:2613} INFO - Dependencies all met for dep_context=non-requeueable deps ti=<TaskInstance: fist_dag_v5.third_task scheduled__2025-03-14T00:00:00+00:00 [queued]>
[2025-03-29T14:58:45.588+0000] {taskinstance.py:2613} INFO - Dependencies all met for dep_context=requeueable deps ti=<TaskInstance: fist_dag_v5.third_task scheduled__2025-03-14T00:00:00+00:00 [queued]>
[2025-03-29T14:58:45.596+0000] {taskinstance.py:2866} INFO - Starting attempt 1 of 6
[2025-03-29T14:58:46.407+0000] {taskinstance.py:2889} INFO - Executing <Task(BashOperator): third_task> on 2025-03-14 00:00:00+00:00
[2025-03-29T14:58:46.555+0000] {standard_task_runner.py:104} INFO - Running: ['***', 'tasks', 'run', 'fist_dag_v5', 'third_task', 'scheduled__2025-03-14T00:00:00+00:00', '--job-id', '675', '--raw', '--subdir', 'DAGS_FOLDER/first_dag.py', '--cfg-path', '/tmp/tmpjoa3aei4']
[2025-03-29T14:58:46.629+0000] {standard_task_runner.py:105} INFO - Job 675: Subtask third_task
[2025-03-29T14:58:46.719+0000] {logging_mixin.py:190} WARNING - /home/***/.local/lib/python3.12/site-packages/***/task/task_runner/standard_task_runner.py:70 DeprecationWarning: This process (pid=2145) is multi-threaded, use of fork() may lead to deadlocks in the child.
[2025-03-29T14:58:46.724+0000] {standard_task_runner.py:72} INFO - Started process 2178 to run task
[2025-03-29T14:58:48.183+0000] {task_command.py:467} INFO - Running <TaskInstance: fist_dag_v5.third_task scheduled__2025-03-14T00:00:00+00:00 [running]> on host ba06481f48a9
[2025-03-29T14:58:49.233+0000] {taskinstance.py:3132} INFO - Exporting env vars: AIRFLOW_CTX_DAG_OWNER='coder2j' AIRFLOW_CTX_DAG_ID='fist_dag_v5' AIRFLOW_CTX_TASK_ID='third_task' AIRFLOW_CTX_EXECUTION_DATE='2025-03-14T00:00:00+00:00' AIRFLOW_CTX_TRY_NUMBER='1' AIRFLOW_CTX_DAG_RUN_ID='scheduled__2025-03-14T00:00:00+00:00'
[2025-03-29T14:58:49.251+0000] {taskinstance.py:731} INFO - ::endgroup::
[2025-03-29T14:58:49.554+0000] {subprocess.py:78} INFO - Tmp dir root location: /tmp
[2025-03-29T14:58:49.631+0000] {subprocess.py:88} INFO - Running command: ['/usr/bin/bash', '-c', 'echo hello, i am task3 and will be running after task1!']
[2025-03-29T14:58:49.852+0000] {subprocess.py:99} INFO - Output:
[2025-03-29T14:58:49.857+0000] {subprocess.py:106} INFO - hello, i am task3 and will be running after task1!
[2025-03-29T14:58:49.881+0000] {subprocess.py:110} INFO - Command exited with return code 0
[2025-03-29T14:58:50.199+0000] {taskinstance.py:340} INFO - ::group::Post task execution logs
[2025-03-29T14:58:50.204+0000] {taskinstance.py:352} INFO - Marking task as SUCCESS. dag_id=fist_dag_v5, task_id=third_task, run_id=scheduled__2025-03-14T00:00:00+00:00, execution_date=20250314T000000, start_date=20250329T145845, end_date=20250329T145850
[2025-03-29T14:58:50.450+0000] {local_task_job_runner.py:266} INFO - Task exited with return code 0
[2025-03-29T14:58:50.564+0000] {local_task_job_runner.py:245} INFO - ::endgroup::
