[2025-03-29T14:56:27.324+0000] {local_task_job_runner.py:123} INFO - ::group::Pre task execution logs
[2025-03-29T14:56:27.384+0000] {taskinstance.py:2613} INFO - Dependencies all met for dep_context=non-requeueable deps ti=<TaskInstance: fist_dag_v5.second_task scheduled__2025-01-06T00:00:00+00:00 [queued]>
[2025-03-29T14:56:27.425+0000] {taskinstance.py:2613} INFO - Dependencies all met for dep_context=requeueable deps ti=<TaskInstance: fist_dag_v5.second_task scheduled__2025-01-06T00:00:00+00:00 [queued]>
[2025-03-29T14:56:27.426+0000] {taskinstance.py:2866} INFO - Starting attempt 1 of 6
[2025-03-29T14:56:27.498+0000] {taskinstance.py:2889} INFO - Executing <Task(BashOperator): second_task> on 2025-01-06 00:00:00+00:00
[2025-03-29T14:56:27.524+0000] {logging_mixin.py:190} WARNING - /home/***/.local/lib/python3.12/site-packages/***/task/task_runner/standard_task_runner.py:70 DeprecationWarning: This process (pid=596) is multi-threaded, use of fork() may lead to deadlocks in the child.
[2025-03-29T14:56:27.526+0000] {standard_task_runner.py:72} INFO - Started process 605 to run task
[2025-03-29T14:56:27.531+0000] {standard_task_runner.py:104} INFO - Running: ['***', 'tasks', 'run', 'fist_dag_v5', 'second_task', 'scheduled__2025-01-06T00:00:00+00:00', '--job-id', '252', '--raw', '--subdir', 'DAGS_FOLDER/first_dag.py', '--cfg-path', '/tmp/tmp1d2go9zl']
[2025-03-29T14:56:27.535+0000] {standard_task_runner.py:105} INFO - Job 252: Subtask second_task
[2025-03-29T14:56:27.748+0000] {task_command.py:467} INFO - Running <TaskInstance: fist_dag_v5.second_task scheduled__2025-01-06T00:00:00+00:00 [running]> on host ba06481f48a9
[2025-03-29T14:56:28.153+0000] {taskinstance.py:3132} INFO - Exporting env vars: AIRFLOW_CTX_DAG_OWNER='coder2j' AIRFLOW_CTX_DAG_ID='fist_dag_v5' AIRFLOW_CTX_TASK_ID='second_task' AIRFLOW_CTX_EXECUTION_DATE='2025-01-06T00:00:00+00:00' AIRFLOW_CTX_TRY_NUMBER='1' AIRFLOW_CTX_DAG_RUN_ID='scheduled__2025-01-06T00:00:00+00:00'
[2025-03-29T14:56:28.157+0000] {taskinstance.py:731} INFO - ::endgroup::
[2025-03-29T14:56:28.234+0000] {subprocess.py:78} INFO - Tmp dir root location: /tmp
[2025-03-29T14:56:28.241+0000] {subprocess.py:88} INFO - Running command: ['/usr/bin/bash', '-c', 'echo hey, i am task2 and will be running after task1!']
[2025-03-29T14:56:28.262+0000] {subprocess.py:99} INFO - Output:
[2025-03-29T14:56:28.264+0000] {subprocess.py:106} INFO - hey, i am task2 and will be running after task1!
[2025-03-29T14:56:28.265+0000] {subprocess.py:110} INFO - Command exited with return code 0
[2025-03-29T14:56:28.371+0000] {taskinstance.py:340} INFO - ::group::Post task execution logs
[2025-03-29T14:56:28.372+0000] {taskinstance.py:352} INFO - Marking task as SUCCESS. dag_id=fist_dag_v5, task_id=second_task, run_id=scheduled__2025-01-06T00:00:00+00:00, execution_date=20250106T000000, start_date=20250329T145627, end_date=20250329T145628
[2025-03-29T14:56:28.504+0000] {local_task_job_runner.py:266} INFO - Task exited with return code 0
[2025-03-29T14:56:28.542+0000] {taskinstance.py:3895} INFO - 0 downstream tasks scheduled from follow-on schedule check
[2025-03-29T14:56:28.546+0000] {local_task_job_runner.py:245} INFO - ::endgroup::
