[2025-04-02T19:54:41.837+0000] {processor.py:186} INFO - Started process (PID=183) to work on /opt/airflow/dags/create_dag_with_python_operator.py
[2025-04-02T19:54:41.839+0000] {processor.py:914} INFO - Processing file /opt/airflow/dags/create_dag_with_python_operator.py for tasks to queue
[2025-04-02T19:54:41.847+0000] {logging_mixin.py:190} INFO - [2025-04-02T19:54:41.846+0000] {dagbag.py:588} INFO - Filling up the DagBag from /opt/airflow/dags/create_dag_with_python_operator.py
[2025-04-02T19:54:41.896+0000] {processor.py:925} INFO - DAG(s) 'fist_dag_using_python_operator_v06' retrieved from /opt/airflow/dags/create_dag_with_python_operator.py
[2025-04-02T19:54:41.969+0000] {logging_mixin.py:190} INFO - [2025-04-02T19:54:41.969+0000] {dag.py:3239} INFO - Sync 1 DAGs
[2025-04-02T19:54:42.047+0000] {logging_mixin.py:190} INFO - [2025-04-02T19:54:42.046+0000] {dag.py:4180} INFO - Setting next_dagrun for fist_dag_using_python_operator_v06 to 2025-04-01 00:00:00+00:00, run_after=2025-04-02 00:00:00+00:00
[2025-04-02T19:54:42.124+0000] {processor.py:208} INFO - Processing /opt/airflow/dags/create_dag_with_python_operator.py took 0.298 seconds
[2025-04-02T19:55:12.700+0000] {processor.py:186} INFO - Started process (PID=204) to work on /opt/airflow/dags/create_dag_with_python_operator.py
[2025-04-02T19:55:12.707+0000] {processor.py:914} INFO - Processing file /opt/airflow/dags/create_dag_with_python_operator.py for tasks to queue
[2025-04-02T19:55:12.720+0000] {logging_mixin.py:190} INFO - [2025-04-02T19:55:12.719+0000] {dagbag.py:588} INFO - Filling up the DagBag from /opt/airflow/dags/create_dag_with_python_operator.py
[2025-04-02T19:55:12.942+0000] {processor.py:925} INFO - DAG(s) 'fist_dag_using_python_operator_v06' retrieved from /opt/airflow/dags/create_dag_with_python_operator.py
[2025-04-02T19:55:13.174+0000] {logging_mixin.py:190} INFO - [2025-04-02T19:55:13.173+0000] {dag.py:3239} INFO - Sync 1 DAGs
[2025-04-02T19:55:13.351+0000] {logging_mixin.py:190} INFO - [2025-04-02T19:55:13.351+0000] {dag.py:4180} INFO - Setting next_dagrun for fist_dag_using_python_operator_v06 to 2025-04-01 00:00:00+00:00, run_after=2025-04-02 00:00:00+00:00
[2025-04-02T19:55:13.550+0000] {processor.py:208} INFO - Processing /opt/airflow/dags/create_dag_with_python_operator.py took 0.871 seconds
[2025-04-02T19:55:44.252+0000] {processor.py:186} INFO - Started process (PID=225) to work on /opt/airflow/dags/create_dag_with_python_operator.py
[2025-04-02T19:55:44.254+0000] {processor.py:914} INFO - Processing file /opt/airflow/dags/create_dag_with_python_operator.py for tasks to queue
[2025-04-02T19:55:44.258+0000] {logging_mixin.py:190} INFO - [2025-04-02T19:55:44.258+0000] {dagbag.py:588} INFO - Filling up the DagBag from /opt/airflow/dags/create_dag_with_python_operator.py
[2025-04-02T19:55:44.295+0000] {processor.py:925} INFO - DAG(s) 'fist_dag_using_python_operator_v06' retrieved from /opt/airflow/dags/create_dag_with_python_operator.py
[2025-04-02T19:55:44.342+0000] {logging_mixin.py:190} INFO - [2025-04-02T19:55:44.341+0000] {dag.py:3239} INFO - Sync 1 DAGs
[2025-04-02T19:55:44.385+0000] {logging_mixin.py:190} INFO - [2025-04-02T19:55:44.384+0000] {dag.py:4180} INFO - Setting next_dagrun for fist_dag_using_python_operator_v06 to 2025-04-01 00:00:00+00:00, run_after=2025-04-02 00:00:00+00:00
[2025-04-02T19:55:44.420+0000] {processor.py:208} INFO - Processing /opt/airflow/dags/create_dag_with_python_operator.py took 0.180 seconds
[2025-04-02T19:56:14.632+0000] {processor.py:186} INFO - Started process (PID=247) to work on /opt/airflow/dags/create_dag_with_python_operator.py
[2025-04-02T19:56:14.633+0000] {processor.py:914} INFO - Processing file /opt/airflow/dags/create_dag_with_python_operator.py for tasks to queue
[2025-04-02T19:56:14.642+0000] {logging_mixin.py:190} INFO - [2025-04-02T19:56:14.642+0000] {dagbag.py:588} INFO - Filling up the DagBag from /opt/airflow/dags/create_dag_with_python_operator.py
[2025-04-02T19:56:14.686+0000] {processor.py:925} INFO - DAG(s) 'fist_dag_using_python_operator_v06' retrieved from /opt/airflow/dags/create_dag_with_python_operator.py
[2025-04-02T19:56:14.738+0000] {logging_mixin.py:190} INFO - [2025-04-02T19:56:14.737+0000] {dag.py:3239} INFO - Sync 1 DAGs
[2025-04-02T19:56:14.783+0000] {logging_mixin.py:190} INFO - [2025-04-02T19:56:14.783+0000] {dag.py:4180} INFO - Setting next_dagrun for fist_dag_using_python_operator_v06 to 2025-04-01 00:00:00+00:00, run_after=2025-04-02 00:00:00+00:00
[2025-04-02T19:56:14.823+0000] {processor.py:208} INFO - Processing /opt/airflow/dags/create_dag_with_python_operator.py took 0.201 seconds
[2025-04-02T19:56:45.925+0000] {processor.py:186} INFO - Started process (PID=268) to work on /opt/airflow/dags/create_dag_with_python_operator.py
[2025-04-02T19:56:45.926+0000] {processor.py:914} INFO - Processing file /opt/airflow/dags/create_dag_with_python_operator.py for tasks to queue
[2025-04-02T19:56:45.931+0000] {logging_mixin.py:190} INFO - [2025-04-02T19:56:45.930+0000] {dagbag.py:588} INFO - Filling up the DagBag from /opt/airflow/dags/create_dag_with_python_operator.py
[2025-04-02T19:56:45.971+0000] {processor.py:925} INFO - DAG(s) 'fist_dag_using_python_operator_v06' retrieved from /opt/airflow/dags/create_dag_with_python_operator.py
[2025-04-02T19:56:46.023+0000] {logging_mixin.py:190} INFO - [2025-04-02T19:56:46.023+0000] {dag.py:3239} INFO - Sync 1 DAGs
[2025-04-02T19:56:46.078+0000] {logging_mixin.py:190} INFO - [2025-04-02T19:56:46.078+0000] {dag.py:4180} INFO - Setting next_dagrun for fist_dag_using_python_operator_v06 to 2025-04-01 00:00:00+00:00, run_after=2025-04-02 00:00:00+00:00
[2025-04-02T19:56:46.122+0000] {processor.py:208} INFO - Processing /opt/airflow/dags/create_dag_with_python_operator.py took 0.207 seconds
[2025-04-02T19:57:16.719+0000] {processor.py:186} INFO - Started process (PID=289) to work on /opt/airflow/dags/create_dag_with_python_operator.py
[2025-04-02T19:57:16.720+0000] {processor.py:914} INFO - Processing file /opt/airflow/dags/create_dag_with_python_operator.py for tasks to queue
[2025-04-02T19:57:16.724+0000] {logging_mixin.py:190} INFO - [2025-04-02T19:57:16.723+0000] {dagbag.py:588} INFO - Filling up the DagBag from /opt/airflow/dags/create_dag_with_python_operator.py
[2025-04-02T19:57:16.756+0000] {processor.py:925} INFO - DAG(s) 'fist_dag_using_python_operator_v06' retrieved from /opt/airflow/dags/create_dag_with_python_operator.py
[2025-04-02T19:57:16.801+0000] {logging_mixin.py:190} INFO - [2025-04-02T19:57:16.800+0000] {dag.py:3239} INFO - Sync 1 DAGs
[2025-04-02T19:57:16.839+0000] {logging_mixin.py:190} INFO - [2025-04-02T19:57:16.838+0000] {dag.py:4180} INFO - Setting next_dagrun for fist_dag_using_python_operator_v06 to 2025-04-01 00:00:00+00:00, run_after=2025-04-02 00:00:00+00:00
[2025-04-02T19:57:16.875+0000] {processor.py:208} INFO - Processing /opt/airflow/dags/create_dag_with_python_operator.py took 0.163 seconds
[2025-04-02T19:57:47.625+0000] {processor.py:186} INFO - Started process (PID=310) to work on /opt/airflow/dags/create_dag_with_python_operator.py
[2025-04-02T19:57:47.627+0000] {processor.py:914} INFO - Processing file /opt/airflow/dags/create_dag_with_python_operator.py for tasks to queue
[2025-04-02T19:57:47.631+0000] {logging_mixin.py:190} INFO - [2025-04-02T19:57:47.630+0000] {dagbag.py:588} INFO - Filling up the DagBag from /opt/airflow/dags/create_dag_with_python_operator.py
[2025-04-02T19:57:47.668+0000] {processor.py:925} INFO - DAG(s) 'fist_dag_using_python_operator_v06' retrieved from /opt/airflow/dags/create_dag_with_python_operator.py
[2025-04-02T19:57:47.716+0000] {logging_mixin.py:190} INFO - [2025-04-02T19:57:47.716+0000] {dag.py:3239} INFO - Sync 1 DAGs
[2025-04-02T19:57:47.757+0000] {logging_mixin.py:190} INFO - [2025-04-02T19:57:47.756+0000] {dag.py:4180} INFO - Setting next_dagrun for fist_dag_using_python_operator_v06 to 2025-04-01 00:00:00+00:00, run_after=2025-04-02 00:00:00+00:00
[2025-04-02T19:57:47.792+0000] {processor.py:208} INFO - Processing /opt/airflow/dags/create_dag_with_python_operator.py took 0.178 seconds
[2025-04-02T19:58:18.421+0000] {processor.py:186} INFO - Started process (PID=331) to work on /opt/airflow/dags/create_dag_with_python_operator.py
[2025-04-02T19:58:18.424+0000] {processor.py:914} INFO - Processing file /opt/airflow/dags/create_dag_with_python_operator.py for tasks to queue
[2025-04-02T19:58:18.438+0000] {logging_mixin.py:190} INFO - [2025-04-02T19:58:18.437+0000] {dagbag.py:588} INFO - Filling up the DagBag from /opt/airflow/dags/create_dag_with_python_operator.py
[2025-04-02T19:58:18.504+0000] {processor.py:925} INFO - DAG(s) 'fist_dag_using_python_operator_v06' retrieved from /opt/airflow/dags/create_dag_with_python_operator.py
[2025-04-02T19:58:18.600+0000] {logging_mixin.py:190} INFO - [2025-04-02T19:58:18.599+0000] {dag.py:3239} INFO - Sync 1 DAGs
[2025-04-02T19:58:18.648+0000] {logging_mixin.py:190} INFO - [2025-04-02T19:58:18.648+0000] {dag.py:4180} INFO - Setting next_dagrun for fist_dag_using_python_operator_v06 to 2025-04-01 00:00:00+00:00, run_after=2025-04-02 00:00:00+00:00
[2025-04-02T19:58:18.684+0000] {processor.py:208} INFO - Processing /opt/airflow/dags/create_dag_with_python_operator.py took 0.286 seconds
[2025-04-02T19:58:49.324+0000] {processor.py:186} INFO - Started process (PID=352) to work on /opt/airflow/dags/create_dag_with_python_operator.py
[2025-04-02T19:58:49.326+0000] {processor.py:914} INFO - Processing file /opt/airflow/dags/create_dag_with_python_operator.py for tasks to queue
[2025-04-02T19:58:49.330+0000] {logging_mixin.py:190} INFO - [2025-04-02T19:58:49.330+0000] {dagbag.py:588} INFO - Filling up the DagBag from /opt/airflow/dags/create_dag_with_python_operator.py
[2025-04-02T19:58:49.362+0000] {processor.py:925} INFO - DAG(s) 'fist_dag_using_python_operator_v06' retrieved from /opt/airflow/dags/create_dag_with_python_operator.py
[2025-04-02T19:58:49.405+0000] {logging_mixin.py:190} INFO - [2025-04-02T19:58:49.404+0000] {dag.py:3239} INFO - Sync 1 DAGs
[2025-04-02T19:58:49.460+0000] {logging_mixin.py:190} INFO - [2025-04-02T19:58:49.459+0000] {dag.py:4180} INFO - Setting next_dagrun for fist_dag_using_python_operator_v06 to 2025-04-01 00:00:00+00:00, run_after=2025-04-02 00:00:00+00:00
[2025-04-02T19:58:49.525+0000] {processor.py:208} INFO - Processing /opt/airflow/dags/create_dag_with_python_operator.py took 0.209 seconds
[2025-04-02T19:59:19.805+0000] {processor.py:186} INFO - Started process (PID=373) to work on /opt/airflow/dags/create_dag_with_python_operator.py
[2025-04-02T19:59:19.816+0000] {processor.py:914} INFO - Processing file /opt/airflow/dags/create_dag_with_python_operator.py for tasks to queue
[2025-04-02T19:59:19.826+0000] {logging_mixin.py:190} INFO - [2025-04-02T19:59:19.825+0000] {dagbag.py:588} INFO - Filling up the DagBag from /opt/airflow/dags/create_dag_with_python_operator.py
[2025-04-02T19:59:19.890+0000] {processor.py:925} INFO - DAG(s) 'fist_dag_using_python_operator_v06' retrieved from /opt/airflow/dags/create_dag_with_python_operator.py
[2025-04-02T19:59:19.999+0000] {logging_mixin.py:190} INFO - [2025-04-02T19:59:19.998+0000] {dag.py:3239} INFO - Sync 1 DAGs
[2025-04-02T19:59:20.155+0000] {logging_mixin.py:190} INFO - [2025-04-02T19:59:20.154+0000] {dag.py:4180} INFO - Setting next_dagrun for fist_dag_using_python_operator_v06 to 2025-04-01 00:00:00+00:00, run_after=2025-04-02 00:00:00+00:00
[2025-04-02T19:59:20.262+0000] {processor.py:208} INFO - Processing /opt/airflow/dags/create_dag_with_python_operator.py took 0.478 seconds
[2025-04-02T19:59:50.666+0000] {processor.py:186} INFO - Started process (PID=405) to work on /opt/airflow/dags/create_dag_with_python_operator.py
[2025-04-02T19:59:50.674+0000] {processor.py:914} INFO - Processing file /opt/airflow/dags/create_dag_with_python_operator.py for tasks to queue
[2025-04-02T19:59:50.683+0000] {logging_mixin.py:190} INFO - [2025-04-02T19:59:50.682+0000] {dagbag.py:588} INFO - Filling up the DagBag from /opt/airflow/dags/create_dag_with_python_operator.py
[2025-04-02T19:59:50.973+0000] {processor.py:925} INFO - DAG(s) 'fist_dag_using_python_operator_v06' retrieved from /opt/airflow/dags/create_dag_with_python_operator.py
[2025-04-02T19:59:51.139+0000] {logging_mixin.py:190} INFO - [2025-04-02T19:59:51.139+0000] {dag.py:3239} INFO - Sync 1 DAGs
[2025-04-02T19:59:51.295+0000] {logging_mixin.py:190} INFO - [2025-04-02T19:59:51.294+0000] {dag.py:4180} INFO - Setting next_dagrun for fist_dag_using_python_operator_v06 to 2025-04-01 00:00:00+00:00, run_after=2025-04-02 00:00:00+00:00
[2025-04-02T19:59:51.422+0000] {processor.py:208} INFO - Processing /opt/airflow/dags/create_dag_with_python_operator.py took 0.778 seconds
[2025-04-02T20:00:22.087+0000] {processor.py:186} INFO - Started process (PID=441) to work on /opt/airflow/dags/create_dag_with_python_operator.py
[2025-04-02T20:00:22.091+0000] {processor.py:914} INFO - Processing file /opt/airflow/dags/create_dag_with_python_operator.py for tasks to queue
[2025-04-02T20:00:22.103+0000] {logging_mixin.py:190} INFO - [2025-04-02T20:00:22.102+0000] {dagbag.py:588} INFO - Filling up the DagBag from /opt/airflow/dags/create_dag_with_python_operator.py
[2025-04-02T20:00:22.573+0000] {processor.py:925} INFO - DAG(s) 'fist_dag_using_python_operator_v06' retrieved from /opt/airflow/dags/create_dag_with_python_operator.py
[2025-04-02T20:00:22.717+0000] {logging_mixin.py:190} INFO - [2025-04-02T20:00:22.715+0000] {dag.py:3239} INFO - Sync 1 DAGs
[2025-04-02T20:00:22.855+0000] {logging_mixin.py:190} INFO - [2025-04-02T20:00:22.854+0000] {dag.py:4180} INFO - Setting next_dagrun for fist_dag_using_python_operator_v06 to 2025-04-01 00:00:00+00:00, run_after=2025-04-02 00:00:00+00:00
[2025-04-02T20:00:22.957+0000] {processor.py:208} INFO - Processing /opt/airflow/dags/create_dag_with_python_operator.py took 0.902 seconds
[2025-04-02T20:00:53.277+0000] {processor.py:186} INFO - Started process (PID=472) to work on /opt/airflow/dags/create_dag_with_python_operator.py
[2025-04-02T20:00:53.281+0000] {processor.py:914} INFO - Processing file /opt/airflow/dags/create_dag_with_python_operator.py for tasks to queue
[2025-04-02T20:00:53.287+0000] {logging_mixin.py:190} INFO - [2025-04-02T20:00:53.286+0000] {dagbag.py:588} INFO - Filling up the DagBag from /opt/airflow/dags/create_dag_with_python_operator.py
[2025-04-02T20:00:53.344+0000] {processor.py:925} INFO - DAG(s) 'fist_dag_using_python_operator_v06' retrieved from /opt/airflow/dags/create_dag_with_python_operator.py
[2025-04-02T20:00:53.399+0000] {logging_mixin.py:190} INFO - [2025-04-02T20:00:53.398+0000] {dag.py:3239} INFO - Sync 1 DAGs
[2025-04-02T20:00:53.445+0000] {logging_mixin.py:190} INFO - [2025-04-02T20:00:53.445+0000] {dag.py:4180} INFO - Setting next_dagrun for fist_dag_using_python_operator_v06 to 2025-04-01 00:00:00+00:00, run_after=2025-04-02 00:00:00+00:00
[2025-04-02T20:00:53.487+0000] {processor.py:208} INFO - Processing /opt/airflow/dags/create_dag_with_python_operator.py took 0.225 seconds
[2025-04-02T20:01:24.290+0000] {processor.py:186} INFO - Started process (PID=508) to work on /opt/airflow/dags/create_dag_with_python_operator.py
[2025-04-02T20:01:24.292+0000] {processor.py:914} INFO - Processing file /opt/airflow/dags/create_dag_with_python_operator.py for tasks to queue
[2025-04-02T20:01:24.297+0000] {logging_mixin.py:190} INFO - [2025-04-02T20:01:24.297+0000] {dagbag.py:588} INFO - Filling up the DagBag from /opt/airflow/dags/create_dag_with_python_operator.py
[2025-04-02T20:01:24.334+0000] {processor.py:925} INFO - DAG(s) 'fist_dag_using_python_operator_v06' retrieved from /opt/airflow/dags/create_dag_with_python_operator.py
[2025-04-02T20:01:24.384+0000] {logging_mixin.py:190} INFO - [2025-04-02T20:01:24.384+0000] {dag.py:3239} INFO - Sync 1 DAGs
[2025-04-02T20:01:24.430+0000] {logging_mixin.py:190} INFO - [2025-04-02T20:01:24.429+0000] {dag.py:4180} INFO - Setting next_dagrun for fist_dag_using_python_operator_v06 to 2025-04-01 00:00:00+00:00, run_after=2025-04-02 00:00:00+00:00
[2025-04-02T20:01:24.472+0000] {processor.py:208} INFO - Processing /opt/airflow/dags/create_dag_with_python_operator.py took 0.192 seconds
[2025-04-02T20:01:54.849+0000] {processor.py:186} INFO - Started process (PID=546) to work on /opt/airflow/dags/create_dag_with_python_operator.py
[2025-04-02T20:01:54.850+0000] {processor.py:914} INFO - Processing file /opt/airflow/dags/create_dag_with_python_operator.py for tasks to queue
[2025-04-02T20:01:54.855+0000] {logging_mixin.py:190} INFO - [2025-04-02T20:01:54.854+0000] {dagbag.py:588} INFO - Filling up the DagBag from /opt/airflow/dags/create_dag_with_python_operator.py
[2025-04-02T20:01:54.888+0000] {processor.py:925} INFO - DAG(s) 'fist_dag_using_python_operator_v06' retrieved from /opt/airflow/dags/create_dag_with_python_operator.py
[2025-04-02T20:01:54.931+0000] {logging_mixin.py:190} INFO - [2025-04-02T20:01:54.930+0000] {dag.py:3239} INFO - Sync 1 DAGs
[2025-04-02T20:01:54.970+0000] {logging_mixin.py:190} INFO - [2025-04-02T20:01:54.970+0000] {dag.py:4180} INFO - Setting next_dagrun for fist_dag_using_python_operator_v06 to 2025-04-01 00:00:00+00:00, run_after=2025-04-02 00:00:00+00:00
[2025-04-02T20:01:55.012+0000] {processor.py:208} INFO - Processing /opt/airflow/dags/create_dag_with_python_operator.py took 0.171 seconds
[2025-04-02T20:02:25.514+0000] {processor.py:186} INFO - Started process (PID=577) to work on /opt/airflow/dags/create_dag_with_python_operator.py
[2025-04-02T20:02:25.516+0000] {processor.py:914} INFO - Processing file /opt/airflow/dags/create_dag_with_python_operator.py for tasks to queue
[2025-04-02T20:02:25.521+0000] {logging_mixin.py:190} INFO - [2025-04-02T20:02:25.521+0000] {dagbag.py:588} INFO - Filling up the DagBag from /opt/airflow/dags/create_dag_with_python_operator.py
[2025-04-02T20:02:25.560+0000] {processor.py:925} INFO - DAG(s) 'fist_dag_using_python_operator_v06' retrieved from /opt/airflow/dags/create_dag_with_python_operator.py
[2025-04-02T20:02:25.614+0000] {logging_mixin.py:190} INFO - [2025-04-02T20:02:25.613+0000] {dag.py:3239} INFO - Sync 1 DAGs
[2025-04-02T20:02:25.654+0000] {logging_mixin.py:190} INFO - [2025-04-02T20:02:25.654+0000] {dag.py:4180} INFO - Setting next_dagrun for fist_dag_using_python_operator_v06 to 2025-04-01 00:00:00+00:00, run_after=2025-04-02 00:00:00+00:00
[2025-04-02T20:02:25.693+0000] {processor.py:208} INFO - Processing /opt/airflow/dags/create_dag_with_python_operator.py took 0.189 seconds
[2025-04-02T20:02:55.987+0000] {processor.py:186} INFO - Started process (PID=607) to work on /opt/airflow/dags/create_dag_with_python_operator.py
[2025-04-02T20:02:55.990+0000] {processor.py:914} INFO - Processing file /opt/airflow/dags/create_dag_with_python_operator.py for tasks to queue
[2025-04-02T20:02:55.997+0000] {logging_mixin.py:190} INFO - [2025-04-02T20:02:55.995+0000] {dagbag.py:588} INFO - Filling up the DagBag from /opt/airflow/dags/create_dag_with_python_operator.py
[2025-04-02T20:02:56.157+0000] {processor.py:925} INFO - DAG(s) 'fist_dag_using_python_operator_v06' retrieved from /opt/airflow/dags/create_dag_with_python_operator.py
[2025-04-02T20:02:56.332+0000] {logging_mixin.py:190} INFO - [2025-04-02T20:02:56.332+0000] {dag.py:3239} INFO - Sync 1 DAGs
[2025-04-02T20:02:56.498+0000] {logging_mixin.py:190} INFO - [2025-04-02T20:02:56.497+0000] {dag.py:4180} INFO - Setting next_dagrun for fist_dag_using_python_operator_v06 to 2025-04-01 00:00:00+00:00, run_after=2025-04-02 00:00:00+00:00
[2025-04-02T20:02:56.615+0000] {processor.py:208} INFO - Processing /opt/airflow/dags/create_dag_with_python_operator.py took 0.644 seconds
[2025-04-02T20:03:26.913+0000] {processor.py:186} INFO - Started process (PID=644) to work on /opt/airflow/dags/create_dag_with_python_operator.py
[2025-04-02T20:03:26.914+0000] {processor.py:914} INFO - Processing file /opt/airflow/dags/create_dag_with_python_operator.py for tasks to queue
[2025-04-02T20:03:26.918+0000] {logging_mixin.py:190} INFO - [2025-04-02T20:03:26.918+0000] {dagbag.py:588} INFO - Filling up the DagBag from /opt/airflow/dags/create_dag_with_python_operator.py
[2025-04-02T20:03:26.958+0000] {processor.py:925} INFO - DAG(s) 'fist_dag_using_python_operator_v06' retrieved from /opt/airflow/dags/create_dag_with_python_operator.py
[2025-04-02T20:03:27.034+0000] {logging_mixin.py:190} INFO - [2025-04-02T20:03:27.033+0000] {dag.py:3239} INFO - Sync 1 DAGs
[2025-04-02T20:03:27.086+0000] {logging_mixin.py:190} INFO - [2025-04-02T20:03:27.086+0000] {dag.py:4180} INFO - Setting next_dagrun for fist_dag_using_python_operator_v06 to 2025-04-01 00:00:00+00:00, run_after=2025-04-02 00:00:00+00:00
[2025-04-02T20:03:27.127+0000] {processor.py:208} INFO - Processing /opt/airflow/dags/create_dag_with_python_operator.py took 0.223 seconds
[2025-04-02T20:03:57.292+0000] {processor.py:186} INFO - Started process (PID=673) to work on /opt/airflow/dags/create_dag_with_python_operator.py
[2025-04-02T20:03:57.294+0000] {processor.py:914} INFO - Processing file /opt/airflow/dags/create_dag_with_python_operator.py for tasks to queue
[2025-04-02T20:03:57.297+0000] {logging_mixin.py:190} INFO - [2025-04-02T20:03:57.297+0000] {dagbag.py:588} INFO - Filling up the DagBag from /opt/airflow/dags/create_dag_with_python_operator.py
[2025-04-02T20:03:57.332+0000] {processor.py:925} INFO - DAG(s) 'fist_dag_using_python_operator_v06' retrieved from /opt/airflow/dags/create_dag_with_python_operator.py
[2025-04-02T20:03:57.375+0000] {logging_mixin.py:190} INFO - [2025-04-02T20:03:57.374+0000] {dag.py:3239} INFO - Sync 1 DAGs
[2025-04-02T20:03:57.417+0000] {logging_mixin.py:190} INFO - [2025-04-02T20:03:57.417+0000] {dag.py:4180} INFO - Setting next_dagrun for fist_dag_using_python_operator_v06 to 2025-04-01 00:00:00+00:00, run_after=2025-04-02 00:00:00+00:00
[2025-04-02T20:03:57.452+0000] {processor.py:208} INFO - Processing /opt/airflow/dags/create_dag_with_python_operator.py took 0.169 seconds
[2025-04-02T20:04:28.246+0000] {processor.py:186} INFO - Started process (PID=699) to work on /opt/airflow/dags/create_dag_with_python_operator.py
[2025-04-02T20:04:28.247+0000] {processor.py:914} INFO - Processing file /opt/airflow/dags/create_dag_with_python_operator.py for tasks to queue
[2025-04-02T20:04:28.249+0000] {logging_mixin.py:190} INFO - [2025-04-02T20:04:28.248+0000] {dagbag.py:588} INFO - Filling up the DagBag from /opt/airflow/dags/create_dag_with_python_operator.py
[2025-04-02T20:04:28.279+0000] {processor.py:925} INFO - DAG(s) 'fist_dag_using_python_operator_v06' retrieved from /opt/airflow/dags/create_dag_with_python_operator.py
[2025-04-02T20:04:28.317+0000] {logging_mixin.py:190} INFO - [2025-04-02T20:04:28.317+0000] {dag.py:3239} INFO - Sync 1 DAGs
[2025-04-02T20:04:28.358+0000] {logging_mixin.py:190} INFO - [2025-04-02T20:04:28.358+0000] {dag.py:4180} INFO - Setting next_dagrun for fist_dag_using_python_operator_v06 to 2025-04-01 00:00:00+00:00, run_after=2025-04-02 00:00:00+00:00
[2025-04-02T20:04:28.391+0000] {processor.py:208} INFO - Processing /opt/airflow/dags/create_dag_with_python_operator.py took 0.152 seconds
[2025-04-02T20:04:59.000+0000] {processor.py:186} INFO - Started process (PID=725) to work on /opt/airflow/dags/create_dag_with_python_operator.py
[2025-04-02T20:04:59.001+0000] {processor.py:914} INFO - Processing file /opt/airflow/dags/create_dag_with_python_operator.py for tasks to queue
[2025-04-02T20:04:59.003+0000] {logging_mixin.py:190} INFO - [2025-04-02T20:04:59.003+0000] {dagbag.py:588} INFO - Filling up the DagBag from /opt/airflow/dags/create_dag_with_python_operator.py
[2025-04-02T20:04:59.044+0000] {processor.py:925} INFO - DAG(s) 'fist_dag_using_python_operator_v06' retrieved from /opt/airflow/dags/create_dag_with_python_operator.py
[2025-04-02T20:04:59.091+0000] {logging_mixin.py:190} INFO - [2025-04-02T20:04:59.091+0000] {dag.py:3239} INFO - Sync 1 DAGs
[2025-04-02T20:04:59.140+0000] {logging_mixin.py:190} INFO - [2025-04-02T20:04:59.140+0000] {dag.py:4180} INFO - Setting next_dagrun for fist_dag_using_python_operator_v06 to 2025-04-01 00:00:00+00:00, run_after=2025-04-02 00:00:00+00:00
[2025-04-02T20:04:59.175+0000] {processor.py:208} INFO - Processing /opt/airflow/dags/create_dag_with_python_operator.py took 0.185 seconds
[2025-04-02T20:05:30.121+0000] {processor.py:186} INFO - Started process (PID=758) to work on /opt/airflow/dags/create_dag_with_python_operator.py
[2025-04-02T20:05:30.122+0000] {processor.py:914} INFO - Processing file /opt/airflow/dags/create_dag_with_python_operator.py for tasks to queue
[2025-04-02T20:05:30.124+0000] {logging_mixin.py:190} INFO - [2025-04-02T20:05:30.124+0000] {dagbag.py:588} INFO - Filling up the DagBag from /opt/airflow/dags/create_dag_with_python_operator.py
[2025-04-02T20:05:30.164+0000] {processor.py:925} INFO - DAG(s) 'fist_dag_using_python_operator_v06' retrieved from /opt/airflow/dags/create_dag_with_python_operator.py
[2025-04-02T20:05:30.213+0000] {logging_mixin.py:190} INFO - [2025-04-02T20:05:30.212+0000] {dag.py:3239} INFO - Sync 1 DAGs
[2025-04-02T20:05:30.251+0000] {logging_mixin.py:190} INFO - [2025-04-02T20:05:30.251+0000] {dag.py:4180} INFO - Setting next_dagrun for fist_dag_using_python_operator_v06 to 2025-04-01 00:00:00+00:00, run_after=2025-04-02 00:00:00+00:00
[2025-04-02T20:05:30.284+0000] {processor.py:208} INFO - Processing /opt/airflow/dags/create_dag_with_python_operator.py took 0.171 seconds
[2025-04-02T20:06:00.973+0000] {processor.py:186} INFO - Started process (PID=786) to work on /opt/airflow/dags/create_dag_with_python_operator.py
[2025-04-02T20:06:00.975+0000] {processor.py:914} INFO - Processing file /opt/airflow/dags/create_dag_with_python_operator.py for tasks to queue
[2025-04-02T20:06:00.978+0000] {logging_mixin.py:190} INFO - [2025-04-02T20:06:00.978+0000] {dagbag.py:588} INFO - Filling up the DagBag from /opt/airflow/dags/create_dag_with_python_operator.py
[2025-04-02T20:06:01.023+0000] {processor.py:925} INFO - DAG(s) 'fist_dag_using_python_operator_v06' retrieved from /opt/airflow/dags/create_dag_with_python_operator.py
[2025-04-02T20:06:01.102+0000] {logging_mixin.py:190} INFO - [2025-04-02T20:06:01.101+0000] {dag.py:3239} INFO - Sync 1 DAGs
[2025-04-02T20:06:01.171+0000] {logging_mixin.py:190} INFO - [2025-04-02T20:06:01.170+0000] {dag.py:4180} INFO - Setting next_dagrun for fist_dag_using_python_operator_v06 to 2025-04-01 00:00:00+00:00, run_after=2025-04-02 00:00:00+00:00
[2025-04-02T20:06:01.230+0000] {processor.py:208} INFO - Processing /opt/airflow/dags/create_dag_with_python_operator.py took 0.275 seconds
[2025-04-02T20:06:31.692+0000] {processor.py:186} INFO - Started process (PID=1043) to work on /opt/airflow/dags/create_dag_with_python_operator.py
[2025-04-02T20:06:31.694+0000] {processor.py:914} INFO - Processing file /opt/airflow/dags/create_dag_with_python_operator.py for tasks to queue
[2025-04-02T20:06:31.697+0000] {logging_mixin.py:190} INFO - [2025-04-02T20:06:31.696+0000] {dagbag.py:588} INFO - Filling up the DagBag from /opt/airflow/dags/create_dag_with_python_operator.py
[2025-04-02T20:06:31.738+0000] {processor.py:925} INFO - DAG(s) 'fist_dag_using_python_operator_v06' retrieved from /opt/airflow/dags/create_dag_with_python_operator.py
[2025-04-02T20:06:31.799+0000] {logging_mixin.py:190} INFO - [2025-04-02T20:06:31.799+0000] {dag.py:3239} INFO - Sync 1 DAGs
[2025-04-02T20:06:31.898+0000] {logging_mixin.py:190} INFO - [2025-04-02T20:06:31.897+0000] {dag.py:4180} INFO - Setting next_dagrun for fist_dag_using_python_operator_v06 to 2025-04-01 00:00:00+00:00, run_after=2025-04-02 00:00:00+00:00
[2025-04-02T20:06:31.981+0000] {processor.py:208} INFO - Processing /opt/airflow/dags/create_dag_with_python_operator.py took 0.313 seconds
[2025-04-02T20:07:02.235+0000] {processor.py:186} INFO - Started process (PID=1069) to work on /opt/airflow/dags/create_dag_with_python_operator.py
[2025-04-02T20:07:02.237+0000] {processor.py:914} INFO - Processing file /opt/airflow/dags/create_dag_with_python_operator.py for tasks to queue
[2025-04-02T20:07:02.240+0000] {logging_mixin.py:190} INFO - [2025-04-02T20:07:02.239+0000] {dagbag.py:588} INFO - Filling up the DagBag from /opt/airflow/dags/create_dag_with_python_operator.py
[2025-04-02T20:07:02.299+0000] {processor.py:925} INFO - DAG(s) 'fist_dag_using_python_operator_v06' retrieved from /opt/airflow/dags/create_dag_with_python_operator.py
[2025-04-02T20:07:02.364+0000] {logging_mixin.py:190} INFO - [2025-04-02T20:07:02.363+0000] {dag.py:3239} INFO - Sync 1 DAGs
[2025-04-02T20:07:02.419+0000] {logging_mixin.py:190} INFO - [2025-04-02T20:07:02.419+0000] {dag.py:4180} INFO - Setting next_dagrun for fist_dag_using_python_operator_v06 to 2025-04-01 00:00:00+00:00, run_after=2025-04-02 00:00:00+00:00
[2025-04-02T20:07:02.474+0000] {processor.py:208} INFO - Processing /opt/airflow/dags/create_dag_with_python_operator.py took 0.250 seconds
[2025-04-02T20:07:32.750+0000] {processor.py:186} INFO - Started process (PID=1095) to work on /opt/airflow/dags/create_dag_with_python_operator.py
[2025-04-02T20:07:32.751+0000] {processor.py:914} INFO - Processing file /opt/airflow/dags/create_dag_with_python_operator.py for tasks to queue
[2025-04-02T20:07:32.754+0000] {logging_mixin.py:190} INFO - [2025-04-02T20:07:32.753+0000] {dagbag.py:588} INFO - Filling up the DagBag from /opt/airflow/dags/create_dag_with_python_operator.py
[2025-04-02T20:07:32.788+0000] {processor.py:925} INFO - DAG(s) 'fist_dag_using_python_operator_v06' retrieved from /opt/airflow/dags/create_dag_with_python_operator.py
[2025-04-02T20:07:32.825+0000] {logging_mixin.py:190} INFO - [2025-04-02T20:07:32.824+0000] {dag.py:3239} INFO - Sync 1 DAGs
[2025-04-02T20:07:32.871+0000] {logging_mixin.py:190} INFO - [2025-04-02T20:07:32.870+0000] {dag.py:4180} INFO - Setting next_dagrun for fist_dag_using_python_operator_v06 to 2025-04-01 00:00:00+00:00, run_after=2025-04-02 00:00:00+00:00
[2025-04-02T20:07:32.906+0000] {processor.py:208} INFO - Processing /opt/airflow/dags/create_dag_with_python_operator.py took 0.169 seconds
[2025-04-02T20:08:03.783+0000] {processor.py:186} INFO - Started process (PID=1122) to work on /opt/airflow/dags/create_dag_with_python_operator.py
[2025-04-02T20:08:03.785+0000] {processor.py:914} INFO - Processing file /opt/airflow/dags/create_dag_with_python_operator.py for tasks to queue
[2025-04-02T20:08:03.788+0000] {logging_mixin.py:190} INFO - [2025-04-02T20:08:03.787+0000] {dagbag.py:588} INFO - Filling up the DagBag from /opt/airflow/dags/create_dag_with_python_operator.py
[2025-04-02T20:08:03.832+0000] {processor.py:925} INFO - DAG(s) 'fist_dag_using_python_operator_v06' retrieved from /opt/airflow/dags/create_dag_with_python_operator.py
[2025-04-02T20:08:03.885+0000] {logging_mixin.py:190} INFO - [2025-04-02T20:08:03.885+0000] {dag.py:3239} INFO - Sync 1 DAGs
[2025-04-02T20:08:03.928+0000] {logging_mixin.py:190} INFO - [2025-04-02T20:08:03.928+0000] {dag.py:4180} INFO - Setting next_dagrun for fist_dag_using_python_operator_v06 to 2025-04-01 00:00:00+00:00, run_after=2025-04-02 00:00:00+00:00
[2025-04-02T20:08:03.965+0000] {processor.py:208} INFO - Processing /opt/airflow/dags/create_dag_with_python_operator.py took 0.192 seconds
[2025-04-02T20:08:34.687+0000] {processor.py:186} INFO - Started process (PID=1148) to work on /opt/airflow/dags/create_dag_with_python_operator.py
[2025-04-02T20:08:34.689+0000] {processor.py:914} INFO - Processing file /opt/airflow/dags/create_dag_with_python_operator.py for tasks to queue
[2025-04-02T20:08:34.693+0000] {logging_mixin.py:190} INFO - [2025-04-02T20:08:34.692+0000] {dagbag.py:588} INFO - Filling up the DagBag from /opt/airflow/dags/create_dag_with_python_operator.py
[2025-04-02T20:08:34.733+0000] {processor.py:925} INFO - DAG(s) 'fist_dag_using_python_operator_v06' retrieved from /opt/airflow/dags/create_dag_with_python_operator.py
[2025-04-02T20:08:34.778+0000] {logging_mixin.py:190} INFO - [2025-04-02T20:08:34.777+0000] {dag.py:3239} INFO - Sync 1 DAGs
[2025-04-02T20:08:34.820+0000] {logging_mixin.py:190} INFO - [2025-04-02T20:08:34.820+0000] {dag.py:4180} INFO - Setting next_dagrun for fist_dag_using_python_operator_v06 to 2025-04-01 00:00:00+00:00, run_after=2025-04-02 00:00:00+00:00
[2025-04-02T20:08:34.861+0000] {processor.py:208} INFO - Processing /opt/airflow/dags/create_dag_with_python_operator.py took 0.186 seconds
[2025-04-02T20:09:05.562+0000] {processor.py:186} INFO - Started process (PID=1174) to work on /opt/airflow/dags/create_dag_with_python_operator.py
[2025-04-02T20:09:05.564+0000] {processor.py:914} INFO - Processing file /opt/airflow/dags/create_dag_with_python_operator.py for tasks to queue
[2025-04-02T20:09:05.567+0000] {logging_mixin.py:190} INFO - [2025-04-02T20:09:05.566+0000] {dagbag.py:588} INFO - Filling up the DagBag from /opt/airflow/dags/create_dag_with_python_operator.py
[2025-04-02T20:09:05.607+0000] {processor.py:925} INFO - DAG(s) 'fist_dag_using_python_operator_v06' retrieved from /opt/airflow/dags/create_dag_with_python_operator.py
[2025-04-02T20:09:05.651+0000] {logging_mixin.py:190} INFO - [2025-04-02T20:09:05.650+0000] {dag.py:3239} INFO - Sync 1 DAGs
[2025-04-02T20:09:05.703+0000] {logging_mixin.py:190} INFO - [2025-04-02T20:09:05.702+0000] {dag.py:4180} INFO - Setting next_dagrun for fist_dag_using_python_operator_v06 to 2025-04-01 00:00:00+00:00, run_after=2025-04-02 00:00:00+00:00
[2025-04-02T20:09:05.744+0000] {processor.py:208} INFO - Processing /opt/airflow/dags/create_dag_with_python_operator.py took 0.190 seconds
[2025-04-02T20:09:36.432+0000] {processor.py:186} INFO - Started process (PID=1200) to work on /opt/airflow/dags/create_dag_with_python_operator.py
[2025-04-02T20:09:36.434+0000] {processor.py:914} INFO - Processing file /opt/airflow/dags/create_dag_with_python_operator.py for tasks to queue
[2025-04-02T20:09:36.438+0000] {logging_mixin.py:190} INFO - [2025-04-02T20:09:36.437+0000] {dagbag.py:588} INFO - Filling up the DagBag from /opt/airflow/dags/create_dag_with_python_operator.py
[2025-04-02T20:09:36.502+0000] {processor.py:925} INFO - DAG(s) 'fist_dag_using_python_operator_v06' retrieved from /opt/airflow/dags/create_dag_with_python_operator.py
[2025-04-02T20:09:36.583+0000] {logging_mixin.py:190} INFO - [2025-04-02T20:09:36.583+0000] {dag.py:3239} INFO - Sync 1 DAGs
[2025-04-02T20:09:36.625+0000] {logging_mixin.py:190} INFO - [2025-04-02T20:09:36.624+0000] {dag.py:4180} INFO - Setting next_dagrun for fist_dag_using_python_operator_v06 to 2025-04-01 00:00:00+00:00, run_after=2025-04-02 00:00:00+00:00
[2025-04-02T20:09:36.666+0000] {processor.py:208} INFO - Processing /opt/airflow/dags/create_dag_with_python_operator.py took 0.247 seconds
[2025-04-02T20:10:07.436+0000] {processor.py:186} INFO - Started process (PID=1226) to work on /opt/airflow/dags/create_dag_with_python_operator.py
[2025-04-02T20:10:07.438+0000] {processor.py:914} INFO - Processing file /opt/airflow/dags/create_dag_with_python_operator.py for tasks to queue
[2025-04-02T20:10:07.441+0000] {logging_mixin.py:190} INFO - [2025-04-02T20:10:07.441+0000] {dagbag.py:588} INFO - Filling up the DagBag from /opt/airflow/dags/create_dag_with_python_operator.py
[2025-04-02T20:10:07.484+0000] {processor.py:925} INFO - DAG(s) 'fist_dag_using_python_operator_v06' retrieved from /opt/airflow/dags/create_dag_with_python_operator.py
[2025-04-02T20:10:07.539+0000] {logging_mixin.py:190} INFO - [2025-04-02T20:10:07.539+0000] {dag.py:3239} INFO - Sync 1 DAGs
[2025-04-02T20:10:07.613+0000] {logging_mixin.py:190} INFO - [2025-04-02T20:10:07.612+0000] {dag.py:4180} INFO - Setting next_dagrun for fist_dag_using_python_operator_v06 to 2025-04-01 00:00:00+00:00, run_after=2025-04-02 00:00:00+00:00
[2025-04-02T20:10:07.687+0000] {processor.py:208} INFO - Processing /opt/airflow/dags/create_dag_with_python_operator.py took 0.261 seconds
[2025-04-02T20:10:38.327+0000] {processor.py:186} INFO - Started process (PID=1252) to work on /opt/airflow/dags/create_dag_with_python_operator.py
[2025-04-02T20:10:38.329+0000] {processor.py:914} INFO - Processing file /opt/airflow/dags/create_dag_with_python_operator.py for tasks to queue
[2025-04-02T20:10:38.331+0000] {logging_mixin.py:190} INFO - [2025-04-02T20:10:38.331+0000] {dagbag.py:588} INFO - Filling up the DagBag from /opt/airflow/dags/create_dag_with_python_operator.py
[2025-04-02T20:10:38.364+0000] {processor.py:925} INFO - DAG(s) 'fist_dag_using_python_operator_v06' retrieved from /opt/airflow/dags/create_dag_with_python_operator.py
[2025-04-02T20:10:38.411+0000] {logging_mixin.py:190} INFO - [2025-04-02T20:10:38.411+0000] {dag.py:3239} INFO - Sync 1 DAGs
[2025-04-02T20:10:38.461+0000] {logging_mixin.py:190} INFO - [2025-04-02T20:10:38.460+0000] {dag.py:4180} INFO - Setting next_dagrun for fist_dag_using_python_operator_v06 to 2025-04-01 00:00:00+00:00, run_after=2025-04-02 00:00:00+00:00
[2025-04-02T20:10:38.503+0000] {processor.py:208} INFO - Processing /opt/airflow/dags/create_dag_with_python_operator.py took 0.186 seconds
[2025-04-02T20:11:09.130+0000] {processor.py:186} INFO - Started process (PID=1278) to work on /opt/airflow/dags/create_dag_with_python_operator.py
[2025-04-02T20:11:09.132+0000] {processor.py:914} INFO - Processing file /opt/airflow/dags/create_dag_with_python_operator.py for tasks to queue
[2025-04-02T20:11:09.135+0000] {logging_mixin.py:190} INFO - [2025-04-02T20:11:09.134+0000] {dagbag.py:588} INFO - Filling up the DagBag from /opt/airflow/dags/create_dag_with_python_operator.py
[2025-04-02T20:11:09.185+0000] {processor.py:925} INFO - DAG(s) 'fist_dag_using_python_operator_v06' retrieved from /opt/airflow/dags/create_dag_with_python_operator.py
[2025-04-02T20:11:09.253+0000] {logging_mixin.py:190} INFO - [2025-04-02T20:11:09.253+0000] {dag.py:3239} INFO - Sync 1 DAGs
[2025-04-02T20:11:09.308+0000] {logging_mixin.py:190} INFO - [2025-04-02T20:11:09.307+0000] {dag.py:4180} INFO - Setting next_dagrun for fist_dag_using_python_operator_v06 to 2025-04-01 00:00:00+00:00, run_after=2025-04-02 00:00:00+00:00
[2025-04-02T20:11:09.354+0000] {processor.py:208} INFO - Processing /opt/airflow/dags/create_dag_with_python_operator.py took 0.234 seconds
[2025-04-02T20:11:39.515+0000] {processor.py:186} INFO - Started process (PID=1304) to work on /opt/airflow/dags/create_dag_with_python_operator.py
[2025-04-02T20:11:39.517+0000] {processor.py:914} INFO - Processing file /opt/airflow/dags/create_dag_with_python_operator.py for tasks to queue
[2025-04-02T20:11:39.520+0000] {logging_mixin.py:190} INFO - [2025-04-02T20:11:39.520+0000] {dagbag.py:588} INFO - Filling up the DagBag from /opt/airflow/dags/create_dag_with_python_operator.py
[2025-04-02T20:11:39.568+0000] {processor.py:925} INFO - DAG(s) 'fist_dag_using_python_operator_v06' retrieved from /opt/airflow/dags/create_dag_with_python_operator.py
[2025-04-02T20:11:39.656+0000] {logging_mixin.py:190} INFO - [2025-04-02T20:11:39.656+0000] {dag.py:3239} INFO - Sync 1 DAGs
[2025-04-02T20:11:39.735+0000] {logging_mixin.py:190} INFO - [2025-04-02T20:11:39.734+0000] {dag.py:4180} INFO - Setting next_dagrun for fist_dag_using_python_operator_v06 to 2025-04-01 00:00:00+00:00, run_after=2025-04-02 00:00:00+00:00
[2025-04-02T20:11:39.818+0000] {processor.py:208} INFO - Processing /opt/airflow/dags/create_dag_with_python_operator.py took 0.321 seconds
[2025-04-02T20:12:09.970+0000] {processor.py:186} INFO - Started process (PID=1340) to work on /opt/airflow/dags/create_dag_with_python_operator.py
[2025-04-02T20:12:09.972+0000] {processor.py:914} INFO - Processing file /opt/airflow/dags/create_dag_with_python_operator.py for tasks to queue
[2025-04-02T20:12:09.975+0000] {logging_mixin.py:190} INFO - [2025-04-02T20:12:09.974+0000] {dagbag.py:588} INFO - Filling up the DagBag from /opt/airflow/dags/create_dag_with_python_operator.py
[2025-04-02T20:12:10.008+0000] {processor.py:925} INFO - DAG(s) 'fist_dag_using_python_operator_v06' retrieved from /opt/airflow/dags/create_dag_with_python_operator.py
[2025-04-02T20:12:10.048+0000] {logging_mixin.py:190} INFO - [2025-04-02T20:12:10.048+0000] {dag.py:3239} INFO - Sync 1 DAGs
[2025-04-02T20:12:10.084+0000] {logging_mixin.py:190} INFO - [2025-04-02T20:12:10.084+0000] {dag.py:4180} INFO - Setting next_dagrun for fist_dag_using_python_operator_v06 to 2025-04-01 00:00:00+00:00, run_after=2025-04-02 00:00:00+00:00
[2025-04-02T20:12:10.120+0000] {processor.py:208} INFO - Processing /opt/airflow/dags/create_dag_with_python_operator.py took 0.159 seconds
