[2024-12-17T01:30:55.164+0000] {local_task_job_runner.py:123} INFO - ::group::Pre task execution logs
[2024-12-17T01:30:55.401+0000] {taskinstance.py:2613} INFO - Dependencies all met for dep_context=non-requeueable deps ti=<TaskInstance: fist_dag_v5.second_task scheduled__2024-12-15T00:00:00+00:00 [queued]>
[2024-12-17T01:30:55.618+0000] {taskinstance.py:2613} INFO - Dependencies all met for dep_context=requeueable deps ti=<TaskInstance: fist_dag_v5.second_task scheduled__2024-12-15T00:00:00+00:00 [queued]>
[2024-12-17T01:30:55.629+0000] {taskinstance.py:2866} INFO - Starting attempt 1 of 6
[2024-12-17T01:30:55.964+0000] {taskinstance.py:2889} INFO - Executing <Task(BashOperator): second_task> on 2024-12-15 00:00:00+00:00
[2024-12-17T01:30:56.055+0000] {standard_task_runner.py:104} INFO - Running: ['***', 'tasks', 'run', 'fist_dag_v5', 'second_task', 'scheduled__2024-12-15T00:00:00+00:00', '--job-id', '117', '--raw', '--subdir', 'DAGS_FOLDER/first_dag.py', '--cfg-path', '/tmp/tmpalchp5n2']
[2024-12-17T01:30:56.096+0000] {standard_task_runner.py:105} INFO - Job 117: Subtask second_task
[2024-12-17T01:30:56.124+0000] {logging_mixin.py:190} WARNING - /home/***/.local/lib/python3.12/site-packages/***/task/task_runner/standard_task_runner.py:70 DeprecationWarning: This process (pid=294) is multi-threaded, use of fork() may lead to deadlocks in the child.
[2024-12-17T01:30:56.162+0000] {standard_task_runner.py:72} INFO - Started process 314 to run task
[2024-12-17T01:30:56.770+0000] {task_command.py:467} INFO - Running <TaskInstance: fist_dag_v5.second_task scheduled__2024-12-15T00:00:00+00:00 [running]> on host ba06481f48a9
[2024-12-17T01:30:57.547+0000] {taskinstance.py:3132} INFO - Exporting env vars: AIRFLOW_CTX_DAG_OWNER='coder2j' AIRFLOW_CTX_DAG_ID='fist_dag_v5' AIRFLOW_CTX_TASK_ID='second_task' AIRFLOW_CTX_EXECUTION_DATE='2024-12-15T00:00:00+00:00' AIRFLOW_CTX_TRY_NUMBER='1' AIRFLOW_CTX_DAG_RUN_ID='scheduled__2024-12-15T00:00:00+00:00'
[2024-12-17T01:30:57.555+0000] {taskinstance.py:731} INFO - ::endgroup::
[2024-12-17T01:30:57.723+0000] {subprocess.py:78} INFO - Tmp dir root location: /tmp
[2024-12-17T01:30:57.756+0000] {subprocess.py:88} INFO - Running command: ['/usr/bin/bash', '-c', 'echo hey, i am task2 and will be running after task1!']
[2024-12-17T01:30:57.837+0000] {subprocess.py:99} INFO - Output:
[2024-12-17T01:30:57.847+0000] {subprocess.py:106} INFO - hey, i am task2 and will be running after task1!
[2024-12-17T01:30:57.860+0000] {subprocess.py:110} INFO - Command exited with return code 0
[2024-12-17T01:30:58.189+0000] {taskinstance.py:340} INFO - ::group::Post task execution logs
[2024-12-17T01:30:58.257+0000] {taskinstance.py:352} INFO - Marking task as SUCCESS. dag_id=fist_dag_v5, task_id=second_task, run_id=scheduled__2024-12-15T00:00:00+00:00, execution_date=20241215T000000, start_date=20241217T013055, end_date=20241217T013058
[2024-12-17T01:30:58.438+0000] {local_task_job_runner.py:266} INFO - Task exited with return code 0
[2024-12-17T01:30:58.485+0000] {local_task_job_runner.py:245} INFO - ::endgroup::
