[2025-05-19T17:53:05.443+0000] {processor.py:186} INFO - Started process (PID=186) to work on /opt/airflow/dags/dag_with_postgres_hooks.py
[2025-05-19T17:53:05.460+0000] {processor.py:914} INFO - Processing file /opt/airflow/dags/dag_with_postgres_hooks.py for tasks to queue
[2025-05-19T17:53:05.485+0000] {logging_mixin.py:190} INFO - [2025-05-19T17:53:05.483+0000] {dagbag.py:588} INFO - Filling up the DagBag from /opt/airflow/dags/dag_with_postgres_hooks.py
[2025-05-19T17:53:05.730+0000] {processor.py:925} INFO - DAG(s) 'dag_with_postgres_hooks_v06' retrieved from /opt/airflow/dags/dag_with_postgres_hooks.py
[2025-05-19T17:53:08.145+0000] {logging_mixin.py:190} INFO - [2025-05-19T17:53:08.142+0000] {dag.py:3239} INFO - Sync 1 DAGs
[2025-05-19T17:53:08.403+0000] {logging_mixin.py:190} INFO - [2025-05-19T17:53:08.402+0000] {dag.py:4180} INFO - Setting next_dagrun for dag_with_postgres_hooks_v06 to 2025-04-20 00:00:00+00:00, run_after=2025-04-21 00:00:00+00:00
[2025-05-19T17:53:08.661+0000] {processor.py:208} INFO - Processing /opt/airflow/dags/dag_with_postgres_hooks.py took 3.295 seconds
[2025-05-19T17:53:39.182+0000] {processor.py:186} INFO - Started process (PID=317) to work on /opt/airflow/dags/dag_with_postgres_hooks.py
[2025-05-19T17:53:39.186+0000] {processor.py:914} INFO - Processing file /opt/airflow/dags/dag_with_postgres_hooks.py for tasks to queue
[2025-05-19T17:53:39.195+0000] {logging_mixin.py:190} INFO - [2025-05-19T17:53:39.193+0000] {dagbag.py:588} INFO - Filling up the DagBag from /opt/airflow/dags/dag_with_postgres_hooks.py
[2025-05-19T17:53:39.289+0000] {processor.py:925} INFO - DAG(s) 'dag_with_postgres_hooks_v06' retrieved from /opt/airflow/dags/dag_with_postgres_hooks.py
[2025-05-19T17:53:39.358+0000] {logging_mixin.py:190} INFO - [2025-05-19T17:53:39.357+0000] {dag.py:3239} INFO - Sync 1 DAGs
[2025-05-19T17:53:39.502+0000] {processor.py:208} INFO - Processing /opt/airflow/dags/dag_with_postgres_hooks.py took 0.345 seconds
[2025-05-19T17:54:09.998+0000] {processor.py:186} INFO - Started process (PID=368) to work on /opt/airflow/dags/dag_with_postgres_hooks.py
[2025-05-19T17:54:10.000+0000] {processor.py:914} INFO - Processing file /opt/airflow/dags/dag_with_postgres_hooks.py for tasks to queue
[2025-05-19T17:54:10.006+0000] {logging_mixin.py:190} INFO - [2025-05-19T17:54:10.006+0000] {dagbag.py:588} INFO - Filling up the DagBag from /opt/airflow/dags/dag_with_postgres_hooks.py
[2025-05-19T17:54:10.056+0000] {processor.py:925} INFO - DAG(s) 'dag_with_postgres_hooks_v06' retrieved from /opt/airflow/dags/dag_with_postgres_hooks.py
[2025-05-19T17:54:10.122+0000] {logging_mixin.py:190} INFO - [2025-05-19T17:54:10.120+0000] {dag.py:3239} INFO - Sync 1 DAGs
[2025-05-19T17:54:10.275+0000] {processor.py:208} INFO - Processing /opt/airflow/dags/dag_with_postgres_hooks.py took 0.291 seconds
[2025-05-19T17:54:40.547+0000] {processor.py:186} INFO - Started process (PID=419) to work on /opt/airflow/dags/dag_with_postgres_hooks.py
[2025-05-19T17:54:40.550+0000] {processor.py:914} INFO - Processing file /opt/airflow/dags/dag_with_postgres_hooks.py for tasks to queue
[2025-05-19T17:54:40.557+0000] {logging_mixin.py:190} INFO - [2025-05-19T17:54:40.556+0000] {dagbag.py:588} INFO - Filling up the DagBag from /opt/airflow/dags/dag_with_postgres_hooks.py
[2025-05-19T17:54:40.621+0000] {processor.py:925} INFO - DAG(s) 'dag_with_postgres_hooks_v06' retrieved from /opt/airflow/dags/dag_with_postgres_hooks.py
[2025-05-19T17:54:40.702+0000] {logging_mixin.py:190} INFO - [2025-05-19T17:54:40.701+0000] {dag.py:3239} INFO - Sync 1 DAGs
[2025-05-19T17:54:40.871+0000] {processor.py:208} INFO - Processing /opt/airflow/dags/dag_with_postgres_hooks.py took 0.339 seconds
[2025-05-19T17:55:11.098+0000] {processor.py:186} INFO - Started process (PID=470) to work on /opt/airflow/dags/dag_with_postgres_hooks.py
[2025-05-19T17:55:11.101+0000] {processor.py:914} INFO - Processing file /opt/airflow/dags/dag_with_postgres_hooks.py for tasks to queue
[2025-05-19T17:55:11.110+0000] {logging_mixin.py:190} INFO - [2025-05-19T17:55:11.109+0000] {dagbag.py:588} INFO - Filling up the DagBag from /opt/airflow/dags/dag_with_postgres_hooks.py
[2025-05-19T17:55:11.163+0000] {processor.py:925} INFO - DAG(s) 'dag_with_postgres_hooks_v06' retrieved from /opt/airflow/dags/dag_with_postgres_hooks.py
[2025-05-19T17:55:11.227+0000] {logging_mixin.py:190} INFO - [2025-05-19T17:55:11.226+0000] {dag.py:3239} INFO - Sync 1 DAGs
[2025-05-19T17:55:11.349+0000] {processor.py:208} INFO - Processing /opt/airflow/dags/dag_with_postgres_hooks.py took 0.264 seconds
[2025-05-19T17:55:41.494+0000] {processor.py:186} INFO - Started process (PID=522) to work on /opt/airflow/dags/dag_with_postgres_hooks.py
[2025-05-19T17:55:41.496+0000] {processor.py:914} INFO - Processing file /opt/airflow/dags/dag_with_postgres_hooks.py for tasks to queue
[2025-05-19T17:55:41.506+0000] {logging_mixin.py:190} INFO - [2025-05-19T17:55:41.504+0000] {dagbag.py:588} INFO - Filling up the DagBag from /opt/airflow/dags/dag_with_postgres_hooks.py
[2025-05-19T17:55:41.562+0000] {processor.py:925} INFO - DAG(s) 'dag_with_postgres_hooks_v06' retrieved from /opt/airflow/dags/dag_with_postgres_hooks.py
[2025-05-19T17:55:41.625+0000] {logging_mixin.py:190} INFO - [2025-05-19T17:55:41.624+0000] {dag.py:3239} INFO - Sync 1 DAGs
[2025-05-19T17:55:41.753+0000] {processor.py:208} INFO - Processing /opt/airflow/dags/dag_with_postgres_hooks.py took 0.274 seconds
[2025-05-19T17:56:12.420+0000] {processor.py:186} INFO - Started process (PID=573) to work on /opt/airflow/dags/dag_with_postgres_hooks.py
[2025-05-19T17:56:12.422+0000] {processor.py:914} INFO - Processing file /opt/airflow/dags/dag_with_postgres_hooks.py for tasks to queue
[2025-05-19T17:56:12.429+0000] {logging_mixin.py:190} INFO - [2025-05-19T17:56:12.428+0000] {dagbag.py:588} INFO - Filling up the DagBag from /opt/airflow/dags/dag_with_postgres_hooks.py
[2025-05-19T17:56:12.471+0000] {processor.py:925} INFO - DAG(s) 'dag_with_postgres_hooks_v06' retrieved from /opt/airflow/dags/dag_with_postgres_hooks.py
[2025-05-19T17:56:12.524+0000] {logging_mixin.py:190} INFO - [2025-05-19T17:56:12.524+0000] {dag.py:3239} INFO - Sync 1 DAGs
[2025-05-19T17:56:12.680+0000] {processor.py:208} INFO - Processing /opt/airflow/dags/dag_with_postgres_hooks.py took 0.272 seconds
[2025-05-19T17:56:43.356+0000] {processor.py:186} INFO - Started process (PID=624) to work on /opt/airflow/dags/dag_with_postgres_hooks.py
[2025-05-19T17:56:43.359+0000] {processor.py:914} INFO - Processing file /opt/airflow/dags/dag_with_postgres_hooks.py for tasks to queue
[2025-05-19T17:56:43.366+0000] {logging_mixin.py:190} INFO - [2025-05-19T17:56:43.365+0000] {dagbag.py:588} INFO - Filling up the DagBag from /opt/airflow/dags/dag_with_postgres_hooks.py
[2025-05-19T17:56:43.422+0000] {processor.py:925} INFO - DAG(s) 'dag_with_postgres_hooks_v06' retrieved from /opt/airflow/dags/dag_with_postgres_hooks.py
[2025-05-19T17:56:43.490+0000] {logging_mixin.py:190} INFO - [2025-05-19T17:56:43.489+0000] {dag.py:3239} INFO - Sync 1 DAGs
[2025-05-19T17:56:43.634+0000] {processor.py:208} INFO - Processing /opt/airflow/dags/dag_with_postgres_hooks.py took 0.292 seconds
[2025-05-19T17:57:14.227+0000] {processor.py:186} INFO - Started process (PID=675) to work on /opt/airflow/dags/dag_with_postgres_hooks.py
[2025-05-19T17:57:14.230+0000] {processor.py:914} INFO - Processing file /opt/airflow/dags/dag_with_postgres_hooks.py for tasks to queue
[2025-05-19T17:57:14.238+0000] {logging_mixin.py:190} INFO - [2025-05-19T17:57:14.237+0000] {dagbag.py:588} INFO - Filling up the DagBag from /opt/airflow/dags/dag_with_postgres_hooks.py
[2025-05-19T17:57:14.310+0000] {processor.py:925} INFO - DAG(s) 'dag_with_postgres_hooks_v06' retrieved from /opt/airflow/dags/dag_with_postgres_hooks.py
[2025-05-19T17:57:14.395+0000] {logging_mixin.py:190} INFO - [2025-05-19T17:57:14.394+0000] {dag.py:3239} INFO - Sync 1 DAGs
[2025-05-19T17:57:14.565+0000] {processor.py:208} INFO - Processing /opt/airflow/dags/dag_with_postgres_hooks.py took 0.356 seconds
[2025-05-19T17:57:44.962+0000] {processor.py:186} INFO - Started process (PID=726) to work on /opt/airflow/dags/dag_with_postgres_hooks.py
[2025-05-19T17:57:44.965+0000] {processor.py:914} INFO - Processing file /opt/airflow/dags/dag_with_postgres_hooks.py for tasks to queue
[2025-05-19T17:57:44.974+0000] {logging_mixin.py:190} INFO - [2025-05-19T17:57:44.973+0000] {dagbag.py:588} INFO - Filling up the DagBag from /opt/airflow/dags/dag_with_postgres_hooks.py
[2025-05-19T17:57:45.048+0000] {processor.py:925} INFO - DAG(s) 'dag_with_postgres_hooks_v06' retrieved from /opt/airflow/dags/dag_with_postgres_hooks.py
[2025-05-19T17:57:45.108+0000] {logging_mixin.py:190} INFO - [2025-05-19T17:57:45.107+0000] {dag.py:3239} INFO - Sync 1 DAGs
[2025-05-19T17:57:45.239+0000] {processor.py:208} INFO - Processing /opt/airflow/dags/dag_with_postgres_hooks.py took 0.300 seconds
[2025-05-19T17:58:15.557+0000] {processor.py:186} INFO - Started process (PID=777) to work on /opt/airflow/dags/dag_with_postgres_hooks.py
[2025-05-19T17:58:15.560+0000] {processor.py:914} INFO - Processing file /opt/airflow/dags/dag_with_postgres_hooks.py for tasks to queue
[2025-05-19T17:58:15.567+0000] {logging_mixin.py:190} INFO - [2025-05-19T17:58:15.566+0000] {dagbag.py:588} INFO - Filling up the DagBag from /opt/airflow/dags/dag_with_postgres_hooks.py
[2025-05-19T17:58:15.625+0000] {processor.py:925} INFO - DAG(s) 'dag_with_postgres_hooks_v06' retrieved from /opt/airflow/dags/dag_with_postgres_hooks.py
[2025-05-19T17:58:15.702+0000] {logging_mixin.py:190} INFO - [2025-05-19T17:58:15.701+0000] {dag.py:3239} INFO - Sync 1 DAGs
[2025-05-19T17:58:15.840+0000] {processor.py:208} INFO - Processing /opt/airflow/dags/dag_with_postgres_hooks.py took 0.299 seconds
[2025-05-19T17:58:46.683+0000] {processor.py:186} INFO - Started process (PID=904) to work on /opt/airflow/dags/dag_with_postgres_hooks.py
[2025-05-19T17:58:46.690+0000] {processor.py:914} INFO - Processing file /opt/airflow/dags/dag_with_postgres_hooks.py for tasks to queue
[2025-05-19T17:58:46.738+0000] {logging_mixin.py:190} INFO - [2025-05-19T17:58:46.737+0000] {dagbag.py:588} INFO - Filling up the DagBag from /opt/airflow/dags/dag_with_postgres_hooks.py
[2025-05-19T17:58:46.831+0000] {processor.py:925} INFO - DAG(s) 'dag_with_postgres_hooks_v06' retrieved from /opt/airflow/dags/dag_with_postgres_hooks.py
[2025-05-19T17:58:46.953+0000] {logging_mixin.py:190} INFO - [2025-05-19T17:58:46.952+0000] {dag.py:3239} INFO - Sync 1 DAGs
[2025-05-19T17:58:47.191+0000] {processor.py:208} INFO - Processing /opt/airflow/dags/dag_with_postgres_hooks.py took 0.610 seconds
[2025-05-19T17:59:17.570+0000] {processor.py:186} INFO - Started process (PID=966) to work on /opt/airflow/dags/dag_with_postgres_hooks.py
[2025-05-19T17:59:17.574+0000] {processor.py:914} INFO - Processing file /opt/airflow/dags/dag_with_postgres_hooks.py for tasks to queue
[2025-05-19T17:59:17.582+0000] {logging_mixin.py:190} INFO - [2025-05-19T17:59:17.581+0000] {dagbag.py:588} INFO - Filling up the DagBag from /opt/airflow/dags/dag_with_postgres_hooks.py
[2025-05-19T17:59:17.643+0000] {processor.py:925} INFO - DAG(s) 'dag_with_postgres_hooks_v06' retrieved from /opt/airflow/dags/dag_with_postgres_hooks.py
[2025-05-19T17:59:17.715+0000] {logging_mixin.py:190} INFO - [2025-05-19T17:59:17.714+0000] {dag.py:3239} INFO - Sync 1 DAGs
[2025-05-19T17:59:17.872+0000] {processor.py:208} INFO - Processing /opt/airflow/dags/dag_with_postgres_hooks.py took 0.324 seconds
[2025-05-19T17:59:48.672+0000] {processor.py:186} INFO - Started process (PID=1024) to work on /opt/airflow/dags/dag_with_postgres_hooks.py
[2025-05-19T17:59:48.675+0000] {processor.py:914} INFO - Processing file /opt/airflow/dags/dag_with_postgres_hooks.py for tasks to queue
[2025-05-19T17:59:48.684+0000] {logging_mixin.py:190} INFO - [2025-05-19T17:59:48.683+0000] {dagbag.py:588} INFO - Filling up the DagBag from /opt/airflow/dags/dag_with_postgres_hooks.py
[2025-05-19T17:59:48.751+0000] {processor.py:925} INFO - DAG(s) 'dag_with_postgres_hooks_v06' retrieved from /opt/airflow/dags/dag_with_postgres_hooks.py
[2025-05-19T17:59:48.833+0000] {logging_mixin.py:190} INFO - [2025-05-19T17:59:48.832+0000] {dag.py:3239} INFO - Sync 1 DAGs
[2025-05-19T17:59:48.994+0000] {processor.py:208} INFO - Processing /opt/airflow/dags/dag_with_postgres_hooks.py took 0.346 seconds
[2025-05-19T18:00:19.716+0000] {processor.py:186} INFO - Started process (PID=1076) to work on /opt/airflow/dags/dag_with_postgres_hooks.py
[2025-05-19T18:00:19.719+0000] {processor.py:914} INFO - Processing file /opt/airflow/dags/dag_with_postgres_hooks.py for tasks to queue
[2025-05-19T18:00:19.727+0000] {logging_mixin.py:190} INFO - [2025-05-19T18:00:19.726+0000] {dagbag.py:588} INFO - Filling up the DagBag from /opt/airflow/dags/dag_with_postgres_hooks.py
[2025-05-19T18:00:19.793+0000] {processor.py:925} INFO - DAG(s) 'dag_with_postgres_hooks_v06' retrieved from /opt/airflow/dags/dag_with_postgres_hooks.py
[2025-05-19T18:00:19.888+0000] {logging_mixin.py:190} INFO - [2025-05-19T18:00:19.887+0000] {dag.py:3239} INFO - Sync 1 DAGs
[2025-05-19T18:00:20.081+0000] {processor.py:208} INFO - Processing /opt/airflow/dags/dag_with_postgres_hooks.py took 0.385 seconds
[2025-05-19T18:00:50.796+0000] {processor.py:186} INFO - Started process (PID=1127) to work on /opt/airflow/dags/dag_with_postgres_hooks.py
[2025-05-19T18:00:50.801+0000] {processor.py:914} INFO - Processing file /opt/airflow/dags/dag_with_postgres_hooks.py for tasks to queue
[2025-05-19T18:00:50.815+0000] {logging_mixin.py:190} INFO - [2025-05-19T18:00:50.813+0000] {dagbag.py:588} INFO - Filling up the DagBag from /opt/airflow/dags/dag_with_postgres_hooks.py
[2025-05-19T18:00:50.906+0000] {processor.py:925} INFO - DAG(s) 'dag_with_postgres_hooks_v06' retrieved from /opt/airflow/dags/dag_with_postgres_hooks.py
[2025-05-19T18:00:51.014+0000] {logging_mixin.py:190} INFO - [2025-05-19T18:00:51.012+0000] {dag.py:3239} INFO - Sync 1 DAGs
[2025-05-19T18:00:51.232+0000] {processor.py:208} INFO - Processing /opt/airflow/dags/dag_with_postgres_hooks.py took 0.475 seconds
[2025-05-19T18:01:21.806+0000] {processor.py:186} INFO - Started process (PID=1178) to work on /opt/airflow/dags/dag_with_postgres_hooks.py
[2025-05-19T18:01:21.809+0000] {processor.py:914} INFO - Processing file /opt/airflow/dags/dag_with_postgres_hooks.py for tasks to queue
[2025-05-19T18:01:21.815+0000] {logging_mixin.py:190} INFO - [2025-05-19T18:01:21.815+0000] {dagbag.py:588} INFO - Filling up the DagBag from /opt/airflow/dags/dag_with_postgres_hooks.py
[2025-05-19T18:01:21.869+0000] {processor.py:925} INFO - DAG(s) 'dag_with_postgres_hooks_v06' retrieved from /opt/airflow/dags/dag_with_postgres_hooks.py
[2025-05-19T18:01:21.934+0000] {logging_mixin.py:190} INFO - [2025-05-19T18:01:21.933+0000] {dag.py:3239} INFO - Sync 1 DAGs
[2025-05-19T18:01:22.051+0000] {processor.py:208} INFO - Processing /opt/airflow/dags/dag_with_postgres_hooks.py took 0.258 seconds
[2025-05-19T18:01:52.580+0000] {processor.py:186} INFO - Started process (PID=1229) to work on /opt/airflow/dags/dag_with_postgres_hooks.py
[2025-05-19T18:01:52.583+0000] {processor.py:914} INFO - Processing file /opt/airflow/dags/dag_with_postgres_hooks.py for tasks to queue
[2025-05-19T18:01:52.590+0000] {logging_mixin.py:190} INFO - [2025-05-19T18:01:52.589+0000] {dagbag.py:588} INFO - Filling up the DagBag from /opt/airflow/dags/dag_with_postgres_hooks.py
[2025-05-19T18:01:52.642+0000] {processor.py:925} INFO - DAG(s) 'dag_with_postgres_hooks_v06' retrieved from /opt/airflow/dags/dag_with_postgres_hooks.py
[2025-05-19T18:01:52.702+0000] {logging_mixin.py:190} INFO - [2025-05-19T18:01:52.701+0000] {dag.py:3239} INFO - Sync 1 DAGs
[2025-05-19T18:01:52.825+0000] {processor.py:208} INFO - Processing /opt/airflow/dags/dag_with_postgres_hooks.py took 0.262 seconds
[2025-05-19T18:02:23.138+0000] {processor.py:186} INFO - Started process (PID=1280) to work on /opt/airflow/dags/dag_with_postgres_hooks.py
[2025-05-19T18:02:23.142+0000] {processor.py:914} INFO - Processing file /opt/airflow/dags/dag_with_postgres_hooks.py for tasks to queue
[2025-05-19T18:02:23.149+0000] {logging_mixin.py:190} INFO - [2025-05-19T18:02:23.148+0000] {dagbag.py:588} INFO - Filling up the DagBag from /opt/airflow/dags/dag_with_postgres_hooks.py
[2025-05-19T18:02:23.224+0000] {processor.py:925} INFO - DAG(s) 'dag_with_postgres_hooks_v06' retrieved from /opt/airflow/dags/dag_with_postgres_hooks.py
[2025-05-19T18:02:23.313+0000] {logging_mixin.py:190} INFO - [2025-05-19T18:02:23.312+0000] {dag.py:3239} INFO - Sync 1 DAGs
[2025-05-19T18:02:23.505+0000] {processor.py:208} INFO - Processing /opt/airflow/dags/dag_with_postgres_hooks.py took 0.394 seconds
[2025-05-19T18:02:53.904+0000] {processor.py:186} INFO - Started process (PID=1331) to work on /opt/airflow/dags/dag_with_postgres_hooks.py
[2025-05-19T18:02:53.907+0000] {processor.py:914} INFO - Processing file /opt/airflow/dags/dag_with_postgres_hooks.py for tasks to queue
[2025-05-19T18:02:53.916+0000] {logging_mixin.py:190} INFO - [2025-05-19T18:02:53.915+0000] {dagbag.py:588} INFO - Filling up the DagBag from /opt/airflow/dags/dag_with_postgres_hooks.py
[2025-05-19T18:02:53.978+0000] {processor.py:925} INFO - DAG(s) 'dag_with_postgres_hooks_v06' retrieved from /opt/airflow/dags/dag_with_postgres_hooks.py
[2025-05-19T18:02:54.078+0000] {logging_mixin.py:190} INFO - [2025-05-19T18:02:54.077+0000] {dag.py:3239} INFO - Sync 1 DAGs
[2025-05-19T18:02:54.236+0000] {processor.py:208} INFO - Processing /opt/airflow/dags/dag_with_postgres_hooks.py took 0.351 seconds
[2025-05-19T18:03:25.020+0000] {processor.py:186} INFO - Started process (PID=1382) to work on /opt/airflow/dags/dag_with_postgres_hooks.py
[2025-05-19T18:03:25.024+0000] {processor.py:914} INFO - Processing file /opt/airflow/dags/dag_with_postgres_hooks.py for tasks to queue
[2025-05-19T18:03:25.031+0000] {logging_mixin.py:190} INFO - [2025-05-19T18:03:25.030+0000] {dagbag.py:588} INFO - Filling up the DagBag from /opt/airflow/dags/dag_with_postgres_hooks.py
[2025-05-19T18:03:25.089+0000] {processor.py:925} INFO - DAG(s) 'dag_with_postgres_hooks_v06' retrieved from /opt/airflow/dags/dag_with_postgres_hooks.py
[2025-05-19T18:03:25.154+0000] {logging_mixin.py:190} INFO - [2025-05-19T18:03:25.153+0000] {dag.py:3239} INFO - Sync 1 DAGs
[2025-05-19T18:03:25.289+0000] {processor.py:208} INFO - Processing /opt/airflow/dags/dag_with_postgres_hooks.py took 0.285 seconds
[2025-05-19T18:03:56.143+0000] {processor.py:186} INFO - Started process (PID=1475) to work on /opt/airflow/dags/dag_with_postgres_hooks.py
[2025-05-19T18:03:56.177+0000] {processor.py:914} INFO - Processing file /opt/airflow/dags/dag_with_postgres_hooks.py for tasks to queue
[2025-05-19T18:03:56.212+0000] {logging_mixin.py:190} INFO - [2025-05-19T18:03:56.211+0000] {dagbag.py:588} INFO - Filling up the DagBag from /opt/airflow/dags/dag_with_postgres_hooks.py
[2025-05-19T18:03:56.608+0000] {processor.py:925} INFO - DAG(s) 'dag_with_postgres_hooks_v06' retrieved from /opt/airflow/dags/dag_with_postgres_hooks.py
[2025-05-19T18:03:56.830+0000] {logging_mixin.py:190} INFO - [2025-05-19T18:03:56.829+0000] {dag.py:3239} INFO - Sync 1 DAGs
[2025-05-19T18:03:57.332+0000] {processor.py:208} INFO - Processing /opt/airflow/dags/dag_with_postgres_hooks.py took 1.248 seconds
[2025-05-19T18:04:27.756+0000] {processor.py:186} INFO - Started process (PID=1571) to work on /opt/airflow/dags/dag_with_postgres_hooks.py
[2025-05-19T18:04:27.759+0000] {processor.py:914} INFO - Processing file /opt/airflow/dags/dag_with_postgres_hooks.py for tasks to queue
[2025-05-19T18:04:27.766+0000] {logging_mixin.py:190} INFO - [2025-05-19T18:04:27.765+0000] {dagbag.py:588} INFO - Filling up the DagBag from /opt/airflow/dags/dag_with_postgres_hooks.py
[2025-05-19T18:04:27.824+0000] {processor.py:925} INFO - DAG(s) 'dag_with_postgres_hooks_v06' retrieved from /opt/airflow/dags/dag_with_postgres_hooks.py
[2025-05-19T18:04:27.901+0000] {logging_mixin.py:190} INFO - [2025-05-19T18:04:27.900+0000] {dag.py:3239} INFO - Sync 1 DAGs
[2025-05-19T18:04:28.083+0000] {processor.py:208} INFO - Processing /opt/airflow/dags/dag_with_postgres_hooks.py took 0.347 seconds
[2025-05-19T18:04:58.957+0000] {processor.py:186} INFO - Started process (PID=1622) to work on /opt/airflow/dags/dag_with_postgres_hooks.py
[2025-05-19T18:04:58.961+0000] {processor.py:914} INFO - Processing file /opt/airflow/dags/dag_with_postgres_hooks.py for tasks to queue
[2025-05-19T18:04:58.975+0000] {logging_mixin.py:190} INFO - [2025-05-19T18:04:58.973+0000] {dagbag.py:588} INFO - Filling up the DagBag from /opt/airflow/dags/dag_with_postgres_hooks.py
[2025-05-19T18:04:59.037+0000] {processor.py:925} INFO - DAG(s) 'dag_with_postgres_hooks_v06' retrieved from /opt/airflow/dags/dag_with_postgres_hooks.py
[2025-05-19T18:04:59.153+0000] {logging_mixin.py:190} INFO - [2025-05-19T18:04:59.152+0000] {dag.py:3239} INFO - Sync 1 DAGs
[2025-05-19T18:04:59.424+0000] {processor.py:208} INFO - Processing /opt/airflow/dags/dag_with_postgres_hooks.py took 0.490 seconds
[2025-05-19T18:05:29.628+0000] {processor.py:186} INFO - Started process (PID=1673) to work on /opt/airflow/dags/dag_with_postgres_hooks.py
[2025-05-19T18:05:29.631+0000] {processor.py:914} INFO - Processing file /opt/airflow/dags/dag_with_postgres_hooks.py for tasks to queue
[2025-05-19T18:05:29.639+0000] {logging_mixin.py:190} INFO - [2025-05-19T18:05:29.638+0000] {dagbag.py:588} INFO - Filling up the DagBag from /opt/airflow/dags/dag_with_postgres_hooks.py
[2025-05-19T18:05:29.683+0000] {processor.py:925} INFO - DAG(s) 'dag_with_postgres_hooks_v06' retrieved from /opt/airflow/dags/dag_with_postgres_hooks.py
[2025-05-19T18:05:29.736+0000] {logging_mixin.py:190} INFO - [2025-05-19T18:05:29.735+0000] {dag.py:3239} INFO - Sync 1 DAGs
[2025-05-19T18:05:29.853+0000] {processor.py:208} INFO - Processing /opt/airflow/dags/dag_with_postgres_hooks.py took 0.239 seconds
[2025-05-19T18:06:00.510+0000] {processor.py:186} INFO - Started process (PID=1724) to work on /opt/airflow/dags/dag_with_postgres_hooks.py
[2025-05-19T18:06:00.513+0000] {processor.py:914} INFO - Processing file /opt/airflow/dags/dag_with_postgres_hooks.py for tasks to queue
[2025-05-19T18:06:00.520+0000] {logging_mixin.py:190} INFO - [2025-05-19T18:06:00.519+0000] {dagbag.py:588} INFO - Filling up the DagBag from /opt/airflow/dags/dag_with_postgres_hooks.py
[2025-05-19T18:06:00.574+0000] {processor.py:925} INFO - DAG(s) 'dag_with_postgres_hooks_v06' retrieved from /opt/airflow/dags/dag_with_postgres_hooks.py
[2025-05-19T18:06:00.636+0000] {logging_mixin.py:190} INFO - [2025-05-19T18:06:00.636+0000] {dag.py:3239} INFO - Sync 1 DAGs
[2025-05-19T18:06:00.816+0000] {processor.py:208} INFO - Processing /opt/airflow/dags/dag_with_postgres_hooks.py took 0.319 seconds
[2025-05-19T18:06:31.017+0000] {processor.py:186} INFO - Started process (PID=1775) to work on /opt/airflow/dags/dag_with_postgres_hooks.py
[2025-05-19T18:06:31.020+0000] {processor.py:914} INFO - Processing file /opt/airflow/dags/dag_with_postgres_hooks.py for tasks to queue
[2025-05-19T18:06:31.026+0000] {logging_mixin.py:190} INFO - [2025-05-19T18:06:31.025+0000] {dagbag.py:588} INFO - Filling up the DagBag from /opt/airflow/dags/dag_with_postgres_hooks.py
[2025-05-19T18:06:31.088+0000] {processor.py:925} INFO - DAG(s) 'dag_with_postgres_hooks_v06' retrieved from /opt/airflow/dags/dag_with_postgres_hooks.py
[2025-05-19T18:06:31.171+0000] {logging_mixin.py:190} INFO - [2025-05-19T18:06:31.170+0000] {dag.py:3239} INFO - Sync 1 DAGs
[2025-05-19T18:06:31.301+0000] {processor.py:208} INFO - Processing /opt/airflow/dags/dag_with_postgres_hooks.py took 0.301 seconds
[2025-05-19T18:07:01.696+0000] {processor.py:186} INFO - Started process (PID=1826) to work on /opt/airflow/dags/dag_with_postgres_hooks.py
[2025-05-19T18:07:01.700+0000] {processor.py:914} INFO - Processing file /opt/airflow/dags/dag_with_postgres_hooks.py for tasks to queue
[2025-05-19T18:07:01.713+0000] {logging_mixin.py:190} INFO - [2025-05-19T18:07:01.710+0000] {dagbag.py:588} INFO - Filling up the DagBag from /opt/airflow/dags/dag_with_postgres_hooks.py
[2025-05-19T18:07:01.783+0000] {processor.py:925} INFO - DAG(s) 'dag_with_postgres_hooks_v06' retrieved from /opt/airflow/dags/dag_with_postgres_hooks.py
[2025-05-19T18:07:01.873+0000] {logging_mixin.py:190} INFO - [2025-05-19T18:07:01.872+0000] {dag.py:3239} INFO - Sync 1 DAGs
[2025-05-19T18:07:02.068+0000] {processor.py:208} INFO - Processing /opt/airflow/dags/dag_with_postgres_hooks.py took 0.392 seconds
[2025-05-19T18:07:32.534+0000] {processor.py:186} INFO - Started process (PID=1877) to work on /opt/airflow/dags/dag_with_postgres_hooks.py
[2025-05-19T18:07:32.537+0000] {processor.py:914} INFO - Processing file /opt/airflow/dags/dag_with_postgres_hooks.py for tasks to queue
[2025-05-19T18:07:32.546+0000] {logging_mixin.py:190} INFO - [2025-05-19T18:07:32.545+0000] {dagbag.py:588} INFO - Filling up the DagBag from /opt/airflow/dags/dag_with_postgres_hooks.py
[2025-05-19T18:07:32.594+0000] {processor.py:925} INFO - DAG(s) 'dag_with_postgres_hooks_v06' retrieved from /opt/airflow/dags/dag_with_postgres_hooks.py
[2025-05-19T18:07:32.653+0000] {logging_mixin.py:190} INFO - [2025-05-19T18:07:32.653+0000] {dag.py:3239} INFO - Sync 1 DAGs
[2025-05-19T18:07:32.789+0000] {processor.py:208} INFO - Processing /opt/airflow/dags/dag_with_postgres_hooks.py took 0.269 seconds
[2025-05-19T18:08:03.266+0000] {processor.py:186} INFO - Started process (PID=1928) to work on /opt/airflow/dags/dag_with_postgres_hooks.py
[2025-05-19T18:08:03.269+0000] {processor.py:914} INFO - Processing file /opt/airflow/dags/dag_with_postgres_hooks.py for tasks to queue
[2025-05-19T18:08:03.276+0000] {logging_mixin.py:190} INFO - [2025-05-19T18:08:03.275+0000] {dagbag.py:588} INFO - Filling up the DagBag from /opt/airflow/dags/dag_with_postgres_hooks.py
[2025-05-19T18:08:03.320+0000] {processor.py:925} INFO - DAG(s) 'dag_with_postgres_hooks_v06' retrieved from /opt/airflow/dags/dag_with_postgres_hooks.py
[2025-05-19T18:08:03.390+0000] {logging_mixin.py:190} INFO - [2025-05-19T18:08:03.389+0000] {dag.py:3239} INFO - Sync 1 DAGs
[2025-05-19T18:08:03.524+0000] {processor.py:208} INFO - Processing /opt/airflow/dags/dag_with_postgres_hooks.py took 0.273 seconds
[2025-05-19T18:08:33.898+0000] {processor.py:186} INFO - Started process (PID=1979) to work on /opt/airflow/dags/dag_with_postgres_hooks.py
[2025-05-19T18:08:33.901+0000] {processor.py:914} INFO - Processing file /opt/airflow/dags/dag_with_postgres_hooks.py for tasks to queue
[2025-05-19T18:08:33.909+0000] {logging_mixin.py:190} INFO - [2025-05-19T18:08:33.908+0000] {dagbag.py:588} INFO - Filling up the DagBag from /opt/airflow/dags/dag_with_postgres_hooks.py
[2025-05-19T18:08:33.973+0000] {processor.py:925} INFO - DAG(s) 'dag_with_postgres_hooks_v06' retrieved from /opt/airflow/dags/dag_with_postgres_hooks.py
[2025-05-19T18:08:34.063+0000] {logging_mixin.py:190} INFO - [2025-05-19T18:08:34.062+0000] {dag.py:3239} INFO - Sync 1 DAGs
[2025-05-19T18:08:34.330+0000] {processor.py:208} INFO - Processing /opt/airflow/dags/dag_with_postgres_hooks.py took 0.451 seconds
[2025-05-19T18:09:04.765+0000] {processor.py:186} INFO - Started process (PID=2050) to work on /opt/airflow/dags/dag_with_postgres_hooks.py
[2025-05-19T18:09:04.769+0000] {processor.py:914} INFO - Processing file /opt/airflow/dags/dag_with_postgres_hooks.py for tasks to queue
[2025-05-19T18:09:04.783+0000] {logging_mixin.py:190} INFO - [2025-05-19T18:09:04.782+0000] {dagbag.py:588} INFO - Filling up the DagBag from /opt/airflow/dags/dag_with_postgres_hooks.py
[2025-05-19T18:09:04.939+0000] {processor.py:925} INFO - DAG(s) 'dag_with_postgres_hooks_v06' retrieved from /opt/airflow/dags/dag_with_postgres_hooks.py
[2025-05-19T18:09:05.043+0000] {logging_mixin.py:190} INFO - [2025-05-19T18:09:05.042+0000] {dag.py:3239} INFO - Sync 1 DAGs
[2025-05-19T18:09:05.309+0000] {processor.py:208} INFO - Processing /opt/airflow/dags/dag_with_postgres_hooks.py took 0.587 seconds
[2025-05-19T18:09:35.809+0000] {processor.py:186} INFO - Started process (PID=2166) to work on /opt/airflow/dags/dag_with_postgres_hooks.py
[2025-05-19T18:09:35.812+0000] {processor.py:914} INFO - Processing file /opt/airflow/dags/dag_with_postgres_hooks.py for tasks to queue
[2025-05-19T18:09:35.822+0000] {logging_mixin.py:190} INFO - [2025-05-19T18:09:35.820+0000] {dagbag.py:588} INFO - Filling up the DagBag from /opt/airflow/dags/dag_with_postgres_hooks.py
[2025-05-19T18:09:35.907+0000] {processor.py:925} INFO - DAG(s) 'dag_with_postgres_hooks_v06' retrieved from /opt/airflow/dags/dag_with_postgres_hooks.py
[2025-05-19T18:09:36.017+0000] {logging_mixin.py:190} INFO - [2025-05-19T18:09:36.015+0000] {dag.py:3239} INFO - Sync 1 DAGs
[2025-05-19T18:09:36.192+0000] {processor.py:208} INFO - Processing /opt/airflow/dags/dag_with_postgres_hooks.py took 0.402 seconds
[2025-05-19T18:10:06.724+0000] {processor.py:186} INFO - Started process (PID=2217) to work on /opt/airflow/dags/dag_with_postgres_hooks.py
[2025-05-19T18:10:06.728+0000] {processor.py:914} INFO - Processing file /opt/airflow/dags/dag_with_postgres_hooks.py for tasks to queue
[2025-05-19T18:10:06.742+0000] {logging_mixin.py:190} INFO - [2025-05-19T18:10:06.741+0000] {dagbag.py:588} INFO - Filling up the DagBag from /opt/airflow/dags/dag_with_postgres_hooks.py
[2025-05-19T18:10:06.845+0000] {processor.py:925} INFO - DAG(s) 'dag_with_postgres_hooks_v06' retrieved from /opt/airflow/dags/dag_with_postgres_hooks.py
[2025-05-19T18:10:06.977+0000] {logging_mixin.py:190} INFO - [2025-05-19T18:10:06.972+0000] {dag.py:3239} INFO - Sync 1 DAGs
[2025-05-19T18:10:07.206+0000] {processor.py:208} INFO - Processing /opt/airflow/dags/dag_with_postgres_hooks.py took 0.509 seconds
[2025-05-19T18:10:38.069+0000] {processor.py:186} INFO - Started process (PID=2268) to work on /opt/airflow/dags/dag_with_postgres_hooks.py
[2025-05-19T18:10:38.071+0000] {processor.py:914} INFO - Processing file /opt/airflow/dags/dag_with_postgres_hooks.py for tasks to queue
[2025-05-19T18:10:38.076+0000] {logging_mixin.py:190} INFO - [2025-05-19T18:10:38.076+0000] {dagbag.py:588} INFO - Filling up the DagBag from /opt/airflow/dags/dag_with_postgres_hooks.py
[2025-05-19T18:10:38.111+0000] {processor.py:925} INFO - DAG(s) 'dag_with_postgres_hooks_v06' retrieved from /opt/airflow/dags/dag_with_postgres_hooks.py
[2025-05-19T18:10:38.201+0000] {logging_mixin.py:190} INFO - [2025-05-19T18:10:38.200+0000] {dag.py:3239} INFO - Sync 1 DAGs
[2025-05-19T18:10:38.312+0000] {processor.py:208} INFO - Processing /opt/airflow/dags/dag_with_postgres_hooks.py took 0.257 seconds
[2025-05-19T18:11:08.598+0000] {processor.py:186} INFO - Started process (PID=2319) to work on /opt/airflow/dags/dag_with_postgres_hooks.py
[2025-05-19T18:11:08.602+0000] {processor.py:914} INFO - Processing file /opt/airflow/dags/dag_with_postgres_hooks.py for tasks to queue
[2025-05-19T18:11:08.608+0000] {logging_mixin.py:190} INFO - [2025-05-19T18:11:08.607+0000] {dagbag.py:588} INFO - Filling up the DagBag from /opt/airflow/dags/dag_with_postgres_hooks.py
[2025-05-19T18:11:08.652+0000] {processor.py:925} INFO - DAG(s) 'dag_with_postgres_hooks_v06' retrieved from /opt/airflow/dags/dag_with_postgres_hooks.py
[2025-05-19T18:11:08.704+0000] {logging_mixin.py:190} INFO - [2025-05-19T18:11:08.703+0000] {dag.py:3239} INFO - Sync 1 DAGs
[2025-05-19T18:11:08.829+0000] {processor.py:208} INFO - Processing /opt/airflow/dags/dag_with_postgres_hooks.py took 0.249 seconds
[2025-05-19T18:11:39.241+0000] {processor.py:186} INFO - Started process (PID=2370) to work on /opt/airflow/dags/dag_with_postgres_hooks.py
[2025-05-19T18:11:39.244+0000] {processor.py:914} INFO - Processing file /opt/airflow/dags/dag_with_postgres_hooks.py for tasks to queue
[2025-05-19T18:11:39.251+0000] {logging_mixin.py:190} INFO - [2025-05-19T18:11:39.250+0000] {dagbag.py:588} INFO - Filling up the DagBag from /opt/airflow/dags/dag_with_postgres_hooks.py
[2025-05-19T18:11:39.291+0000] {processor.py:925} INFO - DAG(s) 'dag_with_postgres_hooks_v06' retrieved from /opt/airflow/dags/dag_with_postgres_hooks.py
[2025-05-19T18:11:39.330+0000] {logging_mixin.py:190} INFO - [2025-05-19T18:11:39.329+0000] {dag.py:3239} INFO - Sync 1 DAGs
[2025-05-19T18:11:39.400+0000] {processor.py:208} INFO - Processing /opt/airflow/dags/dag_with_postgres_hooks.py took 0.174 seconds
[2025-05-19T18:12:09.513+0000] {processor.py:186} INFO - Started process (PID=2421) to work on /opt/airflow/dags/dag_with_postgres_hooks.py
[2025-05-19T18:12:09.514+0000] {processor.py:914} INFO - Processing file /opt/airflow/dags/dag_with_postgres_hooks.py for tasks to queue
[2025-05-19T18:12:09.518+0000] {logging_mixin.py:190} INFO - [2025-05-19T18:12:09.518+0000] {dagbag.py:588} INFO - Filling up the DagBag from /opt/airflow/dags/dag_with_postgres_hooks.py
[2025-05-19T18:12:09.552+0000] {processor.py:925} INFO - DAG(s) 'dag_with_postgres_hooks_v06' retrieved from /opt/airflow/dags/dag_with_postgres_hooks.py
[2025-05-19T18:12:09.593+0000] {logging_mixin.py:190} INFO - [2025-05-19T18:12:09.592+0000] {dag.py:3239} INFO - Sync 1 DAGs
[2025-05-19T18:12:09.657+0000] {processor.py:208} INFO - Processing /opt/airflow/dags/dag_with_postgres_hooks.py took 0.153 seconds
[2025-05-19T18:12:40.087+0000] {processor.py:186} INFO - Started process (PID=2472) to work on /opt/airflow/dags/dag_with_postgres_hooks.py
[2025-05-19T18:12:40.089+0000] {processor.py:914} INFO - Processing file /opt/airflow/dags/dag_with_postgres_hooks.py for tasks to queue
[2025-05-19T18:12:40.095+0000] {logging_mixin.py:190} INFO - [2025-05-19T18:12:40.095+0000] {dagbag.py:588} INFO - Filling up the DagBag from /opt/airflow/dags/dag_with_postgres_hooks.py
[2025-05-19T18:12:40.135+0000] {processor.py:925} INFO - DAG(s) 'dag_with_postgres_hooks_v06' retrieved from /opt/airflow/dags/dag_with_postgres_hooks.py
[2025-05-19T18:12:40.179+0000] {logging_mixin.py:190} INFO - [2025-05-19T18:12:40.179+0000] {dag.py:3239} INFO - Sync 1 DAGs
[2025-05-19T18:12:40.265+0000] {processor.py:208} INFO - Processing /opt/airflow/dags/dag_with_postgres_hooks.py took 0.187 seconds
[2025-05-19T18:13:10.540+0000] {processor.py:186} INFO - Started process (PID=2523) to work on /opt/airflow/dags/dag_with_postgres_hooks.py
[2025-05-19T18:13:10.543+0000] {processor.py:914} INFO - Processing file /opt/airflow/dags/dag_with_postgres_hooks.py for tasks to queue
[2025-05-19T18:13:10.549+0000] {logging_mixin.py:190} INFO - [2025-05-19T18:13:10.548+0000] {dagbag.py:588} INFO - Filling up the DagBag from /opt/airflow/dags/dag_with_postgres_hooks.py
[2025-05-19T18:13:10.590+0000] {processor.py:925} INFO - DAG(s) 'dag_with_postgres_hooks_v06' retrieved from /opt/airflow/dags/dag_with_postgres_hooks.py
[2025-05-19T18:13:10.649+0000] {logging_mixin.py:190} INFO - [2025-05-19T18:13:10.649+0000] {dag.py:3239} INFO - Sync 1 DAGs
[2025-05-19T18:13:10.784+0000] {processor.py:208} INFO - Processing /opt/airflow/dags/dag_with_postgres_hooks.py took 0.257 seconds
[2025-05-19T18:13:41.056+0000] {processor.py:186} INFO - Started process (PID=2574) to work on /opt/airflow/dags/dag_with_postgres_hooks.py
[2025-05-19T18:13:41.058+0000] {processor.py:914} INFO - Processing file /opt/airflow/dags/dag_with_postgres_hooks.py for tasks to queue
[2025-05-19T18:13:41.064+0000] {logging_mixin.py:190} INFO - [2025-05-19T18:13:41.064+0000] {dagbag.py:588} INFO - Filling up the DagBag from /opt/airflow/dags/dag_with_postgres_hooks.py
[2025-05-19T18:13:41.105+0000] {processor.py:925} INFO - DAG(s) 'dag_with_postgres_hooks_v06' retrieved from /opt/airflow/dags/dag_with_postgres_hooks.py
[2025-05-19T18:13:41.154+0000] {logging_mixin.py:190} INFO - [2025-05-19T18:13:41.154+0000] {dag.py:3239} INFO - Sync 1 DAGs
[2025-05-19T18:13:41.232+0000] {processor.py:208} INFO - Processing /opt/airflow/dags/dag_with_postgres_hooks.py took 0.186 seconds
[2025-05-19T18:14:11.645+0000] {processor.py:186} INFO - Started process (PID=2639) to work on /opt/airflow/dags/dag_with_postgres_hooks.py
[2025-05-19T18:14:11.648+0000] {processor.py:914} INFO - Processing file /opt/airflow/dags/dag_with_postgres_hooks.py for tasks to queue
[2025-05-19T18:14:11.652+0000] {logging_mixin.py:190} INFO - [2025-05-19T18:14:11.652+0000] {dagbag.py:588} INFO - Filling up the DagBag from /opt/airflow/dags/dag_with_postgres_hooks.py
[2025-05-19T18:14:11.699+0000] {processor.py:925} INFO - DAG(s) 'dag_with_postgres_hooks_v06' retrieved from /opt/airflow/dags/dag_with_postgres_hooks.py
[2025-05-19T18:14:11.759+0000] {logging_mixin.py:190} INFO - [2025-05-19T18:14:11.758+0000] {dag.py:3239} INFO - Sync 1 DAGs
[2025-05-19T18:14:11.862+0000] {processor.py:208} INFO - Processing /opt/airflow/dags/dag_with_postgres_hooks.py took 0.231 seconds
[2025-05-19T18:14:42.534+0000] {processor.py:186} INFO - Started process (PID=2762) to work on /opt/airflow/dags/dag_with_postgres_hooks.py
[2025-05-19T18:14:42.536+0000] {processor.py:914} INFO - Processing file /opt/airflow/dags/dag_with_postgres_hooks.py for tasks to queue
[2025-05-19T18:14:42.540+0000] {logging_mixin.py:190} INFO - [2025-05-19T18:14:42.539+0000] {dagbag.py:588} INFO - Filling up the DagBag from /opt/airflow/dags/dag_with_postgres_hooks.py
[2025-05-19T18:14:42.572+0000] {processor.py:925} INFO - DAG(s) 'dag_with_postgres_hooks_v06' retrieved from /opt/airflow/dags/dag_with_postgres_hooks.py
[2025-05-19T18:14:42.611+0000] {logging_mixin.py:190} INFO - [2025-05-19T18:14:42.611+0000] {dag.py:3239} INFO - Sync 1 DAGs
[2025-05-19T18:14:42.683+0000] {processor.py:208} INFO - Processing /opt/airflow/dags/dag_with_postgres_hooks.py took 0.159 seconds
[2025-05-19T18:15:12.990+0000] {processor.py:186} INFO - Started process (PID=2813) to work on /opt/airflow/dags/dag_with_postgres_hooks.py
[2025-05-19T18:15:12.992+0000] {processor.py:914} INFO - Processing file /opt/airflow/dags/dag_with_postgres_hooks.py for tasks to queue
[2025-05-19T18:15:12.996+0000] {logging_mixin.py:190} INFO - [2025-05-19T18:15:12.996+0000] {dagbag.py:588} INFO - Filling up the DagBag from /opt/airflow/dags/dag_with_postgres_hooks.py
[2025-05-19T18:15:13.029+0000] {processor.py:925} INFO - DAG(s) 'dag_with_postgres_hooks_v06' retrieved from /opt/airflow/dags/dag_with_postgres_hooks.py
[2025-05-19T18:15:13.069+0000] {logging_mixin.py:190} INFO - [2025-05-19T18:15:13.068+0000] {dag.py:3239} INFO - Sync 1 DAGs
[2025-05-19T18:15:13.164+0000] {processor.py:208} INFO - Processing /opt/airflow/dags/dag_with_postgres_hooks.py took 0.182 seconds
[2025-05-19T18:15:43.358+0000] {processor.py:186} INFO - Started process (PID=2864) to work on /opt/airflow/dags/dag_with_postgres_hooks.py
[2025-05-19T18:15:43.360+0000] {processor.py:914} INFO - Processing file /opt/airflow/dags/dag_with_postgres_hooks.py for tasks to queue
[2025-05-19T18:15:43.365+0000] {logging_mixin.py:190} INFO - [2025-05-19T18:15:43.365+0000] {dagbag.py:588} INFO - Filling up the DagBag from /opt/airflow/dags/dag_with_postgres_hooks.py
[2025-05-19T18:15:43.404+0000] {processor.py:925} INFO - DAG(s) 'dag_with_postgres_hooks_v06' retrieved from /opt/airflow/dags/dag_with_postgres_hooks.py
[2025-05-19T18:15:43.452+0000] {logging_mixin.py:190} INFO - [2025-05-19T18:15:43.451+0000] {dag.py:3239} INFO - Sync 1 DAGs
[2025-05-19T18:15:43.534+0000] {processor.py:208} INFO - Processing /opt/airflow/dags/dag_with_postgres_hooks.py took 0.186 seconds
[2025-05-19T18:16:14.578+0000] {processor.py:186} INFO - Started process (PID=2915) to work on /opt/airflow/dags/dag_with_postgres_hooks.py
[2025-05-19T18:16:14.581+0000] {processor.py:914} INFO - Processing file /opt/airflow/dags/dag_with_postgres_hooks.py for tasks to queue
[2025-05-19T18:16:14.587+0000] {logging_mixin.py:190} INFO - [2025-05-19T18:16:14.586+0000] {dagbag.py:588} INFO - Filling up the DagBag from /opt/airflow/dags/dag_with_postgres_hooks.py
[2025-05-19T18:16:14.642+0000] {processor.py:925} INFO - DAG(s) 'dag_with_postgres_hooks_v06' retrieved from /opt/airflow/dags/dag_with_postgres_hooks.py
[2025-05-19T18:16:14.706+0000] {logging_mixin.py:190} INFO - [2025-05-19T18:16:14.705+0000] {dag.py:3239} INFO - Sync 1 DAGs
[2025-05-19T18:16:14.837+0000] {processor.py:208} INFO - Processing /opt/airflow/dags/dag_with_postgres_hooks.py took 0.274 seconds
[2025-05-19T18:16:45.286+0000] {processor.py:186} INFO - Started process (PID=2966) to work on /opt/airflow/dags/dag_with_postgres_hooks.py
[2025-05-19T18:16:45.289+0000] {processor.py:914} INFO - Processing file /opt/airflow/dags/dag_with_postgres_hooks.py for tasks to queue
[2025-05-19T18:16:45.295+0000] {logging_mixin.py:190} INFO - [2025-05-19T18:16:45.295+0000] {dagbag.py:588} INFO - Filling up the DagBag from /opt/airflow/dags/dag_with_postgres_hooks.py
[2025-05-19T18:16:45.364+0000] {processor.py:925} INFO - DAG(s) 'dag_with_postgres_hooks_v06' retrieved from /opt/airflow/dags/dag_with_postgres_hooks.py
[2025-05-19T18:16:45.438+0000] {logging_mixin.py:190} INFO - [2025-05-19T18:16:45.437+0000] {dag.py:3239} INFO - Sync 1 DAGs
[2025-05-19T18:16:45.551+0000] {processor.py:208} INFO - Processing /opt/airflow/dags/dag_with_postgres_hooks.py took 0.280 seconds
[2025-05-19T18:17:15.965+0000] {processor.py:186} INFO - Started process (PID=3017) to work on /opt/airflow/dags/dag_with_postgres_hooks.py
[2025-05-19T18:17:15.971+0000] {processor.py:914} INFO - Processing file /opt/airflow/dags/dag_with_postgres_hooks.py for tasks to queue
[2025-05-19T18:17:15.979+0000] {logging_mixin.py:190} INFO - [2025-05-19T18:17:15.978+0000] {dagbag.py:588} INFO - Filling up the DagBag from /opt/airflow/dags/dag_with_postgres_hooks.py
[2025-05-19T18:17:16.030+0000] {processor.py:925} INFO - DAG(s) 'dag_with_postgres_hooks_v06' retrieved from /opt/airflow/dags/dag_with_postgres_hooks.py
[2025-05-19T18:17:16.083+0000] {logging_mixin.py:190} INFO - [2025-05-19T18:17:16.082+0000] {dag.py:3239} INFO - Sync 1 DAGs
[2025-05-19T18:17:16.175+0000] {processor.py:208} INFO - Processing /opt/airflow/dags/dag_with_postgres_hooks.py took 0.231 seconds
[2025-05-19T18:17:46.429+0000] {processor.py:186} INFO - Started process (PID=3068) to work on /opt/airflow/dags/dag_with_postgres_hooks.py
[2025-05-19T18:17:46.431+0000] {processor.py:914} INFO - Processing file /opt/airflow/dags/dag_with_postgres_hooks.py for tasks to queue
[2025-05-19T18:17:46.437+0000] {logging_mixin.py:190} INFO - [2025-05-19T18:17:46.436+0000] {dagbag.py:588} INFO - Filling up the DagBag from /opt/airflow/dags/dag_with_postgres_hooks.py
[2025-05-19T18:17:46.482+0000] {processor.py:925} INFO - DAG(s) 'dag_with_postgres_hooks_v06' retrieved from /opt/airflow/dags/dag_with_postgres_hooks.py
[2025-05-19T18:17:46.548+0000] {logging_mixin.py:190} INFO - [2025-05-19T18:17:46.547+0000] {dag.py:3239} INFO - Sync 1 DAGs
[2025-05-19T18:17:46.800+0000] {processor.py:208} INFO - Processing /opt/airflow/dags/dag_with_postgres_hooks.py took 0.381 seconds
[2025-05-19T18:18:18.381+0000] {processor.py:186} INFO - Started process (PID=3119) to work on /opt/airflow/dags/dag_with_postgres_hooks.py
[2025-05-19T18:18:18.384+0000] {processor.py:914} INFO - Processing file /opt/airflow/dags/dag_with_postgres_hooks.py for tasks to queue
[2025-05-19T18:18:18.402+0000] {logging_mixin.py:190} INFO - [2025-05-19T18:18:18.401+0000] {dagbag.py:588} INFO - Filling up the DagBag from /opt/airflow/dags/dag_with_postgres_hooks.py
[2025-05-19T18:18:18.525+0000] {processor.py:925} INFO - DAG(s) 'dag_with_postgres_hooks_v06' retrieved from /opt/airflow/dags/dag_with_postgres_hooks.py
[2025-05-19T18:18:18.698+0000] {logging_mixin.py:190} INFO - [2025-05-19T18:18:18.697+0000] {dag.py:3239} INFO - Sync 1 DAGs
[2025-05-19T18:18:19.125+0000] {processor.py:208} INFO - Processing /opt/airflow/dags/dag_with_postgres_hooks.py took 0.779 seconds
[2025-05-19T18:18:49.392+0000] {processor.py:186} INFO - Started process (PID=3170) to work on /opt/airflow/dags/dag_with_postgres_hooks.py
[2025-05-19T18:18:49.394+0000] {processor.py:914} INFO - Processing file /opt/airflow/dags/dag_with_postgres_hooks.py for tasks to queue
[2025-05-19T18:18:49.400+0000] {logging_mixin.py:190} INFO - [2025-05-19T18:18:49.399+0000] {dagbag.py:588} INFO - Filling up the DagBag from /opt/airflow/dags/dag_with_postgres_hooks.py
[2025-05-19T18:18:49.447+0000] {processor.py:925} INFO - DAG(s) 'dag_with_postgres_hooks_v06' retrieved from /opt/airflow/dags/dag_with_postgres_hooks.py
[2025-05-19T18:18:49.504+0000] {logging_mixin.py:190} INFO - [2025-05-19T18:18:49.503+0000] {dag.py:3239} INFO - Sync 1 DAGs
[2025-05-19T18:18:49.655+0000] {processor.py:208} INFO - Processing /opt/airflow/dags/dag_with_postgres_hooks.py took 0.274 seconds
[2025-05-19T18:19:20.483+0000] {processor.py:186} INFO - Started process (PID=3237) to work on /opt/airflow/dags/dag_with_postgres_hooks.py
[2025-05-19T18:19:20.485+0000] {processor.py:914} INFO - Processing file /opt/airflow/dags/dag_with_postgres_hooks.py for tasks to queue
[2025-05-19T18:19:20.489+0000] {logging_mixin.py:190} INFO - [2025-05-19T18:19:20.489+0000] {dagbag.py:588} INFO - Filling up the DagBag from /opt/airflow/dags/dag_with_postgres_hooks.py
[2025-05-19T18:19:20.535+0000] {processor.py:925} INFO - DAG(s) 'dag_with_postgres_hooks_v06' retrieved from /opt/airflow/dags/dag_with_postgres_hooks.py
[2025-05-19T18:19:20.606+0000] {logging_mixin.py:190} INFO - [2025-05-19T18:19:20.602+0000] {dag.py:3239} INFO - Sync 1 DAGs
[2025-05-19T18:19:20.678+0000] {logging_mixin.py:190} INFO - [2025-05-19T18:19:20.677+0000] {dag.py:4180} INFO - Setting next_dagrun for dag_with_postgres_hooks_v06 to 2025-04-29 00:00:00+00:00, run_after=2025-04-30 00:00:00+00:00
[2025-05-19T18:19:20.727+0000] {processor.py:208} INFO - Processing /opt/airflow/dags/dag_with_postgres_hooks.py took 0.259 seconds
[2025-05-19T18:19:50.945+0000] {processor.py:186} INFO - Started process (PID=3363) to work on /opt/airflow/dags/dag_with_postgres_hooks.py
[2025-05-19T18:19:50.947+0000] {processor.py:914} INFO - Processing file /opt/airflow/dags/dag_with_postgres_hooks.py for tasks to queue
[2025-05-19T18:19:50.951+0000] {logging_mixin.py:190} INFO - [2025-05-19T18:19:50.950+0000] {dagbag.py:588} INFO - Filling up the DagBag from /opt/airflow/dags/dag_with_postgres_hooks.py
[2025-05-19T18:19:50.993+0000] {processor.py:925} INFO - DAG(s) 'dag_with_postgres_hooks_v06' retrieved from /opt/airflow/dags/dag_with_postgres_hooks.py
[2025-05-19T18:19:51.059+0000] {logging_mixin.py:190} INFO - [2025-05-19T18:19:51.058+0000] {dag.py:3239} INFO - Sync 1 DAGs
[2025-05-19T18:19:51.128+0000] {logging_mixin.py:190} INFO - [2025-05-19T18:19:51.127+0000] {dag.py:4180} INFO - Setting next_dagrun for dag_with_postgres_hooks_v06 to 2025-04-30 00:00:00+00:00, run_after=2025-05-01 00:00:00+00:00
[2025-05-19T18:19:51.180+0000] {processor.py:208} INFO - Processing /opt/airflow/dags/dag_with_postgres_hooks.py took 0.247 seconds
[2025-05-19T18:20:21.493+0000] {processor.py:186} INFO - Started process (PID=3489) to work on /opt/airflow/dags/dag_with_postgres_hooks.py
[2025-05-19T18:20:21.495+0000] {processor.py:914} INFO - Processing file /opt/airflow/dags/dag_with_postgres_hooks.py for tasks to queue
[2025-05-19T18:20:21.502+0000] {logging_mixin.py:190} INFO - [2025-05-19T18:20:21.502+0000] {dagbag.py:588} INFO - Filling up the DagBag from /opt/airflow/dags/dag_with_postgres_hooks.py
[2025-05-19T18:20:21.551+0000] {processor.py:925} INFO - DAG(s) 'dag_with_postgres_hooks_v06' retrieved from /opt/airflow/dags/dag_with_postgres_hooks.py
[2025-05-19T18:20:21.609+0000] {logging_mixin.py:190} INFO - [2025-05-19T18:20:21.608+0000] {dag.py:3239} INFO - Sync 1 DAGs
[2025-05-19T18:20:21.729+0000] {processor.py:208} INFO - Processing /opt/airflow/dags/dag_with_postgres_hooks.py took 0.253 seconds
[2025-05-19T18:20:52.010+0000] {processor.py:186} INFO - Started process (PID=3540) to work on /opt/airflow/dags/dag_with_postgres_hooks.py
[2025-05-19T18:20:52.012+0000] {processor.py:914} INFO - Processing file /opt/airflow/dags/dag_with_postgres_hooks.py for tasks to queue
[2025-05-19T18:20:52.018+0000] {logging_mixin.py:190} INFO - [2025-05-19T18:20:52.017+0000] {dagbag.py:588} INFO - Filling up the DagBag from /opt/airflow/dags/dag_with_postgres_hooks.py
[2025-05-19T18:20:52.054+0000] {processor.py:925} INFO - DAG(s) 'dag_with_postgres_hooks_v06' retrieved from /opt/airflow/dags/dag_with_postgres_hooks.py
[2025-05-19T18:20:52.101+0000] {logging_mixin.py:190} INFO - [2025-05-19T18:20:52.100+0000] {dag.py:3239} INFO - Sync 1 DAGs
[2025-05-19T18:20:52.189+0000] {processor.py:208} INFO - Processing /opt/airflow/dags/dag_with_postgres_hooks.py took 0.189 seconds
[2025-05-19T18:21:22.459+0000] {processor.py:186} INFO - Started process (PID=3591) to work on /opt/airflow/dags/dag_with_postgres_hooks.py
[2025-05-19T18:21:22.462+0000] {processor.py:914} INFO - Processing file /opt/airflow/dags/dag_with_postgres_hooks.py for tasks to queue
[2025-05-19T18:21:22.468+0000] {logging_mixin.py:190} INFO - [2025-05-19T18:21:22.467+0000] {dagbag.py:588} INFO - Filling up the DagBag from /opt/airflow/dags/dag_with_postgres_hooks.py
[2025-05-19T18:21:22.515+0000] {processor.py:925} INFO - DAG(s) 'dag_with_postgres_hooks_v06' retrieved from /opt/airflow/dags/dag_with_postgres_hooks.py
[2025-05-19T18:21:22.570+0000] {logging_mixin.py:190} INFO - [2025-05-19T18:21:22.569+0000] {dag.py:3239} INFO - Sync 1 DAGs
[2025-05-19T18:21:22.690+0000] {processor.py:208} INFO - Processing /opt/airflow/dags/dag_with_postgres_hooks.py took 0.250 seconds
[2025-05-19T18:21:52.920+0000] {processor.py:186} INFO - Started process (PID=3648) to work on /opt/airflow/dags/dag_with_postgres_hooks.py
[2025-05-19T18:21:52.922+0000] {processor.py:914} INFO - Processing file /opt/airflow/dags/dag_with_postgres_hooks.py for tasks to queue
[2025-05-19T18:21:52.926+0000] {logging_mixin.py:190} INFO - [2025-05-19T18:21:52.926+0000] {dagbag.py:588} INFO - Filling up the DagBag from /opt/airflow/dags/dag_with_postgres_hooks.py
[2025-05-19T18:21:52.965+0000] {processor.py:925} INFO - DAG(s) 'dag_with_postgres_hooks_v06' retrieved from /opt/airflow/dags/dag_with_postgres_hooks.py
[2025-05-19T18:21:53.004+0000] {logging_mixin.py:190} INFO - [2025-05-19T18:21:53.004+0000] {dag.py:3239} INFO - Sync 1 DAGs
[2025-05-19T18:21:53.086+0000] {processor.py:208} INFO - Processing /opt/airflow/dags/dag_with_postgres_hooks.py took 0.176 seconds
[2025-05-19T18:22:23.452+0000] {processor.py:186} INFO - Started process (PID=3699) to work on /opt/airflow/dags/dag_with_postgres_hooks.py
[2025-05-19T18:22:23.455+0000] {processor.py:914} INFO - Processing file /opt/airflow/dags/dag_with_postgres_hooks.py for tasks to queue
[2025-05-19T18:22:23.460+0000] {logging_mixin.py:190} INFO - [2025-05-19T18:22:23.459+0000] {dagbag.py:588} INFO - Filling up the DagBag from /opt/airflow/dags/dag_with_postgres_hooks.py
[2025-05-19T18:22:23.506+0000] {processor.py:925} INFO - DAG(s) 'dag_with_postgres_hooks_v06' retrieved from /opt/airflow/dags/dag_with_postgres_hooks.py
[2025-05-19T18:22:23.557+0000] {logging_mixin.py:190} INFO - [2025-05-19T18:22:23.556+0000] {dag.py:3239} INFO - Sync 1 DAGs
[2025-05-19T18:22:23.638+0000] {processor.py:208} INFO - Processing /opt/airflow/dags/dag_with_postgres_hooks.py took 0.198 seconds
[2025-05-19T18:22:54.136+0000] {processor.py:186} INFO - Started process (PID=3750) to work on /opt/airflow/dags/dag_with_postgres_hooks.py
[2025-05-19T18:22:54.138+0000] {processor.py:914} INFO - Processing file /opt/airflow/dags/dag_with_postgres_hooks.py for tasks to queue
[2025-05-19T18:22:54.144+0000] {logging_mixin.py:190} INFO - [2025-05-19T18:22:54.144+0000] {dagbag.py:588} INFO - Filling up the DagBag from /opt/airflow/dags/dag_with_postgres_hooks.py
[2025-05-19T18:22:54.187+0000] {processor.py:925} INFO - DAG(s) 'dag_with_postgres_hooks_v06' retrieved from /opt/airflow/dags/dag_with_postgres_hooks.py
[2025-05-19T18:22:54.243+0000] {logging_mixin.py:190} INFO - [2025-05-19T18:22:54.242+0000] {dag.py:3239} INFO - Sync 1 DAGs
[2025-05-19T18:22:54.352+0000] {processor.py:208} INFO - Processing /opt/airflow/dags/dag_with_postgres_hooks.py took 0.239 seconds
[2025-05-19T18:23:24.945+0000] {processor.py:186} INFO - Started process (PID=3801) to work on /opt/airflow/dags/dag_with_postgres_hooks.py
[2025-05-19T18:23:24.947+0000] {processor.py:914} INFO - Processing file /opt/airflow/dags/dag_with_postgres_hooks.py for tasks to queue
[2025-05-19T18:23:24.951+0000] {logging_mixin.py:190} INFO - [2025-05-19T18:23:24.950+0000] {dagbag.py:588} INFO - Filling up the DagBag from /opt/airflow/dags/dag_with_postgres_hooks.py
[2025-05-19T18:23:24.985+0000] {processor.py:925} INFO - DAG(s) 'dag_with_postgres_hooks_v06' retrieved from /opt/airflow/dags/dag_with_postgres_hooks.py
[2025-05-19T18:23:25.039+0000] {logging_mixin.py:190} INFO - [2025-05-19T18:23:25.038+0000] {dag.py:3239} INFO - Sync 1 DAGs
[2025-05-19T18:23:25.122+0000] {processor.py:208} INFO - Processing /opt/airflow/dags/dag_with_postgres_hooks.py took 0.185 seconds
[2025-05-19T18:23:55.317+0000] {processor.py:186} INFO - Started process (PID=3852) to work on /opt/airflow/dags/dag_with_postgres_hooks.py
[2025-05-19T18:23:55.318+0000] {processor.py:914} INFO - Processing file /opt/airflow/dags/dag_with_postgres_hooks.py for tasks to queue
[2025-05-19T18:23:55.322+0000] {logging_mixin.py:190} INFO - [2025-05-19T18:23:55.321+0000] {dagbag.py:588} INFO - Filling up the DagBag from /opt/airflow/dags/dag_with_postgres_hooks.py
[2025-05-19T18:23:55.350+0000] {processor.py:925} INFO - DAG(s) 'dag_with_postgres_hooks_v06' retrieved from /opt/airflow/dags/dag_with_postgres_hooks.py
[2025-05-19T18:23:55.391+0000] {logging_mixin.py:190} INFO - [2025-05-19T18:23:55.391+0000] {dag.py:3239} INFO - Sync 1 DAGs
[2025-05-19T18:23:55.466+0000] {processor.py:208} INFO - Processing /opt/airflow/dags/dag_with_postgres_hooks.py took 0.157 seconds
[2025-05-19T18:24:25.643+0000] {processor.py:186} INFO - Started process (PID=3903) to work on /opt/airflow/dags/dag_with_postgres_hooks.py
[2025-05-19T18:24:25.645+0000] {processor.py:914} INFO - Processing file /opt/airflow/dags/dag_with_postgres_hooks.py for tasks to queue
[2025-05-19T18:24:25.651+0000] {logging_mixin.py:190} INFO - [2025-05-19T18:24:25.650+0000] {dagbag.py:588} INFO - Filling up the DagBag from /opt/airflow/dags/dag_with_postgres_hooks.py
[2025-05-19T18:24:25.694+0000] {processor.py:925} INFO - DAG(s) 'dag_with_postgres_hooks_v06' retrieved from /opt/airflow/dags/dag_with_postgres_hooks.py
[2025-05-19T18:24:25.741+0000] {logging_mixin.py:190} INFO - [2025-05-19T18:24:25.740+0000] {dag.py:3239} INFO - Sync 1 DAGs
[2025-05-19T18:24:25.849+0000] {processor.py:208} INFO - Processing /opt/airflow/dags/dag_with_postgres_hooks.py took 0.217 seconds
[2025-05-19T18:24:56.010+0000] {processor.py:186} INFO - Started process (PID=3959) to work on /opt/airflow/dags/dag_with_postgres_hooks.py
[2025-05-19T18:24:56.012+0000] {processor.py:914} INFO - Processing file /opt/airflow/dags/dag_with_postgres_hooks.py for tasks to queue
[2025-05-19T18:24:56.017+0000] {logging_mixin.py:190} INFO - [2025-05-19T18:24:56.016+0000] {dagbag.py:588} INFO - Filling up the DagBag from /opt/airflow/dags/dag_with_postgres_hooks.py
[2025-05-19T18:24:56.054+0000] {processor.py:925} INFO - DAG(s) 'dag_with_postgres_hooks_v06' retrieved from /opt/airflow/dags/dag_with_postgres_hooks.py
[2025-05-19T18:24:56.100+0000] {logging_mixin.py:190} INFO - [2025-05-19T18:24:56.099+0000] {dag.py:3239} INFO - Sync 1 DAGs
[2025-05-19T18:24:56.186+0000] {processor.py:208} INFO - Processing /opt/airflow/dags/dag_with_postgres_hooks.py took 0.184 seconds
[2025-05-19T18:25:26.817+0000] {processor.py:186} INFO - Started process (PID=4077) to work on /opt/airflow/dags/dag_with_postgres_hooks.py
[2025-05-19T18:25:26.820+0000] {processor.py:914} INFO - Processing file /opt/airflow/dags/dag_with_postgres_hooks.py for tasks to queue
[2025-05-19T18:25:26.826+0000] {logging_mixin.py:190} INFO - [2025-05-19T18:25:26.825+0000] {dagbag.py:588} INFO - Filling up the DagBag from /opt/airflow/dags/dag_with_postgres_hooks.py
[2025-05-19T18:25:26.884+0000] {processor.py:925} INFO - DAG(s) 'dag_with_postgres_hooks_v06' retrieved from /opt/airflow/dags/dag_with_postgres_hooks.py
[2025-05-19T18:25:26.956+0000] {logging_mixin.py:190} INFO - [2025-05-19T18:25:26.955+0000] {dag.py:3239} INFO - Sync 1 DAGs
[2025-05-19T18:25:27.154+0000] {processor.py:208} INFO - Processing /opt/airflow/dags/dag_with_postgres_hooks.py took 0.351 seconds
[2025-05-19T18:25:57.599+0000] {processor.py:186} INFO - Started process (PID=4137) to work on /opt/airflow/dags/dag_with_postgres_hooks.py
[2025-05-19T18:25:57.603+0000] {processor.py:914} INFO - Processing file /opt/airflow/dags/dag_with_postgres_hooks.py for tasks to queue
[2025-05-19T18:25:57.611+0000] {logging_mixin.py:190} INFO - [2025-05-19T18:25:57.610+0000] {dagbag.py:588} INFO - Filling up the DagBag from /opt/airflow/dags/dag_with_postgres_hooks.py
[2025-05-19T18:25:57.673+0000] {processor.py:925} INFO - DAG(s) 'dag_with_postgres_hooks_v06' retrieved from /opt/airflow/dags/dag_with_postgres_hooks.py
[2025-05-19T18:25:57.750+0000] {logging_mixin.py:190} INFO - [2025-05-19T18:25:57.750+0000] {dag.py:3239} INFO - Sync 1 DAGs
[2025-05-19T18:25:57.898+0000] {processor.py:208} INFO - Processing /opt/airflow/dags/dag_with_postgres_hooks.py took 0.317 seconds
[2025-05-19T18:26:28.213+0000] {processor.py:186} INFO - Started process (PID=4188) to work on /opt/airflow/dags/dag_with_postgres_hooks.py
[2025-05-19T18:26:28.215+0000] {processor.py:914} INFO - Processing file /opt/airflow/dags/dag_with_postgres_hooks.py for tasks to queue
[2025-05-19T18:26:28.222+0000] {logging_mixin.py:190} INFO - [2025-05-19T18:26:28.221+0000] {dagbag.py:588} INFO - Filling up the DagBag from /opt/airflow/dags/dag_with_postgres_hooks.py
[2025-05-19T18:26:28.265+0000] {processor.py:925} INFO - DAG(s) 'dag_with_postgres_hooks_v06' retrieved from /opt/airflow/dags/dag_with_postgres_hooks.py
[2025-05-19T18:26:28.317+0000] {logging_mixin.py:190} INFO - [2025-05-19T18:26:28.316+0000] {dag.py:3239} INFO - Sync 1 DAGs
[2025-05-19T18:26:28.431+0000] {processor.py:208} INFO - Processing /opt/airflow/dags/dag_with_postgres_hooks.py took 0.230 seconds
[2025-05-19T18:26:58.923+0000] {processor.py:186} INFO - Started process (PID=4239) to work on /opt/airflow/dags/dag_with_postgres_hooks.py
[2025-05-19T18:26:58.927+0000] {processor.py:914} INFO - Processing file /opt/airflow/dags/dag_with_postgres_hooks.py for tasks to queue
[2025-05-19T18:26:58.935+0000] {logging_mixin.py:190} INFO - [2025-05-19T18:26:58.933+0000] {dagbag.py:588} INFO - Filling up the DagBag from /opt/airflow/dags/dag_with_postgres_hooks.py
[2025-05-19T18:26:59.034+0000] {processor.py:925} INFO - DAG(s) 'dag_with_postgres_hooks_v06' retrieved from /opt/airflow/dags/dag_with_postgres_hooks.py
[2025-05-19T18:26:59.121+0000] {logging_mixin.py:190} INFO - [2025-05-19T18:26:59.121+0000] {dag.py:3239} INFO - Sync 1 DAGs
[2025-05-19T18:26:59.310+0000] {processor.py:208} INFO - Processing /opt/airflow/dags/dag_with_postgres_hooks.py took 0.415 seconds
[2025-05-19T18:27:29.996+0000] {processor.py:186} INFO - Started process (PID=4290) to work on /opt/airflow/dags/dag_with_postgres_hooks.py
[2025-05-19T18:27:29.998+0000] {processor.py:914} INFO - Processing file /opt/airflow/dags/dag_with_postgres_hooks.py for tasks to queue
[2025-05-19T18:27:30.005+0000] {logging_mixin.py:190} INFO - [2025-05-19T18:27:30.004+0000] {dagbag.py:588} INFO - Filling up the DagBag from /opt/airflow/dags/dag_with_postgres_hooks.py
[2025-05-19T18:27:30.085+0000] {processor.py:925} INFO - DAG(s) 'dag_with_postgres_hooks_v06' retrieved from /opt/airflow/dags/dag_with_postgres_hooks.py
[2025-05-19T18:27:30.150+0000] {logging_mixin.py:190} INFO - [2025-05-19T18:27:30.149+0000] {dag.py:3239} INFO - Sync 1 DAGs
[2025-05-19T18:27:30.308+0000] {processor.py:208} INFO - Processing /opt/airflow/dags/dag_with_postgres_hooks.py took 0.328 seconds
[2025-05-19T18:28:00.739+0000] {processor.py:186} INFO - Started process (PID=4341) to work on /opt/airflow/dags/dag_with_postgres_hooks.py
[2025-05-19T18:28:00.741+0000] {processor.py:914} INFO - Processing file /opt/airflow/dags/dag_with_postgres_hooks.py for tasks to queue
[2025-05-19T18:28:00.747+0000] {logging_mixin.py:190} INFO - [2025-05-19T18:28:00.747+0000] {dagbag.py:588} INFO - Filling up the DagBag from /opt/airflow/dags/dag_with_postgres_hooks.py
[2025-05-19T18:28:00.789+0000] {processor.py:925} INFO - DAG(s) 'dag_with_postgres_hooks_v06' retrieved from /opt/airflow/dags/dag_with_postgres_hooks.py
[2025-05-19T18:28:00.841+0000] {logging_mixin.py:190} INFO - [2025-05-19T18:28:00.841+0000] {dag.py:3239} INFO - Sync 1 DAGs
[2025-05-19T18:28:00.930+0000] {processor.py:208} INFO - Processing /opt/airflow/dags/dag_with_postgres_hooks.py took 0.202 seconds
[2025-05-19T18:28:31.394+0000] {processor.py:186} INFO - Started process (PID=4392) to work on /opt/airflow/dags/dag_with_postgres_hooks.py
[2025-05-19T18:28:31.396+0000] {processor.py:914} INFO - Processing file /opt/airflow/dags/dag_with_postgres_hooks.py for tasks to queue
[2025-05-19T18:28:31.401+0000] {logging_mixin.py:190} INFO - [2025-05-19T18:28:31.401+0000] {dagbag.py:588} INFO - Filling up the DagBag from /opt/airflow/dags/dag_with_postgres_hooks.py
[2025-05-19T18:28:31.437+0000] {processor.py:925} INFO - DAG(s) 'dag_with_postgres_hooks_v06' retrieved from /opt/airflow/dags/dag_with_postgres_hooks.py
[2025-05-19T18:28:31.481+0000] {logging_mixin.py:190} INFO - [2025-05-19T18:28:31.480+0000] {dag.py:3239} INFO - Sync 1 DAGs
[2025-05-19T18:28:31.568+0000] {processor.py:208} INFO - Processing /opt/airflow/dags/dag_with_postgres_hooks.py took 0.185 seconds
[2025-05-19T18:29:01.810+0000] {processor.py:186} INFO - Started process (PID=4443) to work on /opt/airflow/dags/dag_with_postgres_hooks.py
[2025-05-19T18:29:01.812+0000] {processor.py:914} INFO - Processing file /opt/airflow/dags/dag_with_postgres_hooks.py for tasks to queue
[2025-05-19T18:29:01.816+0000] {logging_mixin.py:190} INFO - [2025-05-19T18:29:01.815+0000] {dagbag.py:588} INFO - Filling up the DagBag from /opt/airflow/dags/dag_with_postgres_hooks.py
[2025-05-19T18:29:01.848+0000] {processor.py:925} INFO - DAG(s) 'dag_with_postgres_hooks_v06' retrieved from /opt/airflow/dags/dag_with_postgres_hooks.py
[2025-05-19T18:29:01.889+0000] {logging_mixin.py:190} INFO - [2025-05-19T18:29:01.889+0000] {dag.py:3239} INFO - Sync 1 DAGs
[2025-05-19T18:29:01.963+0000] {processor.py:208} INFO - Processing /opt/airflow/dags/dag_with_postgres_hooks.py took 0.161 seconds
[2025-05-19T18:29:32.324+0000] {processor.py:186} INFO - Started process (PID=4494) to work on /opt/airflow/dags/dag_with_postgres_hooks.py
[2025-05-19T18:29:32.326+0000] {processor.py:914} INFO - Processing file /opt/airflow/dags/dag_with_postgres_hooks.py for tasks to queue
[2025-05-19T18:29:32.331+0000] {logging_mixin.py:190} INFO - [2025-05-19T18:29:32.330+0000] {dagbag.py:588} INFO - Filling up the DagBag from /opt/airflow/dags/dag_with_postgres_hooks.py
[2025-05-19T18:29:32.369+0000] {processor.py:925} INFO - DAG(s) 'dag_with_postgres_hooks_v06' retrieved from /opt/airflow/dags/dag_with_postgres_hooks.py
[2025-05-19T18:29:32.413+0000] {logging_mixin.py:190} INFO - [2025-05-19T18:29:32.412+0000] {dag.py:3239} INFO - Sync 1 DAGs
[2025-05-19T18:29:32.504+0000] {processor.py:208} INFO - Processing /opt/airflow/dags/dag_with_postgres_hooks.py took 0.188 seconds
[2025-05-19T18:30:02.827+0000] {processor.py:186} INFO - Started process (PID=4550) to work on /opt/airflow/dags/dag_with_postgres_hooks.py
[2025-05-19T18:30:02.828+0000] {processor.py:914} INFO - Processing file /opt/airflow/dags/dag_with_postgres_hooks.py for tasks to queue
[2025-05-19T18:30:02.833+0000] {logging_mixin.py:190} INFO - [2025-05-19T18:30:02.833+0000] {dagbag.py:588} INFO - Filling up the DagBag from /opt/airflow/dags/dag_with_postgres_hooks.py
[2025-05-19T18:30:02.863+0000] {processor.py:925} INFO - DAG(s) 'dag_with_postgres_hooks_v06' retrieved from /opt/airflow/dags/dag_with_postgres_hooks.py
[2025-05-19T18:30:02.899+0000] {logging_mixin.py:190} INFO - [2025-05-19T18:30:02.898+0000] {dag.py:3239} INFO - Sync 1 DAGs
[2025-05-19T18:30:02.971+0000] {processor.py:208} INFO - Processing /opt/airflow/dags/dag_with_postgres_hooks.py took 0.156 seconds
[2025-05-19T18:30:33.452+0000] {processor.py:186} INFO - Started process (PID=4644) to work on /opt/airflow/dags/dag_with_postgres_hooks.py
[2025-05-19T18:30:33.456+0000] {processor.py:914} INFO - Processing file /opt/airflow/dags/dag_with_postgres_hooks.py for tasks to queue
[2025-05-19T18:30:33.465+0000] {logging_mixin.py:190} INFO - [2025-05-19T18:30:33.464+0000] {dagbag.py:588} INFO - Filling up the DagBag from /opt/airflow/dags/dag_with_postgres_hooks.py
[2025-05-19T18:30:33.529+0000] {processor.py:925} INFO - DAG(s) 'dag_with_postgres_hooks_v06' retrieved from /opt/airflow/dags/dag_with_postgres_hooks.py
[2025-05-19T18:30:33.590+0000] {logging_mixin.py:190} INFO - [2025-05-19T18:30:33.589+0000] {dag.py:3239} INFO - Sync 1 DAGs
[2025-05-19T18:30:33.693+0000] {processor.py:208} INFO - Processing /opt/airflow/dags/dag_with_postgres_hooks.py took 0.273 seconds
[2025-05-19T18:31:04.021+0000] {processor.py:186} INFO - Started process (PID=4728) to work on /opt/airflow/dags/dag_with_postgres_hooks.py
[2025-05-19T18:31:04.023+0000] {processor.py:914} INFO - Processing file /opt/airflow/dags/dag_with_postgres_hooks.py for tasks to queue
[2025-05-19T18:31:04.026+0000] {logging_mixin.py:190} INFO - [2025-05-19T18:31:04.025+0000] {dagbag.py:588} INFO - Filling up the DagBag from /opt/airflow/dags/dag_with_postgres_hooks.py
[2025-05-19T18:31:04.057+0000] {processor.py:925} INFO - DAG(s) 'dag_with_postgres_hooks_v06' retrieved from /opt/airflow/dags/dag_with_postgres_hooks.py
[2025-05-19T18:31:04.095+0000] {logging_mixin.py:190} INFO - [2025-05-19T18:31:04.095+0000] {dag.py:3239} INFO - Sync 1 DAGs
[2025-05-19T18:31:04.169+0000] {processor.py:208} INFO - Processing /opt/airflow/dags/dag_with_postgres_hooks.py took 0.156 seconds
[2025-05-19T18:31:34.445+0000] {processor.py:186} INFO - Started process (PID=4779) to work on /opt/airflow/dags/dag_with_postgres_hooks.py
[2025-05-19T18:31:34.447+0000] {processor.py:914} INFO - Processing file /opt/airflow/dags/dag_with_postgres_hooks.py for tasks to queue
[2025-05-19T18:31:34.452+0000] {logging_mixin.py:190} INFO - [2025-05-19T18:31:34.451+0000] {dagbag.py:588} INFO - Filling up the DagBag from /opt/airflow/dags/dag_with_postgres_hooks.py
[2025-05-19T18:31:34.493+0000] {processor.py:925} INFO - DAG(s) 'dag_with_postgres_hooks_v06' retrieved from /opt/airflow/dags/dag_with_postgres_hooks.py
[2025-05-19T18:31:34.538+0000] {logging_mixin.py:190} INFO - [2025-05-19T18:31:34.538+0000] {dag.py:3239} INFO - Sync 1 DAGs
[2025-05-19T18:31:34.620+0000] {processor.py:208} INFO - Processing /opt/airflow/dags/dag_with_postgres_hooks.py took 0.185 seconds
[2025-05-19T18:32:04.921+0000] {processor.py:186} INFO - Started process (PID=4830) to work on /opt/airflow/dags/dag_with_postgres_hooks.py
[2025-05-19T18:32:04.923+0000] {processor.py:914} INFO - Processing file /opt/airflow/dags/dag_with_postgres_hooks.py for tasks to queue
[2025-05-19T18:32:04.927+0000] {logging_mixin.py:190} INFO - [2025-05-19T18:32:04.926+0000] {dagbag.py:588} INFO - Filling up the DagBag from /opt/airflow/dags/dag_with_postgres_hooks.py
[2025-05-19T18:32:04.958+0000] {processor.py:925} INFO - DAG(s) 'dag_with_postgres_hooks_v06' retrieved from /opt/airflow/dags/dag_with_postgres_hooks.py
[2025-05-19T18:32:04.993+0000] {logging_mixin.py:190} INFO - [2025-05-19T18:32:04.993+0000] {dag.py:3239} INFO - Sync 1 DAGs
[2025-05-19T18:32:05.080+0000] {processor.py:208} INFO - Processing /opt/airflow/dags/dag_with_postgres_hooks.py took 0.170 seconds
[2025-05-19T18:32:35.424+0000] {processor.py:186} INFO - Started process (PID=4881) to work on /opt/airflow/dags/dag_with_postgres_hooks.py
[2025-05-19T18:32:35.425+0000] {processor.py:914} INFO - Processing file /opt/airflow/dags/dag_with_postgres_hooks.py for tasks to queue
[2025-05-19T18:32:35.430+0000] {logging_mixin.py:190} INFO - [2025-05-19T18:32:35.429+0000] {dagbag.py:588} INFO - Filling up the DagBag from /opt/airflow/dags/dag_with_postgres_hooks.py
[2025-05-19T18:32:35.462+0000] {processor.py:925} INFO - DAG(s) 'dag_with_postgres_hooks_v06' retrieved from /opt/airflow/dags/dag_with_postgres_hooks.py
[2025-05-19T18:32:35.496+0000] {logging_mixin.py:190} INFO - [2025-05-19T18:32:35.496+0000] {dag.py:3239} INFO - Sync 1 DAGs
[2025-05-19T18:32:35.568+0000] {processor.py:208} INFO - Processing /opt/airflow/dags/dag_with_postgres_hooks.py took 0.151 seconds
[2025-05-19T18:33:05.909+0000] {processor.py:186} INFO - Started process (PID=4932) to work on /opt/airflow/dags/dag_with_postgres_hooks.py
[2025-05-19T18:33:05.911+0000] {processor.py:914} INFO - Processing file /opt/airflow/dags/dag_with_postgres_hooks.py for tasks to queue
[2025-05-19T18:33:05.916+0000] {logging_mixin.py:190} INFO - [2025-05-19T18:33:05.915+0000] {dagbag.py:588} INFO - Filling up the DagBag from /opt/airflow/dags/dag_with_postgres_hooks.py
[2025-05-19T18:33:05.953+0000] {processor.py:925} INFO - DAG(s) 'dag_with_postgres_hooks_v06' retrieved from /opt/airflow/dags/dag_with_postgres_hooks.py
[2025-05-19T18:33:05.997+0000] {logging_mixin.py:190} INFO - [2025-05-19T18:33:05.997+0000] {dag.py:3239} INFO - Sync 1 DAGs
[2025-05-19T18:33:06.073+0000] {processor.py:208} INFO - Processing /opt/airflow/dags/dag_with_postgres_hooks.py took 0.177 seconds
[2025-05-19T18:33:36.589+0000] {processor.py:186} INFO - Started process (PID=4983) to work on /opt/airflow/dags/dag_with_postgres_hooks.py
[2025-05-19T18:33:36.591+0000] {processor.py:914} INFO - Processing file /opt/airflow/dags/dag_with_postgres_hooks.py for tasks to queue
[2025-05-19T18:33:36.597+0000] {logging_mixin.py:190} INFO - [2025-05-19T18:33:36.597+0000] {dagbag.py:588} INFO - Filling up the DagBag from /opt/airflow/dags/dag_with_postgres_hooks.py
[2025-05-19T18:33:36.633+0000] {processor.py:925} INFO - DAG(s) 'dag_with_postgres_hooks_v06' retrieved from /opt/airflow/dags/dag_with_postgres_hooks.py
[2025-05-19T18:33:36.678+0000] {logging_mixin.py:190} INFO - [2025-05-19T18:33:36.677+0000] {dag.py:3239} INFO - Sync 1 DAGs
[2025-05-19T18:33:36.757+0000] {processor.py:208} INFO - Processing /opt/airflow/dags/dag_with_postgres_hooks.py took 0.180 seconds
[2025-05-19T18:34:06.988+0000] {processor.py:186} INFO - Started process (PID=5034) to work on /opt/airflow/dags/dag_with_postgres_hooks.py
[2025-05-19T18:34:06.990+0000] {processor.py:914} INFO - Processing file /opt/airflow/dags/dag_with_postgres_hooks.py for tasks to queue
[2025-05-19T18:34:06.995+0000] {logging_mixin.py:190} INFO - [2025-05-19T18:34:06.994+0000] {dagbag.py:588} INFO - Filling up the DagBag from /opt/airflow/dags/dag_with_postgres_hooks.py
[2025-05-19T18:34:07.040+0000] {processor.py:925} INFO - DAG(s) 'dag_with_postgres_hooks_v06' retrieved from /opt/airflow/dags/dag_with_postgres_hooks.py
[2025-05-19T18:34:07.083+0000] {logging_mixin.py:190} INFO - [2025-05-19T18:34:07.083+0000] {dag.py:3239} INFO - Sync 1 DAGs
[2025-05-19T18:34:07.157+0000] {processor.py:208} INFO - Processing /opt/airflow/dags/dag_with_postgres_hooks.py took 0.180 seconds
[2025-05-19T18:34:37.517+0000] {processor.py:186} INFO - Started process (PID=5085) to work on /opt/airflow/dags/dag_with_postgres_hooks.py
[2025-05-19T18:34:37.519+0000] {processor.py:914} INFO - Processing file /opt/airflow/dags/dag_with_postgres_hooks.py for tasks to queue
[2025-05-19T18:34:37.523+0000] {logging_mixin.py:190} INFO - [2025-05-19T18:34:37.522+0000] {dagbag.py:588} INFO - Filling up the DagBag from /opt/airflow/dags/dag_with_postgres_hooks.py
[2025-05-19T18:34:37.552+0000] {processor.py:925} INFO - DAG(s) 'dag_with_postgres_hooks_v06' retrieved from /opt/airflow/dags/dag_with_postgres_hooks.py
[2025-05-19T18:34:37.593+0000] {logging_mixin.py:190} INFO - [2025-05-19T18:34:37.593+0000] {dag.py:3239} INFO - Sync 1 DAGs
[2025-05-19T18:34:37.674+0000] {processor.py:208} INFO - Processing /opt/airflow/dags/dag_with_postgres_hooks.py took 0.165 seconds
[2025-05-19T18:35:07.922+0000] {processor.py:186} INFO - Started process (PID=5141) to work on /opt/airflow/dags/dag_with_postgres_hooks.py
[2025-05-19T18:35:07.923+0000] {processor.py:914} INFO - Processing file /opt/airflow/dags/dag_with_postgres_hooks.py for tasks to queue
[2025-05-19T18:35:07.927+0000] {logging_mixin.py:190} INFO - [2025-05-19T18:35:07.927+0000] {dagbag.py:588} INFO - Filling up the DagBag from /opt/airflow/dags/dag_with_postgres_hooks.py
[2025-05-19T18:35:07.959+0000] {processor.py:925} INFO - DAG(s) 'dag_with_postgres_hooks_v06' retrieved from /opt/airflow/dags/dag_with_postgres_hooks.py
[2025-05-19T18:35:07.999+0000] {logging_mixin.py:190} INFO - [2025-05-19T18:35:07.999+0000] {dag.py:3239} INFO - Sync 1 DAGs
[2025-05-19T18:35:08.095+0000] {processor.py:208} INFO - Processing /opt/airflow/dags/dag_with_postgres_hooks.py took 0.181 seconds
[2025-05-19T18:35:39.405+0000] {processor.py:186} INFO - Started process (PID=5218) to work on /opt/airflow/dags/dag_with_postgres_hooks.py
[2025-05-19T18:35:39.419+0000] {processor.py:914} INFO - Processing file /opt/airflow/dags/dag_with_postgres_hooks.py for tasks to queue
[2025-05-19T18:35:39.427+0000] {logging_mixin.py:190} INFO - [2025-05-19T18:35:39.426+0000] {dagbag.py:588} INFO - Filling up the DagBag from /opt/airflow/dags/dag_with_postgres_hooks.py
[2025-05-19T18:35:39.661+0000] {processor.py:925} INFO - DAG(s) 'dag_with_postgres_hooks_v06' retrieved from /opt/airflow/dags/dag_with_postgres_hooks.py
[2025-05-19T18:35:39.783+0000] {logging_mixin.py:190} INFO - [2025-05-19T18:35:39.782+0000] {dag.py:3239} INFO - Sync 1 DAGs
[2025-05-19T18:35:40.067+0000] {processor.py:208} INFO - Processing /opt/airflow/dags/dag_with_postgres_hooks.py took 0.727 seconds
[2025-05-19T18:36:10.420+0000] {processor.py:186} INFO - Started process (PID=5318) to work on /opt/airflow/dags/dag_with_postgres_hooks.py
[2025-05-19T18:36:10.422+0000] {processor.py:914} INFO - Processing file /opt/airflow/dags/dag_with_postgres_hooks.py for tasks to queue
[2025-05-19T18:36:10.430+0000] {logging_mixin.py:190} INFO - [2025-05-19T18:36:10.429+0000] {dagbag.py:588} INFO - Filling up the DagBag from /opt/airflow/dags/dag_with_postgres_hooks.py
[2025-05-19T18:36:10.486+0000] {processor.py:925} INFO - DAG(s) 'dag_with_postgres_hooks_v06' retrieved from /opt/airflow/dags/dag_with_postgres_hooks.py
[2025-05-19T18:36:10.540+0000] {logging_mixin.py:190} INFO - [2025-05-19T18:36:10.539+0000] {dag.py:3239} INFO - Sync 1 DAGs
[2025-05-19T18:36:10.663+0000] {processor.py:208} INFO - Processing /opt/airflow/dags/dag_with_postgres_hooks.py took 0.258 seconds
[2025-05-19T18:36:41.467+0000] {processor.py:186} INFO - Started process (PID=5369) to work on /opt/airflow/dags/dag_with_postgres_hooks.py
[2025-05-19T18:36:41.469+0000] {processor.py:914} INFO - Processing file /opt/airflow/dags/dag_with_postgres_hooks.py for tasks to queue
[2025-05-19T18:36:41.473+0000] {logging_mixin.py:190} INFO - [2025-05-19T18:36:41.473+0000] {dagbag.py:588} INFO - Filling up the DagBag from /opt/airflow/dags/dag_with_postgres_hooks.py
[2025-05-19T18:36:41.519+0000] {processor.py:925} INFO - DAG(s) 'dag_with_postgres_hooks_v06' retrieved from /opt/airflow/dags/dag_with_postgres_hooks.py
[2025-05-19T18:36:41.579+0000] {logging_mixin.py:190} INFO - [2025-05-19T18:36:41.578+0000] {dag.py:3239} INFO - Sync 1 DAGs
[2025-05-19T18:36:41.672+0000] {processor.py:208} INFO - Processing /opt/airflow/dags/dag_with_postgres_hooks.py took 0.218 seconds
[2025-05-19T18:37:12.013+0000] {processor.py:186} INFO - Started process (PID=5445) to work on /opt/airflow/dags/dag_with_postgres_hooks.py
[2025-05-19T18:37:12.014+0000] {processor.py:914} INFO - Processing file /opt/airflow/dags/dag_with_postgres_hooks.py for tasks to queue
[2025-05-19T18:37:12.018+0000] {logging_mixin.py:190} INFO - [2025-05-19T18:37:12.018+0000] {dagbag.py:588} INFO - Filling up the DagBag from /opt/airflow/dags/dag_with_postgres_hooks.py
[2025-05-19T18:37:12.055+0000] {processor.py:925} INFO - DAG(s) 'dag_with_postgres_hooks_v06' retrieved from /opt/airflow/dags/dag_with_postgres_hooks.py
[2025-05-19T18:37:12.097+0000] {logging_mixin.py:190} INFO - [2025-05-19T18:37:12.097+0000] {dag.py:3239} INFO - Sync 1 DAGs
[2025-05-19T18:37:12.142+0000] {logging_mixin.py:190} INFO - [2025-05-19T18:37:12.142+0000] {dag.py:4180} INFO - Setting next_dagrun for dag_with_postgres_hooks_v06 to 2025-05-19 00:00:00+00:00, run_after=2025-05-20 00:00:00+00:00
[2025-05-19T18:37:12.183+0000] {processor.py:208} INFO - Processing /opt/airflow/dags/dag_with_postgres_hooks.py took 0.182 seconds
[2025-05-19T18:37:42.462+0000] {processor.py:186} INFO - Started process (PID=5496) to work on /opt/airflow/dags/dag_with_postgres_hooks.py
[2025-05-19T18:37:42.464+0000] {processor.py:914} INFO - Processing file /opt/airflow/dags/dag_with_postgres_hooks.py for tasks to queue
[2025-05-19T18:37:42.467+0000] {logging_mixin.py:190} INFO - [2025-05-19T18:37:42.466+0000] {dagbag.py:588} INFO - Filling up the DagBag from /opt/airflow/dags/dag_with_postgres_hooks.py
[2025-05-19T18:37:42.520+0000] {processor.py:925} INFO - DAG(s) 'dag_with_postgres_hooks_v06' retrieved from /opt/airflow/dags/dag_with_postgres_hooks.py
[2025-05-19T18:37:42.583+0000] {logging_mixin.py:190} INFO - [2025-05-19T18:37:42.583+0000] {dag.py:3239} INFO - Sync 1 DAGs
[2025-05-19T18:37:42.656+0000] {logging_mixin.py:190} INFO - [2025-05-19T18:37:42.655+0000] {dag.py:4180} INFO - Setting next_dagrun for dag_with_postgres_hooks_v06 to 2025-05-19 00:00:00+00:00, run_after=2025-05-20 00:00:00+00:00
[2025-05-19T18:37:42.694+0000] {processor.py:208} INFO - Processing /opt/airflow/dags/dag_with_postgres_hooks.py took 0.239 seconds
[2025-05-19T18:38:13.801+0000] {processor.py:186} INFO - Started process (PID=5547) to work on /opt/airflow/dags/dag_with_postgres_hooks.py
[2025-05-19T18:38:13.804+0000] {processor.py:914} INFO - Processing file /opt/airflow/dags/dag_with_postgres_hooks.py for tasks to queue
[2025-05-19T18:38:13.812+0000] {logging_mixin.py:190} INFO - [2025-05-19T18:38:13.811+0000] {dagbag.py:588} INFO - Filling up the DagBag from /opt/airflow/dags/dag_with_postgres_hooks.py
[2025-05-19T18:38:13.879+0000] {processor.py:925} INFO - DAG(s) 'dag_with_postgres_hooks_v06' retrieved from /opt/airflow/dags/dag_with_postgres_hooks.py
[2025-05-19T18:38:13.954+0000] {logging_mixin.py:190} INFO - [2025-05-19T18:38:13.954+0000] {dag.py:3239} INFO - Sync 1 DAGs
[2025-05-19T18:38:14.040+0000] {logging_mixin.py:190} INFO - [2025-05-19T18:38:14.040+0000] {dag.py:4180} INFO - Setting next_dagrun for dag_with_postgres_hooks_v06 to 2025-05-19 00:00:00+00:00, run_after=2025-05-20 00:00:00+00:00
[2025-05-19T18:38:14.141+0000] {processor.py:208} INFO - Processing /opt/airflow/dags/dag_with_postgres_hooks.py took 0.356 seconds
[2025-05-19T18:38:44.892+0000] {processor.py:186} INFO - Started process (PID=5598) to work on /opt/airflow/dags/dag_with_postgres_hooks.py
[2025-05-19T18:38:44.894+0000] {processor.py:914} INFO - Processing file /opt/airflow/dags/dag_with_postgres_hooks.py for tasks to queue
[2025-05-19T18:38:44.900+0000] {logging_mixin.py:190} INFO - [2025-05-19T18:38:44.900+0000] {dagbag.py:588} INFO - Filling up the DagBag from /opt/airflow/dags/dag_with_postgres_hooks.py
[2025-05-19T18:38:44.941+0000] {processor.py:925} INFO - DAG(s) 'dag_with_postgres_hooks_v06' retrieved from /opt/airflow/dags/dag_with_postgres_hooks.py
[2025-05-19T18:38:44.987+0000] {logging_mixin.py:190} INFO - [2025-05-19T18:38:44.986+0000] {dag.py:3239} INFO - Sync 1 DAGs
[2025-05-19T18:38:45.028+0000] {logging_mixin.py:190} INFO - [2025-05-19T18:38:45.027+0000] {dag.py:4180} INFO - Setting next_dagrun for dag_with_postgres_hooks_v06 to 2025-05-19 00:00:00+00:00, run_after=2025-05-20 00:00:00+00:00
[2025-05-19T18:38:45.064+0000] {processor.py:208} INFO - Processing /opt/airflow/dags/dag_with_postgres_hooks.py took 0.184 seconds
[2025-05-19T18:39:15.186+0000] {processor.py:186} INFO - Started process (PID=5649) to work on /opt/airflow/dags/dag_with_postgres_hooks.py
[2025-05-19T18:39:15.188+0000] {processor.py:914} INFO - Processing file /opt/airflow/dags/dag_with_postgres_hooks.py for tasks to queue
[2025-05-19T18:39:15.192+0000] {logging_mixin.py:190} INFO - [2025-05-19T18:39:15.192+0000] {dagbag.py:588} INFO - Filling up the DagBag from /opt/airflow/dags/dag_with_postgres_hooks.py
[2025-05-19T18:39:15.222+0000] {processor.py:925} INFO - DAG(s) 'dag_with_postgres_hooks_v06' retrieved from /opt/airflow/dags/dag_with_postgres_hooks.py
[2025-05-19T18:39:15.266+0000] {logging_mixin.py:190} INFO - [2025-05-19T18:39:15.265+0000] {dag.py:3239} INFO - Sync 1 DAGs
[2025-05-19T18:39:15.304+0000] {logging_mixin.py:190} INFO - [2025-05-19T18:39:15.303+0000] {dag.py:4180} INFO - Setting next_dagrun for dag_with_postgres_hooks_v06 to 2025-05-19 00:00:00+00:00, run_after=2025-05-20 00:00:00+00:00
[2025-05-19T18:39:15.341+0000] {processor.py:208} INFO - Processing /opt/airflow/dags/dag_with_postgres_hooks.py took 0.162 seconds
[2025-05-19T18:39:45.649+0000] {processor.py:186} INFO - Started process (PID=5700) to work on /opt/airflow/dags/dag_with_postgres_hooks.py
[2025-05-19T18:39:45.651+0000] {processor.py:914} INFO - Processing file /opt/airflow/dags/dag_with_postgres_hooks.py for tasks to queue
[2025-05-19T18:39:45.655+0000] {logging_mixin.py:190} INFO - [2025-05-19T18:39:45.655+0000] {dagbag.py:588} INFO - Filling up the DagBag from /opt/airflow/dags/dag_with_postgres_hooks.py
[2025-05-19T18:39:45.682+0000] {processor.py:925} INFO - DAG(s) 'dag_with_postgres_hooks_v06' retrieved from /opt/airflow/dags/dag_with_postgres_hooks.py
[2025-05-19T18:39:45.715+0000] {logging_mixin.py:190} INFO - [2025-05-19T18:39:45.714+0000] {dag.py:3239} INFO - Sync 1 DAGs
[2025-05-19T18:39:45.750+0000] {logging_mixin.py:190} INFO - [2025-05-19T18:39:45.750+0000] {dag.py:4180} INFO - Setting next_dagrun for dag_with_postgres_hooks_v06 to 2025-05-19 00:00:00+00:00, run_after=2025-05-20 00:00:00+00:00
[2025-05-19T18:39:45.780+0000] {processor.py:208} INFO - Processing /opt/airflow/dags/dag_with_postgres_hooks.py took 0.138 seconds
[2025-05-19T18:40:16.308+0000] {processor.py:186} INFO - Started process (PID=5756) to work on /opt/airflow/dags/dag_with_postgres_hooks.py
[2025-05-19T18:40:16.310+0000] {processor.py:914} INFO - Processing file /opt/airflow/dags/dag_with_postgres_hooks.py for tasks to queue
[2025-05-19T18:40:16.313+0000] {logging_mixin.py:190} INFO - [2025-05-19T18:40:16.313+0000] {dagbag.py:588} INFO - Filling up the DagBag from /opt/airflow/dags/dag_with_postgres_hooks.py
[2025-05-19T18:40:16.346+0000] {processor.py:925} INFO - DAG(s) 'dag_with_postgres_hooks_v06' retrieved from /opt/airflow/dags/dag_with_postgres_hooks.py
[2025-05-19T18:40:16.384+0000] {logging_mixin.py:190} INFO - [2025-05-19T18:40:16.384+0000] {dag.py:3239} INFO - Sync 1 DAGs
[2025-05-19T18:40:16.425+0000] {logging_mixin.py:190} INFO - [2025-05-19T18:40:16.425+0000] {dag.py:4180} INFO - Setting next_dagrun for dag_with_postgres_hooks_v06 to 2025-05-19 00:00:00+00:00, run_after=2025-05-20 00:00:00+00:00
[2025-05-19T18:40:16.465+0000] {processor.py:208} INFO - Processing /opt/airflow/dags/dag_with_postgres_hooks.py took 0.166 seconds
[2025-05-19T18:40:46.721+0000] {processor.py:186} INFO - Started process (PID=5827) to work on /opt/airflow/dags/dag_with_postgres_hooks.py
[2025-05-19T18:40:46.723+0000] {processor.py:914} INFO - Processing file /opt/airflow/dags/dag_with_postgres_hooks.py for tasks to queue
[2025-05-19T18:40:46.728+0000] {logging_mixin.py:190} INFO - [2025-05-19T18:40:46.727+0000] {dagbag.py:588} INFO - Filling up the DagBag from /opt/airflow/dags/dag_with_postgres_hooks.py
[2025-05-19T18:40:46.765+0000] {processor.py:925} INFO - DAG(s) 'dag_with_postgres_hooks_v06' retrieved from /opt/airflow/dags/dag_with_postgres_hooks.py
[2025-05-19T18:40:46.813+0000] {logging_mixin.py:190} INFO - [2025-05-19T18:40:46.812+0000] {dag.py:3239} INFO - Sync 1 DAGs
[2025-05-19T18:40:46.857+0000] {logging_mixin.py:190} INFO - [2025-05-19T18:40:46.856+0000] {dag.py:4180} INFO - Setting next_dagrun for dag_with_postgres_hooks_v06 to 2025-05-19 00:00:00+00:00, run_after=2025-05-20 00:00:00+00:00
[2025-05-19T18:40:46.889+0000] {processor.py:208} INFO - Processing /opt/airflow/dags/dag_with_postgres_hooks.py took 0.180 seconds
[2025-05-19T18:41:17.265+0000] {processor.py:186} INFO - Started process (PID=5928) to work on /opt/airflow/dags/dag_with_postgres_hooks.py
[2025-05-19T18:41:17.266+0000] {processor.py:914} INFO - Processing file /opt/airflow/dags/dag_with_postgres_hooks.py for tasks to queue
[2025-05-19T18:41:17.270+0000] {logging_mixin.py:190} INFO - [2025-05-19T18:41:17.269+0000] {dagbag.py:588} INFO - Filling up the DagBag from /opt/airflow/dags/dag_with_postgres_hooks.py
[2025-05-19T18:41:17.305+0000] {processor.py:925} INFO - DAG(s) 'dag_with_postgres_hooks_v06' retrieved from /opt/airflow/dags/dag_with_postgres_hooks.py
[2025-05-19T18:41:17.348+0000] {logging_mixin.py:190} INFO - [2025-05-19T18:41:17.348+0000] {dag.py:3239} INFO - Sync 1 DAGs
[2025-05-19T18:41:17.393+0000] {logging_mixin.py:190} INFO - [2025-05-19T18:41:17.392+0000] {dag.py:4180} INFO - Setting next_dagrun for dag_with_postgres_hooks_v06 to 2025-05-19 00:00:00+00:00, run_after=2025-05-20 00:00:00+00:00
[2025-05-19T18:41:17.431+0000] {processor.py:208} INFO - Processing /opt/airflow/dags/dag_with_postgres_hooks.py took 0.176 seconds
[2025-05-19T18:41:47.676+0000] {processor.py:186} INFO - Started process (PID=5979) to work on /opt/airflow/dags/dag_with_postgres_hooks.py
[2025-05-19T18:41:47.678+0000] {processor.py:914} INFO - Processing file /opt/airflow/dags/dag_with_postgres_hooks.py for tasks to queue
[2025-05-19T18:41:47.682+0000] {logging_mixin.py:190} INFO - [2025-05-19T18:41:47.682+0000] {dagbag.py:588} INFO - Filling up the DagBag from /opt/airflow/dags/dag_with_postgres_hooks.py
[2025-05-19T18:41:47.718+0000] {processor.py:925} INFO - DAG(s) 'dag_with_postgres_hooks_v06' retrieved from /opt/airflow/dags/dag_with_postgres_hooks.py
[2025-05-19T18:41:47.763+0000] {logging_mixin.py:190} INFO - [2025-05-19T18:41:47.763+0000] {dag.py:3239} INFO - Sync 1 DAGs
[2025-05-19T18:41:47.811+0000] {logging_mixin.py:190} INFO - [2025-05-19T18:41:47.811+0000] {dag.py:4180} INFO - Setting next_dagrun for dag_with_postgres_hooks_v06 to 2025-05-19 00:00:00+00:00, run_after=2025-05-20 00:00:00+00:00
[2025-05-19T18:41:47.856+0000] {processor.py:208} INFO - Processing /opt/airflow/dags/dag_with_postgres_hooks.py took 0.187 seconds
[2025-05-19T18:42:18.048+0000] {processor.py:186} INFO - Started process (PID=6030) to work on /opt/airflow/dags/dag_with_postgres_hooks.py
[2025-05-19T18:42:18.050+0000] {processor.py:914} INFO - Processing file /opt/airflow/dags/dag_with_postgres_hooks.py for tasks to queue
[2025-05-19T18:42:18.055+0000] {logging_mixin.py:190} INFO - [2025-05-19T18:42:18.054+0000] {dagbag.py:588} INFO - Filling up the DagBag from /opt/airflow/dags/dag_with_postgres_hooks.py
[2025-05-19T18:42:18.098+0000] {processor.py:925} INFO - DAG(s) 'dag_with_postgres_hooks_v06' retrieved from /opt/airflow/dags/dag_with_postgres_hooks.py
[2025-05-19T18:42:18.187+0000] {logging_mixin.py:190} INFO - [2025-05-19T18:42:18.186+0000] {dag.py:3239} INFO - Sync 1 DAGs
[2025-05-19T18:42:18.236+0000] {logging_mixin.py:190} INFO - [2025-05-19T18:42:18.236+0000] {dag.py:4180} INFO - Setting next_dagrun for dag_with_postgres_hooks_v06 to 2025-05-19 00:00:00+00:00, run_after=2025-05-20 00:00:00+00:00
[2025-05-19T18:42:18.272+0000] {processor.py:208} INFO - Processing /opt/airflow/dags/dag_with_postgres_hooks.py took 0.235 seconds
[2025-05-19T18:42:48.405+0000] {processor.py:186} INFO - Started process (PID=6081) to work on /opt/airflow/dags/dag_with_postgres_hooks.py
[2025-05-19T18:42:48.407+0000] {processor.py:914} INFO - Processing file /opt/airflow/dags/dag_with_postgres_hooks.py for tasks to queue
[2025-05-19T18:42:48.411+0000] {logging_mixin.py:190} INFO - [2025-05-19T18:42:48.411+0000] {dagbag.py:588} INFO - Filling up the DagBag from /opt/airflow/dags/dag_with_postgres_hooks.py
[2025-05-19T18:42:48.439+0000] {processor.py:925} INFO - DAG(s) 'dag_with_postgres_hooks_v06' retrieved from /opt/airflow/dags/dag_with_postgres_hooks.py
[2025-05-19T18:42:48.474+0000] {logging_mixin.py:190} INFO - [2025-05-19T18:42:48.474+0000] {dag.py:3239} INFO - Sync 1 DAGs
[2025-05-19T18:42:48.513+0000] {logging_mixin.py:190} INFO - [2025-05-19T18:42:48.512+0000] {dag.py:4180} INFO - Setting next_dagrun for dag_with_postgres_hooks_v06 to 2025-05-19 00:00:00+00:00, run_after=2025-05-20 00:00:00+00:00
[2025-05-19T18:42:48.554+0000] {processor.py:208} INFO - Processing /opt/airflow/dags/dag_with_postgres_hooks.py took 0.157 seconds
[2025-05-19T18:43:19.066+0000] {processor.py:186} INFO - Started process (PID=6132) to work on /opt/airflow/dags/dag_with_postgres_hooks.py
[2025-05-19T18:43:19.068+0000] {processor.py:914} INFO - Processing file /opt/airflow/dags/dag_with_postgres_hooks.py for tasks to queue
[2025-05-19T18:43:19.072+0000] {logging_mixin.py:190} INFO - [2025-05-19T18:43:19.071+0000] {dagbag.py:588} INFO - Filling up the DagBag from /opt/airflow/dags/dag_with_postgres_hooks.py
[2025-05-19T18:43:19.101+0000] {processor.py:925} INFO - DAG(s) 'dag_with_postgres_hooks_v06' retrieved from /opt/airflow/dags/dag_with_postgres_hooks.py
[2025-05-19T18:43:19.137+0000] {logging_mixin.py:190} INFO - [2025-05-19T18:43:19.137+0000] {dag.py:3239} INFO - Sync 1 DAGs
[2025-05-19T18:43:19.183+0000] {logging_mixin.py:190} INFO - [2025-05-19T18:43:19.182+0000] {dag.py:4180} INFO - Setting next_dagrun for dag_with_postgres_hooks_v06 to 2025-05-19 00:00:00+00:00, run_after=2025-05-20 00:00:00+00:00
[2025-05-19T18:43:19.212+0000] {processor.py:208} INFO - Processing /opt/airflow/dags/dag_with_postgres_hooks.py took 0.155 seconds
[2025-05-19T18:43:49.567+0000] {processor.py:186} INFO - Started process (PID=6184) to work on /opt/airflow/dags/dag_with_postgres_hooks.py
[2025-05-19T18:43:49.569+0000] {processor.py:914} INFO - Processing file /opt/airflow/dags/dag_with_postgres_hooks.py for tasks to queue
[2025-05-19T18:43:49.573+0000] {logging_mixin.py:190} INFO - [2025-05-19T18:43:49.572+0000] {dagbag.py:588} INFO - Filling up the DagBag from /opt/airflow/dags/dag_with_postgres_hooks.py
[2025-05-19T18:43:49.603+0000] {processor.py:925} INFO - DAG(s) 'dag_with_postgres_hooks_v06' retrieved from /opt/airflow/dags/dag_with_postgres_hooks.py
[2025-05-19T18:43:49.642+0000] {logging_mixin.py:190} INFO - [2025-05-19T18:43:49.641+0000] {dag.py:3239} INFO - Sync 1 DAGs
[2025-05-19T18:43:49.686+0000] {logging_mixin.py:190} INFO - [2025-05-19T18:43:49.686+0000] {dag.py:4180} INFO - Setting next_dagrun for dag_with_postgres_hooks_v06 to 2025-05-19 00:00:00+00:00, run_after=2025-05-20 00:00:00+00:00
[2025-05-19T18:43:49.721+0000] {processor.py:208} INFO - Processing /opt/airflow/dags/dag_with_postgres_hooks.py took 0.163 seconds
[2025-05-19T18:44:20.079+0000] {processor.py:186} INFO - Started process (PID=6235) to work on /opt/airflow/dags/dag_with_postgres_hooks.py
[2025-05-19T18:44:20.080+0000] {processor.py:914} INFO - Processing file /opt/airflow/dags/dag_with_postgres_hooks.py for tasks to queue
[2025-05-19T18:44:20.086+0000] {logging_mixin.py:190} INFO - [2025-05-19T18:44:20.086+0000] {dagbag.py:588} INFO - Filling up the DagBag from /opt/airflow/dags/dag_with_postgres_hooks.py
[2025-05-19T18:44:20.133+0000] {processor.py:925} INFO - DAG(s) 'dag_with_postgres_hooks_v06' retrieved from /opt/airflow/dags/dag_with_postgres_hooks.py
[2025-05-19T18:44:20.179+0000] {logging_mixin.py:190} INFO - [2025-05-19T18:44:20.178+0000] {dag.py:3239} INFO - Sync 1 DAGs
[2025-05-19T18:44:20.222+0000] {logging_mixin.py:190} INFO - [2025-05-19T18:44:20.221+0000] {dag.py:4180} INFO - Setting next_dagrun for dag_with_postgres_hooks_v06 to 2025-05-19 00:00:00+00:00, run_after=2025-05-20 00:00:00+00:00
[2025-05-19T18:44:20.257+0000] {processor.py:208} INFO - Processing /opt/airflow/dags/dag_with_postgres_hooks.py took 0.186 seconds
[2025-05-19T18:44:50.503+0000] {processor.py:186} INFO - Started process (PID=6286) to work on /opt/airflow/dags/dag_with_postgres_hooks.py
[2025-05-19T18:44:50.507+0000] {processor.py:914} INFO - Processing file /opt/airflow/dags/dag_with_postgres_hooks.py for tasks to queue
[2025-05-19T18:44:50.514+0000] {logging_mixin.py:190} INFO - [2025-05-19T18:44:50.513+0000] {dagbag.py:588} INFO - Filling up the DagBag from /opt/airflow/dags/dag_with_postgres_hooks.py
[2025-05-19T18:44:50.556+0000] {processor.py:925} INFO - DAG(s) 'dag_with_postgres_hooks_v06' retrieved from /opt/airflow/dags/dag_with_postgres_hooks.py
[2025-05-19T18:44:50.596+0000] {logging_mixin.py:190} INFO - [2025-05-19T18:44:50.595+0000] {dag.py:3239} INFO - Sync 1 DAGs
[2025-05-19T18:44:50.639+0000] {logging_mixin.py:190} INFO - [2025-05-19T18:44:50.638+0000] {dag.py:4180} INFO - Setting next_dagrun for dag_with_postgres_hooks_v06 to 2025-05-19 00:00:00+00:00, run_after=2025-05-20 00:00:00+00:00
[2025-05-19T18:44:50.675+0000] {processor.py:208} INFO - Processing /opt/airflow/dags/dag_with_postgres_hooks.py took 0.185 seconds
[2025-05-19T18:45:20.834+0000] {processor.py:186} INFO - Started process (PID=6338) to work on /opt/airflow/dags/dag_with_postgres_hooks.py
[2025-05-19T18:45:20.836+0000] {processor.py:914} INFO - Processing file /opt/airflow/dags/dag_with_postgres_hooks.py for tasks to queue
[2025-05-19T18:45:20.841+0000] {logging_mixin.py:190} INFO - [2025-05-19T18:45:20.840+0000] {dagbag.py:588} INFO - Filling up the DagBag from /opt/airflow/dags/dag_with_postgres_hooks.py
[2025-05-19T18:45:20.880+0000] {processor.py:925} INFO - DAG(s) 'dag_with_postgres_hooks_v06' retrieved from /opt/airflow/dags/dag_with_postgres_hooks.py
[2025-05-19T18:45:20.926+0000] {logging_mixin.py:190} INFO - [2025-05-19T18:45:20.926+0000] {dag.py:3239} INFO - Sync 1 DAGs
[2025-05-19T18:45:21.017+0000] {logging_mixin.py:190} INFO - [2025-05-19T18:45:21.017+0000] {dag.py:4180} INFO - Setting next_dagrun for dag_with_postgres_hooks_v06 to 2025-05-19 00:00:00+00:00, run_after=2025-05-20 00:00:00+00:00
[2025-05-19T18:45:21.071+0000] {processor.py:208} INFO - Processing /opt/airflow/dags/dag_with_postgres_hooks.py took 0.256 seconds
[2025-05-19T18:45:51.401+0000] {processor.py:186} INFO - Started process (PID=6389) to work on /opt/airflow/dags/dag_with_postgres_hooks.py
[2025-05-19T18:45:51.402+0000] {processor.py:914} INFO - Processing file /opt/airflow/dags/dag_with_postgres_hooks.py for tasks to queue
[2025-05-19T18:45:51.407+0000] {logging_mixin.py:190} INFO - [2025-05-19T18:45:51.406+0000] {dagbag.py:588} INFO - Filling up the DagBag from /opt/airflow/dags/dag_with_postgres_hooks.py
[2025-05-19T18:45:51.445+0000] {processor.py:925} INFO - DAG(s) 'dag_with_postgres_hooks_v06' retrieved from /opt/airflow/dags/dag_with_postgres_hooks.py
[2025-05-19T18:45:51.494+0000] {logging_mixin.py:190} INFO - [2025-05-19T18:45:51.493+0000] {dag.py:3239} INFO - Sync 1 DAGs
[2025-05-19T18:45:51.552+0000] {logging_mixin.py:190} INFO - [2025-05-19T18:45:51.552+0000] {dag.py:4180} INFO - Setting next_dagrun for dag_with_postgres_hooks_v06 to 2025-05-19 00:00:00+00:00, run_after=2025-05-20 00:00:00+00:00
[2025-05-19T18:45:51.595+0000] {processor.py:208} INFO - Processing /opt/airflow/dags/dag_with_postgres_hooks.py took 0.203 seconds
[2025-05-19T18:46:05.930+0000] {processor.py:186} INFO - Started process (PID=6440) to work on /opt/airflow/dags/dag_with_postgres_hooks.py
[2025-05-19T18:46:05.941+0000] {processor.py:914} INFO - Processing file /opt/airflow/dags/dag_with_postgres_hooks.py for tasks to queue
[2025-05-19T18:46:05.952+0000] {logging_mixin.py:190} INFO - [2025-05-19T18:46:05.951+0000] {dagbag.py:588} INFO - Filling up the DagBag from /opt/airflow/dags/dag_with_postgres_hooks.py
[2025-05-19T18:46:06.763+0000] {processor.py:925} INFO - DAG(s) 'dag_with_postgres_hooks_v06' retrieved from /opt/airflow/dags/dag_with_postgres_hooks.py
[2025-05-19T18:46:06.873+0000] {logging_mixin.py:190} INFO - [2025-05-19T18:46:06.872+0000] {dag.py:3239} INFO - Sync 1 DAGs
[2025-05-19T18:46:07.010+0000] {logging_mixin.py:190} INFO - [2025-05-19T18:46:07.009+0000] {dag.py:4180} INFO - Setting next_dagrun for dag_with_postgres_hooks_v06 to 2025-05-19 00:00:00+00:00, run_after=2025-05-20 00:00:00+00:00
[2025-05-19T18:46:07.184+0000] {processor.py:208} INFO - Processing /opt/airflow/dags/dag_with_postgres_hooks.py took 1.278 seconds
