[2025-03-29T14:56:39.398+0000] {local_task_job_runner.py:123} INFO - ::group::Pre task execution logs
[2025-03-29T14:56:39.485+0000] {taskinstance.py:2613} INFO - Dependencies all met for dep_context=non-requeueable deps ti=<TaskInstance: fist_dag_v5.first_task scheduled__2025-01-15T00:00:00+00:00 [queued]>
[2025-03-29T14:56:39.543+0000] {taskinstance.py:2613} INFO - Dependencies all met for dep_context=requeueable deps ti=<TaskInstance: fist_dag_v5.first_task scheduled__2025-01-15T00:00:00+00:00 [queued]>
[2025-03-29T14:56:39.545+0000] {taskinstance.py:2866} INFO - Starting attempt 1 of 6
[2025-03-29T14:56:39.707+0000] {taskinstance.py:2889} INFO - Executing <Task(BashOperator): first_task> on 2025-01-15 00:00:00+00:00
[2025-03-29T14:56:39.752+0000] {standard_task_runner.py:104} INFO - Running: ['***', 'tasks', 'run', 'fist_dag_v5', 'first_task', 'scheduled__2025-01-15T00:00:00+00:00', '--job-id', '287', '--raw', '--subdir', 'DAGS_FOLDER/first_dag.py', '--cfg-path', '/tmp/tmpqkw9t0ht']
[2025-03-29T14:56:39.776+0000] {standard_task_runner.py:105} INFO - Job 287: Subtask first_task
[2025-03-29T14:56:39.772+0000] {logging_mixin.py:190} WARNING - /home/***/.local/lib/python3.12/site-packages/***/task/task_runner/standard_task_runner.py:70 DeprecationWarning: This process (pid=720) is multi-threaded, use of fork() may lead to deadlocks in the child.
[2025-03-29T14:56:39.784+0000] {standard_task_runner.py:72} INFO - Started process 737 to run task
[2025-03-29T14:56:40.169+0000] {task_command.py:467} INFO - Running <TaskInstance: fist_dag_v5.first_task scheduled__2025-01-15T00:00:00+00:00 [running]> on host ba06481f48a9
[2025-03-29T14:56:40.623+0000] {taskinstance.py:3132} INFO - Exporting env vars: AIRFLOW_CTX_DAG_OWNER='coder2j' AIRFLOW_CTX_DAG_ID='fist_dag_v5' AIRFLOW_CTX_TASK_ID='first_task' AIRFLOW_CTX_EXECUTION_DATE='2025-01-15T00:00:00+00:00' AIRFLOW_CTX_TRY_NUMBER='1' AIRFLOW_CTX_DAG_RUN_ID='scheduled__2025-01-15T00:00:00+00:00'
[2025-03-29T14:56:40.629+0000] {taskinstance.py:731} INFO - ::endgroup::
[2025-03-29T14:56:40.677+0000] {subprocess.py:78} INFO - Tmp dir root location: /tmp
[2025-03-29T14:56:40.689+0000] {subprocess.py:88} INFO - Running command: ['/usr/bin/bash', '-c', 'echo hello world, this is the first task!']
[2025-03-29T14:56:40.734+0000] {subprocess.py:99} INFO - Output:
[2025-03-29T14:56:40.737+0000] {subprocess.py:106} INFO - hello world, this is the first task!
[2025-03-29T14:56:40.739+0000] {subprocess.py:110} INFO - Command exited with return code 0
[2025-03-29T14:56:40.812+0000] {taskinstance.py:340} INFO - ::group::Post task execution logs
[2025-03-29T14:56:40.814+0000] {taskinstance.py:352} INFO - Marking task as SUCCESS. dag_id=fist_dag_v5, task_id=first_task, run_id=scheduled__2025-01-15T00:00:00+00:00, execution_date=20250115T000000, start_date=20250329T145639, end_date=20250329T145640
[2025-03-29T14:56:40.972+0000] {local_task_job_runner.py:266} INFO - Task exited with return code 0
[2025-03-29T14:56:41.151+0000] {taskinstance.py:3895} INFO - 2 downstream tasks scheduled from follow-on schedule check
[2025-03-29T14:56:41.169+0000] {local_task_job_runner.py:245} INFO - ::endgroup::
