[2025-06-09T14:32:08.400+0000] {processor.py:186} INFO - Started process (PID=202) to work on /opt/airflow/dags/dag_with_minio_s3.py
[2025-06-09T14:32:08.401+0000] {processor.py:914} INFO - Processing file /opt/airflow/dags/dag_with_minio_s3.py for tasks to queue
[2025-06-09T14:32:08.406+0000] {logging_mixin.py:190} INFO - [2025-06-09T14:32:08.405+0000] {dagbag.py:588} INFO - Filling up the DagBag from /opt/airflow/dags/dag_with_minio_s3.py
[2025-06-09T14:32:08.444+0000] {processor.py:925} INFO - DAG(s) 'dag_with_minio_s3_v05' retrieved from /opt/airflow/dags/dag_with_minio_s3.py
[2025-06-09T14:32:08.693+0000] {logging_mixin.py:190} INFO - [2025-06-09T14:32:08.692+0000] {dag.py:3239} INFO - Sync 1 DAGs
[2025-06-09T14:32:08.742+0000] {logging_mixin.py:190} INFO - [2025-06-09T14:32:08.741+0000] {dag.py:4180} INFO - Setting next_dagrun for dag_with_minio_s3_v05 to 2025-06-08 00:00:00+00:00, run_after=2025-06-09 00:00:00+00:00
[2025-06-09T14:32:08.805+0000] {processor.py:208} INFO - Processing /opt/airflow/dags/dag_with_minio_s3.py took 0.416 seconds
[2025-06-09T14:32:39.380+0000] {processor.py:186} INFO - Started process (PID=258) to work on /opt/airflow/dags/dag_with_minio_s3.py
[2025-06-09T14:32:39.418+0000] {processor.py:914} INFO - Processing file /opt/airflow/dags/dag_with_minio_s3.py for tasks to queue
[2025-06-09T14:32:39.426+0000] {logging_mixin.py:190} INFO - [2025-06-09T14:32:39.425+0000] {dagbag.py:588} INFO - Filling up the DagBag from /opt/airflow/dags/dag_with_minio_s3.py
[2025-06-09T14:32:39.540+0000] {processor.py:925} INFO - DAG(s) 'dag_with_minio_s3_v05' retrieved from /opt/airflow/dags/dag_with_minio_s3.py
[2025-06-09T14:32:39.657+0000] {logging_mixin.py:190} INFO - [2025-06-09T14:32:39.656+0000] {dag.py:3239} INFO - Sync 1 DAGs
[2025-06-09T14:32:39.777+0000] {logging_mixin.py:190} INFO - [2025-06-09T14:32:39.777+0000] {dag.py:4180} INFO - Setting next_dagrun for dag_with_minio_s3_v05 to 2025-06-08 00:00:00+00:00, run_after=2025-06-09 00:00:00+00:00
[2025-06-09T14:32:39.888+0000] {processor.py:208} INFO - Processing /opt/airflow/dags/dag_with_minio_s3.py took 0.545 seconds
[2025-06-09T14:33:10.628+0000] {processor.py:186} INFO - Started process (PID=316) to work on /opt/airflow/dags/dag_with_minio_s3.py
[2025-06-09T14:33:10.630+0000] {processor.py:914} INFO - Processing file /opt/airflow/dags/dag_with_minio_s3.py for tasks to queue
[2025-06-09T14:33:10.635+0000] {logging_mixin.py:190} INFO - [2025-06-09T14:33:10.634+0000] {dagbag.py:588} INFO - Filling up the DagBag from /opt/airflow/dags/dag_with_minio_s3.py
[2025-06-09T14:33:10.686+0000] {processor.py:925} INFO - DAG(s) 'dag_with_minio_s3_v05' retrieved from /opt/airflow/dags/dag_with_minio_s3.py
[2025-06-09T14:33:10.781+0000] {logging_mixin.py:190} INFO - [2025-06-09T14:33:10.780+0000] {dag.py:3239} INFO - Sync 1 DAGs
[2025-06-09T14:33:10.856+0000] {logging_mixin.py:190} INFO - [2025-06-09T14:33:10.855+0000] {dag.py:4180} INFO - Setting next_dagrun for dag_with_minio_s3_v05 to 2025-06-08 00:00:00+00:00, run_after=2025-06-09 00:00:00+00:00
[2025-06-09T14:33:10.900+0000] {processor.py:208} INFO - Processing /opt/airflow/dags/dag_with_minio_s3.py took 0.291 seconds
[2025-06-09T14:33:41.714+0000] {processor.py:186} INFO - Started process (PID=379) to work on /opt/airflow/dags/dag_with_minio_s3.py
[2025-06-09T14:33:41.716+0000] {processor.py:914} INFO - Processing file /opt/airflow/dags/dag_with_minio_s3.py for tasks to queue
[2025-06-09T14:33:41.721+0000] {logging_mixin.py:190} INFO - [2025-06-09T14:33:41.720+0000] {dagbag.py:588} INFO - Filling up the DagBag from /opt/airflow/dags/dag_with_minio_s3.py
[2025-06-09T14:33:41.774+0000] {processor.py:925} INFO - DAG(s) 'dag_with_minio_s3_v05' retrieved from /opt/airflow/dags/dag_with_minio_s3.py
[2025-06-09T14:33:41.855+0000] {logging_mixin.py:190} INFO - [2025-06-09T14:33:41.854+0000] {dag.py:3239} INFO - Sync 1 DAGs
[2025-06-09T14:33:41.923+0000] {logging_mixin.py:190} INFO - [2025-06-09T14:33:41.922+0000] {dag.py:4180} INFO - Setting next_dagrun for dag_with_minio_s3_v05 to 2025-06-08 00:00:00+00:00, run_after=2025-06-09 00:00:00+00:00
[2025-06-09T14:33:42.012+0000] {processor.py:208} INFO - Processing /opt/airflow/dags/dag_with_minio_s3.py took 0.311 seconds
[2025-06-09T14:34:12.187+0000] {processor.py:186} INFO - Started process (PID=434) to work on /opt/airflow/dags/dag_with_minio_s3.py
[2025-06-09T14:34:12.189+0000] {processor.py:914} INFO - Processing file /opt/airflow/dags/dag_with_minio_s3.py for tasks to queue
[2025-06-09T14:34:12.194+0000] {logging_mixin.py:190} INFO - [2025-06-09T14:34:12.194+0000] {dagbag.py:588} INFO - Filling up the DagBag from /opt/airflow/dags/dag_with_minio_s3.py
[2025-06-09T14:34:12.225+0000] {processor.py:925} INFO - DAG(s) 'dag_with_minio_s3_v05' retrieved from /opt/airflow/dags/dag_with_minio_s3.py
[2025-06-09T14:34:12.264+0000] {logging_mixin.py:190} INFO - [2025-06-09T14:34:12.264+0000] {dag.py:3239} INFO - Sync 1 DAGs
[2025-06-09T14:34:12.301+0000] {logging_mixin.py:190} INFO - [2025-06-09T14:34:12.300+0000] {dag.py:4180} INFO - Setting next_dagrun for dag_with_minio_s3_v05 to 2025-06-08 00:00:00+00:00, run_after=2025-06-09 00:00:00+00:00
[2025-06-09T14:34:12.332+0000] {processor.py:208} INFO - Processing /opt/airflow/dags/dag_with_minio_s3.py took 0.156 seconds
[2025-06-09T14:34:42.720+0000] {processor.py:186} INFO - Started process (PID=488) to work on /opt/airflow/dags/dag_with_minio_s3.py
[2025-06-09T14:34:42.721+0000] {processor.py:914} INFO - Processing file /opt/airflow/dags/dag_with_minio_s3.py for tasks to queue
[2025-06-09T14:34:42.725+0000] {logging_mixin.py:190} INFO - [2025-06-09T14:34:42.724+0000] {dagbag.py:588} INFO - Filling up the DagBag from /opt/airflow/dags/dag_with_minio_s3.py
[2025-06-09T14:34:42.754+0000] {processor.py:925} INFO - DAG(s) 'dag_with_minio_s3_v05' retrieved from /opt/airflow/dags/dag_with_minio_s3.py
[2025-06-09T14:34:42.787+0000] {logging_mixin.py:190} INFO - [2025-06-09T14:34:42.786+0000] {dag.py:3239} INFO - Sync 1 DAGs
[2025-06-09T14:34:42.826+0000] {logging_mixin.py:190} INFO - [2025-06-09T14:34:42.826+0000] {dag.py:4180} INFO - Setting next_dagrun for dag_with_minio_s3_v05 to 2025-06-08 00:00:00+00:00, run_after=2025-06-09 00:00:00+00:00
[2025-06-09T14:34:42.851+0000] {processor.py:208} INFO - Processing /opt/airflow/dags/dag_with_minio_s3.py took 0.140 seconds
[2025-06-09T14:35:13.277+0000] {processor.py:186} INFO - Started process (PID=546) to work on /opt/airflow/dags/dag_with_minio_s3.py
[2025-06-09T14:35:13.278+0000] {processor.py:914} INFO - Processing file /opt/airflow/dags/dag_with_minio_s3.py for tasks to queue
[2025-06-09T14:35:13.282+0000] {logging_mixin.py:190} INFO - [2025-06-09T14:35:13.281+0000] {dagbag.py:588} INFO - Filling up the DagBag from /opt/airflow/dags/dag_with_minio_s3.py
[2025-06-09T14:35:13.306+0000] {processor.py:925} INFO - DAG(s) 'dag_with_minio_s3_v05' retrieved from /opt/airflow/dags/dag_with_minio_s3.py
[2025-06-09T14:35:13.335+0000] {logging_mixin.py:190} INFO - [2025-06-09T14:35:13.334+0000] {dag.py:3239} INFO - Sync 1 DAGs
[2025-06-09T14:35:13.366+0000] {logging_mixin.py:190} INFO - [2025-06-09T14:35:13.366+0000] {dag.py:4180} INFO - Setting next_dagrun for dag_with_minio_s3_v05 to 2025-06-08 00:00:00+00:00, run_after=2025-06-09 00:00:00+00:00
[2025-06-09T14:35:13.393+0000] {processor.py:208} INFO - Processing /opt/airflow/dags/dag_with_minio_s3.py took 0.123 seconds
[2025-06-09T14:35:43.880+0000] {processor.py:186} INFO - Started process (PID=602) to work on /opt/airflow/dags/dag_with_minio_s3.py
[2025-06-09T14:35:43.884+0000] {processor.py:914} INFO - Processing file /opt/airflow/dags/dag_with_minio_s3.py for tasks to queue
[2025-06-09T14:35:43.889+0000] {logging_mixin.py:190} INFO - [2025-06-09T14:35:43.888+0000] {dagbag.py:588} INFO - Filling up the DagBag from /opt/airflow/dags/dag_with_minio_s3.py
[2025-06-09T14:35:43.937+0000] {processor.py:925} INFO - DAG(s) 'dag_with_minio_s3_v05' retrieved from /opt/airflow/dags/dag_with_minio_s3.py
[2025-06-09T14:35:43.979+0000] {logging_mixin.py:190} INFO - [2025-06-09T14:35:43.979+0000] {dag.py:3239} INFO - Sync 1 DAGs
[2025-06-09T14:35:44.039+0000] {logging_mixin.py:190} INFO - [2025-06-09T14:35:44.039+0000] {dag.py:4180} INFO - Setting next_dagrun for dag_with_minio_s3_v05 to 2025-06-08 00:00:00+00:00, run_after=2025-06-09 00:00:00+00:00
[2025-06-09T14:35:44.088+0000] {processor.py:208} INFO - Processing /opt/airflow/dags/dag_with_minio_s3.py took 0.216 seconds
[2025-06-09T14:36:14.529+0000] {processor.py:186} INFO - Started process (PID=658) to work on /opt/airflow/dags/dag_with_minio_s3.py
[2025-06-09T14:36:14.530+0000] {processor.py:914} INFO - Processing file /opt/airflow/dags/dag_with_minio_s3.py for tasks to queue
[2025-06-09T14:36:14.534+0000] {logging_mixin.py:190} INFO - [2025-06-09T14:36:14.533+0000] {dagbag.py:588} INFO - Filling up the DagBag from /opt/airflow/dags/dag_with_minio_s3.py
[2025-06-09T14:36:14.564+0000] {processor.py:925} INFO - DAG(s) 'dag_with_minio_s3_v05' retrieved from /opt/airflow/dags/dag_with_minio_s3.py
[2025-06-09T14:36:14.623+0000] {logging_mixin.py:190} INFO - [2025-06-09T14:36:14.623+0000] {dag.py:3239} INFO - Sync 1 DAGs
[2025-06-09T14:36:14.669+0000] {logging_mixin.py:190} INFO - [2025-06-09T14:36:14.669+0000] {dag.py:4180} INFO - Setting next_dagrun for dag_with_minio_s3_v05 to 2025-06-08 00:00:00+00:00, run_after=2025-06-09 00:00:00+00:00
[2025-06-09T14:36:14.712+0000] {processor.py:208} INFO - Processing /opt/airflow/dags/dag_with_minio_s3.py took 0.193 seconds
[2025-06-09T14:36:44.872+0000] {processor.py:186} INFO - Started process (PID=714) to work on /opt/airflow/dags/dag_with_minio_s3.py
[2025-06-09T14:36:44.873+0000] {processor.py:914} INFO - Processing file /opt/airflow/dags/dag_with_minio_s3.py for tasks to queue
[2025-06-09T14:36:44.877+0000] {logging_mixin.py:190} INFO - [2025-06-09T14:36:44.876+0000] {dagbag.py:588} INFO - Filling up the DagBag from /opt/airflow/dags/dag_with_minio_s3.py
[2025-06-09T14:36:44.910+0000] {processor.py:925} INFO - DAG(s) 'dag_with_minio_s3_v05' retrieved from /opt/airflow/dags/dag_with_minio_s3.py
[2025-06-09T14:36:44.940+0000] {logging_mixin.py:190} INFO - [2025-06-09T14:36:44.940+0000] {dag.py:3239} INFO - Sync 1 DAGs
[2025-06-09T14:36:44.978+0000] {logging_mixin.py:190} INFO - [2025-06-09T14:36:44.978+0000] {dag.py:4180} INFO - Setting next_dagrun for dag_with_minio_s3_v05 to 2025-06-08 00:00:00+00:00, run_after=2025-06-09 00:00:00+00:00
[2025-06-09T14:36:45.008+0000] {processor.py:208} INFO - Processing /opt/airflow/dags/dag_with_minio_s3.py took 0.144 seconds
[2025-06-09T14:37:15.545+0000] {processor.py:186} INFO - Started process (PID=770) to work on /opt/airflow/dags/dag_with_minio_s3.py
[2025-06-09T14:37:15.546+0000] {processor.py:914} INFO - Processing file /opt/airflow/dags/dag_with_minio_s3.py for tasks to queue
[2025-06-09T14:37:15.550+0000] {logging_mixin.py:190} INFO - [2025-06-09T14:37:15.550+0000] {dagbag.py:588} INFO - Filling up the DagBag from /opt/airflow/dags/dag_with_minio_s3.py
[2025-06-09T14:37:15.579+0000] {processor.py:925} INFO - DAG(s) 'dag_with_minio_s3_v05' retrieved from /opt/airflow/dags/dag_with_minio_s3.py
[2025-06-09T14:37:15.613+0000] {logging_mixin.py:190} INFO - [2025-06-09T14:37:15.613+0000] {dag.py:3239} INFO - Sync 1 DAGs
[2025-06-09T14:37:15.675+0000] {logging_mixin.py:190} INFO - [2025-06-09T14:37:15.675+0000] {dag.py:4180} INFO - Setting next_dagrun for dag_with_minio_s3_v05 to 2025-06-08 00:00:00+00:00, run_after=2025-06-09 00:00:00+00:00
[2025-06-09T14:37:15.720+0000] {processor.py:208} INFO - Processing /opt/airflow/dags/dag_with_minio_s3.py took 0.185 seconds
[2025-06-09T14:37:46.464+0000] {processor.py:186} INFO - Started process (PID=826) to work on /opt/airflow/dags/dag_with_minio_s3.py
[2025-06-09T14:37:46.466+0000] {processor.py:914} INFO - Processing file /opt/airflow/dags/dag_with_minio_s3.py for tasks to queue
[2025-06-09T14:37:46.469+0000] {logging_mixin.py:190} INFO - [2025-06-09T14:37:46.469+0000] {dagbag.py:588} INFO - Filling up the DagBag from /opt/airflow/dags/dag_with_minio_s3.py
[2025-06-09T14:37:46.497+0000] {processor.py:925} INFO - DAG(s) 'dag_with_minio_s3_v05' retrieved from /opt/airflow/dags/dag_with_minio_s3.py
[2025-06-09T14:37:46.558+0000] {logging_mixin.py:190} INFO - [2025-06-09T14:37:46.557+0000] {dag.py:3239} INFO - Sync 1 DAGs
[2025-06-09T14:37:46.655+0000] {logging_mixin.py:190} INFO - [2025-06-09T14:37:46.649+0000] {dag.py:4180} INFO - Setting next_dagrun for dag_with_minio_s3_v05 to 2025-06-08 00:00:00+00:00, run_after=2025-06-09 00:00:00+00:00
[2025-06-09T14:37:46.709+0000] {processor.py:208} INFO - Processing /opt/airflow/dags/dag_with_minio_s3.py took 0.253 seconds
[2025-06-09T14:38:17.021+0000] {processor.py:186} INFO - Started process (PID=882) to work on /opt/airflow/dags/dag_with_minio_s3.py
[2025-06-09T14:38:17.022+0000] {processor.py:914} INFO - Processing file /opt/airflow/dags/dag_with_minio_s3.py for tasks to queue
[2025-06-09T14:38:17.028+0000] {logging_mixin.py:190} INFO - [2025-06-09T14:38:17.027+0000] {dagbag.py:588} INFO - Filling up the DagBag from /opt/airflow/dags/dag_with_minio_s3.py
[2025-06-09T14:38:17.060+0000] {processor.py:925} INFO - DAG(s) 'dag_with_minio_s3_v05' retrieved from /opt/airflow/dags/dag_with_minio_s3.py
[2025-06-09T14:38:17.107+0000] {logging_mixin.py:190} INFO - [2025-06-09T14:38:17.107+0000] {dag.py:3239} INFO - Sync 1 DAGs
[2025-06-09T14:38:17.194+0000] {logging_mixin.py:190} INFO - [2025-06-09T14:38:17.193+0000] {dag.py:4180} INFO - Setting next_dagrun for dag_with_minio_s3_v05 to 2025-06-08 00:00:00+00:00, run_after=2025-06-09 00:00:00+00:00
[2025-06-09T14:38:17.257+0000] {processor.py:208} INFO - Processing /opt/airflow/dags/dag_with_minio_s3.py took 0.246 seconds
[2025-06-09T14:38:47.573+0000] {processor.py:186} INFO - Started process (PID=938) to work on /opt/airflow/dags/dag_with_minio_s3.py
[2025-06-09T14:38:47.575+0000] {processor.py:914} INFO - Processing file /opt/airflow/dags/dag_with_minio_s3.py for tasks to queue
[2025-06-09T14:38:47.582+0000] {logging_mixin.py:190} INFO - [2025-06-09T14:38:47.581+0000] {dagbag.py:588} INFO - Filling up the DagBag from /opt/airflow/dags/dag_with_minio_s3.py
[2025-06-09T14:38:47.619+0000] {processor.py:925} INFO - DAG(s) 'dag_with_minio_s3_v05' retrieved from /opt/airflow/dags/dag_with_minio_s3.py
[2025-06-09T14:38:47.654+0000] {logging_mixin.py:190} INFO - [2025-06-09T14:38:47.654+0000] {dag.py:3239} INFO - Sync 1 DAGs
[2025-06-09T14:38:47.694+0000] {logging_mixin.py:190} INFO - [2025-06-09T14:38:47.693+0000] {dag.py:4180} INFO - Setting next_dagrun for dag_with_minio_s3_v05 to 2025-06-08 00:00:00+00:00, run_after=2025-06-09 00:00:00+00:00
[2025-06-09T14:38:47.732+0000] {processor.py:208} INFO - Processing /opt/airflow/dags/dag_with_minio_s3.py took 0.168 seconds
[2025-06-09T14:39:18.348+0000] {processor.py:186} INFO - Started process (PID=994) to work on /opt/airflow/dags/dag_with_minio_s3.py
[2025-06-09T14:39:18.350+0000] {processor.py:914} INFO - Processing file /opt/airflow/dags/dag_with_minio_s3.py for tasks to queue
[2025-06-09T14:39:18.353+0000] {logging_mixin.py:190} INFO - [2025-06-09T14:39:18.352+0000] {dagbag.py:588} INFO - Filling up the DagBag from /opt/airflow/dags/dag_with_minio_s3.py
[2025-06-09T14:39:18.384+0000] {processor.py:925} INFO - DAG(s) 'dag_with_minio_s3_v05' retrieved from /opt/airflow/dags/dag_with_minio_s3.py
[2025-06-09T14:39:18.417+0000] {logging_mixin.py:190} INFO - [2025-06-09T14:39:18.417+0000] {dag.py:3239} INFO - Sync 1 DAGs
[2025-06-09T14:39:18.459+0000] {logging_mixin.py:190} INFO - [2025-06-09T14:39:18.459+0000] {dag.py:4180} INFO - Setting next_dagrun for dag_with_minio_s3_v05 to 2025-06-08 00:00:00+00:00, run_after=2025-06-09 00:00:00+00:00
[2025-06-09T14:39:18.502+0000] {processor.py:208} INFO - Processing /opt/airflow/dags/dag_with_minio_s3.py took 0.164 seconds
[2025-06-09T14:39:49.545+0000] {processor.py:186} INFO - Started process (PID=1050) to work on /opt/airflow/dags/dag_with_minio_s3.py
[2025-06-09T14:39:49.547+0000] {processor.py:914} INFO - Processing file /opt/airflow/dags/dag_with_minio_s3.py for tasks to queue
[2025-06-09T14:39:49.551+0000] {logging_mixin.py:190} INFO - [2025-06-09T14:39:49.550+0000] {dagbag.py:588} INFO - Filling up the DagBag from /opt/airflow/dags/dag_with_minio_s3.py
[2025-06-09T14:39:49.588+0000] {processor.py:925} INFO - DAG(s) 'dag_with_minio_s3_v05' retrieved from /opt/airflow/dags/dag_with_minio_s3.py
[2025-06-09T14:39:49.633+0000] {logging_mixin.py:190} INFO - [2025-06-09T14:39:49.632+0000] {dag.py:3239} INFO - Sync 1 DAGs
[2025-06-09T14:39:49.682+0000] {logging_mixin.py:190} INFO - [2025-06-09T14:39:49.681+0000] {dag.py:4180} INFO - Setting next_dagrun for dag_with_minio_s3_v05 to 2025-06-08 00:00:00+00:00, run_after=2025-06-09 00:00:00+00:00
[2025-06-09T14:39:49.722+0000] {processor.py:208} INFO - Processing /opt/airflow/dags/dag_with_minio_s3.py took 0.186 seconds
[2025-06-09T14:40:20.555+0000] {processor.py:186} INFO - Started process (PID=1106) to work on /opt/airflow/dags/dag_with_minio_s3.py
[2025-06-09T14:40:20.566+0000] {processor.py:914} INFO - Processing file /opt/airflow/dags/dag_with_minio_s3.py for tasks to queue
[2025-06-09T14:40:20.572+0000] {logging_mixin.py:190} INFO - [2025-06-09T14:40:20.570+0000] {dagbag.py:588} INFO - Filling up the DagBag from /opt/airflow/dags/dag_with_minio_s3.py
[2025-06-09T14:40:20.654+0000] {processor.py:925} INFO - DAG(s) 'dag_with_minio_s3_v05' retrieved from /opt/airflow/dags/dag_with_minio_s3.py
[2025-06-09T14:40:20.721+0000] {logging_mixin.py:190} INFO - [2025-06-09T14:40:20.721+0000] {dag.py:3239} INFO - Sync 1 DAGs
[2025-06-09T14:40:20.840+0000] {logging_mixin.py:190} INFO - [2025-06-09T14:40:20.840+0000] {dag.py:4180} INFO - Setting next_dagrun for dag_with_minio_s3_v05 to 2025-06-08 00:00:00+00:00, run_after=2025-06-09 00:00:00+00:00
[2025-06-09T14:40:20.907+0000] {processor.py:208} INFO - Processing /opt/airflow/dags/dag_with_minio_s3.py took 0.363 seconds
[2025-06-09T14:40:51.779+0000] {processor.py:186} INFO - Started process (PID=1162) to work on /opt/airflow/dags/dag_with_minio_s3.py
[2025-06-09T14:40:51.780+0000] {processor.py:914} INFO - Processing file /opt/airflow/dags/dag_with_minio_s3.py for tasks to queue
[2025-06-09T14:40:51.785+0000] {logging_mixin.py:190} INFO - [2025-06-09T14:40:51.784+0000] {dagbag.py:588} INFO - Filling up the DagBag from /opt/airflow/dags/dag_with_minio_s3.py
[2025-06-09T14:40:51.818+0000] {processor.py:925} INFO - DAG(s) 'dag_with_minio_s3_v05' retrieved from /opt/airflow/dags/dag_with_minio_s3.py
[2025-06-09T14:40:51.855+0000] {logging_mixin.py:190} INFO - [2025-06-09T14:40:51.854+0000] {dag.py:3239} INFO - Sync 1 DAGs
[2025-06-09T14:40:51.900+0000] {logging_mixin.py:190} INFO - [2025-06-09T14:40:51.899+0000] {dag.py:4180} INFO - Setting next_dagrun for dag_with_minio_s3_v05 to 2025-06-08 00:00:00+00:00, run_after=2025-06-09 00:00:00+00:00
[2025-06-09T14:40:51.936+0000] {processor.py:208} INFO - Processing /opt/airflow/dags/dag_with_minio_s3.py took 0.166 seconds
[2025-06-09T14:41:22.280+0000] {processor.py:186} INFO - Started process (PID=1218) to work on /opt/airflow/dags/dag_with_minio_s3.py
[2025-06-09T14:41:22.283+0000] {processor.py:914} INFO - Processing file /opt/airflow/dags/dag_with_minio_s3.py for tasks to queue
[2025-06-09T14:41:22.297+0000] {logging_mixin.py:190} INFO - [2025-06-09T14:41:22.296+0000] {dagbag.py:588} INFO - Filling up the DagBag from /opt/airflow/dags/dag_with_minio_s3.py
[2025-06-09T14:41:22.396+0000] {processor.py:925} INFO - DAG(s) 'dag_with_minio_s3_v05' retrieved from /opt/airflow/dags/dag_with_minio_s3.py
[2025-06-09T14:41:22.491+0000] {logging_mixin.py:190} INFO - [2025-06-09T14:41:22.491+0000] {dag.py:3239} INFO - Sync 1 DAGs
[2025-06-09T14:41:22.558+0000] {logging_mixin.py:190} INFO - [2025-06-09T14:41:22.558+0000] {dag.py:4180} INFO - Setting next_dagrun for dag_with_minio_s3_v05 to 2025-06-08 00:00:00+00:00, run_after=2025-06-09 00:00:00+00:00
[2025-06-09T14:41:22.601+0000] {processor.py:208} INFO - Processing /opt/airflow/dags/dag_with_minio_s3.py took 0.337 seconds
[2025-06-09T14:41:53.470+0000] {processor.py:186} INFO - Started process (PID=1275) to work on /opt/airflow/dags/dag_with_minio_s3.py
[2025-06-09T14:41:53.472+0000] {processor.py:914} INFO - Processing file /opt/airflow/dags/dag_with_minio_s3.py for tasks to queue
[2025-06-09T14:41:53.482+0000] {logging_mixin.py:190} INFO - [2025-06-09T14:41:53.482+0000] {dagbag.py:588} INFO - Filling up the DagBag from /opt/airflow/dags/dag_with_minio_s3.py
[2025-06-09T14:41:53.665+0000] {processor.py:925} INFO - DAG(s) 'dag_with_minio_s3_v05' retrieved from /opt/airflow/dags/dag_with_minio_s3.py
[2025-06-09T14:41:53.788+0000] {logging_mixin.py:190} INFO - [2025-06-09T14:41:53.783+0000] {dag.py:3239} INFO - Sync 1 DAGs
[2025-06-09T14:41:53.917+0000] {logging_mixin.py:190} INFO - [2025-06-09T14:41:53.917+0000] {dag.py:4180} INFO - Setting next_dagrun for dag_with_minio_s3_v05 to 2025-06-08 00:00:00+00:00, run_after=2025-06-09 00:00:00+00:00
[2025-06-09T14:41:54.009+0000] {processor.py:208} INFO - Processing /opt/airflow/dags/dag_with_minio_s3.py took 0.559 seconds
[2025-06-09T14:42:24.857+0000] {processor.py:186} INFO - Started process (PID=1331) to work on /opt/airflow/dags/dag_with_minio_s3.py
[2025-06-09T14:42:24.861+0000] {processor.py:914} INFO - Processing file /opt/airflow/dags/dag_with_minio_s3.py for tasks to queue
[2025-06-09T14:42:24.870+0000] {logging_mixin.py:190} INFO - [2025-06-09T14:42:24.867+0000] {dagbag.py:588} INFO - Filling up the DagBag from /opt/airflow/dags/dag_with_minio_s3.py
[2025-06-09T14:42:24.951+0000] {processor.py:925} INFO - DAG(s) 'dag_with_minio_s3_v05' retrieved from /opt/airflow/dags/dag_with_minio_s3.py
[2025-06-09T14:42:25.085+0000] {logging_mixin.py:190} INFO - [2025-06-09T14:42:25.084+0000] {dag.py:3239} INFO - Sync 1 DAGs
[2025-06-09T14:42:25.188+0000] {logging_mixin.py:190} INFO - [2025-06-09T14:42:25.187+0000] {dag.py:4180} INFO - Setting next_dagrun for dag_with_minio_s3_v05 to 2025-06-08 00:00:00+00:00, run_after=2025-06-09 00:00:00+00:00
[2025-06-09T14:42:25.315+0000] {processor.py:208} INFO - Processing /opt/airflow/dags/dag_with_minio_s3.py took 0.477 seconds
[2025-06-09T14:42:55.722+0000] {processor.py:186} INFO - Started process (PID=1387) to work on /opt/airflow/dags/dag_with_minio_s3.py
[2025-06-09T14:42:55.724+0000] {processor.py:914} INFO - Processing file /opt/airflow/dags/dag_with_minio_s3.py for tasks to queue
[2025-06-09T14:42:55.732+0000] {logging_mixin.py:190} INFO - [2025-06-09T14:42:55.731+0000] {dagbag.py:588} INFO - Filling up the DagBag from /opt/airflow/dags/dag_with_minio_s3.py
[2025-06-09T14:42:55.779+0000] {processor.py:925} INFO - DAG(s) 'dag_with_minio_s3_v05' retrieved from /opt/airflow/dags/dag_with_minio_s3.py
[2025-06-09T14:42:55.831+0000] {logging_mixin.py:190} INFO - [2025-06-09T14:42:55.830+0000] {dag.py:3239} INFO - Sync 1 DAGs
[2025-06-09T14:42:55.885+0000] {logging_mixin.py:190} INFO - [2025-06-09T14:42:55.885+0000] {dag.py:4180} INFO - Setting next_dagrun for dag_with_minio_s3_v05 to 2025-06-08 00:00:00+00:00, run_after=2025-06-09 00:00:00+00:00
[2025-06-09T14:42:55.934+0000] {processor.py:208} INFO - Processing /opt/airflow/dags/dag_with_minio_s3.py took 0.233 seconds
[2025-06-09T14:43:26.636+0000] {processor.py:186} INFO - Started process (PID=1443) to work on /opt/airflow/dags/dag_with_minio_s3.py
[2025-06-09T14:43:26.639+0000] {processor.py:914} INFO - Processing file /opt/airflow/dags/dag_with_minio_s3.py for tasks to queue
[2025-06-09T14:43:26.646+0000] {logging_mixin.py:190} INFO - [2025-06-09T14:43:26.645+0000] {dagbag.py:588} INFO - Filling up the DagBag from /opt/airflow/dags/dag_with_minio_s3.py
[2025-06-09T14:43:26.694+0000] {processor.py:925} INFO - DAG(s) 'dag_with_minio_s3_v05' retrieved from /opt/airflow/dags/dag_with_minio_s3.py
[2025-06-09T14:43:26.745+0000] {logging_mixin.py:190} INFO - [2025-06-09T14:43:26.744+0000] {dag.py:3239} INFO - Sync 1 DAGs
[2025-06-09T14:43:26.826+0000] {logging_mixin.py:190} INFO - [2025-06-09T14:43:26.825+0000] {dag.py:4180} INFO - Setting next_dagrun for dag_with_minio_s3_v05 to 2025-06-08 00:00:00+00:00, run_after=2025-06-09 00:00:00+00:00
[2025-06-09T14:43:26.878+0000] {processor.py:208} INFO - Processing /opt/airflow/dags/dag_with_minio_s3.py took 0.252 seconds
[2025-06-09T14:43:57.182+0000] {processor.py:186} INFO - Started process (PID=1499) to work on /opt/airflow/dags/dag_with_minio_s3.py
[2025-06-09T14:43:57.185+0000] {processor.py:914} INFO - Processing file /opt/airflow/dags/dag_with_minio_s3.py for tasks to queue
[2025-06-09T14:43:57.191+0000] {logging_mixin.py:190} INFO - [2025-06-09T14:43:57.190+0000] {dagbag.py:588} INFO - Filling up the DagBag from /opt/airflow/dags/dag_with_minio_s3.py
[2025-06-09T14:43:57.228+0000] {processor.py:925} INFO - DAG(s) 'dag_with_minio_s3_v05' retrieved from /opt/airflow/dags/dag_with_minio_s3.py
[2025-06-09T14:43:57.284+0000] {logging_mixin.py:190} INFO - [2025-06-09T14:43:57.283+0000] {dag.py:3239} INFO - Sync 1 DAGs
[2025-06-09T14:43:57.335+0000] {logging_mixin.py:190} INFO - [2025-06-09T14:43:57.334+0000] {dag.py:4180} INFO - Setting next_dagrun for dag_with_minio_s3_v05 to 2025-06-08 00:00:00+00:00, run_after=2025-06-09 00:00:00+00:00
[2025-06-09T14:43:57.372+0000] {processor.py:208} INFO - Processing /opt/airflow/dags/dag_with_minio_s3.py took 0.207 seconds
[2025-06-09T14:44:27.555+0000] {processor.py:186} INFO - Started process (PID=1555) to work on /opt/airflow/dags/dag_with_minio_s3.py
[2025-06-09T14:44:27.556+0000] {processor.py:914} INFO - Processing file /opt/airflow/dags/dag_with_minio_s3.py for tasks to queue
[2025-06-09T14:44:27.559+0000] {logging_mixin.py:190} INFO - [2025-06-09T14:44:27.559+0000] {dagbag.py:588} INFO - Filling up the DagBag from /opt/airflow/dags/dag_with_minio_s3.py
[2025-06-09T14:44:27.605+0000] {processor.py:925} INFO - DAG(s) 'dag_with_minio_s3_v05' retrieved from /opt/airflow/dags/dag_with_minio_s3.py
[2025-06-09T14:44:27.694+0000] {logging_mixin.py:190} INFO - [2025-06-09T14:44:27.693+0000] {dag.py:3239} INFO - Sync 1 DAGs
[2025-06-09T14:44:27.772+0000] {logging_mixin.py:190} INFO - [2025-06-09T14:44:27.771+0000] {dag.py:4180} INFO - Setting next_dagrun for dag_with_minio_s3_v05 to 2025-06-08 00:00:00+00:00, run_after=2025-06-09 00:00:00+00:00
[2025-06-09T14:44:27.841+0000] {processor.py:208} INFO - Processing /opt/airflow/dags/dag_with_minio_s3.py took 0.295 seconds
[2025-06-09T14:44:58.117+0000] {processor.py:186} INFO - Started process (PID=1611) to work on /opt/airflow/dags/dag_with_minio_s3.py
[2025-06-09T14:44:58.119+0000] {processor.py:914} INFO - Processing file /opt/airflow/dags/dag_with_minio_s3.py for tasks to queue
[2025-06-09T14:44:58.124+0000] {logging_mixin.py:190} INFO - [2025-06-09T14:44:58.123+0000] {dagbag.py:588} INFO - Filling up the DagBag from /opt/airflow/dags/dag_with_minio_s3.py
[2025-06-09T14:44:58.164+0000] {processor.py:925} INFO - DAG(s) 'dag_with_minio_s3_v05' retrieved from /opt/airflow/dags/dag_with_minio_s3.py
[2025-06-09T14:44:58.210+0000] {logging_mixin.py:190} INFO - [2025-06-09T14:44:58.210+0000] {dag.py:3239} INFO - Sync 1 DAGs
[2025-06-09T14:44:58.263+0000] {logging_mixin.py:190} INFO - [2025-06-09T14:44:58.263+0000] {dag.py:4180} INFO - Setting next_dagrun for dag_with_minio_s3_v05 to 2025-06-08 00:00:00+00:00, run_after=2025-06-09 00:00:00+00:00
[2025-06-09T14:44:58.308+0000] {processor.py:208} INFO - Processing /opt/airflow/dags/dag_with_minio_s3.py took 0.201 seconds
[2025-06-09T14:45:29.131+0000] {processor.py:186} INFO - Started process (PID=1667) to work on /opt/airflow/dags/dag_with_minio_s3.py
[2025-06-09T14:45:29.133+0000] {processor.py:914} INFO - Processing file /opt/airflow/dags/dag_with_minio_s3.py for tasks to queue
[2025-06-09T14:45:29.144+0000] {logging_mixin.py:190} INFO - [2025-06-09T14:45:29.143+0000] {dagbag.py:588} INFO - Filling up the DagBag from /opt/airflow/dags/dag_with_minio_s3.py
[2025-06-09T14:45:29.196+0000] {processor.py:925} INFO - DAG(s) 'dag_with_minio_s3_v05' retrieved from /opt/airflow/dags/dag_with_minio_s3.py
[2025-06-09T14:45:29.249+0000] {logging_mixin.py:190} INFO - [2025-06-09T14:45:29.249+0000] {dag.py:3239} INFO - Sync 1 DAGs
[2025-06-09T14:45:29.321+0000] {logging_mixin.py:190} INFO - [2025-06-09T14:45:29.321+0000] {dag.py:4180} INFO - Setting next_dagrun for dag_with_minio_s3_v05 to 2025-06-08 00:00:00+00:00, run_after=2025-06-09 00:00:00+00:00
[2025-06-09T14:45:29.372+0000] {processor.py:208} INFO - Processing /opt/airflow/dags/dag_with_minio_s3.py took 0.255 seconds
