[2025-06-09T14:32:08.841+0000] {processor.py:186} INFO - Started process (PID=207) to work on /opt/airflow/dags/dag_with_cron_expression.py
[2025-06-09T14:32:08.843+0000] {processor.py:914} INFO - Processing file /opt/airflow/dags/dag_with_cron_expression.py for tasks to queue
[2025-06-09T14:32:08.859+0000] {logging_mixin.py:190} INFO - [2025-06-09T14:32:08.847+0000] {dagbag.py:588} INFO - Filling up the DagBag from /opt/airflow/dags/dag_with_cron_expression.py
[2025-06-09T14:32:08.938+0000] {processor.py:925} INFO - DAG(s) 'dag_with_cron_expression_v03' retrieved from /opt/airflow/dags/dag_with_cron_expression.py
[2025-06-09T14:32:09.195+0000] {logging_mixin.py:190} INFO - [2025-06-09T14:32:09.195+0000] {dag.py:3239} INFO - Sync 1 DAGs
[2025-06-09T14:32:09.239+0000] {logging_mixin.py:190} INFO - [2025-06-09T14:32:09.239+0000] {dag.py:4180} INFO - Setting next_dagrun for dag_with_cron_expression_v03 to 2025-04-04 04:10:00+00:00, run_after=2025-04-08 02:10:00+00:00
[2025-06-09T14:32:09.285+0000] {processor.py:208} INFO - Processing /opt/airflow/dags/dag_with_cron_expression.py took 0.462 seconds
[2025-06-09T14:32:40.105+0000] {processor.py:186} INFO - Started process (PID=265) to work on /opt/airflow/dags/dag_with_cron_expression.py
[2025-06-09T14:32:40.107+0000] {processor.py:914} INFO - Processing file /opt/airflow/dags/dag_with_cron_expression.py for tasks to queue
[2025-06-09T14:32:40.111+0000] {logging_mixin.py:190} INFO - [2025-06-09T14:32:40.110+0000] {dagbag.py:588} INFO - Filling up the DagBag from /opt/airflow/dags/dag_with_cron_expression.py
[2025-06-09T14:32:40.183+0000] {processor.py:925} INFO - DAG(s) 'dag_with_cron_expression_v03' retrieved from /opt/airflow/dags/dag_with_cron_expression.py
[2025-06-09T14:32:40.296+0000] {logging_mixin.py:190} INFO - [2025-06-09T14:32:40.296+0000] {dag.py:3239} INFO - Sync 1 DAGs
[2025-06-09T14:32:40.451+0000] {logging_mixin.py:190} INFO - [2025-06-09T14:32:40.451+0000] {dag.py:4180} INFO - Setting next_dagrun for dag_with_cron_expression_v03 to 2025-04-04 04:10:00+00:00, run_after=2025-04-08 02:10:00+00:00
[2025-06-09T14:32:40.546+0000] {processor.py:208} INFO - Processing /opt/airflow/dags/dag_with_cron_expression.py took 0.462 seconds
[2025-06-09T14:33:11.016+0000] {processor.py:186} INFO - Started process (PID=321) to work on /opt/airflow/dags/dag_with_cron_expression.py
[2025-06-09T14:33:11.018+0000] {processor.py:914} INFO - Processing file /opt/airflow/dags/dag_with_cron_expression.py for tasks to queue
[2025-06-09T14:33:11.024+0000] {logging_mixin.py:190} INFO - [2025-06-09T14:33:11.023+0000] {dagbag.py:588} INFO - Filling up the DagBag from /opt/airflow/dags/dag_with_cron_expression.py
[2025-06-09T14:33:11.080+0000] {processor.py:925} INFO - DAG(s) 'dag_with_cron_expression_v03' retrieved from /opt/airflow/dags/dag_with_cron_expression.py
[2025-06-09T14:33:11.142+0000] {logging_mixin.py:190} INFO - [2025-06-09T14:33:11.142+0000] {dag.py:3239} INFO - Sync 1 DAGs
[2025-06-09T14:33:11.218+0000] {logging_mixin.py:190} INFO - [2025-06-09T14:33:11.218+0000] {dag.py:4180} INFO - Setting next_dagrun for dag_with_cron_expression_v03 to 2025-04-04 04:10:00+00:00, run_after=2025-04-08 02:10:00+00:00
[2025-06-09T14:33:11.257+0000] {processor.py:208} INFO - Processing /opt/airflow/dags/dag_with_cron_expression.py took 0.258 seconds
[2025-06-09T14:33:42.156+0000] {processor.py:186} INFO - Started process (PID=384) to work on /opt/airflow/dags/dag_with_cron_expression.py
[2025-06-09T14:33:42.158+0000] {processor.py:914} INFO - Processing file /opt/airflow/dags/dag_with_cron_expression.py for tasks to queue
[2025-06-09T14:33:42.164+0000] {logging_mixin.py:190} INFO - [2025-06-09T14:33:42.163+0000] {dagbag.py:588} INFO - Filling up the DagBag from /opt/airflow/dags/dag_with_cron_expression.py
[2025-06-09T14:33:42.210+0000] {processor.py:925} INFO - DAG(s) 'dag_with_cron_expression_v03' retrieved from /opt/airflow/dags/dag_with_cron_expression.py
[2025-06-09T14:33:42.270+0000] {logging_mixin.py:190} INFO - [2025-06-09T14:33:42.270+0000] {dag.py:3239} INFO - Sync 1 DAGs
[2025-06-09T14:33:42.322+0000] {logging_mixin.py:190} INFO - [2025-06-09T14:33:42.322+0000] {dag.py:4180} INFO - Setting next_dagrun for dag_with_cron_expression_v03 to 2025-04-04 04:10:00+00:00, run_after=2025-04-08 02:10:00+00:00
[2025-06-09T14:33:42.379+0000] {processor.py:208} INFO - Processing /opt/airflow/dags/dag_with_cron_expression.py took 0.235 seconds
[2025-06-09T14:34:13.228+0000] {processor.py:186} INFO - Started process (PID=439) to work on /opt/airflow/dags/dag_with_cron_expression.py
[2025-06-09T14:34:13.229+0000] {processor.py:914} INFO - Processing file /opt/airflow/dags/dag_with_cron_expression.py for tasks to queue
[2025-06-09T14:34:13.235+0000] {logging_mixin.py:190} INFO - [2025-06-09T14:34:13.234+0000] {dagbag.py:588} INFO - Filling up the DagBag from /opt/airflow/dags/dag_with_cron_expression.py
[2025-06-09T14:34:13.267+0000] {processor.py:925} INFO - DAG(s) 'dag_with_cron_expression_v03' retrieved from /opt/airflow/dags/dag_with_cron_expression.py
[2025-06-09T14:34:13.302+0000] {logging_mixin.py:190} INFO - [2025-06-09T14:34:13.302+0000] {dag.py:3239} INFO - Sync 1 DAGs
[2025-06-09T14:34:13.338+0000] {logging_mixin.py:190} INFO - [2025-06-09T14:34:13.337+0000] {dag.py:4180} INFO - Setting next_dagrun for dag_with_cron_expression_v03 to 2025-04-04 04:10:00+00:00, run_after=2025-04-08 02:10:00+00:00
[2025-06-09T14:34:13.368+0000] {processor.py:208} INFO - Processing /opt/airflow/dags/dag_with_cron_expression.py took 0.148 seconds
[2025-06-09T14:34:43.829+0000] {processor.py:186} INFO - Started process (PID=495) to work on /opt/airflow/dags/dag_with_cron_expression.py
[2025-06-09T14:34:43.831+0000] {processor.py:914} INFO - Processing file /opt/airflow/dags/dag_with_cron_expression.py for tasks to queue
[2025-06-09T14:34:43.837+0000] {logging_mixin.py:190} INFO - [2025-06-09T14:34:43.836+0000] {dagbag.py:588} INFO - Filling up the DagBag from /opt/airflow/dags/dag_with_cron_expression.py
[2025-06-09T14:34:43.881+0000] {processor.py:925} INFO - DAG(s) 'dag_with_cron_expression_v03' retrieved from /opt/airflow/dags/dag_with_cron_expression.py
[2025-06-09T14:34:43.931+0000] {logging_mixin.py:190} INFO - [2025-06-09T14:34:43.931+0000] {dag.py:3239} INFO - Sync 1 DAGs
[2025-06-09T14:34:43.981+0000] {logging_mixin.py:190} INFO - [2025-06-09T14:34:43.981+0000] {dag.py:4180} INFO - Setting next_dagrun for dag_with_cron_expression_v03 to 2025-04-04 04:10:00+00:00, run_after=2025-04-08 02:10:00+00:00
[2025-06-09T14:34:44.013+0000] {processor.py:208} INFO - Processing /opt/airflow/dags/dag_with_cron_expression.py took 0.198 seconds
[2025-06-09T14:35:14.321+0000] {processor.py:186} INFO - Started process (PID=551) to work on /opt/airflow/dags/dag_with_cron_expression.py
[2025-06-09T14:35:14.322+0000] {processor.py:914} INFO - Processing file /opt/airflow/dags/dag_with_cron_expression.py for tasks to queue
[2025-06-09T14:35:14.325+0000] {logging_mixin.py:190} INFO - [2025-06-09T14:35:14.325+0000] {dagbag.py:588} INFO - Filling up the DagBag from /opt/airflow/dags/dag_with_cron_expression.py
[2025-06-09T14:35:14.357+0000] {processor.py:925} INFO - DAG(s) 'dag_with_cron_expression_v03' retrieved from /opt/airflow/dags/dag_with_cron_expression.py
[2025-06-09T14:35:14.397+0000] {logging_mixin.py:190} INFO - [2025-06-09T14:35:14.396+0000] {dag.py:3239} INFO - Sync 1 DAGs
[2025-06-09T14:35:14.441+0000] {logging_mixin.py:190} INFO - [2025-06-09T14:35:14.441+0000] {dag.py:4180} INFO - Setting next_dagrun for dag_with_cron_expression_v03 to 2025-04-04 04:10:00+00:00, run_after=2025-04-08 02:10:00+00:00
[2025-06-09T14:35:14.476+0000] {processor.py:208} INFO - Processing /opt/airflow/dags/dag_with_cron_expression.py took 0.163 seconds
[2025-06-09T14:35:44.914+0000] {processor.py:186} INFO - Started process (PID=607) to work on /opt/airflow/dags/dag_with_cron_expression.py
[2025-06-09T14:35:44.915+0000] {processor.py:914} INFO - Processing file /opt/airflow/dags/dag_with_cron_expression.py for tasks to queue
[2025-06-09T14:35:44.919+0000] {logging_mixin.py:190} INFO - [2025-06-09T14:35:44.919+0000] {dagbag.py:588} INFO - Filling up the DagBag from /opt/airflow/dags/dag_with_cron_expression.py
[2025-06-09T14:35:44.952+0000] {processor.py:925} INFO - DAG(s) 'dag_with_cron_expression_v03' retrieved from /opt/airflow/dags/dag_with_cron_expression.py
[2025-06-09T14:35:44.988+0000] {logging_mixin.py:190} INFO - [2025-06-09T14:35:44.988+0000] {dag.py:3239} INFO - Sync 1 DAGs
[2025-06-09T14:35:45.034+0000] {logging_mixin.py:190} INFO - [2025-06-09T14:35:45.034+0000] {dag.py:4180} INFO - Setting next_dagrun for dag_with_cron_expression_v03 to 2025-04-04 04:10:00+00:00, run_after=2025-04-08 02:10:00+00:00
[2025-06-09T14:35:45.075+0000] {processor.py:208} INFO - Processing /opt/airflow/dags/dag_with_cron_expression.py took 0.169 seconds
[2025-06-09T14:36:15.585+0000] {processor.py:186} INFO - Started process (PID=663) to work on /opt/airflow/dags/dag_with_cron_expression.py
[2025-06-09T14:36:15.587+0000] {processor.py:914} INFO - Processing file /opt/airflow/dags/dag_with_cron_expression.py for tasks to queue
[2025-06-09T14:36:15.590+0000] {logging_mixin.py:190} INFO - [2025-06-09T14:36:15.590+0000] {dagbag.py:588} INFO - Filling up the DagBag from /opt/airflow/dags/dag_with_cron_expression.py
[2025-06-09T14:36:15.629+0000] {processor.py:925} INFO - DAG(s) 'dag_with_cron_expression_v03' retrieved from /opt/airflow/dags/dag_with_cron_expression.py
[2025-06-09T14:36:15.672+0000] {logging_mixin.py:190} INFO - [2025-06-09T14:36:15.672+0000] {dag.py:3239} INFO - Sync 1 DAGs
[2025-06-09T14:36:15.722+0000] {logging_mixin.py:190} INFO - [2025-06-09T14:36:15.722+0000] {dag.py:4180} INFO - Setting next_dagrun for dag_with_cron_expression_v03 to 2025-04-04 04:10:00+00:00, run_after=2025-04-08 02:10:00+00:00
[2025-06-09T14:36:15.760+0000] {processor.py:208} INFO - Processing /opt/airflow/dags/dag_with_cron_expression.py took 0.187 seconds
[2025-06-09T14:36:45.899+0000] {processor.py:186} INFO - Started process (PID=719) to work on /opt/airflow/dags/dag_with_cron_expression.py
[2025-06-09T14:36:45.901+0000] {processor.py:914} INFO - Processing file /opt/airflow/dags/dag_with_cron_expression.py for tasks to queue
[2025-06-09T14:36:45.904+0000] {logging_mixin.py:190} INFO - [2025-06-09T14:36:45.904+0000] {dagbag.py:588} INFO - Filling up the DagBag from /opt/airflow/dags/dag_with_cron_expression.py
[2025-06-09T14:36:45.936+0000] {processor.py:925} INFO - DAG(s) 'dag_with_cron_expression_v03' retrieved from /opt/airflow/dags/dag_with_cron_expression.py
[2025-06-09T14:36:45.970+0000] {logging_mixin.py:190} INFO - [2025-06-09T14:36:45.969+0000] {dag.py:3239} INFO - Sync 1 DAGs
[2025-06-09T14:36:46.008+0000] {logging_mixin.py:190} INFO - [2025-06-09T14:36:46.007+0000] {dag.py:4180} INFO - Setting next_dagrun for dag_with_cron_expression_v03 to 2025-04-04 04:10:00+00:00, run_after=2025-04-08 02:10:00+00:00
[2025-06-09T14:36:46.050+0000] {processor.py:208} INFO - Processing /opt/airflow/dags/dag_with_cron_expression.py took 0.157 seconds
[2025-06-09T14:37:16.590+0000] {processor.py:186} INFO - Started process (PID=775) to work on /opt/airflow/dags/dag_with_cron_expression.py
[2025-06-09T14:37:16.592+0000] {processor.py:914} INFO - Processing file /opt/airflow/dags/dag_with_cron_expression.py for tasks to queue
[2025-06-09T14:37:16.595+0000] {logging_mixin.py:190} INFO - [2025-06-09T14:37:16.595+0000] {dagbag.py:588} INFO - Filling up the DagBag from /opt/airflow/dags/dag_with_cron_expression.py
[2025-06-09T14:37:16.634+0000] {processor.py:925} INFO - DAG(s) 'dag_with_cron_expression_v03' retrieved from /opt/airflow/dags/dag_with_cron_expression.py
[2025-06-09T14:37:16.695+0000] {logging_mixin.py:190} INFO - [2025-06-09T14:37:16.695+0000] {dag.py:3239} INFO - Sync 1 DAGs
[2025-06-09T14:37:16.786+0000] {logging_mixin.py:190} INFO - [2025-06-09T14:37:16.786+0000] {dag.py:4180} INFO - Setting next_dagrun for dag_with_cron_expression_v03 to 2025-04-04 04:10:00+00:00, run_after=2025-04-08 02:10:00+00:00
[2025-06-09T14:37:16.849+0000] {processor.py:208} INFO - Processing /opt/airflow/dags/dag_with_cron_expression.py took 0.268 seconds
[2025-06-09T14:37:47.527+0000] {processor.py:186} INFO - Started process (PID=831) to work on /opt/airflow/dags/dag_with_cron_expression.py
[2025-06-09T14:37:47.530+0000] {processor.py:914} INFO - Processing file /opt/airflow/dags/dag_with_cron_expression.py for tasks to queue
[2025-06-09T14:37:47.535+0000] {logging_mixin.py:190} INFO - [2025-06-09T14:37:47.534+0000] {dagbag.py:588} INFO - Filling up the DagBag from /opt/airflow/dags/dag_with_cron_expression.py
[2025-06-09T14:37:47.579+0000] {processor.py:925} INFO - DAG(s) 'dag_with_cron_expression_v03' retrieved from /opt/airflow/dags/dag_with_cron_expression.py
[2025-06-09T14:37:47.630+0000] {logging_mixin.py:190} INFO - [2025-06-09T14:37:47.630+0000] {dag.py:3239} INFO - Sync 1 DAGs
[2025-06-09T14:37:47.720+0000] {logging_mixin.py:190} INFO - [2025-06-09T14:37:47.718+0000] {dag.py:4180} INFO - Setting next_dagrun for dag_with_cron_expression_v03 to 2025-04-04 04:10:00+00:00, run_after=2025-04-08 02:10:00+00:00
[2025-06-09T14:37:47.801+0000] {processor.py:208} INFO - Processing /opt/airflow/dags/dag_with_cron_expression.py took 0.290 seconds
[2025-06-09T14:38:18.119+0000] {processor.py:186} INFO - Started process (PID=887) to work on /opt/airflow/dags/dag_with_cron_expression.py
[2025-06-09T14:38:18.121+0000] {processor.py:914} INFO - Processing file /opt/airflow/dags/dag_with_cron_expression.py for tasks to queue
[2025-06-09T14:38:18.126+0000] {logging_mixin.py:190} INFO - [2025-06-09T14:38:18.125+0000] {dagbag.py:588} INFO - Filling up the DagBag from /opt/airflow/dags/dag_with_cron_expression.py
[2025-06-09T14:38:18.174+0000] {processor.py:925} INFO - DAG(s) 'dag_with_cron_expression_v03' retrieved from /opt/airflow/dags/dag_with_cron_expression.py
[2025-06-09T14:38:18.257+0000] {logging_mixin.py:190} INFO - [2025-06-09T14:38:18.256+0000] {dag.py:3239} INFO - Sync 1 DAGs
[2025-06-09T14:38:18.340+0000] {logging_mixin.py:190} INFO - [2025-06-09T14:38:18.339+0000] {dag.py:4180} INFO - Setting next_dagrun for dag_with_cron_expression_v03 to 2025-04-04 04:10:00+00:00, run_after=2025-04-08 02:10:00+00:00
[2025-06-09T14:38:18.403+0000] {processor.py:208} INFO - Processing /opt/airflow/dags/dag_with_cron_expression.py took 0.300 seconds
[2025-06-09T14:38:48.602+0000] {processor.py:186} INFO - Started process (PID=943) to work on /opt/airflow/dags/dag_with_cron_expression.py
[2025-06-09T14:38:48.604+0000] {processor.py:914} INFO - Processing file /opt/airflow/dags/dag_with_cron_expression.py for tasks to queue
[2025-06-09T14:38:48.608+0000] {logging_mixin.py:190} INFO - [2025-06-09T14:38:48.608+0000] {dagbag.py:588} INFO - Filling up the DagBag from /opt/airflow/dags/dag_with_cron_expression.py
[2025-06-09T14:38:48.655+0000] {processor.py:925} INFO - DAG(s) 'dag_with_cron_expression_v03' retrieved from /opt/airflow/dags/dag_with_cron_expression.py
[2025-06-09T14:38:48.704+0000] {logging_mixin.py:190} INFO - [2025-06-09T14:38:48.704+0000] {dag.py:3239} INFO - Sync 1 DAGs
[2025-06-09T14:38:48.766+0000] {logging_mixin.py:190} INFO - [2025-06-09T14:38:48.766+0000] {dag.py:4180} INFO - Setting next_dagrun for dag_with_cron_expression_v03 to 2025-04-04 04:10:00+00:00, run_after=2025-04-08 02:10:00+00:00
[2025-06-09T14:38:48.815+0000] {processor.py:208} INFO - Processing /opt/airflow/dags/dag_with_cron_expression.py took 0.220 seconds
[2025-06-09T14:39:19.377+0000] {processor.py:186} INFO - Started process (PID=999) to work on /opt/airflow/dags/dag_with_cron_expression.py
[2025-06-09T14:39:19.378+0000] {processor.py:914} INFO - Processing file /opt/airflow/dags/dag_with_cron_expression.py for tasks to queue
[2025-06-09T14:39:19.382+0000] {logging_mixin.py:190} INFO - [2025-06-09T14:39:19.381+0000] {dagbag.py:588} INFO - Filling up the DagBag from /opt/airflow/dags/dag_with_cron_expression.py
[2025-06-09T14:39:19.426+0000] {processor.py:925} INFO - DAG(s) 'dag_with_cron_expression_v03' retrieved from /opt/airflow/dags/dag_with_cron_expression.py
[2025-06-09T14:39:19.465+0000] {logging_mixin.py:190} INFO - [2025-06-09T14:39:19.465+0000] {dag.py:3239} INFO - Sync 1 DAGs
[2025-06-09T14:39:19.536+0000] {logging_mixin.py:190} INFO - [2025-06-09T14:39:19.535+0000] {dag.py:4180} INFO - Setting next_dagrun for dag_with_cron_expression_v03 to 2025-04-04 04:10:00+00:00, run_after=2025-04-08 02:10:00+00:00
[2025-06-09T14:39:19.580+0000] {processor.py:208} INFO - Processing /opt/airflow/dags/dag_with_cron_expression.py took 0.212 seconds
[2025-06-09T14:39:49.838+0000] {processor.py:186} INFO - Started process (PID=1055) to work on /opt/airflow/dags/dag_with_cron_expression.py
[2025-06-09T14:39:49.842+0000] {processor.py:914} INFO - Processing file /opt/airflow/dags/dag_with_cron_expression.py for tasks to queue
[2025-06-09T14:39:49.862+0000] {logging_mixin.py:190} INFO - [2025-06-09T14:39:49.848+0000] {dagbag.py:588} INFO - Filling up the DagBag from /opt/airflow/dags/dag_with_cron_expression.py
[2025-06-09T14:39:49.930+0000] {processor.py:925} INFO - DAG(s) 'dag_with_cron_expression_v03' retrieved from /opt/airflow/dags/dag_with_cron_expression.py
[2025-06-09T14:39:49.995+0000] {logging_mixin.py:190} INFO - [2025-06-09T14:39:49.993+0000] {dag.py:3239} INFO - Sync 1 DAGs
[2025-06-09T14:39:50.081+0000] {logging_mixin.py:190} INFO - [2025-06-09T14:39:50.080+0000] {dag.py:4180} INFO - Setting next_dagrun for dag_with_cron_expression_v03 to 2025-04-04 04:10:00+00:00, run_after=2025-04-08 02:10:00+00:00
[2025-06-09T14:39:50.162+0000] {processor.py:208} INFO - Processing /opt/airflow/dags/dag_with_cron_expression.py took 0.337 seconds
[2025-06-09T14:40:20.902+0000] {processor.py:186} INFO - Started process (PID=1109) to work on /opt/airflow/dags/dag_with_cron_expression.py
[2025-06-09T14:40:20.904+0000] {processor.py:914} INFO - Processing file /opt/airflow/dags/dag_with_cron_expression.py for tasks to queue
[2025-06-09T14:40:20.910+0000] {logging_mixin.py:190} INFO - [2025-06-09T14:40:20.909+0000] {dagbag.py:588} INFO - Filling up the DagBag from /opt/airflow/dags/dag_with_cron_expression.py
[2025-06-09T14:40:20.973+0000] {processor.py:925} INFO - DAG(s) 'dag_with_cron_expression_v03' retrieved from /opt/airflow/dags/dag_with_cron_expression.py
[2025-06-09T14:40:21.080+0000] {logging_mixin.py:190} INFO - [2025-06-09T14:40:21.080+0000] {dag.py:3239} INFO - Sync 1 DAGs
[2025-06-09T14:40:21.219+0000] {logging_mixin.py:190} INFO - [2025-06-09T14:40:21.218+0000] {dag.py:4180} INFO - Setting next_dagrun for dag_with_cron_expression_v03 to 2025-04-04 04:10:00+00:00, run_after=2025-04-08 02:10:00+00:00
[2025-06-09T14:40:21.315+0000] {processor.py:208} INFO - Processing /opt/airflow/dags/dag_with_cron_expression.py took 0.422 seconds
[2025-06-09T14:40:51.792+0000] {processor.py:186} INFO - Started process (PID=1165) to work on /opt/airflow/dags/dag_with_cron_expression.py
[2025-06-09T14:40:51.794+0000] {processor.py:914} INFO - Processing file /opt/airflow/dags/dag_with_cron_expression.py for tasks to queue
[2025-06-09T14:40:51.799+0000] {logging_mixin.py:190} INFO - [2025-06-09T14:40:51.798+0000] {dagbag.py:588} INFO - Filling up the DagBag from /opt/airflow/dags/dag_with_cron_expression.py
[2025-06-09T14:40:51.829+0000] {processor.py:925} INFO - DAG(s) 'dag_with_cron_expression_v03' retrieved from /opt/airflow/dags/dag_with_cron_expression.py
[2025-06-09T14:40:51.866+0000] {logging_mixin.py:190} INFO - [2025-06-09T14:40:51.865+0000] {dag.py:3239} INFO - Sync 1 DAGs
[2025-06-09T14:40:51.903+0000] {logging_mixin.py:190} INFO - [2025-06-09T14:40:51.902+0000] {dag.py:4180} INFO - Setting next_dagrun for dag_with_cron_expression_v03 to 2025-04-04 04:10:00+00:00, run_after=2025-04-08 02:10:00+00:00
[2025-06-09T14:40:51.938+0000] {processor.py:208} INFO - Processing /opt/airflow/dags/dag_with_cron_expression.py took 0.157 seconds
[2025-06-09T14:41:22.293+0000] {processor.py:186} INFO - Started process (PID=1221) to work on /opt/airflow/dags/dag_with_cron_expression.py
[2025-06-09T14:41:22.310+0000] {processor.py:914} INFO - Processing file /opt/airflow/dags/dag_with_cron_expression.py for tasks to queue
[2025-06-09T14:41:22.317+0000] {logging_mixin.py:190} INFO - [2025-06-09T14:41:22.317+0000] {dagbag.py:588} INFO - Filling up the DagBag from /opt/airflow/dags/dag_with_cron_expression.py
[2025-06-09T14:41:22.394+0000] {processor.py:925} INFO - DAG(s) 'dag_with_cron_expression_v03' retrieved from /opt/airflow/dags/dag_with_cron_expression.py
[2025-06-09T14:41:22.493+0000] {logging_mixin.py:190} INFO - [2025-06-09T14:41:22.492+0000] {dag.py:3239} INFO - Sync 1 DAGs
[2025-06-09T14:41:22.563+0000] {logging_mixin.py:190} INFO - [2025-06-09T14:41:22.562+0000] {dag.py:4180} INFO - Setting next_dagrun for dag_with_cron_expression_v03 to 2025-04-04 04:10:00+00:00, run_after=2025-04-08 02:10:00+00:00
[2025-06-09T14:41:22.610+0000] {processor.py:208} INFO - Processing /opt/airflow/dags/dag_with_cron_expression.py took 0.338 seconds
[2025-06-09T14:41:53.495+0000] {processor.py:186} INFO - Started process (PID=1278) to work on /opt/airflow/dags/dag_with_cron_expression.py
[2025-06-09T14:41:53.497+0000] {processor.py:914} INFO - Processing file /opt/airflow/dags/dag_with_cron_expression.py for tasks to queue
[2025-06-09T14:41:53.529+0000] {logging_mixin.py:190} INFO - [2025-06-09T14:41:53.528+0000] {dagbag.py:588} INFO - Filling up the DagBag from /opt/airflow/dags/dag_with_cron_expression.py
[2025-06-09T14:41:53.737+0000] {processor.py:925} INFO - DAG(s) 'dag_with_cron_expression_v03' retrieved from /opt/airflow/dags/dag_with_cron_expression.py
[2025-06-09T14:41:53.829+0000] {logging_mixin.py:190} INFO - [2025-06-09T14:41:53.828+0000] {dag.py:3239} INFO - Sync 1 DAGs
[2025-06-09T14:41:53.957+0000] {logging_mixin.py:190} INFO - [2025-06-09T14:41:53.957+0000] {dag.py:4180} INFO - Setting next_dagrun for dag_with_cron_expression_v03 to 2025-04-04 04:10:00+00:00, run_after=2025-04-08 02:10:00+00:00
[2025-06-09T14:41:54.041+0000] {processor.py:208} INFO - Processing /opt/airflow/dags/dag_with_cron_expression.py took 0.566 seconds
[2025-06-09T14:42:24.882+0000] {processor.py:186} INFO - Started process (PID=1334) to work on /opt/airflow/dags/dag_with_cron_expression.py
[2025-06-09T14:42:24.886+0000] {processor.py:914} INFO - Processing file /opt/airflow/dags/dag_with_cron_expression.py for tasks to queue
[2025-06-09T14:42:24.893+0000] {logging_mixin.py:190} INFO - [2025-06-09T14:42:24.892+0000] {dagbag.py:588} INFO - Filling up the DagBag from /opt/airflow/dags/dag_with_cron_expression.py
[2025-06-09T14:42:25.002+0000] {processor.py:925} INFO - DAG(s) 'dag_with_cron_expression_v03' retrieved from /opt/airflow/dags/dag_with_cron_expression.py
[2025-06-09T14:42:25.087+0000] {logging_mixin.py:190} INFO - [2025-06-09T14:42:25.086+0000] {dag.py:3239} INFO - Sync 1 DAGs
[2025-06-09T14:42:25.198+0000] {logging_mixin.py:190} INFO - [2025-06-09T14:42:25.197+0000] {dag.py:4180} INFO - Setting next_dagrun for dag_with_cron_expression_v03 to 2025-04-04 04:10:00+00:00, run_after=2025-04-08 02:10:00+00:00
[2025-06-09T14:42:25.316+0000] {processor.py:208} INFO - Processing /opt/airflow/dags/dag_with_cron_expression.py took 0.444 seconds
[2025-06-09T14:42:55.744+0000] {processor.py:186} INFO - Started process (PID=1390) to work on /opt/airflow/dags/dag_with_cron_expression.py
[2025-06-09T14:42:55.747+0000] {processor.py:914} INFO - Processing file /opt/airflow/dags/dag_with_cron_expression.py for tasks to queue
[2025-06-09T14:42:55.753+0000] {logging_mixin.py:190} INFO - [2025-06-09T14:42:55.752+0000] {dagbag.py:588} INFO - Filling up the DagBag from /opt/airflow/dags/dag_with_cron_expression.py
[2025-06-09T14:42:55.800+0000] {processor.py:925} INFO - DAG(s) 'dag_with_cron_expression_v03' retrieved from /opt/airflow/dags/dag_with_cron_expression.py
[2025-06-09T14:42:55.856+0000] {logging_mixin.py:190} INFO - [2025-06-09T14:42:55.856+0000] {dag.py:3239} INFO - Sync 1 DAGs
[2025-06-09T14:42:55.912+0000] {logging_mixin.py:190} INFO - [2025-06-09T14:42:55.912+0000] {dag.py:4180} INFO - Setting next_dagrun for dag_with_cron_expression_v03 to 2025-04-04 04:10:00+00:00, run_after=2025-04-08 02:10:00+00:00
[2025-06-09T14:42:55.955+0000] {processor.py:208} INFO - Processing /opt/airflow/dags/dag_with_cron_expression.py took 0.225 seconds
[2025-06-09T14:43:26.656+0000] {processor.py:186} INFO - Started process (PID=1446) to work on /opt/airflow/dags/dag_with_cron_expression.py
[2025-06-09T14:43:26.658+0000] {processor.py:914} INFO - Processing file /opt/airflow/dags/dag_with_cron_expression.py for tasks to queue
[2025-06-09T14:43:26.664+0000] {logging_mixin.py:190} INFO - [2025-06-09T14:43:26.663+0000] {dagbag.py:588} INFO - Filling up the DagBag from /opt/airflow/dags/dag_with_cron_expression.py
[2025-06-09T14:43:26.705+0000] {processor.py:925} INFO - DAG(s) 'dag_with_cron_expression_v03' retrieved from /opt/airflow/dags/dag_with_cron_expression.py
[2025-06-09T14:43:26.757+0000] {logging_mixin.py:190} INFO - [2025-06-09T14:43:26.756+0000] {dag.py:3239} INFO - Sync 1 DAGs
[2025-06-09T14:43:26.840+0000] {logging_mixin.py:190} INFO - [2025-06-09T14:43:26.839+0000] {dag.py:4180} INFO - Setting next_dagrun for dag_with_cron_expression_v03 to 2025-04-04 04:10:00+00:00, run_after=2025-04-08 02:10:00+00:00
[2025-06-09T14:43:26.888+0000] {processor.py:208} INFO - Processing /opt/airflow/dags/dag_with_cron_expression.py took 0.248 seconds
[2025-06-09T14:43:57.190+0000] {processor.py:186} INFO - Started process (PID=1502) to work on /opt/airflow/dags/dag_with_cron_expression.py
[2025-06-09T14:43:57.192+0000] {processor.py:914} INFO - Processing file /opt/airflow/dags/dag_with_cron_expression.py for tasks to queue
[2025-06-09T14:43:57.196+0000] {logging_mixin.py:190} INFO - [2025-06-09T14:43:57.196+0000] {dagbag.py:588} INFO - Filling up the DagBag from /opt/airflow/dags/dag_with_cron_expression.py
[2025-06-09T14:43:57.236+0000] {processor.py:925} INFO - DAG(s) 'dag_with_cron_expression_v03' retrieved from /opt/airflow/dags/dag_with_cron_expression.py
[2025-06-09T14:43:57.292+0000] {logging_mixin.py:190} INFO - [2025-06-09T14:43:57.291+0000] {dag.py:3239} INFO - Sync 1 DAGs
[2025-06-09T14:43:57.349+0000] {logging_mixin.py:190} INFO - [2025-06-09T14:43:57.348+0000] {dag.py:4180} INFO - Setting next_dagrun for dag_with_cron_expression_v03 to 2025-04-04 04:10:00+00:00, run_after=2025-04-08 02:10:00+00:00
[2025-06-09T14:43:57.384+0000] {processor.py:208} INFO - Processing /opt/airflow/dags/dag_with_cron_expression.py took 0.206 seconds
[2025-06-09T14:44:27.566+0000] {processor.py:186} INFO - Started process (PID=1558) to work on /opt/airflow/dags/dag_with_cron_expression.py
[2025-06-09T14:44:27.568+0000] {processor.py:914} INFO - Processing file /opt/airflow/dags/dag_with_cron_expression.py for tasks to queue
[2025-06-09T14:44:27.572+0000] {logging_mixin.py:190} INFO - [2025-06-09T14:44:27.571+0000] {dagbag.py:588} INFO - Filling up the DagBag from /opt/airflow/dags/dag_with_cron_expression.py
[2025-06-09T14:44:27.618+0000] {processor.py:925} INFO - DAG(s) 'dag_with_cron_expression_v03' retrieved from /opt/airflow/dags/dag_with_cron_expression.py
[2025-06-09T14:44:27.693+0000] {logging_mixin.py:190} INFO - [2025-06-09T14:44:27.692+0000] {dag.py:3239} INFO - Sync 1 DAGs
[2025-06-09T14:44:27.768+0000] {logging_mixin.py:190} INFO - [2025-06-09T14:44:27.767+0000] {dag.py:4180} INFO - Setting next_dagrun for dag_with_cron_expression_v03 to 2025-04-04 04:10:00+00:00, run_after=2025-04-08 02:10:00+00:00
[2025-06-09T14:44:27.859+0000] {processor.py:208} INFO - Processing /opt/airflow/dags/dag_with_cron_expression.py took 0.302 seconds
[2025-06-09T14:44:58.130+0000] {processor.py:186} INFO - Started process (PID=1614) to work on /opt/airflow/dags/dag_with_cron_expression.py
[2025-06-09T14:44:58.134+0000] {processor.py:914} INFO - Processing file /opt/airflow/dags/dag_with_cron_expression.py for tasks to queue
[2025-06-09T14:44:58.142+0000] {logging_mixin.py:190} INFO - [2025-06-09T14:44:58.141+0000] {dagbag.py:588} INFO - Filling up the DagBag from /opt/airflow/dags/dag_with_cron_expression.py
[2025-06-09T14:44:58.183+0000] {processor.py:925} INFO - DAG(s) 'dag_with_cron_expression_v03' retrieved from /opt/airflow/dags/dag_with_cron_expression.py
[2025-06-09T14:44:58.225+0000] {logging_mixin.py:190} INFO - [2025-06-09T14:44:58.224+0000] {dag.py:3239} INFO - Sync 1 DAGs
[2025-06-09T14:44:58.274+0000] {logging_mixin.py:190} INFO - [2025-06-09T14:44:58.273+0000] {dag.py:4180} INFO - Setting next_dagrun for dag_with_cron_expression_v03 to 2025-04-04 04:10:00+00:00, run_after=2025-04-08 02:10:00+00:00
[2025-06-09T14:44:58.320+0000] {processor.py:208} INFO - Processing /opt/airflow/dags/dag_with_cron_expression.py took 0.201 seconds
[2025-06-09T14:45:29.145+0000] {processor.py:186} INFO - Started process (PID=1670) to work on /opt/airflow/dags/dag_with_cron_expression.py
[2025-06-09T14:45:29.147+0000] {processor.py:914} INFO - Processing file /opt/airflow/dags/dag_with_cron_expression.py for tasks to queue
[2025-06-09T14:45:29.155+0000] {logging_mixin.py:190} INFO - [2025-06-09T14:45:29.153+0000] {dagbag.py:588} INFO - Filling up the DagBag from /opt/airflow/dags/dag_with_cron_expression.py
[2025-06-09T14:45:29.204+0000] {processor.py:925} INFO - DAG(s) 'dag_with_cron_expression_v03' retrieved from /opt/airflow/dags/dag_with_cron_expression.py
[2025-06-09T14:45:29.259+0000] {logging_mixin.py:190} INFO - [2025-06-09T14:45:29.259+0000] {dag.py:3239} INFO - Sync 1 DAGs
[2025-06-09T14:45:29.333+0000] {logging_mixin.py:190} INFO - [2025-06-09T14:45:29.333+0000] {dag.py:4180} INFO - Setting next_dagrun for dag_with_cron_expression_v03 to 2025-04-04 04:10:00+00:00, run_after=2025-04-08 02:10:00+00:00
[2025-06-09T14:45:29.386+0000] {processor.py:208} INFO - Processing /opt/airflow/dags/dag_with_cron_expression.py took 0.255 seconds
