[2025-06-09T14:32:06.562+0000] {processor.py:186} INFO - Started process (PID=194) to work on /opt/airflow/dags/dag_with_postgres_operator.py
[2025-06-09T14:32:06.566+0000] {processor.py:914} INFO - Processing file /opt/airflow/dags/dag_with_postgres_operator.py for tasks to queue
[2025-06-09T14:32:06.570+0000] {logging_mixin.py:190} INFO - [2025-06-09T14:32:06.570+0000] {dagbag.py:588} INFO - Filling up the DagBag from /opt/airflow/dags/dag_with_postgres_operator.py
[2025-06-09T14:32:06.678+0000] {processor.py:925} INFO - DAG(s) 'dag_with_postgres_operator_v05' retrieved from /opt/airflow/dags/dag_with_postgres_operator.py
[2025-06-09T14:32:07.168+0000] {logging_mixin.py:190} INFO - [2025-06-09T14:32:07.167+0000] {dag.py:3239} INFO - Sync 1 DAGs
[2025-06-09T14:32:07.547+0000] {logging_mixin.py:190} INFO - [2025-06-09T14:32:07.546+0000] {dag.py:4180} INFO - Setting next_dagrun for dag_with_postgres_operator_v05 to 2025-04-06 00:00:00+00:00, run_after=2025-04-07 00:00:00+00:00
[2025-06-09T14:32:07.602+0000] {processor.py:208} INFO - Processing /opt/airflow/dags/dag_with_postgres_operator.py took 1.063 seconds
[2025-06-09T14:32:38.667+0000] {processor.py:186} INFO - Started process (PID=250) to work on /opt/airflow/dags/dag_with_postgres_operator.py
[2025-06-09T14:32:38.672+0000] {processor.py:914} INFO - Processing file /opt/airflow/dags/dag_with_postgres_operator.py for tasks to queue
[2025-06-09T14:32:38.682+0000] {logging_mixin.py:190} INFO - [2025-06-09T14:32:38.682+0000] {dagbag.py:588} INFO - Filling up the DagBag from /opt/airflow/dags/dag_with_postgres_operator.py
[2025-06-09T14:32:38.773+0000] {processor.py:925} INFO - DAG(s) 'dag_with_postgres_operator_v05' retrieved from /opt/airflow/dags/dag_with_postgres_operator.py
[2025-06-09T14:32:38.857+0000] {logging_mixin.py:190} INFO - [2025-06-09T14:32:38.856+0000] {dag.py:3239} INFO - Sync 1 DAGs
[2025-06-09T14:32:39.004+0000] {logging_mixin.py:190} INFO - [2025-06-09T14:32:39.003+0000] {dag.py:4180} INFO - Setting next_dagrun for dag_with_postgres_operator_v05 to 2025-04-06 00:00:00+00:00, run_after=2025-04-07 00:00:00+00:00
[2025-06-09T14:32:39.132+0000] {processor.py:208} INFO - Processing /opt/airflow/dags/dag_with_postgres_operator.py took 0.487 seconds
[2025-06-09T14:33:10.218+0000] {processor.py:186} INFO - Started process (PID=306) to work on /opt/airflow/dags/dag_with_postgres_operator.py
[2025-06-09T14:33:10.220+0000] {processor.py:914} INFO - Processing file /opt/airflow/dags/dag_with_postgres_operator.py for tasks to queue
[2025-06-09T14:33:10.224+0000] {logging_mixin.py:190} INFO - [2025-06-09T14:33:10.224+0000] {dagbag.py:588} INFO - Filling up the DagBag from /opt/airflow/dags/dag_with_postgres_operator.py
[2025-06-09T14:33:10.342+0000] {processor.py:925} INFO - DAG(s) 'dag_with_postgres_operator_v05' retrieved from /opt/airflow/dags/dag_with_postgres_operator.py
[2025-06-09T14:33:10.388+0000] {logging_mixin.py:190} INFO - [2025-06-09T14:33:10.388+0000] {dag.py:3239} INFO - Sync 1 DAGs
[2025-06-09T14:33:10.447+0000] {logging_mixin.py:190} INFO - [2025-06-09T14:33:10.447+0000] {dag.py:4180} INFO - Setting next_dagrun for dag_with_postgres_operator_v05 to 2025-04-06 00:00:00+00:00, run_after=2025-04-07 00:00:00+00:00
[2025-06-09T14:33:10.495+0000] {processor.py:208} INFO - Processing /opt/airflow/dags/dag_with_postgres_operator.py took 0.295 seconds
[2025-06-09T14:33:41.344+0000] {processor.py:186} INFO - Started process (PID=369) to work on /opt/airflow/dags/dag_with_postgres_operator.py
[2025-06-09T14:33:41.349+0000] {processor.py:914} INFO - Processing file /opt/airflow/dags/dag_with_postgres_operator.py for tasks to queue
[2025-06-09T14:33:41.355+0000] {logging_mixin.py:190} INFO - [2025-06-09T14:33:41.354+0000] {dagbag.py:588} INFO - Filling up the DagBag from /opt/airflow/dags/dag_with_postgres_operator.py
[2025-06-09T14:33:41.427+0000] {processor.py:925} INFO - DAG(s) 'dag_with_postgres_operator_v05' retrieved from /opt/airflow/dags/dag_with_postgres_operator.py
[2025-06-09T14:33:41.503+0000] {logging_mixin.py:190} INFO - [2025-06-09T14:33:41.503+0000] {dag.py:3239} INFO - Sync 1 DAGs
[2025-06-09T14:33:41.576+0000] {logging_mixin.py:190} INFO - [2025-06-09T14:33:41.576+0000] {dag.py:4180} INFO - Setting next_dagrun for dag_with_postgres_operator_v05 to 2025-04-06 00:00:00+00:00, run_after=2025-04-07 00:00:00+00:00
[2025-06-09T14:33:41.616+0000] {processor.py:208} INFO - Processing /opt/airflow/dags/dag_with_postgres_operator.py took 0.288 seconds
[2025-06-09T14:34:11.865+0000] {processor.py:186} INFO - Started process (PID=424) to work on /opt/airflow/dags/dag_with_postgres_operator.py
[2025-06-09T14:34:11.866+0000] {processor.py:914} INFO - Processing file /opt/airflow/dags/dag_with_postgres_operator.py for tasks to queue
[2025-06-09T14:34:11.870+0000] {logging_mixin.py:190} INFO - [2025-06-09T14:34:11.870+0000] {dagbag.py:588} INFO - Filling up the DagBag from /opt/airflow/dags/dag_with_postgres_operator.py
[2025-06-09T14:34:11.907+0000] {processor.py:925} INFO - DAG(s) 'dag_with_postgres_operator_v05' retrieved from /opt/airflow/dags/dag_with_postgres_operator.py
[2025-06-09T14:34:11.981+0000] {logging_mixin.py:190} INFO - [2025-06-09T14:34:11.980+0000] {dag.py:3239} INFO - Sync 1 DAGs
[2025-06-09T14:34:12.043+0000] {logging_mixin.py:190} INFO - [2025-06-09T14:34:12.043+0000] {dag.py:4180} INFO - Setting next_dagrun for dag_with_postgres_operator_v05 to 2025-04-06 00:00:00+00:00, run_after=2025-04-07 00:00:00+00:00
[2025-06-09T14:34:12.092+0000] {processor.py:208} INFO - Processing /opt/airflow/dags/dag_with_postgres_operator.py took 0.240 seconds
[2025-06-09T14:34:42.525+0000] {processor.py:186} INFO - Started process (PID=480) to work on /opt/airflow/dags/dag_with_postgres_operator.py
[2025-06-09T14:34:42.526+0000] {processor.py:914} INFO - Processing file /opt/airflow/dags/dag_with_postgres_operator.py for tasks to queue
[2025-06-09T14:34:42.530+0000] {logging_mixin.py:190} INFO - [2025-06-09T14:34:42.529+0000] {dagbag.py:588} INFO - Filling up the DagBag from /opt/airflow/dags/dag_with_postgres_operator.py
[2025-06-09T14:34:42.558+0000] {processor.py:925} INFO - DAG(s) 'dag_with_postgres_operator_v05' retrieved from /opt/airflow/dags/dag_with_postgres_operator.py
[2025-06-09T14:34:42.592+0000] {logging_mixin.py:190} INFO - [2025-06-09T14:34:42.592+0000] {dag.py:3239} INFO - Sync 1 DAGs
[2025-06-09T14:34:42.628+0000] {logging_mixin.py:190} INFO - [2025-06-09T14:34:42.628+0000] {dag.py:4180} INFO - Setting next_dagrun for dag_with_postgres_operator_v05 to 2025-04-06 00:00:00+00:00, run_after=2025-04-07 00:00:00+00:00
[2025-06-09T14:34:42.657+0000] {processor.py:208} INFO - Processing /opt/airflow/dags/dag_with_postgres_operator.py took 0.139 seconds
[2025-06-09T14:35:13.064+0000] {processor.py:186} INFO - Started process (PID=536) to work on /opt/airflow/dags/dag_with_postgres_operator.py
[2025-06-09T14:35:13.065+0000] {processor.py:914} INFO - Processing file /opt/airflow/dags/dag_with_postgres_operator.py for tasks to queue
[2025-06-09T14:35:13.068+0000] {logging_mixin.py:190} INFO - [2025-06-09T14:35:13.067+0000] {dagbag.py:588} INFO - Filling up the DagBag from /opt/airflow/dags/dag_with_postgres_operator.py
[2025-06-09T14:35:13.096+0000] {processor.py:925} INFO - DAG(s) 'dag_with_postgres_operator_v05' retrieved from /opt/airflow/dags/dag_with_postgres_operator.py
[2025-06-09T14:35:13.139+0000] {logging_mixin.py:190} INFO - [2025-06-09T14:35:13.138+0000] {dag.py:3239} INFO - Sync 1 DAGs
[2025-06-09T14:35:13.174+0000] {logging_mixin.py:190} INFO - [2025-06-09T14:35:13.174+0000] {dag.py:4180} INFO - Setting next_dagrun for dag_with_postgres_operator_v05 to 2025-04-06 00:00:00+00:00, run_after=2025-04-07 00:00:00+00:00
[2025-06-09T14:35:13.209+0000] {processor.py:208} INFO - Processing /opt/airflow/dags/dag_with_postgres_operator.py took 0.152 seconds
[2025-06-09T14:35:43.601+0000] {processor.py:186} INFO - Started process (PID=592) to work on /opt/airflow/dags/dag_with_postgres_operator.py
[2025-06-09T14:35:43.603+0000] {processor.py:914} INFO - Processing file /opt/airflow/dags/dag_with_postgres_operator.py for tasks to queue
[2025-06-09T14:35:43.611+0000] {logging_mixin.py:190} INFO - [2025-06-09T14:35:43.610+0000] {dagbag.py:588} INFO - Filling up the DagBag from /opt/airflow/dags/dag_with_postgres_operator.py
[2025-06-09T14:35:43.654+0000] {processor.py:925} INFO - DAG(s) 'dag_with_postgres_operator_v05' retrieved from /opt/airflow/dags/dag_with_postgres_operator.py
[2025-06-09T14:35:43.691+0000] {logging_mixin.py:190} INFO - [2025-06-09T14:35:43.691+0000] {dag.py:3239} INFO - Sync 1 DAGs
[2025-06-09T14:35:43.740+0000] {logging_mixin.py:190} INFO - [2025-06-09T14:35:43.739+0000] {dag.py:4180} INFO - Setting next_dagrun for dag_with_postgres_operator_v05 to 2025-04-06 00:00:00+00:00, run_after=2025-04-07 00:00:00+00:00
[2025-06-09T14:35:43.786+0000] {processor.py:208} INFO - Processing /opt/airflow/dags/dag_with_postgres_operator.py took 0.193 seconds
[2025-06-09T14:36:14.273+0000] {processor.py:186} INFO - Started process (PID=648) to work on /opt/airflow/dags/dag_with_postgres_operator.py
[2025-06-09T14:36:14.275+0000] {processor.py:914} INFO - Processing file /opt/airflow/dags/dag_with_postgres_operator.py for tasks to queue
[2025-06-09T14:36:14.280+0000] {logging_mixin.py:190} INFO - [2025-06-09T14:36:14.280+0000] {dagbag.py:588} INFO - Filling up the DagBag from /opt/airflow/dags/dag_with_postgres_operator.py
[2025-06-09T14:36:14.325+0000] {processor.py:925} INFO - DAG(s) 'dag_with_postgres_operator_v05' retrieved from /opt/airflow/dags/dag_with_postgres_operator.py
[2025-06-09T14:36:14.368+0000] {logging_mixin.py:190} INFO - [2025-06-09T14:36:14.367+0000] {dag.py:3239} INFO - Sync 1 DAGs
[2025-06-09T14:36:14.413+0000] {logging_mixin.py:190} INFO - [2025-06-09T14:36:14.412+0000] {dag.py:4180} INFO - Setting next_dagrun for dag_with_postgres_operator_v05 to 2025-04-06 00:00:00+00:00, run_after=2025-04-07 00:00:00+00:00
[2025-06-09T14:36:14.449+0000] {processor.py:208} INFO - Processing /opt/airflow/dags/dag_with_postgres_operator.py took 0.188 seconds
[2025-06-09T14:36:44.645+0000] {processor.py:186} INFO - Started process (PID=704) to work on /opt/airflow/dags/dag_with_postgres_operator.py
[2025-06-09T14:36:44.646+0000] {processor.py:914} INFO - Processing file /opt/airflow/dags/dag_with_postgres_operator.py for tasks to queue
[2025-06-09T14:36:44.649+0000] {logging_mixin.py:190} INFO - [2025-06-09T14:36:44.649+0000] {dagbag.py:588} INFO - Filling up the DagBag from /opt/airflow/dags/dag_with_postgres_operator.py
[2025-06-09T14:36:44.678+0000] {processor.py:925} INFO - DAG(s) 'dag_with_postgres_operator_v05' retrieved from /opt/airflow/dags/dag_with_postgres_operator.py
[2025-06-09T14:36:44.715+0000] {logging_mixin.py:190} INFO - [2025-06-09T14:36:44.714+0000] {dag.py:3239} INFO - Sync 1 DAGs
[2025-06-09T14:36:44.754+0000] {logging_mixin.py:190} INFO - [2025-06-09T14:36:44.754+0000] {dag.py:4180} INFO - Setting next_dagrun for dag_with_postgres_operator_v05 to 2025-04-06 00:00:00+00:00, run_after=2025-04-07 00:00:00+00:00
[2025-06-09T14:36:44.789+0000] {processor.py:208} INFO - Processing /opt/airflow/dags/dag_with_postgres_operator.py took 0.152 seconds
[2025-06-09T14:37:15.289+0000] {processor.py:186} INFO - Started process (PID=760) to work on /opt/airflow/dags/dag_with_postgres_operator.py
[2025-06-09T14:37:15.290+0000] {processor.py:914} INFO - Processing file /opt/airflow/dags/dag_with_postgres_operator.py for tasks to queue
[2025-06-09T14:37:15.293+0000] {logging_mixin.py:190} INFO - [2025-06-09T14:37:15.293+0000] {dagbag.py:588} INFO - Filling up the DagBag from /opt/airflow/dags/dag_with_postgres_operator.py
[2025-06-09T14:37:15.324+0000] {processor.py:925} INFO - DAG(s) 'dag_with_postgres_operator_v05' retrieved from /opt/airflow/dags/dag_with_postgres_operator.py
[2025-06-09T14:37:15.375+0000] {logging_mixin.py:190} INFO - [2025-06-09T14:37:15.375+0000] {dag.py:3239} INFO - Sync 1 DAGs
[2025-06-09T14:37:15.430+0000] {logging_mixin.py:190} INFO - [2025-06-09T14:37:15.429+0000] {dag.py:4180} INFO - Setting next_dagrun for dag_with_postgres_operator_v05 to 2025-04-06 00:00:00+00:00, run_after=2025-04-07 00:00:00+00:00
[2025-06-09T14:37:15.468+0000] {processor.py:208} INFO - Processing /opt/airflow/dags/dag_with_postgres_operator.py took 0.189 seconds
[2025-06-09T14:37:46.120+0000] {processor.py:186} INFO - Started process (PID=816) to work on /opt/airflow/dags/dag_with_postgres_operator.py
[2025-06-09T14:37:46.122+0000] {processor.py:914} INFO - Processing file /opt/airflow/dags/dag_with_postgres_operator.py for tasks to queue
[2025-06-09T14:37:46.127+0000] {logging_mixin.py:190} INFO - [2025-06-09T14:37:46.126+0000] {dagbag.py:588} INFO - Filling up the DagBag from /opt/airflow/dags/dag_with_postgres_operator.py
[2025-06-09T14:37:46.174+0000] {processor.py:925} INFO - DAG(s) 'dag_with_postgres_operator_v05' retrieved from /opt/airflow/dags/dag_with_postgres_operator.py
[2025-06-09T14:37:46.280+0000] {logging_mixin.py:190} INFO - [2025-06-09T14:37:46.280+0000] {dag.py:3239} INFO - Sync 1 DAGs
[2025-06-09T14:37:46.345+0000] {logging_mixin.py:190} INFO - [2025-06-09T14:37:46.344+0000] {dag.py:4180} INFO - Setting next_dagrun for dag_with_postgres_operator_v05 to 2025-04-06 00:00:00+00:00, run_after=2025-04-07 00:00:00+00:00
[2025-06-09T14:37:46.385+0000] {processor.py:208} INFO - Processing /opt/airflow/dags/dag_with_postgres_operator.py took 0.276 seconds
[2025-06-09T14:38:16.616+0000] {processor.py:186} INFO - Started process (PID=872) to work on /opt/airflow/dags/dag_with_postgres_operator.py
[2025-06-09T14:38:16.617+0000] {processor.py:914} INFO - Processing file /opt/airflow/dags/dag_with_postgres_operator.py for tasks to queue
[2025-06-09T14:38:16.621+0000] {logging_mixin.py:190} INFO - [2025-06-09T14:38:16.620+0000] {dagbag.py:588} INFO - Filling up the DagBag from /opt/airflow/dags/dag_with_postgres_operator.py
[2025-06-09T14:38:16.668+0000] {processor.py:925} INFO - DAG(s) 'dag_with_postgres_operator_v05' retrieved from /opt/airflow/dags/dag_with_postgres_operator.py
[2025-06-09T14:38:16.710+0000] {logging_mixin.py:190} INFO - [2025-06-09T14:38:16.710+0000] {dag.py:3239} INFO - Sync 1 DAGs
[2025-06-09T14:38:16.758+0000] {logging_mixin.py:190} INFO - [2025-06-09T14:38:16.758+0000] {dag.py:4180} INFO - Setting next_dagrun for dag_with_postgres_operator_v05 to 2025-04-06 00:00:00+00:00, run_after=2025-04-07 00:00:00+00:00
[2025-06-09T14:38:16.840+0000] {processor.py:208} INFO - Processing /opt/airflow/dags/dag_with_postgres_operator.py took 0.234 seconds
[2025-06-09T14:38:47.317+0000] {processor.py:186} INFO - Started process (PID=933) to work on /opt/airflow/dags/dag_with_postgres_operator.py
[2025-06-09T14:38:47.319+0000] {processor.py:914} INFO - Processing file /opt/airflow/dags/dag_with_postgres_operator.py for tasks to queue
[2025-06-09T14:38:47.323+0000] {logging_mixin.py:190} INFO - [2025-06-09T14:38:47.322+0000] {dagbag.py:588} INFO - Filling up the DagBag from /opt/airflow/dags/dag_with_postgres_operator.py
[2025-06-09T14:38:47.363+0000] {processor.py:925} INFO - DAG(s) 'dag_with_postgres_operator_v05' retrieved from /opt/airflow/dags/dag_with_postgres_operator.py
[2025-06-09T14:38:47.398+0000] {logging_mixin.py:190} INFO - [2025-06-09T14:38:47.398+0000] {dag.py:3239} INFO - Sync 1 DAGs
[2025-06-09T14:38:47.439+0000] {logging_mixin.py:190} INFO - [2025-06-09T14:38:47.439+0000] {dag.py:4180} INFO - Setting next_dagrun for dag_with_postgres_operator_v05 to 2025-04-06 00:00:00+00:00, run_after=2025-04-07 00:00:00+00:00
[2025-06-09T14:38:47.475+0000] {processor.py:208} INFO - Processing /opt/airflow/dags/dag_with_postgres_operator.py took 0.166 seconds
[2025-06-09T14:39:18.081+0000] {processor.py:186} INFO - Started process (PID=984) to work on /opt/airflow/dags/dag_with_postgres_operator.py
[2025-06-09T14:39:18.082+0000] {processor.py:914} INFO - Processing file /opt/airflow/dags/dag_with_postgres_operator.py for tasks to queue
[2025-06-09T14:39:18.086+0000] {logging_mixin.py:190} INFO - [2025-06-09T14:39:18.086+0000] {dagbag.py:588} INFO - Filling up the DagBag from /opt/airflow/dags/dag_with_postgres_operator.py
[2025-06-09T14:39:18.117+0000] {processor.py:925} INFO - DAG(s) 'dag_with_postgres_operator_v05' retrieved from /opt/airflow/dags/dag_with_postgres_operator.py
[2025-06-09T14:39:18.178+0000] {logging_mixin.py:190} INFO - [2025-06-09T14:39:18.177+0000] {dag.py:3239} INFO - Sync 1 DAGs
[2025-06-09T14:39:18.227+0000] {logging_mixin.py:190} INFO - [2025-06-09T14:39:18.226+0000] {dag.py:4180} INFO - Setting next_dagrun for dag_with_postgres_operator_v05 to 2025-04-06 00:00:00+00:00, run_after=2025-04-07 00:00:00+00:00
[2025-06-09T14:39:18.262+0000] {processor.py:208} INFO - Processing /opt/airflow/dags/dag_with_postgres_operator.py took 0.189 seconds
[2025-06-09T14:39:49.072+0000] {processor.py:186} INFO - Started process (PID=1040) to work on /opt/airflow/dags/dag_with_postgres_operator.py
[2025-06-09T14:39:49.074+0000] {processor.py:914} INFO - Processing file /opt/airflow/dags/dag_with_postgres_operator.py for tasks to queue
[2025-06-09T14:39:49.078+0000] {logging_mixin.py:190} INFO - [2025-06-09T14:39:49.077+0000] {dagbag.py:588} INFO - Filling up the DagBag from /opt/airflow/dags/dag_with_postgres_operator.py
[2025-06-09T14:39:49.155+0000] {processor.py:925} INFO - DAG(s) 'dag_with_postgres_operator_v05' retrieved from /opt/airflow/dags/dag_with_postgres_operator.py
[2025-06-09T14:39:49.232+0000] {logging_mixin.py:190} INFO - [2025-06-09T14:39:49.231+0000] {dag.py:3239} INFO - Sync 1 DAGs
[2025-06-09T14:39:49.343+0000] {logging_mixin.py:190} INFO - [2025-06-09T14:39:49.343+0000] {dag.py:4180} INFO - Setting next_dagrun for dag_with_postgres_operator_v05 to 2025-04-06 00:00:00+00:00, run_after=2025-04-07 00:00:00+00:00
[2025-06-09T14:39:49.403+0000] {processor.py:208} INFO - Processing /opt/airflow/dags/dag_with_postgres_operator.py took 0.344 seconds
[2025-06-09T14:40:19.784+0000] {processor.py:186} INFO - Started process (PID=1096) to work on /opt/airflow/dags/dag_with_postgres_operator.py
[2025-06-09T14:40:19.786+0000] {processor.py:914} INFO - Processing file /opt/airflow/dags/dag_with_postgres_operator.py for tasks to queue
[2025-06-09T14:40:19.792+0000] {logging_mixin.py:190} INFO - [2025-06-09T14:40:19.791+0000] {dagbag.py:588} INFO - Filling up the DagBag from /opt/airflow/dags/dag_with_postgres_operator.py
[2025-06-09T14:40:19.922+0000] {processor.py:925} INFO - DAG(s) 'dag_with_postgres_operator_v05' retrieved from /opt/airflow/dags/dag_with_postgres_operator.py
[2025-06-09T14:40:20.022+0000] {logging_mixin.py:190} INFO - [2025-06-09T14:40:20.021+0000] {dag.py:3239} INFO - Sync 1 DAGs
[2025-06-09T14:40:20.141+0000] {logging_mixin.py:190} INFO - [2025-06-09T14:40:20.140+0000] {dag.py:4180} INFO - Setting next_dagrun for dag_with_postgres_operator_v05 to 2025-04-06 00:00:00+00:00, run_after=2025-04-07 00:00:00+00:00
[2025-06-09T14:40:20.272+0000] {processor.py:208} INFO - Processing /opt/airflow/dags/dag_with_postgres_operator.py took 0.507 seconds
[2025-06-09T14:40:50.731+0000] {processor.py:186} INFO - Started process (PID=1157) to work on /opt/airflow/dags/dag_with_postgres_operator.py
[2025-06-09T14:40:50.733+0000] {processor.py:914} INFO - Processing file /opt/airflow/dags/dag_with_postgres_operator.py for tasks to queue
[2025-06-09T14:40:50.739+0000] {logging_mixin.py:190} INFO - [2025-06-09T14:40:50.738+0000] {dagbag.py:588} INFO - Filling up the DagBag from /opt/airflow/dags/dag_with_postgres_operator.py
[2025-06-09T14:40:50.773+0000] {processor.py:925} INFO - DAG(s) 'dag_with_postgres_operator_v05' retrieved from /opt/airflow/dags/dag_with_postgres_operator.py
[2025-06-09T14:40:50.814+0000] {logging_mixin.py:190} INFO - [2025-06-09T14:40:50.814+0000] {dag.py:3239} INFO - Sync 1 DAGs
[2025-06-09T14:40:50.854+0000] {logging_mixin.py:190} INFO - [2025-06-09T14:40:50.854+0000] {dag.py:4180} INFO - Setting next_dagrun for dag_with_postgres_operator_v05 to 2025-04-06 00:00:00+00:00, run_after=2025-04-07 00:00:00+00:00
[2025-06-09T14:40:50.888+0000] {processor.py:208} INFO - Processing /opt/airflow/dags/dag_with_postgres_operator.py took 0.165 seconds
[2025-06-09T14:41:21.148+0000] {processor.py:186} INFO - Started process (PID=1213) to work on /opt/airflow/dags/dag_with_postgres_operator.py
[2025-06-09T14:41:21.150+0000] {processor.py:914} INFO - Processing file /opt/airflow/dags/dag_with_postgres_operator.py for tasks to queue
[2025-06-09T14:41:21.154+0000] {logging_mixin.py:190} INFO - [2025-06-09T14:41:21.153+0000] {dagbag.py:588} INFO - Filling up the DagBag from /opt/airflow/dags/dag_with_postgres_operator.py
[2025-06-09T14:41:21.197+0000] {processor.py:925} INFO - DAG(s) 'dag_with_postgres_operator_v05' retrieved from /opt/airflow/dags/dag_with_postgres_operator.py
[2025-06-09T14:41:21.254+0000] {logging_mixin.py:190} INFO - [2025-06-09T14:41:21.253+0000] {dag.py:3239} INFO - Sync 1 DAGs
[2025-06-09T14:41:21.314+0000] {logging_mixin.py:190} INFO - [2025-06-09T14:41:21.314+0000] {dag.py:4180} INFO - Setting next_dagrun for dag_with_postgres_operator_v05 to 2025-04-06 00:00:00+00:00, run_after=2025-04-07 00:00:00+00:00
[2025-06-09T14:41:21.355+0000] {processor.py:208} INFO - Processing /opt/airflow/dags/dag_with_postgres_operator.py took 0.217 seconds
[2025-06-09T14:41:51.874+0000] {processor.py:186} INFO - Started process (PID=1263) to work on /opt/airflow/dags/dag_with_postgres_operator.py
[2025-06-09T14:41:51.885+0000] {processor.py:914} INFO - Processing file /opt/airflow/dags/dag_with_postgres_operator.py for tasks to queue
[2025-06-09T14:41:51.890+0000] {logging_mixin.py:190} INFO - [2025-06-09T14:41:51.889+0000] {dagbag.py:588} INFO - Filling up the DagBag from /opt/airflow/dags/dag_with_postgres_operator.py
[2025-06-09T14:41:52.090+0000] {processor.py:925} INFO - DAG(s) 'dag_with_postgres_operator_v05' retrieved from /opt/airflow/dags/dag_with_postgres_operator.py
[2025-06-09T14:41:52.185+0000] {logging_mixin.py:190} INFO - [2025-06-09T14:41:52.184+0000] {dag.py:3239} INFO - Sync 1 DAGs
[2025-06-09T14:41:52.314+0000] {logging_mixin.py:190} INFO - [2025-06-09T14:41:52.314+0000] {dag.py:4180} INFO - Setting next_dagrun for dag_with_postgres_operator_v05 to 2025-04-06 00:00:00+00:00, run_after=2025-04-07 00:00:00+00:00
[2025-06-09T14:41:52.444+0000] {processor.py:208} INFO - Processing /opt/airflow/dags/dag_with_postgres_operator.py took 0.592 seconds
[2025-06-09T14:42:22.740+0000] {processor.py:186} INFO - Started process (PID=1319) to work on /opt/airflow/dags/dag_with_postgres_operator.py
[2025-06-09T14:42:22.741+0000] {processor.py:914} INFO - Processing file /opt/airflow/dags/dag_with_postgres_operator.py for tasks to queue
[2025-06-09T14:42:22.747+0000] {logging_mixin.py:190} INFO - [2025-06-09T14:42:22.746+0000] {dagbag.py:588} INFO - Filling up the DagBag from /opt/airflow/dags/dag_with_postgres_operator.py
[2025-06-09T14:42:22.792+0000] {processor.py:925} INFO - DAG(s) 'dag_with_postgres_operator_v05' retrieved from /opt/airflow/dags/dag_with_postgres_operator.py
[2025-06-09T14:42:22.859+0000] {logging_mixin.py:190} INFO - [2025-06-09T14:42:22.858+0000] {dag.py:3239} INFO - Sync 1 DAGs
[2025-06-09T14:42:22.923+0000] {logging_mixin.py:190} INFO - [2025-06-09T14:42:22.922+0000] {dag.py:4180} INFO - Setting next_dagrun for dag_with_postgres_operator_v05 to 2025-04-06 00:00:00+00:00, run_after=2025-04-07 00:00:00+00:00
[2025-06-09T14:42:22.986+0000] {processor.py:208} INFO - Processing /opt/airflow/dags/dag_with_postgres_operator.py took 0.268 seconds
[2025-06-09T14:42:53.319+0000] {processor.py:186} INFO - Started process (PID=1375) to work on /opt/airflow/dags/dag_with_postgres_operator.py
[2025-06-09T14:42:53.321+0000] {processor.py:914} INFO - Processing file /opt/airflow/dags/dag_with_postgres_operator.py for tasks to queue
[2025-06-09T14:42:53.326+0000] {logging_mixin.py:190} INFO - [2025-06-09T14:42:53.325+0000] {dagbag.py:588} INFO - Filling up the DagBag from /opt/airflow/dags/dag_with_postgres_operator.py
[2025-06-09T14:42:53.403+0000] {processor.py:925} INFO - DAG(s) 'dag_with_postgres_operator_v05' retrieved from /opt/airflow/dags/dag_with_postgres_operator.py
[2025-06-09T14:42:53.485+0000] {logging_mixin.py:190} INFO - [2025-06-09T14:42:53.484+0000] {dag.py:3239} INFO - Sync 1 DAGs
[2025-06-09T14:42:53.597+0000] {logging_mixin.py:190} INFO - [2025-06-09T14:42:53.596+0000] {dag.py:4180} INFO - Setting next_dagrun for dag_with_postgres_operator_v05 to 2025-04-06 00:00:00+00:00, run_after=2025-04-07 00:00:00+00:00
[2025-06-09T14:42:53.682+0000] {processor.py:208} INFO - Processing /opt/airflow/dags/dag_with_postgres_operator.py took 0.382 seconds
[2025-06-09T14:43:24.300+0000] {processor.py:186} INFO - Started process (PID=1431) to work on /opt/airflow/dags/dag_with_postgres_operator.py
[2025-06-09T14:43:24.303+0000] {processor.py:914} INFO - Processing file /opt/airflow/dags/dag_with_postgres_operator.py for tasks to queue
[2025-06-09T14:43:24.307+0000] {logging_mixin.py:190} INFO - [2025-06-09T14:43:24.307+0000] {dagbag.py:588} INFO - Filling up the DagBag from /opt/airflow/dags/dag_with_postgres_operator.py
[2025-06-09T14:43:24.345+0000] {processor.py:925} INFO - DAG(s) 'dag_with_postgres_operator_v05' retrieved from /opt/airflow/dags/dag_with_postgres_operator.py
[2025-06-09T14:43:24.387+0000] {logging_mixin.py:190} INFO - [2025-06-09T14:43:24.386+0000] {dag.py:3239} INFO - Sync 1 DAGs
[2025-06-09T14:43:24.435+0000] {logging_mixin.py:190} INFO - [2025-06-09T14:43:24.433+0000] {dag.py:4180} INFO - Setting next_dagrun for dag_with_postgres_operator_v05 to 2025-04-06 00:00:00+00:00, run_after=2025-04-07 00:00:00+00:00
[2025-06-09T14:43:24.479+0000] {processor.py:208} INFO - Processing /opt/airflow/dags/dag_with_postgres_operator.py took 0.188 seconds
[2025-06-09T14:43:54.593+0000] {processor.py:186} INFO - Started process (PID=1487) to work on /opt/airflow/dags/dag_with_postgres_operator.py
[2025-06-09T14:43:54.595+0000] {processor.py:914} INFO - Processing file /opt/airflow/dags/dag_with_postgres_operator.py for tasks to queue
[2025-06-09T14:43:54.613+0000] {logging_mixin.py:190} INFO - [2025-06-09T14:43:54.612+0000] {dagbag.py:588} INFO - Filling up the DagBag from /opt/airflow/dags/dag_with_postgres_operator.py
[2025-06-09T14:43:54.657+0000] {processor.py:925} INFO - DAG(s) 'dag_with_postgres_operator_v05' retrieved from /opt/airflow/dags/dag_with_postgres_operator.py
[2025-06-09T14:43:54.702+0000] {logging_mixin.py:190} INFO - [2025-06-09T14:43:54.700+0000] {dag.py:3239} INFO - Sync 1 DAGs
[2025-06-09T14:43:54.758+0000] {logging_mixin.py:190} INFO - [2025-06-09T14:43:54.757+0000] {dag.py:4180} INFO - Setting next_dagrun for dag_with_postgres_operator_v05 to 2025-04-06 00:00:00+00:00, run_after=2025-04-07 00:00:00+00:00
[2025-06-09T14:43:54.794+0000] {processor.py:208} INFO - Processing /opt/airflow/dags/dag_with_postgres_operator.py took 0.219 seconds
[2025-06-09T14:44:25.011+0000] {processor.py:186} INFO - Started process (PID=1543) to work on /opt/airflow/dags/dag_with_postgres_operator.py
[2025-06-09T14:44:25.013+0000] {processor.py:914} INFO - Processing file /opt/airflow/dags/dag_with_postgres_operator.py for tasks to queue
[2025-06-09T14:44:25.018+0000] {logging_mixin.py:190} INFO - [2025-06-09T14:44:25.017+0000] {dagbag.py:588} INFO - Filling up the DagBag from /opt/airflow/dags/dag_with_postgres_operator.py
[2025-06-09T14:44:25.052+0000] {processor.py:925} INFO - DAG(s) 'dag_with_postgres_operator_v05' retrieved from /opt/airflow/dags/dag_with_postgres_operator.py
[2025-06-09T14:44:25.090+0000] {logging_mixin.py:190} INFO - [2025-06-09T14:44:25.090+0000] {dag.py:3239} INFO - Sync 1 DAGs
[2025-06-09T14:44:25.131+0000] {logging_mixin.py:190} INFO - [2025-06-09T14:44:25.131+0000] {dag.py:4180} INFO - Setting next_dagrun for dag_with_postgres_operator_v05 to 2025-04-06 00:00:00+00:00, run_after=2025-04-07 00:00:00+00:00
[2025-06-09T14:44:25.167+0000] {processor.py:208} INFO - Processing /opt/airflow/dags/dag_with_postgres_operator.py took 0.166 seconds
[2025-06-09T14:44:55.637+0000] {processor.py:186} INFO - Started process (PID=1599) to work on /opt/airflow/dags/dag_with_postgres_operator.py
[2025-06-09T14:44:55.639+0000] {processor.py:914} INFO - Processing file /opt/airflow/dags/dag_with_postgres_operator.py for tasks to queue
[2025-06-09T14:44:55.646+0000] {logging_mixin.py:190} INFO - [2025-06-09T14:44:55.645+0000] {dagbag.py:588} INFO - Filling up the DagBag from /opt/airflow/dags/dag_with_postgres_operator.py
[2025-06-09T14:44:55.686+0000] {processor.py:925} INFO - DAG(s) 'dag_with_postgres_operator_v05' retrieved from /opt/airflow/dags/dag_with_postgres_operator.py
[2025-06-09T14:44:55.744+0000] {logging_mixin.py:190} INFO - [2025-06-09T14:44:55.743+0000] {dag.py:3239} INFO - Sync 1 DAGs
[2025-06-09T14:44:55.795+0000] {logging_mixin.py:190} INFO - [2025-06-09T14:44:55.795+0000] {dag.py:4180} INFO - Setting next_dagrun for dag_with_postgres_operator_v05 to 2025-04-06 00:00:00+00:00, run_after=2025-04-07 00:00:00+00:00
[2025-06-09T14:44:55.847+0000] {processor.py:208} INFO - Processing /opt/airflow/dags/dag_with_postgres_operator.py took 0.220 seconds
[2025-06-09T14:45:26.693+0000] {processor.py:186} INFO - Started process (PID=1657) to work on /opt/airflow/dags/dag_with_postgres_operator.py
[2025-06-09T14:45:26.695+0000] {processor.py:914} INFO - Processing file /opt/airflow/dags/dag_with_postgres_operator.py for tasks to queue
[2025-06-09T14:45:26.700+0000] {logging_mixin.py:190} INFO - [2025-06-09T14:45:26.699+0000] {dagbag.py:588} INFO - Filling up the DagBag from /opt/airflow/dags/dag_with_postgres_operator.py
[2025-06-09T14:45:26.743+0000] {processor.py:925} INFO - DAG(s) 'dag_with_postgres_operator_v05' retrieved from /opt/airflow/dags/dag_with_postgres_operator.py
[2025-06-09T14:45:26.791+0000] {logging_mixin.py:190} INFO - [2025-06-09T14:45:26.791+0000] {dag.py:3239} INFO - Sync 1 DAGs
[2025-06-09T14:45:26.861+0000] {logging_mixin.py:190} INFO - [2025-06-09T14:45:26.861+0000] {dag.py:4180} INFO - Setting next_dagrun for dag_with_postgres_operator_v05 to 2025-04-06 00:00:00+00:00, run_after=2025-04-07 00:00:00+00:00
[2025-06-09T14:45:26.918+0000] {processor.py:208} INFO - Processing /opt/airflow/dags/dag_with_postgres_operator.py took 0.235 seconds
