[2025-03-29T14:58:22.711+0000] {local_task_job_runner.py:123} INFO - ::group::Pre task execution logs
[2025-03-29T14:58:22.805+0000] {taskinstance.py:2613} INFO - Dependencies all met for dep_context=non-requeueable deps ti=<TaskInstance: fist_dag_v5.first_task scheduled__2025-03-09T00:00:00+00:00 [queued]>
[2025-03-29T14:58:22.837+0000] {taskinstance.py:2613} INFO - Dependencies all met for dep_context=requeueable deps ti=<TaskInstance: fist_dag_v5.first_task scheduled__2025-03-09T00:00:00+00:00 [queued]>
[2025-03-29T14:58:22.839+0000] {taskinstance.py:2866} INFO - Starting attempt 1 of 6
[2025-03-29T14:58:23.198+0000] {taskinstance.py:2889} INFO - Executing <Task(BashOperator): first_task> on 2025-03-09 00:00:00+00:00
[2025-03-29T14:58:23.231+0000] {logging_mixin.py:190} WARNING - /home/***/.local/lib/python3.12/site-packages/***/task/task_runner/standard_task_runner.py:70 DeprecationWarning: This process (pid=1937) is multi-threaded, use of fork() may lead to deadlocks in the child.
[2025-03-29T14:58:23.248+0000] {standard_task_runner.py:72} INFO - Started process 1960 to run task
[2025-03-29T14:58:23.235+0000] {standard_task_runner.py:104} INFO - Running: ['***', 'tasks', 'run', 'fist_dag_v5', 'first_task', 'scheduled__2025-03-09T00:00:00+00:00', '--job-id', '620', '--raw', '--subdir', 'DAGS_FOLDER/first_dag.py', '--cfg-path', '/tmp/tmpat61v9sh']
[2025-03-29T14:58:23.257+0000] {standard_task_runner.py:105} INFO - Job 620: Subtask first_task
[2025-03-29T14:58:23.502+0000] {task_command.py:467} INFO - Running <TaskInstance: fist_dag_v5.first_task scheduled__2025-03-09T00:00:00+00:00 [running]> on host ba06481f48a9
[2025-03-29T14:58:23.899+0000] {taskinstance.py:3132} INFO - Exporting env vars: AIRFLOW_CTX_DAG_OWNER='coder2j' AIRFLOW_CTX_DAG_ID='fist_dag_v5' AIRFLOW_CTX_TASK_ID='first_task' AIRFLOW_CTX_EXECUTION_DATE='2025-03-09T00:00:00+00:00' AIRFLOW_CTX_TRY_NUMBER='1' AIRFLOW_CTX_DAG_RUN_ID='scheduled__2025-03-09T00:00:00+00:00'
[2025-03-29T14:58:23.902+0000] {taskinstance.py:731} INFO - ::endgroup::
[2025-03-29T14:58:24.029+0000] {subprocess.py:78} INFO - Tmp dir root location: /tmp
[2025-03-29T14:58:24.065+0000] {subprocess.py:88} INFO - Running command: ['/usr/bin/bash', '-c', 'echo hello world, this is the first task!']
[2025-03-29T14:58:24.129+0000] {subprocess.py:99} INFO - Output:
[2025-03-29T14:58:24.168+0000] {subprocess.py:106} INFO - hello world, this is the first task!
[2025-03-29T14:58:24.184+0000] {subprocess.py:110} INFO - Command exited with return code 0
[2025-03-29T14:58:24.347+0000] {taskinstance.py:340} INFO - ::group::Post task execution logs
[2025-03-29T14:58:24.358+0000] {taskinstance.py:352} INFO - Marking task as SUCCESS. dag_id=fist_dag_v5, task_id=first_task, run_id=scheduled__2025-03-09T00:00:00+00:00, execution_date=20250309T000000, start_date=20250329T145822, end_date=20250329T145824
[2025-03-29T14:58:24.513+0000] {local_task_job_runner.py:266} INFO - Task exited with return code 0
[2025-03-29T14:58:24.609+0000] {local_task_job_runner.py:245} INFO - ::endgroup::
