[2025-04-08T11:38:42.093+0000] {local_task_job_runner.py:123} INFO - ::group::Pre task execution logs
[2025-04-08T11:38:42.120+0000] {taskinstance.py:2613} INFO - Dependencies all met for dep_context=non-requeueable deps ti=<TaskInstance: dag_with_postgres_hooks_v01.postgres_to_s3 scheduled__2025-04-07T00:00:00+00:00 [queued]>
[2025-04-08T11:38:42.139+0000] {taskinstance.py:2613} INFO - Dependencies all met for dep_context=requeueable deps ti=<TaskInstance: dag_with_postgres_hooks_v01.postgres_to_s3 scheduled__2025-04-07T00:00:00+00:00 [queued]>
[2025-04-08T11:38:42.140+0000] {taskinstance.py:2866} INFO - Starting attempt 3 of 8
[2025-04-08T11:38:42.170+0000] {taskinstance.py:2889} INFO - Executing <Task(PythonOperator): postgres_to_s3> on 2025-04-07 00:00:00+00:00
[2025-04-08T11:38:42.181+0000] {standard_task_runner.py:104} INFO - Running: ['***', 'tasks', 'run', 'dag_with_postgres_hooks_v01', 'postgres_to_s3', 'scheduled__2025-04-07T00:00:00+00:00', '--job-id', '1010', '--raw', '--subdir', 'DAGS_FOLDER/dag_with_postgres_hooks.py', '--cfg-path', '/tmp/tmp1_u16yq_']
[2025-04-08T11:38:42.184+0000] {standard_task_runner.py:105} INFO - Job 1010: Subtask postgres_to_s3
[2025-04-08T11:38:42.186+0000] {logging_mixin.py:190} WARNING - /home/***/.local/lib/python3.12/site-packages/***/task/task_runner/standard_task_runner.py:70 DeprecationWarning: This process (pid=14430) is multi-threaded, use of fork() may lead to deadlocks in the child.
[2025-04-08T11:38:42.187+0000] {standard_task_runner.py:72} INFO - Started process 14434 to run task
[2025-04-08T11:38:42.258+0000] {task_command.py:467} INFO - Running <TaskInstance: dag_with_postgres_hooks_v01.postgres_to_s3 scheduled__2025-04-07T00:00:00+00:00 [running]> on host e9ff53ca7e24
[2025-04-08T11:38:42.387+0000] {taskinstance.py:3132} INFO - Exporting env vars: AIRFLOW_CTX_DAG_OWNER='acilrestu12' AIRFLOW_CTX_DAG_ID='dag_with_postgres_hooks_v01' AIRFLOW_CTX_TASK_ID='postgres_to_s3' AIRFLOW_CTX_EXECUTION_DATE='2025-04-07T00:00:00+00:00' AIRFLOW_CTX_TRY_NUMBER='3' AIRFLOW_CTX_DAG_RUN_ID='scheduled__2025-04-07T00:00:00+00:00'
[2025-04-08T11:38:42.388+0000] {taskinstance.py:731} INFO - ::endgroup::
[2025-04-08T11:38:42.425+0000] {base.py:84} INFO - Retrieving connection 'postgres_localhost'
[2025-04-08T11:38:42.459+0000] {dag_with_postgres_hooks.py:29} INFO - Saved orders data in the file get_orders.txt
[2025-04-08T11:38:42.461+0000] {python.py:240} INFO - Done. Returned value was: None
[2025-04-08T11:38:42.481+0000] {taskinstance.py:340} INFO - ::group::Post task execution logs
[2025-04-08T11:38:42.483+0000] {taskinstance.py:352} INFO - Marking task as SUCCESS. dag_id=dag_with_postgres_hooks_v01, task_id=postgres_to_s3, run_id=scheduled__2025-04-07T00:00:00+00:00, execution_date=20250407T000000, start_date=20250408T113842, end_date=20250408T113842
[2025-04-08T11:38:42.526+0000] {local_task_job_runner.py:266} INFO - Task exited with return code 0
[2025-04-08T11:38:42.547+0000] {taskinstance.py:3895} INFO - 0 downstream tasks scheduled from follow-on schedule check
[2025-04-08T11:38:42.551+0000] {local_task_job_runner.py:245} INFO - ::endgroup::
