[2024-12-10T08:43:27.649+0000] {local_task_job_runner.py:123} INFO - ::group::Pre task execution logs
[2024-12-10T08:43:27.879+0000] {taskinstance.py:2613} INFO - Dependencies all met for dep_context=non-requeueable deps ti=<TaskInstance: fist_dag_v5.third_task scheduled__2024-12-05T00:00:00+00:00 [queued]>
[2024-12-10T08:43:27.990+0000] {taskinstance.py:2613} INFO - Dependencies all met for dep_context=requeueable deps ti=<TaskInstance: fist_dag_v5.third_task scheduled__2024-12-05T00:00:00+00:00 [queued]>
[2024-12-10T08:43:28.033+0000] {taskinstance.py:2866} INFO - Starting attempt 1 of 6
[2024-12-10T08:43:28.744+0000] {taskinstance.py:2889} INFO - Executing <Task(BashOperator): third_task> on 2024-12-05 00:00:00+00:00
[2024-12-10T08:43:28.814+0000] {logging_mixin.py:190} WARNING - /home/***/.local/lib/python3.12/site-packages/***/task/task_runner/standard_task_runner.py:70 DeprecationWarning: This process (pid=300) is multi-threaded, use of fork() may lead to deadlocks in the child.
[2024-12-10T08:43:28.823+0000] {standard_task_runner.py:72} INFO - Started process 325 to run task
[2024-12-10T08:43:28.855+0000] {standard_task_runner.py:104} INFO - Running: ['***', 'tasks', 'run', 'fist_dag_v5', 'third_task', 'scheduled__2024-12-05T00:00:00+00:00', '--job-id', '65', '--raw', '--subdir', 'DAGS_FOLDER/first_dag.py', '--cfg-path', '/tmp/tmpvuyboe7q']
[2024-12-10T08:43:28.873+0000] {standard_task_runner.py:105} INFO - Job 65: Subtask third_task
[2024-12-10T08:43:29.727+0000] {task_command.py:467} INFO - Running <TaskInstance: fist_dag_v5.third_task scheduled__2024-12-05T00:00:00+00:00 [running]> on host ba06481f48a9
[2024-12-10T08:43:30.718+0000] {taskinstance.py:3132} INFO - Exporting env vars: AIRFLOW_CTX_DAG_OWNER='coder2j' AIRFLOW_CTX_DAG_ID='fist_dag_v5' AIRFLOW_CTX_TASK_ID='third_task' AIRFLOW_CTX_EXECUTION_DATE='2024-12-05T00:00:00+00:00' AIRFLOW_CTX_TRY_NUMBER='1' AIRFLOW_CTX_DAG_RUN_ID='scheduled__2024-12-05T00:00:00+00:00'
[2024-12-10T08:43:30.794+0000] {taskinstance.py:731} INFO - ::endgroup::
[2024-12-10T08:43:30.975+0000] {subprocess.py:78} INFO - Tmp dir root location: /tmp
[2024-12-10T08:43:30.988+0000] {subprocess.py:88} INFO - Running command: ['/usr/bin/bash', '-c', 'echo hello, i am task3 and will be running after task1!']
[2024-12-10T08:43:31.114+0000] {subprocess.py:99} INFO - Output:
[2024-12-10T08:43:31.130+0000] {subprocess.py:106} INFO - hello, i am task3 and will be running after task1!
[2024-12-10T08:43:31.133+0000] {subprocess.py:110} INFO - Command exited with return code 0
[2024-12-10T08:43:31.343+0000] {taskinstance.py:340} INFO - ::group::Post task execution logs
[2024-12-10T08:43:31.357+0000] {taskinstance.py:352} INFO - Marking task as SUCCESS. dag_id=fist_dag_v5, task_id=third_task, run_id=scheduled__2024-12-05T00:00:00+00:00, execution_date=20241205T000000, start_date=20241210T084327, end_date=20241210T084331
[2024-12-10T08:43:31.613+0000] {local_task_job_runner.py:266} INFO - Task exited with return code 0
[2024-12-10T08:43:32.070+0000] {local_task_job_runner.py:245} INFO - ::endgroup::
