[2024-11-27T08:57:54.938+0000] {local_task_job_runner.py:123} INFO - ::group::Pre task execution logs
[2024-11-27T08:57:54.966+0000] {taskinstance.py:2613} INFO - Dependencies all met for dep_context=non-requeueable deps ti=<TaskInstance: fist_dag_v3.first_task manual__2024-11-27T08:57:53.600269+00:00 [queued]>
[2024-11-27T08:57:54.981+0000] {taskinstance.py:2613} INFO - Dependencies all met for dep_context=requeueable deps ti=<TaskInstance: fist_dag_v3.first_task manual__2024-11-27T08:57:53.600269+00:00 [queued]>
[2024-11-27T08:57:54.982+0000] {taskinstance.py:2866} INFO - Starting attempt 1 of 6
[2024-11-27T08:57:55.006+0000] {taskinstance.py:2889} INFO - Executing <Task(BashOperator): first_task> on 2024-11-27 08:57:53.600269+00:00
[2024-11-27T08:57:55.019+0000] {logging_mixin.py:190} WARNING - /home/***/.local/lib/python3.12/site-packages/***/task/task_runner/standard_task_runner.py:70 DeprecationWarning: This process (pid=955) is multi-threaded, use of fork() may lead to deadlocks in the child.
[2024-11-27T08:57:55.018+0000] {standard_task_runner.py:104} INFO - Running: ['***', 'tasks', 'run', 'fist_dag_v3', 'first_task', 'manual__2024-11-27T08:57:53.600269+00:00', '--job-id', '7', '--raw', '--subdir', 'DAGS_FOLDER/first_dag.py', '--cfg-path', '/tmp/tmpkfsw2rm2']
[2024-11-27T08:57:55.021+0000] {standard_task_runner.py:72} INFO - Started process 956 to run task
[2024-11-27T08:57:55.021+0000] {standard_task_runner.py:105} INFO - Job 7: Subtask first_task
[2024-11-27T08:57:55.094+0000] {task_command.py:467} INFO - Running <TaskInstance: fist_dag_v3.first_task manual__2024-11-27T08:57:53.600269+00:00 [running]> on host ba06481f48a9
[2024-11-27T08:57:55.220+0000] {taskinstance.py:3132} INFO - Exporting env vars: AIRFLOW_CTX_DAG_OWNER='coder2j' AIRFLOW_CTX_DAG_ID='fist_dag_v3' AIRFLOW_CTX_TASK_ID='first_task' AIRFLOW_CTX_EXECUTION_DATE='2024-11-27T08:57:53.600269+00:00' AIRFLOW_CTX_TRY_NUMBER='1' AIRFLOW_CTX_DAG_RUN_ID='manual__2024-11-27T08:57:53.600269+00:00'
[2024-11-27T08:57:55.221+0000] {taskinstance.py:731} INFO - ::endgroup::
[2024-11-27T08:57:55.252+0000] {subprocess.py:78} INFO - Tmp dir root location: /tmp
[2024-11-27T08:57:55.254+0000] {subprocess.py:88} INFO - Running command: ['/usr/bin/bash', '-c', 'echo hello world, this is the first task!']
[2024-11-27T08:57:55.275+0000] {subprocess.py:99} INFO - Output:
[2024-11-27T08:57:55.279+0000] {subprocess.py:106} INFO - hello world, this is the first task!
[2024-11-27T08:57:55.280+0000] {subprocess.py:110} INFO - Command exited with return code 0
[2024-11-27T08:57:55.332+0000] {taskinstance.py:340} INFO - ::group::Post task execution logs
[2024-11-27T08:57:55.339+0000] {taskinstance.py:352} INFO - Marking task as SUCCESS. dag_id=fist_dag_v3, task_id=first_task, run_id=manual__2024-11-27T08:57:53.600269+00:00, execution_date=20241127T085753, start_date=20241127T085754, end_date=20241127T085755
[2024-11-27T08:57:55.439+0000] {local_task_job_runner.py:266} INFO - Task exited with return code 0
[2024-11-27T08:57:55.478+0000] {taskinstance.py:3895} INFO - 2 downstream tasks scheduled from follow-on schedule check
[2024-11-27T08:57:55.482+0000] {local_task_job_runner.py:245} INFO - ::endgroup::
