[2025-03-29T14:59:01.317+0000] {local_task_job_runner.py:123} INFO - ::group::Pre task execution logs
[2025-03-29T14:59:01.373+0000] {taskinstance.py:2613} INFO - Dependencies all met for dep_context=non-requeueable deps ti=<TaskInstance: fist_dag_v5.first_task scheduled__2025-03-27T00:00:00+00:00 [queued]>
[2025-03-29T14:59:01.406+0000] {taskinstance.py:2613} INFO - Dependencies all met for dep_context=requeueable deps ti=<TaskInstance: fist_dag_v5.first_task scheduled__2025-03-27T00:00:00+00:00 [queued]>
[2025-03-29T14:59:01.411+0000] {taskinstance.py:2866} INFO - Starting attempt 1 of 6
[2025-03-29T14:59:01.487+0000] {taskinstance.py:2889} INFO - Executing <Task(BashOperator): first_task> on 2025-03-27 00:00:00+00:00
[2025-03-29T14:59:01.530+0000] {logging_mixin.py:190} WARNING - /home/***/.local/lib/python3.12/site-packages/***/task/task_runner/standard_task_runner.py:70 DeprecationWarning: This process (pid=2331) is multi-threaded, use of fork() may lead to deadlocks in the child.
[2025-03-29T14:59:01.536+0000] {standard_task_runner.py:72} INFO - Started process 2351 to run task
[2025-03-29T14:59:01.543+0000] {standard_task_runner.py:104} INFO - Running: ['***', 'tasks', 'run', 'fist_dag_v5', 'first_task', 'scheduled__2025-03-27T00:00:00+00:00', '--job-id', '728', '--raw', '--subdir', 'DAGS_FOLDER/first_dag.py', '--cfg-path', '/tmp/tmppkaooo3y']
[2025-03-29T14:59:01.555+0000] {standard_task_runner.py:105} INFO - Job 728: Subtask first_task
[2025-03-29T14:59:01.809+0000] {task_command.py:467} INFO - Running <TaskInstance: fist_dag_v5.first_task scheduled__2025-03-27T00:00:00+00:00 [running]> on host ba06481f48a9
[2025-03-29T14:59:02.215+0000] {taskinstance.py:3132} INFO - Exporting env vars: AIRFLOW_CTX_DAG_OWNER='coder2j' AIRFLOW_CTX_DAG_ID='fist_dag_v5' AIRFLOW_CTX_TASK_ID='first_task' AIRFLOW_CTX_EXECUTION_DATE='2025-03-27T00:00:00+00:00' AIRFLOW_CTX_TRY_NUMBER='1' AIRFLOW_CTX_DAG_RUN_ID='scheduled__2025-03-27T00:00:00+00:00'
[2025-03-29T14:59:02.225+0000] {taskinstance.py:731} INFO - ::endgroup::
[2025-03-29T14:59:02.291+0000] {subprocess.py:78} INFO - Tmp dir root location: /tmp
[2025-03-29T14:59:02.298+0000] {subprocess.py:88} INFO - Running command: ['/usr/bin/bash', '-c', 'echo hello world, this is the first task!']
[2025-03-29T14:59:02.372+0000] {subprocess.py:99} INFO - Output:
[2025-03-29T14:59:02.388+0000] {subprocess.py:106} INFO - hello world, this is the first task!
[2025-03-29T14:59:02.389+0000] {subprocess.py:110} INFO - Command exited with return code 0
[2025-03-29T14:59:02.551+0000] {taskinstance.py:340} INFO - ::group::Post task execution logs
[2025-03-29T14:59:02.553+0000] {taskinstance.py:352} INFO - Marking task as SUCCESS. dag_id=fist_dag_v5, task_id=first_task, run_id=scheduled__2025-03-27T00:00:00+00:00, execution_date=20250327T000000, start_date=20250329T145901, end_date=20250329T145902
[2025-03-29T14:59:02.896+0000] {local_task_job_runner.py:266} INFO - Task exited with return code 0
[2025-03-29T14:59:03.025+0000] {taskinstance.py:3895} INFO - 2 downstream tasks scheduled from follow-on schedule check
[2025-03-29T14:59:03.043+0000] {local_task_job_runner.py:245} INFO - ::endgroup::
