[2025-04-02T20:29:52.408+0000] {local_task_job_runner.py:123} INFO - ::group::Pre task execution logs
[2025-04-02T20:29:52.461+0000] {taskinstance.py:2613} INFO - Dependencies all met for dep_context=non-requeueable deps ti=<TaskInstance: dag_with_cron_expression_v03.task1 scheduled__2025-03-25T03:10:00+00:00 [queued]>
[2025-04-02T20:29:52.507+0000] {taskinstance.py:2613} INFO - Dependencies all met for dep_context=requeueable deps ti=<TaskInstance: dag_with_cron_expression_v03.task1 scheduled__2025-03-25T03:10:00+00:00 [queued]>
[2025-04-02T20:29:52.510+0000] {taskinstance.py:2866} INFO - Starting attempt 1 of 6
[2025-04-02T20:29:52.681+0000] {taskinstance.py:2889} INFO - Executing <Task(BashOperator): task1> on 2025-03-25 03:10:00+00:00
[2025-04-02T20:29:52.709+0000] {logging_mixin.py:190} WARNING - /home/***/.local/lib/python3.12/site-packages/***/task/task_runner/standard_task_runner.py:70 DeprecationWarning: This process (pid=689) is multi-threaded, use of fork() may lead to deadlocks in the child.
[2025-04-02T20:29:52.713+0000] {standard_task_runner.py:72} INFO - Started process 698 to run task
[2025-04-02T20:29:52.714+0000] {standard_task_runner.py:104} INFO - Running: ['***', 'tasks', 'run', 'dag_with_cron_expression_v03', 'task1', 'scheduled__2025-03-25T03:10:00+00:00', '--job-id', '838', '--raw', '--subdir', 'DAGS_FOLDER/dag_with_cron_expression.py', '--cfg-path', '/tmp/tmpoixqvt1l']
[2025-04-02T20:29:52.723+0000] {standard_task_runner.py:105} INFO - Job 838: Subtask task1
[2025-04-02T20:29:52.893+0000] {task_command.py:467} INFO - Running <TaskInstance: dag_with_cron_expression_v03.task1 scheduled__2025-03-25T03:10:00+00:00 [running]> on host ba06481f48a9
[2025-04-02T20:29:53.323+0000] {taskinstance.py:3132} INFO - Exporting env vars: AIRFLOW_CTX_DAG_OWNER='acilrestu12' AIRFLOW_CTX_DAG_ID='dag_with_cron_expression_v03' AIRFLOW_CTX_TASK_ID='task1' AIRFLOW_CTX_EXECUTION_DATE='2025-03-25T03:10:00+00:00' AIRFLOW_CTX_TRY_NUMBER='1' AIRFLOW_CTX_DAG_RUN_ID='scheduled__2025-03-25T03:10:00+00:00'
[2025-04-02T20:29:53.334+0000] {taskinstance.py:731} INFO - ::endgroup::
[2025-04-02T20:29:53.419+0000] {subprocess.py:78} INFO - Tmp dir root location: /tmp
[2025-04-02T20:29:53.423+0000] {subprocess.py:88} INFO - Running command: ['/usr/bin/bash', '-c', 'echo "DAG with cron expression executed"']
[2025-04-02T20:29:53.460+0000] {subprocess.py:99} INFO - Output:
[2025-04-02T20:29:53.463+0000] {subprocess.py:106} INFO - DAG with cron expression executed
[2025-04-02T20:29:53.465+0000] {subprocess.py:110} INFO - Command exited with return code 0
[2025-04-02T20:29:53.534+0000] {taskinstance.py:340} INFO - ::group::Post task execution logs
[2025-04-02T20:29:53.536+0000] {taskinstance.py:352} INFO - Marking task as SUCCESS. dag_id=dag_with_cron_expression_v03, task_id=task1, run_id=scheduled__2025-03-25T03:10:00+00:00, execution_date=20250325T031000, start_date=20250402T202952, end_date=20250402T202953
[2025-04-02T20:29:53.632+0000] {local_task_job_runner.py:266} INFO - Task exited with return code 0
[2025-04-02T20:29:53.664+0000] {taskinstance.py:3895} INFO - 0 downstream tasks scheduled from follow-on schedule check
[2025-04-02T20:29:53.670+0000] {local_task_job_runner.py:245} INFO - ::endgroup::
