[2025-04-04T23:21:51.386+0000] {local_task_job_runner.py:123} INFO - ::group::Pre task execution logs
[2025-04-04T23:21:51.451+0000] {taskinstance.py:2613} INFO - Dependencies all met for dep_context=non-requeueable deps ti=<TaskInstance: dag_with_postgres_operator_v05.create_postgre_stable scheduled__2025-04-03T00:00:00+00:00 [queued]>
[2025-04-04T23:21:51.497+0000] {taskinstance.py:2613} INFO - Dependencies all met for dep_context=requeueable deps ti=<TaskInstance: dag_with_postgres_operator_v05.create_postgre_stable scheduled__2025-04-03T00:00:00+00:00 [queued]>
[2025-04-04T23:21:51.500+0000] {taskinstance.py:2866} INFO - Starting attempt 1 of 6
[2025-04-04T23:21:51.548+0000] {taskinstance.py:2889} INFO - Executing <Task(PostgresOperator): create_postgre_stable> on 2025-04-03 00:00:00+00:00
[2025-04-04T23:21:51.569+0000] {standard_task_runner.py:104} INFO - Running: ['***', 'tasks', 'run', 'dag_with_postgres_operator_v05', 'create_postgre_stable', 'scheduled__2025-04-03T00:00:00+00:00', '--job-id', '877', '--raw', '--subdir', 'DAGS_FOLDER/dag_with_postgres_operator.py', '--cfg-path', '/tmp/tmp2ax8uock']
[2025-04-04T23:21:51.582+0000] {logging_mixin.py:190} WARNING - /home/***/.local/lib/python3.12/site-packages/***/task/task_runner/standard_task_runner.py:70 DeprecationWarning: This process (pid=1982) is multi-threaded, use of fork() may lead to deadlocks in the child.
[2025-04-04T23:21:51.592+0000] {standard_task_runner.py:105} INFO - Job 877: Subtask create_postgre_stable
[2025-04-04T23:21:51.593+0000] {standard_task_runner.py:72} INFO - Started process 1990 to run task
[2025-04-04T23:21:51.720+0000] {task_command.py:467} INFO - Running <TaskInstance: dag_with_postgres_operator_v05.create_postgre_stable scheduled__2025-04-03T00:00:00+00:00 [running]> on host ba06481f48a9
[2025-04-04T23:21:51.931+0000] {taskinstance.py:3132} INFO - Exporting env vars: AIRFLOW_CTX_DAG_OWNER='acilrestu12' AIRFLOW_CTX_DAG_ID='dag_with_postgres_operator_v05' AIRFLOW_CTX_TASK_ID='create_postgre_stable' AIRFLOW_CTX_EXECUTION_DATE='2025-04-03T00:00:00+00:00' AIRFLOW_CTX_TRY_NUMBER='1' AIRFLOW_CTX_DAG_RUN_ID='scheduled__2025-04-03T00:00:00+00:00'
[2025-04-04T23:21:51.932+0000] {taskinstance.py:731} INFO - ::endgroup::
[2025-04-04T23:21:51.974+0000] {sql.py:278} INFO - Executing: 
            CREATE TABLE IF NOT EXISTS dag_runs (
                dt date,
                dag_id character varying(250),
                run_id character varying(250),
                primary key (dt, dag_id)
            );
        
[2025-04-04T23:21:51.995+0000] {base.py:84} INFO - Retrieving connection 'postgres_localhost'
[2025-04-04T23:21:52.023+0000] {base.py:84} INFO - Retrieving connection 'postgres_localhost'
[2025-04-04T23:21:52.044+0000] {sql.py:544} INFO - Running statement: 
            CREATE TABLE IF NOT EXISTS dag_runs (
                dt date,
                dag_id character varying(250),
                run_id character varying(250),
                primary key (dt, dag_id)
            );
        , parameters: None
[2025-04-04T23:21:52.077+0000] {taskinstance.py:340} INFO - ::group::Post task execution logs
[2025-04-04T23:21:52.079+0000] {taskinstance.py:352} INFO - Marking task as SUCCESS. dag_id=dag_with_postgres_operator_v05, task_id=create_postgre_stable, run_id=scheduled__2025-04-03T00:00:00+00:00, execution_date=20250403T000000, start_date=20250404T232151, end_date=20250404T232152
[2025-04-04T23:21:52.138+0000] {local_task_job_runner.py:266} INFO - Task exited with return code 0
[2025-04-04T23:21:52.159+0000] {local_task_job_runner.py:245} INFO - ::endgroup::
