[2024-12-10T08:43:35.539+0000] {local_task_job_runner.py:123} INFO - ::group::Pre task execution logs
[2024-12-10T08:43:35.644+0000] {taskinstance.py:2613} INFO - Dependencies all met for dep_context=non-requeueable deps ti=<TaskInstance: fist_dag_v5.second_task scheduled__2024-12-08T00:00:00+00:00 [queued]>
[2024-12-10T08:43:35.706+0000] {taskinstance.py:2613} INFO - Dependencies all met for dep_context=requeueable deps ti=<TaskInstance: fist_dag_v5.second_task scheduled__2024-12-08T00:00:00+00:00 [queued]>
[2024-12-10T08:43:35.708+0000] {taskinstance.py:2866} INFO - Starting attempt 1 of 6
[2024-12-10T08:43:35.792+0000] {taskinstance.py:2889} INFO - Executing <Task(BashOperator): second_task> on 2024-12-08 00:00:00+00:00
[2024-12-10T08:43:35.833+0000] {logging_mixin.py:190} WARNING - /home/***/.local/lib/python3.12/site-packages/***/task/task_runner/standard_task_runner.py:70 DeprecationWarning: This process (pid=356) is multi-threaded, use of fork() may lead to deadlocks in the child.
[2024-12-10T08:43:35.821+0000] {standard_task_runner.py:104} INFO - Running: ['***', 'tasks', 'run', 'fist_dag_v5', 'second_task', 'scheduled__2024-12-08T00:00:00+00:00', '--job-id', '73', '--raw', '--subdir', 'DAGS_FOLDER/first_dag.py', '--cfg-path', '/tmp/tmp3lowjtyt']
[2024-12-10T08:43:35.837+0000] {standard_task_runner.py:72} INFO - Started process 370 to run task
[2024-12-10T08:43:35.838+0000] {standard_task_runner.py:105} INFO - Job 73: Subtask second_task
[2024-12-10T08:43:36.017+0000] {task_command.py:467} INFO - Running <TaskInstance: fist_dag_v5.second_task scheduled__2024-12-08T00:00:00+00:00 [running]> on host ba06481f48a9
[2024-12-10T08:43:36.431+0000] {taskinstance.py:3132} INFO - Exporting env vars: AIRFLOW_CTX_DAG_OWNER='coder2j' AIRFLOW_CTX_DAG_ID='fist_dag_v5' AIRFLOW_CTX_TASK_ID='second_task' AIRFLOW_CTX_EXECUTION_DATE='2024-12-08T00:00:00+00:00' AIRFLOW_CTX_TRY_NUMBER='1' AIRFLOW_CTX_DAG_RUN_ID='scheduled__2024-12-08T00:00:00+00:00'
[2024-12-10T08:43:36.439+0000] {taskinstance.py:731} INFO - ::endgroup::
[2024-12-10T08:43:36.559+0000] {subprocess.py:78} INFO - Tmp dir root location: /tmp
[2024-12-10T08:43:36.563+0000] {subprocess.py:88} INFO - Running command: ['/usr/bin/bash', '-c', 'echo hey, i am task2 and will be running after task1!']
[2024-12-10T08:43:36.625+0000] {subprocess.py:99} INFO - Output:
[2024-12-10T08:43:36.635+0000] {subprocess.py:106} INFO - hey, i am task2 and will be running after task1!
[2024-12-10T08:43:36.636+0000] {subprocess.py:110} INFO - Command exited with return code 0
[2024-12-10T08:43:36.734+0000] {taskinstance.py:340} INFO - ::group::Post task execution logs
[2024-12-10T08:43:36.737+0000] {taskinstance.py:352} INFO - Marking task as SUCCESS. dag_id=fist_dag_v5, task_id=second_task, run_id=scheduled__2024-12-08T00:00:00+00:00, execution_date=20241208T000000, start_date=20241210T084335, end_date=20241210T084336
[2024-12-10T08:43:36.847+0000] {local_task_job_runner.py:266} INFO - Task exited with return code 0
[2024-12-10T08:43:36.897+0000] {taskinstance.py:3895} INFO - 0 downstream tasks scheduled from follow-on schedule check
[2024-12-10T08:43:36.907+0000] {local_task_job_runner.py:245} INFO - ::endgroup::
