[2024-12-10T08:43:26.012+0000] {local_task_job_runner.py:123} INFO - ::group::Pre task execution logs
[2024-12-10T08:43:26.213+0000] {taskinstance.py:2613} INFO - Dependencies all met for dep_context=non-requeueable deps ti=<TaskInstance: fist_dag_v5.second_task scheduled__2024-12-02T00:00:00+00:00 [queued]>
[2024-12-10T08:43:26.315+0000] {taskinstance.py:2613} INFO - Dependencies all met for dep_context=requeueable deps ti=<TaskInstance: fist_dag_v5.second_task scheduled__2024-12-02T00:00:00+00:00 [queued]>
[2024-12-10T08:43:26.333+0000] {taskinstance.py:2866} INFO - Starting attempt 1 of 6
[2024-12-10T08:43:26.989+0000] {taskinstance.py:2889} INFO - Executing <Task(BashOperator): second_task> on 2024-12-02 00:00:00+00:00
[2024-12-10T08:43:27.139+0000] {logging_mixin.py:190} WARNING - /home/***/.local/lib/python3.12/site-packages/***/task/task_runner/standard_task_runner.py:70 DeprecationWarning: This process (pid=281) is multi-threaded, use of fork() may lead to deadlocks in the child.
[2024-12-10T08:43:27.203+0000] {standard_task_runner.py:72} INFO - Started process 312 to run task
[2024-12-10T08:43:27.256+0000] {standard_task_runner.py:104} INFO - Running: ['***', 'tasks', 'run', 'fist_dag_v5', 'second_task', 'scheduled__2024-12-02T00:00:00+00:00', '--job-id', '62', '--raw', '--subdir', 'DAGS_FOLDER/first_dag.py', '--cfg-path', '/tmp/tmp7wqetcl8']
[2024-12-10T08:43:27.301+0000] {standard_task_runner.py:105} INFO - Job 62: Subtask second_task
[2024-12-10T08:43:28.050+0000] {task_command.py:467} INFO - Running <TaskInstance: fist_dag_v5.second_task scheduled__2024-12-02T00:00:00+00:00 [running]> on host ba06481f48a9
[2024-12-10T08:43:28.861+0000] {taskinstance.py:3132} INFO - Exporting env vars: AIRFLOW_CTX_DAG_OWNER='coder2j' AIRFLOW_CTX_DAG_ID='fist_dag_v5' AIRFLOW_CTX_TASK_ID='second_task' AIRFLOW_CTX_EXECUTION_DATE='2024-12-02T00:00:00+00:00' AIRFLOW_CTX_TRY_NUMBER='1' AIRFLOW_CTX_DAG_RUN_ID='scheduled__2024-12-02T00:00:00+00:00'
[2024-12-10T08:43:28.880+0000] {taskinstance.py:731} INFO - ::endgroup::
[2024-12-10T08:43:29.150+0000] {subprocess.py:78} INFO - Tmp dir root location: /tmp
[2024-12-10T08:43:29.166+0000] {subprocess.py:88} INFO - Running command: ['/usr/bin/bash', '-c', 'echo hey, i am task2 and will be running after task1!']
[2024-12-10T08:43:29.312+0000] {subprocess.py:99} INFO - Output:
[2024-12-10T08:43:29.332+0000] {subprocess.py:106} INFO - hey, i am task2 and will be running after task1!
[2024-12-10T08:43:29.346+0000] {subprocess.py:110} INFO - Command exited with return code 0
[2024-12-10T08:43:29.834+0000] {taskinstance.py:340} INFO - ::group::Post task execution logs
[2024-12-10T08:43:29.862+0000] {taskinstance.py:352} INFO - Marking task as SUCCESS. dag_id=fist_dag_v5, task_id=second_task, run_id=scheduled__2024-12-02T00:00:00+00:00, execution_date=20241202T000000, start_date=20241210T084326, end_date=20241210T084329
[2024-12-10T08:43:30.103+0000] {local_task_job_runner.py:266} INFO - Task exited with return code 0
[2024-12-10T08:43:30.271+0000] {taskinstance.py:3895} INFO - 0 downstream tasks scheduled from follow-on schedule check
[2024-12-10T08:43:30.341+0000] {local_task_job_runner.py:245} INFO - ::endgroup::
