[2024-12-17T01:30:51.659+0000] {local_task_job_runner.py:123} INFO - ::group::Pre task execution logs
[2024-12-17T01:30:51.788+0000] {taskinstance.py:2613} INFO - Dependencies all met for dep_context=non-requeueable deps ti=<TaskInstance: fist_dag_v5.third_task scheduled__2024-12-12T00:00:00+00:00 [queued]>
[2024-12-17T01:30:51.907+0000] {taskinstance.py:2613} INFO - Dependencies all met for dep_context=requeueable deps ti=<TaskInstance: fist_dag_v5.third_task scheduled__2024-12-12T00:00:00+00:00 [queued]>
[2024-12-17T01:30:51.917+0000] {taskinstance.py:2866} INFO - Starting attempt 1 of 6
[2024-12-17T01:30:52.482+0000] {taskinstance.py:2889} INFO - Executing <Task(BashOperator): third_task> on 2024-12-12 00:00:00+00:00
[2024-12-17T01:30:52.582+0000] {logging_mixin.py:190} WARNING - /home/***/.local/lib/python3.12/site-packages/***/task/task_runner/standard_task_runner.py:70 DeprecationWarning: This process (pid=265) is multi-threaded, use of fork() may lead to deadlocks in the child.
[2024-12-17T01:30:52.594+0000] {standard_task_runner.py:72} INFO - Started process 287 to run task
[2024-12-17T01:30:52.596+0000] {standard_task_runner.py:104} INFO - Running: ['***', 'tasks', 'run', 'fist_dag_v5', 'third_task', 'scheduled__2024-12-12T00:00:00+00:00', '--job-id', '109', '--raw', '--subdir', 'DAGS_FOLDER/first_dag.py', '--cfg-path', '/tmp/tmp05l7e1q4']
[2024-12-17T01:30:52.601+0000] {standard_task_runner.py:105} INFO - Job 109: Subtask third_task
[2024-12-17T01:30:53.222+0000] {task_command.py:467} INFO - Running <TaskInstance: fist_dag_v5.third_task scheduled__2024-12-12T00:00:00+00:00 [running]> on host ba06481f48a9
[2024-12-17T01:30:53.775+0000] {taskinstance.py:3132} INFO - Exporting env vars: AIRFLOW_CTX_DAG_OWNER='coder2j' AIRFLOW_CTX_DAG_ID='fist_dag_v5' AIRFLOW_CTX_TASK_ID='third_task' AIRFLOW_CTX_EXECUTION_DATE='2024-12-12T00:00:00+00:00' AIRFLOW_CTX_TRY_NUMBER='1' AIRFLOW_CTX_DAG_RUN_ID='scheduled__2024-12-12T00:00:00+00:00'
[2024-12-17T01:30:53.784+0000] {taskinstance.py:731} INFO - ::endgroup::
[2024-12-17T01:30:54.021+0000] {subprocess.py:78} INFO - Tmp dir root location: /tmp
[2024-12-17T01:30:54.040+0000] {subprocess.py:88} INFO - Running command: ['/usr/bin/bash', '-c', 'echo hello, i am task3 and will be running after task1!']
[2024-12-17T01:30:54.170+0000] {subprocess.py:99} INFO - Output:
[2024-12-17T01:30:54.196+0000] {subprocess.py:106} INFO - hello, i am task3 and will be running after task1!
[2024-12-17T01:30:54.199+0000] {subprocess.py:110} INFO - Command exited with return code 0
[2024-12-17T01:30:54.532+0000] {taskinstance.py:340} INFO - ::group::Post task execution logs
[2024-12-17T01:30:54.547+0000] {taskinstance.py:352} INFO - Marking task as SUCCESS. dag_id=fist_dag_v5, task_id=third_task, run_id=scheduled__2024-12-12T00:00:00+00:00, execution_date=20241212T000000, start_date=20241217T013051, end_date=20241217T013054
[2024-12-17T01:30:54.907+0000] {local_task_job_runner.py:266} INFO - Task exited with return code 0
[2024-12-17T01:30:55.165+0000] {taskinstance.py:3895} INFO - 0 downstream tasks scheduled from follow-on schedule check
[2024-12-17T01:30:55.205+0000] {local_task_job_runner.py:245} INFO - ::endgroup::
