[2025-04-04T23:20:26.208+0000] {local_task_job_runner.py:123} INFO - ::group::Pre task execution logs
[2025-04-04T23:20:26.248+0000] {taskinstance.py:2613} INFO - Dependencies all met for dep_context=non-requeueable deps ti=<TaskInstance: dag_with_postgres_operator_v04.create_postgre_stable scheduled__2025-04-03T00:00:00+00:00 [queued]>
[2025-04-04T23:20:26.272+0000] {taskinstance.py:2613} INFO - Dependencies all met for dep_context=requeueable deps ti=<TaskInstance: dag_with_postgres_operator_v04.create_postgre_stable scheduled__2025-04-03T00:00:00+00:00 [queued]>
[2025-04-04T23:20:26.273+0000] {taskinstance.py:2866} INFO - Starting attempt 3 of 8
[2025-04-04T23:20:26.309+0000] {taskinstance.py:2889} INFO - Executing <Task(PostgresOperator): create_postgre_stable> on 2025-04-03 00:00:00+00:00
[2025-04-04T23:20:26.322+0000] {standard_task_runner.py:104} INFO - Running: ['***', 'tasks', 'run', 'dag_with_postgres_operator_v04', 'create_postgre_stable', 'scheduled__2025-04-03T00:00:00+00:00', '--job-id', '872', '--raw', '--subdir', 'DAGS_FOLDER/dag_with_postgres_operator.py', '--cfg-path', '/tmp/tmpcogomaro']
[2025-04-04T23:20:26.326+0000] {logging_mixin.py:190} WARNING - /home/***/.local/lib/python3.12/site-packages/***/task/task_runner/standard_task_runner.py:70 DeprecationWarning: This process (pid=1853) is multi-threaded, use of fork() may lead to deadlocks in the child.
[2025-04-04T23:20:26.326+0000] {standard_task_runner.py:105} INFO - Job 872: Subtask create_postgre_stable
[2025-04-04T23:20:26.328+0000] {standard_task_runner.py:72} INFO - Started process 1854 to run task
[2025-04-04T23:20:26.424+0000] {task_command.py:467} INFO - Running <TaskInstance: dag_with_postgres_operator_v04.create_postgre_stable scheduled__2025-04-03T00:00:00+00:00 [running]> on host ba06481f48a9
[2025-04-04T23:20:26.616+0000] {taskinstance.py:3132} INFO - Exporting env vars: AIRFLOW_CTX_DAG_OWNER='acilrestu12' AIRFLOW_CTX_DAG_ID='dag_with_postgres_operator_v04' AIRFLOW_CTX_TASK_ID='create_postgre_stable' AIRFLOW_CTX_EXECUTION_DATE='2025-04-03T00:00:00+00:00' AIRFLOW_CTX_TRY_NUMBER='3' AIRFLOW_CTX_DAG_RUN_ID='scheduled__2025-04-03T00:00:00+00:00'
[2025-04-04T23:20:26.618+0000] {taskinstance.py:731} INFO - ::endgroup::
[2025-04-04T23:20:26.651+0000] {sql.py:278} INFO - Executing: 
            CREATE TABLE IF NOT EXISTS dag_runs (
                dt date,
                dag_id character varying(250),
                run_id character varying(250),
                primary key (dt, dag_id)
            );
        
[2025-04-04T23:20:26.666+0000] {base.py:84} INFO - Retrieving connection 'postgres_localhost'
[2025-04-04T23:20:26.684+0000] {base.py:84} INFO - Retrieving connection 'postgres_localhost'
[2025-04-04T23:20:26.705+0000] {sql.py:544} INFO - Running statement: 
            CREATE TABLE IF NOT EXISTS dag_runs (
                dt date,
                dag_id character varying(250),
                run_id character varying(250),
                primary key (dt, dag_id)
            );
        , parameters: None
[2025-04-04T23:20:26.732+0000] {taskinstance.py:340} INFO - ::group::Post task execution logs
[2025-04-04T23:20:26.733+0000] {taskinstance.py:352} INFO - Marking task as SUCCESS. dag_id=dag_with_postgres_operator_v04, task_id=create_postgre_stable, run_id=scheduled__2025-04-03T00:00:00+00:00, execution_date=20250403T000000, start_date=20250404T232026, end_date=20250404T232026
[2025-04-04T23:20:26.788+0000] {local_task_job_runner.py:266} INFO - Task exited with return code 0
[2025-04-04T23:20:26.821+0000] {taskinstance.py:3895} INFO - 1 downstream tasks scheduled from follow-on schedule check
[2025-04-04T23:20:26.826+0000] {local_task_job_runner.py:245} INFO - ::endgroup::
