[2025-04-02T20:29:55.824+0000] {local_task_job_runner.py:123} INFO - ::group::Pre task execution logs
[2025-04-02T20:29:55.868+0000] {taskinstance.py:2613} INFO - Dependencies all met for dep_context=non-requeueable deps ti=<TaskInstance: dag_with_cron_expression_v03.task1 scheduled__2025-04-01T02:10:00+00:00 [queued]>
[2025-04-02T20:29:55.898+0000] {taskinstance.py:2613} INFO - Dependencies all met for dep_context=requeueable deps ti=<TaskInstance: dag_with_cron_expression_v03.task1 scheduled__2025-04-01T02:10:00+00:00 [queued]>
[2025-04-02T20:29:55.903+0000] {taskinstance.py:2866} INFO - Starting attempt 1 of 6
[2025-04-02T20:29:55.961+0000] {taskinstance.py:2889} INFO - Executing <Task(BashOperator): task1> on 2025-04-01 02:10:00+00:00
[2025-04-02T20:29:55.976+0000] {logging_mixin.py:190} WARNING - /home/***/.local/lib/python3.12/site-packages/***/task/task_runner/standard_task_runner.py:70 DeprecationWarning: This process (pid=716) is multi-threaded, use of fork() may lead to deadlocks in the child.
[2025-04-02T20:29:55.976+0000] {standard_task_runner.py:104} INFO - Running: ['***', 'tasks', 'run', 'dag_with_cron_expression_v03', 'task1', 'scheduled__2025-04-01T02:10:00+00:00', '--job-id', '843', '--raw', '--subdir', 'DAGS_FOLDER/dag_with_cron_expression.py', '--cfg-path', '/tmp/tmp0r6pzx__']
[2025-04-02T20:29:55.979+0000] {standard_task_runner.py:72} INFO - Started process 718 to run task
[2025-04-02T20:29:55.980+0000] {standard_task_runner.py:105} INFO - Job 843: Subtask task1
[2025-04-02T20:29:56.095+0000] {task_command.py:467} INFO - Running <TaskInstance: dag_with_cron_expression_v03.task1 scheduled__2025-04-01T02:10:00+00:00 [running]> on host ba06481f48a9
[2025-04-02T20:29:56.264+0000] {taskinstance.py:3132} INFO - Exporting env vars: AIRFLOW_CTX_DAG_OWNER='acilrestu12' AIRFLOW_CTX_DAG_ID='dag_with_cron_expression_v03' AIRFLOW_CTX_TASK_ID='task1' AIRFLOW_CTX_EXECUTION_DATE='2025-04-01T02:10:00+00:00' AIRFLOW_CTX_TRY_NUMBER='1' AIRFLOW_CTX_DAG_RUN_ID='scheduled__2025-04-01T02:10:00+00:00'
[2025-04-02T20:29:56.265+0000] {taskinstance.py:731} INFO - ::endgroup::
[2025-04-02T20:29:56.290+0000] {subprocess.py:78} INFO - Tmp dir root location: /tmp
[2025-04-02T20:29:56.292+0000] {subprocess.py:88} INFO - Running command: ['/usr/bin/bash', '-c', 'echo "DAG with cron expression executed"']
[2025-04-02T20:29:56.313+0000] {subprocess.py:99} INFO - Output:
[2025-04-02T20:29:56.316+0000] {subprocess.py:106} INFO - DAG with cron expression executed
[2025-04-02T20:29:56.317+0000] {subprocess.py:110} INFO - Command exited with return code 0
[2025-04-02T20:29:56.359+0000] {taskinstance.py:340} INFO - ::group::Post task execution logs
[2025-04-02T20:29:56.361+0000] {taskinstance.py:352} INFO - Marking task as SUCCESS. dag_id=dag_with_cron_expression_v03, task_id=task1, run_id=scheduled__2025-04-01T02:10:00+00:00, execution_date=20250401T021000, start_date=20250402T202955, end_date=20250402T202956
[2025-04-02T20:29:56.439+0000] {local_task_job_runner.py:266} INFO - Task exited with return code 0
[2025-04-02T20:29:56.469+0000] {taskinstance.py:3895} INFO - 0 downstream tasks scheduled from follow-on schedule check
[2025-04-02T20:29:56.473+0000] {local_task_job_runner.py:245} INFO - ::endgroup::
