[2025-04-06T02:56:18.369+0000] {local_task_job_runner.py:123} INFO - ::group::Pre task execution logs
[2025-04-06T02:56:18.397+0000] {taskinstance.py:2613} INFO - Dependencies all met for dep_context=non-requeueable deps ti=<TaskInstance: dag_with_postgres_operator_v05.insert_into_table scheduled__2025-04-04T00:00:00+00:00 [queued]>
[2025-04-06T02:56:18.416+0000] {taskinstance.py:2613} INFO - Dependencies all met for dep_context=requeueable deps ti=<TaskInstance: dag_with_postgres_operator_v05.insert_into_table scheduled__2025-04-04T00:00:00+00:00 [queued]>
[2025-04-06T02:56:18.417+0000] {taskinstance.py:2866} INFO - Starting attempt 1 of 6
[2025-04-06T02:56:18.441+0000] {taskinstance.py:2889} INFO - Executing <Task(PostgresOperator): insert_into_table> on 2025-04-04 00:00:00+00:00
[2025-04-06T02:56:18.455+0000] {logging_mixin.py:190} WARNING - /home/***/.local/lib/python3.12/site-packages/***/task/task_runner/standard_task_runner.py:70 DeprecationWarning: This process (pid=216) is multi-threaded, use of fork() may lead to deadlocks in the child.
[2025-04-06T02:56:18.453+0000] {standard_task_runner.py:104} INFO - Running: ['***', 'tasks', 'run', 'dag_with_postgres_operator_v05', 'insert_into_table', 'scheduled__2025-04-04T00:00:00+00:00', '--job-id', '894', '--raw', '--subdir', 'DAGS_FOLDER/dag_with_postgres_operator.py', '--cfg-path', '/tmp/tmpgdil6a2a']
[2025-04-06T02:56:18.456+0000] {standard_task_runner.py:105} INFO - Job 894: Subtask insert_into_table
[2025-04-06T02:56:18.456+0000] {standard_task_runner.py:72} INFO - Started process 218 to run task
[2025-04-06T02:56:18.536+0000] {task_command.py:467} INFO - Running <TaskInstance: dag_with_postgres_operator_v05.insert_into_table scheduled__2025-04-04T00:00:00+00:00 [running]> on host ba06481f48a9
[2025-04-06T02:56:18.707+0000] {taskinstance.py:3132} INFO - Exporting env vars: AIRFLOW_CTX_DAG_OWNER='acilrestu12' AIRFLOW_CTX_DAG_ID='dag_with_postgres_operator_v05' AIRFLOW_CTX_TASK_ID='insert_into_table' AIRFLOW_CTX_EXECUTION_DATE='2025-04-04T00:00:00+00:00' AIRFLOW_CTX_TRY_NUMBER='1' AIRFLOW_CTX_DAG_RUN_ID='scheduled__2025-04-04T00:00:00+00:00'
[2025-04-06T02:56:18.709+0000] {taskinstance.py:731} INFO - ::endgroup::
[2025-04-06T02:56:18.742+0000] {sql.py:278} INFO - Executing: 
            INSERT INTO dag_runs (dt, dag_id, run_id)
            VALUES ('2025-04-04', 'dag_with_postgres_operator_v05', 'scheduled__2025-04-04T00:00:00+00:00');
        
[2025-04-06T02:56:18.758+0000] {base.py:84} INFO - Retrieving connection 'postgres_localhost'
[2025-04-06T02:56:18.775+0000] {base.py:84} INFO - Retrieving connection 'postgres_localhost'
[2025-04-06T02:56:18.793+0000] {sql.py:544} INFO - Running statement: 
            INSERT INTO dag_runs (dt, dag_id, run_id)
            VALUES ('2025-04-04', 'dag_with_postgres_operator_v05', 'scheduled__2025-04-04T00:00:00+00:00');
        , parameters: None
[2025-04-06T02:56:18.801+0000] {sql.py:553} INFO - Rows affected: 1
[2025-04-06T02:56:18.834+0000] {taskinstance.py:340} INFO - ::group::Post task execution logs
[2025-04-06T02:56:18.836+0000] {taskinstance.py:352} INFO - Marking task as SUCCESS. dag_id=dag_with_postgres_operator_v05, task_id=insert_into_table, run_id=scheduled__2025-04-04T00:00:00+00:00, execution_date=20250404T000000, start_date=20250406T025618, end_date=20250406T025618
[2025-04-06T02:56:18.876+0000] {local_task_job_runner.py:266} INFO - Task exited with return code 0
[2025-04-06T02:56:18.909+0000] {taskinstance.py:3895} INFO - 0 downstream tasks scheduled from follow-on schedule check
[2025-04-06T02:56:18.916+0000] {local_task_job_runner.py:245} INFO - ::endgroup::
