[2025-04-02T20:01:37.652+0000] {local_task_job_runner.py:123} INFO - ::group::Pre task execution logs
[2025-04-02T20:01:37.706+0000] {taskinstance.py:2613} INFO - Dependencies all met for dep_context=non-requeueable deps ti=<TaskInstance: dag_with_catchup_backfill_v01.task1 scheduled__2025-04-01T00:00:00+00:00 [queued]>
[2025-04-02T20:01:37.737+0000] {taskinstance.py:2613} INFO - Dependencies all met for dep_context=requeueable deps ti=<TaskInstance: dag_with_catchup_backfill_v01.task1 scheduled__2025-04-01T00:00:00+00:00 [queued]>
[2025-04-02T20:01:37.739+0000] {taskinstance.py:2866} INFO - Starting attempt 1 of 6
[2025-04-02T20:01:37.778+0000] {taskinstance.py:2889} INFO - Executing <Task(BashOperator): task1> on 2025-04-01 00:00:00+00:00
[2025-04-02T20:01:37.795+0000] {logging_mixin.py:190} WARNING - /home/***/.local/lib/python3.12/site-packages/***/task/task_runner/standard_task_runner.py:70 DeprecationWarning: This process (pid=527) is multi-threaded, use of fork() may lead to deadlocks in the child.
[2025-04-02T20:01:37.797+0000] {standard_task_runner.py:72} INFO - Started process 532 to run task
[2025-04-02T20:01:37.793+0000] {standard_task_runner.py:104} INFO - Running: ['***', 'tasks', 'run', 'dag_with_catchup_backfill_v01', 'task1', 'scheduled__2025-04-01T00:00:00+00:00', '--job-id', '794', '--raw', '--subdir', 'DAGS_FOLDER/dag_with_catchup_and_backfill.py', '--cfg-path', '/tmp/tmpdyllllog']
[2025-04-02T20:01:37.801+0000] {standard_task_runner.py:105} INFO - Job 794: Subtask task1
[2025-04-02T20:01:37.994+0000] {task_command.py:467} INFO - Running <TaskInstance: dag_with_catchup_backfill_v01.task1 scheduled__2025-04-01T00:00:00+00:00 [running]> on host ba06481f48a9
[2025-04-02T20:01:38.234+0000] {taskinstance.py:3132} INFO - Exporting env vars: AIRFLOW_CTX_DAG_OWNER='acilrestu12' AIRFLOW_CTX_DAG_ID='dag_with_catchup_backfill_v01' AIRFLOW_CTX_TASK_ID='task1' AIRFLOW_CTX_EXECUTION_DATE='2025-04-01T00:00:00+00:00' AIRFLOW_CTX_TRY_NUMBER='1' AIRFLOW_CTX_DAG_RUN_ID='scheduled__2025-04-01T00:00:00+00:00'
[2025-04-02T20:01:38.236+0000] {taskinstance.py:731} INFO - ::endgroup::
[2025-04-02T20:01:38.260+0000] {subprocess.py:78} INFO - Tmp dir root location: /tmp
[2025-04-02T20:01:38.262+0000] {subprocess.py:88} INFO - Running command: ['/usr/bin/bash', '-c', 'echo "Task 1 executed"']
[2025-04-02T20:01:38.277+0000] {subprocess.py:99} INFO - Output:
[2025-04-02T20:01:38.278+0000] {subprocess.py:106} INFO - Task 1 executed
[2025-04-02T20:01:38.279+0000] {subprocess.py:110} INFO - Command exited with return code 0
[2025-04-02T20:01:38.315+0000] {taskinstance.py:340} INFO - ::group::Post task execution logs
[2025-04-02T20:01:38.317+0000] {taskinstance.py:352} INFO - Marking task as SUCCESS. dag_id=dag_with_catchup_backfill_v01, task_id=task1, run_id=scheduled__2025-04-01T00:00:00+00:00, execution_date=20250401T000000, start_date=20250402T200137, end_date=20250402T200138
[2025-04-02T20:01:38.383+0000] {local_task_job_runner.py:266} INFO - Task exited with return code 0
[2025-04-02T20:01:38.404+0000] {taskinstance.py:3895} INFO - 0 downstream tasks scheduled from follow-on schedule check
[2025-04-02T20:01:38.408+0000] {local_task_job_runner.py:245} INFO - ::endgroup::
