[2024-12-18T03:08:32.158+0000] {local_task_job_runner.py:123} INFO - ::group::Pre task execution logs
[2024-12-18T03:08:32.236+0000] {taskinstance.py:2613} INFO - Dependencies all met for dep_context=non-requeueable deps ti=<TaskInstance: fist_dag_v5.third_task scheduled__2024-12-17T00:00:00+00:00 [queued]>
[2024-12-18T03:08:32.287+0000] {taskinstance.py:2613} INFO - Dependencies all met for dep_context=requeueable deps ti=<TaskInstance: fist_dag_v5.third_task scheduled__2024-12-17T00:00:00+00:00 [queued]>
[2024-12-18T03:08:32.293+0000] {taskinstance.py:2866} INFO - Starting attempt 1 of 6
[2024-12-18T03:08:32.343+0000] {taskinstance.py:2889} INFO - Executing <Task(BashOperator): third_task> on 2024-12-17 00:00:00+00:00
[2024-12-18T03:08:32.359+0000] {logging_mixin.py:190} WARNING - /home/***/.local/lib/python3.12/site-packages/***/task/task_runner/standard_task_runner.py:70 DeprecationWarning: This process (pid=196) is multi-threaded, use of fork() may lead to deadlocks in the child.
[2024-12-18T03:08:32.361+0000] {standard_task_runner.py:72} INFO - Started process 197 to run task
[2024-12-18T03:08:32.372+0000] {standard_task_runner.py:104} INFO - Running: ['***', 'tasks', 'run', 'fist_dag_v5', 'third_task', 'scheduled__2024-12-17T00:00:00+00:00', '--job-id', '129', '--raw', '--subdir', 'DAGS_FOLDER/first_dag.py', '--cfg-path', '/tmp/tmp00cl_yyi']
[2024-12-18T03:08:32.381+0000] {standard_task_runner.py:105} INFO - Job 129: Subtask third_task
[2024-12-18T03:08:32.616+0000] {task_command.py:467} INFO - Running <TaskInstance: fist_dag_v5.third_task scheduled__2024-12-17T00:00:00+00:00 [running]> on host ba06481f48a9
[2024-12-18T03:08:33.005+0000] {taskinstance.py:3132} INFO - Exporting env vars: AIRFLOW_CTX_DAG_OWNER='coder2j' AIRFLOW_CTX_DAG_ID='fist_dag_v5' AIRFLOW_CTX_TASK_ID='third_task' AIRFLOW_CTX_EXECUTION_DATE='2024-12-17T00:00:00+00:00' AIRFLOW_CTX_TRY_NUMBER='1' AIRFLOW_CTX_DAG_RUN_ID='scheduled__2024-12-17T00:00:00+00:00'
[2024-12-18T03:08:33.012+0000] {taskinstance.py:731} INFO - ::endgroup::
[2024-12-18T03:08:33.063+0000] {subprocess.py:78} INFO - Tmp dir root location: /tmp
[2024-12-18T03:08:33.072+0000] {subprocess.py:88} INFO - Running command: ['/usr/bin/bash', '-c', 'echo hello, i am task3 and will be running after task1!']
[2024-12-18T03:08:33.103+0000] {subprocess.py:99} INFO - Output:
[2024-12-18T03:08:33.111+0000] {subprocess.py:106} INFO - hello, i am task3 and will be running after task1!
[2024-12-18T03:08:33.114+0000] {subprocess.py:110} INFO - Command exited with return code 0
[2024-12-18T03:08:33.218+0000] {taskinstance.py:340} INFO - ::group::Post task execution logs
[2024-12-18T03:08:33.221+0000] {taskinstance.py:352} INFO - Marking task as SUCCESS. dag_id=fist_dag_v5, task_id=third_task, run_id=scheduled__2024-12-17T00:00:00+00:00, execution_date=20241217T000000, start_date=20241218T030832, end_date=20241218T030833
[2024-12-18T03:08:33.306+0000] {local_task_job_runner.py:266} INFO - Task exited with return code 0
[2024-12-18T03:08:33.328+0000] {local_task_job_runner.py:245} INFO - ::endgroup::
