[2025-04-01T08:48:50.603+0000] {local_task_job_runner.py:123} INFO - ::group::Pre task execution logs
[2025-04-01T08:48:50.891+0000] {taskinstance.py:2613} INFO - Dependencies all met for dep_context=non-requeueable deps ti=<TaskInstance: fist_dag_v5.first_task scheduled__2025-03-30T00:00:00+00:00 [queued]>
[2025-04-01T08:48:50.966+0000] {taskinstance.py:2613} INFO - Dependencies all met for dep_context=requeueable deps ti=<TaskInstance: fist_dag_v5.first_task scheduled__2025-03-30T00:00:00+00:00 [queued]>
[2025-04-01T08:48:50.997+0000] {taskinstance.py:2866} INFO - Starting attempt 1 of 6
[2025-04-01T08:48:51.288+0000] {taskinstance.py:2889} INFO - Executing <Task(BashOperator): first_task> on 2025-03-30 00:00:00+00:00
[2025-04-01T08:48:51.422+0000] {standard_task_runner.py:104} INFO - Running: ['***', 'tasks', 'run', 'fist_dag_v5', 'first_task', 'scheduled__2025-03-30T00:00:00+00:00', '--job-id', '754', '--raw', '--subdir', 'DAGS_FOLDER/first_dag.py', '--cfg-path', '/tmp/tmpcn_541ft']
[2025-04-01T08:48:51.474+0000] {standard_task_runner.py:105} INFO - Job 754: Subtask first_task
[2025-04-01T08:48:51.466+0000] {logging_mixin.py:190} WARNING - /home/***/.local/lib/python3.12/site-packages/***/task/task_runner/standard_task_runner.py:70 DeprecationWarning: This process (pid=200) is multi-threaded, use of fork() may lead to deadlocks in the child.
[2025-04-01T08:48:51.504+0000] {standard_task_runner.py:72} INFO - Started process 219 to run task
[2025-04-01T08:48:51.872+0000] {task_command.py:467} INFO - Running <TaskInstance: fist_dag_v5.first_task scheduled__2025-03-30T00:00:00+00:00 [running]> on host ba06481f48a9
[2025-04-01T08:48:52.489+0000] {taskinstance.py:3132} INFO - Exporting env vars: AIRFLOW_CTX_DAG_OWNER='coder2j' AIRFLOW_CTX_DAG_ID='fist_dag_v5' AIRFLOW_CTX_TASK_ID='first_task' AIRFLOW_CTX_EXECUTION_DATE='2025-03-30T00:00:00+00:00' AIRFLOW_CTX_TRY_NUMBER='1' AIRFLOW_CTX_DAG_RUN_ID='scheduled__2025-03-30T00:00:00+00:00'
[2025-04-01T08:48:52.491+0000] {taskinstance.py:731} INFO - ::endgroup::
[2025-04-01T08:48:52.637+0000] {subprocess.py:78} INFO - Tmp dir root location: /tmp
[2025-04-01T08:48:52.641+0000] {subprocess.py:88} INFO - Running command: ['/usr/bin/bash', '-c', 'echo hello world, this is the first task!']
[2025-04-01T08:48:52.770+0000] {subprocess.py:99} INFO - Output:
[2025-04-01T08:48:52.784+0000] {subprocess.py:106} INFO - hello world, this is the first task!
[2025-04-01T08:48:52.797+0000] {subprocess.py:110} INFO - Command exited with return code 0
[2025-04-01T08:48:53.005+0000] {taskinstance.py:340} INFO - ::group::Post task execution logs
[2025-04-01T08:48:53.033+0000] {taskinstance.py:352} INFO - Marking task as SUCCESS. dag_id=fist_dag_v5, task_id=first_task, run_id=scheduled__2025-03-30T00:00:00+00:00, execution_date=20250330T000000, start_date=20250401T084850, end_date=20250401T084853
[2025-04-01T08:48:53.181+0000] {local_task_job_runner.py:266} INFO - Task exited with return code 0
[2025-04-01T08:48:53.240+0000] {local_task_job_runner.py:245} INFO - ::endgroup::
