[2025-04-08T10:04:05.073+0000] {local_task_job_runner.py:123} INFO - ::group::Pre task execution logs
[2025-04-08T10:04:05.164+0000] {taskinstance.py:2613} INFO - Dependencies all met for dep_context=non-requeueable deps ti=<TaskInstance: dag_with_minio_s3_v04.sensor_minio_s3 scheduled__2025-04-02T00:00:00+00:00 [queued]>
[2025-04-08T10:04:05.200+0000] {taskinstance.py:2613} INFO - Dependencies all met for dep_context=requeueable deps ti=<TaskInstance: dag_with_minio_s3_v04.sensor_minio_s3 scheduled__2025-04-02T00:00:00+00:00 [queued]>
[2025-04-08T10:04:05.201+0000] {taskinstance.py:2866} INFO - Starting attempt 1 of 6
[2025-04-08T10:04:05.993+0000] {taskinstance.py:2889} INFO - Executing <Task(S3KeySensor): sensor_minio_s3> on 2025-04-02 00:00:00+00:00
[2025-04-08T10:04:06.057+0000] {logging_mixin.py:190} WARNING - /home/***/.local/lib/python3.12/site-packages/***/task/task_runner/standard_task_runner.py:70 DeprecationWarning: This process (pid=5530) is multi-threaded, use of fork() may lead to deadlocks in the child.
[2025-04-08T10:04:06.077+0000] {standard_task_runner.py:72} INFO - Started process 5538 to run task
[2025-04-08T10:04:06.081+0000] {standard_task_runner.py:104} INFO - Running: ['***', 'tasks', 'run', 'dag_with_minio_s3_v04', 'sensor_minio_s3', 'scheduled__2025-04-02T00:00:00+00:00', '--job-id', '1000', '--raw', '--subdir', 'DAGS_FOLDER/dag_with_minio_s3.py', '--cfg-path', '/tmp/tmpm5ozw1ve']
[2025-04-08T10:04:06.097+0000] {standard_task_runner.py:105} INFO - Job 1000: Subtask sensor_minio_s3
[2025-04-08T10:04:06.361+0000] {task_command.py:467} INFO - Running <TaskInstance: dag_with_minio_s3_v04.sensor_minio_s3 scheduled__2025-04-02T00:00:00+00:00 [running]> on host e9ff53ca7e24
[2025-04-08T10:04:06.781+0000] {taskinstance.py:3132} INFO - Exporting env vars: AIRFLOW_CTX_DAG_OWNER='acilrest12' AIRFLOW_CTX_DAG_ID='dag_with_minio_s3_v04' AIRFLOW_CTX_TASK_ID='sensor_minio_s3' AIRFLOW_CTX_EXECUTION_DATE='2025-04-02T00:00:00+00:00' AIRFLOW_CTX_TRY_NUMBER='1' AIRFLOW_CTX_DAG_RUN_ID='scheduled__2025-04-02T00:00:00+00:00'
[2025-04-08T10:04:06.785+0000] {taskinstance.py:731} INFO - ::endgroup::
[2025-04-08T10:04:06.873+0000] {baseoperator.py:416} WARNING - S3KeySensor.execute cannot be called outside TaskInstance!
[2025-04-08T10:04:06.877+0000] {s3.py:116} INFO - Poking for key : s3://***/data.csv
[2025-04-08T10:04:06.952+0000] {base.py:84} INFO - Retrieving connection 'minio_conn'
[2025-04-08T10:04:06.965+0000] {connection_wrapper.py:325} INFO - AWS Connection (conn_id='minio_conn', conn_type='aws') credentials retrieved from login and password.
[2025-04-08T10:04:08.935+0000] {base.py:336} INFO - Success criteria met. Exiting.
[2025-04-08T10:04:09.022+0000] {taskinstance.py:340} INFO - ::group::Post task execution logs
[2025-04-08T10:04:09.024+0000] {taskinstance.py:352} INFO - Marking task as SUCCESS. dag_id=dag_with_minio_s3_v04, task_id=sensor_minio_s3, run_id=scheduled__2025-04-02T00:00:00+00:00, execution_date=20250402T000000, start_date=20250408T100405, end_date=20250408T100409
[2025-04-08T10:04:09.205+0000] {local_task_job_runner.py:266} INFO - Task exited with return code 0
[2025-04-08T10:04:09.267+0000] {local_task_job_runner.py:245} INFO - ::endgroup::
