[2024-12-10T08:43:20.375+0000] {local_task_job_runner.py:123} INFO - ::group::Pre task execution logs
[2024-12-10T08:43:20.582+0000] {taskinstance.py:2613} INFO - Dependencies all met for dep_context=non-requeueable deps ti=<TaskInstance: fist_dag_v5.third_task scheduled__2024-12-01T00:00:00+00:00 [queued]>
[2024-12-10T08:43:20.737+0000] {taskinstance.py:2613} INFO - Dependencies all met for dep_context=requeueable deps ti=<TaskInstance: fist_dag_v5.third_task scheduled__2024-12-01T00:00:00+00:00 [queued]>
[2024-12-10T08:43:20.751+0000] {taskinstance.py:2866} INFO - Starting attempt 1 of 6
[2024-12-10T08:43:21.029+0000] {taskinstance.py:2889} INFO - Executing <Task(BashOperator): third_task> on 2024-12-01 00:00:00+00:00
[2024-12-10T08:43:21.181+0000] {standard_task_runner.py:104} INFO - Running: ['***', 'tasks', 'run', 'fist_dag_v5', 'third_task', 'scheduled__2024-12-01T00:00:00+00:00', '--job-id', '44', '--raw', '--subdir', 'DAGS_FOLDER/first_dag.py', '--cfg-path', '/tmp/tmp4rjjat3_']
[2024-12-10T08:43:21.228+0000] {standard_task_runner.py:105} INFO - Job 44: Subtask third_task
[2024-12-10T08:43:21.224+0000] {logging_mixin.py:190} WARNING - /home/***/.local/lib/python3.12/site-packages/***/task/task_runner/standard_task_runner.py:70 DeprecationWarning: This process (pid=242) is multi-threaded, use of fork() may lead to deadlocks in the child.
[2024-12-10T08:43:21.270+0000] {standard_task_runner.py:72} INFO - Started process 263 to run task
[2024-12-10T08:43:21.708+0000] {task_command.py:467} INFO - Running <TaskInstance: fist_dag_v5.third_task scheduled__2024-12-01T00:00:00+00:00 [running]> on host ba06481f48a9
[2024-12-10T08:43:22.958+0000] {taskinstance.py:3132} INFO - Exporting env vars: AIRFLOW_CTX_DAG_OWNER='coder2j' AIRFLOW_CTX_DAG_ID='fist_dag_v5' AIRFLOW_CTX_TASK_ID='third_task' AIRFLOW_CTX_EXECUTION_DATE='2024-12-01T00:00:00+00:00' AIRFLOW_CTX_TRY_NUMBER='1' AIRFLOW_CTX_DAG_RUN_ID='scheduled__2024-12-01T00:00:00+00:00'
[2024-12-10T08:43:22.971+0000] {taskinstance.py:731} INFO - ::endgroup::
[2024-12-10T08:43:23.193+0000] {subprocess.py:78} INFO - Tmp dir root location: /tmp
[2024-12-10T08:43:23.265+0000] {subprocess.py:88} INFO - Running command: ['/usr/bin/bash', '-c', 'echo hello, i am task3 and will be running after task1!']
[2024-12-10T08:43:23.391+0000] {subprocess.py:99} INFO - Output:
[2024-12-10T08:43:23.455+0000] {subprocess.py:106} INFO - hello, i am task3 and will be running after task1!
[2024-12-10T08:43:23.590+0000] {subprocess.py:110} INFO - Command exited with return code 0
[2024-12-10T08:43:23.972+0000] {taskinstance.py:340} INFO - ::group::Post task execution logs
[2024-12-10T08:43:23.987+0000] {taskinstance.py:352} INFO - Marking task as SUCCESS. dag_id=fist_dag_v5, task_id=third_task, run_id=scheduled__2024-12-01T00:00:00+00:00, execution_date=20241201T000000, start_date=20241210T084320, end_date=20241210T084323
[2024-12-10T08:43:24.350+0000] {local_task_job_runner.py:266} INFO - Task exited with return code 0
[2024-12-10T08:43:24.542+0000] {taskinstance.py:3895} INFO - 0 downstream tasks scheduled from follow-on schedule check
[2024-12-10T08:43:24.569+0000] {local_task_job_runner.py:245} INFO - ::endgroup::
