[2025-04-06T02:56:15.689+0000] {local_task_job_runner.py:123} INFO - ::group::Pre task execution logs
[2025-04-06T02:56:15.728+0000] {taskinstance.py:2613} INFO - Dependencies all met for dep_context=non-requeueable deps ti=<TaskInstance: dag_with_postgres_operator_v05.create_postgre_stable scheduled__2025-04-05T00:00:00+00:00 [queued]>
[2025-04-06T02:56:15.749+0000] {taskinstance.py:2613} INFO - Dependencies all met for dep_context=requeueable deps ti=<TaskInstance: dag_with_postgres_operator_v05.create_postgre_stable scheduled__2025-04-05T00:00:00+00:00 [queued]>
[2025-04-06T02:56:15.753+0000] {taskinstance.py:2866} INFO - Starting attempt 1 of 6
[2025-04-06T02:56:15.793+0000] {taskinstance.py:2889} INFO - Executing <Task(PostgresOperator): create_postgre_stable> on 2025-04-05 00:00:00+00:00
[2025-04-06T02:56:15.804+0000] {standard_task_runner.py:104} INFO - Running: ['***', 'tasks', 'run', 'dag_with_postgres_operator_v05', 'create_postgre_stable', 'scheduled__2025-04-05T00:00:00+00:00', '--job-id', '890', '--raw', '--subdir', 'DAGS_FOLDER/dag_with_postgres_operator.py', '--cfg-path', '/tmp/tmp4dxeuci7']
[2025-04-06T02:56:15.806+0000] {logging_mixin.py:190} WARNING - /home/***/.local/lib/python3.12/site-packages/***/task/task_runner/standard_task_runner.py:70 DeprecationWarning: This process (pid=175) is multi-threaded, use of fork() may lead to deadlocks in the child.
[2025-04-06T02:56:15.808+0000] {standard_task_runner.py:105} INFO - Job 890: Subtask create_postgre_stable
[2025-04-06T02:56:15.808+0000] {standard_task_runner.py:72} INFO - Started process 191 to run task
[2025-04-06T02:56:15.901+0000] {task_command.py:467} INFO - Running <TaskInstance: dag_with_postgres_operator_v05.create_postgre_stable scheduled__2025-04-05T00:00:00+00:00 [running]> on host ba06481f48a9
[2025-04-06T02:56:16.143+0000] {taskinstance.py:3132} INFO - Exporting env vars: AIRFLOW_CTX_DAG_OWNER='acilrestu12' AIRFLOW_CTX_DAG_ID='dag_with_postgres_operator_v05' AIRFLOW_CTX_TASK_ID='create_postgre_stable' AIRFLOW_CTX_EXECUTION_DATE='2025-04-05T00:00:00+00:00' AIRFLOW_CTX_TRY_NUMBER='1' AIRFLOW_CTX_DAG_RUN_ID='scheduled__2025-04-05T00:00:00+00:00'
[2025-04-06T02:56:16.147+0000] {taskinstance.py:731} INFO - ::endgroup::
[2025-04-06T02:56:16.221+0000] {sql.py:278} INFO - Executing: 
            CREATE TABLE IF NOT EXISTS dag_runs (
                dt date,
                dag_id character varying(250),
                run_id character varying(250),
                primary key (dt, dag_id)
            );
        
[2025-04-06T02:56:16.280+0000] {base.py:84} INFO - Retrieving connection 'postgres_localhost'
[2025-04-06T02:56:16.321+0000] {base.py:84} INFO - Retrieving connection 'postgres_localhost'
[2025-04-06T02:56:16.376+0000] {sql.py:544} INFO - Running statement: 
            CREATE TABLE IF NOT EXISTS dag_runs (
                dt date,
                dag_id character varying(250),
                run_id character varying(250),
                primary key (dt, dag_id)
            );
        , parameters: None
[2025-04-06T02:56:16.426+0000] {taskinstance.py:340} INFO - ::group::Post task execution logs
[2025-04-06T02:56:16.428+0000] {taskinstance.py:352} INFO - Marking task as SUCCESS. dag_id=dag_with_postgres_operator_v05, task_id=create_postgre_stable, run_id=scheduled__2025-04-05T00:00:00+00:00, execution_date=20250405T000000, start_date=20250406T025615, end_date=20250406T025616
[2025-04-06T02:56:16.513+0000] {local_task_job_runner.py:266} INFO - Task exited with return code 0
[2025-04-06T02:56:16.536+0000] {local_task_job_runner.py:245} INFO - ::endgroup::
