[2025-03-29T14:58:45.193+0000] {local_task_job_runner.py:123} INFO - ::group::Pre task execution logs
[2025-03-29T14:58:45.383+0000] {taskinstance.py:2613} INFO - Dependencies all met for dep_context=non-requeueable deps ti=<TaskInstance: fist_dag_v5.second_task scheduled__2025-03-14T00:00:00+00:00 [queued]>
[2025-03-29T14:58:45.558+0000] {taskinstance.py:2613} INFO - Dependencies all met for dep_context=requeueable deps ti=<TaskInstance: fist_dag_v5.second_task scheduled__2025-03-14T00:00:00+00:00 [queued]>
[2025-03-29T14:58:45.565+0000] {taskinstance.py:2866} INFO - Starting attempt 1 of 6
[2025-03-29T14:58:46.275+0000] {taskinstance.py:2889} INFO - Executing <Task(BashOperator): second_task> on 2025-03-14 00:00:00+00:00
[2025-03-29T14:58:46.402+0000] {standard_task_runner.py:104} INFO - Running: ['***', 'tasks', 'run', 'fist_dag_v5', 'second_task', 'scheduled__2025-03-14T00:00:00+00:00', '--job-id', '681', '--raw', '--subdir', 'DAGS_FOLDER/first_dag.py', '--cfg-path', '/tmp/tmp1am43z3b']
[2025-03-29T14:58:46.393+0000] {logging_mixin.py:190} WARNING - /home/***/.local/lib/python3.12/site-packages/***/task/task_runner/standard_task_runner.py:70 DeprecationWarning: This process (pid=2143) is multi-threaded, use of fork() may lead to deadlocks in the child.
[2025-03-29T14:58:46.535+0000] {standard_task_runner.py:72} INFO - Started process 2170 to run task
[2025-03-29T14:58:46.525+0000] {standard_task_runner.py:105} INFO - Job 681: Subtask second_task
[2025-03-29T14:58:47.861+0000] {task_command.py:467} INFO - Running <TaskInstance: fist_dag_v5.second_task scheduled__2025-03-14T00:00:00+00:00 [running]> on host ba06481f48a9
[2025-03-29T14:58:49.296+0000] {taskinstance.py:3132} INFO - Exporting env vars: AIRFLOW_CTX_DAG_OWNER='coder2j' AIRFLOW_CTX_DAG_ID='fist_dag_v5' AIRFLOW_CTX_TASK_ID='second_task' AIRFLOW_CTX_EXECUTION_DATE='2025-03-14T00:00:00+00:00' AIRFLOW_CTX_TRY_NUMBER='1' AIRFLOW_CTX_DAG_RUN_ID='scheduled__2025-03-14T00:00:00+00:00'
[2025-03-29T14:58:49.318+0000] {taskinstance.py:731} INFO - ::endgroup::
[2025-03-29T14:58:49.628+0000] {subprocess.py:78} INFO - Tmp dir root location: /tmp
[2025-03-29T14:58:49.640+0000] {subprocess.py:88} INFO - Running command: ['/usr/bin/bash', '-c', 'echo hey, i am task2 and will be running after task1!']
[2025-03-29T14:58:49.774+0000] {subprocess.py:99} INFO - Output:
[2025-03-29T14:58:49.791+0000] {subprocess.py:106} INFO - hey, i am task2 and will be running after task1!
[2025-03-29T14:58:49.804+0000] {subprocess.py:110} INFO - Command exited with return code 0
[2025-03-29T14:58:50.099+0000] {taskinstance.py:340} INFO - ::group::Post task execution logs
[2025-03-29T14:58:50.119+0000] {taskinstance.py:352} INFO - Marking task as SUCCESS. dag_id=fist_dag_v5, task_id=second_task, run_id=scheduled__2025-03-14T00:00:00+00:00, execution_date=20250314T000000, start_date=20250329T145845, end_date=20250329T145850
[2025-03-29T14:58:50.408+0000] {local_task_job_runner.py:266} INFO - Task exited with return code 0
[2025-03-29T14:58:50.520+0000] {local_task_job_runner.py:245} INFO - ::endgroup::
